<?xml version="1.0" encoding="UTF-8"?>
<TestRun id="a83e1705-9190-4c91-96a1-f22fee7d04c5" name="Nghia@LAPTOP-A3HHO4HD 2022-04-05 14:08:10" runUser="LAPTOP-A3HHO4HD\Nghia" xmlns="http://microsoft.com/schemas/VisualStudio/TeamTest/2010">
  <TestSettings name="Local" id="92e0aab9-357e-4f55-813f-4245e4c39ce4">
    <Description>These are default test settings for a local test run.</Description>
    <Execution hostProcessPlatform="MSIL">
      <TestTypeSpecific>
        <UnitTestRunConfig testTypeId="13cdc9d9-ddb5-4fa4-a97d-d965ccfc6d4b">
          <AssemblyResolution>
            <TestDirectory useLoadContext="true" />
          </AssemblyResolution>
        </UnitTestRunConfig>
        <WebTestRunConfiguration testTypeId="4e7599fa-5ecb-43e9-a887-cd63cf72d207">
          <Browser name="Internet Explorer 9.0" MaxConnections="6">
            <Headers>
              <Header name="User-Agent" value="Mozilla/5.0 (compatible; MSIE 9.0; Windows NT 6.1; Trident/5.0)" />
              <Header name="Accept" value="*/*" />
              <Header name="Accept-Language" value="{{$IEAcceptLanguage}}" />
              <Header name="Accept-Encoding" value="GZIP" />
            </Headers>
          </Browser>
        </WebTestRunConfiguration>
      </TestTypeSpecific>
      <AgentRule name="LocalMachineDefaultRole">
      </AgentRule>
    </Execution>
    <Deployment runDeploymentRoot="Nghia_LAPTOP-A3HHO4HD 2022-04-05 14_08_10" />
    <Properties>
      <Property name="TestSettingsUIType" value="UnitTest" />
    </Properties>
  </TestSettings>
  <Times creation="2022-04-05T14:08:10.7845514+07:00" queuing="2022-04-05T14:08:11.4184040+07:00" start="2022-04-05T14:08:11.6114398+07:00" finish="2022-04-05T14:08:12.2093338+07:00" />
  <ResultSummary outcome="NotRunnable">
    <Counters total="1" error="0" failed="0" timeout="0" aborted="0" inconclusive="0" passedButRunAborted="0" notRunnable="1" notExecuted="0" disconnected="0" warning="0" passed="0" completed="0" inProgress="0" pending="0" />
  </ResultSummary>
  <TestDefinitions>
    <WebTest name="WebTest1" storage="c:\users\nghia\source\repos\webandloadtestproject1\webandloadtestproject1\webtest1.webtest" id="5a5b3894-1bff-446a-a3cc-80df37982a2f" persistedWebTest="77u/PD94bWwgdmVyc2lvbj0iMS4wIiBlbmNvZGluZz0iVVRGLTgiIHN0YW5kYWxvbmU9InllcyI/Pg0KPFdlYlRlc3QgTmFtZT0iV2ViVGVzdDEiIElkPSI1YTViMzg5NC0xYmZmLTQ0NmEtYTNjYy04MGRmMzc5ODJhMmYiIE93bmVyPSIiIFByaW9yaXR5PSIyMTQ3NDgzNjQ3IiBFbmFibGVkPSJUcnVlIiBDc3NQcm9qZWN0U3RydWN0dXJlPSIiIENzc0l0ZXJhdGlvbj0iIiBUaW1lb3V0PSIwIiBXb3JrSXRlbUlkcz0iIiB4bWxucz0iaHR0cDovL21pY3Jvc29mdC5jb20vc2NoZW1hcy9WaXN1YWxTdHVkaW8vVGVhbVRlc3QvMjAxMCIgRGVzY3JpcHRpb249IiIgQ3JlZGVudGlhbFVzZXJOYW1lPSIiIENyZWRlbnRpYWxQYXNzd29yZD0iIiBQcmVBdXRoZW50aWNhdGU9IlRydWUiIFByb3h5PSJkZWZhdWx0IiBTdG9wT25FcnJvcj0iRmFsc2UiIFJlY29yZGVkUmVzdWx0RmlsZT0iV2ViVGVzdDEuZDcxNjk2ODItNGNkZi00YjRiLTk4MzQtNzliYWQ0NDliNjViLnJlYy53ZWJ0ZXN0cmVzdWx0IiBSZXN1bHRzTG9jYWxlPSIiPg0KICA8SXRlbXM+DQogICAgPFJlcXVlc3QgTWV0aG9kPSJHRVQiIEd1aWQ9ImI0OWQ1NjJhLWYzZGMtNGM1OS1hM2Y1LTdiODM0ZTJlZjAwMCIgVmVyc2lvbj0iMS4xIiBVcmw9Imh0dHBzOi8vYXBpLmJpbmcuY29tL3FzbWwuYXNweCIgVGhpbmtUaW1lPSIyIiBUaW1lb3V0PSIzMDAiIFBhcnNlRGVwZW5kZW50UmVxdWVzdHM9IlRydWUiIEZvbGxvd1JlZGlyZWN0cz0iVHJ1ZSIgUmVjb3JkUmVzdWx0PSJUcnVlIiBDYWNoZT0iRmFsc2UiIFJlc3BvbnNlVGltZUdvYWw9IjAiIEVuY29kaW5nPSJ1dGYtOCIgRXhwZWN0ZWRIdHRwU3RhdHVzQ29kZT0iMCIgRXhwZWN0ZWRSZXNwb25zZVVybD0iIiBSZXBvcnRpbmdOYW1lPSIiIElnbm9yZUh0dHBTdGF0dXNDb2RlPSJGYWxzZSIgLz4NCiAgICA8UmVxdWVzdCBNZXRob2Q9IkdFVCIgR3VpZD0iZmZiYzdhNGItMjI0OS00MWM2LTg5NGUtNWM4YmFkYTFlOTJkIiBWZXJzaW9uPSIxLjEiIFVybD0iaHR0cHM6Ly9hcGkuYmluZy5jb20vcXNtbC5hc3B4IiBUaGlua1RpbWU9IjIiIFRpbWVvdXQ9IjMwMCIgUGFyc2VEZXBlbmRlbnRSZXF1ZXN0cz0iVHJ1ZSIgRm9sbG93UmVkaXJlY3RzPSJUcnVlIiBSZWNvcmRSZXN1bHQ9IlRydWUiIENhY2hlPSJGYWxzZSIgUmVzcG9uc2VUaW1lR29hbD0iMCIgRW5jb2Rpbmc9InV0Zi04IiBFeHBlY3RlZEh0dHBTdGF0dXNDb2RlPSIwIiBFeHBlY3RlZFJlc3BvbnNlVXJsPSIiIFJlcG9ydGluZ05hbWU9IiIgSWdub3JlSHR0cFN0YXR1c0NvZGU9IkZhbHNlIj4NCiAgICAgIDxRdWVyeVN0cmluZ1BhcmFtZXRlcnM+DQogICAgICAgIDxRdWVyeVN0cmluZ1BhcmFtZXRlciBOYW1lPSJxdWVyeSIgVmFsdWU9Imh0dHAlM0ElMkYlMkZ3d3cuaGNtdXQuZWR1LnZuJTJGdmkiIFJlY29yZGVkVmFsdWU9Imh0dHAlM0ElMkYlMkZ3d3cuaGNtdXQuZWR1LnZuJTJGdmkiIENvcnJlbGF0aW9uQmluZGluZz0iIiBVcmxFbmNvZGU9IkZhbHNlIiBVc2VUb0dyb3VwUmVzdWx0cz0iRmFsc2UiIC8+DQogICAgICAgIDxRdWVyeVN0cmluZ1BhcmFtZXRlciBOYW1lPSJtYXJrZXQiIFZhbHVlPSJlbi1VUyIgUmVjb3JkZWRWYWx1ZT0iZW4tVVMiIENvcnJlbGF0aW9uQmluZGluZz0iIiBVcmxFbmNvZGU9IkZhbHNlIiBVc2VUb0dyb3VwUmVzdWx0cz0iRmFsc2UiIC8+DQogICAgICAgIDxRdWVyeVN0cmluZ1BhcmFtZXRlciBOYW1lPSJtYXh3aWR0aCIgVmFsdWU9IjMyNzY1IiBSZWNvcmRlZFZhbHVlPSIzMjc2NSIgQ29ycmVsYXRpb25CaW5kaW5nPSIiIFVybEVuY29kZT0iRmFsc2UiIFVzZVRvR3JvdXBSZXN1bHRzPSJGYWxzZSIgLz4NCiAgICAgICAgPFF1ZXJ5U3RyaW5nUGFyYW1ldGVyIE5hbWU9InJvd2hlaWdodCIgVmFsdWU9IjMxIiBSZWNvcmRlZFZhbHVlPSIzMSIgQ29ycmVsYXRpb25CaW5kaW5nPSIiIFVybEVuY29kZT0iRmFsc2UiIFVzZVRvR3JvdXBSZXN1bHRzPSJGYWxzZSIgLz4NCiAgICAgICAgPFF1ZXJ5U3RyaW5nUGFyYW1ldGVyIE5hbWU9InNlY3Rpb25IZWlnaHQiIFZhbHVlPSIyNDgiIFJlY29yZGVkVmFsdWU9IjI0OCIgQ29ycmVsYXRpb25CaW5kaW5nPSIiIFVybEVuY29kZT0iRmFsc2UiIFVzZVRvR3JvdXBSZXN1bHRzPSJGYWxzZSIgLz4NCiAgICAgICAgPFF1ZXJ5U3RyaW5nUGFyYW1ldGVyIE5hbWU9IkZPUk0iIFZhbHVlPSJJRVNTNEEiIFJlY29yZGVkVmFsdWU9IklFU1M0QSIgQ29ycmVsYXRpb25CaW5kaW5nPSIiIFVybEVuY29kZT0iRmFsc2UiIFVzZVRvR3JvdXBSZXN1bHRzPSJGYWxzZSIgLz4NCiAgICAgICAgPFF1ZXJ5U3RyaW5nUGFyYW1ldGVyIE5hbWU9InBjIiBWYWx1ZT0iRVVQUF9VRTA0IiBSZWNvcmRlZFZhbHVlPSJFVVBQX1VFMDQiIENvcnJlbGF0aW9uQmluZGluZz0iIiBVcmxFbmNvZGU9IkZhbHNlIiBVc2VUb0dyb3VwUmVzdWx0cz0iRmFsc2UiIC8+DQogICAgICA8L1F1ZXJ5U3RyaW5nUGFyYW1ldGVycz4NCiAgICA8L1JlcXVlc3Q+DQogICAgPFJlcXVlc3QgTWV0aG9kPSJHRVQiIEd1aWQ9ImM0NjU3NmQ4LTg5ZmItNDM4MC05MWU5LTdjOTFiMDg3MTFkMyIgVmVyc2lvbj0iMS4xIiBVcmw9Imh0dHA6Ly93d3cuaGNtdXQuZWR1LnZuL3ZpIiBUaGlua1RpbWU9IjAiIFRpbWVvdXQ9IjMwMCIgUGFyc2VEZXBlbmRlbnRSZXF1ZXN0cz0iVHJ1ZSIgRm9sbG93UmVkaXJlY3RzPSJUcnVlIiBSZWNvcmRSZXN1bHQ9IlRydWUiIENhY2hlPSJGYWxzZSIgUmVzcG9uc2VUaW1lR29hbD0iMiIgRW5jb2Rpbmc9InV0Zi04IiBFeHBlY3RlZEh0dHBTdGF0dXNDb2RlPSIwIiBFeHBlY3RlZFJlc3BvbnNlVXJsPSIiIFJlcG9ydGluZ05hbWU9IiIgSWdub3JlSHR0cFN0YXR1c0NvZGU9IkZhbHNlIj4NCiAgICAgIDxEZXBlbmRlbnRSZXF1ZXN0cz4NCiAgICAgICAgPFJlcXVlc3QgTWV0aG9kPSJQT1NUIiBHdWlkPSJjMzE0NWM5ZS1iNTBhLTQxYTItOTA3NC01OGIyM2JlYmZkNGUiIFZlcnNpb249IjEuMSIgVXJsPSJodHRwczovL3d3dy5nb29nbGUtYW5hbHl0aWNzLmNvbS9qL2NvbGxlY3QiIFRoaW5rVGltZT0iMyIgVGltZW91dD0iMzAwIiBQYXJzZURlcGVuZGVudFJlcXVlc3RzPSJUcnVlIiBGb2xsb3dSZWRpcmVjdHM9IlRydWUiIFJlY29yZFJlc3VsdD0iVHJ1ZSIgQ2FjaGU9IkZhbHNlIiBSZXNwb25zZVRpbWVHb2FsPSIwIiBFbmNvZGluZz0idXRmLTgiIEV4cGVjdGVkSHR0cFN0YXR1c0NvZGU9IjAiIEV4cGVjdGVkUmVzcG9uc2VVcmw9IiIgUmVwb3J0aW5nTmFtZT0iIiBJZ25vcmVIdHRwU3RhdHVzQ29kZT0iRmFsc2UiPg0KICAgICAgICAgIDxIZWFkZXJzPg0KICAgICAgICAgICAgPEhlYWRlciBOYW1lPSJSZWZlcmVyIiBWYWx1ZT0iaHR0cDovL3d3dy5oY211dC5lZHUudm4vdmkiIC8+DQogICAgICAgICAgPC9IZWFkZXJzPg0KICAgICAgICAgIDxRdWVyeVN0cmluZ1BhcmFtZXRlcnM+DQogICAgICAgICAgICA8UXVlcnlTdHJpbmdQYXJhbWV0ZXIgTmFtZT0idiIgVmFsdWU9IjEiIFJlY29yZGVkVmFsdWU9IjEiIENvcnJlbGF0aW9uQmluZGluZz0iIiBVcmxFbmNvZGU9IkZhbHNlIiBVc2VUb0dyb3VwUmVzdWx0cz0iRmFsc2UiIC8+DQogICAgICAgICAgICA8UXVlcnlTdHJpbmdQYXJhbWV0ZXIgTmFtZT0iX3YiIFZhbHVlPSJqOTYiIFJlY29yZGVkVmFsdWU9Imo5NiIgQ29ycmVsYXRpb25CaW5kaW5nPSIiIFVybEVuY29kZT0iRmFsc2UiIFVzZVRvR3JvdXBSZXN1bHRzPSJGYWxzZSIgLz4NCiAgICAgICAgICAgIDxRdWVyeVN0cmluZ1BhcmFtZXRlciBOYW1lPSJhIiBWYWx1ZT0iMTkxODkzOTM4NSIgUmVjb3JkZWRWYWx1ZT0iMTkxODkzOTM4NSIgQ29ycmVsYXRpb25CaW5kaW5nPSIiIFVybEVuY29kZT0iRmFsc2UiIFVzZVRvR3JvdXBSZXN1bHRzPSJGYWxzZSIgLz4NCiAgICAgICAgICAgIDxRdWVyeVN0cmluZ1BhcmFtZXRlciBOYW1lPSJ0IiBWYWx1ZT0icGFnZXZpZXciIFJlY29yZGVkVmFsdWU9InBhZ2V2aWV3IiBDb3JyZWxhdGlvbkJpbmRpbmc9IiIgVXJsRW5jb2RlPSJGYWxzZSIgVXNlVG9Hcm91cFJlc3VsdHM9IkZhbHNlIiAvPg0KICAgICAgICAgICAgPFF1ZXJ5U3RyaW5nUGFyYW1ldGVyIE5hbWU9Il9zIiBWYWx1ZT0iMSIgUmVjb3JkZWRWYWx1ZT0iMSIgQ29ycmVsYXRpb25CaW5kaW5nPSIiIFVybEVuY29kZT0iRmFsc2UiIFVzZVRvR3JvdXBSZXN1bHRzPSJGYWxzZSIgLz4NCiAgICAgICAgICAgIDxRdWVyeVN0cmluZ1BhcmFtZXRlciBOYW1lPSJkbCIgVmFsdWU9Imh0dHAlM0ElMkYlMkZ3d3cuaGNtdXQuZWR1LnZuJTJGdmkiIFJlY29yZGVkVmFsdWU9Imh0dHAlM0ElMkYlMkZ3d3cuaGNtdXQuZWR1LnZuJTJGdmkiIENvcnJlbGF0aW9uQmluZGluZz0iIiBVcmxFbmNvZGU9IkZhbHNlIiBVc2VUb0dyb3VwUmVzdWx0cz0iRmFsc2UiIC8+DQogICAgICAgICAgICA8UXVlcnlTdHJpbmdQYXJhbWV0ZXIgTmFtZT0idWwiIFZhbHVlPSJlbi11cyIgUmVjb3JkZWRWYWx1ZT0iZW4tdXMiIENvcnJlbGF0aW9uQmluZGluZz0iIiBVcmxFbmNvZGU9IkZhbHNlIiBVc2VUb0dyb3VwUmVzdWx0cz0iRmFsc2UiIC8+DQogICAgICAgICAgICA8UXVlcnlTdHJpbmdQYXJhbWV0ZXIgTmFtZT0iZGUiIFZhbHVlPSJ1dGYtOCIgUmVjb3JkZWRWYWx1ZT0idXRmLTgiIENvcnJlbGF0aW9uQmluZGluZz0iIiBVcmxFbmNvZGU9IkZhbHNlIiBVc2VUb0dyb3VwUmVzdWx0cz0iRmFsc2UiIC8+DQogICAgICAgICAgICA8UXVlcnlTdHJpbmdQYXJhbWV0ZXIgTmFtZT0iZHQiIFZhbHVlPSJUciVDNiVCMCVFMSVCQiU5RG5nJTIwJUM0JTkwJUUxJUJBJUExaSUyMEglRTElQkIlOERjJTIwQiVDMyVBMWNoJTIwS2hvYSUyMFRwLkhDTSIgUmVjb3JkZWRWYWx1ZT0iVHIlQzYlQjAlRTElQkIlOURuZyUyMCVDNCU5MCVFMSVCQSVBMWklMjBIJUUxJUJCJThEYyUyMEIlQzMlQTFjaCUyMEtob2ElMjBUcC5IQ00iIENvcnJlbGF0aW9uQmluZGluZz0iIiBVcmxFbmNvZGU9IkZhbHNlIiBVc2VUb0dyb3VwUmVzdWx0cz0iRmFsc2UiIC8+DQogICAgICAgICAgICA8UXVlcnlTdHJpbmdQYXJhbWV0ZXIgTmFtZT0ic2QiIFZhbHVlPSIyNC1iaXQiIFJlY29yZGVkVmFsdWU9IjI0LWJpdCIgQ29ycmVsYXRpb25CaW5kaW5nPSIiIFVybEVuY29kZT0iRmFsc2UiIFVzZVRvR3JvdXBSZXN1bHRzPSJGYWxzZSIgLz4NCiAgICAgICAgICAgIDxRdWVyeVN0cmluZ1BhcmFtZXRlciBOYW1lPSJzciIgVmFsdWU9IjEyODB4NzIwIiBSZWNvcmRlZFZhbHVlPSIxMjgweDcyMCIgQ29ycmVsYXRpb25CaW5kaW5nPSIiIFVybEVuY29kZT0iRmFsc2UiIFVzZVRvR3JvdXBSZXN1bHRzPSJGYWxzZSIgLz4NCiAgICAgICAgICAgIDxRdWVyeVN0cmluZ1BhcmFtZXRlciBOYW1lPSJ2cCIgVmFsdWU9Ijg0Mng2MjkiIFJlY29yZGVkVmFsdWU9Ijg0Mng2MjkiIENvcnJlbGF0aW9uQmluZGluZz0iIiBVcmxFbmNvZGU9IkZhbHNlIiBVc2VUb0dyb3VwUmVzdWx0cz0iRmFsc2UiIC8+DQogICAgICAgICAgICA8UXVlcnlTdHJpbmdQYXJhbWV0ZXIgTmFtZT0iamUiIFZhbHVlPSIxIiBSZWNvcmRlZFZhbHVlPSIxIiBDb3JyZWxhdGlvbkJpbmRpbmc9IiIgVXJsRW5jb2RlPSJGYWxzZSIgVXNlVG9Hcm91cFJlc3VsdHM9IkZhbHNlIiAvPg0KICAgICAgICAgICAgPFF1ZXJ5U3RyaW5nUGFyYW1ldGVyIE5hbWU9Il91IiBWYWx1ZT0iQUFDQUFBUUFBQUFBQUN+IiBSZWNvcmRlZFZhbHVlPSJBQUNBQUFRQUFBQUFBQ34iIENvcnJlbGF0aW9uQmluZGluZz0iIiBVcmxFbmNvZGU9IkZhbHNlIiBVc2VUb0dyb3VwUmVzdWx0cz0iRmFsc2UiIC8+DQogICAgICAgICAgICA8UXVlcnlTdHJpbmdQYXJhbWV0ZXIgTmFtZT0iamlkIiBWYWx1ZT0iMTExMzI4NDA4MiIgUmVjb3JkZWRWYWx1ZT0iMTExMzI4NDA4MiIgQ29ycmVsYXRpb25CaW5kaW5nPSIiIFVybEVuY29kZT0iRmFsc2UiIFVzZVRvR3JvdXBSZXN1bHRzPSJGYWxzZSIgLz4NCiAgICAgICAgICAgIDxRdWVyeVN0cmluZ1BhcmFtZXRlciBOYW1lPSJnamlkIiBWYWx1ZT0iODYwNTgxMTczIiBSZWNvcmRlZFZhbHVlPSI4NjA1ODExNzMiIENvcnJlbGF0aW9uQmluZGluZz0iIiBVcmxFbmNvZGU9IkZhbHNlIiBVc2VUb0dyb3VwUmVzdWx0cz0iRmFsc2UiIC8+DQogICAgICAgICAgICA8UXVlcnlTdHJpbmdQYXJhbWV0ZXIgTmFtZT0iY2lkIiBWYWx1ZT0iMTY0MTgwMTc4Ny4xNjQ4ODgwNjc3IiBSZWNvcmRlZFZhbHVlPSIxNjQxODAxNzg3LjE2NDg4ODA2NzciIENvcnJlbGF0aW9uQmluZGluZz0iIiBVcmxFbmNvZGU9IkZhbHNlIiBVc2VUb0dyb3VwUmVzdWx0cz0iRmFsc2UiIC8+DQogICAgICAgICAgICA8UXVlcnlTdHJpbmdQYXJhbWV0ZXIgTmFtZT0idGlkIiBWYWx1ZT0iVUEtNDYzMTkyNTQtMSIgUmVjb3JkZWRWYWx1ZT0iVUEtNDYzMTkyNTQtMSIgQ29ycmVsYXRpb25CaW5kaW5nPSIiIFVybEVuY29kZT0iRmFsc2UiIFVzZVRvR3JvdXBSZXN1bHRzPSJGYWxzZSIgLz4NCiAgICAgICAgICAgIDxRdWVyeVN0cmluZ1BhcmFtZXRlciBOYW1lPSJfZ2lkIiBWYWx1ZT0iMTM3ODIwNzk4OS4xNjQ4ODgwNjc3IiBSZWNvcmRlZFZhbHVlPSIxMzc4MjA3OTg5LjE2NDg4ODA2NzciIENvcnJlbGF0aW9uQmluZGluZz0iIiBVcmxFbmNvZGU9IkZhbHNlIiBVc2VUb0dyb3VwUmVzdWx0cz0iRmFsc2UiIC8+DQogICAgICAgICAgICA8UXVlcnlTdHJpbmdQYXJhbWV0ZXIgTmFtZT0iX3IiIFZhbHVlPSIxIiBSZWNvcmRlZFZhbHVlPSIxIiBDb3JyZWxhdGlvbkJpbmRpbmc9IiIgVXJsRW5jb2RlPSJGYWxzZSIgVXNlVG9Hcm91cFJlc3VsdHM9IkZhbHNlIiAvPg0KICAgICAgICAgICAgPFF1ZXJ5U3RyaW5nUGFyYW1ldGVyIE5hbWU9Il9zbGMiIFZhbHVlPSIxIiBSZWNvcmRlZFZhbHVlPSIxIiBDb3JyZWxhdGlvbkJpbmRpbmc9IiIgVXJsRW5jb2RlPSJGYWxzZSIgVXNlVG9Hcm91cFJlc3VsdHM9IkZhbHNlIiAvPg0KICAgICAgICAgICAgPFF1ZXJ5U3RyaW5nUGFyYW1ldGVyIE5hbWU9InoiIFZhbHVlPSIxOTA3NjAwODAiIFJlY29yZGVkVmFsdWU9IjE5MDc2MDA4MCIgQ29ycmVsYXRpb25CaW5kaW5nPSIiIFVybEVuY29kZT0iRmFsc2UiIFVzZVRvR3JvdXBSZXN1bHRzPSJGYWxzZSIgLz4NCiAgICAgICAgICA8L1F1ZXJ5U3RyaW5nUGFyYW1ldGVycz4NCiAgICAgICAgICA8U3RyaW5nSHR0cEJvZHkgQ29udGVudFR5cGU9InRleHQvcGxhaW4iIEluc2VydEJ5dGVPcmRlck1hcms9IkZhbHNlIj4NCiAgICAgICAgICA8L1N0cmluZ0h0dHBCb2R5Pg0KICAgICAgICA8L1JlcXVlc3Q+DQogICAgICA8L0RlcGVuZGVudFJlcXVlc3RzPg0KICAgIDwvUmVxdWVzdD4NCiAgICA8UmVxdWVzdCBNZXRob2Q9IkdFVCIgR3VpZD0iZmVlMTcxNzQtZGZmNy00ZTA1LTkyOWEtM2M0OWUyYjIyOWUwIiBWZXJzaW9uPSIxLjEiIFVybD0iaHR0cHM6Ly93d3cuaGNtdXQuZWR1LnZuL3ZpL3dlbGNvbWUvdGlldWRpZW0vMjIyIiBUaGlua1RpbWU9IjAiIFRpbWVvdXQ9IjMwMCIgUGFyc2VEZXBlbmRlbnRSZXF1ZXN0cz0iVHJ1ZSIgRm9sbG93UmVkaXJlY3RzPSJUcnVlIiBSZWNvcmRSZXN1bHQ9IlRydWUiIENhY2hlPSJGYWxzZSIgUmVzcG9uc2VUaW1lR29hbD0iMTAwIiBFbmNvZGluZz0idXRmLTgiIEV4cGVjdGVkSHR0cFN0YXR1c0NvZGU9IjAiIEV4cGVjdGVkUmVzcG9uc2VVcmw9IiIgUmVwb3J0aW5nTmFtZT0iIiBJZ25vcmVIdHRwU3RhdHVzQ29kZT0iRmFsc2UiPg0KICAgICAgPERlcGVuZGVudFJlcXVlc3RzPg0KICAgICAgICA8UmVxdWVzdCBNZXRob2Q9IlBPU1QiIEd1aWQ9ImI0MmUyMDNhLTI5ZjgtNDg5Zi1hNzRlLThjNDVlOWNiYjRkNyIgVmVyc2lvbj0iMS4xIiBVcmw9Imh0dHBzOi8vd3d3Lmdvb2dsZS1hbmFseXRpY3MuY29tL2ovY29sbGVjdCIgVGhpbmtUaW1lPSIwIiBUaW1lb3V0PSIzMDAiIFBhcnNlRGVwZW5kZW50UmVxdWVzdHM9IlRydWUiIEZvbGxvd1JlZGlyZWN0cz0iVHJ1ZSIgUmVjb3JkUmVzdWx0PSJUcnVlIiBDYWNoZT0iRmFsc2UiIFJlc3BvbnNlVGltZUdvYWw9IjAiIEVuY29kaW5nPSJ1dGYtOCIgRXhwZWN0ZWRIdHRwU3RhdHVzQ29kZT0iMCIgRXhwZWN0ZWRSZXNwb25zZVVybD0iIiBSZXBvcnRpbmdOYW1lPSIiIElnbm9yZUh0dHBTdGF0dXNDb2RlPSJGYWxzZSI+DQogICAgICAgICAgPEhlYWRlcnM+DQogICAgICAgICAgICA8SGVhZGVyIE5hbWU9IlJlZmVyZXIiIFZhbHVlPSJodHRwczovL3d3dy5oY211dC5lZHUudm4vdmkvd2VsY29tZS90aWV1ZGllbS8yMjIiIC8+DQogICAgICAgICAgPC9IZWFkZXJzPg0KICAgICAgICAgIDxRdWVyeVN0cmluZ1BhcmFtZXRlcnM+DQogICAgICAgICAgICA8UXVlcnlTdHJpbmdQYXJhbWV0ZXIgTmFtZT0idiIgVmFsdWU9IjEiIFJlY29yZGVkVmFsdWU9IjEiIENvcnJlbGF0aW9uQmluZGluZz0iIiBVcmxFbmNvZGU9IkZhbHNlIiBVc2VUb0dyb3VwUmVzdWx0cz0iRmFsc2UiIC8+DQogICAgICAgICAgICA8UXVlcnlTdHJpbmdQYXJhbWV0ZXIgTmFtZT0iX3YiIFZhbHVlPSJqOTYiIFJlY29yZGVkVmFsdWU9Imo5NiIgQ29ycmVsYXRpb25CaW5kaW5nPSIiIFVybEVuY29kZT0iRmFsc2UiIFVzZVRvR3JvdXBSZXN1bHRzPSJGYWxzZSIgLz4NCiAgICAgICAgICAgIDxRdWVyeVN0cmluZ1BhcmFtZXRlciBOYW1lPSJhIiBWYWx1ZT0iMTg0OTQ4OTEwNyIgUmVjb3JkZWRWYWx1ZT0iMTg0OTQ4OTEwNyIgQ29ycmVsYXRpb25CaW5kaW5nPSIiIFVybEVuY29kZT0iRmFsc2UiIFVzZVRvR3JvdXBSZXN1bHRzPSJGYWxzZSIgLz4NCiAgICAgICAgICAgIDxRdWVyeVN0cmluZ1BhcmFtZXRlciBOYW1lPSJ0IiBWYWx1ZT0icGFnZXZpZXciIFJlY29yZGVkVmFsdWU9InBhZ2V2aWV3IiBDb3JyZWxhdGlvbkJpbmRpbmc9IiIgVXJsRW5jb2RlPSJGYWxzZSIgVXNlVG9Hcm91cFJlc3VsdHM9IkZhbHNlIiAvPg0KICAgICAgICAgICAgPFF1ZXJ5U3RyaW5nUGFyYW1ldGVyIE5hbWU9Il9zIiBWYWx1ZT0iMSIgUmVjb3JkZWRWYWx1ZT0iMSIgQ29ycmVsYXRpb25CaW5kaW5nPSIiIFVybEVuY29kZT0iRmFsc2UiIFVzZVRvR3JvdXBSZXN1bHRzPSJGYWxzZSIgLz4NCiAgICAgICAgICAgIDxRdWVyeVN0cmluZ1BhcmFtZXRlciBOYW1lPSJkbCIgVmFsdWU9Imh0dHBzJTNBJTJGJTJGd3d3LmhjbXV0LmVkdS52biUyRnZpJTJGd2VsY29tZSUyRnRpZXVkaWVtJTJGMjIyIiBSZWNvcmRlZFZhbHVlPSJodHRwcyUzQSUyRiUyRnd3dy5oY211dC5lZHUudm4lMkZ2aSUyRndlbGNvbWUlMkZ0aWV1ZGllbSUyRjIyMiIgQ29ycmVsYXRpb25CaW5kaW5nPSIiIFVybEVuY29kZT0iRmFsc2UiIFVzZVRvR3JvdXBSZXN1bHRzPSJGYWxzZSIgLz4NCiAgICAgICAgICAgIDxRdWVyeVN0cmluZ1BhcmFtZXRlciBOYW1lPSJ1bCIgVmFsdWU9ImVuLXVzIiBSZWNvcmRlZFZhbHVlPSJlbi11cyIgQ29ycmVsYXRpb25CaW5kaW5nPSIiIFVybEVuY29kZT0iRmFsc2UiIFVzZVRvR3JvdXBSZXN1bHRzPSJGYWxzZSIgLz4NCiAgICAgICAgICAgIDxRdWVyeVN0cmluZ1BhcmFtZXRlciBOYW1lPSJkZSIgVmFsdWU9InV0Zi04IiBSZWNvcmRlZFZhbHVlPSJ1dGYtOCIgQ29ycmVsYXRpb25CaW5kaW5nPSIiIFVybEVuY29kZT0iRmFsc2UiIFVzZVRvR3JvdXBSZXN1bHRzPSJGYWxzZSIgLz4NCiAgICAgICAgICAgIDxRdWVyeVN0cmluZ1BhcmFtZXRlciBOYW1lPSJkdCIgVmFsdWU9IlRyJUM2JUIwJUUxJUJCJTlEbmclMjAlQzQlOTBIJTIwQiVDMyVBMWNoJTIwS2hvYSUyMFRwLkhDTSIgUmVjb3JkZWRWYWx1ZT0iVHIlQzYlQjAlRTElQkIlOURuZyUyMCVDNCU5MEglMjBCJUMzJUExY2glMjBLaG9hJTIwVHAuSENNIiBDb3JyZWxhdGlvbkJpbmRpbmc9IiIgVXJsRW5jb2RlPSJGYWxzZSIgVXNlVG9Hcm91cFJlc3VsdHM9IkZhbHNlIiAvPg0KICAgICAgICAgICAgPFF1ZXJ5U3RyaW5nUGFyYW1ldGVyIE5hbWU9InNkIiBWYWx1ZT0iMjQtYml0IiBSZWNvcmRlZFZhbHVlPSIyNC1iaXQiIENvcnJlbGF0aW9uQmluZGluZz0iIiBVcmxFbmNvZGU9IkZhbHNlIiBVc2VUb0dyb3VwUmVzdWx0cz0iRmFsc2UiIC8+DQogICAgICAgICAgICA8UXVlcnlTdHJpbmdQYXJhbWV0ZXIgTmFtZT0ic3IiIFZhbHVlPSIxMjgweDcyMCIgUmVjb3JkZWRWYWx1ZT0iMTI4MHg3MjAiIENvcnJlbGF0aW9uQmluZGluZz0iIiBVcmxFbmNvZGU9IkZhbHNlIiBVc2VUb0dyb3VwUmVzdWx0cz0iRmFsc2UiIC8+DQogICAgICAgICAgICA8UXVlcnlTdHJpbmdQYXJhbWV0ZXIgTmFtZT0idnAiIFZhbHVlPSI4NDJ4NjI5IiBSZWNvcmRlZFZhbHVlPSI4NDJ4NjI5IiBDb3JyZWxhdGlvbkJpbmRpbmc9IiIgVXJsRW5jb2RlPSJGYWxzZSIgVXNlVG9Hcm91cFJlc3VsdHM9IkZhbHNlIiAvPg0KICAgICAgICAgICAgPFF1ZXJ5U3RyaW5nUGFyYW1ldGVyIE5hbWU9ImplIiBWYWx1ZT0iMSIgUmVjb3JkZWRWYWx1ZT0iMSIgQ29ycmVsYXRpb25CaW5kaW5nPSIiIFVybEVuY29kZT0iRmFsc2UiIFVzZVRvR3JvdXBSZXN1bHRzPSJGYWxzZSIgLz4NCiAgICAgICAgICAgIDxRdWVyeVN0cmluZ1BhcmFtZXRlciBOYW1lPSJfdSIgVmFsdWU9IkFBQ0FBQVFBQUFBQUFDfiIgUmVjb3JkZWRWYWx1ZT0iQUFDQUFBUUFBQUFBQUN+IiBDb3JyZWxhdGlvbkJpbmRpbmc9IiIgVXJsRW5jb2RlPSJGYWxzZSIgVXNlVG9Hcm91cFJlc3VsdHM9IkZhbHNlIiAvPg0KICAgICAgICAgICAgPFF1ZXJ5U3RyaW5nUGFyYW1ldGVyIE5hbWU9ImppZCIgVmFsdWU9IiIgUmVjb3JkZWRWYWx1ZT0iIiBDb3JyZWxhdGlvbkJpbmRpbmc9IiIgVXJsRW5jb2RlPSJGYWxzZSIgVXNlVG9Hcm91cFJlc3VsdHM9IkZhbHNlIiAvPg0KICAgICAgICAgICAgPFF1ZXJ5U3RyaW5nUGFyYW1ldGVyIE5hbWU9ImdqaWQiIFZhbHVlPSIiIFJlY29yZGVkVmFsdWU9IiIgQ29ycmVsYXRpb25CaW5kaW5nPSIiIFVybEVuY29kZT0iRmFsc2UiIFVzZVRvR3JvdXBSZXN1bHRzPSJGYWxzZSIgLz4NCiAgICAgICAgICAgIDxRdWVyeVN0cmluZ1BhcmFtZXRlciBOYW1lPSJjaWQiIFZhbHVlPSIxNjQxODAxNzg3LjE2NDg4ODA2NzciIFJlY29yZGVkVmFsdWU9IjE2NDE4MDE3ODcuMTY0ODg4MDY3NyIgQ29ycmVsYXRpb25CaW5kaW5nPSIiIFVybEVuY29kZT0iRmFsc2UiIFVzZVRvR3JvdXBSZXN1bHRzPSJGYWxzZSIgLz4NCiAgICAgICAgICAgIDxRdWVyeVN0cmluZ1BhcmFtZXRlciBOYW1lPSJ0aWQiIFZhbHVlPSJVQS00NjMxOTI1NC0xIiBSZWNvcmRlZFZhbHVlPSJVQS00NjMxOTI1NC0xIiBDb3JyZWxhdGlvbkJpbmRpbmc9IiIgVXJsRW5jb2RlPSJGYWxzZSIgVXNlVG9Hcm91cFJlc3VsdHM9IkZhbHNlIiAvPg0KICAgICAgICAgICAgPFF1ZXJ5U3RyaW5nUGFyYW1ldGVyIE5hbWU9Il9naWQiIFZhbHVlPSIxMzc4MjA3OTg5LjE2NDg4ODA2NzciIFJlY29yZGVkVmFsdWU9IjEzNzgyMDc5ODkuMTY0ODg4MDY3NyIgQ29ycmVsYXRpb25CaW5kaW5nPSIiIFVybEVuY29kZT0iRmFsc2UiIFVzZVRvR3JvdXBSZXN1bHRzPSJGYWxzZSIgLz4NCiAgICAgICAgICAgIDxRdWVyeVN0cmluZ1BhcmFtZXRlciBOYW1lPSJfc2xjIiBWYWx1ZT0iMSIgUmVjb3JkZWRWYWx1ZT0iMSIgQ29ycmVsYXRpb25CaW5kaW5nPSIiIFVybEVuY29kZT0iRmFsc2UiIFVzZVRvR3JvdXBSZXN1bHRzPSJGYWxzZSIgLz4NCiAgICAgICAgICAgIDxRdWVyeVN0cmluZ1BhcmFtZXRlciBOYW1lPSJ6IiBWYWx1ZT0iOTkzOTExMTgwIiBSZWNvcmRlZFZhbHVlPSI5OTM5MTExODAiIENvcnJlbGF0aW9uQmluZGluZz0iIiBVcmxFbmNvZGU9IkZhbHNlIiBVc2VUb0dyb3VwUmVzdWx0cz0iRmFsc2UiIC8+DQogICAgICAgICAgPC9RdWVyeVN0cmluZ1BhcmFtZXRlcnM+DQogICAgICAgICAgPFN0cmluZ0h0dHBCb2R5IENvbnRlbnRUeXBlPSJ0ZXh0L3BsYWluIiBJbnNlcnRCeXRlT3JkZXJNYXJrPSJGYWxzZSI+DQogICAgICAgICAgPC9TdHJpbmdIdHRwQm9keT4NCiAgICAgICAgPC9SZXF1ZXN0Pg0KICAgICAgPC9EZXBlbmRlbnRSZXF1ZXN0cz4NCiAgICAgIDxIZWFkZXJzPg0KICAgICAgICA8SGVhZGVyIE5hbWU9IlJlZmVyZXIiIFZhbHVlPSJodHRwOi8vd3d3LmhjbXV0LmVkdS52bi92aSIgLz4NCiAgICAgIDwvSGVhZGVycz4NCiAgICA8L1JlcXVlc3Q+DQogIDwvSXRlbXM+DQogIDxWYWxpZGF0aW9uUnVsZXM+DQogICAgPFZhbGlkYXRpb25SdWxlIENsYXNzbmFtZT0iTWljcm9zb2Z0LlZpc3VhbFN0dWRpby5UZXN0VG9vbHMuV2ViVGVzdGluZy5SdWxlcy5WYWxpZGF0ZVJlc3BvbnNlVXJsLCBNaWNyb3NvZnQuVmlzdWFsU3R1ZGlvLlF1YWxpdHlUb29scy5XZWJUZXN0RnJhbWV3b3JrLCBWZXJzaW9uPTEwLjAuMC4wLCBDdWx0dXJlPW5ldXRyYWwsIFB1YmxpY0tleVRva2VuPWIwM2Y1ZjdmMTFkNTBhM2EiIERpc3BsYXlOYW1lPSJSZXNwb25zZSBVUkwiIERlc2NyaXB0aW9uPSJWYWxpZGF0ZXMgdGhhdCB0aGUgcmVzcG9uc2UgVVJMIGFmdGVyIHJlZGlyZWN0cyBhcmUgZm9sbG93ZWQgaXMgdGhlIHNhbWUgYXMgdGhlIHJlY29yZGVkIHJlc3BvbnNlIFVSTC4gIFF1ZXJ5U3RyaW5nIHBhcmFtZXRlcnMgYXJlIGlnbm9yZWQuIiBMZXZlbD0iTG93IiBFeGVjdHVpb25PcmRlcj0iQmVmb3JlRGVwZW5kZW50cyIgLz4NCiAgICA8VmFsaWRhdGlvblJ1bGUgQ2xhc3NuYW1lPSJNaWNyb3NvZnQuVmlzdWFsU3R1ZGlvLlRlc3RUb29scy5XZWJUZXN0aW5nLlJ1bGVzLlZhbGlkYXRpb25SdWxlUmVzcG9uc2VUaW1lR29hbCwgTWljcm9zb2Z0LlZpc3VhbFN0dWRpby5RdWFsaXR5VG9vbHMuV2ViVGVzdEZyYW1ld29yaywgVmVyc2lvbj0xMC4wLjAuMCwgQ3VsdHVyZT1uZXV0cmFsLCBQdWJsaWNLZXlUb2tlbj1iMDNmNWY3ZjExZDUwYTNhIiBEaXNwbGF5TmFtZT0iUmVzcG9uc2UgVGltZSBHb2FsIiBEZXNjcmlwdGlvbj0iVmFsaWRhdGVzIHRoYXQgdGhlIHJlc3BvbnNlIHRpbWUgZm9yIHRoZSByZXF1ZXN0IGlzIGxlc3MgdGhhbiBvciBlcXVhbCB0byB0aGUgcmVzcG9uc2UgdGltZSBnb2FsIGFzIHNwZWNpZmllZCBvbiB0aGUgcmVxdWVzdC4gIFJlc3BvbnNlIHRpbWUgZ29hbHMgb2YgemVybyB3aWxsIGJlIGlnbm9yZWQuIiBMZXZlbD0iTG93IiBFeGVjdHVpb25PcmRlcj0iQWZ0ZXJEZXBlbmRlbnRzIj4NCiAgICAgIDxSdWxlUGFyYW1ldGVycz4NCiAgICAgICAgPFJ1bGVQYXJhbWV0ZXIgTmFtZT0iVG9sZXJhbmNlIiBWYWx1ZT0iMCIgLz4NCiAgICAgIDwvUnVsZVBhcmFtZXRlcnM+DQogICAgPC9WYWxpZGF0aW9uUnVsZT4NCiAgPC9WYWxpZGF0aW9uUnVsZXM+DQo8L1dlYlRlc3Q+">
    </WebTest>
    <LoadTest Name="LoadTest3" Description="" Owner="" storage="c:\users\nghia\source\repos\webandloadtestproject1\webandloadtestproject1\loadtest3.loadtest" Priority="2147483647" Enabled="true" CssProjectStructure="" CssIteration="" DeploymentItemsEditable="" WorkItemIds="" TraceLevel="None" CurrentRunConfig="Run Settings1" Id="1a931a73-c3ad-47ec-b07f-ce97ef07f159">
      <Scenarios>
        <Scenario Name="Scenario1" DelayBetweenIterations="0" PercentNewUsers="0" IPSwitching="false" TestMixType="PercentageOfTestsStarted" ApplyDistributionToPacingDelay="true" MaxTestIterations="0" DisableDuringWarmup="false" DelayStartTime="0" AllowedAgents="">
          <ThinkProfile Value="0.2" Pattern="NormalDistribution" />
          <LoadProfile Pattern="Step" InitialUsers="0" MaxUsers="400" StepUsers="10" StepDuration="1" StepRampTime="0" />
          <TestMix>
            <TestProfile Name="WebTest1" Path="c:\users\nghia\source\repos\webandloadtestproject1\webandloadtestproject1\webtest1.webtest" Id="5a5b3894-1bff-446a-a3cc-80df37982a2f" Percentage="100" Type="Microsoft.VisualStudio.TestTools.WebStress.DeclarativeWebTestElement, Microsoft.VisualStudio.QualityTools.LoadTest, Version=15.0.0.0, Culture=neutral, PublicKeyToken=b03f5f7f11d50a3a" />
          </TestMix>
          <BrowserMix>
            <BrowserProfile Percentage="100">
              <Browser Name="Internet Explorer 9.0" MaxConnections="6">
                <Headers>
                  <Header Name="User-Agent" Value="Mozilla/5.0 (compatible; MSIE 9.0; Windows NT 6.1; Trident/5.0)" />
                  <Header Name="Accept" Value="*/*" />
                  <Header Name="Accept-Language" Value="{{$IEAcceptLanguage}}" />
                  <Header Name="Accept-Encoding" Value="GZIP" />
                </Headers>
              </Browser>
            </BrowserProfile>
          </BrowserMix>
          <NetworkMix>
            <NetworkProfile Percentage="100">
              <Network Name="LAN" BandwidthInKbps="1000000" NetworkProfileConfigurationXml="&lt;Emulation&gt;&lt;VirtualChannel name=&quot;defaultChannel&quot;&gt;&lt;FilterList/&gt;&lt;VirtualLink instances=&quot;1&quot; name=&quot;defaultLink&quot;&gt;&lt;LinkRule dir=&quot;upstream&quot;&gt;&lt;Bandwidth&gt;&lt;Speed unit=&quot;kbps&quot;&gt;1000000&lt;/Speed&gt;&lt;/Bandwidth&gt;&lt;/LinkRule&gt;&lt;LinkRule dir=&quot;downstream&quot;&gt;&lt;Bandwidth&gt;&lt;Speed unit=&quot;kbps&quot;&gt;1000000&lt;/Speed&gt;&lt;/Bandwidth&gt;&lt;/LinkRule&gt;&lt;/VirtualLink&gt;&lt;/VirtualChannel&gt;&lt;/Emulation&gt;" />
            </NetworkProfile>
          </NetworkMix>
        </Scenario>
      </Scenarios>
      <CounterSets>
        <CounterSet Name="LoadTest" CounterSetType="LoadTest" LocId="">
          <CounterCategories>
            <CounterCategory Name="LoadTest:Scenario">
              <Counters>
                <Counter Name="User Load" HigherIsBetter="true" />
                <Counter Name="Tests Running" HigherIsBetter="true" />
              </Counters>
            </CounterCategory>
            <CounterCategory Name="LoadTest:Test">
              <Counters>
                <Counter Name="Total Tests" HigherIsBetter="true" />
                <Counter Name="Passed Tests" HigherIsBetter="true" />
                <Counter Name="Failed Tests" />
                <Counter Name="Tests/Sec" HigherIsBetter="true" />
                <Counter Name="Passed Tests/Sec" HigherIsBetter="true" />
                <Counter Name="Failed Tests/Sec" />
                <Counter Name="Avg. Requests/Test" HigherIsBetter="true" />
                <Counter Name="Avg. Test Time" />
                <Counter Name="% Time in LoadTestPlugin" />
                <Counter Name="% Time in WebTest code" />
                <Counter Name="% Time in Rules" />
              </Counters>
            </CounterCategory>
            <CounterCategory Name="LoadTest:Transaction">
              <Counters>
                <Counter Name="Total Transactions" HigherIsBetter="true" />
                <Counter Name="Avg. Transaction Time" />
                <Counter Name="Avg. Response Time" />
                <Counter Name="Transactions/Sec" HigherIsBetter="true" />
              </Counters>
            </CounterCategory>
            <CounterCategory Name="LoadTest:Errors">
              <Counters>
                <Counter Name="Http Errors" />
                <Counter Name="Validation Rule Errors" />
                <Counter Name="Extraction Rule Errors" />
                <Counter Name="Requests Timed Out" />
                <Counter Name="Exceptions" />
                <Counter Name="Total Errors" />
                <Counter Name="Errors/Sec" />
                <Counter Name="Threshold Violations/Sec" />
              </Counters>
            </CounterCategory>
            <CounterCategory Name="LoadTest:Page">
              <Counters>
                <Counter Name="Total Pages" HigherIsBetter="true" />
                <Counter Name="Avg. Page Time" />
                <Counter Name="Page Response Time Goal" HigherIsBetter="true" />
                <Counter Name="% Pages Meeting Goal" HigherIsBetter="true" />
                <Counter Name="Pages/Sec" HigherIsBetter="true" />
              </Counters>
            </CounterCategory>
            <CounterCategory Name="LoadTest:Request">
              <Counters>
                <Counter Name="Total Requests" HigherIsBetter="true" />
                <Counter Name="Passed Requests" HigherIsBetter="true" />
                <Counter Name="Failed Requests" />
                <Counter Name="Cached Requests" HigherIsBetter="true" />
                <Counter Name="Requests/Sec" HigherIsBetter="true" />
                <Counter Name="Passed Requests/Sec" HigherIsBetter="true" />
                <Counter Name="Failed Requests/Sec" />
                <Counter Name="Avg. First Byte Time" />
                <Counter Name="Avg. Response Time" />
                <Counter Name="Avg. Connection Wait Time">
                  <ThresholdRules>
                    <ThresholdRule Classname="Microsoft.VisualStudio.TestTools.WebStress.Rules.ThresholdRuleCompareCounters, Microsoft.VisualStudio.QualityTools.LoadTest, Version=15.0.0.0, Culture=neutral, PublicKeyToken=b03f5f7f11d50a3a">
                      <RuleParameters>
                        <RuleParameter Name="DependentCategory" Value="LoadTest:Page" />
                        <RuleParameter Name="DependentCounter" Value="Avg. Page Time" />
                        <RuleParameter Name="DependentInstance" Value="_Total" />
                        <RuleParameter Name="AlertIfOver" Value="True" />
                        <RuleParameter Name="WarningThreshold" Value="0.25" />
                        <RuleParameter Name="CriticalThreshold" Value="0.5" />
                      </RuleParameters>
                    </ThresholdRule>
                  </ThresholdRules>
                </Counter>
                <Counter Name="Avg. Content Length" />
              </Counters>
            </CounterCategory>
            <CounterCategory Name="LoadTest:LogEntries">
              <Counters>
                <Counter Name="Total Log Entries" />
                <Counter Name="Log Entries/Sec" />
              </Counters>
            </CounterCategory>
          </CounterCategories>
        </CounterSet>
        <CounterSet Name="Controller" CounterSetType="Controller" LocId="CounterSet_Controller">
          <CounterCategories>
            <CounterCategory Name="Memory">
              <Counters>
                <Counter Name="% Committed Bytes In Use" Range="100" />
                <Counter Name="Available MBytes" RangeGroup="Memory Bytes" HigherIsBetter="true">
                  <ThresholdRules>
                    <ThresholdRule Classname="Microsoft.VisualStudio.TestTools.WebStress.Rules.ThresholdRuleCompareConstant, Microsoft.VisualStudio.QualityTools.LoadTest">
                      <RuleParameters>
                        <RuleParameter Name="AlertIfOver" Value="False" />
                        <RuleParameter Name="WarningThreshold" Value="100" />
                        <RuleParameter Name="CriticalThreshold" Value="50" />
                      </RuleParameters>
                    </ThresholdRule>
                  </ThresholdRules>
                </Counter>
                <Counter Name="Page Faults/sec" />
                <Counter Name="Pages/sec" />
                <Counter Name="Pool Paged Bytes" RangeGroup="Memory Bytes" />
                <Counter Name="Pool Nonpaged bytes" RangeGroup="Memory Bytes" />
              </Counters>
            </CounterCategory>
            <CounterCategory Name="Network Interface">
              <Counters>
                <Counter Name="Bytes Received/sec" RangeGroup="Network Bytes" />
                <Counter Name="Bytes Sent/sec" RangeGroup="Network Bytes" />
                <Counter Name="Output Queue Length">
                  <ThresholdRules>
                    <ThresholdRule Classname="Microsoft.VisualStudio.TestTools.WebStress.Rules.ThresholdRuleCompareConstant, Microsoft.VisualStudio.QualityTools.LoadTest">
                      <RuleParameters>
                        <RuleParameter Name="AlertIfOver" Value="True" />
                        <RuleParameter Name="WarningThreshold" Value="1.5" />
                        <RuleParameter Name="CriticalThreshold" Value="2" />
                      </RuleParameters>
                    </ThresholdRule>
                  </ThresholdRules>
                </Counter>
                <Counter Name="Packets Received/sec" RangeGroup="Network Packets" />
                <Counter Name="Packets Sent/sec" RangeGroup="Network Packets" />
                <Counter Name="Current Bandwidth" RangeGroup="Network Bytes" />
                <Counter Name="Bytes Total/sec" RangeGroup="Network Bytes">
                  <ThresholdRules>
                    <ThresholdRule Classname="Microsoft.VisualStudio.TestTools.WebStress.Rules.ThresholdRuleCompareCounters, Microsoft.VisualStudio.QualityTools.LoadTest, Version=15.0.0.0, Culture=neutral, PublicKeyToken=b03f5f7f11d50a3a">
                      <RuleParameters>
                        <RuleParameter Name="DependentCategory" Value="Network Interface" />
                        <RuleParameter Name="DependentCounter" Value="Current Bandwidth" />
                        <RuleParameter Name="DependentInstance" Value="" />
                        <RuleParameter Name="AlertIfOver" Value="True" />
                        <RuleParameter Name="WarningThreshold" Value="0.6" />
                        <RuleParameter Name="CriticalThreshold" Value="0.7" />
                      </RuleParameters>
                    </ThresholdRule>
                  </ThresholdRules>
                </Counter>
              </Counters>
              <Instances>
                <Instance Name="*" />
              </Instances>
            </CounterCategory>
            <CounterCategory Name="PhysicalDisk">
              <Counters>
                <Counter Name="% Disk Read Time" Range="100" />
                <Counter Name="% Disk Time" Range="100" />
                <Counter Name="% Disk Write Time" Range="100" />
                <Counter Name="% Idle Time" Range="100" HigherIsBetter="true">
                  <ThresholdRules>
                    <ThresholdRule Classname="Microsoft.VisualStudio.TestTools.WebStress.Rules.ThresholdRuleCompareConstant, Microsoft.VisualStudio.QualityTools.LoadTest">
                      <RuleParameters>
                        <RuleParameter Name="AlertIfOver" Value="False" />
                        <RuleParameter Name="WarningThreshold" Value="40" />
                        <RuleParameter Name="CriticalThreshold" Value="20" />
                      </RuleParameters>
                    </ThresholdRule>
                  </ThresholdRules>
                </Counter>
                <Counter Name="Avg. Disk Bytes/Read" RangeGroup="DiskBytesRate" />
                <Counter Name="Avg. Disk Bytes/Transfer" RangeGroup="DiskBytesRate" />
                <Counter Name="Avg. Disk Bytes/Write" RangeGroup="DiskBytesRate" />
                <Counter Name="Avg. Disk Queue Length" RangeGroup="Disk Queue Length" />
                <Counter Name="Avg. Disk Read Queue Length" RangeGroup="Disk Queue Length" />
                <Counter Name="Avg. Disk Write Queue Length" RangeGroup="Disk Queue Length" />
                <Counter Name="Current Disk Queue Length" RangeGroup="Disk Queue Length" />
                <Counter Name="Avg. Disk sec/Read" RangeGroup="Disk sec" />
                <Counter Name="Avg. Disk sec/Transfer" RangeGroup="Disk sec" />
                <Counter Name="Avg. Disk sec/Write" RangeGroup="Disk sec" />
                <Counter Name="Disk Bytes/sec" RangeGroup="Disk Bytes sec" />
                <Counter Name="Disk Read Bytes/sec" RangeGroup="Disk Bytes sec" />
                <Counter Name="Disk Reads/sec" RangeGroup="Disk Transfers sec" />
                <Counter Name="Disk Transfers/sec" RangeGroup="Disk Transfers sec" />
                <Counter Name="Disk Write Bytes/sec" RangeGroup="Disk Bytes sec" />
                <Counter Name="Disk Writes/sec" RangeGroup="Disk Transfers sec" />
                <Counter Name="Split IO/Sec" RangeGroup="Disk Transfers sec" />
              </Counters>
              <Instances>
                <Instance Name="*" />
              </Instances>
            </CounterCategory>
            <CounterCategory Name="Processor">
              <Counters>
                <Counter Name="% Processor Time" Range="100">
                  <ThresholdRules>
                    <ThresholdRule Classname="Microsoft.VisualStudio.TestTools.WebStress.Rules.ThresholdRuleCompareConstant, Microsoft.VisualStudio.QualityTools.LoadTest">
                      <RuleParameters>
                        <RuleParameter Name="AlertIfOver" Value="True" />
                        <RuleParameter Name="WarningThreshold" Value="75" />
                        <RuleParameter Name="CriticalThreshold" Value="90" />
                      </RuleParameters>
                    </ThresholdRule>
                  </ThresholdRules>
                </Counter>
                <Counter Name="% Privileged Time" Range="100" />
                <Counter Name="% User Time" Range="100" />
              </Counters>
              <Instances>
                <Instance Name="_Total" />
              </Instances>
            </CounterCategory>
            <CounterCategory Name="System">
              <Counters>
                <Counter Name="Context Switches/sec" />
                <Counter Name="Processes" />
                <Counter Name="Processor Queue Length" />
                <Counter Name="Threads" />
              </Counters>
            </CounterCategory>
            <CounterCategory Name="Process">
              <Counters>
                <Counter Name="% Processor Time" RangeGroup="Processor Time" />
                <Counter Name="% Privileged Time" RangeGroup="Processor Time" />
                <Counter Name="% User Time" RangeGroup="Processor Time" />
                <Counter Name="Handle Count" />
                <Counter Name="Thread Count" />
                <Counter Name="Private Bytes" RangeGroup="Memory Bytes" />
                <Counter Name="Virtual Bytes" RangeGroup="Memory Bytes" />
                <Counter Name="Working Set" RangeGroup="Memory Bytes" />
              </Counters>
              <Instances>
                <Instance Name="QTController" />
                <Instance Name="QTController64" />
              </Instances>
            </CounterCategory>
          </CounterCategories>
          <DefaultCountersForAutomaticGraphs>
            <DefaultCounter CategoryName="Processor" CounterName="% Processor Time" InstanceName="_Total" GraphName="" />
            <DefaultCounter CategoryName="Memory" CounterName="Available MBytes" InstanceName="" GraphName="" />
          </DefaultCountersForAutomaticGraphs>
        </CounterSet>
        <CounterSet Name="Agent" CounterSetType="Agent" LocId="CounterSet_Agent">
          <CounterCategories>
            <CounterCategory Name="Memory">
              <Counters>
                <Counter Name="% Committed Bytes In Use" Range="100" />
                <Counter Name="Available MBytes" RangeGroup="Memory Bytes" HigherIsBetter="true">
                  <ThresholdRules>
                    <ThresholdRule Classname="Microsoft.VisualStudio.TestTools.WebStress.Rules.ThresholdRuleCompareConstant, Microsoft.VisualStudio.QualityTools.LoadTest">
                      <RuleParameters>
                        <RuleParameter Name="AlertIfOver" Value="False" />
                        <RuleParameter Name="WarningThreshold" Value="100" />
                        <RuleParameter Name="CriticalThreshold" Value="50" />
                      </RuleParameters>
                    </ThresholdRule>
                  </ThresholdRules>
                </Counter>
                <Counter Name="Page Faults/sec" />
                <Counter Name="Pages/sec" />
                <Counter Name="Pool Paged Bytes" RangeGroup="Memory Bytes" />
                <Counter Name="Pool Nonpaged bytes" RangeGroup="Memory Bytes" />
              </Counters>
            </CounterCategory>
            <CounterCategory Name="Network Interface">
              <Counters>
                <Counter Name="Bytes Received/sec" RangeGroup="Network Bytes" />
                <Counter Name="Bytes Sent/sec" RangeGroup="Network Bytes" />
                <Counter Name="Output Queue Length">
                  <ThresholdRules>
                    <ThresholdRule Classname="Microsoft.VisualStudio.TestTools.WebStress.Rules.ThresholdRuleCompareConstant, Microsoft.VisualStudio.QualityTools.LoadTest">
                      <RuleParameters>
                        <RuleParameter Name="AlertIfOver" Value="True" />
                        <RuleParameter Name="WarningThreshold" Value="1.5" />
                        <RuleParameter Name="CriticalThreshold" Value="2" />
                      </RuleParameters>
                    </ThresholdRule>
                  </ThresholdRules>
                </Counter>
                <Counter Name="Packets Received/sec" RangeGroup="Network Packets" />
                <Counter Name="Packets Sent/sec" RangeGroup="Network Packets" />
                <Counter Name="Current Bandwidth" RangeGroup="Network Bytes" />
                <Counter Name="Bytes Total/sec" RangeGroup="Network Bytes">
                  <ThresholdRules>
                    <ThresholdRule Classname="Microsoft.VisualStudio.TestTools.WebStress.Rules.ThresholdRuleCompareCounters, Microsoft.VisualStudio.QualityTools.LoadTest, Version=15.0.0.0, Culture=neutral, PublicKeyToken=b03f5f7f11d50a3a">
                      <RuleParameters>
                        <RuleParameter Name="DependentCategory" Value="Network Interface" />
                        <RuleParameter Name="DependentCounter" Value="Current Bandwidth" />
                        <RuleParameter Name="DependentInstance" Value="" />
                        <RuleParameter Name="AlertIfOver" Value="True" />
                        <RuleParameter Name="WarningThreshold" Value="0.6" />
                        <RuleParameter Name="CriticalThreshold" Value="0.7" />
                      </RuleParameters>
                    </ThresholdRule>
                  </ThresholdRules>
                </Counter>
              </Counters>
              <Instances>
                <Instance Name="*" />
              </Instances>
            </CounterCategory>
            <CounterCategory Name="PhysicalDisk">
              <Counters>
                <Counter Name="% Disk Read Time" Range="100" />
                <Counter Name="% Disk Time" Range="100" />
                <Counter Name="% Disk Write Time" Range="100" />
                <Counter Name="% Idle Time" Range="100" HigherIsBetter="true">
                  <ThresholdRules>
                    <ThresholdRule Classname="Microsoft.VisualStudio.TestTools.WebStress.Rules.ThresholdRuleCompareConstant, Microsoft.VisualStudio.QualityTools.LoadTest">
                      <RuleParameters>
                        <RuleParameter Name="AlertIfOver" Value="False" />
                        <RuleParameter Name="WarningThreshold" Value="40" />
                        <RuleParameter Name="CriticalThreshold" Value="20" />
                      </RuleParameters>
                    </ThresholdRule>
                  </ThresholdRules>
                </Counter>
                <Counter Name="Avg. Disk Bytes/Read" RangeGroup="DiskBytesRate" />
                <Counter Name="Avg. Disk Bytes/Transfer" RangeGroup="DiskBytesRate" />
                <Counter Name="Avg. Disk Bytes/Write" RangeGroup="DiskBytesRate" />
                <Counter Name="Avg. Disk Queue Length" RangeGroup="Disk Queue Length" />
                <Counter Name="Avg. Disk Read Queue Length" RangeGroup="Disk Queue Length" />
                <Counter Name="Avg. Disk Write Queue Length" RangeGroup="Disk Queue Length" />
                <Counter Name="Current Disk Queue Length" RangeGroup="Disk Queue Length" />
                <Counter Name="Avg. Disk sec/Read" RangeGroup="Disk sec" />
                <Counter Name="Avg. Disk sec/Transfer" RangeGroup="Disk sec" />
                <Counter Name="Avg. Disk sec/Write" RangeGroup="Disk sec" />
                <Counter Name="Disk Bytes/sec" RangeGroup="Disk Bytes sec" />
                <Counter Name="Disk Read Bytes/sec" RangeGroup="Disk Bytes sec" />
                <Counter Name="Disk Reads/sec" RangeGroup="Disk Transfers sec" />
                <Counter Name="Disk Transfers/sec" RangeGroup="Disk Transfers sec" />
                <Counter Name="Disk Write Bytes/sec" RangeGroup="Disk Bytes sec" />
                <Counter Name="Disk Writes/sec" RangeGroup="Disk Transfers sec" />
                <Counter Name="Split IO/Sec" RangeGroup="Disk Transfers sec" />
              </Counters>
              <Instances>
                <Instance Name="*" />
              </Instances>
            </CounterCategory>
            <CounterCategory Name="Processor">
              <Counters>
                <Counter Name="% Processor Time" Range="100">
                  <ThresholdRules>
                    <ThresholdRule Classname="Microsoft.VisualStudio.TestTools.WebStress.Rules.ThresholdRuleCompareConstant, Microsoft.VisualStudio.QualityTools.LoadTest">
                      <RuleParameters>
                        <RuleParameter Name="AlertIfOver" Value="True" />
                        <RuleParameter Name="WarningThreshold" Value="75" />
                        <RuleParameter Name="CriticalThreshold" Value="90" />
                      </RuleParameters>
                    </ThresholdRule>
                  </ThresholdRules>
                </Counter>
                <Counter Name="% Privileged Time" Range="100" />
                <Counter Name="% User Time" Range="100" />
              </Counters>
              <Instances>
                <Instance Name="0" />
                <Instance Name="_Total" />
              </Instances>
            </CounterCategory>
            <CounterCategory Name="System">
              <Counters>
                <Counter Name="Context Switches/sec" />
                <Counter Name="Processes" />
                <Counter Name="Processor Queue Length" />
                <Counter Name="Threads" />
              </Counters>
            </CounterCategory>
            <CounterCategory Name="Process">
              <Counters>
                <Counter Name="% Processor Time" RangeGroup="Processor Time" />
                <Counter Name="% Privileged Time" RangeGroup="Processor Time" />
                <Counter Name="% User Time" RangeGroup="Processor Time" />
                <Counter Name="Handle Count" />
                <Counter Name="Thread Count" />
                <Counter Name="Private Bytes" RangeGroup="Memory Bytes" />
                <Counter Name="Virtual Bytes" RangeGroup="Memory Bytes" />
                <Counter Name="Working Set" RangeGroup="Memory Bytes" />
              </Counters>
              <Instances>
                <Instance Name="devenv" />
                <Instance Name="QTAgentService" />
                <Instance Name="QTAgent" />
                <Instance Name="QTAgent32" />
                <Instance Name="QTDCAgent" />
                <Instance Name="QTDCAgent32" />
                <Instance Name="QTAgent_35" />
                <Instance Name="QTAgent_40" />
                <Instance Name="QTAgent32_35" />
                <Instance Name="QTAgent32_40" />
              </Instances>
            </CounterCategory>
          </CounterCategories>
          <DefaultCountersForAutomaticGraphs>
            <DefaultCounter CategoryName="Processor" CounterName="% Processor Time" InstanceName="0" GraphName="" RunType="Local" />
            <DefaultCounter CategoryName="Processor" CounterName="% Processor Time" InstanceName="_Total" GraphName="" RunType="Remote" />
            <DefaultCounter CategoryName="Memory" CounterName="Available MBytes" InstanceName="" GraphName="" />
          </DefaultCountersForAutomaticGraphs>
        </CounterSet>
      </CounterSets>
      <RunConfigurations>
        <RunConfiguration Name="Run Settings1" Description="" ResultsStoreType="Database" TimingDetailsStorage="AllIndividualDetails" SaveTestLogsOnError="true" SaveTestLogsFrequency="0" MaxErrorDetails="200" MaxErrorsPerType="1000" MaxThresholdViolations="1000" MaxRequestUrlsReported="1000" UseTestIterations="false" RunDuration="300" WarmupTime="0" CoolDownTime="0" TestIterations="100" WebTestConnectionModel="ConnectionPerUser" WebTestConnectionPoolSize="50" SampleRate="15" ValidationLevel="High" SqlTracingConnectString="" SqlTracingConnectStringDisplayValue="" SqlTracingDirectory="" SqlTracingEnabled="false" SqlTracingFileCount="2" SqlTracingRolloverEnabled="true" SqlTracingMinimumDuration="500" RunUnitTestsInAppDomain="true" CoreCount="0" ResourcesRetentionTimeInMinutes="0" AgentDiagnosticsLevel="Warning">
          <CounterSetMappings>
            <CounterSetMapping ComputerName="[CONTROLLER MACHINE]">
              <CounterSetReferences>
                <CounterSetReference CounterSetName="LoadTest" />
                <CounterSetReference CounterSetName="Controller" />
              </CounterSetReferences>
            </CounterSetMapping>
            <CounterSetMapping ComputerName="[AGENT MACHINES]">
              <CounterSetReferences>
                <CounterSetReference CounterSetName="Agent" />
              </CounterSetReferences>
            </CounterSetMapping>
          </CounterSetMappings>
          <LoadGeneratorLocations>
            <GeoLocation Location="Default" Percentage="100" />
          </LoadGeneratorLocations>
        </RunConfiguration>
      </RunConfigurations>
    </LoadTest>
  </TestDefinitions>
  <TestLists>
    <TestList name="Results Not in a List" id="8c84fa94-04c1-424b-9868-57a2d4851a1d" />
    <TestList name="All Loaded Results" id="19431567-8539-422a-85d7-44ee4e166bda" />
  </TestLists>
  <TestEntries>
    <TestEntry isTransparent="false" testId="1a931a73-c3ad-47ec-b07f-ce97ef07f159" executionId="3559a16e-af97-4b54-98f3-ca6c8bf7ebbd" testListId="8c84fa94-04c1-424b-9868-57a2d4851a1d">
      <TestEntries>
        <TestEntry isTransparent="false" testId="5a5b3894-1bff-446a-a3cc-80df37982a2f" executionId="a483b1c6-eb12-4369-9492-78ff248a553c" parentExecutionId="3559a16e-af97-4b54-98f3-ca6c8bf7ebbd" testListId="8c84fa94-04c1-424b-9868-57a2d4851a1d" />
      </TestEntries>
    </TestEntry>
  </TestEntries>
  <Results>
    <TestResult executionId="3559a16e-af97-4b54-98f3-ca6c8bf7ebbd" testId="1a931a73-c3ad-47ec-b07f-ce97ef07f159" testName="LoadTest3" computerName="LAPTOP-A3HHO4HD" testType="fa4c85ff-1236-4463-b954-3ba2f0eabd95" outcome="NotRunnable" testListId="8c84fa94-04c1-424b-9868-57a2d4851a1d" relativeResultsDirectory="3559a16e-af97-4b54-98f3-ca6c8bf7ebbd">
      <Output>
        <ErrorInfo>
          <Message>An activated full version of Visual Studio Enterprise is required to run the load test with a plugin or a virtual user count greater than 250.</Message>
        </ErrorInfo>
      </Output>
    </TestResult>
  </Results>
</TestRun>