<?xml version="1.0" encoding="UTF-8"?>
<TestRun id="de72aadb-32ea-427e-8e6d-cf8a38602c0a" name="Nghia@LAPTOP-A3HHO4HD 2022-04-12 14:28:15" runUser="LAPTOP-A3HHO4HD\Nghia" xmlns="http://microsoft.com/schemas/VisualStudio/TeamTest/2010">
  <TestSettings name="Local" id="a8e0cb6a-baa9-45ff-8db4-a9edfcb72e0f">
    <Description>These are default test settings for a local test run.</Description>
    <Execution hostProcessPlatform="MSIL">
      <TestTypeSpecific />
      <AgentRule name="Execution Agents">
      </AgentRule>
    </Execution>
    <Deployment runDeploymentRoot="Nghia_LAPTOP-A3HHO4HD 2022-04-12 14_28_15" />
    <Properties>
      <Property name="TestSettingsUIType" value="LoadTest" />
    </Properties>
  </TestSettings>
  <Times creation="2022-04-12T14:28:15.2139287+07:00" queuing="2022-04-12T14:28:15.5186828+07:00" start="2022-04-12T14:28:15.6018213+07:00" finish="2022-04-12T14:28:27.9829151+07:00" />
  <ResultSummary outcome="Failed">
    <Counters total="1" executed="1" error="0" failed="1" timeout="0" aborted="0" inconclusive="0" passedButRunAborted="0" notRunnable="0" notExecuted="0" disconnected="0" warning="0" passed="0" completed="0" inProgress="0" pending="0" />
  </ResultSummary>
  <TestDefinitions>
    <WebTest name="WebTest1" storage="c:\users\nghia\source\repos\webandloadtestproject2\webandloadtestproject2\webtest1.webtest" id="45ec0b37-3143-408e-ad12-fb1bc9039d31" persistedWebTest="77u/PD94bWwgdmVyc2lvbj0iMS4wIiBlbmNvZGluZz0iVVRGLTgiIHN0YW5kYWxvbmU9InllcyI/Pg0KPFdlYlRlc3QgTmFtZT0iV2ViVGVzdDEiIElkPSI0NWVjMGIzNy0zMTQzLTQwOGUtYWQxMi1mYjFiYzkwMzlkMzEiIE93bmVyPSIiIFByaW9yaXR5PSIyMTQ3NDgzNjQ3IiBFbmFibGVkPSJUcnVlIiBDc3NQcm9qZWN0U3RydWN0dXJlPSIiIENzc0l0ZXJhdGlvbj0iIiBUaW1lb3V0PSIwIiBXb3JrSXRlbUlkcz0iIiB4bWxucz0iaHR0cDovL21pY3Jvc29mdC5jb20vc2NoZW1hcy9WaXN1YWxTdHVkaW8vVGVhbVRlc3QvMjAxMCIgRGVzY3JpcHRpb249IiIgQ3JlZGVudGlhbFVzZXJOYW1lPSIiIENyZWRlbnRpYWxQYXNzd29yZD0iIiBQcmVBdXRoZW50aWNhdGU9IlRydWUiIFByb3h5PSJkZWZhdWx0IiBTdG9wT25FcnJvcj0iRmFsc2UiIFJlY29yZGVkUmVzdWx0RmlsZT0iV2ViVGVzdDEuYTQyMDM2ZjYtYTlmMS00MjUzLTkzODctZWE5NTQxZTJmNWI3LnJlYy53ZWJ0ZXN0cmVzdWx0IiBSZXN1bHRzTG9jYWxlPSIiPg0KICA8SXRlbXM+DQogICAgPFJlcXVlc3QgTWV0aG9kPSJHRVQiIEd1aWQ9IjFhNTkwZWI4LWIwMjEtNGM2OS1hMzE3LWFjM2ZmMjgwODI2MyIgVmVyc2lvbj0iMS4xIiBVcmw9Imh0dHBzOi8vYXBpLmJpbmcuY29tL3FzbWwuYXNweCIgVGhpbmtUaW1lPSIxIiBUaW1lb3V0PSIzMDAiIFBhcnNlRGVwZW5kZW50UmVxdWVzdHM9IlRydWUiIEZvbGxvd1JlZGlyZWN0cz0iVHJ1ZSIgUmVjb3JkUmVzdWx0PSJUcnVlIiBDYWNoZT0iRmFsc2UiIFJlc3BvbnNlVGltZUdvYWw9IjAiIEVuY29kaW5nPSJ1dGYtOCIgRXhwZWN0ZWRIdHRwU3RhdHVzQ29kZT0iMCIgRXhwZWN0ZWRSZXNwb25zZVVybD0iIiBSZXBvcnRpbmdOYW1lPSIiIElnbm9yZUh0dHBTdGF0dXNDb2RlPSJGYWxzZSIgLz4NCiAgICA8UmVxdWVzdCBNZXRob2Q9IkdFVCIgR3VpZD0iODU2YzQ2YzAtNDBmZi00MmYxLTgzOGUtMzE2MzNlMGJjMmZmIiBWZXJzaW9uPSIxLjEiIFVybD0iaHR0cHM6Ly9hcGkuYmluZy5jb20vcXNtbC5hc3B4IiBUaGlua1RpbWU9IjEiIFRpbWVvdXQ9IjMwMCIgUGFyc2VEZXBlbmRlbnRSZXF1ZXN0cz0iVHJ1ZSIgRm9sbG93UmVkaXJlY3RzPSJUcnVlIiBSZWNvcmRSZXN1bHQ9IlRydWUiIENhY2hlPSJGYWxzZSIgUmVzcG9uc2VUaW1lR29hbD0iMCIgRW5jb2Rpbmc9InV0Zi04IiBFeHBlY3RlZEh0dHBTdGF0dXNDb2RlPSIwIiBFeHBlY3RlZFJlc3BvbnNlVXJsPSIiIFJlcG9ydGluZ05hbWU9IiIgSWdub3JlSHR0cFN0YXR1c0NvZGU9IkZhbHNlIj4NCiAgICAgIDxDb3JyZWxhdGlvbkV4dHJhY3Rpb25SdWxlcz4NCiAgICAgICAgPEV4dHJhY3Rpb25SdWxlIENsYXNzbmFtZT0iTWljcm9zb2Z0LlZpc3VhbFN0dWRpby5UZXN0VG9vbHMuV2ViVGVzdGluZy5SdWxlcy5FeHRyYWN0VGV4dCwgTWljcm9zb2Z0LlZpc3VhbFN0dWRpby5RdWFsaXR5VG9vbHMuV2ViVGVzdEZyYW1ld29yaywgVmVyc2lvbj0xMC4wLjAuMCwgQ3VsdHVyZT1uZXV0cmFsLCBQdWJsaWNLZXlUb2tlbj1iMDNmNWY3ZjExZDUwYTNhIiBWYXJpYWJsZU5hbWU9IkZvcm1Qb3N0UGFyYW0yLnpjaCIgRGlzcGxheU5hbWU9IiIgRGVzY3JpcHRpb249IiI+DQogICAgICAgICAgPFJ1bGVQYXJhbWV0ZXJzPg0KICAgICAgICAgICAgPFJ1bGVQYXJhbWV0ZXIgTmFtZT0iU3RhcnRzV2l0aCIgVmFsdWU9ImluZz0mcXVvdDsiIC8+DQogICAgICAgICAgICA8UnVsZVBhcmFtZXRlciBOYW1lPSJFbmRzV2l0aCIgVmFsdWU9IiZxdW90OyA/Jmd0OyZsdDsiIC8+DQogICAgICAgICAgICA8UnVsZVBhcmFtZXRlciBOYW1lPSJJbmRleCIgVmFsdWU9IjAiIC8+DQogICAgICAgICAgICA8UnVsZVBhcmFtZXRlciBOYW1lPSJJZ25vcmVDYXNlIiBWYWx1ZT0iRmFsc2UiIC8+DQogICAgICAgICAgICA8UnVsZVBhcmFtZXRlciBOYW1lPSJVc2VSZWd1bGFyRXhwcmVzc2lvbiIgVmFsdWU9IkZhbHNlIiAvPg0KICAgICAgICAgICAgPFJ1bGVQYXJhbWV0ZXIgTmFtZT0iSHRtbERlY29kZSIgVmFsdWU9IlRydWUiIC8+DQogICAgICAgICAgICA8UnVsZVBhcmFtZXRlciBOYW1lPSJSZXF1aXJlZCIgVmFsdWU9IkZhbHNlIiAvPg0KICAgICAgICAgIDwvUnVsZVBhcmFtZXRlcnM+DQogICAgICAgIDwvRXh0cmFjdGlvblJ1bGU+DQogICAgICA8L0NvcnJlbGF0aW9uRXh0cmFjdGlvblJ1bGVzPg0KICAgICAgPFF1ZXJ5U3RyaW5nUGFyYW1ldGVycz4NCiAgICAgICAgPFF1ZXJ5U3RyaW5nUGFyYW1ldGVyIE5hbWU9InF1ZXJ5IiBWYWx1ZT0idGgiIFJlY29yZGVkVmFsdWU9InRoIiBDb3JyZWxhdGlvbkJpbmRpbmc9IiIgVXJsRW5jb2RlPSJGYWxzZSIgVXNlVG9Hcm91cFJlc3VsdHM9IkZhbHNlIiAvPg0KICAgICAgICA8UXVlcnlTdHJpbmdQYXJhbWV0ZXIgTmFtZT0ibWFya2V0IiBWYWx1ZT0iZW4tVVMiIFJlY29yZGVkVmFsdWU9ImVuLVVTIiBDb3JyZWxhdGlvbkJpbmRpbmc9IiIgVXJsRW5jb2RlPSJGYWxzZSIgVXNlVG9Hcm91cFJlc3VsdHM9IkZhbHNlIiAvPg0KICAgICAgICA8UXVlcnlTdHJpbmdQYXJhbWV0ZXIgTmFtZT0ibWF4d2lkdGgiIFZhbHVlPSIzMjc2NSIgUmVjb3JkZWRWYWx1ZT0iMzI3NjUiIENvcnJlbGF0aW9uQmluZGluZz0iIiBVcmxFbmNvZGU9IkZhbHNlIiBVc2VUb0dyb3VwUmVzdWx0cz0iRmFsc2UiIC8+DQogICAgICAgIDxRdWVyeVN0cmluZ1BhcmFtZXRlciBOYW1lPSJyb3doZWlnaHQiIFZhbHVlPSIzMSIgUmVjb3JkZWRWYWx1ZT0iMzEiIENvcnJlbGF0aW9uQmluZGluZz0iIiBVcmxFbmNvZGU9IkZhbHNlIiBVc2VUb0dyb3VwUmVzdWx0cz0iRmFsc2UiIC8+DQogICAgICAgIDxRdWVyeVN0cmluZ1BhcmFtZXRlciBOYW1lPSJzZWN0aW9uSGVpZ2h0IiBWYWx1ZT0iMjQ4IiBSZWNvcmRlZFZhbHVlPSIyNDgiIENvcnJlbGF0aW9uQmluZGluZz0iIiBVcmxFbmNvZGU9IkZhbHNlIiBVc2VUb0dyb3VwUmVzdWx0cz0iRmFsc2UiIC8+DQogICAgICAgIDxRdWVyeVN0cmluZ1BhcmFtZXRlciBOYW1lPSJGT1JNIiBWYWx1ZT0iSUVTUzRBIiBSZWNvcmRlZFZhbHVlPSJJRVNTNEEiIENvcnJlbGF0aW9uQmluZGluZz0iIiBVcmxFbmNvZGU9IkZhbHNlIiBVc2VUb0dyb3VwUmVzdWx0cz0iRmFsc2UiIC8+DQogICAgICAgIDxRdWVyeVN0cmluZ1BhcmFtZXRlciBOYW1lPSJwYyIgVmFsdWU9IkVVUFBfVUUwNCIgUmVjb3JkZWRWYWx1ZT0iRVVQUF9VRTA0IiBDb3JyZWxhdGlvbkJpbmRpbmc9IiIgVXJsRW5jb2RlPSJGYWxzZSIgVXNlVG9Hcm91cFJlc3VsdHM9IkZhbHNlIiAvPg0KICAgICAgPC9RdWVyeVN0cmluZ1BhcmFtZXRlcnM+DQogICAgPC9SZXF1ZXN0Pg0KICAgIDxSZXF1ZXN0IE1ldGhvZD0iR0VUIiBHdWlkPSI5YTliZDVkNi1jYjQwLTQ2ZjQtOWExMS0xYmU1N2UxODY5YTYiIFZlcnNpb249IjEuMSIgVXJsPSJodHRwOi8vdGhvbmd0aW5kYW90YW8uc2d1LmVkdS52bi8iIFRoaW5rVGltZT0iMCIgVGltZW91dD0iMzAwIiBQYXJzZURlcGVuZGVudFJlcXVlc3RzPSJUcnVlIiBGb2xsb3dSZWRpcmVjdHM9IlRydWUiIFJlY29yZFJlc3VsdD0iVHJ1ZSIgQ2FjaGU9IkZhbHNlIiBSZXNwb25zZVRpbWVHb2FsPSIwIiBFbmNvZGluZz0idXRmLTgiIEV4cGVjdGVkSHR0cFN0YXR1c0NvZGU9IjAiIEV4cGVjdGVkUmVzcG9uc2VVcmw9IiIgUmVwb3J0aW5nTmFtZT0iIiBJZ25vcmVIdHRwU3RhdHVzQ29kZT0iRmFsc2UiPg0KICAgICAgPERlcGVuZGVudFJlcXVlc3RzPg0KICAgICAgICA8UmVxdWVzdCBNZXRob2Q9IlBPU1QiIEd1aWQ9IjkxODA1NmUyLWE1ZWEtNDZiMi1iZDE0LWVlOTNiMzNmOWE0ZCIgVmVyc2lvbj0iMS4xIiBVcmw9Imh0dHBzOi8vemEuemFsby5tZS92My93L3QiIFRoaW5rVGltZT0iNCIgVGltZW91dD0iMzAwIiBQYXJzZURlcGVuZGVudFJlcXVlc3RzPSJUcnVlIiBGb2xsb3dSZWRpcmVjdHM9IlRydWUiIFJlY29yZFJlc3VsdD0iVHJ1ZSIgQ2FjaGU9IkZhbHNlIiBSZXNwb25zZVRpbWVHb2FsPSIwIiBFbmNvZGluZz0idXRmLTgiIEV4cGVjdGVkSHR0cFN0YXR1c0NvZGU9IjAiIEV4cGVjdGVkUmVzcG9uc2VVcmw9IiIgUmVwb3J0aW5nTmFtZT0iIiBJZ25vcmVIdHRwU3RhdHVzQ29kZT0iRmFsc2UiPg0KICAgICAgICAgIDxIZWFkZXJzPg0KICAgICAgICAgICAgPEhlYWRlciBOYW1lPSJSZWZlcmVyIiBWYWx1ZT0iaHR0cDovL3Rob25ndGluZGFvdGFvLnNndS5lZHUudm4vIiAvPg0KICAgICAgICAgIDwvSGVhZGVycz4NCiAgICAgICAgICA8Rm9ybVBvc3RIdHRwQm9keT4NCiAgICAgICAgICAgIDxGb3JtUG9zdFBhcmFtZXRlciBOYW1lPSJ6bCIgVmFsdWU9Imh0dHA6Ly90aG9uZ3RpbmRhb3Rhby5zZ3UuZWR1LnZuLyIgUmVjb3JkZWRWYWx1ZT0iaHR0cDovL3Rob25ndGluZGFvdGFvLnNndS5lZHUudm4vIiBDb3JyZWxhdGlvbkJpbmRpbmc9IiIgVXJsRW5jb2RlPSJUcnVlIiAvPg0KICAgICAgICAgICAgPEZvcm1Qb3N0UGFyYW1ldGVyIE5hbWU9InpyZiIgVmFsdWU9IiIgUmVjb3JkZWRWYWx1ZT0iIiBDb3JyZWxhdGlvbkJpbmRpbmc9IiIgVXJsRW5jb2RlPSJUcnVlIiAvPg0KICAgICAgICAgICAgPEZvcm1Qb3N0UGFyYW1ldGVyIE5hbWU9InpjaCIgVmFsdWU9InV0Zi04IiBSZWNvcmRlZFZhbHVlPSJ1dGYtOCIgQ29ycmVsYXRpb25CaW5kaW5nPSJ7e0Zvcm1Qb3N0UGFyYW0yLnpjaH19IiBVcmxFbmNvZGU9IlRydWUiIC8+DQogICAgICAgICAgICA8Rm9ybVBvc3RQYXJhbWV0ZXIgTmFtZT0ienRzIiBWYWx1ZT0iMTY0OTc0ODQ3MTIxOCIgUmVjb3JkZWRWYWx1ZT0iMTY0OTc0ODQ3MTIxOCIgQ29ycmVsYXRpb25CaW5kaW5nPSIiIFVybEVuY29kZT0iVHJ1ZSIgLz4NCiAgICAgICAgICAgIDxGb3JtUG9zdFBhcmFtZXRlciBOYW1lPSJ6b3MiIFZhbHVlPSJXaW5kb3dzIiBSZWNvcmRlZFZhbHVlPSJXaW5kb3dzIiBDb3JyZWxhdGlvbkJpbmRpbmc9IiIgVXJsRW5jb2RlPSJUcnVlIiAvPg0KICAgICAgICAgICAgPEZvcm1Qb3N0UGFyYW1ldGVyIE5hbWU9InpsYSIgVmFsdWU9ImVuLVVTLCIgUmVjb3JkZWRWYWx1ZT0iZW4tVVMsIiBDb3JyZWxhdGlvbkJpbmRpbmc9IiIgVXJsRW5jb2RlPSJUcnVlIiAvPg0KICAgICAgICAgICAgPEZvcm1Qb3N0UGFyYW1ldGVyIE5hbWU9Il9femkiIFZhbHVlPSIyMDAwLlNTWnplanlEMnphLW5Fa1h0bXFPcXNkNmx4LUgwbTJIRFRJcmVPRDE0ZVNkcy1rZ1ltSFNaWVZNeEFVMDBYTUE4ajZmZU84MjU4dVhyQWNXLjEiIFJlY29yZGVkVmFsdWU9IjIwMDAuU1NaemVqeUQyemEtbkVrWHRtcU9xc2Q2bHgtSDBtMkhEVElyZU9EMTRlU2RzLWtnWW1IU1pZVk14QVUwMFhNQThqNmZlTzgyNTh1WHJBY1cuMSIgQ29ycmVsYXRpb25CaW5kaW5nPSIiIFVybEVuY29kZT0iVHJ1ZSIgLz4NCiAgICAgICAgICAgIDxGb3JtUG9zdFBhcmFtZXRlciBOYW1lPSJ2IiBWYWx1ZT0iMjIwMTEwMTYwMyIgUmVjb3JkZWRWYWx1ZT0iMjIwMTEwMTYwMyIgQ29ycmVsYXRpb25CaW5kaW5nPSIiIFVybEVuY29kZT0iVHJ1ZSIgLz4NCiAgICAgICAgICAgIDxGb3JtUG9zdFBhcmFtZXRlciBOYW1lPSJpbmNvZyIgVmFsdWU9ImZhbHNlIiBSZWNvcmRlZFZhbHVlPSJmYWxzZSIgQ29ycmVsYXRpb25CaW5kaW5nPSIiIFVybEVuY29kZT0iVHJ1ZSIgLz4NCiAgICAgICAgICAgIDxGb3JtUG9zdFBhcmFtZXRlciBOYW1lPSJ6YWN0IiBWYWx1ZT0icHYiIFJlY29yZGVkVmFsdWU9InB2IiBDb3JyZWxhdGlvbkJpbmRpbmc9IiIgVXJsRW5jb2RlPSJUcnVlIiAvPg0KICAgICAgICAgICAgPEZvcm1Qb3N0UGFyYW1ldGVyIE5hbWU9Il96YXBwIiBWYWx1ZT0ibnVsbCIgUmVjb3JkZWRWYWx1ZT0ibnVsbCIgQ29ycmVsYXRpb25CaW5kaW5nPSIiIFVybEVuY29kZT0iVHJ1ZSIgLz4NCiAgICAgICAgICAgIDxGb3JtUG9zdFBhcmFtZXRlciBOYW1lPSJfemlkbmJhaWQiIFZhbHVlPSJudWxsIiBSZWNvcmRlZFZhbHVlPSJudWxsIiBDb3JyZWxhdGlvbkJpbmRpbmc9IiIgVXJsRW5jb2RlPSJUcnVlIiAvPg0KICAgICAgICAgIDwvRm9ybVBvc3RIdHRwQm9keT4NCiAgICAgICAgPC9SZXF1ZXN0Pg0KICAgICAgPC9EZXBlbmRlbnRSZXF1ZXN0cz4NCiAgICAgIDxDb3JyZWxhdGlvbkV4dHJhY3Rpb25SdWxlcz4NCiAgICAgICAgPEV4dHJhY3Rpb25SdWxlIENsYXNzbmFtZT0iTWljcm9zb2Z0LlZpc3VhbFN0dWRpby5UZXN0VG9vbHMuV2ViVGVzdGluZy5SdWxlcy5FeHRyYWN0VGV4dCwgTWljcm9zb2Z0LlZpc3VhbFN0dWRpby5RdWFsaXR5VG9vbHMuV2ViVGVzdEZyYW1ld29yaywgVmVyc2lvbj0xMC4wLjAuMCwgQ3VsdHVyZT1uZXV0cmFsLCBQdWJsaWNLZXlUb2tlbj1iMDNmNWY3ZjExZDUwYTNhIiBWYXJpYWJsZU5hbWU9IlF1ZXJ5U3RyaW5nUGFyYW00LnBhZ2UiIERpc3BsYXlOYW1lPSIiIERlc2NyaXB0aW9uPSIiPg0KICAgICAgICAgIDxSdWxlUGFyYW1ldGVycz4NCiAgICAgICAgICAgIDxSdWxlUGFyYW1ldGVyIE5hbWU9IlN0YXJ0c1dpdGgiIFZhbHVlPSI/cGFnZT0iIC8+DQogICAgICAgICAgICA8UnVsZVBhcmFtZXRlciBOYW1lPSJFbmRzV2l0aCIgVmFsdWU9IiZxdW90OyIgLz4NCiAgICAgICAgICAgIDxSdWxlUGFyYW1ldGVyIE5hbWU9IkluZGV4IiBWYWx1ZT0iMiIgLz4NCiAgICAgICAgICAgIDxSdWxlUGFyYW1ldGVyIE5hbWU9Iklnbm9yZUNhc2UiIFZhbHVlPSJGYWxzZSIgLz4NCiAgICAgICAgICAgIDxSdWxlUGFyYW1ldGVyIE5hbWU9IlVzZVJlZ3VsYXJFeHByZXNzaW9uIiBWYWx1ZT0iRmFsc2UiIC8+DQogICAgICAgICAgICA8UnVsZVBhcmFtZXRlciBOYW1lPSJIdG1sRGVjb2RlIiBWYWx1ZT0iVHJ1ZSIgLz4NCiAgICAgICAgICAgIDxSdWxlUGFyYW1ldGVyIE5hbWU9IlJlcXVpcmVkIiBWYWx1ZT0iRmFsc2UiIC8+DQogICAgICAgICAgPC9SdWxlUGFyYW1ldGVycz4NCiAgICAgICAgPC9FeHRyYWN0aW9uUnVsZT4NCiAgICAgIDwvQ29ycmVsYXRpb25FeHRyYWN0aW9uUnVsZXM+DQogICAgPC9SZXF1ZXN0Pg0KICAgIDxSZXF1ZXN0IE1ldGhvZD0iR0VUIiBHdWlkPSJkZDRmMDdmNi1mZjQ2LTQxY2ItOTNjOS04MWU2OWIyYjc3MTgiIFZlcnNpb249IjEuMSIgVXJsPSJodHRwOi8vdGhvbmd0aW5kYW90YW8uc2d1LmVkdS52bi9EZWZhdWx0LmFzcHgiIFRoaW5rVGltZT0iNCIgVGltZW91dD0iMzAwIiBQYXJzZURlcGVuZGVudFJlcXVlc3RzPSJUcnVlIiBGb2xsb3dSZWRpcmVjdHM9IlRydWUiIFJlY29yZFJlc3VsdD0iVHJ1ZSIgQ2FjaGU9IkZhbHNlIiBSZXNwb25zZVRpbWVHb2FsPSIwIiBFbmNvZGluZz0idXRmLTgiIEV4cGVjdGVkSHR0cFN0YXR1c0NvZGU9IjAiIEV4cGVjdGVkUmVzcG9uc2VVcmw9Imh0dHA6Ly90aG9uZ3RpbmRhb3Rhby5zZ3UuZWR1LnZuL2RlZmF1bHQuYXNweD9wYWdlPW5oYXBtYXN2JmFtcDtmbGFnPVRob2lLaG9hQmlldSIgUmVwb3J0aW5nTmFtZT0iIiBJZ25vcmVIdHRwU3RhdHVzQ29kZT0iRmFsc2UiPg0KICAgICAgPEhlYWRlcnM+DQogICAgICAgIDxIZWFkZXIgTmFtZT0iUmVmZXJlciIgVmFsdWU9Imh0dHA6Ly90aG9uZ3RpbmRhb3Rhby5zZ3UuZWR1LnZuLyIgLz4NCiAgICAgIDwvSGVhZGVycz4NCiAgICAgIDxFeHRyYWN0aW9uUnVsZXM+DQogICAgICAgIDxFeHRyYWN0aW9uUnVsZSBDbGFzc25hbWU9Ik1pY3Jvc29mdC5WaXN1YWxTdHVkaW8uVGVzdFRvb2xzLldlYlRlc3RpbmcuUnVsZXMuRXh0cmFjdEhpZGRlbkZpZWxkcywgTWljcm9zb2Z0LlZpc3VhbFN0dWRpby5RdWFsaXR5VG9vbHMuV2ViVGVzdEZyYW1ld29yaywgVmVyc2lvbj0xMC4wLjAuMCwgQ3VsdHVyZT1uZXV0cmFsLCBQdWJsaWNLZXlUb2tlbj1iMDNmNWY3ZjExZDUwYTNhIiBWYXJpYWJsZU5hbWU9IjEiIERpc3BsYXlOYW1lPSJFeHRyYWN0IEhpZGRlbiBGaWVsZHMiIERlc2NyaXB0aW9uPSJFeHRyYWN0IGFsbCBoaWRkZW4gZmllbGRzIGZyb20gdGhlIHJlc3BvbnNlIGFuZCBwbGFjZSB0aGVtIGludG8gdGhlIHRlc3QgY29udGV4dC4iPg0KICAgICAgICAgIDxSdWxlUGFyYW1ldGVycz4NCiAgICAgICAgICAgIDxSdWxlUGFyYW1ldGVyIE5hbWU9IlJlcXVpcmVkIiBWYWx1ZT0iVHJ1ZSIgLz4NCiAgICAgICAgICAgIDxSdWxlUGFyYW1ldGVyIE5hbWU9Ikh0bWxEZWNvZGUiIFZhbHVlPSJUcnVlIiAvPg0KICAgICAgICAgIDwvUnVsZVBhcmFtZXRlcnM+DQogICAgICAgIDwvRXh0cmFjdGlvblJ1bGU+DQogICAgICA8L0V4dHJhY3Rpb25SdWxlcz4NCiAgICAgIDxDb3JyZWxhdGlvbkV4dHJhY3Rpb25SdWxlcz4NCiAgICAgICAgPEV4dHJhY3Rpb25SdWxlIENsYXNzbmFtZT0iTWljcm9zb2Z0LlZpc3VhbFN0dWRpby5UZXN0VG9vbHMuV2ViVGVzdGluZy5SdWxlcy5FeHRyYWN0VGV4dCwgTWljcm9zb2Z0LlZpc3VhbFN0dWRpby5RdWFsaXR5VG9vbHMuV2ViVGVzdEZyYW1ld29yaywgVmVyc2lvbj0xMC4wLjAuMCwgQ3VsdHVyZT1uZXV0cmFsLCBQdWJsaWNLZXlUb2tlbj1iMDNmNWY3ZjExZDUwYTNhIiBWYXJpYWJsZU5hbWU9IlF1ZXJ5U3RyaW5nUGFyYW0yLnBhZ2UiIERpc3BsYXlOYW1lPSIiIERlc2NyaXB0aW9uPSIiPg0KICAgICAgICAgIDxSdWxlUGFyYW1ldGVycz4NCiAgICAgICAgICAgIDxSdWxlUGFyYW1ldGVyIE5hbWU9IlN0YXJ0c1dpdGgiIFZhbHVlPSI/cGFnZT0iIC8+DQogICAgICAgICAgICA8UnVsZVBhcmFtZXRlciBOYW1lPSJFbmRzV2l0aCIgVmFsdWU9IiZhbXA7IiAvPg0KICAgICAgICAgICAgPFJ1bGVQYXJhbWV0ZXIgTmFtZT0iSW5kZXgiIFZhbHVlPSIwIiAvPg0KICAgICAgICAgICAgPFJ1bGVQYXJhbWV0ZXIgTmFtZT0iSWdub3JlQ2FzZSIgVmFsdWU9IkZhbHNlIiAvPg0KICAgICAgICAgICAgPFJ1bGVQYXJhbWV0ZXIgTmFtZT0iVXNlUmVndWxhckV4cHJlc3Npb24iIFZhbHVlPSJGYWxzZSIgLz4NCiAgICAgICAgICAgIDxSdWxlUGFyYW1ldGVyIE5hbWU9Ikh0bWxEZWNvZGUiIFZhbHVlPSJUcnVlIiAvPg0KICAgICAgICAgICAgPFJ1bGVQYXJhbWV0ZXIgTmFtZT0iUmVxdWlyZWQiIFZhbHVlPSJGYWxzZSIgLz4NCiAgICAgICAgICA8L1J1bGVQYXJhbWV0ZXJzPg0KICAgICAgICA8L0V4dHJhY3Rpb25SdWxlPg0KICAgICAgICA8RXh0cmFjdGlvblJ1bGUgQ2xhc3NuYW1lPSJNaWNyb3NvZnQuVmlzdWFsU3R1ZGlvLlRlc3RUb29scy5XZWJUZXN0aW5nLlJ1bGVzLkV4dHJhY3RUZXh0LCBNaWNyb3NvZnQuVmlzdWFsU3R1ZGlvLlF1YWxpdHlUb29scy5XZWJUZXN0RnJhbWV3b3JrLCBWZXJzaW9uPTEwLjAuMC4wLCBDdWx0dXJlPW5ldXRyYWwsIFB1YmxpY0tleVRva2VuPWIwM2Y1ZjdmMTFkNTBhM2EiIFZhcmlhYmxlTmFtZT0iUXVlcnlTdHJpbmdQYXJhbTMuZmxhZyIgRGlzcGxheU5hbWU9IiIgRGVzY3JpcHRpb249IiI+DQogICAgICAgICAgPFJ1bGVQYXJhbWV0ZXJzPg0KICAgICAgICAgICAgPFJ1bGVQYXJhbWV0ZXIgTmFtZT0iU3RhcnRzV2l0aCIgVmFsdWU9IiZhbXA7YW1wO2ZsYWc9IiAvPg0KICAgICAgICAgICAgPFJ1bGVQYXJhbWV0ZXIgTmFtZT0iRW5kc1dpdGgiIFZhbHVlPSImcXVvdDsiIC8+DQogICAgICAgICAgICA8UnVsZVBhcmFtZXRlciBOYW1lPSJJbmRleCIgVmFsdWU9IjAiIC8+DQogICAgICAgICAgICA8UnVsZVBhcmFtZXRlciBOYW1lPSJJZ25vcmVDYXNlIiBWYWx1ZT0iRmFsc2UiIC8+DQogICAgICAgICAgICA8UnVsZVBhcmFtZXRlciBOYW1lPSJVc2VSZWd1bGFyRXhwcmVzc2lvbiIgVmFsdWU9IkZhbHNlIiAvPg0KICAgICAgICAgICAgPFJ1bGVQYXJhbWV0ZXIgTmFtZT0iSHRtbERlY29kZSIgVmFsdWU9IlRydWUiIC8+DQogICAgICAgICAgICA8UnVsZVBhcmFtZXRlciBOYW1lPSJSZXF1aXJlZCIgVmFsdWU9IkZhbHNlIiAvPg0KICAgICAgICAgIDwvUnVsZVBhcmFtZXRlcnM+DQogICAgICAgIDwvRXh0cmFjdGlvblJ1bGU+DQogICAgICAgIDxFeHRyYWN0aW9uUnVsZSBDbGFzc25hbWU9Ik1pY3Jvc29mdC5WaXN1YWxTdHVkaW8uVGVzdFRvb2xzLldlYlRlc3RpbmcuUnVsZXMuRXh0cmFjdEZvcm1GaWVsZCwgTWljcm9zb2Z0LlZpc3VhbFN0dWRpby5RdWFsaXR5VG9vbHMuV2ViVGVzdEZyYW1ld29yaywgVmVyc2lvbj0xMC4wLjAuMCwgQ3VsdHVyZT1uZXV0cmFsLCBQdWJsaWNLZXlUb2tlbj1iMDNmNWY3ZjExZDUwYTNhIiBWYXJpYWJsZU5hbWU9IkZvcm1Qb3N0UGFyYW0xLmN0bDAwJENvbnRlbnRQbGFjZUhvbGRlcjEkY3RsMDAkcmFkaW8iIERpc3BsYXlOYW1lPSIiIERlc2NyaXB0aW9uPSIiPg0KICAgICAgICAgIDxSdWxlUGFyYW1ldGVycz4NCiAgICAgICAgICAgIDxSdWxlUGFyYW1ldGVyIE5hbWU9Ik5hbWUiIFZhbHVlPSJjdGwwMF9Db250ZW50UGxhY2VIb2xkZXIxX2N0bDAwX3JhZGlvTWFTViIgLz4NCiAgICAgICAgICAgIDxSdWxlUGFyYW1ldGVyIE5hbWU9Ikh0bWxEZWNvZGUiIFZhbHVlPSJUcnVlIiAvPg0KICAgICAgICAgICAgPFJ1bGVQYXJhbWV0ZXIgTmFtZT0iUmVxdWlyZWQiIFZhbHVlPSJGYWxzZSIgLz4NCiAgICAgICAgICAgIDxSdWxlUGFyYW1ldGVyIE5hbWU9IkluZGV4IiBWYWx1ZT0iMSIgLz4NCiAgICAgICAgICA8L1J1bGVQYXJhbWV0ZXJzPg0KICAgICAgICA8L0V4dHJhY3Rpb25SdWxlPg0KICAgICAgICA8RXh0cmFjdGlvblJ1bGUgQ2xhc3NuYW1lPSJNaWNyb3NvZnQuVmlzdWFsU3R1ZGlvLlRlc3RUb29scy5XZWJUZXN0aW5nLlJ1bGVzLkV4dHJhY3RUZXh0LCBNaWNyb3NvZnQuVmlzdWFsU3R1ZGlvLlF1YWxpdHlUb29scy5XZWJUZXN0RnJhbWV3b3JrLCBWZXJzaW9uPTEwLjAuMC4wLCBDdWx0dXJlPW5ldXRyYWwsIFB1YmxpY0tleVRva2VuPWIwM2Y1ZjdmMTFkNTBhM2EiIFZhcmlhYmxlTmFtZT0iUXVlcnlTdHJpbmdQYXJhbTEyLnBhZ2UiIERpc3BsYXlOYW1lPSIiIERlc2NyaXB0aW9uPSIiPg0KICAgICAgICAgIDxSdWxlUGFyYW1ldGVycz4NCiAgICAgICAgICAgIDxSdWxlUGFyYW1ldGVyIE5hbWU9IlN0YXJ0c1dpdGgiIFZhbHVlPSI/cGFnZT0iIC8+DQogICAgICAgICAgICA8UnVsZVBhcmFtZXRlciBOYW1lPSJFbmRzV2l0aCIgVmFsdWU9IiZhbXA7IiAvPg0KICAgICAgICAgICAgPFJ1bGVQYXJhbWV0ZXIgTmFtZT0iSW5kZXgiIFZhbHVlPSIwIiAvPg0KICAgICAgICAgICAgPFJ1bGVQYXJhbWV0ZXIgTmFtZT0iSWdub3JlQ2FzZSIgVmFsdWU9IkZhbHNlIiAvPg0KICAgICAgICAgICAgPFJ1bGVQYXJhbWV0ZXIgTmFtZT0iVXNlUmVndWxhckV4cHJlc3Npb24iIFZhbHVlPSJGYWxzZSIgLz4NCiAgICAgICAgICAgIDxSdWxlUGFyYW1ldGVyIE5hbWU9Ikh0bWxEZWNvZGUiIFZhbHVlPSJUcnVlIiAvPg0KICAgICAgICAgICAgPFJ1bGVQYXJhbWV0ZXIgTmFtZT0iUmVxdWlyZWQiIFZhbHVlPSJGYWxzZSIgLz4NCiAgICAgICAgICA8L1J1bGVQYXJhbWV0ZXJzPg0KICAgICAgICA8L0V4dHJhY3Rpb25SdWxlPg0KICAgICAgICA8RXh0cmFjdGlvblJ1bGUgQ2xhc3NuYW1lPSJNaWNyb3NvZnQuVmlzdWFsU3R1ZGlvLlRlc3RUb29scy5XZWJUZXN0aW5nLlJ1bGVzLkV4dHJhY3RUZXh0LCBNaWNyb3NvZnQuVmlzdWFsU3R1ZGlvLlF1YWxpdHlUb29scy5XZWJUZXN0RnJhbWV3b3JrLCBWZXJzaW9uPTEwLjAuMC4wLCBDdWx0dXJlPW5ldXRyYWwsIFB1YmxpY0tleVRva2VuPWIwM2Y1ZjdmMTFkNTBhM2EiIFZhcmlhYmxlTmFtZT0iUXVlcnlTdHJpbmdQYXJhbTEzLmZsYWciIERpc3BsYXlOYW1lPSIiIERlc2NyaXB0aW9uPSIiPg0KICAgICAgICAgIDxSdWxlUGFyYW1ldGVycz4NCiAgICAgICAgICAgIDxSdWxlUGFyYW1ldGVyIE5hbWU9IlN0YXJ0c1dpdGgiIFZhbHVlPSImYW1wO2FtcDtmbGFnPSIgLz4NCiAgICAgICAgICAgIDxSdWxlUGFyYW1ldGVyIE5hbWU9IkVuZHNXaXRoIiBWYWx1ZT0iJnF1b3Q7IiAvPg0KICAgICAgICAgICAgPFJ1bGVQYXJhbWV0ZXIgTmFtZT0iSW5kZXgiIFZhbHVlPSIwIiAvPg0KICAgICAgICAgICAgPFJ1bGVQYXJhbWV0ZXIgTmFtZT0iSWdub3JlQ2FzZSIgVmFsdWU9IkZhbHNlIiAvPg0KICAgICAgICAgICAgPFJ1bGVQYXJhbWV0ZXIgTmFtZT0iVXNlUmVndWxhckV4cHJlc3Npb24iIFZhbHVlPSJGYWxzZSIgLz4NCiAgICAgICAgICAgIDxSdWxlUGFyYW1ldGVyIE5hbWU9Ikh0bWxEZWNvZGUiIFZhbHVlPSJUcnVlIiAvPg0KICAgICAgICAgICAgPFJ1bGVQYXJhbWV0ZXIgTmFtZT0iUmVxdWlyZWQiIFZhbHVlPSJGYWxzZSIgLz4NCiAgICAgICAgICA8L1J1bGVQYXJhbWV0ZXJzPg0KICAgICAgICA8L0V4dHJhY3Rpb25SdWxlPg0KICAgICAgICA8RXh0cmFjdGlvblJ1bGUgQ2xhc3NuYW1lPSJNaWNyb3NvZnQuVmlzdWFsU3R1ZGlvLlRlc3RUb29scy5XZWJUZXN0aW5nLlJ1bGVzLkV4dHJhY3RGb3JtRmllbGQsIE1pY3Jvc29mdC5WaXN1YWxTdHVkaW8uUXVhbGl0eVRvb2xzLldlYlRlc3RGcmFtZXdvcmssIFZlcnNpb249MTAuMC4wLjAsIEN1bHR1cmU9bmV1dHJhbCwgUHVibGljS2V5VG9rZW49YjAzZjVmN2YxMWQ1MGEzYSIgVmFyaWFibGVOYW1lPSJGb3JtUG9zdFBhcmFtMy5jdGwwMCRDb250ZW50UGxhY2VIb2xkZXIxJGN0bDAwJHJhZGlvIiBEaXNwbGF5TmFtZT0iIiBEZXNjcmlwdGlvbj0iIj4NCiAgICAgICAgICA8UnVsZVBhcmFtZXRlcnM+DQogICAgICAgICAgICA8UnVsZVBhcmFtZXRlciBOYW1lPSJOYW1lIiBWYWx1ZT0iY3RsMDBfQ29udGVudFBsYWNlSG9sZGVyMV9jdGwwMF9yYWRpb01hU1YiIC8+DQogICAgICAgICAgICA8UnVsZVBhcmFtZXRlciBOYW1lPSJIdG1sRGVjb2RlIiBWYWx1ZT0iVHJ1ZSIgLz4NCiAgICAgICAgICAgIDxSdWxlUGFyYW1ldGVyIE5hbWU9IlJlcXVpcmVkIiBWYWx1ZT0iRmFsc2UiIC8+DQogICAgICAgICAgICA8UnVsZVBhcmFtZXRlciBOYW1lPSJJbmRleCIgVmFsdWU9IjEiIC8+DQogICAgICAgICAgPC9SdWxlUGFyYW1ldGVycz4NCiAgICAgICAgPC9FeHRyYWN0aW9uUnVsZT4NCiAgICAgIDwvQ29ycmVsYXRpb25FeHRyYWN0aW9uUnVsZXM+DQogICAgICA8UXVlcnlTdHJpbmdQYXJhbWV0ZXJzPg0KICAgICAgICA8UXVlcnlTdHJpbmdQYXJhbWV0ZXIgTmFtZT0icGFnZSIgVmFsdWU9InRob2lraG9hYmlldSIgUmVjb3JkZWRWYWx1ZT0idGhvaWtob2FiaWV1IiBDb3JyZWxhdGlvbkJpbmRpbmc9Int7UXVlcnlTdHJpbmdQYXJhbTQucGFnZX19IiBVcmxFbmNvZGU9IkZhbHNlIiBVc2VUb0dyb3VwUmVzdWx0cz0iRmFsc2UiIC8+DQogICAgICA8L1F1ZXJ5U3RyaW5nUGFyYW1ldGVycz4NCiAgICA8L1JlcXVlc3Q+DQogICAgPFJlcXVlc3QgTWV0aG9kPSJHRVQiIEd1aWQ9Ijg2ZGMyMTNiLWRmYzktNDBhYy1iZDkwLTc3ZTJlOTczMWU4MSIgVmVyc2lvbj0iMS4xIiBVcmw9Imh0dHA6Ly90aG9uZ3RpbmRhb3Rhby5zZ3UuZWR1LnZuL2RlZmF1bHQuYXNweCIgVGhpbmtUaW1lPSIwIiBUaW1lb3V0PSIzMDAiIFBhcnNlRGVwZW5kZW50UmVxdWVzdHM9IlRydWUiIEZvbGxvd1JlZGlyZWN0cz0iVHJ1ZSIgUmVjb3JkUmVzdWx0PSJUcnVlIiBDYWNoZT0iRmFsc2UiIFJlc3BvbnNlVGltZUdvYWw9IjAiIEVuY29kaW5nPSJ1dGYtOCIgRXhwZWN0ZWRIdHRwU3RhdHVzQ29kZT0iMCIgRXhwZWN0ZWRSZXNwb25zZVVybD0iIiBSZXBvcnRpbmdOYW1lPSIiIElnbm9yZUh0dHBTdGF0dXNDb2RlPSJGYWxzZSI+DQogICAgICA8RGVwZW5kZW50UmVxdWVzdHM+DQogICAgICAgIDxSZXF1ZXN0IE1ldGhvZD0iUE9TVCIgR3VpZD0iMWYwN2NkZDItYTMyNS00MTEwLWIyZDYtNThhMzRmMjNjYWI5IiBWZXJzaW9uPSIxLjEiIFVybD0iaHR0cDovL3Rob25ndGluZGFvdGFvLnNndS5lZHUudm4vZGVmYXVsdC5hc3B4IiBUaGlua1RpbWU9IjQiIFRpbWVvdXQ9IjMwMCIgUGFyc2VEZXBlbmRlbnRSZXF1ZXN0cz0iVHJ1ZSIgRm9sbG93UmVkaXJlY3RzPSJUcnVlIiBSZWNvcmRSZXN1bHQ9IlRydWUiIENhY2hlPSJGYWxzZSIgUmVzcG9uc2VUaW1lR29hbD0iMCIgRW5jb2Rpbmc9InV0Zi04IiBFeHBlY3RlZEh0dHBTdGF0dXNDb2RlPSIwIiBFeHBlY3RlZFJlc3BvbnNlVXJsPSIiIFJlcG9ydGluZ05hbWU9IiIgSWdub3JlSHR0cFN0YXR1c0NvZGU9IkZhbHNlIj4NCiAgICAgICAgICA8SGVhZGVycz4NCiAgICAgICAgICAgIDxIZWFkZXIgTmFtZT0iUmVmZXJlciIgVmFsdWU9Imh0dHA6Ly90aG9uZ3RpbmRhb3Rhby5zZ3UuZWR1LnZuL2RlZmF1bHQuYXNweD9wYWdlPW5oYXBtYXN2JmFtcDtmbGFnPVRob2lLaG9hQmlldSIgLz4NCiAgICAgICAgICA8L0hlYWRlcnM+DQogICAgICAgICAgPEV4dHJhY3Rpb25SdWxlcz4NCiAgICAgICAgICAgIDxFeHRyYWN0aW9uUnVsZSBDbGFzc25hbWU9Ik1pY3Jvc29mdC5WaXN1YWxTdHVkaW8uVGVzdFRvb2xzLldlYlRlc3RpbmcuUnVsZXMuRXh0cmFjdEhpZGRlbkZpZWxkcywgTWljcm9zb2Z0LlZpc3VhbFN0dWRpby5RdWFsaXR5VG9vbHMuV2ViVGVzdEZyYW1ld29yaywgVmVyc2lvbj0xMC4wLjAuMCwgQ3VsdHVyZT1uZXV0cmFsLCBQdWJsaWNLZXlUb2tlbj1iMDNmNWY3ZjExZDUwYTNhIiBWYXJpYWJsZU5hbWU9IjEiIERpc3BsYXlOYW1lPSJFeHRyYWN0IEhpZGRlbiBGaWVsZHMiIERlc2NyaXB0aW9uPSJFeHRyYWN0IGFsbCBoaWRkZW4gZmllbGRzIGZyb20gdGhlIHJlc3BvbnNlIGFuZCBwbGFjZSB0aGVtIGludG8gdGhlIHRlc3QgY29udGV4dC4iPg0KICAgICAgICAgICAgICA8UnVsZVBhcmFtZXRlcnM+DQogICAgICAgICAgICAgICAgPFJ1bGVQYXJhbWV0ZXIgTmFtZT0iUmVxdWlyZWQiIFZhbHVlPSJUcnVlIiAvPg0KICAgICAgICAgICAgICAgIDxSdWxlUGFyYW1ldGVyIE5hbWU9Ikh0bWxEZWNvZGUiIFZhbHVlPSJUcnVlIiAvPg0KICAgICAgICAgICAgICA8L1J1bGVQYXJhbWV0ZXJzPg0KICAgICAgICAgICAgPC9FeHRyYWN0aW9uUnVsZT4NCiAgICAgICAgICA8L0V4dHJhY3Rpb25SdWxlcz4NCiAgICAgICAgICA8Q29ycmVsYXRpb25FeHRyYWN0aW9uUnVsZXM+DQogICAgICAgICAgICA8RXh0cmFjdGlvblJ1bGUgQ2xhc3NuYW1lPSJNaWNyb3NvZnQuVmlzdWFsU3R1ZGlvLlRlc3RUb29scy5XZWJUZXN0aW5nLlJ1bGVzLkV4dHJhY3RUZXh0LCBNaWNyb3NvZnQuVmlzdWFsU3R1ZGlvLlF1YWxpdHlUb29scy5XZWJUZXN0RnJhbWV3b3JrLCBWZXJzaW9uPTEwLjAuMC4wLCBDdWx0dXJlPW5ldXRyYWwsIFB1YmxpY0tleVRva2VuPWIwM2Y1ZjdmMTFkNTBhM2EiIFZhcmlhYmxlTmFtZT0iUXVlcnlTdHJpbmdQYXJhbTE0LnBhZ2UiIERpc3BsYXlOYW1lPSIiIERlc2NyaXB0aW9uPSIiPg0KICAgICAgICAgICAgICA8UnVsZVBhcmFtZXRlcnM+DQogICAgICAgICAgICAgICAgPFJ1bGVQYXJhbWV0ZXIgTmFtZT0iU3RhcnRzV2l0aCIgVmFsdWU9Ij9wYWdlPSIgLz4NCiAgICAgICAgICAgICAgICA8UnVsZVBhcmFtZXRlciBOYW1lPSJFbmRzV2l0aCIgVmFsdWU9IiZhbXA7IiAvPg0KICAgICAgICAgICAgICAgIDxSdWxlUGFyYW1ldGVyIE5hbWU9IkluZGV4IiBWYWx1ZT0iMCIgLz4NCiAgICAgICAgICAgICAgICA8UnVsZVBhcmFtZXRlciBOYW1lPSJJZ25vcmVDYXNlIiBWYWx1ZT0iRmFsc2UiIC8+DQogICAgICAgICAgICAgICAgPFJ1bGVQYXJhbWV0ZXIgTmFtZT0iVXNlUmVndWxhckV4cHJlc3Npb24iIFZhbHVlPSJGYWxzZSIgLz4NCiAgICAgICAgICAgICAgICA8UnVsZVBhcmFtZXRlciBOYW1lPSJIdG1sRGVjb2RlIiBWYWx1ZT0iVHJ1ZSIgLz4NCiAgICAgICAgICAgICAgICA8UnVsZVBhcmFtZXRlciBOYW1lPSJSZXF1aXJlZCIgVmFsdWU9IkZhbHNlIiAvPg0KICAgICAgICAgICAgICA8L1J1bGVQYXJhbWV0ZXJzPg0KICAgICAgICAgICAgPC9FeHRyYWN0aW9uUnVsZT4NCiAgICAgICAgICAgIDxFeHRyYWN0aW9uUnVsZSBDbGFzc25hbWU9Ik1pY3Jvc29mdC5WaXN1YWxTdHVkaW8uVGVzdFRvb2xzLldlYlRlc3RpbmcuUnVsZXMuRXh0cmFjdFRleHQsIE1pY3Jvc29mdC5WaXN1YWxTdHVkaW8uUXVhbGl0eVRvb2xzLldlYlRlc3RGcmFtZXdvcmssIFZlcnNpb249MTAuMC4wLjAsIEN1bHR1cmU9bmV1dHJhbCwgUHVibGljS2V5VG9rZW49YjAzZjVmN2YxMWQ1MGEzYSIgVmFyaWFibGVOYW1lPSJRdWVyeVN0cmluZ1BhcmFtMTUuZmxhZyIgRGlzcGxheU5hbWU9IiIgRGVzY3JpcHRpb249IiI+DQogICAgICAgICAgICAgIDxSdWxlUGFyYW1ldGVycz4NCiAgICAgICAgICAgICAgICA8UnVsZVBhcmFtZXRlciBOYW1lPSJTdGFydHNXaXRoIiBWYWx1ZT0iJmFtcDthbXA7ZmxhZz0iIC8+DQogICAgICAgICAgICAgICAgPFJ1bGVQYXJhbWV0ZXIgTmFtZT0iRW5kc1dpdGgiIFZhbHVlPSImcXVvdDsiIC8+DQogICAgICAgICAgICAgICAgPFJ1bGVQYXJhbWV0ZXIgTmFtZT0iSW5kZXgiIFZhbHVlPSIwIiAvPg0KICAgICAgICAgICAgICAgIDxSdWxlUGFyYW1ldGVyIE5hbWU9Iklnbm9yZUNhc2UiIFZhbHVlPSJGYWxzZSIgLz4NCiAgICAgICAgICAgICAgICA8UnVsZVBhcmFtZXRlciBOYW1lPSJVc2VSZWd1bGFyRXhwcmVzc2lvbiIgVmFsdWU9IkZhbHNlIiAvPg0KICAgICAgICAgICAgICAgIDxSdWxlUGFyYW1ldGVyIE5hbWU9Ikh0bWxEZWNvZGUiIFZhbHVlPSJUcnVlIiAvPg0KICAgICAgICAgICAgICAgIDxSdWxlUGFyYW1ldGVyIE5hbWU9IlJlcXVpcmVkIiBWYWx1ZT0iRmFsc2UiIC8+DQogICAgICAgICAgICAgIDwvUnVsZVBhcmFtZXRlcnM+DQogICAgICAgICAgICA8L0V4dHJhY3Rpb25SdWxlPg0KICAgICAgICAgICAgPEV4dHJhY3Rpb25SdWxlIENsYXNzbmFtZT0iTWljcm9zb2Z0LlZpc3VhbFN0dWRpby5UZXN0VG9vbHMuV2ViVGVzdGluZy5SdWxlcy5FeHRyYWN0VGV4dCwgTWljcm9zb2Z0LlZpc3VhbFN0dWRpby5RdWFsaXR5VG9vbHMuV2ViVGVzdEZyYW1ld29yaywgVmVyc2lvbj0xMC4wLjAuMCwgQ3VsdHVyZT1uZXV0cmFsLCBQdWJsaWNLZXlUb2tlbj1iMDNmNWY3ZjExZDUwYTNhIiBWYXJpYWJsZU5hbWU9IkZvcm1Qb3N0UGFyYW00Ll9fVklFV1NUQVRFIiBEaXNwbGF5TmFtZT0iIiBEZXNjcmlwdGlvbj0iIj4NCiAgICAgICAgICAgICAgPFJ1bGVQYXJhbWV0ZXJzPg0KICAgICAgICAgICAgICAgIDxSdWxlUGFyYW1ldGVyIE5hbWU9IlN0YXJ0c1dpdGgiIFZhbHVlPSJsdWU9JnF1b3Q7IiAvPg0KICAgICAgICAgICAgICAgIDxSdWxlUGFyYW1ldGVyIE5hbWU9IkVuZHNXaXRoIiBWYWx1ZT0iJnF1b3Q7IC8mZ3Q7JiN4RDsiIC8+DQogICAgICAgICAgICAgICAgPFJ1bGVQYXJhbWV0ZXIgTmFtZT0iSW5kZXgiIFZhbHVlPSIzIiAvPg0KICAgICAgICAgICAgICAgIDxSdWxlUGFyYW1ldGVyIE5hbWU9Iklnbm9yZUNhc2UiIFZhbHVlPSJGYWxzZSIgLz4NCiAgICAgICAgICAgICAgICA8UnVsZVBhcmFtZXRlciBOYW1lPSJVc2VSZWd1bGFyRXhwcmVzc2lvbiIgVmFsdWU9IkZhbHNlIiAvPg0KICAgICAgICAgICAgICAgIDxSdWxlUGFyYW1ldGVyIE5hbWU9Ikh0bWxEZWNvZGUiIFZhbHVlPSJUcnVlIiAvPg0KICAgICAgICAgICAgICAgIDxSdWxlUGFyYW1ldGVyIE5hbWU9IlJlcXVpcmVkIiBWYWx1ZT0iRmFsc2UiIC8+DQogICAgICAgICAgICAgIDwvUnVsZVBhcmFtZXRlcnM+DQogICAgICAgICAgICA8L0V4dHJhY3Rpb25SdWxlPg0KICAgICAgICAgICAgPEV4dHJhY3Rpb25SdWxlIENsYXNzbmFtZT0iTWljcm9zb2Z0LlZpc3VhbFN0dWRpby5UZXN0VG9vbHMuV2ViVGVzdGluZy5SdWxlcy5FeHRyYWN0VGV4dCwgTWljcm9zb2Z0LlZpc3VhbFN0dWRpby5RdWFsaXR5VG9vbHMuV2ViVGVzdEZyYW1ld29yaywgVmVyc2lvbj0xMC4wLjAuMCwgQ3VsdHVyZT1uZXV0cmFsLCBQdWJsaWNLZXlUb2tlbj1iMDNmNWY3ZjExZDUwYTNhIiBWYXJpYWJsZU5hbWU9IkZvcm1Qb3N0UGFyYW01Ll9fVklFV1NUQVRFR0VORVJBVE9SIiBEaXNwbGF5TmFtZT0iIiBEZXNjcmlwdGlvbj0iIj4NCiAgICAgICAgICAgICAgPFJ1bGVQYXJhbWV0ZXJzPg0KICAgICAgICAgICAgICAgIDxSdWxlUGFyYW1ldGVyIE5hbWU9IlN0YXJ0c1dpdGgiIFZhbHVlPSJsdWU9JnF1b3Q7IiAvPg0KICAgICAgICAgICAgICAgIDxSdWxlUGFyYW1ldGVyIE5hbWU9IkVuZHNXaXRoIiBWYWx1ZT0iJnF1b3Q7IC8mZ3Q7JiN4RDsiIC8+DQogICAgICAgICAgICAgICAgPFJ1bGVQYXJhbWV0ZXIgTmFtZT0iSW5kZXgiIFZhbHVlPSI0IiAvPg0KICAgICAgICAgICAgICAgIDxSdWxlUGFyYW1ldGVyIE5hbWU9Iklnbm9yZUNhc2UiIFZhbHVlPSJGYWxzZSIgLz4NCiAgICAgICAgICAgICAgICA8UnVsZVBhcmFtZXRlciBOYW1lPSJVc2VSZWd1bGFyRXhwcmVzc2lvbiIgVmFsdWU9IkZhbHNlIiAvPg0KICAgICAgICAgICAgICAgIDxSdWxlUGFyYW1ldGVyIE5hbWU9Ikh0bWxEZWNvZGUiIFZhbHVlPSJUcnVlIiAvPg0KICAgICAgICAgICAgICAgIDxSdWxlUGFyYW1ldGVyIE5hbWU9IlJlcXVpcmVkIiBWYWx1ZT0iRmFsc2UiIC8+DQogICAgICAgICAgICAgIDwvUnVsZVBhcmFtZXRlcnM+DQogICAgICAgICAgICA8L0V4dHJhY3Rpb25SdWxlPg0KICAgICAgICAgICAgPEV4dHJhY3Rpb25SdWxlIENsYXNzbmFtZT0iTWljcm9zb2Z0LlZpc3VhbFN0dWRpby5UZXN0VG9vbHMuV2ViVGVzdGluZy5SdWxlcy5FeHRyYWN0VGV4dCwgTWljcm9zb2Z0LlZpc3VhbFN0dWRpby5RdWFsaXR5VG9vbHMuV2ViVGVzdEZyYW1ld29yaywgVmVyc2lvbj0xMC4wLjAuMCwgQ3VsdHVyZT1uZXV0cmFsLCBQdWJsaWNLZXlUb2tlbj1iMDNmNWY3ZjExZDUwYTNhIiBWYXJpYWJsZU5hbWU9IkZvcm1Qb3N0UGFyYW02LmN0bDAwJENvbnRlbnRQbGFjZUhvbGRlcjEkY3RsMDAkcmFkaW8iIERpc3BsYXlOYW1lPSIiIERlc2NyaXB0aW9uPSIiPg0KICAgICAgICAgICAgICA8UnVsZVBhcmFtZXRlcnM+DQogICAgICAgICAgICAgICAgPFJ1bGVQYXJhbWV0ZXIgTmFtZT0iU3RhcnRzV2l0aCIgVmFsdWU9Imx1ZT0mcXVvdDsiIC8+DQogICAgICAgICAgICAgICAgPFJ1bGVQYXJhbWV0ZXIgTmFtZT0iRW5kc1dpdGgiIFZhbHVlPSImcXVvdDsgY2hlIiAvPg0KICAgICAgICAgICAgICAgIDxSdWxlUGFyYW1ldGVyIE5hbWU9IkluZGV4IiBWYWx1ZT0iMTEiIC8+DQogICAgICAgICAgICAgICAgPFJ1bGVQYXJhbWV0ZXIgTmFtZT0iSWdub3JlQ2FzZSIgVmFsdWU9IkZhbHNlIiAvPg0KICAgICAgICAgICAgICAgIDxSdWxlUGFyYW1ldGVyIE5hbWU9IlVzZVJlZ3VsYXJFeHByZXNzaW9uIiBWYWx1ZT0iRmFsc2UiIC8+DQogICAgICAgICAgICAgICAgPFJ1bGVQYXJhbWV0ZXIgTmFtZT0iSHRtbERlY29kZSIgVmFsdWU9IlRydWUiIC8+DQogICAgICAgICAgICAgICAgPFJ1bGVQYXJhbWV0ZXIgTmFtZT0iUmVxdWlyZWQiIFZhbHVlPSJGYWxzZSIgLz4NCiAgICAgICAgICAgICAgPC9SdWxlUGFyYW1ldGVycz4NCiAgICAgICAgICAgIDwvRXh0cmFjdGlvblJ1bGU+DQogICAgICAgICAgICA8RXh0cmFjdGlvblJ1bGUgQ2xhc3NuYW1lPSJNaWNyb3NvZnQuVmlzdWFsU3R1ZGlvLlRlc3RUb29scy5XZWJUZXN0aW5nLlJ1bGVzLkV4dHJhY3RUZXh0LCBNaWNyb3NvZnQuVmlzdWFsU3R1ZGlvLlF1YWxpdHlUb29scy5XZWJUZXN0RnJhbWV3b3JrLCBWZXJzaW9uPTEwLjAuMC4wLCBDdWx0dXJlPW5ldXRyYWwsIFB1YmxpY0tleVRva2VuPWIwM2Y1ZjdmMTFkNTBhM2EiIFZhcmlhYmxlTmFtZT0iRm9ybVBvc3RQYXJhbTcuY3RsMDAkQ29udGVudFBsYWNlSG9sZGVyMSRjdGwwMCRidG5PSyIgRGlzcGxheU5hbWU9IiIgRGVzY3JpcHRpb249IiI+DQogICAgICAgICAgICAgIDxSdWxlUGFyYW1ldGVycz4NCiAgICAgICAgICAgICAgICA8UnVsZVBhcmFtZXRlciBOYW1lPSJTdGFydHNXaXRoIiBWYWx1ZT0iID09ICZxdW90OyIgLz4NCiAgICAgICAgICAgICAgICA8UnVsZVBhcmFtZXRlciBOYW1lPSJFbmRzV2l0aCIgVmFsdWU9IiZxdW90OyB8fCAiIC8+DQogICAgICAgICAgICAgICAgPFJ1bGVQYXJhbWV0ZXIgTmFtZT0iSW5kZXgiIFZhbHVlPSIwIiAvPg0KICAgICAgICAgICAgICAgIDxSdWxlUGFyYW1ldGVyIE5hbWU9Iklnbm9yZUNhc2UiIFZhbHVlPSJGYWxzZSIgLz4NCiAgICAgICAgICAgICAgICA8UnVsZVBhcmFtZXRlciBOYW1lPSJVc2VSZWd1bGFyRXhwcmVzc2lvbiIgVmFsdWU9IkZhbHNlIiAvPg0KICAgICAgICAgICAgICAgIDxSdWxlUGFyYW1ldGVyIE5hbWU9Ikh0bWxEZWNvZGUiIFZhbHVlPSJUcnVlIiAvPg0KICAgICAgICAgICAgICAgIDxSdWxlUGFyYW1ldGVyIE5hbWU9IlJlcXVpcmVkIiBWYWx1ZT0iRmFsc2UiIC8+DQogICAgICAgICAgICAgIDwvUnVsZVBhcmFtZXRlcnM+DQogICAgICAgICAgICA8L0V4dHJhY3Rpb25SdWxlPg0KICAgICAgICAgICAgPEV4dHJhY3Rpb25SdWxlIENsYXNzbmFtZT0iTWljcm9zb2Z0LlZpc3VhbFN0dWRpby5UZXN0VG9vbHMuV2ViVGVzdGluZy5SdWxlcy5FeHRyYWN0VGV4dCwgTWljcm9zb2Z0LlZpc3VhbFN0dWRpby5RdWFsaXR5VG9vbHMuV2ViVGVzdEZyYW1ld29yaywgVmVyc2lvbj0xMC4wLjAuMCwgQ3VsdHVyZT1uZXV0cmFsLCBQdWJsaWNLZXlUb2tlbj1iMDNmNWY3ZjExZDUwYTNhIiBWYXJpYWJsZU5hbWU9IlF1ZXJ5U3RyaW5nUGFyYW0xNi5wYWdlIiBEaXNwbGF5TmFtZT0iIiBEZXNjcmlwdGlvbj0iIj4NCiAgICAgICAgICAgICAgPFJ1bGVQYXJhbWV0ZXJzPg0KICAgICAgICAgICAgICAgIDxSdWxlUGFyYW1ldGVyIE5hbWU9IlN0YXJ0c1dpdGgiIFZhbHVlPSI/cGFnZT0iIC8+DQogICAgICAgICAgICAgICAgPFJ1bGVQYXJhbWV0ZXIgTmFtZT0iRW5kc1dpdGgiIFZhbHVlPSImYW1wOyIgLz4NCiAgICAgICAgICAgICAgICA8UnVsZVBhcmFtZXRlciBOYW1lPSJJbmRleCIgVmFsdWU9IjAiIC8+DQogICAgICAgICAgICAgICAgPFJ1bGVQYXJhbWV0ZXIgTmFtZT0iSWdub3JlQ2FzZSIgVmFsdWU9IkZhbHNlIiAvPg0KICAgICAgICAgICAgICAgIDxSdWxlUGFyYW1ldGVyIE5hbWU9IlVzZVJlZ3VsYXJFeHByZXNzaW9uIiBWYWx1ZT0iRmFsc2UiIC8+DQogICAgICAgICAgICAgICAgPFJ1bGVQYXJhbWV0ZXIgTmFtZT0iSHRtbERlY29kZSIgVmFsdWU9IlRydWUiIC8+DQogICAgICAgICAgICAgICAgPFJ1bGVQYXJhbWV0ZXIgTmFtZT0iUmVxdWlyZWQiIFZhbHVlPSJGYWxzZSIgLz4NCiAgICAgICAgICAgICAgPC9SdWxlUGFyYW1ldGVycz4NCiAgICAgICAgICAgIDwvRXh0cmFjdGlvblJ1bGU+DQogICAgICAgICAgICA8RXh0cmFjdGlvblJ1bGUgQ2xhc3NuYW1lPSJNaWNyb3NvZnQuVmlzdWFsU3R1ZGlvLlRlc3RUb29scy5XZWJUZXN0aW5nLlJ1bGVzLkV4dHJhY3RUZXh0LCBNaWNyb3NvZnQuVmlzdWFsU3R1ZGlvLlF1YWxpdHlUb29scy5XZWJUZXN0RnJhbWV3b3JrLCBWZXJzaW9uPTEwLjAuMC4wLCBDdWx0dXJlPW5ldXRyYWwsIFB1YmxpY0tleVRva2VuPWIwM2Y1ZjdmMTFkNTBhM2EiIFZhcmlhYmxlTmFtZT0iUXVlcnlTdHJpbmdQYXJhbTE3LmZsYWciIERpc3BsYXlOYW1lPSIiIERlc2NyaXB0aW9uPSIiPg0KICAgICAgICAgICAgICA8UnVsZVBhcmFtZXRlcnM+DQogICAgICAgICAgICAgICAgPFJ1bGVQYXJhbWV0ZXIgTmFtZT0iU3RhcnRzV2l0aCIgVmFsdWU9IiZhbXA7YW1wO2ZsYWc9IiAvPg0KICAgICAgICAgICAgICAgIDxSdWxlUGFyYW1ldGVyIE5hbWU9IkVuZHNXaXRoIiBWYWx1ZT0iJnF1b3Q7IiAvPg0KICAgICAgICAgICAgICAgIDxSdWxlUGFyYW1ldGVyIE5hbWU9IkluZGV4IiBWYWx1ZT0iMCIgLz4NCiAgICAgICAgICAgICAgICA8UnVsZVBhcmFtZXRlciBOYW1lPSJJZ25vcmVDYXNlIiBWYWx1ZT0iRmFsc2UiIC8+DQogICAgICAgICAgICAgICAgPFJ1bGVQYXJhbWV0ZXIgTmFtZT0iVXNlUmVndWxhckV4cHJlc3Npb24iIFZhbHVlPSJGYWxzZSIgLz4NCiAgICAgICAgICAgICAgICA8UnVsZVBhcmFtZXRlciBOYW1lPSJIdG1sRGVjb2RlIiBWYWx1ZT0iVHJ1ZSIgLz4NCiAgICAgICAgICAgICAgICA8UnVsZVBhcmFtZXRlciBOYW1lPSJSZXF1aXJlZCIgVmFsdWU9IkZhbHNlIiAvPg0KICAgICAgICAgICAgICA8L1J1bGVQYXJhbWV0ZXJzPg0KICAgICAgICAgICAgPC9FeHRyYWN0aW9uUnVsZT4NCiAgICAgICAgICAgIDxFeHRyYWN0aW9uUnVsZSBDbGFzc25hbWU9Ik1pY3Jvc29mdC5WaXN1YWxTdHVkaW8uVGVzdFRvb2xzLldlYlRlc3RpbmcuUnVsZXMuRXh0cmFjdEZvcm1GaWVsZCwgTWljcm9zb2Z0LlZpc3VhbFN0dWRpby5RdWFsaXR5VG9vbHMuV2ViVGVzdEZyYW1ld29yaywgVmVyc2lvbj0xMC4wLjAuMCwgQ3VsdHVyZT1uZXV0cmFsLCBQdWJsaWNLZXlUb2tlbj1iMDNmNWY3ZjExZDUwYTNhIiBWYXJpYWJsZU5hbWU9IkZvcm1Qb3N0UGFyYW04LmN0bDAwJENvbnRlbnRQbGFjZUhvbGRlcjEkY3RsMDAkcmFkaW8iIERpc3BsYXlOYW1lPSIiIERlc2NyaXB0aW9uPSIiPg0KICAgICAgICAgICAgICA8UnVsZVBhcmFtZXRlcnM+DQogICAgICAgICAgICAgICAgPFJ1bGVQYXJhbWV0ZXIgTmFtZT0iTmFtZSIgVmFsdWU9ImN0bDAwX0NvbnRlbnRQbGFjZUhvbGRlcjFfY3RsMDBfcmFkaW9NYVNWIiAvPg0KICAgICAgICAgICAgICAgIDxSdWxlUGFyYW1ldGVyIE5hbWU9Ikh0bWxEZWNvZGUiIFZhbHVlPSJUcnVlIiAvPg0KICAgICAgICAgICAgICAgIDxSdWxlUGFyYW1ldGVyIE5hbWU9IlJlcXVpcmVkIiBWYWx1ZT0iRmFsc2UiIC8+DQogICAgICAgICAgICAgICAgPFJ1bGVQYXJhbWV0ZXIgTmFtZT0iSW5kZXgiIFZhbHVlPSIxIiAvPg0KICAgICAgICAgICAgICA8L1J1bGVQYXJhbWV0ZXJzPg0KICAgICAgICAgICAgPC9FeHRyYWN0aW9uUnVsZT4NCiAgICAgICAgICAgIDxFeHRyYWN0aW9uUnVsZSBDbGFzc25hbWU9Ik1pY3Jvc29mdC5WaXN1YWxTdHVkaW8uVGVzdFRvb2xzLldlYlRlc3RpbmcuUnVsZXMuRXh0cmFjdEZvcm1GaWVsZCwgTWljcm9zb2Z0LlZpc3VhbFN0dWRpby5RdWFsaXR5VG9vbHMuV2ViVGVzdEZyYW1ld29yaywgVmVyc2lvbj0xMC4wLjAuMCwgQ3VsdHVyZT1uZXV0cmFsLCBQdWJsaWNLZXlUb2tlbj1iMDNmNWY3ZjExZDUwYTNhIiBWYXJpYWJsZU5hbWU9IkZvcm1Qb3N0UGFyYW05LmN0bDAwJENvbnRlbnRQbGFjZUhvbGRlcjEkY3RsMDAkYnRuT0siIERpc3BsYXlOYW1lPSIiIERlc2NyaXB0aW9uPSIiPg0KICAgICAgICAgICAgICA8UnVsZVBhcmFtZXRlcnM+DQogICAgICAgICAgICAgICAgPFJ1bGVQYXJhbWV0ZXIgTmFtZT0iTmFtZSIgVmFsdWU9ImN0bDAwX0NvbnRlbnRQbGFjZUhvbGRlcjFfY3RsMDBfYnRuT0siIC8+DQogICAgICAgICAgICAgICAgPFJ1bGVQYXJhbWV0ZXIgTmFtZT0iSHRtbERlY29kZSIgVmFsdWU9IlRydWUiIC8+DQogICAgICAgICAgICAgICAgPFJ1bGVQYXJhbWV0ZXIgTmFtZT0iUmVxdWlyZWQiIFZhbHVlPSJGYWxzZSIgLz4NCiAgICAgICAgICAgICAgICA8UnVsZVBhcmFtZXRlciBOYW1lPSJJbmRleCIgVmFsdWU9IjAiIC8+DQogICAgICAgICAgICAgIDwvUnVsZVBhcmFtZXRlcnM+DQogICAgICAgICAgICA8L0V4dHJhY3Rpb25SdWxlPg0KICAgICAgICAgIDwvQ29ycmVsYXRpb25FeHRyYWN0aW9uUnVsZXM+DQogICAgICAgICAgPFF1ZXJ5U3RyaW5nUGFyYW1ldGVycz4NCiAgICAgICAgICAgIDxRdWVyeVN0cmluZ1BhcmFtZXRlciBOYW1lPSJwYWdlIiBWYWx1ZT0ibmhhcG1hc3YiIFJlY29yZGVkVmFsdWU9Im5oYXBtYXN2IiBDb3JyZWxhdGlvbkJpbmRpbmc9Int7UXVlcnlTdHJpbmdQYXJhbTEyLnBhZ2V9fSIgVXJsRW5jb2RlPSJGYWxzZSIgVXNlVG9Hcm91cFJlc3VsdHM9IkZhbHNlIiAvPg0KICAgICAgICAgICAgPFF1ZXJ5U3RyaW5nUGFyYW1ldGVyIE5hbWU9ImZsYWciIFZhbHVlPSJUaG9pS2hvYUJpZXUiIFJlY29yZGVkVmFsdWU9IlRob2lLaG9hQmlldSIgQ29ycmVsYXRpb25CaW5kaW5nPSJ7e1F1ZXJ5U3RyaW5nUGFyYW0xMy5mbGFnfX0iIFVybEVuY29kZT0iRmFsc2UiIFVzZVRvR3JvdXBSZXN1bHRzPSJGYWxzZSIgLz4NCiAgICAgICAgICA8L1F1ZXJ5U3RyaW5nUGFyYW1ldGVycz4NCiAgICAgICAgICA8Rm9ybVBvc3RIdHRwQm9keT4NCiAgICAgICAgICAgIDxGb3JtUG9zdFBhcmFtZXRlciBOYW1lPSJfX0VWRU5UVEFSR0VUIiBWYWx1ZT0iY3RsMDAkQ29udGVudFBsYWNlSG9sZGVyMSRjdGwwMCRyYWRpb01hU1YiIFJlY29yZGVkVmFsdWU9ImN0bDAwJENvbnRlbnRQbGFjZUhvbGRlcjEkY3RsMDAkcmFkaW9NYVNWIiBDb3JyZWxhdGlvbkJpbmRpbmc9IiIgVXJsRW5jb2RlPSJUcnVlIiAvPg0KICAgICAgICAgICAgPEZvcm1Qb3N0UGFyYW1ldGVyIE5hbWU9Il9fRVZFTlRBUkdVTUVOVCIgVmFsdWU9Int7JEhJRERFTjEuX19FVkVOVEFSR1VNRU5UfX0iIFJlY29yZGVkVmFsdWU9IiIgQ29ycmVsYXRpb25CaW5kaW5nPSIiIFVybEVuY29kZT0iVHJ1ZSIgLz4NCiAgICAgICAgICAgIDxGb3JtUG9zdFBhcmFtZXRlciBOYW1lPSJfX0xBU1RGT0NVUyIgVmFsdWU9Int7JEhJRERFTjEuX19MQVNURk9DVVN9fSIgUmVjb3JkZWRWYWx1ZT0iIiBDb3JyZWxhdGlvbkJpbmRpbmc9IiIgVXJsRW5jb2RlPSJUcnVlIiAvPg0KICAgICAgICAgICAgPEZvcm1Qb3N0UGFyYW1ldGVyIE5hbWU9Il9fVklFV1NUQVRFIiBWYWx1ZT0ie3skSElEREVOMS5fX1ZJRVdTVEFURX19IiBSZWNvcmRlZFZhbHVlPSIvd0VQRHdVS0xUTXhOamMzTlRNM05ROWtGZ0ptRDJRV0JHWVBaQllFQWdFUEZnSWVCMk52Ym5SbGJuUmtaQUlDRHhZQ0hnUm9jbVZtQlNrdUwwMWxjM05oWjJWR2FXeGxMMlpoZG1samIyNHRaR0ZwTFdodll5MXpZV2t0WjI5dUxtcHdaMlFDQVE5a0ZnZ0NBdzlrRmdKbUQyUVdBZ0lCRDJRV0RHWVBEeFlDSGdSVVpYaDBCUXhEYU1PZ2J5Qmk0YnFoYmlCa1pBSUJEdzhXQkI0SlJtOXlaVU52Ykc5eUNRQXovLzhlQkY4aFUwSUNCR1JrQWdJUER4WUVId01KQURQLy94OEVBZ1JrWkFJRER3OFdCaDhDQlJoVWFHRjVJTVNSNGJ1VmFTQnQ0YnF0ZENCcmFPRzZxWFVmQXdrQU0vLy9Id1FDQkdSa0FnUVBEeFlFSHdNSkFEUC8veDhFQWdSa1pBSUZEdzhXQmg4Q0JRM0VrTVNEYm1jZ1Rtamh1cTF3SHdNSkFEUC8veDhFQWdSa1pBSUZEMlFXd2dFQ0FROFBGZ1FlQ0VOemMwTnNZWE56QlFodmRYUXRiV1Z1ZFI4RUFnSmtGZ0ptRHc4V0FoOENCUXRVVWtGT1J5QkRTT0c3cG1Sa0FnTVBEeFlFSHdVRkNHOTFkQzF0Wlc1MUh3UUNBbVFXQWdJQkR3OFdBaDhDQlJkRVFVNUlJRTNodTZSRElFTkk0YnVvUXlCT3hJSk9SMlJrQWdVUER4WUVId1VGQ0c5MWRDMXRaVzUxSHdRQ0FtUVdBZ0lCRHc4V0FoOENCUnRFVFNCRFNPRzdxRU1nVHNTQ1RrY2d4SkREZ1U1SUlFZEp3NEZrWkFJSER3OFdCQjhGQlFodmRYUXRiV1Z1ZFI4RUFnSmtGZ0lDQVE4UEZnSWZBZ1VqVVZYaHVxSk9JRXpEblNERWtNT0JUa2dnUjBuRGdTQlN3NGhPSUV4VldlRzdoazVrWkFJSkR3OFdCaDhGQlFodmRYUXRiV1Z1ZFI4RUFnSWVCMVpwYzJsaWJHVm9aQllDQWdFUER4WUNId0lGRmNTUXhJSk9SeUJMdzUwZ1RjT1VUaUJJNGJ1TVEyUmtBZ3NQRHhZRUh3VUZDRzkxZEMxdFpXNTFId1FDQW1Sa0FnMFBEeFlFSHdVRkNHOTFkQzF0Wlc1MUh3UUNBbVFXQWdJQkR3OFdBaDhDQlFkWVJVMGdWRXRDWkdRQ0R3OFBGZ1FmQlFVSWIzVjBMVzFsYm5VZkJBSUNaQllDQWdFUER4WUNId0lGRUZoRlRTREVrRW5odTRKTklFUkJUa2hrWkFJUkR3OFdCQjhGQlFodmRYUXRiV1Z1ZFI4RUFnSmtGZ0ptRHc4V0FoOENCUTVZUlUwZ1RPRzdpa05JSUZSSVNXUmtBaE1QRHhZR0h3VUZDRzkxZEMxdFpXNTFId1FDQWg4R2FHUVdBZ0lCRHc4V0FoOENCUlJZUlUwZ1RPRzdpa05JSUZSSVNTQk00YnFnU1dSa0FoVVBEeFlHSHdVRkNHOTFkQzF0Wlc1MUh3UUNBaDhHYUdRV0FnSUJEdzhXQWg4Q0JSRllSVTBnVE9HN2lrTklJRlJJU1NCSFMyUmtBaGNQRHhZR0h3VUZDRzkxZEMxdFpXNTFId1FDQWg4R2FHUVdBZ0lCRHc4V0FoOENCU0ZIU0VrZ1ZNT1RUU0JVNGJxdVZDQk53NVJPSUVkSjRicWlUa2NnUk9HNm9GbGtaQUlaRHc4V0JCOEZCUWh2ZFhRdGJXVnVkUjhFQWdKa1pBSWJEdzhXQkI4RkJRaHZkWFF0YldWdWRSOEVBZ0prRmdJQ0FROFBGZ0lmQWdVT1dFVk5JRWpodTR4RElGQkl3NDFrWkFJZER3OFdCQjhGQlFodmRYUXRiV1Z1ZFI4RUFnSmtaQUlmRHc4V0JCOEZCUWh2ZFhRdGJXVnVkUjhFQWdKa0ZnSUNBUThQRmdJZkFnVUxXRVZOSU1TUVNlRzdnazFrWkFJaER3OFdCaDhGQlFodmRYUXRiV1Z1ZFI4RUFnSWZCbWhrRmdJQ0FROFBGZ0lmQWdVVHhKQko0YnVDVFNCTDRidXlJRmJodTR4T1IyUmtBaU1QRHhZRUh3VUZDRzkxZEMxdFpXNTFId1FDQW1RV0FnSUJEdzhXQWg4Q0JSaEw0YnErVkNCUlZlRzZvaURFa0VuaHU0Sk5JRVJCVGtoa1pBSWxEdzhXQkI4RkJRaHZkWFF0YldWdWRSOEVBZ0prRmdJQ0FROFBGZ0lmQWdVV1MxRWd4SkJKNGJ1Q1RTQkVRVTVJSUU5T1RFbE9SV1JrQWljUER4WUVId1VGQ0c5MWRDMXRaVzUxSHdRQ0FtUVdBZ0lCRHc4V0FoOENCUnRZUlUwZ3hKQko0YnVDVFNCRVFVNUlJRk5KVGtnZ1ZrbkRpazVrWkFJcER3OFdCQjhGQlFodmRYUXRiV1Z1ZFI4RUFnSmtGZ0lDQVE4UEZnSWZBZ1VmUjBuaHVxSk9SeUJXU2NPS1RpQlU0YnV3SU1TUVNlRzdnazBnUkVGT1NHUmtBaXNQRHhZRUh3VUZDRzkxZEMxdFpXNTFId1FDQW1RV0FnSUJEdzhXQWg4Q0JRbFlSVTBnUTFURWtGUmtaQUl0RHc4V0JCOEZCUWh2ZFhRdGJXVnVkUjhFQWdKa0ZnSUNBUThQRmdJZkFnVUxXRVZOSUUzRGxFNGdWRkZrWkFJdkR3OFdCQjhGQlFodmRYUXRiV1Z1ZFI4RUFnSmtGZ0lDQVE4UEZnSWZBZ1VreEpERGdVNUlJRWRKdzRFZ1MrRzZ2bFFnVVZYaHVxSWdVc09JVGlCTVZWbmh1NFpPWkdRQ01ROFBGZ1FmQlFVSWIzVjBMVzFsYm5VZkJBSUNaQllDQWdFUER4WUNId0lGSnNTUXc0Rk9TQ0JIU2NPQklFdFJJRkxEaUU0Z1RGVlo0YnVHVGlCVFNVNUlJRlpKdzRwT1pHUUNNdzhQRmdZZkJRVUliM1YwTFcxbGJuVWZCQUlDSHdab1pCWUNBZ0VQRHhZQ0h3SUZFbFBodTZ4QklGUlVJRVBEZ1NCT1NNT0NUbVJrQWpVUER4WUdId1VGQ0c5MWRDMXRaVzUxSHdRQ0FoOEdaMlFXQWdJQkR3OFdBaDhDQlE1SHc1TlFJTU9kSUV0SjRicStUbVJrQWpjUER4WUdId1VGQ0c5MWRDMXRaVzUxSHdRQ0FoOEdhR1FXQW1ZUER4WUNId0lGRUZQaHU2eEJJRXpEblNCTTRidUtRMGhrWkFJNUR3OFdCQjhGQlFodmRYUXRiV1Z1ZFI4RUFnSmtGZ0lDQVE4UEZnSWZBZ1VWVVZYaHVxSk9JRXpEblNCVFNVNUlJRlpKdzRwT1pHUUNPdzhQRmdRZkJRVUliM1YwTFcxbGJuVWZCQUlDWkJZQ0FnRVBEeFlDSHdJRklrdmh1cjVVSUZGVjRicWlJRk5KVGtnZ1ZrbkRpazRneEpERGdVNUlJRWRKdzRGa1pBSTlEdzhXQkI4RkJRaHZkWFF0YldWdWRSOEVBZ0prWkFJL0R3OFdCQjhGQlFodmRYUXRiV1Z1ZFI4RUFnSmtGZ0lDQVE5a0ZnSm1EdzhXQWg4Q0JSbkVrTU9CVGtnZ1IwbkRnU0JIU2VHNm9rNUhJRVRodXFCWlpHUUNRUThQRmdRZkJRVUliM1YwTFcxbGJuVWZCQUlDWkJZQ0FnRVBEeFlDSHdJRkZNU1F4SUpPUnlCTHc1MGdWRWhKSUV6aHVxQkpaR1FDUXc4UEZnUWZCUVVJYjNWMExXMWxiblVmQkFJQ1pHUUNSUThQRmdRZkJRVUliM1YwTFcxbGJuVWZCQUlDWkJZQ0FnRVBEeFlDSHdJRkVzU1FTeUJEU0ZWWnc0cE9JRTVIdzRCT1NHUmtBa2NQRHhZRUh3VUZDRzkxZEMxdFpXNTFId1FDQW1Sa0Fra1BEeFlFSHdVRkNHOTFkQzF0Wlc1MUh3UUNBbVFXQWdJQkR3OFdBaDhDQlJaTFVTQll3NGxVSUZUaHU1QlVJRTVIU0VuaHU0WlFaR1FDU3c4UEZnUWZCUVVJYjNWMExXMWxiblVmQkFJQ1pCWUNBZ0VQRHhZQ0h3SUZIVXRSSUZqRGlWUWdWRW5odTRCT0lGVGh1NUJVSUU1SFNFbmh1NFpRWkdRQ1RROFBGZ1FmQlFVSWIzVjBMVzFsYm5VZkJBSUNaQllDQWdFUER4WUNId0lGR2tQRGdsVWdTT0c3amtrZ1ZFakdyK0c3bkU1SElFZmh1clpRWkdRQ1R3OFBGZ1FmQlFVSWIzVjBMVzFsYm5VZkJBSUNaQllDQWdFUER4WUNId0lGRThTUVN5QkxTTU9UUVNCTVZlRzZyRTRnVkU1a1pBSlJEdzhXQkI4RkJRaHZkWFF0YldWdWRSOEVBZ0prRmdJQ0FROFBGZ0lmQWdVT1Rramh1cXhRSU1TUVNlRzdnazFrWkFKVER3OFdCQjhGQlFodmRYUXRiV1Z1ZFI4RUFnSmtaQUpWRHc4V0JCOEZCUWh2ZFhRdGJXVnVkUjhFQWdKa1pBSlhEdzhXQkI4RkJRaHZkWFF0YldWdWRSOEVBZ0prWkFKWkR3OFdCQjhGQlFodmRYUXRiV1Z1ZFI4RUFnSmtGZ0lDQVE4UEZnSWZBZ1VlV0VWTklNU1FTZUc3Z2swZ1RjT1VUaUJIU2VHNm9rNUhJRVRodXFCWlpHUUNXdzhQRmdRZkJRVUliM1YwTFcxbGJuVWZCQUlDWkJZQ0FnRVBEeFlDSHdJRkhsaEZUU0RFa0VuaHU0Sk5JRlRodTVST1J5Qkk0YnVpVUNCTTRidWFVR1JrQWwwUER4WUVId1VGQ0c5MWRDMXRaVzUxSHdRQ0FtUVdBZ0lCRHc4V0FoOENCUlZKVGlCTFNPRzdrRWtnVE1hdjRidWlUa2NnUjBSa1pBSmZEdzhXQkI4RkJRaHZkWFF0YldWdWRSOEVBZ0prRmdJQ0FROFBGZ0lmQWdVT1ZWQk1UMEZFSU1TUVNlRzdnazFrWkFKaER3OFdCQjhGQlFodmRYUXRiV1Z1ZFI4RUFnSmtGZ0lDQVE4UEZnSWZBZ1VOVkV0Q0lFTGh1NWdnVGNPVVRtUmtBbU1QRHhZRUh3VUZDRzkxZEMxdFpXNTFId1FDQW1RV0FnSUJEdzhXQWg4Q0JSUk00YnVLUTBnZ1ZFaEpJRUxodTVnZ1RjT1VUbVJrQW1VUER4WUVId1VGQ0c5MWRDMXRaVzUxSHdRQ0FtUVdBZ0lCRHc4V0FoOENCU1pVU09HN2tFNUhJRXZEaWlCSFNlRzZvazVISUZaSnc0cE9JRVJWV2VHN2hsUWdTMUZFUzJSa0FtY1BEeFlFSHdVRkNHOTFkQzF0Wlc1MUh3UUNBbVFXQWdJQkR3OFdBaDhDQlNKWVJVMGdWT0c3bEU1SElFamh1NkpRSUV0UklFamh1NHhESUZUaHVxeFFJRk5XWkdRQ2FROFBGZ1FmQlFVSWIzVjBMVzFsYm5VZkJBSUNaR1FDYXc4UEZnUWZCUVVJYjNWMExXMWxiblVmQkFJQ1pCWUNaZzhQRmdJZkFnVVlTK0c2dmlCSVQrRzZvRU5JSUVqaHU0eERJRlRodXF4UVpHUUNiUThQRmdRZkJRVUliM1YwTFcxbGJuVWZCQUlDWkdRQ2J3OFBGZ1FmQlFVSWIzVjBMVzFsYm5VZkJBSUNaQllDQWdFUER4WUNId0lGRkVqR3IrRzdtazVISUVUaHVxcE9JTVNRUzAxSVpHUUNjUThQRmdRZkJRVUliM1YwTFcxbGJuVWZCQUlDWkJZQ0FnRVBEeFlDSHdJRklFNUk0YnFzVUNERWtPRzdpa0VnUTBqaHU0Z2dUa2podXF4T0lGUERnVU5JWkdRQ2N3OFBGZ1FmQlFVSWIzVjBMVzFsYm5VZkJBSUNaQllDQWdFUER4WUNId0lGSk1TUXhJSk9SeUJMdzUwZ1Rramh1cXhPSUZQRGdVTklJRTVIVDhPQVNTQkhTZUc3bkdSa0FuVVBEeFlFSHdVRkNHOTFkQzF0Wlc1MUh3UUNBbVFXQWdJQkR3OFdBaDhDQlJ2RWtNT0JUa2dnUjBuRGdTQkRTT0c2cEZRZ1RNYXY0YnVpVGtka1pBSjNEdzhXQkI4RkJRaHZkWFF0YldWdWRSOEVBZ0prRmdJQ0FROFBGZ0lmQWdVZnhKQXVTOE9kSUVUaHU3QWdUT0c3aENCVTRidVFWQ0JPUjBoSjRidUdVR1JrQW5rUER4WUVId1VGQ0c5MWRDMXRaVzUxSHdRQ0FtUVdBZ0lCRHc4V0FoOENCUk5PNGJ1WVVDQkRTT0c3cUU1SElFTkk0YnVJWkdRQ2V3OFBGZ1FmQlFVSWIzVjBMVzFsYm5VZkJBSUNaQllDQWdFUER4WUNId0lGSVZoRlRTREVrT0c3Z0NCRHhxL0dvRTVISUZSU1QwNUhJRUxodTVnZ1RjT1VUbVJrQW4wUER4WUVId1VGQ0c5MWRDMXRaVzUxSHdRQ0FtUVdBZ0lCRHc4V0FoOENCUmxFUVU1SUlGUERnVU5JSU1TUUxrdkRuU0JZdzRsVUlGUk9aR1FDZnc4UEZnUWZCUVVJYjNWMExXMWxiblVmQkFJQ1pCWUNBZ0VQRHhZQ0h3SUZIa1JCVGtnZ1U4T0JRMGdneEpBdVM4T2RJRVRodTdBZ1RPRzdoQ0JVVG1Sa0FvRUJEdzhXQkI4RkJRaHZkWFF0YldWdWRSOEVBZ0prRmdJQ0FROFBGZ0lmQWdVV1ZFakRsRTVISUZSSlRpQk1WZUc2ckU0Z1ZzU0NUbVJrQW9NQkR3OFdCQjhGQlFodmRYUXRiV1Z1ZFI4RUFnSmtGZ0lDQVE4UEZnSWZBZ1VqVkZKQklFUGh1NmhWSUZSSXc1Uk9SeUJVU1U0Z1ZPRzdrRlFnVGtkSVNlRzdobEJrWkFLRkFROFBGZ1FmQlFVSWIzVjBMVzFsYm5VZkJBSUNaQllDQWdFUER4WUNId0lGRUVQaHU3QlZJRk5KVGtnZ1ZrbkRpazVrWkFLSEFROFBGZ1FmQlFVSWIzVjBMVzFsYm5VZkJBSUNaQllDQWdFUER4WUNId0lGRjhTUXhJSk9SeUJMdzUwZ1dNT0pWQ0JVVlZuaHU0Sk9aR1FDaVFFUER4WUVId1VGQ0c5MWRDMXRaVzUxSHdRQ0FtUVdBZ0lCRHc4V0FoOENCU0JVU01PVVRrY2dWRWxPSUVqaHU1SWdVOGFnSUZSVldlRzdnazRnVTBsT1NHUmtBb3NCRHc4V0JCOEZCUWh2ZFhRdGJXVnVkUjhFQWdKa1pBS05BUThQRmdRZkJRVUliM1YwTFcxbGJuVWZCQUlDWkJZQ0FnRVBEeFlDSHdJRkYwakRrMEVneEpER29FNGd4SkJKNGJ1R1RpQlU0YnVzWkdRQ2p3RVBEeFlFSHdVRkNHOTFkQzF0Wlc1MUh3UUNBbVFXQWdJQkR3OFdBaDhDQlJaT1Iwamh1NGdnUk9HNm9Ga2dST0c2b0ZrZ1FzT1paR1FDa1FFUER4WUVId1VGQ0c5MWRDMXRaVzUxSHdRQ0FtUVdBZ0lCRHc4V0FoOENCUmZFa01TQ1RrY2dTOE9kSUU1SFNPRzdpQ0JRU01PSlVHUmtBcE1CRHc4V0JCOEZCUWh2ZFhRdGJXVnVkUjhFQWdKa0ZnSUNBUThQRmdJZkFnVVN4SkRFZ2s1SElFdkRuU0JEVDBrZ1ZFaEpaR1FDbFFFUER4WUVId1VGQ0c5MWRDMXRaVzUxSHdRQ0FtUVdBZ0lCRHc4V0FoOENCUkpZUlUwZ1RPRzdpa05JSUVOUFNTQlVTRWxrWkFLWEFROFBGZ1FmQlFVSWIzVjBMVzFsYm5VZkJBSUNaQllDQWdFUER4WUNId0lGRzB0UklFNUhTRW5EaWs0Z1ErRzdxRlVnUzBoUFFTQkk0YnVNUTJSa0Fwa0JEdzhXQkI4RkJRaHZkWFF0YldWdWRSOEVBZ0prRmdJQ0FROFBGZ0lmQWdVY1dFVk5JTVNRNGJ1QUlGVERnRWtnVGtOTFNDQlVTRUZOSUVkSlFXUmtBcHNCRHc4V0JCOEZCUWh2ZFhRdGJXVnVkUjhFQWdKa0ZnSUNBUTlrRmdKbUR3OFdBaDhDQlNURWtNU0NUa2NnUzhPZElGaEpUaUJIU2VHNnBGa2dRMGpodTZoT1J5Qk9TT0c2ckU1a1pBS2RBUThQRmdRZkJRVUliM1YwTFcxbGJuVWZCQUlDWkJZQ0FnRVBaQllDWmc4UEZnSWZBZ1VaUStHNnJGQWdUa2podXF4VUlFNUhUK0c2b0VrZ1ZGTERtbVJrQXA4QkR3OFdCQjhGQlFodmRYUXRiV1Z1ZFI4RUFnSmtGZ0lDQVE4UEZnSWZBZ1ViUStHNnJGQWdUa2podXF4VUlGUkl4cS9odTV4T1J5QlVVc09hWkdRQ29RRVBEeFlFSHdVRkNHOTFkQzF0Wlc1MUh3UUNBbVFXQWdJQkR3OFdBaDhDQlJWRDRicW9UU0JPUVU1SElGTkpUa2dnVmtuRGlrNWtaQUtqQVE4UEZnUWZCUVVJYjNWMExXMWxiblVmQkFJQ1pCWUNBZ0VQRHhZQ0h3SUZIbGhGVFNCTVZlRzZyRTRnVnNTQ1RpQlU0YnVRVkNCT1IwaEo0YnVHVUdSa0FxVUJEdzhXQkI4RkJRaHZkWFF0YldWdWRSOEVBZ0prRmdJQ0FROFBGZ0lmQWdVZVdFVk5JRXhWNGJxc1RpQld4SUpPSUVqR3IrRzdtazVISUVUaHVxcE9aR1FDcHdFUER4WUVId1VGQ0c5MWRDMXRaVzUxSHdRQ0FtUVdBZ0lCRHc4V0FoOENCUjFZUlUwZ1RGWGh1cXhPSUZiRWdrNGdVRWpodXFKT0lFSko0YnVHVG1Sa0Fxa0JEdzhXQkI4RkJRaHZkWFF0YldWdWRSOEVBZ0prRmdJQ0FROFBGZ0lmQWdVa1FzT0JUeUJDU2VHN2dsVWdVRWpodTZSRElGYmh1NlFnVE1PRFRrZ2d4SkRodXFCUFpHUUNxd0VQRHhZRUh3VUZDRzkxZEMxdFpXNTFId1FDQW1RV0FnSUJEdzhXQWg4Q0JSeFVTT0c3a0U1SElFdkRpaURFa01PVFRrY2dTRkFnVDA1TVNVNUZaR1FDclFFUER4WUVId1VGQ0c5MWRDMXRaVzUxSHdRQ0FtUVdBZ0lCRHc4V0FoOENCUmZFa01TQ1RrY2dTOE9kSUV2RG5TQlV3NXBESUZqRGdXUmtBcThCRHc4V0JCOEZCUWh2ZFhRdGJXVnVkUjhFQWdKa0ZnSUNBUThQRmdJZkFnVVlWRWhCVGtnZ1ZFL0RnVTRnUzhPZElGVERta01nV01PQlpHUUNzUUVQRHhZRUh3VUZDRzkxZEMxdFpXNTFId1FDQW1RV0FnSUJEdzhXQWg4Q0JTSkQ0YnFzVUNCT1NPRzZyRlFnVE1PZElFemh1NHBEU0NCTFNFOUJJRWpodTR4RFpHUUNzd0VQRHhZRUh3VUZDRzkxZEMxdFpXNTFId1FDQW1RV0FnSUJEdzhXQWg4Q0JSZEQ0YnFzVUNCT1NPRzZyRlFnVkM1VVNVNGdRa2haVkdSa0FyVUJEdzhXQkI4RkJRaHZkWFF0YldWdWRSOEVBZ0prRmdJQ0FROFBGZ0lmQWdVV1dFVk5JTVNRU2VHN2drMGd4SkREZ3lCRTRicWdXV1JrQXJjQkR3OFdCQjhGQlFodmRYUXRiV1Z1ZFI4RUFnSmtGZ0lDQVE4UEZnSWZBZ1VaU1U0Z1M4T0tJRXRJUVVrZ1Iwbmh1NXdnUjBuaHVxSk9SMlJrQXJrQkR3OFdCQjhGQlFodmRYUXRiV1Z1ZFI4RUFnSmtaQUs3QVE4UEZnUWZCUVVJYjNWMExXMWxiblVmQkFJQ1pHUUN2UUVQRHhZRUh3VUZDRzkxZEMxdFpXNTFId1FDQW1Sa0FyOEJEdzhXQkI4RkJRaHZkWFF0YldWdWRSOEVBZ0prWkFMQkFROFBGZ1FmQlFVSWIzVjBMVzFsYm5VZkJBSUNaR1FDQnc5a0ZnSUNBUTlrRmdKbUQyUVdDQUlCRHhBUEZnUWZBZ1VQVkcvRG9HNGdkSExHc09HN25XNW5IZ2REYUdWamEyVmtaMlJrWkdRQ0F3OFFEeFlDSHdJRkdVUERvU0J1YU1PaWJpQnVaOGF3NGJ1ZGFTQmt3N2x1Wnpwa1pHUmtBZ1VQRHhZRUh3SUZHMDVvNGJxdGNDQnR3Nk1nYytHN2tTQmo0YnFuYmlCNFpXMDZJQjRIUlc1aFlteGxaR2hrWkFJSER3OFdBaDhJYUdSa0Fna1BaQllJQWdFUER4WUNId0lGZVVOdmNIbHlhV2RvZENEQ3FUSXdNRGtnVkhMR3NPRzduVzVuSU1TUVNDQlR3NkJwSUVmRHNtNHR4SkRodXFGcElHamh1NDFqSUdOb3c2MXVhQ0J4ZFhrdUlGRjE0YnFqYmlCc3c3MGdZdUc3bjJrZzRidW1lU0JpWVc0Z2JtakRvbTRnWk1PaWJpQlVVQzRnU09HN2t5QkRhTU90SUUxcGJtaGtaQUlERHc4V0FoOENCUXRVY21GdVp5QkRhT0c3cDJSa0FnVVBEeFlDSHdJRkxWUm9hZUc2djNRZ2ErRzZ2eUJpNGJ1ZmFTQmpkSGtnVUdqaHVxZHVJRzNodTRGdElFRnVhQ0JSZGNPaWJtUmtBZ2NQRHhZQ0h3SUZETVNRNGJxbmRTQlVjbUZ1WjJSa0dBRUZIbDlmUTI5dWRISnZiSE5TWlhGMWFYSmxVRzl6ZEVKaFkydExaWGxmWHhZREJTOWpkR3d3TUNSRGIyNTBaVzUwVUd4aFkyVkliMnhrWlhJeEpHTjBiREF3SkhKaFpHbHZWRzloYmxSeWRXOXVad1VwWTNSc01EQWtRMjl1ZEdWdWRGQnNZV05sU0c5c1pHVnlNU1JqZEd3d01DUnlZV1JwYjAxaFUxWUZLV04wYkRBd0pFTnZiblJsYm5SUWJHRmpaVWh2YkdSbGNqRWtZM1JzTURBa2NtRmthVzlOWVZOV2JLNEtrd2JvdTFNWUcvY25lL2syVG9nZzl1Yz0iIENvcnJlbGF0aW9uQmluZGluZz0iIiBVcmxFbmNvZGU9IlRydWUiIC8+DQogICAgICAgICAgICA8Rm9ybVBvc3RQYXJhbWV0ZXIgTmFtZT0iX19WSUVXU1RBVEVHRU5FUkFUT1IiIFZhbHVlPSJ7eyRISURERU4xLl9fVklFV1NUQVRFR0VORVJBVE9SfX0iIFJlY29yZGVkVmFsdWU9IkNBMEIwMzM0IiBDb3JyZWxhdGlvbkJpbmRpbmc9IiIgVXJsRW5jb2RlPSJUcnVlIiAvPg0KICAgICAgICAgICAgPEZvcm1Qb3N0UGFyYW1ldGVyIE5hbWU9ImN0bDAwJENvbnRlbnRQbGFjZUhvbGRlcjEkY3RsMDAkcmFkaW8iIFZhbHVlPSJyYWRpb01hU1YiIFJlY29yZGVkVmFsdWU9InJhZGlvTWFTViIgQ29ycmVsYXRpb25CaW5kaW5nPSJ7e0Zvcm1Qb3N0UGFyYW0zLmN0bDAwJENvbnRlbnRQbGFjZUhvbGRlcjEkY3RsMDAkcmFkaW99fSIgVXJsRW5jb2RlPSJUcnVlIiAvPg0KICAgICAgICAgIDwvRm9ybVBvc3RIdHRwQm9keT4NCiAgICAgICAgPC9SZXF1ZXN0Pg0KICAgICAgPC9EZXBlbmRlbnRSZXF1ZXN0cz4NCiAgICAgIDxRdWVyeVN0cmluZ1BhcmFtZXRlcnM+DQogICAgICAgIDxRdWVyeVN0cmluZ1BhcmFtZXRlciBOYW1lPSJwYWdlIiBWYWx1ZT0ibmhhcG1hc3YiIFJlY29yZGVkVmFsdWU9Im5oYXBtYXN2IiBDb3JyZWxhdGlvbkJpbmRpbmc9Int7UXVlcnlTdHJpbmdQYXJhbTIucGFnZX19IiBVcmxFbmNvZGU9IkZhbHNlIiBVc2VUb0dyb3VwUmVzdWx0cz0iRmFsc2UiIC8+DQogICAgICAgIDxRdWVyeVN0cmluZ1BhcmFtZXRlciBOYW1lPSJmbGFnIiBWYWx1ZT0iVGhvaUtob2FCaWV1IiBSZWNvcmRlZFZhbHVlPSJUaG9pS2hvYUJpZXUiIENvcnJlbGF0aW9uQmluZGluZz0ie3tRdWVyeVN0cmluZ1BhcmFtMy5mbGFnfX0iIFVybEVuY29kZT0iRmFsc2UiIFVzZVRvR3JvdXBSZXN1bHRzPSJGYWxzZSIgLz4NCiAgICAgIDwvUXVlcnlTdHJpbmdQYXJhbWV0ZXJzPg0KICAgICAgPEZvcm1Qb3N0SHR0cEJvZHk+DQogICAgICAgIDxGb3JtUG9zdFBhcmFtZXRlciBOYW1lPSJfX0VWRU5UVEFSR0VUIiBWYWx1ZT0iY3RsMDAkQ29udGVudFBsYWNlSG9sZGVyMSRjdGwwMCRyYWRpb01hU1YiIFJlY29yZGVkVmFsdWU9ImN0bDAwJENvbnRlbnRQbGFjZUhvbGRlcjEkY3RsMDAkcmFkaW9NYVNWIiBDb3JyZWxhdGlvbkJpbmRpbmc9IiIgVXJsRW5jb2RlPSJUcnVlIiAvPg0KICAgICAgICA8Rm9ybVBvc3RQYXJhbWV0ZXIgTmFtZT0iX19FVkVOVEFSR1VNRU5UIiBWYWx1ZT0ie3skSElEREVOMS5fX0VWRU5UQVJHVU1FTlR9fSIgUmVjb3JkZWRWYWx1ZT0iIiBDb3JyZWxhdGlvbkJpbmRpbmc9IiIgVXJsRW5jb2RlPSJUcnVlIiAvPg0KICAgICAgICA8Rm9ybVBvc3RQYXJhbWV0ZXIgTmFtZT0iX19MQVNURk9DVVMiIFZhbHVlPSJ7eyRISURERU4xLl9fTEFTVEZPQ1VTfX0iIFJlY29yZGVkVmFsdWU9IiIgQ29ycmVsYXRpb25CaW5kaW5nPSIiIFVybEVuY29kZT0iVHJ1ZSIgLz4NCiAgICAgICAgPEZvcm1Qb3N0UGFyYW1ldGVyIE5hbWU9Il9fVklFV1NUQVRFIiBWYWx1ZT0ie3skSElEREVOMS5fX1ZJRVdTVEFURX19IiBSZWNvcmRlZFZhbHVlPSIvd0VQRHdVS0xUTXhOamMzTlRNM05ROWtGZ0ptRDJRV0JHWVBaQllFQWdFUEZnSWVCMk52Ym5SbGJuUmtaQUlDRHhZQ0hnUm9jbVZtQlNrdUwwMWxjM05oWjJWR2FXeGxMMlpoZG1samIyNHRaR0ZwTFdodll5MXpZV2t0WjI5dUxtcHdaMlFDQVE5a0ZnZ0NBdzlrRmdKbUQyUVdBZ0lCRDJRV0RHWVBEeFlDSGdSVVpYaDBCUXhEYU1PZ2J5Qmk0YnFoYmlCa1pBSUJEdzhXQkI0SlJtOXlaVU52Ykc5eUNRQXovLzhlQkY4aFUwSUNCR1JrQWdJUER4WUVId01KQURQLy94OEVBZ1JrWkFJRER3OFdCaDhDQlJoVWFHRjVJTVNSNGJ1VmFTQnQ0YnF0ZENCcmFPRzZxWFVmQXdrQU0vLy9Id1FDQkdSa0FnUVBEeFlFSHdNSkFEUC8veDhFQWdSa1pBSUZEdzhXQmg4Q0JRM0VrTVNEYm1jZ1Rtamh1cTF3SHdNSkFEUC8veDhFQWdSa1pBSUZEMlFXd2dFQ0FROFBGZ1FlQ0VOemMwTnNZWE56QlFodmRYUXRiV1Z1ZFI4RUFnSmtGZ0ptRHc4V0FoOENCUXRVVWtGT1J5QkRTT0c3cG1Sa0FnTVBEeFlFSHdVRkNHOTFkQzF0Wlc1MUh3UUNBbVFXQWdJQkR3OFdBaDhDQlJkRVFVNUlJRTNodTZSRElFTkk0YnVvUXlCT3hJSk9SMlJrQWdVUER4WUVId1VGQ0c5MWRDMXRaVzUxSHdRQ0FtUVdBZ0lCRHc4V0FoOENCUnRFVFNCRFNPRzdxRU1nVHNTQ1RrY2d4SkREZ1U1SUlFZEp3NEZrWkFJSER3OFdCQjhGQlFodmRYUXRiV1Z1ZFI4RUFnSmtGZ0lDQVE4UEZnSWZBZ1VqVVZYaHVxSk9JRXpEblNERWtNT0JUa2dnUjBuRGdTQlN3NGhPSUV4VldlRzdoazVrWkFJSkR3OFdCaDhGQlFodmRYUXRiV1Z1ZFI4RUFnSWVCMVpwYzJsaWJHVm9aQllDQWdFUER4WUNId0lGRmNTUXhJSk9SeUJMdzUwZ1RjT1VUaUJJNGJ1TVEyUmtBZ3NQRHhZRUh3VUZDRzkxZEMxdFpXNTFId1FDQW1Sa0FnMFBEeFlFSHdVRkNHOTFkQzF0Wlc1MUh3UUNBbVFXQWdJQkR3OFdBaDhDQlFkWVJVMGdWRXRDWkdRQ0R3OFBGZ1FmQlFVSWIzVjBMVzFsYm5VZkJBSUNaQllDQWdFUER4WUNId0lGRUZoRlRTREVrRW5odTRKTklFUkJUa2hrWkFJUkR3OFdCQjhGQlFodmRYUXRiV1Z1ZFI4RUFnSmtGZ0ptRHc4V0FoOENCUTVZUlUwZ1RPRzdpa05JSUZSSVNXUmtBaE1QRHhZR0h3VUZDRzkxZEMxdFpXNTFId1FDQWg4R2FHUVdBZ0lCRHc4V0FoOENCUlJZUlUwZ1RPRzdpa05JSUZSSVNTQk00YnFnU1dSa0FoVVBEeFlHSHdVRkNHOTFkQzF0Wlc1MUh3UUNBaDhHYUdRV0FnSUJEdzhXQWg4Q0JSRllSVTBnVE9HN2lrTklJRlJJU1NCSFMyUmtBaGNQRHhZR0h3VUZDRzkxZEMxdFpXNTFId1FDQWg4R2FHUVdBZ0lCRHc4V0FoOENCU0ZIU0VrZ1ZNT1RUU0JVNGJxdVZDQk53NVJPSUVkSjRicWlUa2NnUk9HNm9GbGtaQUlaRHc4V0JCOEZCUWh2ZFhRdGJXVnVkUjhFQWdKa1pBSWJEdzhXQkI4RkJRaHZkWFF0YldWdWRSOEVBZ0prRmdJQ0FROFBGZ0lmQWdVT1dFVk5JRWpodTR4RElGQkl3NDFrWkFJZER3OFdCQjhGQlFodmRYUXRiV1Z1ZFI4RUFnSmtaQUlmRHc4V0JCOEZCUWh2ZFhRdGJXVnVkUjhFQWdKa0ZnSUNBUThQRmdJZkFnVUxXRVZOSU1TUVNlRzdnazFrWkFJaER3OFdCaDhGQlFodmRYUXRiV1Z1ZFI4RUFnSWZCbWhrRmdJQ0FROFBGZ0lmQWdVVHhKQko0YnVDVFNCTDRidXlJRmJodTR4T1IyUmtBaU1QRHhZRUh3VUZDRzkxZEMxdFpXNTFId1FDQW1RV0FnSUJEdzhXQWg4Q0JSaEw0YnErVkNCUlZlRzZvaURFa0VuaHU0Sk5JRVJCVGtoa1pBSWxEdzhXQkI4RkJRaHZkWFF0YldWdWRSOEVBZ0prRmdJQ0FROFBGZ0lmQWdVV1MxRWd4SkJKNGJ1Q1RTQkVRVTVJSUU5T1RFbE9SV1JrQWljUER4WUVId1VGQ0c5MWRDMXRaVzUxSHdRQ0FtUVdBZ0lCRHc4V0FoOENCUnRZUlUwZ3hKQko0YnVDVFNCRVFVNUlJRk5KVGtnZ1ZrbkRpazVrWkFJcER3OFdCQjhGQlFodmRYUXRiV1Z1ZFI4RUFnSmtGZ0lDQVE4UEZnSWZBZ1VmUjBuaHVxSk9SeUJXU2NPS1RpQlU0YnV3SU1TUVNlRzdnazBnUkVGT1NHUmtBaXNQRHhZRUh3VUZDRzkxZEMxdFpXNTFId1FDQW1RV0FnSUJEdzhXQWg4Q0JRbFlSVTBnUTFURWtGUmtaQUl0RHc4V0JCOEZCUWh2ZFhRdGJXVnVkUjhFQWdKa0ZnSUNBUThQRmdJZkFnVUxXRVZOSUUzRGxFNGdWRkZrWkFJdkR3OFdCQjhGQlFodmRYUXRiV1Z1ZFI4RUFnSmtGZ0lDQVE4UEZnSWZBZ1VreEpERGdVNUlJRWRKdzRFZ1MrRzZ2bFFnVVZYaHVxSWdVc09JVGlCTVZWbmh1NFpPWkdRQ01ROFBGZ1FmQlFVSWIzVjBMVzFsYm5VZkJBSUNaQllDQWdFUER4WUNId0lGSnNTUXc0Rk9TQ0JIU2NPQklFdFJJRkxEaUU0Z1RGVlo0YnVHVGlCVFNVNUlJRlpKdzRwT1pHUUNNdzhQRmdZZkJRVUliM1YwTFcxbGJuVWZCQUlDSHdab1pCWUNBZ0VQRHhZQ0h3SUZFbFBodTZ4QklGUlVJRVBEZ1NCT1NNT0NUbVJrQWpVUER4WUdId1VGQ0c5MWRDMXRaVzUxSHdRQ0FoOEdaMlFXQWdJQkR3OFdBaDhDQlE1SHc1TlFJTU9kSUV0SjRicStUbVJrQWpjUER4WUdId1VGQ0c5MWRDMXRaVzUxSHdRQ0FoOEdhR1FXQW1ZUER4WUNId0lGRUZQaHU2eEJJRXpEblNCTTRidUtRMGhrWkFJNUR3OFdCQjhGQlFodmRYUXRiV1Z1ZFI4RUFnSmtGZ0lDQVE4UEZnSWZBZ1VWVVZYaHVxSk9JRXpEblNCVFNVNUlJRlpKdzRwT1pHUUNPdzhQRmdRZkJRVUliM1YwTFcxbGJuVWZCQUlDWkJZQ0FnRVBEeFlDSHdJRklrdmh1cjVVSUZGVjRicWlJRk5KVGtnZ1ZrbkRpazRneEpERGdVNUlJRWRKdzRGa1pBSTlEdzhXQkI4RkJRaHZkWFF0YldWdWRSOEVBZ0prWkFJL0R3OFdCQjhGQlFodmRYUXRiV1Z1ZFI4RUFnSmtGZ0lDQVE5a0ZnSm1EdzhXQWg4Q0JSbkVrTU9CVGtnZ1IwbkRnU0JIU2VHNm9rNUhJRVRodXFCWlpHUUNRUThQRmdRZkJRVUliM1YwTFcxbGJuVWZCQUlDWkJZQ0FnRVBEeFlDSHdJRkZNU1F4SUpPUnlCTHc1MGdWRWhKSUV6aHVxQkpaR1FDUXc4UEZnUWZCUVVJYjNWMExXMWxiblVmQkFJQ1pHUUNSUThQRmdRZkJRVUliM1YwTFcxbGJuVWZCQUlDWkJZQ0FnRVBEeFlDSHdJRkVzU1FTeUJEU0ZWWnc0cE9JRTVIdzRCT1NHUmtBa2NQRHhZRUh3VUZDRzkxZEMxdFpXNTFId1FDQW1Sa0Fra1BEeFlFSHdVRkNHOTFkQzF0Wlc1MUh3UUNBbVFXQWdJQkR3OFdBaDhDQlJaTFVTQll3NGxVSUZUaHU1QlVJRTVIU0VuaHU0WlFaR1FDU3c4UEZnUWZCUVVJYjNWMExXMWxiblVmQkFJQ1pCWUNBZ0VQRHhZQ0h3SUZIVXRSSUZqRGlWUWdWRW5odTRCT0lGVGh1NUJVSUU1SFNFbmh1NFpRWkdRQ1RROFBGZ1FmQlFVSWIzVjBMVzFsYm5VZkJBSUNaQllDQWdFUER4WUNId0lGR2tQRGdsVWdTT0c3amtrZ1ZFakdyK0c3bkU1SElFZmh1clpRWkdRQ1R3OFBGZ1FmQlFVSWIzVjBMVzFsYm5VZkJBSUNaQllDQWdFUER4WUNId0lGRThTUVN5QkxTTU9UUVNCTVZlRzZyRTRnVkU1a1pBSlJEdzhXQkI4RkJRaHZkWFF0YldWdWRSOEVBZ0prRmdJQ0FROFBGZ0lmQWdVT1Rramh1cXhRSU1TUVNlRzdnazFrWkFKVER3OFdCQjhGQlFodmRYUXRiV1Z1ZFI4RUFnSmtaQUpWRHc4V0JCOEZCUWh2ZFhRdGJXVnVkUjhFQWdKa1pBSlhEdzhXQkI4RkJRaHZkWFF0YldWdWRSOEVBZ0prWkFKWkR3OFdCQjhGQlFodmRYUXRiV1Z1ZFI4RUFnSmtGZ0lDQVE4UEZnSWZBZ1VlV0VWTklNU1FTZUc3Z2swZ1RjT1VUaUJIU2VHNm9rNUhJRVRodXFCWlpHUUNXdzhQRmdRZkJRVUliM1YwTFcxbGJuVWZCQUlDWkJZQ0FnRVBEeFlDSHdJRkhsaEZUU0RFa0VuaHU0Sk5JRlRodTVST1J5Qkk0YnVpVUNCTTRidWFVR1JrQWwwUER4WUVId1VGQ0c5MWRDMXRaVzUxSHdRQ0FtUVdBZ0lCRHc4V0FoOENCUlZKVGlCTFNPRzdrRWtnVE1hdjRidWlUa2NnUjBSa1pBSmZEdzhXQkI4RkJRaHZkWFF0YldWdWRSOEVBZ0prRmdJQ0FROFBGZ0lmQWdVT1ZWQk1UMEZFSU1TUVNlRzdnazFrWkFKaER3OFdCQjhGQlFodmRYUXRiV1Z1ZFI4RUFnSmtGZ0lDQVE4UEZnSWZBZ1VOVkV0Q0lFTGh1NWdnVGNPVVRtUmtBbU1QRHhZRUh3VUZDRzkxZEMxdFpXNTFId1FDQW1RV0FnSUJEdzhXQWg4Q0JSUk00YnVLUTBnZ1ZFaEpJRUxodTVnZ1RjT1VUbVJrQW1VUER4WUVId1VGQ0c5MWRDMXRaVzUxSHdRQ0FtUVdBZ0lCRHc4V0FoOENCU1pVU09HN2tFNUhJRXZEaWlCSFNlRzZvazVISUZaSnc0cE9JRVJWV2VHN2hsUWdTMUZFUzJSa0FtY1BEeFlFSHdVRkNHOTFkQzF0Wlc1MUh3UUNBbVFXQWdJQkR3OFdBaDhDQlNKWVJVMGdWT0c3bEU1SElFamh1NkpRSUV0UklFamh1NHhESUZUaHVxeFFJRk5XWkdRQ2FROFBGZ1FmQlFVSWIzVjBMVzFsYm5VZkJBSUNaR1FDYXc4UEZnUWZCUVVJYjNWMExXMWxiblVmQkFJQ1pCWUNaZzhQRmdJZkFnVVlTK0c2dmlCSVQrRzZvRU5JSUVqaHU0eERJRlRodXF4UVpHUUNiUThQRmdRZkJRVUliM1YwTFcxbGJuVWZCQUlDWkdRQ2J3OFBGZ1FmQlFVSWIzVjBMVzFsYm5VZkJBSUNaQllDQWdFUER4WUNId0lGRkVqR3IrRzdtazVISUVUaHVxcE9JTVNRUzAxSVpHUUNjUThQRmdRZkJRVUliM1YwTFcxbGJuVWZCQUlDWkJZQ0FnRVBEeFlDSHdJRklFNUk0YnFzVUNERWtPRzdpa0VnUTBqaHU0Z2dUa2podXF4T0lGUERnVU5JWkdRQ2N3OFBGZ1FmQlFVSWIzVjBMVzFsYm5VZkJBSUNaQllDQWdFUER4WUNId0lGSk1TUXhJSk9SeUJMdzUwZ1Rramh1cXhPSUZQRGdVTklJRTVIVDhPQVNTQkhTZUc3bkdSa0FuVVBEeFlFSHdVRkNHOTFkQzF0Wlc1MUh3UUNBbVFXQWdJQkR3OFdBaDhDQlJ2RWtNT0JUa2dnUjBuRGdTQkRTT0c2cEZRZ1RNYXY0YnVpVGtka1pBSjNEdzhXQkI4RkJRaHZkWFF0YldWdWRSOEVBZ0prRmdJQ0FROFBGZ0lmQWdVZnhKQXVTOE9kSUVUaHU3QWdUT0c3aENCVTRidVFWQ0JPUjBoSjRidUdVR1JrQW5rUER4WUVId1VGQ0c5MWRDMXRaVzUxSHdRQ0FtUVdBZ0lCRHc4V0FoOENCUk5PNGJ1WVVDQkRTT0c3cUU1SElFTkk0YnVJWkdRQ2V3OFBGZ1FmQlFVSWIzVjBMVzFsYm5VZkJBSUNaQllDQWdFUER4WUNId0lGSVZoRlRTREVrT0c3Z0NCRHhxL0dvRTVISUZSU1QwNUhJRUxodTVnZ1RjT1VUbVJrQW4wUER4WUVId1VGQ0c5MWRDMXRaVzUxSHdRQ0FtUVdBZ0lCRHc4V0FoOENCUmxFUVU1SUlGUERnVU5JSU1TUUxrdkRuU0JZdzRsVUlGUk9aR1FDZnc4UEZnUWZCUVVJYjNWMExXMWxiblVmQkFJQ1pCWUNBZ0VQRHhZQ0h3SUZIa1JCVGtnZ1U4T0JRMGdneEpBdVM4T2RJRVRodTdBZ1RPRzdoQ0JVVG1Sa0FvRUJEdzhXQkI4RkJRaHZkWFF0YldWdWRSOEVBZ0prRmdJQ0FROFBGZ0lmQWdVV1ZFakRsRTVISUZSSlRpQk1WZUc2ckU0Z1ZzU0NUbVJrQW9NQkR3OFdCQjhGQlFodmRYUXRiV1Z1ZFI4RUFnSmtGZ0lDQVE4UEZnSWZBZ1VqVkZKQklFUGh1NmhWSUZSSXc1Uk9SeUJVU1U0Z1ZPRzdrRlFnVGtkSVNlRzdobEJrWkFLRkFROFBGZ1FmQlFVSWIzVjBMVzFsYm5VZkJBSUNaQllDQWdFUER4WUNId0lGRUVQaHU3QlZJRk5KVGtnZ1ZrbkRpazVrWkFLSEFROFBGZ1FmQlFVSWIzVjBMVzFsYm5VZkJBSUNaQllDQWdFUER4WUNId0lGRjhTUXhJSk9SeUJMdzUwZ1dNT0pWQ0JVVlZuaHU0Sk9aR1FDaVFFUER4WUVId1VGQ0c5MWRDMXRaVzUxSHdRQ0FtUVdBZ0lCRHc4V0FoOENCU0JVU01PVVRrY2dWRWxPSUVqaHU1SWdVOGFnSUZSVldlRzdnazRnVTBsT1NHUmtBb3NCRHc4V0JCOEZCUWh2ZFhRdGJXVnVkUjhFQWdKa1pBS05BUThQRmdRZkJRVUliM1YwTFcxbGJuVWZCQUlDWkJZQ0FnRVBEeFlDSHdJRkYwakRrMEVneEpER29FNGd4SkJKNGJ1R1RpQlU0YnVzWkdRQ2p3RVBEeFlFSHdVRkNHOTFkQzF0Wlc1MUh3UUNBbVFXQWdJQkR3OFdBaDhDQlJaT1Iwamh1NGdnUk9HNm9Ga2dST0c2b0ZrZ1FzT1paR1FDa1FFUER4WUVId1VGQ0c5MWRDMXRaVzUxSHdRQ0FtUVdBZ0lCRHc4V0FoOENCUmZFa01TQ1RrY2dTOE9kSUU1SFNPRzdpQ0JRU01PSlVHUmtBcE1CRHc4V0JCOEZCUWh2ZFhRdGJXVnVkUjhFQWdKa0ZnSUNBUThQRmdJZkFnVVN4SkRFZ2s1SElFdkRuU0JEVDBrZ1ZFaEpaR1FDbFFFUER4WUVId1VGQ0c5MWRDMXRaVzUxSHdRQ0FtUVdBZ0lCRHc4V0FoOENCUkpZUlUwZ1RPRzdpa05JSUVOUFNTQlVTRWxrWkFLWEFROFBGZ1FmQlFVSWIzVjBMVzFsYm5VZkJBSUNaQllDQWdFUER4WUNId0lGRzB0UklFNUhTRW5EaWs0Z1ErRzdxRlVnUzBoUFFTQkk0YnVNUTJSa0Fwa0JEdzhXQkI4RkJRaHZkWFF0YldWdWRSOEVBZ0prRmdJQ0FROFBGZ0lmQWdVY1dFVk5JTVNRNGJ1QUlGVERnRWtnVGtOTFNDQlVTRUZOSUVkSlFXUmtBcHNCRHc4V0JCOEZCUWh2ZFhRdGJXVnVkUjhFQWdKa0ZnSUNBUTlrRmdKbUR3OFdBaDhDQlNURWtNU0NUa2NnUzhPZElGaEpUaUJIU2VHNnBGa2dRMGpodTZoT1J5Qk9TT0c2ckU1a1pBS2RBUThQRmdRZkJRVUliM1YwTFcxbGJuVWZCQUlDWkJZQ0FnRVBaQllDWmc4UEZnSWZBZ1VaUStHNnJGQWdUa2podXF4VUlFNUhUK0c2b0VrZ1ZGTERtbVJrQXA4QkR3OFdCQjhGQlFodmRYUXRiV1Z1ZFI4RUFnSmtGZ0lDQVE4UEZnSWZBZ1ViUStHNnJGQWdUa2podXF4VUlGUkl4cS9odTV4T1J5QlVVc09hWkdRQ29RRVBEeFlFSHdVRkNHOTFkQzF0Wlc1MUh3UUNBbVFXQWdJQkR3OFdBaDhDQlJWRDRicW9UU0JPUVU1SElGTkpUa2dnVmtuRGlrNWtaQUtqQVE4UEZnUWZCUVVJYjNWMExXMWxiblVmQkFJQ1pCWUNBZ0VQRHhZQ0h3SUZIbGhGVFNCTVZlRzZyRTRnVnNTQ1RpQlU0YnVRVkNCT1IwaEo0YnVHVUdSa0FxVUJEdzhXQkI4RkJRaHZkWFF0YldWdWRSOEVBZ0prRmdJQ0FROFBGZ0lmQWdVZVdFVk5JRXhWNGJxc1RpQld4SUpPSUVqR3IrRzdtazVISUVUaHVxcE9aR1FDcHdFUER4WUVId1VGQ0c5MWRDMXRaVzUxSHdRQ0FtUVdBZ0lCRHc4V0FoOENCUjFZUlUwZ1RGWGh1cXhPSUZiRWdrNGdVRWpodXFKT0lFSko0YnVHVG1Sa0Fxa0JEdzhXQkI4RkJRaHZkWFF0YldWdWRSOEVBZ0prRmdJQ0FROFBGZ0lmQWdVa1FzT0JUeUJDU2VHN2dsVWdVRWpodTZSRElGYmh1NlFnVE1PRFRrZ2d4SkRodXFCUFpHUUNxd0VQRHhZRUh3VUZDRzkxZEMxdFpXNTFId1FDQW1RV0FnSUJEdzhXQWg4Q0JSeFVTT0c3a0U1SElFdkRpaURFa01PVFRrY2dTRkFnVDA1TVNVNUZaR1FDclFFUER4WUVId1VGQ0c5MWRDMXRaVzUxSHdRQ0FtUVdBZ0lCRHc4V0FoOENCUmZFa01TQ1RrY2dTOE9kSUV2RG5TQlV3NXBESUZqRGdXUmtBcThCRHc4V0JCOEZCUWh2ZFhRdGJXVnVkUjhFQWdKa0ZnSUNBUThQRmdJZkFnVVlWRWhCVGtnZ1ZFL0RnVTRnUzhPZElGVERta01nV01PQlpHUUNzUUVQRHhZRUh3VUZDRzkxZEMxdFpXNTFId1FDQW1RV0FnSUJEdzhXQWg4Q0JTSkQ0YnFzVUNCT1NPRzZyRlFnVE1PZElFemh1NHBEU0NCTFNFOUJJRWpodTR4RFpHUUNzd0VQRHhZRUh3VUZDRzkxZEMxdFpXNTFId1FDQW1RV0FnSUJEdzhXQWg4Q0JSZEQ0YnFzVUNCT1NPRzZyRlFnVkM1VVNVNGdRa2haVkdSa0FyVUJEdzhXQkI4RkJRaHZkWFF0YldWdWRSOEVBZ0prRmdJQ0FROFBGZ0lmQWdVV1dFVk5JTVNRU2VHN2drMGd4SkREZ3lCRTRicWdXV1JrQXJjQkR3OFdCQjhGQlFodmRYUXRiV1Z1ZFI4RUFnSmtGZ0lDQVE4UEZnSWZBZ1VaU1U0Z1M4T0tJRXRJUVVrZ1Iwbmh1NXdnUjBuaHVxSk9SMlJrQXJrQkR3OFdCQjhGQlFodmRYUXRiV1Z1ZFI4RUFnSmtaQUs3QVE4UEZnUWZCUVVJYjNWMExXMWxiblVmQkFJQ1pHUUN2UUVQRHhZRUh3VUZDRzkxZEMxdFpXNTFId1FDQW1Sa0FyOEJEdzhXQkI4RkJRaHZkWFF0YldWdWRSOEVBZ0prWkFMQkFROFBGZ1FmQlFVSWIzVjBMVzFsYm5VZkJBSUNaR1FDQnc5a0ZnSUNBUTlrRmdKbUQyUVdDQUlCRHhBUEZnUWZBZ1VQVkcvRG9HNGdkSExHc09HN25XNW5IZ2REYUdWamEyVmtaMlJrWkdRQ0F3OFFEeFlDSHdJRkdVUERvU0J1YU1PaWJpQnVaOGF3NGJ1ZGFTQmt3N2x1Wnpwa1pHUmtBZ1VQRHhZRUh3SUZHMDVvNGJxdGNDQnR3Nk1nYytHN2tTQmo0YnFuYmlCNFpXMDZJQjRIUlc1aFlteGxaR2hrWkFJSER3OFdBaDhJYUdSa0Fna1BaQllJQWdFUER4WUNId0lGZVVOdmNIbHlhV2RvZENEQ3FUSXdNRGtnVkhMR3NPRzduVzVuSU1TUVNDQlR3NkJwSUVmRHNtNHR4SkRodXFGcElHamh1NDFqSUdOb3c2MXVhQ0J4ZFhrdUlGRjE0YnFqYmlCc3c3MGdZdUc3bjJrZzRidW1lU0JpWVc0Z2JtakRvbTRnWk1PaWJpQlVVQzRnU09HN2t5QkRhTU90SUUxcGJtaGtaQUlERHc4V0FoOENCUXRVY21GdVp5QkRhT0c3cDJSa0FnVVBEeFlDSHdJRkxWUm9hZUc2djNRZ2ErRzZ2eUJpNGJ1ZmFTQmpkSGtnVUdqaHVxZHVJRzNodTRGdElFRnVhQ0JSZGNPaWJtUmtBZ2NQRHhZQ0h3SUZETVNRNGJxbmRTQlVjbUZ1WjJSa0dBRUZIbDlmUTI5dWRISnZiSE5TWlhGMWFYSmxVRzl6ZEVKaFkydExaWGxmWHhZREJTOWpkR3d3TUNSRGIyNTBaVzUwVUd4aFkyVkliMnhrWlhJeEpHTjBiREF3SkhKaFpHbHZWRzloYmxSeWRXOXVad1VwWTNSc01EQWtRMjl1ZEdWdWRGQnNZV05sU0c5c1pHVnlNU1JqZEd3d01DUnlZV1JwYjAxaFUxWUZLV04wYkRBd0pFTnZiblJsYm5SUWJHRmpaVWh2YkdSbGNqRWtZM1JzTURBa2NtRmthVzlOWVZOV2JLNEtrd2JvdTFNWUcvY25lL2syVG9nZzl1Yz0iIENvcnJlbGF0aW9uQmluZGluZz0iIiBVcmxFbmNvZGU9IlRydWUiIC8+DQogICAgICAgIDxGb3JtUG9zdFBhcmFtZXRlciBOYW1lPSJfX1ZJRVdTVEFURUdFTkVSQVRPUiIgVmFsdWU9Int7JEhJRERFTjEuX19WSUVXU1RBVEVHRU5FUkFUT1J9fSIgUmVjb3JkZWRWYWx1ZT0iQ0EwQjAzMzQiIENvcnJlbGF0aW9uQmluZGluZz0iIiBVcmxFbmNvZGU9IlRydWUiIC8+DQogICAgICAgIDxGb3JtUG9zdFBhcmFtZXRlciBOYW1lPSJjdGwwMCRDb250ZW50UGxhY2VIb2xkZXIxJGN0bDAwJHJhZGlvIiBWYWx1ZT0icmFkaW9NYVNWIiBSZWNvcmRlZFZhbHVlPSJyYWRpb01hU1YiIENvcnJlbGF0aW9uQmluZGluZz0ie3tGb3JtUG9zdFBhcmFtMS5jdGwwMCRDb250ZW50UGxhY2VIb2xkZXIxJGN0bDAwJHJhZGlvfX0iIFVybEVuY29kZT0iVHJ1ZSIgLz4NCiAgICAgIDwvRm9ybVBvc3RIdHRwQm9keT4NCiAgICA8L1JlcXVlc3Q+DQogICAgPFJlcXVlc3QgTWV0aG9kPSJHRVQiIEd1aWQ9IjMzMmQ0OTI0LTU0YWMtNDIxMy1hM2E5LTU1ZWZmOGEyOTJhNyIgVmVyc2lvbj0iMS4xIiBVcmw9Imh0dHA6Ly90aG9uZ3RpbmRhb3Rhby5zZ3UuZWR1LnZuL2RlZmF1bHQuYXNweCIgVGhpbmtUaW1lPSIwIiBUaW1lb3V0PSIzMDAiIFBhcnNlRGVwZW5kZW50UmVxdWVzdHM9IlRydWUiIEZvbGxvd1JlZGlyZWN0cz0iVHJ1ZSIgUmVjb3JkUmVzdWx0PSJUcnVlIiBDYWNoZT0iRmFsc2UiIFJlc3BvbnNlVGltZUdvYWw9IjAiIEVuY29kaW5nPSJ1dGYtOCIgRXhwZWN0ZWRIdHRwU3RhdHVzQ29kZT0iMCIgRXhwZWN0ZWRSZXNwb25zZVVybD0iaHR0cDovL3Rob25ndGluZGFvdGFvLnNndS5lZHUudm4vRGVmYXVsdC5hc3B4P3BhZ2U9dGhvaWtob2FiaWV1JmFtcDtzdGE9MSZhbXA7aWQ9MzExOTQxMTA0MiIgUmVwb3J0aW5nTmFtZT0iIiBJZ25vcmVIdHRwU3RhdHVzQ29kZT0iRmFsc2UiPg0KICAgICAgPFF1ZXJ5U3RyaW5nUGFyYW1ldGVycz4NCiAgICAgICAgPFF1ZXJ5U3RyaW5nUGFyYW1ldGVyIE5hbWU9InBhZ2UiIFZhbHVlPSJuaGFwbWFzdiIgUmVjb3JkZWRWYWx1ZT0ibmhhcG1hc3YiIENvcnJlbGF0aW9uQmluZGluZz0ie3tRdWVyeVN0cmluZ1BhcmFtMTQucGFnZX19IiBVcmxFbmNvZGU9IkZhbHNlIiBVc2VUb0dyb3VwUmVzdWx0cz0iRmFsc2UiIC8+DQogICAgICAgIDxRdWVyeVN0cmluZ1BhcmFtZXRlciBOYW1lPSJmbGFnIiBWYWx1ZT0iVGhvaUtob2FCaWV1IiBSZWNvcmRlZFZhbHVlPSJUaG9pS2hvYUJpZXUiIENvcnJlbGF0aW9uQmluZGluZz0ie3tRdWVyeVN0cmluZ1BhcmFtMTUuZmxhZ319IiBVcmxFbmNvZGU9IkZhbHNlIiBVc2VUb0dyb3VwUmVzdWx0cz0iRmFsc2UiIC8+DQogICAgICA8L1F1ZXJ5U3RyaW5nUGFyYW1ldGVycz4NCiAgICAgIDxGb3JtUG9zdEh0dHBCb2R5Pg0KICAgICAgICA8Rm9ybVBvc3RQYXJhbWV0ZXIgTmFtZT0iX19FVkVOVFRBUkdFVCIgVmFsdWU9IiIgUmVjb3JkZWRWYWx1ZT0iIiBDb3JyZWxhdGlvbkJpbmRpbmc9IiIgVXJsRW5jb2RlPSJUcnVlIiAvPg0KICAgICAgICA8Rm9ybVBvc3RQYXJhbWV0ZXIgTmFtZT0iX19FVkVOVEFSR1VNRU5UIiBWYWx1ZT0iIiBSZWNvcmRlZFZhbHVlPSIiIENvcnJlbGF0aW9uQmluZGluZz0iIiBVcmxFbmNvZGU9IlRydWUiIC8+DQogICAgICAgIDxGb3JtUG9zdFBhcmFtZXRlciBOYW1lPSJfX0xBU1RGT0NVUyIgVmFsdWU9IiIgUmVjb3JkZWRWYWx1ZT0iIiBDb3JyZWxhdGlvbkJpbmRpbmc9IiIgVXJsRW5jb2RlPSJUcnVlIiAvPg0KICAgICAgICA8Rm9ybVBvc3RQYXJhbWV0ZXIgTmFtZT0iX19WSUVXU1RBVEUiIFZhbHVlPSIvd0VQRHdVS0xUTXhOamMzTlRNM05ROWtGZ0ptRDJRV0JHWVBaQllFQWdFUEZnSWVCMk52Ym5SbGJuUmtaQUlDRHhZQ0hnUm9jbVZtQlNrdUwwMWxjM05oWjJWR2FXeGxMMlpoZG1samIyNHRaR0ZwTFdodll5MXpZV2t0WjI5dUxtcHdaMlFDQVE5a0ZnZ0NBdzlrRmdKbUQyUVdBZ0lCRDJRV0RHWVBEeFlDSGdSVVpYaDBCUXhEYU1PZ2J5Qmk0YnFoYmlCa1pBSUJEdzhXQmg4Q0JROVlaVzBnZEdqRHRHNW5JR0xEb1c4ZUNVWnZjbVZEYjJ4dmNna0FNLy8vSGdSZklWTkNBZ1JrWkFJQ0R3OFdCaDhDQlFNZ2ZDQWZBd2tBTS8vL0h3UUNCR1JrQWdNUER4WUdId0lGR0ZSb1lYa2d4SkhodTVWcElHM2h1cTEwSUd0bzRicXBkUjhEQ1FBei8vOGZCQUlFWkdRQ0JBOFBGZ1lmQWdVRElId2dId01KQURQLy94OEVBZ1JrWkFJRkR3OFdCaDhDQlEzRWtNU0RibWNnVG1qaHVxMXdId01KQURQLy94OEVBZ1JrWkFJRkQyUVd3Z0VDQVE4UEZnUWVDRU56YzBOc1lYTnpCUWh2ZFhRdGJXVnVkUjhFQWdKa0ZnSm1EdzhXQWg4Q0JRdFVVa0ZPUnlCRFNPRzdwbVJrQWdNUER4WUVId1VGQ0c5MWRDMXRaVzUxSHdRQ0FtUVdBZ0lCRHc4V0FoOENCUmRFUVU1SUlFM2h1NlJESUVOSTRidW9ReUJPeElKT1IyUmtBZ1VQRHhZRUh3VUZDRzkxZEMxdFpXNTFId1FDQW1RV0FnSUJEdzhXQWg4Q0JSdEVUU0JEU09HN3FFTWdUc1NDVGtjZ3hKRERnVTVJSUVkSnc0RmtaQUlIRHc4V0JCOEZCUWh2ZFhRdGJXVnVkUjhFQWdKa0ZnSUNBUThQRmdJZkFnVWpVVlhodXFKT0lFekRuU0RFa01PQlRrZ2dSMG5EZ1NCU3c0aE9JRXhWV2VHN2hrNWtaQUlKRHc4V0JoOEZCUWh2ZFhRdGJXVnVkUjhFQWdJZUIxWnBjMmxpYkdWb1pCWUNBZ0VQRHhZQ0h3SUZGY1NReElKT1J5Qkx3NTBnVGNPVVRpQkk0YnVNUTJSa0Fnc1BEeFlFSHdVRkNHOTFkQzF0Wlc1MUh3UUNBbVJrQWcwUER4WUVId1VGQ0c5MWRDMXRaVzUxSHdRQ0FtUVdBZ0lCRHc4V0FoOENCUWRZUlUwZ1ZFdENaR1FDRHc4UEZnUWZCUVVJYjNWMExXMWxiblVmQkFJQ1pCWUNBZ0VQRHhZQ0h3SUZFRmhGVFNERWtFbmh1NEpOSUVSQlRraGtaQUlSRHc4V0JCOEZCUWh2ZFhRdGJXVnVkUjhFQWdKa0ZnSm1EdzhXQWg4Q0JRNVlSVTBnVE9HN2lrTklJRlJJU1dSa0FoTVBEeFlHSHdVRkNHOTFkQzF0Wlc1MUh3UUNBaDhHYUdRV0FnSUJEdzhXQWg4Q0JSUllSVTBnVE9HN2lrTklJRlJJU1NCTTRicWdTV1JrQWhVUER4WUdId1VGQ0c5MWRDMXRaVzUxSHdRQ0FoOEdhR1FXQWdJQkR3OFdBaDhDQlJGWVJVMGdUT0c3aWtOSUlGUklTU0JIUzJSa0FoY1BEeFlHSHdVRkNHOTFkQzF0Wlc1MUh3UUNBaDhHYUdRV0FnSUJEdzhXQWg4Q0JTRkhTRWtnVk1PVFRTQlU0YnF1VkNCTnc1Uk9JRWRKNGJxaVRrY2dST0c2b0Zsa1pBSVpEdzhXQkI4RkJRaHZkWFF0YldWdWRSOEVBZ0prWkFJYkR3OFdCQjhGQlFodmRYUXRiV1Z1ZFI4RUFnSmtGZ0lDQVE4UEZnSWZBZ1VPV0VWTklFamh1NHhESUZCSXc0MWtaQUlkRHc4V0JCOEZCUWh2ZFhRdGJXVnVkUjhFQWdKa1pBSWZEdzhXQkI4RkJRaHZkWFF0YldWdWRSOEVBZ0prRmdJQ0FROFBGZ0lmQWdVTFdFVk5JTVNRU2VHN2drMWtaQUloRHc4V0JoOEZCUWh2ZFhRdGJXVnVkUjhFQWdJZkJtaGtGZ0lDQVE4UEZnSWZBZ1VUeEpCSjRidUNUU0JMNGJ1eUlGYmh1NHhPUjJSa0FpTVBEeFlFSHdVRkNHOTFkQzF0Wlc1MUh3UUNBbVFXQWdJQkR3OFdBaDhDQlJoTDRicStWQ0JSVmVHNm9pREVrRW5odTRKTklFUkJUa2hrWkFJbER3OFdCQjhGQlFodmRYUXRiV1Z1ZFI4RUFnSmtGZ0lDQVE4UEZnSWZBZ1VXUzFFZ3hKQko0YnVDVFNCRVFVNUlJRTlPVEVsT1JXUmtBaWNQRHhZRUh3VUZDRzkxZEMxdFpXNTFId1FDQW1RV0FnSUJEdzhXQWg4Q0JSdFlSVTBneEpCSjRidUNUU0JFUVU1SUlGTkpUa2dnVmtuRGlrNWtaQUlwRHc4V0JCOEZCUWh2ZFhRdGJXVnVkUjhFQWdKa0ZnSUNBUThQRmdJZkFnVWZSMG5odXFKT1J5QldTY09LVGlCVTRidXdJTVNRU2VHN2drMGdSRUZPU0dSa0Fpc1BEeFlFSHdVRkNHOTFkQzF0Wlc1MUh3UUNBbVFXQWdJQkR3OFdBaDhDQlFsWVJVMGdRMVRFa0ZSa1pBSXREdzhXQkI4RkJRaHZkWFF0YldWdWRSOEVBZ0prRmdJQ0FROFBGZ0lmQWdVTFdFVk5JRTNEbEU0Z1ZGRmtaQUl2RHc4V0JCOEZCUWh2ZFhRdGJXVnVkUjhFQWdKa0ZnSUNBUThQRmdJZkFnVWt4SkREZ1U1SUlFZEp3NEVnUytHNnZsUWdVVlhodXFJZ1VzT0lUaUJNVlZuaHU0Wk9aR1FDTVE4UEZnUWZCUVVJYjNWMExXMWxiblVmQkFJQ1pCWUNBZ0VQRHhZQ0h3SUZKc1NRdzRGT1NDQkhTY09CSUV0UklGTERpRTRnVEZWWjRidUdUaUJUU1U1SUlGWkp3NHBPWkdRQ013OFBGZ1lmQlFVSWIzVjBMVzFsYm5VZkJBSUNId1pvWkJZQ0FnRVBEeFlDSHdJRkVsUGh1NnhCSUZSVUlFUERnU0JPU01PQ1RtUmtBalVQRHhZR0h3VUZDRzkxZEMxdFpXNTFId1FDQWg4R1oyUVdBZ0lCRHc4V0FoOENCUTVIdzVOUUlNT2RJRXRKNGJxK1RtUmtBamNQRHhZR0h3VUZDRzkxZEMxdFpXNTFId1FDQWg4R2FHUVdBbVlQRHhZQ0h3SUZFRlBodTZ4QklFekRuU0JNNGJ1S1EwaGtaQUk1RHc4V0JCOEZCUWh2ZFhRdGJXVnVkUjhFQWdKa0ZnSUNBUThQRmdJZkFnVVZVVlhodXFKT0lFekRuU0JUU1U1SUlGWkp3NHBPWkdRQ093OFBGZ1FmQlFVSWIzVjBMVzFsYm5VZkJBSUNaQllDQWdFUER4WUNId0lGSWt2aHVyNVVJRkZWNGJxaUlGTkpUa2dnVmtuRGlrNGd4SkREZ1U1SUlFZEp3NEZrWkFJOUR3OFdCQjhGQlFodmRYUXRiV1Z1ZFI4RUFnSmtaQUkvRHc4V0JCOEZCUWh2ZFhRdGJXVnVkUjhFQWdKa0ZnSUNBUTlrRmdKbUR3OFdBaDhDQlJuRWtNT0JUa2dnUjBuRGdTQkhTZUc2b2s1SElFVGh1cUJaWkdRQ1FROFBGZ1FmQlFVSWIzVjBMVzFsYm5VZkJBSUNaQllDQWdFUER4WUNId0lGRk1TUXhJSk9SeUJMdzUwZ1ZFaEpJRXpodXFCSlpHUUNRdzhQRmdRZkJRVUliM1YwTFcxbGJuVWZCQUlDWkdRQ1JROFBGZ1FmQlFVSWIzVjBMVzFsYm5VZkJBSUNaQllDQWdFUER4WUNId0lGRXNTUVN5QkRTRlZadzRwT0lFNUh3NEJPU0dSa0FrY1BEeFlFSHdVRkNHOTFkQzF0Wlc1MUh3UUNBbVJrQWtrUER4WUVId1VGQ0c5MWRDMXRaVzUxSHdRQ0FtUVdBZ0lCRHc4V0FoOENCUlpMVVNCWXc0bFVJRlRodTVCVUlFNUhTRW5odTRaUVpHUUNTdzhQRmdRZkJRVUliM1YwTFcxbGJuVWZCQUlDWkJZQ0FnRVBEeFlDSHdJRkhVdFJJRmpEaVZRZ1ZFbmh1NEJPSUZUaHU1QlVJRTVIU0VuaHU0WlFaR1FDVFE4UEZnUWZCUVVJYjNWMExXMWxiblVmQkFJQ1pCWUNBZ0VQRHhZQ0h3SUZHa1BEZ2xVZ1NPRzdqa2tnVkVqR3IrRzduRTVISUVmaHVyWlFaR1FDVHc4UEZnUWZCUVVJYjNWMExXMWxiblVmQkFJQ1pCWUNBZ0VQRHhZQ0h3SUZFOFNRU3lCTFNNT1RRU0JNVmVHNnJFNGdWRTVrWkFKUkR3OFdCQjhGQlFodmRYUXRiV1Z1ZFI4RUFnSmtGZ0lDQVE4UEZnSWZBZ1VPVGtqaHVxeFFJTVNRU2VHN2drMWtaQUpURHc4V0JCOEZCUWh2ZFhRdGJXVnVkUjhFQWdKa1pBSlZEdzhXQkI4RkJRaHZkWFF0YldWdWRSOEVBZ0prWkFKWER3OFdCQjhGQlFodmRYUXRiV1Z1ZFI4RUFnSmtaQUpaRHc4V0JCOEZCUWh2ZFhRdGJXVnVkUjhFQWdKa0ZnSUNBUThQRmdJZkFnVWVXRVZOSU1TUVNlRzdnazBnVGNPVVRpQkhTZUc2b2s1SElFVGh1cUJaWkdRQ1d3OFBGZ1FmQlFVSWIzVjBMVzFsYm5VZkJBSUNaQllDQWdFUER4WUNId0lGSGxoRlRTREVrRW5odTRKTklGVGh1NVJPUnlCSTRidWlVQ0JNNGJ1YVVHUmtBbDBQRHhZRUh3VUZDRzkxZEMxdFpXNTFId1FDQW1RV0FnSUJEdzhXQWg4Q0JSVkpUaUJMU09HN2tFa2dUTWF2NGJ1aVRrY2dSMFJrWkFKZkR3OFdCQjhGQlFodmRYUXRiV1Z1ZFI4RUFnSmtGZ0lDQVE4UEZnSWZBZ1VPVlZCTVQwRkVJTVNRU2VHN2drMWtaQUpoRHc4V0JCOEZCUWh2ZFhRdGJXVnVkUjhFQWdKa0ZnSUNBUThQRmdJZkFnVU5WRXRDSUVMaHU1Z2dUY09VVG1Sa0FtTVBEeFlFSHdVRkNHOTFkQzF0Wlc1MUh3UUNBbVFXQWdJQkR3OFdBaDhDQlJSTTRidUtRMGdnVkVoSklFTGh1NWdnVGNPVVRtUmtBbVVQRHhZRUh3VUZDRzkxZEMxdFpXNTFId1FDQW1RV0FnSUJEdzhXQWg4Q0JTWlVTT0c3a0U1SElFdkRpaUJIU2VHNm9rNUhJRlpKdzRwT0lFUlZXZUc3aGxRZ1MxRkVTMlJrQW1jUER4WUVId1VGQ0c5MWRDMXRaVzUxSHdRQ0FtUVdBZ0lCRHc4V0FoOENCU0pZUlUwZ1ZPRzdsRTVISUVqaHU2SlFJRXRSSUVqaHU0eERJRlRodXF4UUlGTldaR1FDYVE4UEZnUWZCUVVJYjNWMExXMWxiblVmQkFJQ1pHUUNhdzhQRmdRZkJRVUliM1YwTFcxbGJuVWZCQUlDWkJZQ1pnOFBGZ0lmQWdVWVMrRzZ2aUJJVCtHNm9FTklJRWpodTR4RElGVGh1cXhRWkdRQ2JROFBGZ1FmQlFVSWIzVjBMVzFsYm5VZkJBSUNaR1FDYnc4UEZnUWZCUVVJYjNWMExXMWxiblVmQkFJQ1pCWUNBZ0VQRHhZQ0h3SUZGRWpHcitHN21rNUhJRVRodXFwT0lNU1FTMDFJWkdRQ2NROFBGZ1FmQlFVSWIzVjBMVzFsYm5VZkJBSUNaQllDQWdFUER4WUNId0lGSUU1STRicXNVQ0RFa09HN2lrRWdRMGpodTRnZ1Rramh1cXhPSUZQRGdVTklaR1FDY3c4UEZnUWZCUVVJYjNWMExXMWxiblVmQkFJQ1pCWUNBZ0VQRHhZQ0h3SUZKTVNReElKT1J5Qkx3NTBnVGtqaHVxeE9JRlBEZ1VOSUlFNUhUOE9BU1NCSFNlRzduR1JrQW5VUER4WUVId1VGQ0c5MWRDMXRaVzUxSHdRQ0FtUVdBZ0lCRHc4V0FoOENCUnZFa01PQlRrZ2dSMG5EZ1NCRFNPRzZwRlFnVE1hdjRidWlUa2RrWkFKM0R3OFdCQjhGQlFodmRYUXRiV1Z1ZFI4RUFnSmtGZ0lDQVE4UEZnSWZBZ1VmeEpBdVM4T2RJRVRodTdBZ1RPRzdoQ0JVNGJ1UVZDQk9SMGhKNGJ1R1VHUmtBbmtQRHhZRUh3VUZDRzkxZEMxdFpXNTFId1FDQW1RV0FnSUJEdzhXQWg4Q0JSTk80YnVZVUNCRFNPRzdxRTVISUVOSTRidUlaR1FDZXc4UEZnUWZCUVVJYjNWMExXMWxiblVmQkFJQ1pCWUNBZ0VQRHhZQ0h3SUZJVmhGVFNERWtPRzdnQ0JEeHEvR29FNUhJRlJTVDA1SElFTGh1NWdnVGNPVVRtUmtBbjBQRHhZRUh3VUZDRzkxZEMxdFpXNTFId1FDQW1RV0FnSUJEdzhXQWg4Q0JSbEVRVTVJSUZQRGdVTklJTVNRTGt2RG5TQll3NGxVSUZST1pHUUNmdzhQRmdRZkJRVUliM1YwTFcxbGJuVWZCQUlDWkJZQ0FnRVBEeFlDSHdJRkhrUkJUa2dnVThPQlEwZ2d4SkF1UzhPZElFVGh1N0FnVE9HN2hDQlVUbVJrQW9FQkR3OFdCQjhGQlFodmRYUXRiV1Z1ZFI4RUFnSmtGZ0lDQVE4UEZnSWZBZ1VXVkVqRGxFNUhJRlJKVGlCTVZlRzZyRTRnVnNTQ1RtUmtBb01CRHc4V0JCOEZCUWh2ZFhRdGJXVnVkUjhFQWdKa0ZnSUNBUThQRmdJZkFnVW5WRkpCSUVQaHU2aFZJRmJFZ2s0Z1F1RzZzRTVISUZiRGdDQkRTT0c3cUU1SElFTkk0YnVJWkdRQ2hRRVBEeFlFSHdVRkNHOTFkQzF0Wlc1MUh3UUNBbVFXQWdJQkR3OFdBaDhDQlJCRDRidXdWU0JUU1U1SUlGWkp3NHBPWkdRQ2h3RVBEeFlFSHdVRkNHOTFkQzF0Wlc1MUh3UUNBbVFXQWdJQkR3OFdBaDhDQlJmRWtNU0NUa2NnUzhPZElGakRpVlFnVkZWWjRidUNUbVJrQW9rQkR3OFdCQjhGQlFodmRYUXRiV1Z1ZFI4RUFnSmtGZ0lDQVE4UEZnSWZBZ1VnVkVqRGxFNUhJRlJKVGlCSTRidVNJRlBHb0NCVVZWbmh1NEpPSUZOSlRraGtaQUtMQVE4UEZnUWZCUVVJYjNWMExXMWxiblVmQkFJQ1pHUUNqUUVQRHhZRUh3VUZDRzkxZEMxdFpXNTFId1FDQW1RV0FnSUJEdzhXQWg4Q0JSZEl3NU5CSU1TUXhxQk9JTVNRU2VHN2hrNGdWT0c3ckdSa0FvOEJEdzhXQkI4RkJRaHZkWFF0YldWdWRSOEVBZ0prRmdJQ0FROFBGZ0lmQWdVV1RrZEk0YnVJSUVUaHVxQlpJRVRodXFCWklFTERtV1JrQXBFQkR3OFdCQjhGQlFodmRYUXRiV1Z1ZFI4RUFnSmtGZ0lDQVE4UEZnSWZBZ1VYeEpERWdrNUhJRXZEblNCT1Iwamh1NGdnVUVqRGlWQmtaQUtUQVE4UEZnUWZCUVVJYjNWMExXMWxiblVmQkFJQ1pCWUNBZ0VQRHhZQ0h3SUZFc1NReElKT1J5Qkx3NTBnUTA5SklGUklTV1JrQXBVQkR3OFdCQjhGQlFodmRYUXRiV1Z1ZFI4RUFnSmtGZ0lDQVE4UEZnSWZBZ1VTV0VWTklFemh1NHBEU0NCRFQwa2dWRWhKWkdRQ2x3RVBEeFlFSHdVRkNHOTFkQzF0Wlc1MUh3UUNBbVFXQWdJQkR3OFdBaDhDQlJ0TFVTQk9SMGhKdzRwT0lFUGh1NmhWSUV0SVQwRWdTT0c3akVOa1pBS1pBUThQRmdRZkJRVUliM1YwTFcxbGJuVWZCQUlDWkJZQ0FnRVBEeFlDSHdJRkhGaEZUU0RFa09HN2dDQlV3NEJKSUU1RFMwZ2dWRWhCVFNCSFNVRmtaQUtiQVE4UEZnUWZCUVVJYjNWMExXMWxiblVmQkFJQ1pCWUNBZ0VQWkJZQ1pnOFBGZ0lmQWdVa3hKREVnazVISUV2RG5TQllTVTRnUjBuaHVxUlpJRU5JNGJ1b1RrY2dUa2podXF4T1pHUUNuUUVQRHhZRUh3VUZDRzkxZEMxdFpXNTFId1FDQW1RV0FnSUJEMlFXQW1ZUER4WUNId0lGR1VQaHVxeFFJRTVJNGJxc1ZDQk9SMC9odXFCSklGUlN3NXBrWkFLZkFROFBGZ1FmQlFVSWIzVjBMVzFsYm5VZkJBSUNaQllDQWdFUER4WUNId0lGRzBQaHVxeFFJRTVJNGJxc1ZDQlVTTWF2NGJ1Y1RrY2dWRkxEbW1Sa0FxRUJEdzhXQkI4RkJRaHZkWFF0YldWdWRSOEVBZ0prRmdJQ0FROFBGZ0lmQWdVVlErRzZxRTBnVGtGT1J5QlRTVTVJSUZaSnc0cE9aR1FDb3dFUER4WUVId1VGQ0c5MWRDMXRaVzUxSHdRQ0FtUVdBZ0lCRHc4V0FoOENCUjVZUlUwZ1RGWGh1cXhPSUZiRWdrNGdWT0c3a0ZRZ1RrZElTZUc3aGxCa1pBS2xBUThQRmdRZkJRVUliM1YwTFcxbGJuVWZCQUlDWkJZQ0FnRVBEeFlDSHdJRkhsaEZUU0JNVmVHNnJFNGdWc1NDVGlCSXhxL2h1NXBPUnlCRTRicXFUbVJrQXFjQkR3OFdCQjhGQlFodmRYUXRiV1Z1ZFI4RUFnSmtGZ0lDQVE4UEZnSWZBZ1VkV0VWTklFeFY0YnFzVGlCV3hJSk9JRkJJNGJxaVRpQkNTZUc3aGs1a1pBS3BBUThQRmdRZkJRVUliM1YwTFcxbGJuVWZCQUlDWkJZQ0FnRVBEeFlDSHdJRkpFTERnVThnUWtuaHU0SlZJRkJJNGJ1a1F5Qlc0YnVrSUV6RGcwNUlJTVNRNGJxZ1QyUmtBcXNCRHc4V0JCOEZCUWh2ZFhRdGJXVnVkUjhFQWdKa0ZnSUNBUThQRmdJZkFnVWNWRWpodTVCT1J5Qkx3NG9neEpERGswNUhJRWhRSUU5T1RFbE9SV1JrQXEwQkR3OFdCQjhGQlFodmRYUXRiV1Z1ZFI4RUFnSmtGZ0lDQVE4UEZnSWZBZ1VYeEpERWdrNUhJRXZEblNCTHc1MGdWTU9hUXlCWXc0RmtaQUt2QVE4UEZnUWZCUVVJYjNWMExXMWxiblVmQkFJQ1pCWUNBZ0VQRHhZQ0h3SUZHRlJJUVU1SUlGUlB3NEZPSUV2RG5TQlV3NXBESUZqRGdXUmtBckVCRHc4V0JCOEZCUWh2ZFhRdGJXVnVkUjhFQWdKa0ZnSUNBUThQRmdJZkFnVWlRK0c2ckZBZ1Rramh1cXhVSUV6RG5TQk00YnVLUTBnZ1MwaFBRU0JJNGJ1TVEyUmtBck1CRHc4V0JCOEZCUWh2ZFhRdGJXVnVkUjhFQWdKa0ZnSUNBUThQRmdJZkFnVVhRK0c2ckZBZ1Rramh1cXhVSUZRdVZFbE9JRUpJV1ZSa1pBSzFBUThQRmdRZkJRVUliM1YwTFcxbGJuVWZCQUlDWkJZQ0FnRVBEeFlDSHdJRkZsaEZUU0RFa0VuaHU0Sk5JTVNRdzRNZ1JPRzZvRmxrWkFLM0FROFBGZ1FmQlFVSWIzVjBMVzFsYm5VZkJBSUNaQllDQWdFUER4WUNId0lGR1VsT0lFdkRpaUJMU0VGSklFZEo0YnVjSUVkSjRicWlUa2RrWkFLNUFROFBGZ1FmQlFVSWIzVjBMVzFsYm5VZkJBSUNaR1FDdXdFUER4WUVId1VGQ0c5MWRDMXRaVzUxSHdRQ0FtUmtBcjBCRHc4V0JCOEZCUWh2ZFhRdGJXVnVkUjhFQWdKa1pBSy9BUThQRmdRZkJRVUliM1YwTFcxbGJuVWZCQUlDWkdRQ3dRRVBEeFlFSHdVRkNHOTFkQzF0Wlc1MUh3UUNBbVJrQWdjUFpCWUNBZ0VQWkJZQ1pnOWtGZ2dDQVE4UUR4WUVId0lGRDFSdnc2QnVJSFJ5eHJEaHU1MXVaeDRIUTJobFkydGxaR2hrWkdSa0FnTVBFQThXQkI4Q0JSbER3NkVnYm1qRG9tNGdibWZHc09HN25Xa2daTU81Ym1jNkh3ZG5aR1JrWkFJRkR3OFdCQjhDQlJ0T2FPRzZyWEFnYmNPaklIUGh1NUVnWStHNnAyNGdlR1Z0T2lBZUIwVnVZV0pzWldSblpHUUNCdzhQRmdJZkNHZGtaQUlKRDJRV0NBSUJEdzhXQWg4Q0JYbERiM0I1Y21sbmFIUWd3cWt5TURBNUlGUnl4ckRodTUxdVp5REVrRWdnVThPZ2FTQkh3N0p1TGNTUTRicWhhU0JvNGJ1Tll5QmphTU90Ym1nZ2NYVjVMaUJSZGVHNm8yNGdiTU85SUdMaHU1OXBJT0c3cG5rZ1ltRnVJRzVvdzZKdUlHVERvbTRnVkZBdUlFamh1NU1nUTJqRHJTQk5hVzVvWkdRQ0F3OFBGZ0lmQWdVTFZISmhibWNnUTJqaHU2ZGtaQUlGRHc4V0FoOENCUzFVYUduaHVyOTBJR3ZodXI4Z1l1RzduMmtnWTNSNUlGQm80YnFuYmlCdDRidUJiU0JCYm1nZ1VYWERvbTVrWkFJSER3OFdBaDhDQlF6RWtPRzZwM1VnVkhKaGJtZGtaQmdCQlI1ZlgwTnZiblJ5YjJ4elVtVnhkV2x5WlZCdmMzUkNZV05yUzJWNVgxOFdBd1V2WTNSc01EQWtRMjl1ZEdWdWRGQnNZV05sU0c5c1pHVnlNU1JqZEd3d01DUnlZV1JwYjFSdllXNVVjblZ2Ym1jRkwyTjBiREF3SkVOdmJuUmxiblJRYkdGalpVaHZiR1JsY2pFa1kzUnNNREFrY21Ga2FXOVViMkZ1VkhKMWIyNW5CU2xqZEd3d01DUkRiMjUwWlc1MFVHeGhZMlZJYjJ4a1pYSXhKR04wYkRBd0pISmhaR2x2VFdGVFZqbG5BYkRnM0RCbmRKb2Zlb2xPTHpzTTVQNDEiIFJlY29yZGVkVmFsdWU9Ii93RVBEd1VLTFRNeE5qYzNOVE0zTlE5a0ZnSm1EMlFXQkdZUFpCWUVBZ0VQRmdJZUIyTnZiblJsYm5Sa1pBSUNEeFlDSGdSb2NtVm1CU2t1TDAxbGMzTmhaMlZHYVd4bEwyWmhkbWxqYjI0dFpHRnBMV2h2WXkxellXa3RaMjl1TG1wd1oyUUNBUTlrRmdnQ0F3OWtGZ0ptRDJRV0FnSUJEMlFXREdZUER4WUNIZ1JVWlhoMEJReERhTU9nYnlCaTRicWhiaUJrWkFJQkR3OFdCaDhDQlE5WVpXMGdkR2pEdEc1bklHTERvVzhlQ1VadmNtVkRiMnh2Y2drQU0vLy9IZ1JmSVZOQ0FnUmtaQUlDRHc4V0JoOENCUU1nZkNBZkF3a0FNLy8vSHdRQ0JHUmtBZ01QRHhZR0h3SUZHRlJvWVhrZ3hKSGh1NVZwSUczaHVxMTBJR3RvNGJxcGRSOERDUUF6Ly84ZkJBSUVaR1FDQkE4UEZnWWZBZ1VESUh3Z0h3TUpBRFAvL3g4RUFnUmtaQUlGRHc4V0JoOENCUTNFa01TRGJtY2dUbWpodXExd0h3TUpBRFAvL3g4RUFnUmtaQUlGRDJRV3dnRUNBUThQRmdRZUNFTnpjME5zWVhOekJRaHZkWFF0YldWdWRSOEVBZ0prRmdKbUR3OFdBaDhDQlF0VVVrRk9SeUJEU09HN3BtUmtBZ01QRHhZRUh3VUZDRzkxZEMxdFpXNTFId1FDQW1RV0FnSUJEdzhXQWg4Q0JSZEVRVTVJSUUzaHU2UkRJRU5JNGJ1b1F5Qk94SUpPUjJSa0FnVVBEeFlFSHdVRkNHOTFkQzF0Wlc1MUh3UUNBbVFXQWdJQkR3OFdBaDhDQlJ0RVRTQkRTT0c3cUVNZ1RzU0NUa2NneEpERGdVNUlJRWRKdzRGa1pBSUhEdzhXQkI4RkJRaHZkWFF0YldWdWRSOEVBZ0prRmdJQ0FROFBGZ0lmQWdValVWWGh1cUpPSUV6RG5TREVrTU9CVGtnZ1IwbkRnU0JTdzRoT0lFeFZXZUc3aGs1a1pBSUpEdzhXQmg4RkJRaHZkWFF0YldWdWRSOEVBZ0llQjFacGMybGliR1ZvWkJZQ0FnRVBEeFlDSHdJRkZjU1F4SUpPUnlCTHc1MGdUY09VVGlCSTRidU1RMlJrQWdzUER4WUVId1VGQ0c5MWRDMXRaVzUxSHdRQ0FtUmtBZzBQRHhZRUh3VUZDRzkxZEMxdFpXNTFId1FDQW1RV0FnSUJEdzhXQWg4Q0JRZFlSVTBnVkV0Q1pHUUNEdzhQRmdRZkJRVUliM1YwTFcxbGJuVWZCQUlDWkJZQ0FnRVBEeFlDSHdJRkVGaEZUU0RFa0VuaHU0Sk5JRVJCVGtoa1pBSVJEdzhXQkI4RkJRaHZkWFF0YldWdWRSOEVBZ0prRmdKbUR3OFdBaDhDQlE1WVJVMGdUT0c3aWtOSUlGUklTV1JrQWhNUER4WUdId1VGQ0c5MWRDMXRaVzUxSHdRQ0FoOEdhR1FXQWdJQkR3OFdBaDhDQlJSWVJVMGdUT0c3aWtOSUlGUklTU0JNNGJxZ1NXUmtBaFVQRHhZR0h3VUZDRzkxZEMxdFpXNTFId1FDQWg4R2FHUVdBZ0lCRHc4V0FoOENCUkZZUlUwZ1RPRzdpa05JSUZSSVNTQkhTMlJrQWhjUER4WUdId1VGQ0c5MWRDMXRaVzUxSHdRQ0FoOEdhR1FXQWdJQkR3OFdBaDhDQlNGSFNFa2dWTU9UVFNCVTRicXVWQ0JOdzVST0lFZEo0YnFpVGtjZ1JPRzZvRmxrWkFJWkR3OFdCQjhGQlFodmRYUXRiV1Z1ZFI4RUFnSmtaQUliRHc4V0JCOEZCUWh2ZFhRdGJXVnVkUjhFQWdKa0ZnSUNBUThQRmdJZkFnVU9XRVZOSUVqaHU0eERJRkJJdzQxa1pBSWREdzhXQkI4RkJRaHZkWFF0YldWdWRSOEVBZ0prWkFJZkR3OFdCQjhGQlFodmRYUXRiV1Z1ZFI4RUFnSmtGZ0lDQVE4UEZnSWZBZ1VMV0VWTklNU1FTZUc3Z2sxa1pBSWhEdzhXQmg4RkJRaHZkWFF0YldWdWRSOEVBZ0lmQm1oa0ZnSUNBUThQRmdJZkFnVVR4SkJKNGJ1Q1RTQkw0YnV5SUZiaHU0eE9SMlJrQWlNUER4WUVId1VGQ0c5MWRDMXRaVzUxSHdRQ0FtUVdBZ0lCRHc4V0FoOENCUmhMNGJxK1ZDQlJWZUc2b2lERWtFbmh1NEpOSUVSQlRraGtaQUlsRHc4V0JCOEZCUWh2ZFhRdGJXVnVkUjhFQWdKa0ZnSUNBUThQRmdJZkFnVVdTMUVneEpCSjRidUNUU0JFUVU1SUlFOU9URWxPUldSa0FpY1BEeFlFSHdVRkNHOTFkQzF0Wlc1MUh3UUNBbVFXQWdJQkR3OFdBaDhDQlJ0WVJVMGd4SkJKNGJ1Q1RTQkVRVTVJSUZOSlRrZ2dWa25EaWs1a1pBSXBEdzhXQkI4RkJRaHZkWFF0YldWdWRSOEVBZ0prRmdJQ0FROFBGZ0lmQWdVZlIwbmh1cUpPUnlCV1NjT0tUaUJVNGJ1d0lNU1FTZUc3Z2swZ1JFRk9TR1JrQWlzUER4WUVId1VGQ0c5MWRDMXRaVzUxSHdRQ0FtUVdBZ0lCRHc4V0FoOENCUWxZUlUwZ1ExVEVrRlJrWkFJdER3OFdCQjhGQlFodmRYUXRiV1Z1ZFI4RUFnSmtGZ0lDQVE4UEZnSWZBZ1VMV0VWTklFM0RsRTRnVkZGa1pBSXZEdzhXQkI4RkJRaHZkWFF0YldWdWRSOEVBZ0prRmdJQ0FROFBGZ0lmQWdVa3hKRERnVTVJSUVkSnc0RWdTK0c2dmxRZ1VWWGh1cUlnVXNPSVRpQk1WVm5odTRaT1pHUUNNUThQRmdRZkJRVUliM1YwTFcxbGJuVWZCQUlDWkJZQ0FnRVBEeFlDSHdJRkpzU1F3NEZPU0NCSFNjT0JJRXRSSUZMRGlFNGdURlZaNGJ1R1RpQlRTVTVJSUZaSnc0cE9aR1FDTXc4UEZnWWZCUVVJYjNWMExXMWxiblVmQkFJQ0h3Wm9aQllDQWdFUER4WUNId0lGRWxQaHU2eEJJRlJVSUVQRGdTQk9TTU9DVG1Sa0FqVVBEeFlHSHdVRkNHOTFkQzF0Wlc1MUh3UUNBaDhHWjJRV0FnSUJEdzhXQWg4Q0JRNUh3NU5RSU1PZElFdEo0YnErVG1Sa0FqY1BEeFlHSHdVRkNHOTFkQzF0Wlc1MUh3UUNBaDhHYUdRV0FtWVBEeFlDSHdJRkVGUGh1NnhCSUV6RG5TQk00YnVLUTBoa1pBSTVEdzhXQkI4RkJRaHZkWFF0YldWdWRSOEVBZ0prRmdJQ0FROFBGZ0lmQWdVVlVWWGh1cUpPSUV6RG5TQlRTVTVJSUZaSnc0cE9aR1FDT3c4UEZnUWZCUVVJYjNWMExXMWxiblVmQkFJQ1pCWUNBZ0VQRHhZQ0h3SUZJa3ZodXI1VUlGRlY0YnFpSUZOSlRrZ2dWa25EaWs0Z3hKRERnVTVJSUVkSnc0RmtaQUk5RHc4V0JCOEZCUWh2ZFhRdGJXVnVkUjhFQWdKa1pBSS9EdzhXQkI4RkJRaHZkWFF0YldWdWRSOEVBZ0prRmdJQ0FROWtGZ0ptRHc4V0FoOENCUm5Fa01PQlRrZ2dSMG5EZ1NCSFNlRzZvazVISUVUaHVxQlpaR1FDUVE4UEZnUWZCUVVJYjNWMExXMWxiblVmQkFJQ1pCWUNBZ0VQRHhZQ0h3SUZGTVNReElKT1J5Qkx3NTBnVkVoSklFemh1cUJKWkdRQ1F3OFBGZ1FmQlFVSWIzVjBMVzFsYm5VZkJBSUNaR1FDUlE4UEZnUWZCUVVJYjNWMExXMWxiblVmQkFJQ1pCWUNBZ0VQRHhZQ0h3SUZFc1NRU3lCRFNGVlp3NHBPSUU1SHc0Qk9TR1JrQWtjUER4WUVId1VGQ0c5MWRDMXRaVzUxSHdRQ0FtUmtBa2tQRHhZRUh3VUZDRzkxZEMxdFpXNTFId1FDQW1RV0FnSUJEdzhXQWg4Q0JSWkxVU0JZdzRsVUlGVGh1NUJVSUU1SFNFbmh1NFpRWkdRQ1N3OFBGZ1FmQlFVSWIzVjBMVzFsYm5VZkJBSUNaQllDQWdFUER4WUNId0lGSFV0UklGakRpVlFnVkVuaHU0Qk9JRlRodTVCVUlFNUhTRW5odTRaUVpHUUNUUThQRmdRZkJRVUliM1YwTFcxbGJuVWZCQUlDWkJZQ0FnRVBEeFlDSHdJRkdrUERnbFVnU09HN2pra2dWRWpHcitHN25FNUhJRWZodXJaUVpHUUNUdzhQRmdRZkJRVUliM1YwTFcxbGJuVWZCQUlDWkJZQ0FnRVBEeFlDSHdJRkU4U1FTeUJMU01PVFFTQk1WZUc2ckU0Z1ZFNWtaQUpSRHc4V0JCOEZCUWh2ZFhRdGJXVnVkUjhFQWdKa0ZnSUNBUThQRmdJZkFnVU9Ua2podXF4UUlNU1FTZUc3Z2sxa1pBSlREdzhXQkI4RkJRaHZkWFF0YldWdWRSOEVBZ0prWkFKVkR3OFdCQjhGQlFodmRYUXRiV1Z1ZFI4RUFnSmtaQUpYRHc4V0JCOEZCUWh2ZFhRdGJXVnVkUjhFQWdKa1pBSlpEdzhXQkI4RkJRaHZkWFF0YldWdWRSOEVBZ0prRmdJQ0FROFBGZ0lmQWdVZVdFVk5JTVNRU2VHN2drMGdUY09VVGlCSFNlRzZvazVISUVUaHVxQlpaR1FDV3c4UEZnUWZCUVVJYjNWMExXMWxiblVmQkFJQ1pCWUNBZ0VQRHhZQ0h3SUZIbGhGVFNERWtFbmh1NEpOSUZUaHU1Uk9SeUJJNGJ1aVVDQk00YnVhVUdSa0FsMFBEeFlFSHdVRkNHOTFkQzF0Wlc1MUh3UUNBbVFXQWdJQkR3OFdBaDhDQlJWSlRpQkxTT0c3a0VrZ1RNYXY0YnVpVGtjZ1IwUmtaQUpmRHc4V0JCOEZCUWh2ZFhRdGJXVnVkUjhFQWdKa0ZnSUNBUThQRmdJZkFnVU9WVkJNVDBGRUlNU1FTZUc3Z2sxa1pBSmhEdzhXQkI4RkJRaHZkWFF0YldWdWRSOEVBZ0prRmdJQ0FROFBGZ0lmQWdVTlZFdENJRUxodTVnZ1RjT1VUbVJrQW1NUER4WUVId1VGQ0c5MWRDMXRaVzUxSHdRQ0FtUVdBZ0lCRHc4V0FoOENCUlJNNGJ1S1EwZ2dWRWhKSUVMaHU1Z2dUY09VVG1Sa0FtVVBEeFlFSHdVRkNHOTFkQzF0Wlc1MUh3UUNBbVFXQWdJQkR3OFdBaDhDQlNaVVNPRzdrRTVISUV2RGlpQkhTZUc2b2s1SElGWkp3NHBPSUVSVldlRzdobFFnUzFGRVMyUmtBbWNQRHhZRUh3VUZDRzkxZEMxdFpXNTFId1FDQW1RV0FnSUJEdzhXQWg4Q0JTSllSVTBnVk9HN2xFNUhJRWpodTZKUUlFdFJJRWpodTR4RElGVGh1cXhRSUZOV1pHUUNhUThQRmdRZkJRVUliM1YwTFcxbGJuVWZCQUlDWkdRQ2F3OFBGZ1FmQlFVSWIzVjBMVzFsYm5VZkJBSUNaQllDWmc4UEZnSWZBZ1VZUytHNnZpQklUK0c2b0VOSUlFamh1NHhESUZUaHVxeFFaR1FDYlE4UEZnUWZCUVVJYjNWMExXMWxiblVmQkFJQ1pHUUNidzhQRmdRZkJRVUliM1YwTFcxbGJuVWZCQUlDWkJZQ0FnRVBEeFlDSHdJRkZFakdyK0c3bWs1SElFVGh1cXBPSU1TUVMwMUlaR1FDY1E4UEZnUWZCUVVJYjNWMExXMWxiblVmQkFJQ1pCWUNBZ0VQRHhZQ0h3SUZJRTVJNGJxc1VDREVrT0c3aWtFZ1Ewamh1NGdnVGtqaHVxeE9JRlBEZ1VOSVpHUUNjdzhQRmdRZkJRVUliM1YwTFcxbGJuVWZCQUlDWkJZQ0FnRVBEeFlDSHdJRkpNU1F4SUpPUnlCTHc1MGdUa2podXF4T0lGUERnVU5JSUU1SFQ4T0FTU0JIU2VHN25HUmtBblVQRHhZRUh3VUZDRzkxZEMxdFpXNTFId1FDQW1RV0FnSUJEdzhXQWg4Q0JSdkVrTU9CVGtnZ1IwbkRnU0JEU09HNnBGUWdUTWF2NGJ1aVRrZGtaQUozRHc4V0JCOEZCUWh2ZFhRdGJXVnVkUjhFQWdKa0ZnSUNBUThQRmdJZkFnVWZ4SkF1UzhPZElFVGh1N0FnVE9HN2hDQlU0YnVRVkNCT1IwaEo0YnVHVUdSa0Fua1BEeFlFSHdVRkNHOTFkQzF0Wlc1MUh3UUNBbVFXQWdJQkR3OFdBaDhDQlJOTzRidVlVQ0JEU09HN3FFNUhJRU5JNGJ1SVpHUUNldzhQRmdRZkJRVUliM1YwTFcxbGJuVWZCQUlDWkJZQ0FnRVBEeFlDSHdJRklWaEZUU0RFa09HN2dDQkR4cS9Hb0U1SElGUlNUMDVISUVMaHU1Z2dUY09VVG1Sa0FuMFBEeFlFSHdVRkNHOTFkQzF0Wlc1MUh3UUNBbVFXQWdJQkR3OFdBaDhDQlJsRVFVNUlJRlBEZ1VOSUlNU1FMa3ZEblNCWXc0bFVJRlJPWkdRQ2Z3OFBGZ1FmQlFVSWIzVjBMVzFsYm5VZkJBSUNaQllDQWdFUER4WUNId0lGSGtSQlRrZ2dVOE9CUTBnZ3hKQXVTOE9kSUVUaHU3QWdUT0c3aENCVVRtUmtBb0VCRHc4V0JCOEZCUWh2ZFhRdGJXVnVkUjhFQWdKa0ZnSUNBUThQRmdJZkFnVVdWRWpEbEU1SElGUkpUaUJNVmVHNnJFNGdWc1NDVG1Sa0FvTUJEdzhXQkI4RkJRaHZkWFF0YldWdWRSOEVBZ0prRmdJQ0FROFBGZ0lmQWdVblZGSkJJRVBodTZoVklGYkVnazRnUXVHNnNFNUhJRmJEZ0NCRFNPRzdxRTVISUVOSTRidUlaR1FDaFFFUER4WUVId1VGQ0c5MWRDMXRaVzUxSHdRQ0FtUVdBZ0lCRHc4V0FoOENCUkJENGJ1d1ZTQlRTVTVJSUZaSnc0cE9aR1FDaHdFUER4WUVId1VGQ0c5MWRDMXRaVzUxSHdRQ0FtUVdBZ0lCRHc4V0FoOENCUmZFa01TQ1RrY2dTOE9kSUZqRGlWUWdWRlZaNGJ1Q1RtUmtBb2tCRHc4V0JCOEZCUWh2ZFhRdGJXVnVkUjhFQWdKa0ZnSUNBUThQRmdJZkFnVWdWRWpEbEU1SElGUkpUaUJJNGJ1U0lGUEdvQ0JVVlZuaHU0Sk9JRk5KVGtoa1pBS0xBUThQRmdRZkJRVUliM1YwTFcxbGJuVWZCQUlDWkdRQ2pRRVBEeFlFSHdVRkNHOTFkQzF0Wlc1MUh3UUNBbVFXQWdJQkR3OFdBaDhDQlJkSXc1TkJJTVNReHFCT0lNU1FTZUc3aGs0Z1ZPRzdyR1JrQW84QkR3OFdCQjhGQlFodmRYUXRiV1Z1ZFI4RUFnSmtGZ0lDQVE4UEZnSWZBZ1VXVGtkSTRidUlJRVRodXFCWklFVGh1cUJaSUVMRG1XUmtBcEVCRHc4V0JCOEZCUWh2ZFhRdGJXVnVkUjhFQWdKa0ZnSUNBUThQRmdJZkFnVVh4SkRFZ2s1SElFdkRuU0JPUjBqaHU0Z2dVRWpEaVZCa1pBS1RBUThQRmdRZkJRVUliM1YwTFcxbGJuVWZCQUlDWkJZQ0FnRVBEeFlDSHdJRkVzU1F4SUpPUnlCTHc1MGdRMDlKSUZSSVNXUmtBcFVCRHc4V0JCOEZCUWh2ZFhRdGJXVnVkUjhFQWdKa0ZnSUNBUThQRmdJZkFnVVNXRVZOSUV6aHU0cERTQ0JEVDBrZ1ZFaEpaR1FDbHdFUER4WUVId1VGQ0c5MWRDMXRaVzUxSHdRQ0FtUVdBZ0lCRHc4V0FoOENCUnRMVVNCT1IwaEp3NHBPSUVQaHU2aFZJRXRJVDBFZ1NPRzdqRU5rWkFLWkFROFBGZ1FmQlFVSWIzVjBMVzFsYm5VZkJBSUNaQllDQWdFUER4WUNId0lGSEZoRlRTREVrT0c3Z0NCVXc0QkpJRTVEUzBnZ1ZFaEJUU0JIU1VGa1pBS2JBUThQRmdRZkJRVUliM1YwTFcxbGJuVWZCQUlDWkJZQ0FnRVBaQllDWmc4UEZnSWZBZ1VreEpERWdrNUhJRXZEblNCWVNVNGdSMG5odXFSWklFTkk0YnVvVGtjZ1Rramh1cXhPWkdRQ25RRVBEeFlFSHdVRkNHOTFkQzF0Wlc1MUh3UUNBbVFXQWdJQkQyUVdBbVlQRHhZQ0h3SUZHVVBodXF4UUlFNUk0YnFzVkNCT1IwL2h1cUJKSUZSU3c1cGtaQUtmQVE4UEZnUWZCUVVJYjNWMExXMWxiblVmQkFJQ1pCWUNBZ0VQRHhZQ0h3SUZHMFBodXF4UUlFNUk0YnFzVkNCVVNNYXY0YnVjVGtjZ1ZGTERtbVJrQXFFQkR3OFdCQjhGQlFodmRYUXRiV1Z1ZFI4RUFnSmtGZ0lDQVE4UEZnSWZBZ1VWUStHNnFFMGdUa0ZPUnlCVFNVNUlJRlpKdzRwT1pHUUNvd0VQRHhZRUh3VUZDRzkxZEMxdFpXNTFId1FDQW1RV0FnSUJEdzhXQWg4Q0JSNVlSVTBnVEZYaHVxeE9JRmJFZ2s0Z1ZPRzdrRlFnVGtkSVNlRzdobEJrWkFLbEFROFBGZ1FmQlFVSWIzVjBMVzFsYm5VZkJBSUNaQllDQWdFUER4WUNId0lGSGxoRlRTQk1WZUc2ckU0Z1ZzU0NUaUJJeHEvaHU1cE9SeUJFNGJxcVRtUmtBcWNCRHc4V0JCOEZCUWh2ZFhRdGJXVnVkUjhFQWdKa0ZnSUNBUThQRmdJZkFnVWRXRVZOSUV4VjRicXNUaUJXeElKT0lGQkk0YnFpVGlCQ1NlRzdoazVrWkFLcEFROFBGZ1FmQlFVSWIzVjBMVzFsYm5VZkJBSUNaQllDQWdFUER4WUNId0lGSkVMRGdVOGdRa25odTRKVklGQkk0YnVrUXlCVzRidWtJRXpEZzA1SUlNU1E0YnFnVDJSa0Fxc0JEdzhXQkI4RkJRaHZkWFF0YldWdWRSOEVBZ0prRmdJQ0FROFBGZ0lmQWdVY1ZFamh1NUJPUnlCTHc0b2d4SkREazA1SElFaFFJRTlPVEVsT1JXUmtBcTBCRHc4V0JCOEZCUWh2ZFhRdGJXVnVkUjhFQWdKa0ZnSUNBUThQRmdJZkFnVVh4SkRFZ2s1SElFdkRuU0JMdzUwZ1ZNT2FReUJZdzRGa1pBS3ZBUThQRmdRZkJRVUliM1YwTFcxbGJuVWZCQUlDWkJZQ0FnRVBEeFlDSHdJRkdGUklRVTVJSUZSUHc0Rk9JRXZEblNCVXc1cERJRmpEZ1dSa0FyRUJEdzhXQkI4RkJRaHZkWFF0YldWdWRSOEVBZ0prRmdJQ0FROFBGZ0lmQWdVaVErRzZyRkFnVGtqaHVxeFVJRXpEblNCTTRidUtRMGdnUzBoUFFTQkk0YnVNUTJSa0FyTUJEdzhXQkI4RkJRaHZkWFF0YldWdWRSOEVBZ0prRmdJQ0FROFBGZ0lmQWdVWFErRzZyRkFnVGtqaHVxeFVJRlF1VkVsT0lFSklXVlJrWkFLMUFROFBGZ1FmQlFVSWIzVjBMVzFsYm5VZkJBSUNaQllDQWdFUER4WUNId0lGRmxoRlRTREVrRW5odTRKTklNU1F3NE1nUk9HNm9GbGtaQUszQVE4UEZnUWZCUVVJYjNWMExXMWxiblVmQkFJQ1pCWUNBZ0VQRHhZQ0h3SUZHVWxPSUV2RGlpQkxTRUZKSUVkSjRidWNJRWRKNGJxaVRrZGtaQUs1QVE4UEZnUWZCUVVJYjNWMExXMWxiblVmQkFJQ1pHUUN1d0VQRHhZRUh3VUZDRzkxZEMxdFpXNTFId1FDQW1Sa0FyMEJEdzhXQkI4RkJRaHZkWFF0YldWdWRSOEVBZ0prWkFLL0FROFBGZ1FmQlFVSWIzVjBMVzFsYm5VZkJBSUNaR1FDd1FFUER4WUVId1VGQ0c5MWRDMXRaVzUxSHdRQ0FtUmtBZ2NQWkJZQ0FnRVBaQllDWmc5a0ZnZ0NBUThRRHhZRUh3SUZEMVJ2dzZCdUlIUnl4ckRodTUxdVp4NEhRMmhsWTJ0bFpHaGtaR1JrQWdNUEVBOFdCQjhDQlJsRHc2RWdibWpEb200Z2JtZkdzT0c3bldrZ1pNTzVibWM2SHdkblpHUmtaQUlGRHc4V0JCOENCUnRPYU9HNnJYQWdiY09qSUhQaHU1RWdZK0c2cDI0Z2VHVnRPaUFlQjBWdVlXSnNaV1JuWkdRQ0J3OFBGZ0lmQ0dka1pBSUpEMlFXQ0FJQkR3OFdBaDhDQlhsRGIzQjVjbWxuYUhRZ3dxa3lNREE1SUZSeXhyRGh1NTF1WnlERWtFZ2dVOE9nYVNCSHc3SnVMY1NRNGJxaGFTQm80YnVOWXlCamFNT3RibWdnY1hWNUxpQlJkZUc2bzI0Z2JNTzlJR0xodTU5cElPRzdwbmtnWW1GdUlHNW93Nkp1SUdURG9tNGdWRkF1SUVqaHU1TWdRMmpEclNCTmFXNW9aR1FDQXc4UEZnSWZBZ1VMVkhKaGJtY2dRMmpodTZka1pBSUZEdzhXQWg4Q0JTMVVhR25odXI5MElHdmh1cjhnWXVHN24ya2dZM1I1SUZCbzRicW5iaUJ0NGJ1QmJTQkJibWdnVVhYRG9tNWtaQUlIRHc4V0FoOENCUXpFa09HNnAzVWdWSEpoYm1ka1pCZ0JCUjVmWDBOdmJuUnliMnh6VW1WeGRXbHlaVkJ2YzNSQ1lXTnJTMlY1WDE4V0F3VXZZM1JzTURBa1EyOXVkR1Z1ZEZCc1lXTmxTRzlzWkdWeU1TUmpkR3d3TUNSeVlXUnBiMVJ2WVc1VWNuVnZibWNGTDJOMGJEQXdKRU52Ym5SbGJuUlFiR0ZqWlVodmJHUmxjakVrWTNSc01EQWtjbUZrYVc5VWIyRnVWSEoxYjI1bkJTbGpkR3d3TUNSRGIyNTBaVzUwVUd4aFkyVkliMnhrWlhJeEpHTjBiREF3SkhKaFpHbHZUV0ZUVmpsbkFiRGczREJuZEpvZmVvbE9MenNNNVA0MSIgQ29ycmVsYXRpb25CaW5kaW5nPSJ7e0Zvcm1Qb3N0UGFyYW00Ll9fVklFV1NUQVRFfX0iIFVybEVuY29kZT0iVHJ1ZSIgLz4NCiAgICAgICAgPEZvcm1Qb3N0UGFyYW1ldGVyIE5hbWU9Il9fVklFV1NUQVRFR0VORVJBVE9SIiBWYWx1ZT0iQ0EwQjAzMzQiIFJlY29yZGVkVmFsdWU9IkNBMEIwMzM0IiBDb3JyZWxhdGlvbkJpbmRpbmc9Int7Rm9ybVBvc3RQYXJhbTUuX19WSUVXU1RBVEVHRU5FUkFUT1J9fSIgVXJsRW5jb2RlPSJUcnVlIiAvPg0KICAgICAgICA8Rm9ybVBvc3RQYXJhbWV0ZXIgTmFtZT0iY3RsMDAkQ29udGVudFBsYWNlSG9sZGVyMSRjdGwwMCRyYWRpbyIgVmFsdWU9InJhZGlvTWFTViIgUmVjb3JkZWRWYWx1ZT0icmFkaW9NYVNWIiBDb3JyZWxhdGlvbkJpbmRpbmc9Int7Rm9ybVBvc3RQYXJhbTYuY3RsMDAkQ29udGVudFBsYWNlSG9sZGVyMSRjdGwwMCRyYWRpb319IiBVcmxFbmNvZGU9IlRydWUiIC8+DQogICAgICAgIDxGb3JtUG9zdFBhcmFtZXRlciBOYW1lPSJjdGwwMCRDb250ZW50UGxhY2VIb2xkZXIxJGN0bDAwJHR4dE1hU1YiIFZhbHVlPSIzMTE5NDExMDQyIiBSZWNvcmRlZFZhbHVlPSIzMTE5NDExMDQyIiBDb3JyZWxhdGlvbkJpbmRpbmc9IiIgVXJsRW5jb2RlPSJUcnVlIiAvPg0KICAgICAgICA8Rm9ybVBvc3RQYXJhbWV0ZXIgTmFtZT0iY3RsMDAkQ29udGVudFBsYWNlSG9sZGVyMSRjdGwwMCRidG5PSyIgVmFsdWU9Ik9LIiBSZWNvcmRlZFZhbHVlPSJPSyIgQ29ycmVsYXRpb25CaW5kaW5nPSJ7e0Zvcm1Qb3N0UGFyYW03LmN0bDAwJENvbnRlbnRQbGFjZUhvbGRlcjEkY3RsMDAkYnRuT0t9fSIgVXJsRW5jb2RlPSJUcnVlIiAvPg0KICAgICAgPC9Gb3JtUG9zdEh0dHBCb2R5Pg0KICAgIDwvUmVxdWVzdD4NCiAgICA8UmVxdWVzdCBNZXRob2Q9IlBPU1QiIEd1aWQ9ImM0ZDU1YTRkLTM2ZWUtNGM5OS05MzljLWU2OTM1YmJiMzI3MSIgVmVyc2lvbj0iMS4xIiBVcmw9Imh0dHA6Ly90aG9uZ3RpbmRhb3Rhby5zZ3UuZWR1LnZuL2RlZmF1bHQuYXNweCIgVGhpbmtUaW1lPSIyIiBUaW1lb3V0PSIzMDAiIFBhcnNlRGVwZW5kZW50UmVxdWVzdHM9IlRydWUiIEZvbGxvd1JlZGlyZWN0cz0iVHJ1ZSIgUmVjb3JkUmVzdWx0PSJUcnVlIiBDYWNoZT0iRmFsc2UiIFJlc3BvbnNlVGltZUdvYWw9IjAiIEVuY29kaW5nPSJ1dGYtOCIgRXhwZWN0ZWRIdHRwU3RhdHVzQ29kZT0iMCIgRXhwZWN0ZWRSZXNwb25zZVVybD0iaHR0cDovL3Rob25ndGluZGFvdGFvLnNndS5lZHUudm4vRGVmYXVsdC5hc3B4P3BhZ2U9dGhvaWtob2FiaWV1JmFtcDtzdGE9MSZhbXA7aWQ9MzExOTQxMTA0MiIgUmVwb3J0aW5nTmFtZT0iIiBJZ25vcmVIdHRwU3RhdHVzQ29kZT0iRmFsc2UiPg0KICAgICAgPEhlYWRlcnM+DQogICAgICAgIDxIZWFkZXIgTmFtZT0iUmVmZXJlciIgVmFsdWU9Imh0dHA6Ly90aG9uZ3RpbmRhb3Rhby5zZ3UuZWR1LnZuL2RlZmF1bHQuYXNweD9wYWdlPW5oYXBtYXN2JmFtcDtmbGFnPVRob2lLaG9hQmlldSIgLz4NCiAgICAgIDwvSGVhZGVycz4NCiAgICAgIDxDb3JyZWxhdGlvbkV4dHJhY3Rpb25SdWxlcz4NCiAgICAgICAgPEV4dHJhY3Rpb25SdWxlIENsYXNzbmFtZT0iTWljcm9zb2Z0LlZpc3VhbFN0dWRpby5UZXN0VG9vbHMuV2ViVGVzdGluZy5SdWxlcy5FeHRyYWN0VGV4dCwgTWljcm9zb2Z0LlZpc3VhbFN0dWRpby5RdWFsaXR5VG9vbHMuV2ViVGVzdEZyYW1ld29yaywgVmVyc2lvbj0xMC4wLjAuMCwgQ3VsdHVyZT1uZXV0cmFsLCBQdWJsaWNLZXlUb2tlbj1iMDNmNWY3ZjExZDUwYTNhIiBWYXJpYWJsZU5hbWU9IlF1ZXJ5U3RyaW5nUGFyYW0xOC5wYWdlIiBEaXNwbGF5TmFtZT0iIiBEZXNjcmlwdGlvbj0iIj4NCiAgICAgICAgICA8UnVsZVBhcmFtZXRlcnM+DQogICAgICAgICAgICA8UnVsZVBhcmFtZXRlciBOYW1lPSJTdGFydHNXaXRoIiBWYWx1ZT0iP3BhZ2U9IiAvPg0KICAgICAgICAgICAgPFJ1bGVQYXJhbWV0ZXIgTmFtZT0iRW5kc1dpdGgiIFZhbHVlPSImcXVvdDsiIC8+DQogICAgICAgICAgICA8UnVsZVBhcmFtZXRlciBOYW1lPSJJbmRleCIgVmFsdWU9IjUiIC8+DQogICAgICAgICAgICA8UnVsZVBhcmFtZXRlciBOYW1lPSJJZ25vcmVDYXNlIiBWYWx1ZT0iRmFsc2UiIC8+DQogICAgICAgICAgICA8UnVsZVBhcmFtZXRlciBOYW1lPSJVc2VSZWd1bGFyRXhwcmVzc2lvbiIgVmFsdWU9IkZhbHNlIiAvPg0KICAgICAgICAgICAgPFJ1bGVQYXJhbWV0ZXIgTmFtZT0iSHRtbERlY29kZSIgVmFsdWU9IlRydWUiIC8+DQogICAgICAgICAgICA8UnVsZVBhcmFtZXRlciBOYW1lPSJSZXF1aXJlZCIgVmFsdWU9IkZhbHNlIiAvPg0KICAgICAgICAgIDwvUnVsZVBhcmFtZXRlcnM+DQogICAgICAgIDwvRXh0cmFjdGlvblJ1bGU+DQogICAgICA8L0NvcnJlbGF0aW9uRXh0cmFjdGlvblJ1bGVzPg0KICAgICAgPFF1ZXJ5U3RyaW5nUGFyYW1ldGVycz4NCiAgICAgICAgPFF1ZXJ5U3RyaW5nUGFyYW1ldGVyIE5hbWU9InBhZ2UiIFZhbHVlPSJuaGFwbWFzdiIgUmVjb3JkZWRWYWx1ZT0ibmhhcG1hc3YiIENvcnJlbGF0aW9uQmluZGluZz0ie3tRdWVyeVN0cmluZ1BhcmFtMTYucGFnZX19IiBVcmxFbmNvZGU9IkZhbHNlIiBVc2VUb0dyb3VwUmVzdWx0cz0iRmFsc2UiIC8+DQogICAgICAgIDxRdWVyeVN0cmluZ1BhcmFtZXRlciBOYW1lPSJmbGFnIiBWYWx1ZT0iVGhvaUtob2FCaWV1IiBSZWNvcmRlZFZhbHVlPSJUaG9pS2hvYUJpZXUiIENvcnJlbGF0aW9uQmluZGluZz0ie3tRdWVyeVN0cmluZ1BhcmFtMTcuZmxhZ319IiBVcmxFbmNvZGU9IkZhbHNlIiBVc2VUb0dyb3VwUmVzdWx0cz0iRmFsc2UiIC8+DQogICAgICA8L1F1ZXJ5U3RyaW5nUGFyYW1ldGVycz4NCiAgICAgIDxGb3JtUG9zdEh0dHBCb2R5Pg0KICAgICAgICA8Rm9ybVBvc3RQYXJhbWV0ZXIgTmFtZT0iX19FVkVOVFRBUkdFVCIgVmFsdWU9Int7JEhJRERFTjEuX19FVkVOVFRBUkdFVH19IiBSZWNvcmRlZFZhbHVlPSIiIENvcnJlbGF0aW9uQmluZGluZz0iIiBVcmxFbmNvZGU9IlRydWUiIC8+DQogICAgICAgIDxGb3JtUG9zdFBhcmFtZXRlciBOYW1lPSJfX0VWRU5UQVJHVU1FTlQiIFZhbHVlPSJ7eyRISURERU4xLl9fRVZFTlRBUkdVTUVOVH19IiBSZWNvcmRlZFZhbHVlPSIiIENvcnJlbGF0aW9uQmluZGluZz0iIiBVcmxFbmNvZGU9IlRydWUiIC8+DQogICAgICAgIDxGb3JtUG9zdFBhcmFtZXRlciBOYW1lPSJfX0xBU1RGT0NVUyIgVmFsdWU9Int7JEhJRERFTjEuX19MQVNURk9DVVN9fSIgUmVjb3JkZWRWYWx1ZT0iIiBDb3JyZWxhdGlvbkJpbmRpbmc9IiIgVXJsRW5jb2RlPSJUcnVlIiAvPg0KICAgICAgICA8Rm9ybVBvc3RQYXJhbWV0ZXIgTmFtZT0iX19WSUVXU1RBVEUiIFZhbHVlPSJ7eyRISURERU4xLl9fVklFV1NUQVRFfX0iIFJlY29yZGVkVmFsdWU9Ii93RVBEd1VLTFRNeE5qYzNOVE0zTlE5a0ZnSm1EMlFXQkdZUFpCWUVBZ0VQRmdJZUIyTnZiblJsYm5Sa1pBSUNEeFlDSGdSb2NtVm1CU2t1TDAxbGMzTmhaMlZHYVd4bEwyWmhkbWxqYjI0dFpHRnBMV2h2WXkxellXa3RaMjl1TG1wd1oyUUNBUTlrRmdnQ0F3OWtGZ0ptRDJRV0FnSUJEMlFXREdZUER4WUNIZ1JVWlhoMEJReERhTU9nYnlCaTRicWhiaUJrWkFJQkR3OFdCaDhDQlE5WVpXMGdkR2pEdEc1bklHTERvVzhlQ1VadmNtVkRiMnh2Y2drQU0vLy9IZ1JmSVZOQ0FnUmtaQUlDRHc4V0JoOENCUU1nZkNBZkF3a0FNLy8vSHdRQ0JHUmtBZ01QRHhZR0h3SUZHRlJvWVhrZ3hKSGh1NVZwSUczaHVxMTBJR3RvNGJxcGRSOERDUUF6Ly84ZkJBSUVaR1FDQkE4UEZnWWZBZ1VESUh3Z0h3TUpBRFAvL3g4RUFnUmtaQUlGRHc4V0JoOENCUTNFa01TRGJtY2dUbWpodXExd0h3TUpBRFAvL3g4RUFnUmtaQUlGRDJRV3dnRUNBUThQRmdRZUNFTnpjME5zWVhOekJRaHZkWFF0YldWdWRSOEVBZ0prRmdKbUR3OFdBaDhDQlF0VVVrRk9SeUJEU09HN3BtUmtBZ01QRHhZRUh3VUZDRzkxZEMxdFpXNTFId1FDQW1RV0FnSUJEdzhXQWg4Q0JSZEVRVTVJSUUzaHU2UkRJRU5JNGJ1b1F5Qk94SUpPUjJSa0FnVVBEeFlFSHdVRkNHOTFkQzF0Wlc1MUh3UUNBbVFXQWdJQkR3OFdBaDhDQlJ0RVRTQkRTT0c3cUVNZ1RzU0NUa2NneEpERGdVNUlJRWRKdzRGa1pBSUhEdzhXQkI4RkJRaHZkWFF0YldWdWRSOEVBZ0prRmdJQ0FROFBGZ0lmQWdValVWWGh1cUpPSUV6RG5TREVrTU9CVGtnZ1IwbkRnU0JTdzRoT0lFeFZXZUc3aGs1a1pBSUpEdzhXQmg4RkJRaHZkWFF0YldWdWRSOEVBZ0llQjFacGMybGliR1ZvWkJZQ0FnRVBEeFlDSHdJRkZjU1F4SUpPUnlCTHc1MGdUY09VVGlCSTRidU1RMlJrQWdzUER4WUVId1VGQ0c5MWRDMXRaVzUxSHdRQ0FtUmtBZzBQRHhZRUh3VUZDRzkxZEMxdFpXNTFId1FDQW1RV0FnSUJEdzhXQWg4Q0JRZFlSVTBnVkV0Q1pHUUNEdzhQRmdRZkJRVUliM1YwTFcxbGJuVWZCQUlDWkJZQ0FnRVBEeFlDSHdJRkVGaEZUU0RFa0VuaHU0Sk5JRVJCVGtoa1pBSVJEdzhXQkI4RkJRaHZkWFF0YldWdWRSOEVBZ0prRmdKbUR3OFdBaDhDQlE1WVJVMGdUT0c3aWtOSUlGUklTV1JrQWhNUER4WUdId1VGQ0c5MWRDMXRaVzUxSHdRQ0FoOEdhR1FXQWdJQkR3OFdBaDhDQlJSWVJVMGdUT0c3aWtOSUlGUklTU0JNNGJxZ1NXUmtBaFVQRHhZR0h3VUZDRzkxZEMxdFpXNTFId1FDQWg4R2FHUVdBZ0lCRHc4V0FoOENCUkZZUlUwZ1RPRzdpa05JSUZSSVNTQkhTMlJrQWhjUER4WUdId1VGQ0c5MWRDMXRaVzUxSHdRQ0FoOEdhR1FXQWdJQkR3OFdBaDhDQlNGSFNFa2dWTU9UVFNCVTRicXVWQ0JOdzVST0lFZEo0YnFpVGtjZ1JPRzZvRmxrWkFJWkR3OFdCQjhGQlFodmRYUXRiV1Z1ZFI4RUFnSmtaQUliRHc4V0JCOEZCUWh2ZFhRdGJXVnVkUjhFQWdKa0ZnSUNBUThQRmdJZkFnVU9XRVZOSUVqaHU0eERJRkJJdzQxa1pBSWREdzhXQkI4RkJRaHZkWFF0YldWdWRSOEVBZ0prWkFJZkR3OFdCQjhGQlFodmRYUXRiV1Z1ZFI4RUFnSmtGZ0lDQVE4UEZnSWZBZ1VMV0VWTklNU1FTZUc3Z2sxa1pBSWhEdzhXQmg4RkJRaHZkWFF0YldWdWRSOEVBZ0lmQm1oa0ZnSUNBUThQRmdJZkFnVVR4SkJKNGJ1Q1RTQkw0YnV5SUZiaHU0eE9SMlJrQWlNUER4WUVId1VGQ0c5MWRDMXRaVzUxSHdRQ0FtUVdBZ0lCRHc4V0FoOENCUmhMNGJxK1ZDQlJWZUc2b2lERWtFbmh1NEpOSUVSQlRraGtaQUlsRHc4V0JCOEZCUWh2ZFhRdGJXVnVkUjhFQWdKa0ZnSUNBUThQRmdJZkFnVVdTMUVneEpCSjRidUNUU0JFUVU1SUlFOU9URWxPUldSa0FpY1BEeFlFSHdVRkNHOTFkQzF0Wlc1MUh3UUNBbVFXQWdJQkR3OFdBaDhDQlJ0WVJVMGd4SkJKNGJ1Q1RTQkVRVTVJSUZOSlRrZ2dWa25EaWs1a1pBSXBEdzhXQkI4RkJRaHZkWFF0YldWdWRSOEVBZ0prRmdJQ0FROFBGZ0lmQWdVZlIwbmh1cUpPUnlCV1NjT0tUaUJVNGJ1d0lNU1FTZUc3Z2swZ1JFRk9TR1JrQWlzUER4WUVId1VGQ0c5MWRDMXRaVzUxSHdRQ0FtUVdBZ0lCRHc4V0FoOENCUWxZUlUwZ1ExVEVrRlJrWkFJdER3OFdCQjhGQlFodmRYUXRiV1Z1ZFI4RUFnSmtGZ0lDQVE4UEZnSWZBZ1VMV0VWTklFM0RsRTRnVkZGa1pBSXZEdzhXQkI4RkJRaHZkWFF0YldWdWRSOEVBZ0prRmdJQ0FROFBGZ0lmQWdVa3hKRERnVTVJSUVkSnc0RWdTK0c2dmxRZ1VWWGh1cUlnVXNPSVRpQk1WVm5odTRaT1pHUUNNUThQRmdRZkJRVUliM1YwTFcxbGJuVWZCQUlDWkJZQ0FnRVBEeFlDSHdJRkpzU1F3NEZPU0NCSFNjT0JJRXRSSUZMRGlFNGdURlZaNGJ1R1RpQlRTVTVJSUZaSnc0cE9aR1FDTXc4UEZnWWZCUVVJYjNWMExXMWxiblVmQkFJQ0h3Wm9aQllDQWdFUER4WUNId0lGRWxQaHU2eEJJRlJVSUVQRGdTQk9TTU9DVG1Sa0FqVVBEeFlHSHdVRkNHOTFkQzF0Wlc1MUh3UUNBaDhHWjJRV0FnSUJEdzhXQWg4Q0JRNUh3NU5RSU1PZElFdEo0YnErVG1Sa0FqY1BEeFlHSHdVRkNHOTFkQzF0Wlc1MUh3UUNBaDhHYUdRV0FtWVBEeFlDSHdJRkVGUGh1NnhCSUV6RG5TQk00YnVLUTBoa1pBSTVEdzhXQkI4RkJRaHZkWFF0YldWdWRSOEVBZ0prRmdJQ0FROFBGZ0lmQWdVVlVWWGh1cUpPSUV6RG5TQlRTVTVJSUZaSnc0cE9aR1FDT3c4UEZnUWZCUVVJYjNWMExXMWxiblVmQkFJQ1pCWUNBZ0VQRHhZQ0h3SUZJa3ZodXI1VUlGRlY0YnFpSUZOSlRrZ2dWa25EaWs0Z3hKRERnVTVJSUVkSnc0RmtaQUk5RHc4V0JCOEZCUWh2ZFhRdGJXVnVkUjhFQWdKa1pBSS9EdzhXQkI4RkJRaHZkWFF0YldWdWRSOEVBZ0prRmdJQ0FROWtGZ0ptRHc4V0FoOENCUm5Fa01PQlRrZ2dSMG5EZ1NCSFNlRzZvazVISUVUaHVxQlpaR1FDUVE4UEZnUWZCUVVJYjNWMExXMWxiblVmQkFJQ1pCWUNBZ0VQRHhZQ0h3SUZGTVNReElKT1J5Qkx3NTBnVkVoSklFemh1cUJKWkdRQ1F3OFBGZ1FmQlFVSWIzVjBMVzFsYm5VZkJBSUNaR1FDUlE4UEZnUWZCUVVJYjNWMExXMWxiblVmQkFJQ1pCWUNBZ0VQRHhZQ0h3SUZFc1NRU3lCRFNGVlp3NHBPSUU1SHc0Qk9TR1JrQWtjUER4WUVId1VGQ0c5MWRDMXRaVzUxSHdRQ0FtUmtBa2tQRHhZRUh3VUZDRzkxZEMxdFpXNTFId1FDQW1RV0FnSUJEdzhXQWg4Q0JSWkxVU0JZdzRsVUlGVGh1NUJVSUU1SFNFbmh1NFpRWkdRQ1N3OFBGZ1FmQlFVSWIzVjBMVzFsYm5VZkJBSUNaQllDQWdFUER4WUNId0lGSFV0UklGakRpVlFnVkVuaHU0Qk9JRlRodTVCVUlFNUhTRW5odTRaUVpHUUNUUThQRmdRZkJRVUliM1YwTFcxbGJuVWZCQUlDWkJZQ0FnRVBEeFlDSHdJRkdrUERnbFVnU09HN2pra2dWRWpHcitHN25FNUhJRWZodXJaUVpHUUNUdzhQRmdRZkJRVUliM1YwTFcxbGJuVWZCQUlDWkJZQ0FnRVBEeFlDSHdJRkU4U1FTeUJMU01PVFFTQk1WZUc2ckU0Z1ZFNWtaQUpSRHc4V0JCOEZCUWh2ZFhRdGJXVnVkUjhFQWdKa0ZnSUNBUThQRmdJZkFnVU9Ua2podXF4UUlNU1FTZUc3Z2sxa1pBSlREdzhXQkI4RkJRaHZkWFF0YldWdWRSOEVBZ0prWkFKVkR3OFdCQjhGQlFodmRYUXRiV1Z1ZFI4RUFnSmtaQUpYRHc4V0JCOEZCUWh2ZFhRdGJXVnVkUjhFQWdKa1pBSlpEdzhXQkI4RkJRaHZkWFF0YldWdWRSOEVBZ0prRmdJQ0FROFBGZ0lmQWdVZVdFVk5JTVNRU2VHN2drMGdUY09VVGlCSFNlRzZvazVISUVUaHVxQlpaR1FDV3c4UEZnUWZCUVVJYjNWMExXMWxiblVmQkFJQ1pCWUNBZ0VQRHhZQ0h3SUZIbGhGVFNERWtFbmh1NEpOSUZUaHU1Uk9SeUJJNGJ1aVVDQk00YnVhVUdSa0FsMFBEeFlFSHdVRkNHOTFkQzF0Wlc1MUh3UUNBbVFXQWdJQkR3OFdBaDhDQlJWSlRpQkxTT0c3a0VrZ1RNYXY0YnVpVGtjZ1IwUmtaQUpmRHc4V0JCOEZCUWh2ZFhRdGJXVnVkUjhFQWdKa0ZnSUNBUThQRmdJZkFnVU9WVkJNVDBGRUlNU1FTZUc3Z2sxa1pBSmhEdzhXQkI4RkJRaHZkWFF0YldWdWRSOEVBZ0prRmdJQ0FROFBGZ0lmQWdVTlZFdENJRUxodTVnZ1RjT1VUbVJrQW1NUER4WUVId1VGQ0c5MWRDMXRaVzUxSHdRQ0FtUVdBZ0lCRHc4V0FoOENCUlJNNGJ1S1EwZ2dWRWhKSUVMaHU1Z2dUY09VVG1Sa0FtVVBEeFlFSHdVRkNHOTFkQzF0Wlc1MUh3UUNBbVFXQWdJQkR3OFdBaDhDQlNaVVNPRzdrRTVISUV2RGlpQkhTZUc2b2s1SElGWkp3NHBPSUVSVldlRzdobFFnUzFGRVMyUmtBbWNQRHhZRUh3VUZDRzkxZEMxdFpXNTFId1FDQW1RV0FnSUJEdzhXQWg4Q0JTSllSVTBnVk9HN2xFNUhJRWpodTZKUUlFdFJJRWpodTR4RElGVGh1cXhRSUZOV1pHUUNhUThQRmdRZkJRVUliM1YwTFcxbGJuVWZCQUlDWkdRQ2F3OFBGZ1FmQlFVSWIzVjBMVzFsYm5VZkJBSUNaQllDWmc4UEZnSWZBZ1VZUytHNnZpQklUK0c2b0VOSUlFamh1NHhESUZUaHVxeFFaR1FDYlE4UEZnUWZCUVVJYjNWMExXMWxiblVmQkFJQ1pHUUNidzhQRmdRZkJRVUliM1YwTFcxbGJuVWZCQUlDWkJZQ0FnRVBEeFlDSHdJRkZFakdyK0c3bWs1SElFVGh1cXBPSU1TUVMwMUlaR1FDY1E4UEZnUWZCUVVJYjNWMExXMWxiblVmQkFJQ1pCWUNBZ0VQRHhZQ0h3SUZJRTVJNGJxc1VDREVrT0c3aWtFZ1Ewamh1NGdnVGtqaHVxeE9JRlBEZ1VOSVpHUUNjdzhQRmdRZkJRVUliM1YwTFcxbGJuVWZCQUlDWkJZQ0FnRVBEeFlDSHdJRkpNU1F4SUpPUnlCTHc1MGdUa2podXF4T0lGUERnVU5JSUU1SFQ4T0FTU0JIU2VHN25HUmtBblVQRHhZRUh3VUZDRzkxZEMxdFpXNTFId1FDQW1RV0FnSUJEdzhXQWg4Q0JSdkVrTU9CVGtnZ1IwbkRnU0JEU09HNnBGUWdUTWF2NGJ1aVRrZGtaQUozRHc4V0JCOEZCUWh2ZFhRdGJXVnVkUjhFQWdKa0ZnSUNBUThQRmdJZkFnVWZ4SkF1UzhPZElFVGh1N0FnVE9HN2hDQlU0YnVRVkNCT1IwaEo0YnVHVUdSa0Fua1BEeFlFSHdVRkNHOTFkQzF0Wlc1MUh3UUNBbVFXQWdJQkR3OFdBaDhDQlJOTzRidVlVQ0JEU09HN3FFNUhJRU5JNGJ1SVpHUUNldzhQRmdRZkJRVUliM1YwTFcxbGJuVWZCQUlDWkJZQ0FnRVBEeFlDSHdJRklWaEZUU0RFa09HN2dDQkR4cS9Hb0U1SElGUlNUMDVISUVMaHU1Z2dUY09VVG1Sa0FuMFBEeFlFSHdVRkNHOTFkQzF0Wlc1MUh3UUNBbVFXQWdJQkR3OFdBaDhDQlJsRVFVNUlJRlBEZ1VOSUlNU1FMa3ZEblNCWXc0bFVJRlJPWkdRQ2Z3OFBGZ1FmQlFVSWIzVjBMVzFsYm5VZkJBSUNaQllDQWdFUER4WUNId0lGSGtSQlRrZ2dVOE9CUTBnZ3hKQXVTOE9kSUVUaHU3QWdUT0c3aENCVVRtUmtBb0VCRHc4V0JCOEZCUWh2ZFhRdGJXVnVkUjhFQWdKa0ZnSUNBUThQRmdJZkFnVVdWRWpEbEU1SElGUkpUaUJNVmVHNnJFNGdWc1NDVG1Sa0FvTUJEdzhXQkI4RkJRaHZkWFF0YldWdWRSOEVBZ0prRmdJQ0FROFBGZ0lmQWdVblZGSkJJRVBodTZoVklGYkVnazRnUXVHNnNFNUhJRmJEZ0NCRFNPRzdxRTVISUVOSTRidUlaR1FDaFFFUER4WUVId1VGQ0c5MWRDMXRaVzUxSHdRQ0FtUVdBZ0lCRHc4V0FoOENCUkJENGJ1d1ZTQlRTVTVJSUZaSnc0cE9aR1FDaHdFUER4WUVId1VGQ0c5MWRDMXRaVzUxSHdRQ0FtUVdBZ0lCRHc4V0FoOENCUmZFa01TQ1RrY2dTOE9kSUZqRGlWUWdWRlZaNGJ1Q1RtUmtBb2tCRHc4V0JCOEZCUWh2ZFhRdGJXVnVkUjhFQWdKa0ZnSUNBUThQRmdJZkFnVWdWRWpEbEU1SElGUkpUaUJJNGJ1U0lGUEdvQ0JVVlZuaHU0Sk9JRk5KVGtoa1pBS0xBUThQRmdRZkJRVUliM1YwTFcxbGJuVWZCQUlDWkdRQ2pRRVBEeFlFSHdVRkNHOTFkQzF0Wlc1MUh3UUNBbVFXQWdJQkR3OFdBaDhDQlJkSXc1TkJJTVNReHFCT0lNU1FTZUc3aGs0Z1ZPRzdyR1JrQW84QkR3OFdCQjhGQlFodmRYUXRiV1Z1ZFI4RUFnSmtGZ0lDQVE4UEZnSWZBZ1VXVGtkSTRidUlJRVRodXFCWklFVGh1cUJaSUVMRG1XUmtBcEVCRHc4V0JCOEZCUWh2ZFhRdGJXVnVkUjhFQWdKa0ZnSUNBUThQRmdJZkFnVVh4SkRFZ2s1SElFdkRuU0JPUjBqaHU0Z2dVRWpEaVZCa1pBS1RBUThQRmdRZkJRVUliM1YwTFcxbGJuVWZCQUlDWkJZQ0FnRVBEeFlDSHdJRkVzU1F4SUpPUnlCTHc1MGdRMDlKSUZSSVNXUmtBcFVCRHc4V0JCOEZCUWh2ZFhRdGJXVnVkUjhFQWdKa0ZnSUNBUThQRmdJZkFnVVNXRVZOSUV6aHU0cERTQ0JEVDBrZ1ZFaEpaR1FDbHdFUER4WUVId1VGQ0c5MWRDMXRaVzUxSHdRQ0FtUVdBZ0lCRHc4V0FoOENCUnRMVVNCT1IwaEp3NHBPSUVQaHU2aFZJRXRJVDBFZ1NPRzdqRU5rWkFLWkFROFBGZ1FmQlFVSWIzVjBMVzFsYm5VZkJBSUNaQllDQWdFUER4WUNId0lGSEZoRlRTREVrT0c3Z0NCVXc0QkpJRTVEUzBnZ1ZFaEJUU0JIU1VGa1pBS2JBUThQRmdRZkJRVUliM1YwTFcxbGJuVWZCQUlDWkJZQ0FnRVBaQllDWmc4UEZnSWZBZ1VreEpERWdrNUhJRXZEblNCWVNVNGdSMG5odXFSWklFTkk0YnVvVGtjZ1Rramh1cXhPWkdRQ25RRVBEeFlFSHdVRkNHOTFkQzF0Wlc1MUh3UUNBbVFXQWdJQkQyUVdBbVlQRHhZQ0h3SUZHVVBodXF4UUlFNUk0YnFzVkNCT1IwL2h1cUJKSUZSU3c1cGtaQUtmQVE4UEZnUWZCUVVJYjNWMExXMWxiblVmQkFJQ1pCWUNBZ0VQRHhZQ0h3SUZHMFBodXF4UUlFNUk0YnFzVkNCVVNNYXY0YnVjVGtjZ1ZGTERtbVJrQXFFQkR3OFdCQjhGQlFodmRYUXRiV1Z1ZFI4RUFnSmtGZ0lDQVE4UEZnSWZBZ1VWUStHNnFFMGdUa0ZPUnlCVFNVNUlJRlpKdzRwT1pHUUNvd0VQRHhZRUh3VUZDRzkxZEMxdFpXNTFId1FDQW1RV0FnSUJEdzhXQWg4Q0JSNVlSVTBnVEZYaHVxeE9JRmJFZ2s0Z1ZPRzdrRlFnVGtkSVNlRzdobEJrWkFLbEFROFBGZ1FmQlFVSWIzVjBMVzFsYm5VZkJBSUNaQllDQWdFUER4WUNId0lGSGxoRlRTQk1WZUc2ckU0Z1ZzU0NUaUJJeHEvaHU1cE9SeUJFNGJxcVRtUmtBcWNCRHc4V0JCOEZCUWh2ZFhRdGJXVnVkUjhFQWdKa0ZnSUNBUThQRmdJZkFnVWRXRVZOSUV4VjRicXNUaUJXeElKT0lGQkk0YnFpVGlCQ1NlRzdoazVrWkFLcEFROFBGZ1FmQlFVSWIzVjBMVzFsYm5VZkJBSUNaQllDQWdFUER4WUNId0lGSkVMRGdVOGdRa25odTRKVklGQkk0YnVrUXlCVzRidWtJRXpEZzA1SUlNU1E0YnFnVDJSa0Fxc0JEdzhXQkI4RkJRaHZkWFF0YldWdWRSOEVBZ0prRmdJQ0FROFBGZ0lmQWdVY1ZFamh1NUJPUnlCTHc0b2d4SkREazA1SElFaFFJRTlPVEVsT1JXUmtBcTBCRHc4V0JCOEZCUWh2ZFhRdGJXVnVkUjhFQWdKa0ZnSUNBUThQRmdJZkFnVVh4SkRFZ2s1SElFdkRuU0JMdzUwZ1ZNT2FReUJZdzRGa1pBS3ZBUThQRmdRZkJRVUliM1YwTFcxbGJuVWZCQUlDWkJZQ0FnRVBEeFlDSHdJRkdGUklRVTVJSUZSUHc0Rk9JRXZEblNCVXc1cERJRmpEZ1dSa0FyRUJEdzhXQkI4RkJRaHZkWFF0YldWdWRSOEVBZ0prRmdJQ0FROFBGZ0lmQWdVaVErRzZyRkFnVGtqaHVxeFVJRXpEblNCTTRidUtRMGdnUzBoUFFTQkk0YnVNUTJSa0FyTUJEdzhXQkI4RkJRaHZkWFF0YldWdWRSOEVBZ0prRmdJQ0FROFBGZ0lmQWdVWFErRzZyRkFnVGtqaHVxeFVJRlF1VkVsT0lFSklXVlJrWkFLMUFROFBGZ1FmQlFVSWIzVjBMVzFsYm5VZkJBSUNaQllDQWdFUER4WUNId0lGRmxoRlRTREVrRW5odTRKTklNU1F3NE1nUk9HNm9GbGtaQUszQVE4UEZnUWZCUVVJYjNWMExXMWxiblVmQkFJQ1pCWUNBZ0VQRHhZQ0h3SUZHVWxPSUV2RGlpQkxTRUZKSUVkSjRidWNJRWRKNGJxaVRrZGtaQUs1QVE4UEZnUWZCUVVJYjNWMExXMWxiblVmQkFJQ1pHUUN1d0VQRHhZRUh3VUZDRzkxZEMxdFpXNTFId1FDQW1Sa0FyMEJEdzhXQkI4RkJRaHZkWFF0YldWdWRSOEVBZ0prWkFLL0FROFBGZ1FmQlFVSWIzVjBMVzFsYm5VZkJBSUNaR1FDd1FFUER4WUVId1VGQ0c5MWRDMXRaVzUxSHdRQ0FtUmtBZ2NQWkJZQ0FnRVBaQllDWmc5a0ZnZ0NBUThRRHhZRUh3SUZEMVJ2dzZCdUlIUnl4ckRodTUxdVp4NEhRMmhsWTJ0bFpHaGtaR1JrQWdNUEVBOFdCQjhDQlJsRHc2RWdibWpEb200Z2JtZkdzT0c3bldrZ1pNTzVibWM2SHdkblpHUmtaQUlGRHc4V0JCOENCUnRPYU9HNnJYQWdiY09qSUhQaHU1RWdZK0c2cDI0Z2VHVnRPaUFlQjBWdVlXSnNaV1JuWkdRQ0J3OFBGZ0lmQ0dka1pBSUpEMlFXQ0FJQkR3OFdBaDhDQlhsRGIzQjVjbWxuYUhRZ3dxa3lNREE1SUZSeXhyRGh1NTF1WnlERWtFZ2dVOE9nYVNCSHc3SnVMY1NRNGJxaGFTQm80YnVOWXlCamFNT3RibWdnY1hWNUxpQlJkZUc2bzI0Z2JNTzlJR0xodTU5cElPRzdwbmtnWW1GdUlHNW93Nkp1SUdURG9tNGdWRkF1SUVqaHU1TWdRMmpEclNCTmFXNW9aR1FDQXc4UEZnSWZBZ1VMVkhKaGJtY2dRMmpodTZka1pBSUZEdzhXQWg4Q0JTMVVhR25odXI5MElHdmh1cjhnWXVHN24ya2dZM1I1SUZCbzRicW5iaUJ0NGJ1QmJTQkJibWdnVVhYRG9tNWtaQUlIRHc4V0FoOENCUXpFa09HNnAzVWdWSEpoYm1ka1pCZ0JCUjVmWDBOdmJuUnliMnh6VW1WeGRXbHlaVkJ2YzNSQ1lXTnJTMlY1WDE4V0F3VXZZM1JzTURBa1EyOXVkR1Z1ZEZCc1lXTmxTRzlzWkdWeU1TUmpkR3d3TUNSeVlXUnBiMVJ2WVc1VWNuVnZibWNGTDJOMGJEQXdKRU52Ym5SbGJuUlFiR0ZqWlVodmJHUmxjakVrWTNSc01EQWtjbUZrYVc5VWIyRnVWSEoxYjI1bkJTbGpkR3d3TUNSRGIyNTBaVzUwVUd4aFkyVkliMnhrWlhJeEpHTjBiREF3SkhKaFpHbHZUV0ZUVmpsbkFiRGczREJuZEpvZmVvbE9MenNNNVA0MSIgQ29ycmVsYXRpb25CaW5kaW5nPSIiIFVybEVuY29kZT0iVHJ1ZSIgLz4NCiAgICAgICAgPEZvcm1Qb3N0UGFyYW1ldGVyIE5hbWU9Il9fVklFV1NUQVRFR0VORVJBVE9SIiBWYWx1ZT0ie3skSElEREVOMS5fX1ZJRVdTVEFURUdFTkVSQVRPUn19IiBSZWNvcmRlZFZhbHVlPSJDQTBCMDMzNCIgQ29ycmVsYXRpb25CaW5kaW5nPSIiIFVybEVuY29kZT0iVHJ1ZSIgLz4NCiAgICAgICAgPEZvcm1Qb3N0UGFyYW1ldGVyIE5hbWU9ImN0bDAwJENvbnRlbnRQbGFjZUhvbGRlcjEkY3RsMDAkcmFkaW8iIFZhbHVlPSJyYWRpb01hU1YiIFJlY29yZGVkVmFsdWU9InJhZGlvTWFTViIgQ29ycmVsYXRpb25CaW5kaW5nPSJ7e0Zvcm1Qb3N0UGFyYW04LmN0bDAwJENvbnRlbnRQbGFjZUhvbGRlcjEkY3RsMDAkcmFkaW99fSIgVXJsRW5jb2RlPSJUcnVlIiAvPg0KICAgICAgICA8Rm9ybVBvc3RQYXJhbWV0ZXIgTmFtZT0iY3RsMDAkQ29udGVudFBsYWNlSG9sZGVyMSRjdGwwMCR0eHRNYVNWIiBWYWx1ZT0iMzExOTQxMTA0MiIgUmVjb3JkZWRWYWx1ZT0iMzExOTQxMTA0MiIgQ29ycmVsYXRpb25CaW5kaW5nPSIiIFVybEVuY29kZT0iVHJ1ZSIgLz4NCiAgICAgICAgPEZvcm1Qb3N0UGFyYW1ldGVyIE5hbWU9ImN0bDAwJENvbnRlbnRQbGFjZUhvbGRlcjEkY3RsMDAkYnRuT0siIFZhbHVlPSJPSyIgUmVjb3JkZWRWYWx1ZT0iT0siIENvcnJlbGF0aW9uQmluZGluZz0ie3tGb3JtUG9zdFBhcmFtOS5jdGwwMCRDb250ZW50UGxhY2VIb2xkZXIxJGN0bDAwJGJ0bk9LfX0iIFVybEVuY29kZT0iVHJ1ZSIgLz4NCiAgICAgIDwvRm9ybVBvc3RIdHRwQm9keT4NCiAgICA8L1JlcXVlc3Q+DQogICAgPFJlcXVlc3QgTWV0aG9kPSJHRVQiIEd1aWQ9ImNmNzYxNzZhLTE0OWUtNGMzNS1hZjBlLTkwYzVhZTNjNTRlNCIgVmVyc2lvbj0iMS4xIiBVcmw9Imh0dHA6Ly90aG9uZ3RpbmRhb3Rhby5zZ3UuZWR1LnZuL0RlZmF1bHQuYXNweCIgVGhpbmtUaW1lPSIzIiBUaW1lb3V0PSIzMDAiIFBhcnNlRGVwZW5kZW50UmVxdWVzdHM9IlRydWUiIEZvbGxvd1JlZGlyZWN0cz0iVHJ1ZSIgUmVjb3JkUmVzdWx0PSJUcnVlIiBDYWNoZT0iRmFsc2UiIFJlc3BvbnNlVGltZUdvYWw9IjAiIEVuY29kaW5nPSJ1dGYtOCIgRXhwZWN0ZWRIdHRwU3RhdHVzQ29kZT0iMCIgRXhwZWN0ZWRSZXNwb25zZVVybD0iaHR0cDovL3Rob25ndGluZGFvdGFvLnNndS5lZHUudm4vZGVmYXVsdC5hc3B4P3BhZ2U9bmhhcG1hc3YmYW1wO2ZsYWc9WGVtSG9jUGhpIiBSZXBvcnRpbmdOYW1lPSIiIElnbm9yZUh0dHBTdGF0dXNDb2RlPSJGYWxzZSI+DQogICAgICA8SGVhZGVycz4NCiAgICAgICAgPEhlYWRlciBOYW1lPSJSZWZlcmVyIiBWYWx1ZT0iaHR0cDovL3Rob25ndGluZGFvdGFvLnNndS5lZHUudm4vRGVmYXVsdC5hc3B4P3BhZ2U9dGhvaWtob2FiaWV1JmFtcDtzdGE9MSZhbXA7aWQ9MzExOTQxMTA0MiIgLz4NCiAgICAgIDwvSGVhZGVycz4NCiAgICAgIDxDb3JyZWxhdGlvbkV4dHJhY3Rpb25SdWxlcz4NCiAgICAgICAgPEV4dHJhY3Rpb25SdWxlIENsYXNzbmFtZT0iTWljcm9zb2Z0LlZpc3VhbFN0dWRpby5UZXN0VG9vbHMuV2ViVGVzdGluZy5SdWxlcy5FeHRyYWN0VGV4dCwgTWljcm9zb2Z0LlZpc3VhbFN0dWRpby5RdWFsaXR5VG9vbHMuV2ViVGVzdEZyYW1ld29yaywgVmVyc2lvbj0xMC4wLjAuMCwgQ3VsdHVyZT1uZXV0cmFsLCBQdWJsaWNLZXlUb2tlbj1iMDNmNWY3ZjExZDUwYTNhIiBWYXJpYWJsZU5hbWU9IlF1ZXJ5U3RyaW5nUGFyYW0xLnBhZ2UiIERpc3BsYXlOYW1lPSIiIERlc2NyaXB0aW9uPSIiPg0KICAgICAgICAgIDxSdWxlUGFyYW1ldGVycz4NCiAgICAgICAgICAgIDxSdWxlUGFyYW1ldGVyIE5hbWU9IlN0YXJ0c1dpdGgiIFZhbHVlPSI/cGFnZT0iIC8+DQogICAgICAgICAgICA8UnVsZVBhcmFtZXRlciBOYW1lPSJFbmRzV2l0aCIgVmFsdWU9IiZxdW90OyIgLz4NCiAgICAgICAgICAgIDxSdWxlUGFyYW1ldGVyIE5hbWU9IkluZGV4IiBWYWx1ZT0iOCIgLz4NCiAgICAgICAgICAgIDxSdWxlUGFyYW1ldGVyIE5hbWU9Iklnbm9yZUNhc2UiIFZhbHVlPSJGYWxzZSIgLz4NCiAgICAgICAgICAgIDxSdWxlUGFyYW1ldGVyIE5hbWU9IlVzZVJlZ3VsYXJFeHByZXNzaW9uIiBWYWx1ZT0iRmFsc2UiIC8+DQogICAgICAgICAgICA8UnVsZVBhcmFtZXRlciBOYW1lPSJIdG1sRGVjb2RlIiBWYWx1ZT0iVHJ1ZSIgLz4NCiAgICAgICAgICAgIDxSdWxlUGFyYW1ldGVyIE5hbWU9IlJlcXVpcmVkIiBWYWx1ZT0iRmFsc2UiIC8+DQogICAgICAgICAgPC9SdWxlUGFyYW1ldGVycz4NCiAgICAgICAgPC9FeHRyYWN0aW9uUnVsZT4NCiAgICAgIDwvQ29ycmVsYXRpb25FeHRyYWN0aW9uUnVsZXM+DQogICAgICA8UXVlcnlTdHJpbmdQYXJhbWV0ZXJzPg0KICAgICAgICA8UXVlcnlTdHJpbmdQYXJhbWV0ZXIgTmFtZT0icGFnZSIgVmFsdWU9InhlbWhvY3BoaSIgUmVjb3JkZWRWYWx1ZT0ieGVtaG9jcGhpIiBDb3JyZWxhdGlvbkJpbmRpbmc9Int7UXVlcnlTdHJpbmdQYXJhbTE4LnBhZ2V9fSIgVXJsRW5jb2RlPSJGYWxzZSIgVXNlVG9Hcm91cFJlc3VsdHM9IkZhbHNlIiAvPg0KICAgICAgPC9RdWVyeVN0cmluZ1BhcmFtZXRlcnM+DQogICAgPC9SZXF1ZXN0Pg0KICAgIDxSZXF1ZXN0IE1ldGhvZD0iR0VUIiBHdWlkPSI0OWZlZmQyOS02NGJmLTRiMmYtODA5My03MDRmZTlhYmUwNzEiIFZlcnNpb249IjEuMSIgVXJsPSJodHRwOi8vdGhvbmd0aW5kYW90YW8uc2d1LmVkdS52bi9EZWZhdWx0LmFzcHgiIFRoaW5rVGltZT0iMiIgVGltZW91dD0iMzAwIiBQYXJzZURlcGVuZGVudFJlcXVlc3RzPSJUcnVlIiBGb2xsb3dSZWRpcmVjdHM9IlRydWUiIFJlY29yZFJlc3VsdD0iVHJ1ZSIgQ2FjaGU9IkZhbHNlIiBSZXNwb25zZVRpbWVHb2FsPSIwIiBFbmNvZGluZz0idXRmLTgiIEV4cGVjdGVkSHR0cFN0YXR1c0NvZGU9IjAiIEV4cGVjdGVkUmVzcG9uc2VVcmw9IiIgUmVwb3J0aW5nTmFtZT0iIiBJZ25vcmVIdHRwU3RhdHVzQ29kZT0iRmFsc2UiPg0KICAgICAgPEhlYWRlcnM+DQogICAgICAgIDxIZWFkZXIgTmFtZT0iUmVmZXJlciIgVmFsdWU9Imh0dHA6Ly90aG9uZ3RpbmRhb3Rhby5zZ3UuZWR1LnZuL2RlZmF1bHQuYXNweD9wYWdlPW5oYXBtYXN2JmFtcDtmbGFnPVhlbUhvY1BoaSIgLz4NCiAgICAgIDwvSGVhZGVycz4NCiAgICAgIDxRdWVyeVN0cmluZ1BhcmFtZXRlcnM+DQogICAgICAgIDxRdWVyeVN0cmluZ1BhcmFtZXRlciBOYW1lPSJwYWdlIiBWYWx1ZT0idGhvbmd0aW5zcCIgUmVjb3JkZWRWYWx1ZT0idGhvbmd0aW5zcCIgQ29ycmVsYXRpb25CaW5kaW5nPSJ7e1F1ZXJ5U3RyaW5nUGFyYW0xLnBhZ2V9fSIgVXJsRW5jb2RlPSJGYWxzZSIgVXNlVG9Hcm91cFJlc3VsdHM9IkZhbHNlIiAvPg0KICAgICAgPC9RdWVyeVN0cmluZ1BhcmFtZXRlcnM+DQogICAgPC9SZXF1ZXN0Pg0KICAgIDxSZXF1ZXN0IE1ldGhvZD0iR0VUIiBHdWlkPSI1YWUxMzFhMy04ZjU3LTRhZTUtODIzNy1iNDljYmRkMTFiMjIiIFZlcnNpb249IjEuMSIgVXJsPSJodHRwOi8vZWR1c29mdC5uZXQudm4vIiBUaGlua1RpbWU9IjAiIFRpbWVvdXQ9IjMwMCIgUGFyc2VEZXBlbmRlbnRSZXF1ZXN0cz0iVHJ1ZSIgRm9sbG93UmVkaXJlY3RzPSJUcnVlIiBSZWNvcmRSZXN1bHQ9IlRydWUiIENhY2hlPSJGYWxzZSIgUmVzcG9uc2VUaW1lR29hbD0iMCIgRW5jb2Rpbmc9InV0Zi04IiBFeHBlY3RlZEh0dHBTdGF0dXNDb2RlPSIwIiBFeHBlY3RlZFJlc3BvbnNlVXJsPSIiIFJlcG9ydGluZ05hbWU9IiIgSWdub3JlSHR0cFN0YXR1c0NvZGU9IkZhbHNlIj4NCiAgICAgIDxIZWFkZXJzPg0KICAgICAgICA8SGVhZGVyIE5hbWU9IlJlZmVyZXIiIFZhbHVlPSJodHRwOi8vdGhvbmd0aW5kYW90YW8uc2d1LmVkdS52bi9EZWZhdWx0LmFzcHg/cGFnZT10aG9uZ3RpbnNwIiAvPg0KICAgICAgPC9IZWFkZXJzPg0KICAgIDwvUmVxdWVzdD4NCiAgPC9JdGVtcz4NCiAgPFZhbGlkYXRpb25SdWxlcz4NCiAgICA8VmFsaWRhdGlvblJ1bGUgQ2xhc3NuYW1lPSJNaWNyb3NvZnQuVmlzdWFsU3R1ZGlvLlRlc3RUb29scy5XZWJUZXN0aW5nLlJ1bGVzLlZhbGlkYXRlUmVzcG9uc2VVcmwsIE1pY3Jvc29mdC5WaXN1YWxTdHVkaW8uUXVhbGl0eVRvb2xzLldlYlRlc3RGcmFtZXdvcmssIFZlcnNpb249MTAuMC4wLjAsIEN1bHR1cmU9bmV1dHJhbCwgUHVibGljS2V5VG9rZW49YjAzZjVmN2YxMWQ1MGEzYSIgRGlzcGxheU5hbWU9IlJlc3BvbnNlIFVSTCIgRGVzY3JpcHRpb249IlZhbGlkYXRlcyB0aGF0IHRoZSByZXNwb25zZSBVUkwgYWZ0ZXIgcmVkaXJlY3RzIGFyZSBmb2xsb3dlZCBpcyB0aGUgc2FtZSBhcyB0aGUgcmVjb3JkZWQgcmVzcG9uc2UgVVJMLiAgUXVlcnlTdHJpbmcgcGFyYW1ldGVycyBhcmUgaWdub3JlZC4iIExldmVsPSJMb3ciIEV4ZWN0dWlvbk9yZGVyPSJCZWZvcmVEZXBlbmRlbnRzIiAvPg0KICAgIDxWYWxpZGF0aW9uUnVsZSBDbGFzc25hbWU9Ik1pY3Jvc29mdC5WaXN1YWxTdHVkaW8uVGVzdFRvb2xzLldlYlRlc3RpbmcuUnVsZXMuVmFsaWRhdGlvblJ1bGVSZXNwb25zZVRpbWVHb2FsLCBNaWNyb3NvZnQuVmlzdWFsU3R1ZGlvLlF1YWxpdHlUb29scy5XZWJUZXN0RnJhbWV3b3JrLCBWZXJzaW9uPTEwLjAuMC4wLCBDdWx0dXJlPW5ldXRyYWwsIFB1YmxpY0tleVRva2VuPWIwM2Y1ZjdmMTFkNTBhM2EiIERpc3BsYXlOYW1lPSJSZXNwb25zZSBUaW1lIEdvYWwiIERlc2NyaXB0aW9uPSJWYWxpZGF0ZXMgdGhhdCB0aGUgcmVzcG9uc2UgdGltZSBmb3IgdGhlIHJlcXVlc3QgaXMgbGVzcyB0aGFuIG9yIGVxdWFsIHRvIHRoZSByZXNwb25zZSB0aW1lIGdvYWwgYXMgc3BlY2lmaWVkIG9uIHRoZSByZXF1ZXN0LiAgUmVzcG9uc2UgdGltZSBnb2FscyBvZiB6ZXJvIHdpbGwgYmUgaWdub3JlZC4iIExldmVsPSJMb3ciIEV4ZWN0dWlvbk9yZGVyPSJBZnRlckRlcGVuZGVudHMiPg0KICAgICAgPFJ1bGVQYXJhbWV0ZXJzPg0KICAgICAgICA8UnVsZVBhcmFtZXRlciBOYW1lPSJUb2xlcmFuY2UiIFZhbHVlPSIwIiAvPg0KICAgICAgPC9SdWxlUGFyYW1ldGVycz4NCiAgICA8L1ZhbGlkYXRpb25SdWxlPg0KICA8L1ZhbGlkYXRpb25SdWxlcz4NCjwvV2ViVGVzdD4=">
      <Execution id="ed51f27a-f4c2-4fb3-bf19-89ec316d4797" />
    </WebTest>
  </TestDefinitions>
  <TestLists>
    <TestList name="Results Not in a List" id="8c84fa94-04c1-424b-9868-57a2d4851a1d" />
    <TestList name="All Loaded Results" id="19431567-8539-422a-85d7-44ee4e166bda" />
  </TestLists>
  <TestEntries>
    <TestEntry isTransparent="false" testId="45ec0b37-3143-408e-ad12-fb1bc9039d31" executionId="ed51f27a-f4c2-4fb3-bf19-89ec316d4797" testListId="8c84fa94-04c1-424b-9868-57a2d4851a1d" />
  </TestEntries>
  <Results>
    <WebTestResult executionId="ed51f27a-f4c2-4fb3-bf19-89ec316d4797" testId="45ec0b37-3143-408e-ad12-fb1bc9039d31" testName="WebTest1" computerName="LAPTOP-A3HHO4HD" duration="00:00:01.5606337" startTime="2022-04-12T14:28:15.7524627+07:00" endTime="2022-04-12T14:28:27.9579474+07:00" testType="4e7599fa-5ecb-43e9-a887-cd63cf72d207" outcome="Failed" testListId="8c84fa94-04c1-424b-9868-57a2d4851a1d" relativeResultsDirectory="ed51f27a-f4c2-4fb3-bf19-89ec316d4797">
      <Output>
        <ErrorInfo>
          <Message>2 primary requests, 0 dependant requests and 0 conditional rules failed</Message>
        </ErrorInfo>
      </Output>
      <ResultFiles>
        <ResultFile path="WebTest1.webtestResult" />
      </ResultFiles>
      <TestSettings name="Local" id="a8e0cb6a-baa9-45ff-8db4-a9edfcb72e0f">
        <Description>These are default test settings for a local test run.</Description>
        <Execution hostProcessPlatform="MSIL">
          <TestTypeSpecific>
            <WebTestRunConfiguration testTypeId="4e7599fa-5ecb-43e9-a887-cd63cf72d207">
              <Browser name="Internet Explorer 9.0" MaxConnections="6">
                <Headers>
                  <Header name="User-Agent" value="Mozilla/5.0 (compatible; MSIE 9.0; Windows NT 6.1; Trident/5.0)" />
                  <Header name="Accept" value="*/*" />
                  <Header name="Accept-Language" value="{{$IEAcceptLanguage}}" />
                  <Header name="Accept-Encoding" value="GZIP" />
                </Headers>
              </Browser>
            </WebTestRunConfiguration>
          </TestTypeSpecific>
          <AgentRule name="Execution Agents">
          </AgentRule>
        </Execution>
        <Deployment runDeploymentRoot="Nghia_LAPTOP-A3HHO4HD 2022-04-12 14_28_15" />
        <Properties>
          <Property name="TestSettingsUIType" value="LoadTest" />
        </Properties>
      </TestSettings>
      <WebTestResultFilePath>Nghia_LAPTOP-A3HHO4HD 2022-04-12 14_28_15\In\ed51f27a-f4c2-4fb3-bf19-89ec316d4797\WebTest1.webtestResult</WebTestResultFilePath>
    </WebTestResult>
  </Results>
</TestRun>