<?xml version="1.0" encoding="UTF-8"?>
<TestRun id="67abae9b-68fe-40ab-9c3b-8e29201573de" name="Nghia@LAPTOP-A3HHO4HD 2022-04-12 13:48:13" runUser="LAPTOP-A3HHO4HD\Nghia" xmlns="http://microsoft.com/schemas/VisualStudio/TeamTest/2010">
  <TestSettings name="Local" id="a8e0cb6a-baa9-45ff-8db4-a9edfcb72e0f">
    <Description>These are default test settings for a local test run.</Description>
    <Execution hostProcessPlatform="MSIL">
      <TestTypeSpecific />
      <AgentRule name="Execution Agents">
      </AgentRule>
    </Execution>
    <Deployment runDeploymentRoot="Nghia_LAPTOP-A3HHO4HD 2022-04-12 13_48_13" />
    <Properties>
      <Property name="TestSettingsUIType" value="LoadTest" />
    </Properties>
  </TestSettings>
  <Times creation="2022-04-12T13:48:13.6923893+07:00" queuing="2022-04-12T13:48:13.9669819+07:00" start="2022-04-12T13:48:14.0507624+07:00" finish="2022-04-12T13:48:57.7803768+07:00" />
  <ResultSummary outcome="Failed">
    <Counters total="1" executed="1" error="0" failed="1" timeout="0" aborted="0" inconclusive="0" passedButRunAborted="0" notRunnable="0" notExecuted="0" disconnected="0" warning="0" passed="0" completed="0" inProgress="0" pending="0" />
  </ResultSummary>
  <TestDefinitions>
    <WebTest name="WebTest1" storage="c:\users\nghia\source\repos\webandloadtestproject2\webandloadtestproject2\webtest1.webtest" id="3f720212-d7d8-4838-8a95-c7bdc4cbb1ef" persistedWebTest="77u/PD94bWwgdmVyc2lvbj0iMS4wIiBlbmNvZGluZz0iVVRGLTgiIHN0YW5kYWxvbmU9InllcyI/Pg0KPFdlYlRlc3QgTmFtZT0iV2ViVGVzdDEiIElkPSIzZjcyMDIxMi1kN2Q4LTQ4MzgtOGE5NS1jN2JkYzRjYmIxZWYiIE93bmVyPSIiIFByaW9yaXR5PSIyMTQ3NDgzNjQ3IiBFbmFibGVkPSJUcnVlIiBDc3NQcm9qZWN0U3RydWN0dXJlPSIiIENzc0l0ZXJhdGlvbj0iIiBUaW1lb3V0PSIwIiBXb3JrSXRlbUlkcz0iIiB4bWxucz0iaHR0cDovL21pY3Jvc29mdC5jb20vc2NoZW1hcy9WaXN1YWxTdHVkaW8vVGVhbVRlc3QvMjAxMCIgRGVzY3JpcHRpb249IiIgQ3JlZGVudGlhbFVzZXJOYW1lPSIiIENyZWRlbnRpYWxQYXNzd29yZD0iIiBQcmVBdXRoZW50aWNhdGU9IlRydWUiIFByb3h5PSJkZWZhdWx0IiBTdG9wT25FcnJvcj0iRmFsc2UiIFJlY29yZGVkUmVzdWx0RmlsZT0iV2ViVGVzdDEuN2Y2YWMwYzgtNDM3NC00MmQ3LWI4NjYtZTliMzNhYjQ3MzM1LnJlYy53ZWJ0ZXN0cmVzdWx0IiBSZXN1bHRzTG9jYWxlPSIiPg0KICA8SXRlbXM+DQogICAgPFJlcXVlc3QgTWV0aG9kPSJHRVQiIEd1aWQ9IjIxZTRmMzQ0LTE5YzYtNGY0OC04OWRkLTM2YzI0YjI2MTkyYSIgVmVyc2lvbj0iMS4xIiBVcmw9Imh0dHBzOi8vYXBpLmJpbmcuY29tL3FzbWwuYXNweCIgVGhpbmtUaW1lPSIxIiBUaW1lb3V0PSIzMDAiIFBhcnNlRGVwZW5kZW50UmVxdWVzdHM9IlRydWUiIEZvbGxvd1JlZGlyZWN0cz0iVHJ1ZSIgUmVjb3JkUmVzdWx0PSJUcnVlIiBDYWNoZT0iRmFsc2UiIFJlc3BvbnNlVGltZUdvYWw9IjAiIEVuY29kaW5nPSJ1dGYtOCIgRXhwZWN0ZWRIdHRwU3RhdHVzQ29kZT0iMCIgRXhwZWN0ZWRSZXNwb25zZVVybD0iIiBSZXBvcnRpbmdOYW1lPSIiIElnbm9yZUh0dHBTdGF0dXNDb2RlPSJGYWxzZSIgLz4NCiAgICA8UmVxdWVzdCBNZXRob2Q9IkdFVCIgR3VpZD0iYjYyNDhiYzItZWYwOS00MmJjLWFlODItOGViNDAyNWIyYmE1IiBWZXJzaW9uPSIxLjEiIFVybD0iaHR0cHM6Ly9hcGkuYmluZy5jb20vcXNtbC5hc3B4IiBUaGlua1RpbWU9IjAiIFRpbWVvdXQ9IjMwMCIgUGFyc2VEZXBlbmRlbnRSZXF1ZXN0cz0iVHJ1ZSIgRm9sbG93UmVkaXJlY3RzPSJUcnVlIiBSZWNvcmRSZXN1bHQ9IlRydWUiIENhY2hlPSJGYWxzZSIgUmVzcG9uc2VUaW1lR29hbD0iMCIgRW5jb2Rpbmc9InV0Zi04IiBFeHBlY3RlZEh0dHBTdGF0dXNDb2RlPSIwIiBFeHBlY3RlZFJlc3BvbnNlVXJsPSIiIFJlcG9ydGluZ05hbWU9IiIgSWdub3JlSHR0cFN0YXR1c0NvZGU9IkZhbHNlIj4NCiAgICAgIDxDb3JyZWxhdGlvbkV4dHJhY3Rpb25SdWxlcz4NCiAgICAgICAgPEV4dHJhY3Rpb25SdWxlIENsYXNzbmFtZT0iTWljcm9zb2Z0LlZpc3VhbFN0dWRpby5UZXN0VG9vbHMuV2ViVGVzdGluZy5SdWxlcy5FeHRyYWN0VGV4dCwgTWljcm9zb2Z0LlZpc3VhbFN0dWRpby5RdWFsaXR5VG9vbHMuV2ViVGVzdEZyYW1ld29yaywgVmVyc2lvbj0xMC4wLjAuMCwgQ3VsdHVyZT1uZXV0cmFsLCBQdWJsaWNLZXlUb2tlbj1iMDNmNWY3ZjExZDUwYTNhIiBWYXJpYWJsZU5hbWU9IkZvcm1Qb3N0UGFyYW01LnpjaCIgRGlzcGxheU5hbWU9IiIgRGVzY3JpcHRpb249IiI+DQogICAgICAgICAgPFJ1bGVQYXJhbWV0ZXJzPg0KICAgICAgICAgICAgPFJ1bGVQYXJhbWV0ZXIgTmFtZT0iU3RhcnRzV2l0aCIgVmFsdWU9ImluZz0mcXVvdDsiIC8+DQogICAgICAgICAgICA8UnVsZVBhcmFtZXRlciBOYW1lPSJFbmRzV2l0aCIgVmFsdWU9IiZxdW90OyA/Jmd0OyZsdDsiIC8+DQogICAgICAgICAgICA8UnVsZVBhcmFtZXRlciBOYW1lPSJJbmRleCIgVmFsdWU9IjAiIC8+DQogICAgICAgICAgICA8UnVsZVBhcmFtZXRlciBOYW1lPSJJZ25vcmVDYXNlIiBWYWx1ZT0iRmFsc2UiIC8+DQogICAgICAgICAgICA8UnVsZVBhcmFtZXRlciBOYW1lPSJVc2VSZWd1bGFyRXhwcmVzc2lvbiIgVmFsdWU9IkZhbHNlIiAvPg0KICAgICAgICAgICAgPFJ1bGVQYXJhbWV0ZXIgTmFtZT0iSHRtbERlY29kZSIgVmFsdWU9IlRydWUiIC8+DQogICAgICAgICAgICA8UnVsZVBhcmFtZXRlciBOYW1lPSJSZXF1aXJlZCIgVmFsdWU9IkZhbHNlIiAvPg0KICAgICAgICAgIDwvUnVsZVBhcmFtZXRlcnM+DQogICAgICAgIDwvRXh0cmFjdGlvblJ1bGU+DQogICAgICAgIDxFeHRyYWN0aW9uUnVsZSBDbGFzc25hbWU9Ik1pY3Jvc29mdC5WaXN1YWxTdHVkaW8uVGVzdFRvb2xzLldlYlRlc3RpbmcuUnVsZXMuRXh0cmFjdFRleHQsIE1pY3Jvc29mdC5WaXN1YWxTdHVkaW8uUXVhbGl0eVRvb2xzLldlYlRlc3RGcmFtZXdvcmssIFZlcnNpb249MTAuMC4wLjAsIEN1bHR1cmU9bmV1dHJhbCwgUHVibGljS2V5VG9rZW49YjAzZjVmN2YxMWQ1MGEzYSIgVmFyaWFibGVOYW1lPSJGb3JtUG9zdFBhcmFtMzQuemNoIiBEaXNwbGF5TmFtZT0iIiBEZXNjcmlwdGlvbj0iIj4NCiAgICAgICAgICA8UnVsZVBhcmFtZXRlcnM+DQogICAgICAgICAgICA8UnVsZVBhcmFtZXRlciBOYW1lPSJTdGFydHNXaXRoIiBWYWx1ZT0iaW5nPSZxdW90OyIgLz4NCiAgICAgICAgICAgIDxSdWxlUGFyYW1ldGVyIE5hbWU9IkVuZHNXaXRoIiBWYWx1ZT0iJnF1b3Q7ID8mZ3Q7Jmx0OyIgLz4NCiAgICAgICAgICAgIDxSdWxlUGFyYW1ldGVyIE5hbWU9IkluZGV4IiBWYWx1ZT0iMCIgLz4NCiAgICAgICAgICAgIDxSdWxlUGFyYW1ldGVyIE5hbWU9Iklnbm9yZUNhc2UiIFZhbHVlPSJGYWxzZSIgLz4NCiAgICAgICAgICAgIDxSdWxlUGFyYW1ldGVyIE5hbWU9IlVzZVJlZ3VsYXJFeHByZXNzaW9uIiBWYWx1ZT0iRmFsc2UiIC8+DQogICAgICAgICAgICA8UnVsZVBhcmFtZXRlciBOYW1lPSJIdG1sRGVjb2RlIiBWYWx1ZT0iVHJ1ZSIgLz4NCiAgICAgICAgICAgIDxSdWxlUGFyYW1ldGVyIE5hbWU9IlJlcXVpcmVkIiBWYWx1ZT0iRmFsc2UiIC8+DQogICAgICAgICAgPC9SdWxlUGFyYW1ldGVycz4NCiAgICAgICAgPC9FeHRyYWN0aW9uUnVsZT4NCiAgICAgIDwvQ29ycmVsYXRpb25FeHRyYWN0aW9uUnVsZXM+DQogICAgICA8UXVlcnlTdHJpbmdQYXJhbWV0ZXJzPg0KICAgICAgICA8UXVlcnlTdHJpbmdQYXJhbWV0ZXIgTmFtZT0icXVlcnkiIFZhbHVlPSJ0aG9uIiBSZWNvcmRlZFZhbHVlPSJ0aG9uIiBDb3JyZWxhdGlvbkJpbmRpbmc9IiIgVXJsRW5jb2RlPSJGYWxzZSIgVXNlVG9Hcm91cFJlc3VsdHM9IkZhbHNlIiAvPg0KICAgICAgICA8UXVlcnlTdHJpbmdQYXJhbWV0ZXIgTmFtZT0ibWFya2V0IiBWYWx1ZT0iZW4tVVMiIFJlY29yZGVkVmFsdWU9ImVuLVVTIiBDb3JyZWxhdGlvbkJpbmRpbmc9IiIgVXJsRW5jb2RlPSJGYWxzZSIgVXNlVG9Hcm91cFJlc3VsdHM9IkZhbHNlIiAvPg0KICAgICAgICA8UXVlcnlTdHJpbmdQYXJhbWV0ZXIgTmFtZT0ibWF4d2lkdGgiIFZhbHVlPSIzMjc2NSIgUmVjb3JkZWRWYWx1ZT0iMzI3NjUiIENvcnJlbGF0aW9uQmluZGluZz0iIiBVcmxFbmNvZGU9IkZhbHNlIiBVc2VUb0dyb3VwUmVzdWx0cz0iRmFsc2UiIC8+DQogICAgICAgIDxRdWVyeVN0cmluZ1BhcmFtZXRlciBOYW1lPSJyb3doZWlnaHQiIFZhbHVlPSIzMSIgUmVjb3JkZWRWYWx1ZT0iMzEiIENvcnJlbGF0aW9uQmluZGluZz0iIiBVcmxFbmNvZGU9IkZhbHNlIiBVc2VUb0dyb3VwUmVzdWx0cz0iRmFsc2UiIC8+DQogICAgICAgIDxRdWVyeVN0cmluZ1BhcmFtZXRlciBOYW1lPSJzZWN0aW9uSGVpZ2h0IiBWYWx1ZT0iMjQ4IiBSZWNvcmRlZFZhbHVlPSIyNDgiIENvcnJlbGF0aW9uQmluZGluZz0iIiBVcmxFbmNvZGU9IkZhbHNlIiBVc2VUb0dyb3VwUmVzdWx0cz0iRmFsc2UiIC8+DQogICAgICAgIDxRdWVyeVN0cmluZ1BhcmFtZXRlciBOYW1lPSJGT1JNIiBWYWx1ZT0iSUVTUzRBIiBSZWNvcmRlZFZhbHVlPSJJRVNTNEEiIENvcnJlbGF0aW9uQmluZGluZz0iIiBVcmxFbmNvZGU9IkZhbHNlIiBVc2VUb0dyb3VwUmVzdWx0cz0iRmFsc2UiIC8+DQogICAgICAgIDxRdWVyeVN0cmluZ1BhcmFtZXRlciBOYW1lPSJwYyIgVmFsdWU9IkVVUFBfVUUwNCIgUmVjb3JkZWRWYWx1ZT0iRVVQUF9VRTA0IiBDb3JyZWxhdGlvbkJpbmRpbmc9IiIgVXJsRW5jb2RlPSJGYWxzZSIgVXNlVG9Hcm91cFJlc3VsdHM9IkZhbHNlIiAvPg0KICAgICAgPC9RdWVyeVN0cmluZ1BhcmFtZXRlcnM+DQogICAgPC9SZXF1ZXN0Pg0KICAgIDxSZXF1ZXN0IE1ldGhvZD0iR0VUIiBHdWlkPSJhN2FhZjZhMi0xZmI2LTRkYTQtOTBkNy1jNGRlZGU1MDdhZWYiIFZlcnNpb249IjEuMSIgVXJsPSJodHRwOi8vdGhvbmd0aW5kYW90YW8uc2d1LmVkdS52bi8iIFRoaW5rVGltZT0iMCIgVGltZW91dD0iMzAwIiBQYXJzZURlcGVuZGVudFJlcXVlc3RzPSJUcnVlIiBGb2xsb3dSZWRpcmVjdHM9IlRydWUiIFJlY29yZFJlc3VsdD0iVHJ1ZSIgQ2FjaGU9IkZhbHNlIiBSZXNwb25zZVRpbWVHb2FsPSIwIiBFbmNvZGluZz0idXRmLTgiIEV4cGVjdGVkSHR0cFN0YXR1c0NvZGU9IjAiIEV4cGVjdGVkUmVzcG9uc2VVcmw9IiIgUmVwb3J0aW5nTmFtZT0iIiBJZ25vcmVIdHRwU3RhdHVzQ29kZT0iRmFsc2UiPg0KICAgICAgPERlcGVuZGVudFJlcXVlc3RzPg0KICAgICAgICA8UmVxdWVzdCBNZXRob2Q9IlBPU1QiIEd1aWQ9Ijg2ZDU3YzA2LWFhZjktNGZhYy05ZDUyLWE4OWFiMWJiMjg1NyIgVmVyc2lvbj0iMS4xIiBVcmw9Imh0dHBzOi8vemEuemFsby5tZS92My93L3QiIFRoaW5rVGltZT0iMiIgVGltZW91dD0iMzAwIiBQYXJzZURlcGVuZGVudFJlcXVlc3RzPSJUcnVlIiBGb2xsb3dSZWRpcmVjdHM9IlRydWUiIFJlY29yZFJlc3VsdD0iVHJ1ZSIgQ2FjaGU9IkZhbHNlIiBSZXNwb25zZVRpbWVHb2FsPSIwIiBFbmNvZGluZz0idXRmLTgiIEV4cGVjdGVkSHR0cFN0YXR1c0NvZGU9IjAiIEV4cGVjdGVkUmVzcG9uc2VVcmw9IiIgUmVwb3J0aW5nTmFtZT0iIiBJZ25vcmVIdHRwU3RhdHVzQ29kZT0iRmFsc2UiPg0KICAgICAgICAgIDxIZWFkZXJzPg0KICAgICAgICAgICAgPEhlYWRlciBOYW1lPSJSZWZlcmVyIiBWYWx1ZT0iaHR0cDovL3Rob25ndGluZGFvdGFvLnNndS5lZHUudm4vIiAvPg0KICAgICAgICAgIDwvSGVhZGVycz4NCiAgICAgICAgICA8Rm9ybVBvc3RIdHRwQm9keT4NCiAgICAgICAgICAgIDxGb3JtUG9zdFBhcmFtZXRlciBOYW1lPSJ6bCIgVmFsdWU9Imh0dHA6Ly90aG9uZ3RpbmRhb3Rhby5zZ3UuZWR1LnZuLyIgUmVjb3JkZWRWYWx1ZT0iaHR0cDovL3Rob25ndGluZGFvdGFvLnNndS5lZHUudm4vIiBDb3JyZWxhdGlvbkJpbmRpbmc9IiIgVXJsRW5jb2RlPSJUcnVlIiAvPg0KICAgICAgICAgICAgPEZvcm1Qb3N0UGFyYW1ldGVyIE5hbWU9InpyZiIgVmFsdWU9IiIgUmVjb3JkZWRWYWx1ZT0iIiBDb3JyZWxhdGlvbkJpbmRpbmc9IiIgVXJsRW5jb2RlPSJUcnVlIiAvPg0KICAgICAgICAgICAgPEZvcm1Qb3N0UGFyYW1ldGVyIE5hbWU9InpjaCIgVmFsdWU9InV0Zi04IiBSZWNvcmRlZFZhbHVlPSJ1dGYtOCIgQ29ycmVsYXRpb25CaW5kaW5nPSJ7e0Zvcm1Qb3N0UGFyYW01LnpjaH19IiBVcmxFbmNvZGU9IlRydWUiIC8+DQogICAgICAgICAgICA8Rm9ybVBvc3RQYXJhbWV0ZXIgTmFtZT0ienRzIiBWYWx1ZT0iMTY0OTc0NTk1MDEwMiIgUmVjb3JkZWRWYWx1ZT0iMTY0OTc0NTk1MDEwMiIgQ29ycmVsYXRpb25CaW5kaW5nPSIiIFVybEVuY29kZT0iVHJ1ZSIgLz4NCiAgICAgICAgICAgIDxGb3JtUG9zdFBhcmFtZXRlciBOYW1lPSJ6b3MiIFZhbHVlPSJXaW5kb3dzIiBSZWNvcmRlZFZhbHVlPSJXaW5kb3dzIiBDb3JyZWxhdGlvbkJpbmRpbmc9IiIgVXJsRW5jb2RlPSJUcnVlIiAvPg0KICAgICAgICAgICAgPEZvcm1Qb3N0UGFyYW1ldGVyIE5hbWU9InpsYSIgVmFsdWU9ImVuLVVTLCIgUmVjb3JkZWRWYWx1ZT0iZW4tVVMsIiBDb3JyZWxhdGlvbkJpbmRpbmc9IiIgVXJsRW5jb2RlPSJUcnVlIiAvPg0KICAgICAgICAgICAgPEZvcm1Qb3N0UGFyYW1ldGVyIE5hbWU9Il9femkiIFZhbHVlPSIyMDAwLlNTWnplanlEMnphLW5Fa1h0bXFPcXNkNmx4LUgwbTJIRFRJcmVPRDE0ZVNkcy1rZ1ltSFNaWVZNeEFVMDBYTUE4ajZmZU84MjU4dVhyQWNXLjEiIFJlY29yZGVkVmFsdWU9IjIwMDAuU1NaemVqeUQyemEtbkVrWHRtcU9xc2Q2bHgtSDBtMkhEVElyZU9EMTRlU2RzLWtnWW1IU1pZVk14QVUwMFhNQThqNmZlTzgyNTh1WHJBY1cuMSIgQ29ycmVsYXRpb25CaW5kaW5nPSIiIFVybEVuY29kZT0iVHJ1ZSIgLz4NCiAgICAgICAgICAgIDxGb3JtUG9zdFBhcmFtZXRlciBOYW1lPSJ2IiBWYWx1ZT0iMjIwMTEwMTYwMyIgUmVjb3JkZWRWYWx1ZT0iMjIwMTEwMTYwMyIgQ29ycmVsYXRpb25CaW5kaW5nPSIiIFVybEVuY29kZT0iVHJ1ZSIgLz4NCiAgICAgICAgICAgIDxGb3JtUG9zdFBhcmFtZXRlciBOYW1lPSJpbmNvZyIgVmFsdWU9ImZhbHNlIiBSZWNvcmRlZFZhbHVlPSJmYWxzZSIgQ29ycmVsYXRpb25CaW5kaW5nPSIiIFVybEVuY29kZT0iVHJ1ZSIgLz4NCiAgICAgICAgICAgIDxGb3JtUG9zdFBhcmFtZXRlciBOYW1lPSJ6YWN0IiBWYWx1ZT0icHYiIFJlY29yZGVkVmFsdWU9InB2IiBDb3JyZWxhdGlvbkJpbmRpbmc9IiIgVXJsRW5jb2RlPSJUcnVlIiAvPg0KICAgICAgICAgICAgPEZvcm1Qb3N0UGFyYW1ldGVyIE5hbWU9Il96YXBwIiBWYWx1ZT0ibnVsbCIgUmVjb3JkZWRWYWx1ZT0ibnVsbCIgQ29ycmVsYXRpb25CaW5kaW5nPSIiIFVybEVuY29kZT0iVHJ1ZSIgLz4NCiAgICAgICAgICAgIDxGb3JtUG9zdFBhcmFtZXRlciBOYW1lPSJfemlkbmJhaWQiIFZhbHVlPSJudWxsIiBSZWNvcmRlZFZhbHVlPSJudWxsIiBDb3JyZWxhdGlvbkJpbmRpbmc9IiIgVXJsRW5jb2RlPSJUcnVlIiAvPg0KICAgICAgICAgIDwvRm9ybVBvc3RIdHRwQm9keT4NCiAgICAgICAgPC9SZXF1ZXN0Pg0KICAgICAgPC9EZXBlbmRlbnRSZXF1ZXN0cz4NCiAgICAgIDxDb3JyZWxhdGlvbkV4dHJhY3Rpb25SdWxlcz4NCiAgICAgICAgPEV4dHJhY3Rpb25SdWxlIENsYXNzbmFtZT0iTWljcm9zb2Z0LlZpc3VhbFN0dWRpby5UZXN0VG9vbHMuV2ViVGVzdGluZy5SdWxlcy5FeHRyYWN0VGV4dCwgTWljcm9zb2Z0LlZpc3VhbFN0dWRpby5RdWFsaXR5VG9vbHMuV2ViVGVzdEZyYW1ld29yaywgVmVyc2lvbj0xMC4wLjAuMCwgQ3VsdHVyZT1uZXV0cmFsLCBQdWJsaWNLZXlUb2tlbj1iMDNmNWY3ZjExZDUwYTNhIiBWYXJpYWJsZU5hbWU9IlF1ZXJ5U3RyaW5nUGFyYW05LnBhZ2UiIERpc3BsYXlOYW1lPSIiIERlc2NyaXB0aW9uPSIiPg0KICAgICAgICAgIDxSdWxlUGFyYW1ldGVycz4NCiAgICAgICAgICAgIDxSdWxlUGFyYW1ldGVyIE5hbWU9IlN0YXJ0c1dpdGgiIFZhbHVlPSI/cGFnZT0iIC8+DQogICAgICAgICAgICA8UnVsZVBhcmFtZXRlciBOYW1lPSJFbmRzV2l0aCIgVmFsdWU9IiZxdW90OyIgLz4NCiAgICAgICAgICAgIDxSdWxlUGFyYW1ldGVyIE5hbWU9IkluZGV4IiBWYWx1ZT0iMiIgLz4NCiAgICAgICAgICAgIDxSdWxlUGFyYW1ldGVyIE5hbWU9Iklnbm9yZUNhc2UiIFZhbHVlPSJGYWxzZSIgLz4NCiAgICAgICAgICAgIDxSdWxlUGFyYW1ldGVyIE5hbWU9IlVzZVJlZ3VsYXJFeHByZXNzaW9uIiBWYWx1ZT0iRmFsc2UiIC8+DQogICAgICAgICAgICA8UnVsZVBhcmFtZXRlciBOYW1lPSJIdG1sRGVjb2RlIiBWYWx1ZT0iVHJ1ZSIgLz4NCiAgICAgICAgICAgIDxSdWxlUGFyYW1ldGVyIE5hbWU9IlJlcXVpcmVkIiBWYWx1ZT0iRmFsc2UiIC8+DQogICAgICAgICAgPC9SdWxlUGFyYW1ldGVycz4NCiAgICAgICAgPC9FeHRyYWN0aW9uUnVsZT4NCiAgICAgIDwvQ29ycmVsYXRpb25FeHRyYWN0aW9uUnVsZXM+DQogICAgPC9SZXF1ZXN0Pg0KICAgIDxSZXF1ZXN0IE1ldGhvZD0iR0VUIiBHdWlkPSI2MzMzYmMzMi1iMjE0LTQxYTUtYmZmYy0yYzIyMzQ1YzlhNDgiIFZlcnNpb249IjEuMSIgVXJsPSJodHRwOi8vdGhvbmd0aW5kYW90YW8uc2d1LmVkdS52bi9EZWZhdWx0LmFzcHgiIFRoaW5rVGltZT0iMSIgVGltZW91dD0iMzAwIiBQYXJzZURlcGVuZGVudFJlcXVlc3RzPSJUcnVlIiBGb2xsb3dSZWRpcmVjdHM9IlRydWUiIFJlY29yZFJlc3VsdD0iVHJ1ZSIgQ2FjaGU9IkZhbHNlIiBSZXNwb25zZVRpbWVHb2FsPSIwIiBFbmNvZGluZz0idXRmLTgiIEV4cGVjdGVkSHR0cFN0YXR1c0NvZGU9IjAiIEV4cGVjdGVkUmVzcG9uc2VVcmw9Imh0dHA6Ly90aG9uZ3RpbmRhb3Rhby5zZ3UuZWR1LnZuL2RlZmF1bHQuYXNweD9wYWdlPW5oYXBtYXN2JmFtcDtmbGFnPVRob2lLaG9hQmlldSIgUmVwb3J0aW5nTmFtZT0iIiBJZ25vcmVIdHRwU3RhdHVzQ29kZT0iRmFsc2UiPg0KICAgICAgPEhlYWRlcnM+DQogICAgICAgIDxIZWFkZXIgTmFtZT0iUmVmZXJlciIgVmFsdWU9Imh0dHA6Ly90aG9uZ3RpbmRhb3Rhby5zZ3UuZWR1LnZuLyIgLz4NCiAgICAgIDwvSGVhZGVycz4NCiAgICAgIDxFeHRyYWN0aW9uUnVsZXM+DQogICAgICAgIDxFeHRyYWN0aW9uUnVsZSBDbGFzc25hbWU9Ik1pY3Jvc29mdC5WaXN1YWxTdHVkaW8uVGVzdFRvb2xzLldlYlRlc3RpbmcuUnVsZXMuRXh0cmFjdEhpZGRlbkZpZWxkcywgTWljcm9zb2Z0LlZpc3VhbFN0dWRpby5RdWFsaXR5VG9vbHMuV2ViVGVzdEZyYW1ld29yaywgVmVyc2lvbj0xMC4wLjAuMCwgQ3VsdHVyZT1uZXV0cmFsLCBQdWJsaWNLZXlUb2tlbj1iMDNmNWY3ZjExZDUwYTNhIiBWYXJpYWJsZU5hbWU9IjEiIERpc3BsYXlOYW1lPSJFeHRyYWN0IEhpZGRlbiBGaWVsZHMiIERlc2NyaXB0aW9uPSJFeHRyYWN0IGFsbCBoaWRkZW4gZmllbGRzIGZyb20gdGhlIHJlc3BvbnNlIGFuZCBwbGFjZSB0aGVtIGludG8gdGhlIHRlc3QgY29udGV4dC4iPg0KICAgICAgICAgIDxSdWxlUGFyYW1ldGVycz4NCiAgICAgICAgICAgIDxSdWxlUGFyYW1ldGVyIE5hbWU9IlJlcXVpcmVkIiBWYWx1ZT0iVHJ1ZSIgLz4NCiAgICAgICAgICAgIDxSdWxlUGFyYW1ldGVyIE5hbWU9Ikh0bWxEZWNvZGUiIFZhbHVlPSJUcnVlIiAvPg0KICAgICAgICAgIDwvUnVsZVBhcmFtZXRlcnM+DQogICAgICAgIDwvRXh0cmFjdGlvblJ1bGU+DQogICAgICA8L0V4dHJhY3Rpb25SdWxlcz4NCiAgICAgIDxDb3JyZWxhdGlvbkV4dHJhY3Rpb25SdWxlcz4NCiAgICAgICAgPEV4dHJhY3Rpb25SdWxlIENsYXNzbmFtZT0iTWljcm9zb2Z0LlZpc3VhbFN0dWRpby5UZXN0VG9vbHMuV2ViVGVzdGluZy5SdWxlcy5FeHRyYWN0VGV4dCwgTWljcm9zb2Z0LlZpc3VhbFN0dWRpby5RdWFsaXR5VG9vbHMuV2ViVGVzdEZyYW1ld29yaywgVmVyc2lvbj0xMC4wLjAuMCwgQ3VsdHVyZT1uZXV0cmFsLCBQdWJsaWNLZXlUb2tlbj1iMDNmNWY3ZjExZDUwYTNhIiBWYXJpYWJsZU5hbWU9IlF1ZXJ5U3RyaW5nUGFyYW03LnBhZ2UiIERpc3BsYXlOYW1lPSIiIERlc2NyaXB0aW9uPSIiPg0KICAgICAgICAgIDxSdWxlUGFyYW1ldGVycz4NCiAgICAgICAgICAgIDxSdWxlUGFyYW1ldGVyIE5hbWU9IlN0YXJ0c1dpdGgiIFZhbHVlPSI/cGFnZT0iIC8+DQogICAgICAgICAgICA8UnVsZVBhcmFtZXRlciBOYW1lPSJFbmRzV2l0aCIgVmFsdWU9IiZhbXA7IiAvPg0KICAgICAgICAgICAgPFJ1bGVQYXJhbWV0ZXIgTmFtZT0iSW5kZXgiIFZhbHVlPSIwIiAvPg0KICAgICAgICAgICAgPFJ1bGVQYXJhbWV0ZXIgTmFtZT0iSWdub3JlQ2FzZSIgVmFsdWU9IkZhbHNlIiAvPg0KICAgICAgICAgICAgPFJ1bGVQYXJhbWV0ZXIgTmFtZT0iVXNlUmVndWxhckV4cHJlc3Npb24iIFZhbHVlPSJGYWxzZSIgLz4NCiAgICAgICAgICAgIDxSdWxlUGFyYW1ldGVyIE5hbWU9Ikh0bWxEZWNvZGUiIFZhbHVlPSJUcnVlIiAvPg0KICAgICAgICAgICAgPFJ1bGVQYXJhbWV0ZXIgTmFtZT0iUmVxdWlyZWQiIFZhbHVlPSJGYWxzZSIgLz4NCiAgICAgICAgICA8L1J1bGVQYXJhbWV0ZXJzPg0KICAgICAgICA8L0V4dHJhY3Rpb25SdWxlPg0KICAgICAgICA8RXh0cmFjdGlvblJ1bGUgQ2xhc3NuYW1lPSJNaWNyb3NvZnQuVmlzdWFsU3R1ZGlvLlRlc3RUb29scy5XZWJUZXN0aW5nLlJ1bGVzLkV4dHJhY3RUZXh0LCBNaWNyb3NvZnQuVmlzdWFsU3R1ZGlvLlF1YWxpdHlUb29scy5XZWJUZXN0RnJhbWV3b3JrLCBWZXJzaW9uPTEwLjAuMC4wLCBDdWx0dXJlPW5ldXRyYWwsIFB1YmxpY0tleVRva2VuPWIwM2Y1ZjdmMTFkNTBhM2EiIFZhcmlhYmxlTmFtZT0iUXVlcnlTdHJpbmdQYXJhbTguZmxhZyIgRGlzcGxheU5hbWU9IiIgRGVzY3JpcHRpb249IiI+DQogICAgICAgICAgPFJ1bGVQYXJhbWV0ZXJzPg0KICAgICAgICAgICAgPFJ1bGVQYXJhbWV0ZXIgTmFtZT0iU3RhcnRzV2l0aCIgVmFsdWU9IiZhbXA7YW1wO2ZsYWc9IiAvPg0KICAgICAgICAgICAgPFJ1bGVQYXJhbWV0ZXIgTmFtZT0iRW5kc1dpdGgiIFZhbHVlPSImcXVvdDsiIC8+DQogICAgICAgICAgICA8UnVsZVBhcmFtZXRlciBOYW1lPSJJbmRleCIgVmFsdWU9IjAiIC8+DQogICAgICAgICAgICA8UnVsZVBhcmFtZXRlciBOYW1lPSJJZ25vcmVDYXNlIiBWYWx1ZT0iRmFsc2UiIC8+DQogICAgICAgICAgICA8UnVsZVBhcmFtZXRlciBOYW1lPSJVc2VSZWd1bGFyRXhwcmVzc2lvbiIgVmFsdWU9IkZhbHNlIiAvPg0KICAgICAgICAgICAgPFJ1bGVQYXJhbWV0ZXIgTmFtZT0iSHRtbERlY29kZSIgVmFsdWU9IlRydWUiIC8+DQogICAgICAgICAgICA8UnVsZVBhcmFtZXRlciBOYW1lPSJSZXF1aXJlZCIgVmFsdWU9IkZhbHNlIiAvPg0KICAgICAgICAgIDwvUnVsZVBhcmFtZXRlcnM+DQogICAgICAgIDwvRXh0cmFjdGlvblJ1bGU+DQogICAgICAgIDxFeHRyYWN0aW9uUnVsZSBDbGFzc25hbWU9Ik1pY3Jvc29mdC5WaXN1YWxTdHVkaW8uVGVzdFRvb2xzLldlYlRlc3RpbmcuUnVsZXMuRXh0cmFjdEZvcm1GaWVsZCwgTWljcm9zb2Z0LlZpc3VhbFN0dWRpby5RdWFsaXR5VG9vbHMuV2ViVGVzdEZyYW1ld29yaywgVmVyc2lvbj0xMC4wLjAuMCwgQ3VsdHVyZT1uZXV0cmFsLCBQdWJsaWNLZXlUb2tlbj1iMDNmNWY3ZjExZDUwYTNhIiBWYXJpYWJsZU5hbWU9IkZvcm1Qb3N0UGFyYW00LmN0bDAwJENvbnRlbnRQbGFjZUhvbGRlcjEkY3RsMDAkcmFkaW8iIERpc3BsYXlOYW1lPSIiIERlc2NyaXB0aW9uPSIiPg0KICAgICAgICAgIDxSdWxlUGFyYW1ldGVycz4NCiAgICAgICAgICAgIDxSdWxlUGFyYW1ldGVyIE5hbWU9Ik5hbWUiIFZhbHVlPSJjdGwwMF9Db250ZW50UGxhY2VIb2xkZXIxX2N0bDAwX3JhZGlvTWFTViIgLz4NCiAgICAgICAgICAgIDxSdWxlUGFyYW1ldGVyIE5hbWU9Ikh0bWxEZWNvZGUiIFZhbHVlPSJUcnVlIiAvPg0KICAgICAgICAgICAgPFJ1bGVQYXJhbWV0ZXIgTmFtZT0iUmVxdWlyZWQiIFZhbHVlPSJGYWxzZSIgLz4NCiAgICAgICAgICAgIDxSdWxlUGFyYW1ldGVyIE5hbWU9IkluZGV4IiBWYWx1ZT0iMSIgLz4NCiAgICAgICAgICA8L1J1bGVQYXJhbWV0ZXJzPg0KICAgICAgICA8L0V4dHJhY3Rpb25SdWxlPg0KICAgICAgICA8RXh0cmFjdGlvblJ1bGUgQ2xhc3NuYW1lPSJNaWNyb3NvZnQuVmlzdWFsU3R1ZGlvLlRlc3RUb29scy5XZWJUZXN0aW5nLlJ1bGVzLkV4dHJhY3RUZXh0LCBNaWNyb3NvZnQuVmlzdWFsU3R1ZGlvLlF1YWxpdHlUb29scy5XZWJUZXN0RnJhbWV3b3JrLCBWZXJzaW9uPTEwLjAuMC4wLCBDdWx0dXJlPW5ldXRyYWwsIFB1YmxpY0tleVRva2VuPWIwM2Y1ZjdmMTFkNTBhM2EiIFZhcmlhYmxlTmFtZT0iUXVlcnlTdHJpbmdQYXJhbTE3LnBhZ2UiIERpc3BsYXlOYW1lPSIiIERlc2NyaXB0aW9uPSIiPg0KICAgICAgICAgIDxSdWxlUGFyYW1ldGVycz4NCiAgICAgICAgICAgIDxSdWxlUGFyYW1ldGVyIE5hbWU9IlN0YXJ0c1dpdGgiIFZhbHVlPSI/cGFnZT0iIC8+DQogICAgICAgICAgICA8UnVsZVBhcmFtZXRlciBOYW1lPSJFbmRzV2l0aCIgVmFsdWU9IiZhbXA7IiAvPg0KICAgICAgICAgICAgPFJ1bGVQYXJhbWV0ZXIgTmFtZT0iSW5kZXgiIFZhbHVlPSIwIiAvPg0KICAgICAgICAgICAgPFJ1bGVQYXJhbWV0ZXIgTmFtZT0iSWdub3JlQ2FzZSIgVmFsdWU9IkZhbHNlIiAvPg0KICAgICAgICAgICAgPFJ1bGVQYXJhbWV0ZXIgTmFtZT0iVXNlUmVndWxhckV4cHJlc3Npb24iIFZhbHVlPSJGYWxzZSIgLz4NCiAgICAgICAgICAgIDxSdWxlUGFyYW1ldGVyIE5hbWU9Ikh0bWxEZWNvZGUiIFZhbHVlPSJUcnVlIiAvPg0KICAgICAgICAgICAgPFJ1bGVQYXJhbWV0ZXIgTmFtZT0iUmVxdWlyZWQiIFZhbHVlPSJGYWxzZSIgLz4NCiAgICAgICAgICA8L1J1bGVQYXJhbWV0ZXJzPg0KICAgICAgICA8L0V4dHJhY3Rpb25SdWxlPg0KICAgICAgICA8RXh0cmFjdGlvblJ1bGUgQ2xhc3NuYW1lPSJNaWNyb3NvZnQuVmlzdWFsU3R1ZGlvLlRlc3RUb29scy5XZWJUZXN0aW5nLlJ1bGVzLkV4dHJhY3RUZXh0LCBNaWNyb3NvZnQuVmlzdWFsU3R1ZGlvLlF1YWxpdHlUb29scy5XZWJUZXN0RnJhbWV3b3JrLCBWZXJzaW9uPTEwLjAuMC4wLCBDdWx0dXJlPW5ldXRyYWwsIFB1YmxpY0tleVRva2VuPWIwM2Y1ZjdmMTFkNTBhM2EiIFZhcmlhYmxlTmFtZT0iUXVlcnlTdHJpbmdQYXJhbTE4LmZsYWciIERpc3BsYXlOYW1lPSIiIERlc2NyaXB0aW9uPSIiPg0KICAgICAgICAgIDxSdWxlUGFyYW1ldGVycz4NCiAgICAgICAgICAgIDxSdWxlUGFyYW1ldGVyIE5hbWU9IlN0YXJ0c1dpdGgiIFZhbHVlPSImYW1wO2FtcDtmbGFnPSIgLz4NCiAgICAgICAgICAgIDxSdWxlUGFyYW1ldGVyIE5hbWU9IkVuZHNXaXRoIiBWYWx1ZT0iJnF1b3Q7IiAvPg0KICAgICAgICAgICAgPFJ1bGVQYXJhbWV0ZXIgTmFtZT0iSW5kZXgiIFZhbHVlPSIwIiAvPg0KICAgICAgICAgICAgPFJ1bGVQYXJhbWV0ZXIgTmFtZT0iSWdub3JlQ2FzZSIgVmFsdWU9IkZhbHNlIiAvPg0KICAgICAgICAgICAgPFJ1bGVQYXJhbWV0ZXIgTmFtZT0iVXNlUmVndWxhckV4cHJlc3Npb24iIFZhbHVlPSJGYWxzZSIgLz4NCiAgICAgICAgICAgIDxSdWxlUGFyYW1ldGVyIE5hbWU9Ikh0bWxEZWNvZGUiIFZhbHVlPSJUcnVlIiAvPg0KICAgICAgICAgICAgPFJ1bGVQYXJhbWV0ZXIgTmFtZT0iUmVxdWlyZWQiIFZhbHVlPSJGYWxzZSIgLz4NCiAgICAgICAgICA8L1J1bGVQYXJhbWV0ZXJzPg0KICAgICAgICA8L0V4dHJhY3Rpb25SdWxlPg0KICAgICAgICA8RXh0cmFjdGlvblJ1bGUgQ2xhc3NuYW1lPSJNaWNyb3NvZnQuVmlzdWFsU3R1ZGlvLlRlc3RUb29scy5XZWJUZXN0aW5nLlJ1bGVzLkV4dHJhY3RGb3JtRmllbGQsIE1pY3Jvc29mdC5WaXN1YWxTdHVkaW8uUXVhbGl0eVRvb2xzLldlYlRlc3RGcmFtZXdvcmssIFZlcnNpb249MTAuMC4wLjAsIEN1bHR1cmU9bmV1dHJhbCwgUHVibGljS2V5VG9rZW49YjAzZjVmN2YxMWQ1MGEzYSIgVmFyaWFibGVOYW1lPSJGb3JtUG9zdFBhcmFtNi5jdGwwMCRDb250ZW50UGxhY2VIb2xkZXIxJGN0bDAwJHJhZGlvIiBEaXNwbGF5TmFtZT0iIiBEZXNjcmlwdGlvbj0iIj4NCiAgICAgICAgICA8UnVsZVBhcmFtZXRlcnM+DQogICAgICAgICAgICA8UnVsZVBhcmFtZXRlciBOYW1lPSJOYW1lIiBWYWx1ZT0iY3RsMDBfQ29udGVudFBsYWNlSG9sZGVyMV9jdGwwMF9yYWRpb01hU1YiIC8+DQogICAgICAgICAgICA8UnVsZVBhcmFtZXRlciBOYW1lPSJIdG1sRGVjb2RlIiBWYWx1ZT0iVHJ1ZSIgLz4NCiAgICAgICAgICAgIDxSdWxlUGFyYW1ldGVyIE5hbWU9IlJlcXVpcmVkIiBWYWx1ZT0iRmFsc2UiIC8+DQogICAgICAgICAgICA8UnVsZVBhcmFtZXRlciBOYW1lPSJJbmRleCIgVmFsdWU9IjEiIC8+DQogICAgICAgICAgPC9SdWxlUGFyYW1ldGVycz4NCiAgICAgICAgPC9FeHRyYWN0aW9uUnVsZT4NCiAgICAgIDwvQ29ycmVsYXRpb25FeHRyYWN0aW9uUnVsZXM+DQogICAgICA8UXVlcnlTdHJpbmdQYXJhbWV0ZXJzPg0KICAgICAgICA8UXVlcnlTdHJpbmdQYXJhbWV0ZXIgTmFtZT0icGFnZSIgVmFsdWU9InRob2lraG9hYmlldSIgUmVjb3JkZWRWYWx1ZT0idGhvaWtob2FiaWV1IiBDb3JyZWxhdGlvbkJpbmRpbmc9Int7UXVlcnlTdHJpbmdQYXJhbTkucGFnZX19IiBVcmxFbmNvZGU9IkZhbHNlIiBVc2VUb0dyb3VwUmVzdWx0cz0iRmFsc2UiIC8+DQogICAgICA8L1F1ZXJ5U3RyaW5nUGFyYW1ldGVycz4NCiAgICA8L1JlcXVlc3Q+DQogICAgPFJlcXVlc3QgTWV0aG9kPSJHRVQiIEd1aWQ9IjA0Y2UyZDljLWRjN2UtNGE2ZS04YmI4LTYwYjc3YTU1YTc4MCIgVmVyc2lvbj0iMS4xIiBVcmw9Imh0dHA6Ly90aG9uZ3RpbmRhb3Rhby5zZ3UuZWR1LnZuL2RlZmF1bHQuYXNweCIgVGhpbmtUaW1lPSIwIiBUaW1lb3V0PSIzMDAiIFBhcnNlRGVwZW5kZW50UmVxdWVzdHM9IlRydWUiIEZvbGxvd1JlZGlyZWN0cz0iVHJ1ZSIgUmVjb3JkUmVzdWx0PSJUcnVlIiBDYWNoZT0iRmFsc2UiIFJlc3BvbnNlVGltZUdvYWw9IjAiIEVuY29kaW5nPSJ1dGYtOCIgRXhwZWN0ZWRIdHRwU3RhdHVzQ29kZT0iMCIgRXhwZWN0ZWRSZXNwb25zZVVybD0iIiBSZXBvcnRpbmdOYW1lPSIiIElnbm9yZUh0dHBTdGF0dXNDb2RlPSJGYWxzZSI+DQogICAgICA8RGVwZW5kZW50UmVxdWVzdHM+DQogICAgICAgIDxSZXF1ZXN0IE1ldGhvZD0iUE9TVCIgR3VpZD0iNTZiMjY1ZWYtY2MyMS00OGQ3LWIyZmItMTY2OTA3M2Q3NGJkIiBWZXJzaW9uPSIxLjEiIFVybD0iaHR0cDovL3Rob25ndGluZGFvdGFvLnNndS5lZHUudm4vZGVmYXVsdC5hc3B4IiBUaGlua1RpbWU9IjUiIFRpbWVvdXQ9IjMwMCIgUGFyc2VEZXBlbmRlbnRSZXF1ZXN0cz0iVHJ1ZSIgRm9sbG93UmVkaXJlY3RzPSJUcnVlIiBSZWNvcmRSZXN1bHQ9IlRydWUiIENhY2hlPSJGYWxzZSIgUmVzcG9uc2VUaW1lR29hbD0iMCIgRW5jb2Rpbmc9InV0Zi04IiBFeHBlY3RlZEh0dHBTdGF0dXNDb2RlPSIwIiBFeHBlY3RlZFJlc3BvbnNlVXJsPSIiIFJlcG9ydGluZ05hbWU9IiIgSWdub3JlSHR0cFN0YXR1c0NvZGU9IkZhbHNlIj4NCiAgICAgICAgICA8SGVhZGVycz4NCiAgICAgICAgICAgIDxIZWFkZXIgTmFtZT0iUmVmZXJlciIgVmFsdWU9Imh0dHA6Ly90aG9uZ3RpbmRhb3Rhby5zZ3UuZWR1LnZuL2RlZmF1bHQuYXNweD9wYWdlPW5oYXBtYXN2JmFtcDtmbGFnPVRob2lLaG9hQmlldSIgLz4NCiAgICAgICAgICA8L0hlYWRlcnM+DQogICAgICAgICAgPEV4dHJhY3Rpb25SdWxlcz4NCiAgICAgICAgICAgIDxFeHRyYWN0aW9uUnVsZSBDbGFzc25hbWU9Ik1pY3Jvc29mdC5WaXN1YWxTdHVkaW8uVGVzdFRvb2xzLldlYlRlc3RpbmcuUnVsZXMuRXh0cmFjdEhpZGRlbkZpZWxkcywgTWljcm9zb2Z0LlZpc3VhbFN0dWRpby5RdWFsaXR5VG9vbHMuV2ViVGVzdEZyYW1ld29yaywgVmVyc2lvbj0xMC4wLjAuMCwgQ3VsdHVyZT1uZXV0cmFsLCBQdWJsaWNLZXlUb2tlbj1iMDNmNWY3ZjExZDUwYTNhIiBWYXJpYWJsZU5hbWU9IjEiIERpc3BsYXlOYW1lPSJFeHRyYWN0IEhpZGRlbiBGaWVsZHMiIERlc2NyaXB0aW9uPSJFeHRyYWN0IGFsbCBoaWRkZW4gZmllbGRzIGZyb20gdGhlIHJlc3BvbnNlIGFuZCBwbGFjZSB0aGVtIGludG8gdGhlIHRlc3QgY29udGV4dC4iPg0KICAgICAgICAgICAgICA8UnVsZVBhcmFtZXRlcnM+DQogICAgICAgICAgICAgICAgPFJ1bGVQYXJhbWV0ZXIgTmFtZT0iUmVxdWlyZWQiIFZhbHVlPSJUcnVlIiAvPg0KICAgICAgICAgICAgICAgIDxSdWxlUGFyYW1ldGVyIE5hbWU9Ikh0bWxEZWNvZGUiIFZhbHVlPSJUcnVlIiAvPg0KICAgICAgICAgICAgICA8L1J1bGVQYXJhbWV0ZXJzPg0KICAgICAgICAgICAgPC9FeHRyYWN0aW9uUnVsZT4NCiAgICAgICAgICA8L0V4dHJhY3Rpb25SdWxlcz4NCiAgICAgICAgICA8Q29ycmVsYXRpb25FeHRyYWN0aW9uUnVsZXM+DQogICAgICAgICAgICA8RXh0cmFjdGlvblJ1bGUgQ2xhc3NuYW1lPSJNaWNyb3NvZnQuVmlzdWFsU3R1ZGlvLlRlc3RUb29scy5XZWJUZXN0aW5nLlJ1bGVzLkV4dHJhY3RUZXh0LCBNaWNyb3NvZnQuVmlzdWFsU3R1ZGlvLlF1YWxpdHlUb29scy5XZWJUZXN0RnJhbWV3b3JrLCBWZXJzaW9uPTEwLjAuMC4wLCBDdWx0dXJlPW5ldXRyYWwsIFB1YmxpY0tleVRva2VuPWIwM2Y1ZjdmMTFkNTBhM2EiIFZhcmlhYmxlTmFtZT0iUXVlcnlTdHJpbmdQYXJhbTE5LnBhZ2UiIERpc3BsYXlOYW1lPSIiIERlc2NyaXB0aW9uPSIiPg0KICAgICAgICAgICAgICA8UnVsZVBhcmFtZXRlcnM+DQogICAgICAgICAgICAgICAgPFJ1bGVQYXJhbWV0ZXIgTmFtZT0iU3RhcnRzV2l0aCIgVmFsdWU9Ij9wYWdlPSIgLz4NCiAgICAgICAgICAgICAgICA8UnVsZVBhcmFtZXRlciBOYW1lPSJFbmRzV2l0aCIgVmFsdWU9IiZhbXA7IiAvPg0KICAgICAgICAgICAgICAgIDxSdWxlUGFyYW1ldGVyIE5hbWU9IkluZGV4IiBWYWx1ZT0iMCIgLz4NCiAgICAgICAgICAgICAgICA8UnVsZVBhcmFtZXRlciBOYW1lPSJJZ25vcmVDYXNlIiBWYWx1ZT0iRmFsc2UiIC8+DQogICAgICAgICAgICAgICAgPFJ1bGVQYXJhbWV0ZXIgTmFtZT0iVXNlUmVndWxhckV4cHJlc3Npb24iIFZhbHVlPSJGYWxzZSIgLz4NCiAgICAgICAgICAgICAgICA8UnVsZVBhcmFtZXRlciBOYW1lPSJIdG1sRGVjb2RlIiBWYWx1ZT0iVHJ1ZSIgLz4NCiAgICAgICAgICAgICAgICA8UnVsZVBhcmFtZXRlciBOYW1lPSJSZXF1aXJlZCIgVmFsdWU9IkZhbHNlIiAvPg0KICAgICAgICAgICAgICA8L1J1bGVQYXJhbWV0ZXJzPg0KICAgICAgICAgICAgPC9FeHRyYWN0aW9uUnVsZT4NCiAgICAgICAgICAgIDxFeHRyYWN0aW9uUnVsZSBDbGFzc25hbWU9Ik1pY3Jvc29mdC5WaXN1YWxTdHVkaW8uVGVzdFRvb2xzLldlYlRlc3RpbmcuUnVsZXMuRXh0cmFjdFRleHQsIE1pY3Jvc29mdC5WaXN1YWxTdHVkaW8uUXVhbGl0eVRvb2xzLldlYlRlc3RGcmFtZXdvcmssIFZlcnNpb249MTAuMC4wLjAsIEN1bHR1cmU9bmV1dHJhbCwgUHVibGljS2V5VG9rZW49YjAzZjVmN2YxMWQ1MGEzYSIgVmFyaWFibGVOYW1lPSJRdWVyeVN0cmluZ1BhcmFtMjAuZmxhZyIgRGlzcGxheU5hbWU9IiIgRGVzY3JpcHRpb249IiI+DQogICAgICAgICAgICAgIDxSdWxlUGFyYW1ldGVycz4NCiAgICAgICAgICAgICAgICA8UnVsZVBhcmFtZXRlciBOYW1lPSJTdGFydHNXaXRoIiBWYWx1ZT0iJmFtcDthbXA7ZmxhZz0iIC8+DQogICAgICAgICAgICAgICAgPFJ1bGVQYXJhbWV0ZXIgTmFtZT0iRW5kc1dpdGgiIFZhbHVlPSImcXVvdDsiIC8+DQogICAgICAgICAgICAgICAgPFJ1bGVQYXJhbWV0ZXIgTmFtZT0iSW5kZXgiIFZhbHVlPSIwIiAvPg0KICAgICAgICAgICAgICAgIDxSdWxlUGFyYW1ldGVyIE5hbWU9Iklnbm9yZUNhc2UiIFZhbHVlPSJGYWxzZSIgLz4NCiAgICAgICAgICAgICAgICA8UnVsZVBhcmFtZXRlciBOYW1lPSJVc2VSZWd1bGFyRXhwcmVzc2lvbiIgVmFsdWU9IkZhbHNlIiAvPg0KICAgICAgICAgICAgICAgIDxSdWxlUGFyYW1ldGVyIE5hbWU9Ikh0bWxEZWNvZGUiIFZhbHVlPSJUcnVlIiAvPg0KICAgICAgICAgICAgICAgIDxSdWxlUGFyYW1ldGVyIE5hbWU9IlJlcXVpcmVkIiBWYWx1ZT0iRmFsc2UiIC8+DQogICAgICAgICAgICAgIDwvUnVsZVBhcmFtZXRlcnM+DQogICAgICAgICAgICA8L0V4dHJhY3Rpb25SdWxlPg0KICAgICAgICAgICAgPEV4dHJhY3Rpb25SdWxlIENsYXNzbmFtZT0iTWljcm9zb2Z0LlZpc3VhbFN0dWRpby5UZXN0VG9vbHMuV2ViVGVzdGluZy5SdWxlcy5FeHRyYWN0VGV4dCwgTWljcm9zb2Z0LlZpc3VhbFN0dWRpby5RdWFsaXR5VG9vbHMuV2ViVGVzdEZyYW1ld29yaywgVmVyc2lvbj0xMC4wLjAuMCwgQ3VsdHVyZT1uZXV0cmFsLCBQdWJsaWNLZXlUb2tlbj1iMDNmNWY3ZjExZDUwYTNhIiBWYXJpYWJsZU5hbWU9IkZvcm1Qb3N0UGFyYW03Ll9fVklFV1NUQVRFIiBEaXNwbGF5TmFtZT0iIiBEZXNjcmlwdGlvbj0iIj4NCiAgICAgICAgICAgICAgPFJ1bGVQYXJhbWV0ZXJzPg0KICAgICAgICAgICAgICAgIDxSdWxlUGFyYW1ldGVyIE5hbWU9IlN0YXJ0c1dpdGgiIFZhbHVlPSJsdWU9JnF1b3Q7IiAvPg0KICAgICAgICAgICAgICAgIDxSdWxlUGFyYW1ldGVyIE5hbWU9IkVuZHNXaXRoIiBWYWx1ZT0iJnF1b3Q7IC8mZ3Q7JiN4RDsiIC8+DQogICAgICAgICAgICAgICAgPFJ1bGVQYXJhbWV0ZXIgTmFtZT0iSW5kZXgiIFZhbHVlPSIzIiAvPg0KICAgICAgICAgICAgICAgIDxSdWxlUGFyYW1ldGVyIE5hbWU9Iklnbm9yZUNhc2UiIFZhbHVlPSJGYWxzZSIgLz4NCiAgICAgICAgICAgICAgICA8UnVsZVBhcmFtZXRlciBOYW1lPSJVc2VSZWd1bGFyRXhwcmVzc2lvbiIgVmFsdWU9IkZhbHNlIiAvPg0KICAgICAgICAgICAgICAgIDxSdWxlUGFyYW1ldGVyIE5hbWU9Ikh0bWxEZWNvZGUiIFZhbHVlPSJUcnVlIiAvPg0KICAgICAgICAgICAgICAgIDxSdWxlUGFyYW1ldGVyIE5hbWU9IlJlcXVpcmVkIiBWYWx1ZT0iRmFsc2UiIC8+DQogICAgICAgICAgICAgIDwvUnVsZVBhcmFtZXRlcnM+DQogICAgICAgICAgICA8L0V4dHJhY3Rpb25SdWxlPg0KICAgICAgICAgICAgPEV4dHJhY3Rpb25SdWxlIENsYXNzbmFtZT0iTWljcm9zb2Z0LlZpc3VhbFN0dWRpby5UZXN0VG9vbHMuV2ViVGVzdGluZy5SdWxlcy5FeHRyYWN0VGV4dCwgTWljcm9zb2Z0LlZpc3VhbFN0dWRpby5RdWFsaXR5VG9vbHMuV2ViVGVzdEZyYW1ld29yaywgVmVyc2lvbj0xMC4wLjAuMCwgQ3VsdHVyZT1uZXV0cmFsLCBQdWJsaWNLZXlUb2tlbj1iMDNmNWY3ZjExZDUwYTNhIiBWYXJpYWJsZU5hbWU9IkZvcm1Qb3N0UGFyYW04Ll9fVklFV1NUQVRFR0VORVJBVE9SIiBEaXNwbGF5TmFtZT0iIiBEZXNjcmlwdGlvbj0iIj4NCiAgICAgICAgICAgICAgPFJ1bGVQYXJhbWV0ZXJzPg0KICAgICAgICAgICAgICAgIDxSdWxlUGFyYW1ldGVyIE5hbWU9IlN0YXJ0c1dpdGgiIFZhbHVlPSJsdWU9JnF1b3Q7IiAvPg0KICAgICAgICAgICAgICAgIDxSdWxlUGFyYW1ldGVyIE5hbWU9IkVuZHNXaXRoIiBWYWx1ZT0iJnF1b3Q7IC8mZ3Q7JiN4RDsiIC8+DQogICAgICAgICAgICAgICAgPFJ1bGVQYXJhbWV0ZXIgTmFtZT0iSW5kZXgiIFZhbHVlPSI0IiAvPg0KICAgICAgICAgICAgICAgIDxSdWxlUGFyYW1ldGVyIE5hbWU9Iklnbm9yZUNhc2UiIFZhbHVlPSJGYWxzZSIgLz4NCiAgICAgICAgICAgICAgICA8UnVsZVBhcmFtZXRlciBOYW1lPSJVc2VSZWd1bGFyRXhwcmVzc2lvbiIgVmFsdWU9IkZhbHNlIiAvPg0KICAgICAgICAgICAgICAgIDxSdWxlUGFyYW1ldGVyIE5hbWU9Ikh0bWxEZWNvZGUiIFZhbHVlPSJUcnVlIiAvPg0KICAgICAgICAgICAgICAgIDxSdWxlUGFyYW1ldGVyIE5hbWU9IlJlcXVpcmVkIiBWYWx1ZT0iRmFsc2UiIC8+DQogICAgICAgICAgICAgIDwvUnVsZVBhcmFtZXRlcnM+DQogICAgICAgICAgICA8L0V4dHJhY3Rpb25SdWxlPg0KICAgICAgICAgICAgPEV4dHJhY3Rpb25SdWxlIENsYXNzbmFtZT0iTWljcm9zb2Z0LlZpc3VhbFN0dWRpby5UZXN0VG9vbHMuV2ViVGVzdGluZy5SdWxlcy5FeHRyYWN0VGV4dCwgTWljcm9zb2Z0LlZpc3VhbFN0dWRpby5RdWFsaXR5VG9vbHMuV2ViVGVzdEZyYW1ld29yaywgVmVyc2lvbj0xMC4wLjAuMCwgQ3VsdHVyZT1uZXV0cmFsLCBQdWJsaWNLZXlUb2tlbj1iMDNmNWY3ZjExZDUwYTNhIiBWYXJpYWJsZU5hbWU9IkZvcm1Qb3N0UGFyYW05LmN0bDAwJENvbnRlbnRQbGFjZUhvbGRlcjEkY3RsMDAkcmFkaW8iIERpc3BsYXlOYW1lPSIiIERlc2NyaXB0aW9uPSIiPg0KICAgICAgICAgICAgICA8UnVsZVBhcmFtZXRlcnM+DQogICAgICAgICAgICAgICAgPFJ1bGVQYXJhbWV0ZXIgTmFtZT0iU3RhcnRzV2l0aCIgVmFsdWU9Imx1ZT0mcXVvdDsiIC8+DQogICAgICAgICAgICAgICAgPFJ1bGVQYXJhbWV0ZXIgTmFtZT0iRW5kc1dpdGgiIFZhbHVlPSImcXVvdDsgY2hlIiAvPg0KICAgICAgICAgICAgICAgIDxSdWxlUGFyYW1ldGVyIE5hbWU9IkluZGV4IiBWYWx1ZT0iMTEiIC8+DQogICAgICAgICAgICAgICAgPFJ1bGVQYXJhbWV0ZXIgTmFtZT0iSWdub3JlQ2FzZSIgVmFsdWU9IkZhbHNlIiAvPg0KICAgICAgICAgICAgICAgIDxSdWxlUGFyYW1ldGVyIE5hbWU9IlVzZVJlZ3VsYXJFeHByZXNzaW9uIiBWYWx1ZT0iRmFsc2UiIC8+DQogICAgICAgICAgICAgICAgPFJ1bGVQYXJhbWV0ZXIgTmFtZT0iSHRtbERlY29kZSIgVmFsdWU9IlRydWUiIC8+DQogICAgICAgICAgICAgICAgPFJ1bGVQYXJhbWV0ZXIgTmFtZT0iUmVxdWlyZWQiIFZhbHVlPSJGYWxzZSIgLz4NCiAgICAgICAgICAgICAgPC9SdWxlUGFyYW1ldGVycz4NCiAgICAgICAgICAgIDwvRXh0cmFjdGlvblJ1bGU+DQogICAgICAgICAgICA8RXh0cmFjdGlvblJ1bGUgQ2xhc3NuYW1lPSJNaWNyb3NvZnQuVmlzdWFsU3R1ZGlvLlRlc3RUb29scy5XZWJUZXN0aW5nLlJ1bGVzLkV4dHJhY3RUZXh0LCBNaWNyb3NvZnQuVmlzdWFsU3R1ZGlvLlF1YWxpdHlUb29scy5XZWJUZXN0RnJhbWV3b3JrLCBWZXJzaW9uPTEwLjAuMC4wLCBDdWx0dXJlPW5ldXRyYWwsIFB1YmxpY0tleVRva2VuPWIwM2Y1ZjdmMTFkNTBhM2EiIFZhcmlhYmxlTmFtZT0iRm9ybVBvc3RQYXJhbTEwLmN0bDAwJENvbnRlbnRQbGFjZUhvbGRlcjEkY3RsMDAkYnRuT0siIERpc3BsYXlOYW1lPSIiIERlc2NyaXB0aW9uPSIiPg0KICAgICAgICAgICAgICA8UnVsZVBhcmFtZXRlcnM+DQogICAgICAgICAgICAgICAgPFJ1bGVQYXJhbWV0ZXIgTmFtZT0iU3RhcnRzV2l0aCIgVmFsdWU9IiA9PSAmcXVvdDsiIC8+DQogICAgICAgICAgICAgICAgPFJ1bGVQYXJhbWV0ZXIgTmFtZT0iRW5kc1dpdGgiIFZhbHVlPSImcXVvdDsgfHwgIiAvPg0KICAgICAgICAgICAgICAgIDxSdWxlUGFyYW1ldGVyIE5hbWU9IkluZGV4IiBWYWx1ZT0iMCIgLz4NCiAgICAgICAgICAgICAgICA8UnVsZVBhcmFtZXRlciBOYW1lPSJJZ25vcmVDYXNlIiBWYWx1ZT0iRmFsc2UiIC8+DQogICAgICAgICAgICAgICAgPFJ1bGVQYXJhbWV0ZXIgTmFtZT0iVXNlUmVndWxhckV4cHJlc3Npb24iIFZhbHVlPSJGYWxzZSIgLz4NCiAgICAgICAgICAgICAgICA8UnVsZVBhcmFtZXRlciBOYW1lPSJIdG1sRGVjb2RlIiBWYWx1ZT0iVHJ1ZSIgLz4NCiAgICAgICAgICAgICAgICA8UnVsZVBhcmFtZXRlciBOYW1lPSJSZXF1aXJlZCIgVmFsdWU9IkZhbHNlIiAvPg0KICAgICAgICAgICAgICA8L1J1bGVQYXJhbWV0ZXJzPg0KICAgICAgICAgICAgPC9FeHRyYWN0aW9uUnVsZT4NCiAgICAgICAgICAgIDxFeHRyYWN0aW9uUnVsZSBDbGFzc25hbWU9Ik1pY3Jvc29mdC5WaXN1YWxTdHVkaW8uVGVzdFRvb2xzLldlYlRlc3RpbmcuUnVsZXMuRXh0cmFjdFRleHQsIE1pY3Jvc29mdC5WaXN1YWxTdHVkaW8uUXVhbGl0eVRvb2xzLldlYlRlc3RGcmFtZXdvcmssIFZlcnNpb249MTAuMC4wLjAsIEN1bHR1cmU9bmV1dHJhbCwgUHVibGljS2V5VG9rZW49YjAzZjVmN2YxMWQ1MGEzYSIgVmFyaWFibGVOYW1lPSJRdWVyeVN0cmluZ1BhcmFtMjEucGFnZSIgRGlzcGxheU5hbWU9IiIgRGVzY3JpcHRpb249IiI+DQogICAgICAgICAgICAgIDxSdWxlUGFyYW1ldGVycz4NCiAgICAgICAgICAgICAgICA8UnVsZVBhcmFtZXRlciBOYW1lPSJTdGFydHNXaXRoIiBWYWx1ZT0iP3BhZ2U9IiAvPg0KICAgICAgICAgICAgICAgIDxSdWxlUGFyYW1ldGVyIE5hbWU9IkVuZHNXaXRoIiBWYWx1ZT0iJmFtcDsiIC8+DQogICAgICAgICAgICAgICAgPFJ1bGVQYXJhbWV0ZXIgTmFtZT0iSW5kZXgiIFZhbHVlPSIwIiAvPg0KICAgICAgICAgICAgICAgIDxSdWxlUGFyYW1ldGVyIE5hbWU9Iklnbm9yZUNhc2UiIFZhbHVlPSJGYWxzZSIgLz4NCiAgICAgICAgICAgICAgICA8UnVsZVBhcmFtZXRlciBOYW1lPSJVc2VSZWd1bGFyRXhwcmVzc2lvbiIgVmFsdWU9IkZhbHNlIiAvPg0KICAgICAgICAgICAgICAgIDxSdWxlUGFyYW1ldGVyIE5hbWU9Ikh0bWxEZWNvZGUiIFZhbHVlPSJUcnVlIiAvPg0KICAgICAgICAgICAgICAgIDxSdWxlUGFyYW1ldGVyIE5hbWU9IlJlcXVpcmVkIiBWYWx1ZT0iRmFsc2UiIC8+DQogICAgICAgICAgICAgIDwvUnVsZVBhcmFtZXRlcnM+DQogICAgICAgICAgICA8L0V4dHJhY3Rpb25SdWxlPg0KICAgICAgICAgICAgPEV4dHJhY3Rpb25SdWxlIENsYXNzbmFtZT0iTWljcm9zb2Z0LlZpc3VhbFN0dWRpby5UZXN0VG9vbHMuV2ViVGVzdGluZy5SdWxlcy5FeHRyYWN0VGV4dCwgTWljcm9zb2Z0LlZpc3VhbFN0dWRpby5RdWFsaXR5VG9vbHMuV2ViVGVzdEZyYW1ld29yaywgVmVyc2lvbj0xMC4wLjAuMCwgQ3VsdHVyZT1uZXV0cmFsLCBQdWJsaWNLZXlUb2tlbj1iMDNmNWY3ZjExZDUwYTNhIiBWYXJpYWJsZU5hbWU9IlF1ZXJ5U3RyaW5nUGFyYW0yMi5mbGFnIiBEaXNwbGF5TmFtZT0iIiBEZXNjcmlwdGlvbj0iIj4NCiAgICAgICAgICAgICAgPFJ1bGVQYXJhbWV0ZXJzPg0KICAgICAgICAgICAgICAgIDxSdWxlUGFyYW1ldGVyIE5hbWU9IlN0YXJ0c1dpdGgiIFZhbHVlPSImYW1wO2FtcDtmbGFnPSIgLz4NCiAgICAgICAgICAgICAgICA8UnVsZVBhcmFtZXRlciBOYW1lPSJFbmRzV2l0aCIgVmFsdWU9IiZxdW90OyIgLz4NCiAgICAgICAgICAgICAgICA8UnVsZVBhcmFtZXRlciBOYW1lPSJJbmRleCIgVmFsdWU9IjAiIC8+DQogICAgICAgICAgICAgICAgPFJ1bGVQYXJhbWV0ZXIgTmFtZT0iSWdub3JlQ2FzZSIgVmFsdWU9IkZhbHNlIiAvPg0KICAgICAgICAgICAgICAgIDxSdWxlUGFyYW1ldGVyIE5hbWU9IlVzZVJlZ3VsYXJFeHByZXNzaW9uIiBWYWx1ZT0iRmFsc2UiIC8+DQogICAgICAgICAgICAgICAgPFJ1bGVQYXJhbWV0ZXIgTmFtZT0iSHRtbERlY29kZSIgVmFsdWU9IlRydWUiIC8+DQogICAgICAgICAgICAgICAgPFJ1bGVQYXJhbWV0ZXIgTmFtZT0iUmVxdWlyZWQiIFZhbHVlPSJGYWxzZSIgLz4NCiAgICAgICAgICAgICAgPC9SdWxlUGFyYW1ldGVycz4NCiAgICAgICAgICAgIDwvRXh0cmFjdGlvblJ1bGU+DQogICAgICAgICAgICA8RXh0cmFjdGlvblJ1bGUgQ2xhc3NuYW1lPSJNaWNyb3NvZnQuVmlzdWFsU3R1ZGlvLlRlc3RUb29scy5XZWJUZXN0aW5nLlJ1bGVzLkV4dHJhY3RGb3JtRmllbGQsIE1pY3Jvc29mdC5WaXN1YWxTdHVkaW8uUXVhbGl0eVRvb2xzLldlYlRlc3RGcmFtZXdvcmssIFZlcnNpb249MTAuMC4wLjAsIEN1bHR1cmU9bmV1dHJhbCwgUHVibGljS2V5VG9rZW49YjAzZjVmN2YxMWQ1MGEzYSIgVmFyaWFibGVOYW1lPSJGb3JtUG9zdFBhcmFtMTEuY3RsMDAkQ29udGVudFBsYWNlSG9sZGVyMSRjdGwwMCRyYWRpbyIgRGlzcGxheU5hbWU9IiIgRGVzY3JpcHRpb249IiI+DQogICAgICAgICAgICAgIDxSdWxlUGFyYW1ldGVycz4NCiAgICAgICAgICAgICAgICA8UnVsZVBhcmFtZXRlciBOYW1lPSJOYW1lIiBWYWx1ZT0iY3RsMDBfQ29udGVudFBsYWNlSG9sZGVyMV9jdGwwMF9yYWRpb01hU1YiIC8+DQogICAgICAgICAgICAgICAgPFJ1bGVQYXJhbWV0ZXIgTmFtZT0iSHRtbERlY29kZSIgVmFsdWU9IlRydWUiIC8+DQogICAgICAgICAgICAgICAgPFJ1bGVQYXJhbWV0ZXIgTmFtZT0iUmVxdWlyZWQiIFZhbHVlPSJGYWxzZSIgLz4NCiAgICAgICAgICAgICAgICA8UnVsZVBhcmFtZXRlciBOYW1lPSJJbmRleCIgVmFsdWU9IjEiIC8+DQogICAgICAgICAgICAgIDwvUnVsZVBhcmFtZXRlcnM+DQogICAgICAgICAgICA8L0V4dHJhY3Rpb25SdWxlPg0KICAgICAgICAgICAgPEV4dHJhY3Rpb25SdWxlIENsYXNzbmFtZT0iTWljcm9zb2Z0LlZpc3VhbFN0dWRpby5UZXN0VG9vbHMuV2ViVGVzdGluZy5SdWxlcy5FeHRyYWN0Rm9ybUZpZWxkLCBNaWNyb3NvZnQuVmlzdWFsU3R1ZGlvLlF1YWxpdHlUb29scy5XZWJUZXN0RnJhbWV3b3JrLCBWZXJzaW9uPTEwLjAuMC4wLCBDdWx0dXJlPW5ldXRyYWwsIFB1YmxpY0tleVRva2VuPWIwM2Y1ZjdmMTFkNTBhM2EiIFZhcmlhYmxlTmFtZT0iRm9ybVBvc3RQYXJhbTEyLmN0bDAwJENvbnRlbnRQbGFjZUhvbGRlcjEkY3RsMDAkYnRuT0siIERpc3BsYXlOYW1lPSIiIERlc2NyaXB0aW9uPSIiPg0KICAgICAgICAgICAgICA8UnVsZVBhcmFtZXRlcnM+DQogICAgICAgICAgICAgICAgPFJ1bGVQYXJhbWV0ZXIgTmFtZT0iTmFtZSIgVmFsdWU9ImN0bDAwX0NvbnRlbnRQbGFjZUhvbGRlcjFfY3RsMDBfYnRuT0siIC8+DQogICAgICAgICAgICAgICAgPFJ1bGVQYXJhbWV0ZXIgTmFtZT0iSHRtbERlY29kZSIgVmFsdWU9IlRydWUiIC8+DQogICAgICAgICAgICAgICAgPFJ1bGVQYXJhbWV0ZXIgTmFtZT0iUmVxdWlyZWQiIFZhbHVlPSJGYWxzZSIgLz4NCiAgICAgICAgICAgICAgICA8UnVsZVBhcmFtZXRlciBOYW1lPSJJbmRleCIgVmFsdWU9IjAiIC8+DQogICAgICAgICAgICAgIDwvUnVsZVBhcmFtZXRlcnM+DQogICAgICAgICAgICA8L0V4dHJhY3Rpb25SdWxlPg0KICAgICAgICAgIDwvQ29ycmVsYXRpb25FeHRyYWN0aW9uUnVsZXM+DQogICAgICAgICAgPFF1ZXJ5U3RyaW5nUGFyYW1ldGVycz4NCiAgICAgICAgICAgIDxRdWVyeVN0cmluZ1BhcmFtZXRlciBOYW1lPSJwYWdlIiBWYWx1ZT0ibmhhcG1hc3YiIFJlY29yZGVkVmFsdWU9Im5oYXBtYXN2IiBDb3JyZWxhdGlvbkJpbmRpbmc9Int7UXVlcnlTdHJpbmdQYXJhbTE3LnBhZ2V9fSIgVXJsRW5jb2RlPSJGYWxzZSIgVXNlVG9Hcm91cFJlc3VsdHM9IkZhbHNlIiAvPg0KICAgICAgICAgICAgPFF1ZXJ5U3RyaW5nUGFyYW1ldGVyIE5hbWU9ImZsYWciIFZhbHVlPSJUaG9pS2hvYUJpZXUiIFJlY29yZGVkVmFsdWU9IlRob2lLaG9hQmlldSIgQ29ycmVsYXRpb25CaW5kaW5nPSJ7e1F1ZXJ5U3RyaW5nUGFyYW0xOC5mbGFnfX0iIFVybEVuY29kZT0iRmFsc2UiIFVzZVRvR3JvdXBSZXN1bHRzPSJGYWxzZSIgLz4NCiAgICAgICAgICA8L1F1ZXJ5U3RyaW5nUGFyYW1ldGVycz4NCiAgICAgICAgICA8Rm9ybVBvc3RIdHRwQm9keT4NCiAgICAgICAgICAgIDxGb3JtUG9zdFBhcmFtZXRlciBOYW1lPSJfX0VWRU5UVEFSR0VUIiBWYWx1ZT0iY3RsMDAkQ29udGVudFBsYWNlSG9sZGVyMSRjdGwwMCRyYWRpb01hU1YiIFJlY29yZGVkVmFsdWU9ImN0bDAwJENvbnRlbnRQbGFjZUhvbGRlcjEkY3RsMDAkcmFkaW9NYVNWIiBDb3JyZWxhdGlvbkJpbmRpbmc9IiIgVXJsRW5jb2RlPSJUcnVlIiAvPg0KICAgICAgICAgICAgPEZvcm1Qb3N0UGFyYW1ldGVyIE5hbWU9Il9fRVZFTlRBUkdVTUVOVCIgVmFsdWU9Int7JEhJRERFTjEuX19FVkVOVEFSR1VNRU5UfX0iIFJlY29yZGVkVmFsdWU9IiIgQ29ycmVsYXRpb25CaW5kaW5nPSIiIFVybEVuY29kZT0iVHJ1ZSIgLz4NCiAgICAgICAgICAgIDxGb3JtUG9zdFBhcmFtZXRlciBOYW1lPSJfX0xBU1RGT0NVUyIgVmFsdWU9Int7JEhJRERFTjEuX19MQVNURk9DVVN9fSIgUmVjb3JkZWRWYWx1ZT0iIiBDb3JyZWxhdGlvbkJpbmRpbmc9IiIgVXJsRW5jb2RlPSJUcnVlIiAvPg0KICAgICAgICAgICAgPEZvcm1Qb3N0UGFyYW1ldGVyIE5hbWU9Il9fVklFV1NUQVRFIiBWYWx1ZT0ie3skSElEREVOMS5fX1ZJRVdTVEFURX19IiBSZWNvcmRlZFZhbHVlPSIvd0VQRHdVS0xUTXhOamMzTlRNM05ROWtGZ0ptRDJRV0JHWVBaQllFQWdFUEZnSWVCMk52Ym5SbGJuUmtaQUlDRHhZQ0hnUm9jbVZtQlNrdUwwMWxjM05oWjJWR2FXeGxMMlpoZG1samIyNHRaR0ZwTFdodll5MXpZV2t0WjI5dUxtcHdaMlFDQVE5a0ZnZ0NBdzlrRmdKbUQyUVdBZ0lCRDJRV0RHWVBEeFlDSGdSVVpYaDBCUXhEYU1PZ2J5Qmk0YnFoYmlCa1pBSUJEdzhXQkI0SlJtOXlaVU52Ykc5eUNRQXovLzhlQkY4aFUwSUNCR1JrQWdJUER4WUVId01KQURQLy94OEVBZ1JrWkFJRER3OFdCaDhDQlJoVWFHRjVJTVNSNGJ1VmFTQnQ0YnF0ZENCcmFPRzZxWFVmQXdrQU0vLy9Id1FDQkdSa0FnUVBEeFlFSHdNSkFEUC8veDhFQWdSa1pBSUZEdzhXQmg4Q0JRM0VrTVNEYm1jZ1Rtamh1cTF3SHdNSkFEUC8veDhFQWdSa1pBSUZEMlFXd2dFQ0FROFBGZ1FlQ0VOemMwTnNZWE56QlFodmRYUXRiV1Z1ZFI4RUFnSmtGZ0ptRHc4V0FoOENCUXRVVWtGT1J5QkRTT0c3cG1Sa0FnTVBEeFlFSHdVRkNHOTFkQzF0Wlc1MUh3UUNBbVFXQWdJQkR3OFdBaDhDQlJkRVFVNUlJRTNodTZSRElFTkk0YnVvUXlCT3hJSk9SMlJrQWdVUER4WUVId1VGQ0c5MWRDMXRaVzUxSHdRQ0FtUVdBZ0lCRHc4V0FoOENCUnRFVFNCRFNPRzdxRU1nVHNTQ1RrY2d4SkREZ1U1SUlFZEp3NEZrWkFJSER3OFdCQjhGQlFodmRYUXRiV1Z1ZFI4RUFnSmtGZ0lDQVE4UEZnSWZBZ1VqVVZYaHVxSk9JRXpEblNERWtNT0JUa2dnUjBuRGdTQlN3NGhPSUV4VldlRzdoazVrWkFJSkR3OFdCaDhGQlFodmRYUXRiV1Z1ZFI4RUFnSWVCMVpwYzJsaWJHVm9aQllDQWdFUER4WUNId0lGRmNTUXhJSk9SeUJMdzUwZ1RjT1VUaUJJNGJ1TVEyUmtBZ3NQRHhZRUh3VUZDRzkxZEMxdFpXNTFId1FDQW1Sa0FnMFBEeFlFSHdVRkNHOTFkQzF0Wlc1MUh3UUNBbVFXQWdJQkR3OFdBaDhDQlFkWVJVMGdWRXRDWkdRQ0R3OFBGZ1FmQlFVSWIzVjBMVzFsYm5VZkJBSUNaQllDQWdFUER4WUNId0lGRUZoRlRTREVrRW5odTRKTklFUkJUa2hrWkFJUkR3OFdCQjhGQlFodmRYUXRiV1Z1ZFI4RUFnSmtGZ0ptRHc4V0FoOENCUTVZUlUwZ1RPRzdpa05JSUZSSVNXUmtBaE1QRHhZR0h3VUZDRzkxZEMxdFpXNTFId1FDQWg4R2FHUVdBZ0lCRHc4V0FoOENCUlJZUlUwZ1RPRzdpa05JSUZSSVNTQk00YnFnU1dSa0FoVVBEeFlHSHdVRkNHOTFkQzF0Wlc1MUh3UUNBaDhHYUdRV0FnSUJEdzhXQWg4Q0JSRllSVTBnVE9HN2lrTklJRlJJU1NCSFMyUmtBaGNQRHhZR0h3VUZDRzkxZEMxdFpXNTFId1FDQWg4R2FHUVdBZ0lCRHc4V0FoOENCU0ZIU0VrZ1ZNT1RUU0JVNGJxdVZDQk53NVJPSUVkSjRicWlUa2NnUk9HNm9GbGtaQUlaRHc4V0JCOEZCUWh2ZFhRdGJXVnVkUjhFQWdKa1pBSWJEdzhXQkI4RkJRaHZkWFF0YldWdWRSOEVBZ0prRmdJQ0FROFBGZ0lmQWdVT1dFVk5JRWpodTR4RElGQkl3NDFrWkFJZER3OFdCQjhGQlFodmRYUXRiV1Z1ZFI4RUFnSmtaQUlmRHc4V0JCOEZCUWh2ZFhRdGJXVnVkUjhFQWdKa0ZnSUNBUThQRmdJZkFnVUxXRVZOSU1TUVNlRzdnazFrWkFJaER3OFdCaDhGQlFodmRYUXRiV1Z1ZFI4RUFnSWZCbWhrRmdJQ0FROFBGZ0lmQWdVVHhKQko0YnVDVFNCTDRidXlJRmJodTR4T1IyUmtBaU1QRHhZRUh3VUZDRzkxZEMxdFpXNTFId1FDQW1RV0FnSUJEdzhXQWg4Q0JSaEw0YnErVkNCUlZlRzZvaURFa0VuaHU0Sk5JRVJCVGtoa1pBSWxEdzhXQkI4RkJRaHZkWFF0YldWdWRSOEVBZ0prRmdJQ0FROFBGZ0lmQWdVV1MxRWd4SkJKNGJ1Q1RTQkVRVTVJSUU5T1RFbE9SV1JrQWljUER4WUVId1VGQ0c5MWRDMXRaVzUxSHdRQ0FtUVdBZ0lCRHc4V0FoOENCUnRZUlUwZ3hKQko0YnVDVFNCRVFVNUlJRk5KVGtnZ1ZrbkRpazVrWkFJcER3OFdCQjhGQlFodmRYUXRiV1Z1ZFI4RUFnSmtGZ0lDQVE4UEZnSWZBZ1VmUjBuaHVxSk9SeUJXU2NPS1RpQlU0YnV3SU1TUVNlRzdnazBnUkVGT1NHUmtBaXNQRHhZRUh3VUZDRzkxZEMxdFpXNTFId1FDQW1RV0FnSUJEdzhXQWg4Q0JRbFlSVTBnUTFURWtGUmtaQUl0RHc4V0JCOEZCUWh2ZFhRdGJXVnVkUjhFQWdKa0ZnSUNBUThQRmdJZkFnVUxXRVZOSUUzRGxFNGdWRkZrWkFJdkR3OFdCQjhGQlFodmRYUXRiV1Z1ZFI4RUFnSmtGZ0lDQVE4UEZnSWZBZ1VreEpERGdVNUlJRWRKdzRFZ1MrRzZ2bFFnVVZYaHVxSWdVc09JVGlCTVZWbmh1NFpPWkdRQ01ROFBGZ1FmQlFVSWIzVjBMVzFsYm5VZkJBSUNaQllDQWdFUER4WUNId0lGSnNTUXc0Rk9TQ0JIU2NPQklFdFJJRkxEaUU0Z1RGVlo0YnVHVGlCVFNVNUlJRlpKdzRwT1pHUUNNdzhQRmdZZkJRVUliM1YwTFcxbGJuVWZCQUlDSHdab1pCWUNBZ0VQRHhZQ0h3SUZFbFBodTZ4QklGUlVJRVBEZ1NCT1NNT0NUbVJrQWpVUER4WUdId1VGQ0c5MWRDMXRaVzUxSHdRQ0FoOEdaMlFXQWdJQkR3OFdBaDhDQlE1SHc1TlFJTU9kSUV0SjRicStUbVJrQWpjUER4WUdId1VGQ0c5MWRDMXRaVzUxSHdRQ0FoOEdhR1FXQW1ZUER4WUNId0lGRUZQaHU2eEJJRXpEblNCTTRidUtRMGhrWkFJNUR3OFdCQjhGQlFodmRYUXRiV1Z1ZFI4RUFnSmtGZ0lDQVE4UEZnSWZBZ1VWVVZYaHVxSk9JRXpEblNCVFNVNUlJRlpKdzRwT1pHUUNPdzhQRmdRZkJRVUliM1YwTFcxbGJuVWZCQUlDWkJZQ0FnRVBEeFlDSHdJRklrdmh1cjVVSUZGVjRicWlJRk5KVGtnZ1ZrbkRpazRneEpERGdVNUlJRWRKdzRGa1pBSTlEdzhXQkI4RkJRaHZkWFF0YldWdWRSOEVBZ0prWkFJL0R3OFdCQjhGQlFodmRYUXRiV1Z1ZFI4RUFnSmtGZ0lDQVE5a0ZnSm1EdzhXQWg4Q0JSbkVrTU9CVGtnZ1IwbkRnU0JIU2VHNm9rNUhJRVRodXFCWlpHUUNRUThQRmdRZkJRVUliM1YwTFcxbGJuVWZCQUlDWkJZQ0FnRVBEeFlDSHdJRkZNU1F4SUpPUnlCTHc1MGdWRWhKSUV6aHVxQkpaR1FDUXc4UEZnUWZCUVVJYjNWMExXMWxiblVmQkFJQ1pHUUNSUThQRmdRZkJRVUliM1YwTFcxbGJuVWZCQUlDWkJZQ0FnRVBEeFlDSHdJRkVzU1FTeUJEU0ZWWnc0cE9JRTVIdzRCT1NHUmtBa2NQRHhZRUh3VUZDRzkxZEMxdFpXNTFId1FDQW1Sa0Fra1BEeFlFSHdVRkNHOTFkQzF0Wlc1MUh3UUNBbVFXQWdJQkR3OFdBaDhDQlJaTFVTQll3NGxVSUZUaHU1QlVJRTVIU0VuaHU0WlFaR1FDU3c4UEZnUWZCUVVJYjNWMExXMWxiblVmQkFJQ1pCWUNBZ0VQRHhZQ0h3SUZIVXRSSUZqRGlWUWdWRW5odTRCT0lGVGh1NUJVSUU1SFNFbmh1NFpRWkdRQ1RROFBGZ1FmQlFVSWIzVjBMVzFsYm5VZkJBSUNaQllDQWdFUER4WUNId0lGR2tQRGdsVWdTT0c3amtrZ1ZFakdyK0c3bkU1SElFZmh1clpRWkdRQ1R3OFBGZ1FmQlFVSWIzVjBMVzFsYm5VZkJBSUNaQllDQWdFUER4WUNId0lGRThTUVN5QkxTTU9UUVNCTVZlRzZyRTRnVkU1a1pBSlJEdzhXQkI4RkJRaHZkWFF0YldWdWRSOEVBZ0prRmdJQ0FROFBGZ0lmQWdVT1Rramh1cXhRSU1TUVNlRzdnazFrWkFKVER3OFdCQjhGQlFodmRYUXRiV1Z1ZFI4RUFnSmtaQUpWRHc4V0JCOEZCUWh2ZFhRdGJXVnVkUjhFQWdKa1pBSlhEdzhXQkI4RkJRaHZkWFF0YldWdWRSOEVBZ0prWkFKWkR3OFdCQjhGQlFodmRYUXRiV1Z1ZFI4RUFnSmtGZ0lDQVE4UEZnSWZBZ1VlV0VWTklNU1FTZUc3Z2swZ1RjT1VUaUJIU2VHNm9rNUhJRVRodXFCWlpHUUNXdzhQRmdRZkJRVUliM1YwTFcxbGJuVWZCQUlDWkJZQ0FnRVBEeFlDSHdJRkhsaEZUU0RFa0VuaHU0Sk5JRlRodTVST1J5Qkk0YnVpVUNCTTRidWFVR1JrQWwwUER4WUVId1VGQ0c5MWRDMXRaVzUxSHdRQ0FtUVdBZ0lCRHc4V0FoOENCUlZKVGlCTFNPRzdrRWtnVE1hdjRidWlUa2NnUjBSa1pBSmZEdzhXQkI4RkJRaHZkWFF0YldWdWRSOEVBZ0prRmdJQ0FROFBGZ0lmQWdVT1ZWQk1UMEZFSU1TUVNlRzdnazFrWkFKaER3OFdCQjhGQlFodmRYUXRiV1Z1ZFI4RUFnSmtGZ0lDQVE4UEZnSWZBZ1VOVkV0Q0lFTGh1NWdnVGNPVVRtUmtBbU1QRHhZRUh3VUZDRzkxZEMxdFpXNTFId1FDQW1RV0FnSUJEdzhXQWg4Q0JSUk00YnVLUTBnZ1ZFaEpJRUxodTVnZ1RjT1VUbVJrQW1VUER4WUVId1VGQ0c5MWRDMXRaVzUxSHdRQ0FtUVdBZ0lCRHc4V0FoOENCU1pVU09HN2tFNUhJRXZEaWlCSFNlRzZvazVISUZaSnc0cE9JRVJWV2VHN2hsUWdTMUZFUzJSa0FtY1BEeFlFSHdVRkNHOTFkQzF0Wlc1MUh3UUNBbVFXQWdJQkR3OFdBaDhDQlNKWVJVMGdWT0c3bEU1SElFamh1NkpRSUV0UklFamh1NHhESUZUaHVxeFFJRk5XWkdRQ2FROFBGZ1FmQlFVSWIzVjBMVzFsYm5VZkJBSUNaR1FDYXc4UEZnUWZCUVVJYjNWMExXMWxiblVmQkFJQ1pCWUNaZzhQRmdJZkFnVVlTK0c2dmlCSVQrRzZvRU5JSUVqaHU0eERJRlRodXF4UVpHUUNiUThQRmdRZkJRVUliM1YwTFcxbGJuVWZCQUlDWkdRQ2J3OFBGZ1FmQlFVSWIzVjBMVzFsYm5VZkJBSUNaQllDQWdFUER4WUNId0lGRkVqR3IrRzdtazVISUVUaHVxcE9JTVNRUzAxSVpHUUNjUThQRmdRZkJRVUliM1YwTFcxbGJuVWZCQUlDWkJZQ0FnRVBEeFlDSHdJRklFNUk0YnFzVUNERWtPRzdpa0VnUTBqaHU0Z2dUa2podXF4T0lGUERnVU5JWkdRQ2N3OFBGZ1FmQlFVSWIzVjBMVzFsYm5VZkJBSUNaQllDQWdFUER4WUNId0lGSk1TUXhJSk9SeUJMdzUwZ1Rramh1cXhPSUZQRGdVTklJRTVIVDhPQVNTQkhTZUc3bkdSa0FuVVBEeFlFSHdVRkNHOTFkQzF0Wlc1MUh3UUNBbVFXQWdJQkR3OFdBaDhDQlJ2RWtNT0JUa2dnUjBuRGdTQkRTT0c2cEZRZ1RNYXY0YnVpVGtka1pBSjNEdzhXQkI4RkJRaHZkWFF0YldWdWRSOEVBZ0prRmdJQ0FROFBGZ0lmQWdVZnhKQXVTOE9kSUVUaHU3QWdUT0c3aENCVTRidVFWQ0JPUjBoSjRidUdVR1JrQW5rUER4WUVId1VGQ0c5MWRDMXRaVzUxSHdRQ0FtUVdBZ0lCRHc4V0FoOENCUk5PNGJ1WVVDQkRTT0c3cUU1SElFTkk0YnVJWkdRQ2V3OFBGZ1FmQlFVSWIzVjBMVzFsYm5VZkJBSUNaQllDQWdFUER4WUNId0lGSVZoRlRTREVrT0c3Z0NCRHhxL0dvRTVISUZSU1QwNUhJRUxodTVnZ1RjT1VUbVJrQW4wUER4WUVId1VGQ0c5MWRDMXRaVzUxSHdRQ0FtUVdBZ0lCRHc4V0FoOENCUmxFUVU1SUlGUERnVU5JSU1TUUxrdkRuU0JZdzRsVUlGUk9aR1FDZnc4UEZnUWZCUVVJYjNWMExXMWxiblVmQkFJQ1pCWUNBZ0VQRHhZQ0h3SUZIa1JCVGtnZ1U4T0JRMGdneEpBdVM4T2RJRVRodTdBZ1RPRzdoQ0JVVG1Sa0FvRUJEdzhXQkI4RkJRaHZkWFF0YldWdWRSOEVBZ0prRmdJQ0FROFBGZ0lmQWdVV1ZFakRsRTVISUZSSlRpQk1WZUc2ckU0Z1ZzU0NUbVJrQW9NQkR3OFdCQjhGQlFodmRYUXRiV1Z1ZFI4RUFnSmtGZ0lDQVE4UEZnSWZBZ1VqVkZKQklFUGh1NmhWSUZSSXc1Uk9SeUJVU1U0Z1ZPRzdrRlFnVGtkSVNlRzdobEJrWkFLRkFROFBGZ1FmQlFVSWIzVjBMVzFsYm5VZkJBSUNaQllDQWdFUER4WUNId0lGRUVQaHU3QlZJRk5KVGtnZ1ZrbkRpazVrWkFLSEFROFBGZ1FmQlFVSWIzVjBMVzFsYm5VZkJBSUNaQllDQWdFUER4WUNId0lGRjhTUXhJSk9SeUJMdzUwZ1dNT0pWQ0JVVlZuaHU0Sk9aR1FDaVFFUER4WUVId1VGQ0c5MWRDMXRaVzUxSHdRQ0FtUVdBZ0lCRHc4V0FoOENCU0JVU01PVVRrY2dWRWxPSUVqaHU1SWdVOGFnSUZSVldlRzdnazRnVTBsT1NHUmtBb3NCRHc4V0JCOEZCUWh2ZFhRdGJXVnVkUjhFQWdKa1pBS05BUThQRmdRZkJRVUliM1YwTFcxbGJuVWZCQUlDWkJZQ0FnRVBEeFlDSHdJRkYwakRrMEVneEpER29FNGd4SkJKNGJ1R1RpQlU0YnVzWkdRQ2p3RVBEeFlFSHdVRkNHOTFkQzF0Wlc1MUh3UUNBbVFXQWdJQkR3OFdBaDhDQlJaT1Iwamh1NGdnUk9HNm9Ga2dST0c2b0ZrZ1FzT1paR1FDa1FFUER4WUVId1VGQ0c5MWRDMXRaVzUxSHdRQ0FtUVdBZ0lCRHc4V0FoOENCUmZFa01TQ1RrY2dTOE9kSUU1SFNPRzdpQ0JRU01PSlVHUmtBcE1CRHc4V0JCOEZCUWh2ZFhRdGJXVnVkUjhFQWdKa0ZnSUNBUThQRmdJZkFnVVN4SkRFZ2s1SElFdkRuU0JEVDBrZ1ZFaEpaR1FDbFFFUER4WUVId1VGQ0c5MWRDMXRaVzUxSHdRQ0FtUVdBZ0lCRHc4V0FoOENCUkpZUlUwZ1RPRzdpa05JSUVOUFNTQlVTRWxrWkFLWEFROFBGZ1FmQlFVSWIzVjBMVzFsYm5VZkJBSUNaQllDQWdFUER4WUNId0lGRzB0UklFNUhTRW5EaWs0Z1ErRzdxRlVnUzBoUFFTQkk0YnVNUTJSa0Fwa0JEdzhXQkI4RkJRaHZkWFF0YldWdWRSOEVBZ0prRmdJQ0FROFBGZ0lmQWdVY1dFVk5JTVNRNGJ1QUlGVERnRWtnVGtOTFNDQlVTRUZOSUVkSlFXUmtBcHNCRHc4V0JCOEZCUWh2ZFhRdGJXVnVkUjhFQWdKa0ZnSUNBUTlrRmdKbUR3OFdBaDhDQlNURWtNU0NUa2NnUzhPZElGaEpUaUJIU2VHNnBGa2dRMGpodTZoT1J5Qk9TT0c2ckU1a1pBS2RBUThQRmdRZkJRVUliM1YwTFcxbGJuVWZCQUlDWkJZQ0FnRVBaQllDWmc4UEZnSWZBZ1VaUStHNnJGQWdUa2podXF4VUlFNUhUK0c2b0VrZ1ZGTERtbVJrQXA4QkR3OFdCQjhGQlFodmRYUXRiV1Z1ZFI4RUFnSmtGZ0lDQVE4UEZnSWZBZ1ViUStHNnJGQWdUa2podXF4VUlGUkl4cS9odTV4T1J5QlVVc09hWkdRQ29RRVBEeFlFSHdVRkNHOTFkQzF0Wlc1MUh3UUNBbVFXQWdJQkR3OFdBaDhDQlJWRDRicW9UU0JPUVU1SElGTkpUa2dnVmtuRGlrNWtaQUtqQVE4UEZnUWZCUVVJYjNWMExXMWxiblVmQkFJQ1pCWUNBZ0VQRHhZQ0h3SUZIbGhGVFNCTVZlRzZyRTRnVnNTQ1RpQlU0YnVRVkNCT1IwaEo0YnVHVUdSa0FxVUJEdzhXQkI4RkJRaHZkWFF0YldWdWRSOEVBZ0prRmdJQ0FROFBGZ0lmQWdVZVdFVk5JRXhWNGJxc1RpQld4SUpPSUVqR3IrRzdtazVISUVUaHVxcE9aR1FDcHdFUER4WUVId1VGQ0c5MWRDMXRaVzUxSHdRQ0FtUVdBZ0lCRHc4V0FoOENCUjFZUlUwZ1RGWGh1cXhPSUZiRWdrNGdVRWpodXFKT0lFSko0YnVHVG1Sa0Fxa0JEdzhXQkI4RkJRaHZkWFF0YldWdWRSOEVBZ0prRmdJQ0FROFBGZ0lmQWdVa1FzT0JUeUJDU2VHN2dsVWdVRWpodTZSRElGYmh1NlFnVE1PRFRrZ2d4SkRodXFCUFpHUUNxd0VQRHhZRUh3VUZDRzkxZEMxdFpXNTFId1FDQW1RV0FnSUJEdzhXQWg4Q0JSeFVTT0c3a0U1SElFdkRpaURFa01PVFRrY2dTRkFnVDA1TVNVNUZaR1FDclFFUER4WUVId1VGQ0c5MWRDMXRaVzUxSHdRQ0FtUVdBZ0lCRHc4V0FoOENCUmZFa01TQ1RrY2dTOE9kSUV2RG5TQlV3NXBESUZqRGdXUmtBcThCRHc4V0JCOEZCUWh2ZFhRdGJXVnVkUjhFQWdKa0ZnSUNBUThQRmdJZkFnVVlWRWhCVGtnZ1ZFL0RnVTRnUzhPZElGVERta01nV01PQlpHUUNzUUVQRHhZRUh3VUZDRzkxZEMxdFpXNTFId1FDQW1RV0FnSUJEdzhXQWg4Q0JTSkQ0YnFzVUNCT1NPRzZyRlFnVE1PZElFemh1NHBEU0NCTFNFOUJJRWpodTR4RFpHUUNzd0VQRHhZRUh3VUZDRzkxZEMxdFpXNTFId1FDQW1RV0FnSUJEdzhXQWg4Q0JSZEQ0YnFzVUNCT1NPRzZyRlFnVkM1VVNVNGdRa2haVkdSa0FyVUJEdzhXQkI4RkJRaHZkWFF0YldWdWRSOEVBZ0prRmdJQ0FROFBGZ0lmQWdVV1dFVk5JTVNRU2VHN2drMGd4SkREZ3lCRTRicWdXV1JrQXJjQkR3OFdCQjhGQlFodmRYUXRiV1Z1ZFI4RUFnSmtGZ0lDQVE4UEZnSWZBZ1VaU1U0Z1M4T0tJRXRJUVVrZ1Iwbmh1NXdnUjBuaHVxSk9SMlJrQXJrQkR3OFdCQjhGQlFodmRYUXRiV1Z1ZFI4RUFnSmtaQUs3QVE4UEZnUWZCUVVJYjNWMExXMWxiblVmQkFJQ1pHUUN2UUVQRHhZRUh3VUZDRzkxZEMxdFpXNTFId1FDQW1Sa0FyOEJEdzhXQkI4RkJRaHZkWFF0YldWdWRSOEVBZ0prWkFMQkFROFBGZ1FmQlFVSWIzVjBMVzFsYm5VZkJBSUNaR1FDQnc5a0ZnSUNBUTlrRmdKbUQyUVdDQUlCRHhBUEZnUWZBZ1VQVkcvRG9HNGdkSExHc09HN25XNW5IZ2REYUdWamEyVmtaMlJrWkdRQ0F3OFFEeFlDSHdJRkdVUERvU0J1YU1PaWJpQnVaOGF3NGJ1ZGFTQmt3N2x1Wnpwa1pHUmtBZ1VQRHhZRUh3SUZHMDVvNGJxdGNDQnR3Nk1nYytHN2tTQmo0YnFuYmlCNFpXMDZJQjRIUlc1aFlteGxaR2hrWkFJSER3OFdBaDhJYUdSa0Fna1BaQllJQWdFUER4WUNId0lGZVVOdmNIbHlhV2RvZENEQ3FUSXdNRGtnVkhMR3NPRzduVzVuSU1TUVNDQlR3NkJwSUVmRHNtNHR4SkRodXFGcElHamh1NDFqSUdOb3c2MXVhQ0J4ZFhrdUlGRjE0YnFqYmlCc3c3MGdZdUc3bjJrZzRidW1lU0JpWVc0Z2JtakRvbTRnWk1PaWJpQlVVQzRnU09HN2t5QkRhTU90SUUxcGJtaGtaQUlERHc4V0FoOENCUXRVY21GdVp5QkRhT0c3cDJSa0FnVVBEeFlDSHdJRkxWUm9hZUc2djNRZ2ErRzZ2eUJpNGJ1ZmFTQmpkSGtnVUdqaHVxZHVJRzNodTRGdElFRnVhQ0JSZGNPaWJtUmtBZ2NQRHhZQ0h3SUZETVNRNGJxbmRTQlVjbUZ1WjJSa0dBRUZIbDlmUTI5dWRISnZiSE5TWlhGMWFYSmxVRzl6ZEVKaFkydExaWGxmWHhZREJTOWpkR3d3TUNSRGIyNTBaVzUwVUd4aFkyVkliMnhrWlhJeEpHTjBiREF3SkhKaFpHbHZWRzloYmxSeWRXOXVad1VwWTNSc01EQWtRMjl1ZEdWdWRGQnNZV05sU0c5c1pHVnlNU1JqZEd3d01DUnlZV1JwYjAxaFUxWUZLV04wYkRBd0pFTnZiblJsYm5SUWJHRmpaVWh2YkdSbGNqRWtZM1JzTURBa2NtRmthVzlOWVZOV2JLNEtrd2JvdTFNWUcvY25lL2syVG9nZzl1Yz0iIENvcnJlbGF0aW9uQmluZGluZz0iIiBVcmxFbmNvZGU9IlRydWUiIC8+DQogICAgICAgICAgICA8Rm9ybVBvc3RQYXJhbWV0ZXIgTmFtZT0iX19WSUVXU1RBVEVHRU5FUkFUT1IiIFZhbHVlPSJ7eyRISURERU4xLl9fVklFV1NUQVRFR0VORVJBVE9SfX0iIFJlY29yZGVkVmFsdWU9IkNBMEIwMzM0IiBDb3JyZWxhdGlvbkJpbmRpbmc9IiIgVXJsRW5jb2RlPSJUcnVlIiAvPg0KICAgICAgICAgICAgPEZvcm1Qb3N0UGFyYW1ldGVyIE5hbWU9ImN0bDAwJENvbnRlbnRQbGFjZUhvbGRlcjEkY3RsMDAkcmFkaW8iIFZhbHVlPSJyYWRpb01hU1YiIFJlY29yZGVkVmFsdWU9InJhZGlvTWFTViIgQ29ycmVsYXRpb25CaW5kaW5nPSJ7e0Zvcm1Qb3N0UGFyYW02LmN0bDAwJENvbnRlbnRQbGFjZUhvbGRlcjEkY3RsMDAkcmFkaW99fSIgVXJsRW5jb2RlPSJUcnVlIiAvPg0KICAgICAgICAgIDwvRm9ybVBvc3RIdHRwQm9keT4NCiAgICAgICAgPC9SZXF1ZXN0Pg0KICAgICAgPC9EZXBlbmRlbnRSZXF1ZXN0cz4NCiAgICAgIDxRdWVyeVN0cmluZ1BhcmFtZXRlcnM+DQogICAgICAgIDxRdWVyeVN0cmluZ1BhcmFtZXRlciBOYW1lPSJwYWdlIiBWYWx1ZT0ibmhhcG1hc3YiIFJlY29yZGVkVmFsdWU9Im5oYXBtYXN2IiBDb3JyZWxhdGlvbkJpbmRpbmc9Int7UXVlcnlTdHJpbmdQYXJhbTcucGFnZX19IiBVcmxFbmNvZGU9IkZhbHNlIiBVc2VUb0dyb3VwUmVzdWx0cz0iRmFsc2UiIC8+DQogICAgICAgIDxRdWVyeVN0cmluZ1BhcmFtZXRlciBOYW1lPSJmbGFnIiBWYWx1ZT0iVGhvaUtob2FCaWV1IiBSZWNvcmRlZFZhbHVlPSJUaG9pS2hvYUJpZXUiIENvcnJlbGF0aW9uQmluZGluZz0ie3tRdWVyeVN0cmluZ1BhcmFtOC5mbGFnfX0iIFVybEVuY29kZT0iRmFsc2UiIFVzZVRvR3JvdXBSZXN1bHRzPSJGYWxzZSIgLz4NCiAgICAgIDwvUXVlcnlTdHJpbmdQYXJhbWV0ZXJzPg0KICAgICAgPEZvcm1Qb3N0SHR0cEJvZHk+DQogICAgICAgIDxGb3JtUG9zdFBhcmFtZXRlciBOYW1lPSJfX0VWRU5UVEFSR0VUIiBWYWx1ZT0iY3RsMDAkQ29udGVudFBsYWNlSG9sZGVyMSRjdGwwMCRyYWRpb01hU1YiIFJlY29yZGVkVmFsdWU9ImN0bDAwJENvbnRlbnRQbGFjZUhvbGRlcjEkY3RsMDAkcmFkaW9NYVNWIiBDb3JyZWxhdGlvbkJpbmRpbmc9IiIgVXJsRW5jb2RlPSJUcnVlIiAvPg0KICAgICAgICA8Rm9ybVBvc3RQYXJhbWV0ZXIgTmFtZT0iX19FVkVOVEFSR1VNRU5UIiBWYWx1ZT0ie3skSElEREVOMS5fX0VWRU5UQVJHVU1FTlR9fSIgUmVjb3JkZWRWYWx1ZT0iIiBDb3JyZWxhdGlvbkJpbmRpbmc9IiIgVXJsRW5jb2RlPSJUcnVlIiAvPg0KICAgICAgICA8Rm9ybVBvc3RQYXJhbWV0ZXIgTmFtZT0iX19MQVNURk9DVVMiIFZhbHVlPSJ7eyRISURERU4xLl9fTEFTVEZPQ1VTfX0iIFJlY29yZGVkVmFsdWU9IiIgQ29ycmVsYXRpb25CaW5kaW5nPSIiIFVybEVuY29kZT0iVHJ1ZSIgLz4NCiAgICAgICAgPEZvcm1Qb3N0UGFyYW1ldGVyIE5hbWU9Il9fVklFV1NUQVRFIiBWYWx1ZT0ie3skSElEREVOMS5fX1ZJRVdTVEFURX19IiBSZWNvcmRlZFZhbHVlPSIvd0VQRHdVS0xUTXhOamMzTlRNM05ROWtGZ0ptRDJRV0JHWVBaQllFQWdFUEZnSWVCMk52Ym5SbGJuUmtaQUlDRHhZQ0hnUm9jbVZtQlNrdUwwMWxjM05oWjJWR2FXeGxMMlpoZG1samIyNHRaR0ZwTFdodll5MXpZV2t0WjI5dUxtcHdaMlFDQVE5a0ZnZ0NBdzlrRmdKbUQyUVdBZ0lCRDJRV0RHWVBEeFlDSGdSVVpYaDBCUXhEYU1PZ2J5Qmk0YnFoYmlCa1pBSUJEdzhXQkI0SlJtOXlaVU52Ykc5eUNRQXovLzhlQkY4aFUwSUNCR1JrQWdJUER4WUVId01KQURQLy94OEVBZ1JrWkFJRER3OFdCaDhDQlJoVWFHRjVJTVNSNGJ1VmFTQnQ0YnF0ZENCcmFPRzZxWFVmQXdrQU0vLy9Id1FDQkdSa0FnUVBEeFlFSHdNSkFEUC8veDhFQWdSa1pBSUZEdzhXQmg4Q0JRM0VrTVNEYm1jZ1Rtamh1cTF3SHdNSkFEUC8veDhFQWdSa1pBSUZEMlFXd2dFQ0FROFBGZ1FlQ0VOemMwTnNZWE56QlFodmRYUXRiV1Z1ZFI4RUFnSmtGZ0ptRHc4V0FoOENCUXRVVWtGT1J5QkRTT0c3cG1Sa0FnTVBEeFlFSHdVRkNHOTFkQzF0Wlc1MUh3UUNBbVFXQWdJQkR3OFdBaDhDQlJkRVFVNUlJRTNodTZSRElFTkk0YnVvUXlCT3hJSk9SMlJrQWdVUER4WUVId1VGQ0c5MWRDMXRaVzUxSHdRQ0FtUVdBZ0lCRHc4V0FoOENCUnRFVFNCRFNPRzdxRU1nVHNTQ1RrY2d4SkREZ1U1SUlFZEp3NEZrWkFJSER3OFdCQjhGQlFodmRYUXRiV1Z1ZFI4RUFnSmtGZ0lDQVE4UEZnSWZBZ1VqVVZYaHVxSk9JRXpEblNERWtNT0JUa2dnUjBuRGdTQlN3NGhPSUV4VldlRzdoazVrWkFJSkR3OFdCaDhGQlFodmRYUXRiV1Z1ZFI4RUFnSWVCMVpwYzJsaWJHVm9aQllDQWdFUER4WUNId0lGRmNTUXhJSk9SeUJMdzUwZ1RjT1VUaUJJNGJ1TVEyUmtBZ3NQRHhZRUh3VUZDRzkxZEMxdFpXNTFId1FDQW1Sa0FnMFBEeFlFSHdVRkNHOTFkQzF0Wlc1MUh3UUNBbVFXQWdJQkR3OFdBaDhDQlFkWVJVMGdWRXRDWkdRQ0R3OFBGZ1FmQlFVSWIzVjBMVzFsYm5VZkJBSUNaQllDQWdFUER4WUNId0lGRUZoRlRTREVrRW5odTRKTklFUkJUa2hrWkFJUkR3OFdCQjhGQlFodmRYUXRiV1Z1ZFI4RUFnSmtGZ0ptRHc4V0FoOENCUTVZUlUwZ1RPRzdpa05JSUZSSVNXUmtBaE1QRHhZR0h3VUZDRzkxZEMxdFpXNTFId1FDQWg4R2FHUVdBZ0lCRHc4V0FoOENCUlJZUlUwZ1RPRzdpa05JSUZSSVNTQk00YnFnU1dSa0FoVVBEeFlHSHdVRkNHOTFkQzF0Wlc1MUh3UUNBaDhHYUdRV0FnSUJEdzhXQWg4Q0JSRllSVTBnVE9HN2lrTklJRlJJU1NCSFMyUmtBaGNQRHhZR0h3VUZDRzkxZEMxdFpXNTFId1FDQWg4R2FHUVdBZ0lCRHc4V0FoOENCU0ZIU0VrZ1ZNT1RUU0JVNGJxdVZDQk53NVJPSUVkSjRicWlUa2NnUk9HNm9GbGtaQUlaRHc4V0JCOEZCUWh2ZFhRdGJXVnVkUjhFQWdKa1pBSWJEdzhXQkI4RkJRaHZkWFF0YldWdWRSOEVBZ0prRmdJQ0FROFBGZ0lmQWdVT1dFVk5JRWpodTR4RElGQkl3NDFrWkFJZER3OFdCQjhGQlFodmRYUXRiV1Z1ZFI4RUFnSmtaQUlmRHc4V0JCOEZCUWh2ZFhRdGJXVnVkUjhFQWdKa0ZnSUNBUThQRmdJZkFnVUxXRVZOSU1TUVNlRzdnazFrWkFJaER3OFdCaDhGQlFodmRYUXRiV1Z1ZFI4RUFnSWZCbWhrRmdJQ0FROFBGZ0lmQWdVVHhKQko0YnVDVFNCTDRidXlJRmJodTR4T1IyUmtBaU1QRHhZRUh3VUZDRzkxZEMxdFpXNTFId1FDQW1RV0FnSUJEdzhXQWg4Q0JSaEw0YnErVkNCUlZlRzZvaURFa0VuaHU0Sk5JRVJCVGtoa1pBSWxEdzhXQkI4RkJRaHZkWFF0YldWdWRSOEVBZ0prRmdJQ0FROFBGZ0lmQWdVV1MxRWd4SkJKNGJ1Q1RTQkVRVTVJSUU5T1RFbE9SV1JrQWljUER4WUVId1VGQ0c5MWRDMXRaVzUxSHdRQ0FtUVdBZ0lCRHc4V0FoOENCUnRZUlUwZ3hKQko0YnVDVFNCRVFVNUlJRk5KVGtnZ1ZrbkRpazVrWkFJcER3OFdCQjhGQlFodmRYUXRiV1Z1ZFI4RUFnSmtGZ0lDQVE4UEZnSWZBZ1VmUjBuaHVxSk9SeUJXU2NPS1RpQlU0YnV3SU1TUVNlRzdnazBnUkVGT1NHUmtBaXNQRHhZRUh3VUZDRzkxZEMxdFpXNTFId1FDQW1RV0FnSUJEdzhXQWg4Q0JRbFlSVTBnUTFURWtGUmtaQUl0RHc4V0JCOEZCUWh2ZFhRdGJXVnVkUjhFQWdKa0ZnSUNBUThQRmdJZkFnVUxXRVZOSUUzRGxFNGdWRkZrWkFJdkR3OFdCQjhGQlFodmRYUXRiV1Z1ZFI4RUFnSmtGZ0lDQVE4UEZnSWZBZ1VreEpERGdVNUlJRWRKdzRFZ1MrRzZ2bFFnVVZYaHVxSWdVc09JVGlCTVZWbmh1NFpPWkdRQ01ROFBGZ1FmQlFVSWIzVjBMVzFsYm5VZkJBSUNaQllDQWdFUER4WUNId0lGSnNTUXc0Rk9TQ0JIU2NPQklFdFJJRkxEaUU0Z1RGVlo0YnVHVGlCVFNVNUlJRlpKdzRwT1pHUUNNdzhQRmdZZkJRVUliM1YwTFcxbGJuVWZCQUlDSHdab1pCWUNBZ0VQRHhZQ0h3SUZFbFBodTZ4QklGUlVJRVBEZ1NCT1NNT0NUbVJrQWpVUER4WUdId1VGQ0c5MWRDMXRaVzUxSHdRQ0FoOEdaMlFXQWdJQkR3OFdBaDhDQlE1SHc1TlFJTU9kSUV0SjRicStUbVJrQWpjUER4WUdId1VGQ0c5MWRDMXRaVzUxSHdRQ0FoOEdhR1FXQW1ZUER4WUNId0lGRUZQaHU2eEJJRXpEblNCTTRidUtRMGhrWkFJNUR3OFdCQjhGQlFodmRYUXRiV1Z1ZFI4RUFnSmtGZ0lDQVE4UEZnSWZBZ1VWVVZYaHVxSk9JRXpEblNCVFNVNUlJRlpKdzRwT1pHUUNPdzhQRmdRZkJRVUliM1YwTFcxbGJuVWZCQUlDWkJZQ0FnRVBEeFlDSHdJRklrdmh1cjVVSUZGVjRicWlJRk5KVGtnZ1ZrbkRpazRneEpERGdVNUlJRWRKdzRGa1pBSTlEdzhXQkI4RkJRaHZkWFF0YldWdWRSOEVBZ0prWkFJL0R3OFdCQjhGQlFodmRYUXRiV1Z1ZFI4RUFnSmtGZ0lDQVE5a0ZnSm1EdzhXQWg4Q0JSbkVrTU9CVGtnZ1IwbkRnU0JIU2VHNm9rNUhJRVRodXFCWlpHUUNRUThQRmdRZkJRVUliM1YwTFcxbGJuVWZCQUlDWkJZQ0FnRVBEeFlDSHdJRkZNU1F4SUpPUnlCTHc1MGdWRWhKSUV6aHVxQkpaR1FDUXc4UEZnUWZCUVVJYjNWMExXMWxiblVmQkFJQ1pHUUNSUThQRmdRZkJRVUliM1YwTFcxbGJuVWZCQUlDWkJZQ0FnRVBEeFlDSHdJRkVzU1FTeUJEU0ZWWnc0cE9JRTVIdzRCT1NHUmtBa2NQRHhZRUh3VUZDRzkxZEMxdFpXNTFId1FDQW1Sa0Fra1BEeFlFSHdVRkNHOTFkQzF0Wlc1MUh3UUNBbVFXQWdJQkR3OFdBaDhDQlJaTFVTQll3NGxVSUZUaHU1QlVJRTVIU0VuaHU0WlFaR1FDU3c4UEZnUWZCUVVJYjNWMExXMWxiblVmQkFJQ1pCWUNBZ0VQRHhZQ0h3SUZIVXRSSUZqRGlWUWdWRW5odTRCT0lGVGh1NUJVSUU1SFNFbmh1NFpRWkdRQ1RROFBGZ1FmQlFVSWIzVjBMVzFsYm5VZkJBSUNaQllDQWdFUER4WUNId0lGR2tQRGdsVWdTT0c3amtrZ1ZFakdyK0c3bkU1SElFZmh1clpRWkdRQ1R3OFBGZ1FmQlFVSWIzVjBMVzFsYm5VZkJBSUNaQllDQWdFUER4WUNId0lGRThTUVN5QkxTTU9UUVNCTVZlRzZyRTRnVkU1a1pBSlJEdzhXQkI4RkJRaHZkWFF0YldWdWRSOEVBZ0prRmdJQ0FROFBGZ0lmQWdVT1Rramh1cXhRSU1TUVNlRzdnazFrWkFKVER3OFdCQjhGQlFodmRYUXRiV1Z1ZFI4RUFnSmtaQUpWRHc4V0JCOEZCUWh2ZFhRdGJXVnVkUjhFQWdKa1pBSlhEdzhXQkI4RkJRaHZkWFF0YldWdWRSOEVBZ0prWkFKWkR3OFdCQjhGQlFodmRYUXRiV1Z1ZFI4RUFnSmtGZ0lDQVE4UEZnSWZBZ1VlV0VWTklNU1FTZUc3Z2swZ1RjT1VUaUJIU2VHNm9rNUhJRVRodXFCWlpHUUNXdzhQRmdRZkJRVUliM1YwTFcxbGJuVWZCQUlDWkJZQ0FnRVBEeFlDSHdJRkhsaEZUU0RFa0VuaHU0Sk5JRlRodTVST1J5Qkk0YnVpVUNCTTRidWFVR1JrQWwwUER4WUVId1VGQ0c5MWRDMXRaVzUxSHdRQ0FtUVdBZ0lCRHc4V0FoOENCUlZKVGlCTFNPRzdrRWtnVE1hdjRidWlUa2NnUjBSa1pBSmZEdzhXQkI4RkJRaHZkWFF0YldWdWRSOEVBZ0prRmdJQ0FROFBGZ0lmQWdVT1ZWQk1UMEZFSU1TUVNlRzdnazFrWkFKaER3OFdCQjhGQlFodmRYUXRiV1Z1ZFI4RUFnSmtGZ0lDQVE4UEZnSWZBZ1VOVkV0Q0lFTGh1NWdnVGNPVVRtUmtBbU1QRHhZRUh3VUZDRzkxZEMxdFpXNTFId1FDQW1RV0FnSUJEdzhXQWg4Q0JSUk00YnVLUTBnZ1ZFaEpJRUxodTVnZ1RjT1VUbVJrQW1VUER4WUVId1VGQ0c5MWRDMXRaVzUxSHdRQ0FtUVdBZ0lCRHc4V0FoOENCU1pVU09HN2tFNUhJRXZEaWlCSFNlRzZvazVISUZaSnc0cE9JRVJWV2VHN2hsUWdTMUZFUzJSa0FtY1BEeFlFSHdVRkNHOTFkQzF0Wlc1MUh3UUNBbVFXQWdJQkR3OFdBaDhDQlNKWVJVMGdWT0c3bEU1SElFamh1NkpRSUV0UklFamh1NHhESUZUaHVxeFFJRk5XWkdRQ2FROFBGZ1FmQlFVSWIzVjBMVzFsYm5VZkJBSUNaR1FDYXc4UEZnUWZCUVVJYjNWMExXMWxiblVmQkFJQ1pCWUNaZzhQRmdJZkFnVVlTK0c2dmlCSVQrRzZvRU5JSUVqaHU0eERJRlRodXF4UVpHUUNiUThQRmdRZkJRVUliM1YwTFcxbGJuVWZCQUlDWkdRQ2J3OFBGZ1FmQlFVSWIzVjBMVzFsYm5VZkJBSUNaQllDQWdFUER4WUNId0lGRkVqR3IrRzdtazVISUVUaHVxcE9JTVNRUzAxSVpHUUNjUThQRmdRZkJRVUliM1YwTFcxbGJuVWZCQUlDWkJZQ0FnRVBEeFlDSHdJRklFNUk0YnFzVUNERWtPRzdpa0VnUTBqaHU0Z2dUa2podXF4T0lGUERnVU5JWkdRQ2N3OFBGZ1FmQlFVSWIzVjBMVzFsYm5VZkJBSUNaQllDQWdFUER4WUNId0lGSk1TUXhJSk9SeUJMdzUwZ1Rramh1cXhPSUZQRGdVTklJRTVIVDhPQVNTQkhTZUc3bkdSa0FuVVBEeFlFSHdVRkNHOTFkQzF0Wlc1MUh3UUNBbVFXQWdJQkR3OFdBaDhDQlJ2RWtNT0JUa2dnUjBuRGdTQkRTT0c2cEZRZ1RNYXY0YnVpVGtka1pBSjNEdzhXQkI4RkJRaHZkWFF0YldWdWRSOEVBZ0prRmdJQ0FROFBGZ0lmQWdVZnhKQXVTOE9kSUVUaHU3QWdUT0c3aENCVTRidVFWQ0JPUjBoSjRidUdVR1JrQW5rUER4WUVId1VGQ0c5MWRDMXRaVzUxSHdRQ0FtUVdBZ0lCRHc4V0FoOENCUk5PNGJ1WVVDQkRTT0c3cUU1SElFTkk0YnVJWkdRQ2V3OFBGZ1FmQlFVSWIzVjBMVzFsYm5VZkJBSUNaQllDQWdFUER4WUNId0lGSVZoRlRTREVrT0c3Z0NCRHhxL0dvRTVISUZSU1QwNUhJRUxodTVnZ1RjT1VUbVJrQW4wUER4WUVId1VGQ0c5MWRDMXRaVzUxSHdRQ0FtUVdBZ0lCRHc4V0FoOENCUmxFUVU1SUlGUERnVU5JSU1TUUxrdkRuU0JZdzRsVUlGUk9aR1FDZnc4UEZnUWZCUVVJYjNWMExXMWxiblVmQkFJQ1pCWUNBZ0VQRHhZQ0h3SUZIa1JCVGtnZ1U4T0JRMGdneEpBdVM4T2RJRVRodTdBZ1RPRzdoQ0JVVG1Sa0FvRUJEdzhXQkI4RkJRaHZkWFF0YldWdWRSOEVBZ0prRmdJQ0FROFBGZ0lmQWdVV1ZFakRsRTVISUZSSlRpQk1WZUc2ckU0Z1ZzU0NUbVJrQW9NQkR3OFdCQjhGQlFodmRYUXRiV1Z1ZFI4RUFnSmtGZ0lDQVE4UEZnSWZBZ1VqVkZKQklFUGh1NmhWSUZSSXc1Uk9SeUJVU1U0Z1ZPRzdrRlFnVGtkSVNlRzdobEJrWkFLRkFROFBGZ1FmQlFVSWIzVjBMVzFsYm5VZkJBSUNaQllDQWdFUER4WUNId0lGRUVQaHU3QlZJRk5KVGtnZ1ZrbkRpazVrWkFLSEFROFBGZ1FmQlFVSWIzVjBMVzFsYm5VZkJBSUNaQllDQWdFUER4WUNId0lGRjhTUXhJSk9SeUJMdzUwZ1dNT0pWQ0JVVlZuaHU0Sk9aR1FDaVFFUER4WUVId1VGQ0c5MWRDMXRaVzUxSHdRQ0FtUVdBZ0lCRHc4V0FoOENCU0JVU01PVVRrY2dWRWxPSUVqaHU1SWdVOGFnSUZSVldlRzdnazRnVTBsT1NHUmtBb3NCRHc4V0JCOEZCUWh2ZFhRdGJXVnVkUjhFQWdKa1pBS05BUThQRmdRZkJRVUliM1YwTFcxbGJuVWZCQUlDWkJZQ0FnRVBEeFlDSHdJRkYwakRrMEVneEpER29FNGd4SkJKNGJ1R1RpQlU0YnVzWkdRQ2p3RVBEeFlFSHdVRkNHOTFkQzF0Wlc1MUh3UUNBbVFXQWdJQkR3OFdBaDhDQlJaT1Iwamh1NGdnUk9HNm9Ga2dST0c2b0ZrZ1FzT1paR1FDa1FFUER4WUVId1VGQ0c5MWRDMXRaVzUxSHdRQ0FtUVdBZ0lCRHc4V0FoOENCUmZFa01TQ1RrY2dTOE9kSUU1SFNPRzdpQ0JRU01PSlVHUmtBcE1CRHc4V0JCOEZCUWh2ZFhRdGJXVnVkUjhFQWdKa0ZnSUNBUThQRmdJZkFnVVN4SkRFZ2s1SElFdkRuU0JEVDBrZ1ZFaEpaR1FDbFFFUER4WUVId1VGQ0c5MWRDMXRaVzUxSHdRQ0FtUVdBZ0lCRHc4V0FoOENCUkpZUlUwZ1RPRzdpa05JSUVOUFNTQlVTRWxrWkFLWEFROFBGZ1FmQlFVSWIzVjBMVzFsYm5VZkJBSUNaQllDQWdFUER4WUNId0lGRzB0UklFNUhTRW5EaWs0Z1ErRzdxRlVnUzBoUFFTQkk0YnVNUTJSa0Fwa0JEdzhXQkI4RkJRaHZkWFF0YldWdWRSOEVBZ0prRmdJQ0FROFBGZ0lmQWdVY1dFVk5JTVNRNGJ1QUlGVERnRWtnVGtOTFNDQlVTRUZOSUVkSlFXUmtBcHNCRHc4V0JCOEZCUWh2ZFhRdGJXVnVkUjhFQWdKa0ZnSUNBUTlrRmdKbUR3OFdBaDhDQlNURWtNU0NUa2NnUzhPZElGaEpUaUJIU2VHNnBGa2dRMGpodTZoT1J5Qk9TT0c2ckU1a1pBS2RBUThQRmdRZkJRVUliM1YwTFcxbGJuVWZCQUlDWkJZQ0FnRVBaQllDWmc4UEZnSWZBZ1VaUStHNnJGQWdUa2podXF4VUlFNUhUK0c2b0VrZ1ZGTERtbVJrQXA4QkR3OFdCQjhGQlFodmRYUXRiV1Z1ZFI4RUFnSmtGZ0lDQVE4UEZnSWZBZ1ViUStHNnJGQWdUa2podXF4VUlGUkl4cS9odTV4T1J5QlVVc09hWkdRQ29RRVBEeFlFSHdVRkNHOTFkQzF0Wlc1MUh3UUNBbVFXQWdJQkR3OFdBaDhDQlJWRDRicW9UU0JPUVU1SElGTkpUa2dnVmtuRGlrNWtaQUtqQVE4UEZnUWZCUVVJYjNWMExXMWxiblVmQkFJQ1pCWUNBZ0VQRHhZQ0h3SUZIbGhGVFNCTVZlRzZyRTRnVnNTQ1RpQlU0YnVRVkNCT1IwaEo0YnVHVUdSa0FxVUJEdzhXQkI4RkJRaHZkWFF0YldWdWRSOEVBZ0prRmdJQ0FROFBGZ0lmQWdVZVdFVk5JRXhWNGJxc1RpQld4SUpPSUVqR3IrRzdtazVISUVUaHVxcE9aR1FDcHdFUER4WUVId1VGQ0c5MWRDMXRaVzUxSHdRQ0FtUVdBZ0lCRHc4V0FoOENCUjFZUlUwZ1RGWGh1cXhPSUZiRWdrNGdVRWpodXFKT0lFSko0YnVHVG1Sa0Fxa0JEdzhXQkI4RkJRaHZkWFF0YldWdWRSOEVBZ0prRmdJQ0FROFBGZ0lmQWdVa1FzT0JUeUJDU2VHN2dsVWdVRWpodTZSRElGYmh1NlFnVE1PRFRrZ2d4SkRodXFCUFpHUUNxd0VQRHhZRUh3VUZDRzkxZEMxdFpXNTFId1FDQW1RV0FnSUJEdzhXQWg4Q0JSeFVTT0c3a0U1SElFdkRpaURFa01PVFRrY2dTRkFnVDA1TVNVNUZaR1FDclFFUER4WUVId1VGQ0c5MWRDMXRaVzUxSHdRQ0FtUVdBZ0lCRHc4V0FoOENCUmZFa01TQ1RrY2dTOE9kSUV2RG5TQlV3NXBESUZqRGdXUmtBcThCRHc4V0JCOEZCUWh2ZFhRdGJXVnVkUjhFQWdKa0ZnSUNBUThQRmdJZkFnVVlWRWhCVGtnZ1ZFL0RnVTRnUzhPZElGVERta01nV01PQlpHUUNzUUVQRHhZRUh3VUZDRzkxZEMxdFpXNTFId1FDQW1RV0FnSUJEdzhXQWg4Q0JTSkQ0YnFzVUNCT1NPRzZyRlFnVE1PZElFemh1NHBEU0NCTFNFOUJJRWpodTR4RFpHUUNzd0VQRHhZRUh3VUZDRzkxZEMxdFpXNTFId1FDQW1RV0FnSUJEdzhXQWg4Q0JSZEQ0YnFzVUNCT1NPRzZyRlFnVkM1VVNVNGdRa2haVkdSa0FyVUJEdzhXQkI4RkJRaHZkWFF0YldWdWRSOEVBZ0prRmdJQ0FROFBGZ0lmQWdVV1dFVk5JTVNRU2VHN2drMGd4SkREZ3lCRTRicWdXV1JrQXJjQkR3OFdCQjhGQlFodmRYUXRiV1Z1ZFI4RUFnSmtGZ0lDQVE4UEZnSWZBZ1VaU1U0Z1M4T0tJRXRJUVVrZ1Iwbmh1NXdnUjBuaHVxSk9SMlJrQXJrQkR3OFdCQjhGQlFodmRYUXRiV1Z1ZFI4RUFnSmtaQUs3QVE4UEZnUWZCUVVJYjNWMExXMWxiblVmQkFJQ1pHUUN2UUVQRHhZRUh3VUZDRzkxZEMxdFpXNTFId1FDQW1Sa0FyOEJEdzhXQkI4RkJRaHZkWFF0YldWdWRSOEVBZ0prWkFMQkFROFBGZ1FmQlFVSWIzVjBMVzFsYm5VZkJBSUNaR1FDQnc5a0ZnSUNBUTlrRmdKbUQyUVdDQUlCRHhBUEZnUWZBZ1VQVkcvRG9HNGdkSExHc09HN25XNW5IZ2REYUdWamEyVmtaMlJrWkdRQ0F3OFFEeFlDSHdJRkdVUERvU0J1YU1PaWJpQnVaOGF3NGJ1ZGFTQmt3N2x1Wnpwa1pHUmtBZ1VQRHhZRUh3SUZHMDVvNGJxdGNDQnR3Nk1nYytHN2tTQmo0YnFuYmlCNFpXMDZJQjRIUlc1aFlteGxaR2hrWkFJSER3OFdBaDhJYUdSa0Fna1BaQllJQWdFUER4WUNId0lGZVVOdmNIbHlhV2RvZENEQ3FUSXdNRGtnVkhMR3NPRzduVzVuSU1TUVNDQlR3NkJwSUVmRHNtNHR4SkRodXFGcElHamh1NDFqSUdOb3c2MXVhQ0J4ZFhrdUlGRjE0YnFqYmlCc3c3MGdZdUc3bjJrZzRidW1lU0JpWVc0Z2JtakRvbTRnWk1PaWJpQlVVQzRnU09HN2t5QkRhTU90SUUxcGJtaGtaQUlERHc4V0FoOENCUXRVY21GdVp5QkRhT0c3cDJSa0FnVVBEeFlDSHdJRkxWUm9hZUc2djNRZ2ErRzZ2eUJpNGJ1ZmFTQmpkSGtnVUdqaHVxZHVJRzNodTRGdElFRnVhQ0JSZGNPaWJtUmtBZ2NQRHhZQ0h3SUZETVNRNGJxbmRTQlVjbUZ1WjJSa0dBRUZIbDlmUTI5dWRISnZiSE5TWlhGMWFYSmxVRzl6ZEVKaFkydExaWGxmWHhZREJTOWpkR3d3TUNSRGIyNTBaVzUwVUd4aFkyVkliMnhrWlhJeEpHTjBiREF3SkhKaFpHbHZWRzloYmxSeWRXOXVad1VwWTNSc01EQWtRMjl1ZEdWdWRGQnNZV05sU0c5c1pHVnlNU1JqZEd3d01DUnlZV1JwYjAxaFUxWUZLV04wYkRBd0pFTnZiblJsYm5SUWJHRmpaVWh2YkdSbGNqRWtZM1JzTURBa2NtRmthVzlOWVZOV2JLNEtrd2JvdTFNWUcvY25lL2syVG9nZzl1Yz0iIENvcnJlbGF0aW9uQmluZGluZz0iIiBVcmxFbmNvZGU9IlRydWUiIC8+DQogICAgICAgIDxGb3JtUG9zdFBhcmFtZXRlciBOYW1lPSJfX1ZJRVdTVEFURUdFTkVSQVRPUiIgVmFsdWU9Int7JEhJRERFTjEuX19WSUVXU1RBVEVHRU5FUkFUT1J9fSIgUmVjb3JkZWRWYWx1ZT0iQ0EwQjAzMzQiIENvcnJlbGF0aW9uQmluZGluZz0iIiBVcmxFbmNvZGU9IlRydWUiIC8+DQogICAgICAgIDxGb3JtUG9zdFBhcmFtZXRlciBOYW1lPSJjdGwwMCRDb250ZW50UGxhY2VIb2xkZXIxJGN0bDAwJHJhZGlvIiBWYWx1ZT0icmFkaW9NYVNWIiBSZWNvcmRlZFZhbHVlPSJyYWRpb01hU1YiIENvcnJlbGF0aW9uQmluZGluZz0ie3tGb3JtUG9zdFBhcmFtNC5jdGwwMCRDb250ZW50UGxhY2VIb2xkZXIxJGN0bDAwJHJhZGlvfX0iIFVybEVuY29kZT0iVHJ1ZSIgLz4NCiAgICAgIDwvRm9ybVBvc3RIdHRwQm9keT4NCiAgICA8L1JlcXVlc3Q+DQogICAgPFJlcXVlc3QgTWV0aG9kPSJHRVQiIEd1aWQ9IjRmZjY4ODM1LWIwNzYtNDhlYi05MjYyLTY4YjZiNzk0NGYyNCIgVmVyc2lvbj0iMS4xIiBVcmw9Imh0dHA6Ly90aG9uZ3RpbmRhb3Rhby5zZ3UuZWR1LnZuL2RlZmF1bHQuYXNweCIgVGhpbmtUaW1lPSIwIiBUaW1lb3V0PSIzMDAiIFBhcnNlRGVwZW5kZW50UmVxdWVzdHM9IlRydWUiIEZvbGxvd1JlZGlyZWN0cz0iVHJ1ZSIgUmVjb3JkUmVzdWx0PSJUcnVlIiBDYWNoZT0iRmFsc2UiIFJlc3BvbnNlVGltZUdvYWw9IjAiIEVuY29kaW5nPSJ1dGYtOCIgRXhwZWN0ZWRIdHRwU3RhdHVzQ29kZT0iMCIgRXhwZWN0ZWRSZXNwb25zZVVybD0iaHR0cDovL3Rob25ndGluZGFvdGFvLnNndS5lZHUudm4vRGVmYXVsdC5hc3B4P3BhZ2U9dGhvaWtob2FiaWV1JmFtcDtzdGE9MSZhbXA7aWQ9MzExOTQxMTA0MiIgUmVwb3J0aW5nTmFtZT0iIiBJZ25vcmVIdHRwU3RhdHVzQ29kZT0iRmFsc2UiPg0KICAgICAgPFF1ZXJ5U3RyaW5nUGFyYW1ldGVycz4NCiAgICAgICAgPFF1ZXJ5U3RyaW5nUGFyYW1ldGVyIE5hbWU9InBhZ2UiIFZhbHVlPSJuaGFwbWFzdiIgUmVjb3JkZWRWYWx1ZT0ibmhhcG1hc3YiIENvcnJlbGF0aW9uQmluZGluZz0ie3tRdWVyeVN0cmluZ1BhcmFtMTkucGFnZX19IiBVcmxFbmNvZGU9IkZhbHNlIiBVc2VUb0dyb3VwUmVzdWx0cz0iRmFsc2UiIC8+DQogICAgICAgIDxRdWVyeVN0cmluZ1BhcmFtZXRlciBOYW1lPSJmbGFnIiBWYWx1ZT0iVGhvaUtob2FCaWV1IiBSZWNvcmRlZFZhbHVlPSJUaG9pS2hvYUJpZXUiIENvcnJlbGF0aW9uQmluZGluZz0ie3tRdWVyeVN0cmluZ1BhcmFtMjAuZmxhZ319IiBVcmxFbmNvZGU9IkZhbHNlIiBVc2VUb0dyb3VwUmVzdWx0cz0iRmFsc2UiIC8+DQogICAgICA8L1F1ZXJ5U3RyaW5nUGFyYW1ldGVycz4NCiAgICAgIDxGb3JtUG9zdEh0dHBCb2R5Pg0KICAgICAgICA8Rm9ybVBvc3RQYXJhbWV0ZXIgTmFtZT0iX19FVkVOVFRBUkdFVCIgVmFsdWU9IiIgUmVjb3JkZWRWYWx1ZT0iIiBDb3JyZWxhdGlvbkJpbmRpbmc9IiIgVXJsRW5jb2RlPSJUcnVlIiAvPg0KICAgICAgICA8Rm9ybVBvc3RQYXJhbWV0ZXIgTmFtZT0iX19FVkVOVEFSR1VNRU5UIiBWYWx1ZT0iIiBSZWNvcmRlZFZhbHVlPSIiIENvcnJlbGF0aW9uQmluZGluZz0iIiBVcmxFbmNvZGU9IlRydWUiIC8+DQogICAgICAgIDxGb3JtUG9zdFBhcmFtZXRlciBOYW1lPSJfX0xBU1RGT0NVUyIgVmFsdWU9IiIgUmVjb3JkZWRWYWx1ZT0iIiBDb3JyZWxhdGlvbkJpbmRpbmc9IiIgVXJsRW5jb2RlPSJUcnVlIiAvPg0KICAgICAgICA8Rm9ybVBvc3RQYXJhbWV0ZXIgTmFtZT0iX19WSUVXU1RBVEUiIFZhbHVlPSIvd0VQRHdVS0xUTXhOamMzTlRNM05ROWtGZ0ptRDJRV0JHWVBaQllFQWdFUEZnSWVCMk52Ym5SbGJuUmtaQUlDRHhZQ0hnUm9jbVZtQlNrdUwwMWxjM05oWjJWR2FXeGxMMlpoZG1samIyNHRaR0ZwTFdodll5MXpZV2t0WjI5dUxtcHdaMlFDQVE5a0ZnZ0NBdzlrRmdKbUQyUVdBZ0lCRDJRV0RHWVBEeFlDSGdSVVpYaDBCUXhEYU1PZ2J5Qmk0YnFoYmlCa1pBSUJEdzhXQmg4Q0JROVlaVzBnZEdqRHRHNW5JR0xEb1c4ZUNVWnZjbVZEYjJ4dmNna0FNLy8vSGdSZklWTkNBZ1JrWkFJQ0R3OFdCaDhDQlFNZ2ZDQWZBd2tBTS8vL0h3UUNCR1JrQWdNUER4WUdId0lGR0ZSb1lYa2d4SkhodTVWcElHM2h1cTEwSUd0bzRicXBkUjhEQ1FBei8vOGZCQUlFWkdRQ0JBOFBGZ1lmQWdVRElId2dId01KQURQLy94OEVBZ1JrWkFJRkR3OFdCaDhDQlEzRWtNU0RibWNnVG1qaHVxMXdId01KQURQLy94OEVBZ1JrWkFJRkQyUVd3Z0VDQVE4UEZnUWVDRU56YzBOc1lYTnpCUWh2ZFhRdGJXVnVkUjhFQWdKa0ZnSm1EdzhXQWg4Q0JRdFVVa0ZPUnlCRFNPRzdwbVJrQWdNUER4WUVId1VGQ0c5MWRDMXRaVzUxSHdRQ0FtUVdBZ0lCRHc4V0FoOENCUmRFUVU1SUlFM2h1NlJESUVOSTRidW9ReUJPeElKT1IyUmtBZ1VQRHhZRUh3VUZDRzkxZEMxdFpXNTFId1FDQW1RV0FnSUJEdzhXQWg4Q0JSdEVUU0JEU09HN3FFTWdUc1NDVGtjZ3hKRERnVTVJSUVkSnc0RmtaQUlIRHc4V0JCOEZCUWh2ZFhRdGJXVnVkUjhFQWdKa0ZnSUNBUThQRmdJZkFnVWpVVlhodXFKT0lFekRuU0RFa01PQlRrZ2dSMG5EZ1NCU3c0aE9JRXhWV2VHN2hrNWtaQUlKRHc4V0JoOEZCUWh2ZFhRdGJXVnVkUjhFQWdJZUIxWnBjMmxpYkdWb1pCWUNBZ0VQRHhZQ0h3SUZGY1NReElKT1J5Qkx3NTBnVGNPVVRpQkk0YnVNUTJSa0Fnc1BEeFlFSHdVRkNHOTFkQzF0Wlc1MUh3UUNBbVJrQWcwUER4WUVId1VGQ0c5MWRDMXRaVzUxSHdRQ0FtUVdBZ0lCRHc4V0FoOENCUWRZUlUwZ1ZFdENaR1FDRHc4UEZnUWZCUVVJYjNWMExXMWxiblVmQkFJQ1pCWUNBZ0VQRHhZQ0h3SUZFRmhGVFNERWtFbmh1NEpOSUVSQlRraGtaQUlSRHc4V0JCOEZCUWh2ZFhRdGJXVnVkUjhFQWdKa0ZnSm1EdzhXQWg4Q0JRNVlSVTBnVE9HN2lrTklJRlJJU1dSa0FoTVBEeFlHSHdVRkNHOTFkQzF0Wlc1MUh3UUNBaDhHYUdRV0FnSUJEdzhXQWg4Q0JSUllSVTBnVE9HN2lrTklJRlJJU1NCTTRicWdTV1JrQWhVUER4WUdId1VGQ0c5MWRDMXRaVzUxSHdRQ0FoOEdhR1FXQWdJQkR3OFdBaDhDQlJGWVJVMGdUT0c3aWtOSUlGUklTU0JIUzJSa0FoY1BEeFlHSHdVRkNHOTFkQzF0Wlc1MUh3UUNBaDhHYUdRV0FnSUJEdzhXQWg4Q0JTRkhTRWtnVk1PVFRTQlU0YnF1VkNCTnc1Uk9JRWRKNGJxaVRrY2dST0c2b0Zsa1pBSVpEdzhXQkI4RkJRaHZkWFF0YldWdWRSOEVBZ0prWkFJYkR3OFdCQjhGQlFodmRYUXRiV1Z1ZFI4RUFnSmtGZ0lDQVE4UEZnSWZBZ1VPV0VWTklFamh1NHhESUZCSXc0MWtaQUlkRHc4V0JCOEZCUWh2ZFhRdGJXVnVkUjhFQWdKa1pBSWZEdzhXQkI4RkJRaHZkWFF0YldWdWRSOEVBZ0prRmdJQ0FROFBGZ0lmQWdVTFdFVk5JTVNRU2VHN2drMWtaQUloRHc4V0JoOEZCUWh2ZFhRdGJXVnVkUjhFQWdJZkJtaGtGZ0lDQVE4UEZnSWZBZ1VUeEpCSjRidUNUU0JMNGJ1eUlGYmh1NHhPUjJSa0FpTVBEeFlFSHdVRkNHOTFkQzF0Wlc1MUh3UUNBbVFXQWdJQkR3OFdBaDhDQlJoTDRicStWQ0JSVmVHNm9pREVrRW5odTRKTklFUkJUa2hrWkFJbER3OFdCQjhGQlFodmRYUXRiV1Z1ZFI4RUFnSmtGZ0lDQVE4UEZnSWZBZ1VXUzFFZ3hKQko0YnVDVFNCRVFVNUlJRTlPVEVsT1JXUmtBaWNQRHhZRUh3VUZDRzkxZEMxdFpXNTFId1FDQW1RV0FnSUJEdzhXQWg4Q0JSdFlSVTBneEpCSjRidUNUU0JFUVU1SUlGTkpUa2dnVmtuRGlrNWtaQUlwRHc4V0JCOEZCUWh2ZFhRdGJXVnVkUjhFQWdKa0ZnSUNBUThQRmdJZkFnVWZSMG5odXFKT1J5QldTY09LVGlCVTRidXdJTVNRU2VHN2drMGdSRUZPU0dSa0Fpc1BEeFlFSHdVRkNHOTFkQzF0Wlc1MUh3UUNBbVFXQWdJQkR3OFdBaDhDQlFsWVJVMGdRMVRFa0ZSa1pBSXREdzhXQkI4RkJRaHZkWFF0YldWdWRSOEVBZ0prRmdJQ0FROFBGZ0lmQWdVTFdFVk5JRTNEbEU0Z1ZGRmtaQUl2RHc4V0JCOEZCUWh2ZFhRdGJXVnVkUjhFQWdKa0ZnSUNBUThQRmdJZkFnVWt4SkREZ1U1SUlFZEp3NEVnUytHNnZsUWdVVlhodXFJZ1VzT0lUaUJNVlZuaHU0Wk9aR1FDTVE4UEZnUWZCUVVJYjNWMExXMWxiblVmQkFJQ1pCWUNBZ0VQRHhZQ0h3SUZKc1NRdzRGT1NDQkhTY09CSUV0UklGTERpRTRnVEZWWjRidUdUaUJUU1U1SUlGWkp3NHBPWkdRQ013OFBGZ1lmQlFVSWIzVjBMVzFsYm5VZkJBSUNId1pvWkJZQ0FnRVBEeFlDSHdJRkVsUGh1NnhCSUZSVUlFUERnU0JPU01PQ1RtUmtBalVQRHhZR0h3VUZDRzkxZEMxdFpXNTFId1FDQWg4R1oyUVdBZ0lCRHc4V0FoOENCUTVIdzVOUUlNT2RJRXRKNGJxK1RtUmtBamNQRHhZR0h3VUZDRzkxZEMxdFpXNTFId1FDQWg4R2FHUVdBbVlQRHhZQ0h3SUZFRlBodTZ4QklFekRuU0JNNGJ1S1EwaGtaQUk1RHc4V0JCOEZCUWh2ZFhRdGJXVnVkUjhFQWdKa0ZnSUNBUThQRmdJZkFnVVZVVlhodXFKT0lFekRuU0JUU1U1SUlGWkp3NHBPWkdRQ093OFBGZ1FmQlFVSWIzVjBMVzFsYm5VZkJBSUNaQllDQWdFUER4WUNId0lGSWt2aHVyNVVJRkZWNGJxaUlGTkpUa2dnVmtuRGlrNGd4SkREZ1U1SUlFZEp3NEZrWkFJOUR3OFdCQjhGQlFodmRYUXRiV1Z1ZFI4RUFnSmtaQUkvRHc4V0JCOEZCUWh2ZFhRdGJXVnVkUjhFQWdKa0ZnSUNBUTlrRmdKbUR3OFdBaDhDQlJuRWtNT0JUa2dnUjBuRGdTQkhTZUc2b2s1SElFVGh1cUJaWkdRQ1FROFBGZ1FmQlFVSWIzVjBMVzFsYm5VZkJBSUNaQllDQWdFUER4WUNId0lGRk1TUXhJSk9SeUJMdzUwZ1ZFaEpJRXpodXFCSlpHUUNRdzhQRmdRZkJRVUliM1YwTFcxbGJuVWZCQUlDWkdRQ1JROFBGZ1FmQlFVSWIzVjBMVzFsYm5VZkJBSUNaQllDQWdFUER4WUNId0lGRXNTUVN5QkRTRlZadzRwT0lFNUh3NEJPU0dSa0FrY1BEeFlFSHdVRkNHOTFkQzF0Wlc1MUh3UUNBbVJrQWtrUER4WUVId1VGQ0c5MWRDMXRaVzUxSHdRQ0FtUVdBZ0lCRHc4V0FoOENCUlpMVVNCWXc0bFVJRlRodTVCVUlFNUhTRW5odTRaUVpHUUNTdzhQRmdRZkJRVUliM1YwTFcxbGJuVWZCQUlDWkJZQ0FnRVBEeFlDSHdJRkhVdFJJRmpEaVZRZ1ZFbmh1NEJPSUZUaHU1QlVJRTVIU0VuaHU0WlFaR1FDVFE4UEZnUWZCUVVJYjNWMExXMWxiblVmQkFJQ1pCWUNBZ0VQRHhZQ0h3SUZHa1BEZ2xVZ1NPRzdqa2tnVkVqR3IrRzduRTVISUVmaHVyWlFaR1FDVHc4UEZnUWZCUVVJYjNWMExXMWxiblVmQkFJQ1pCWUNBZ0VQRHhZQ0h3SUZFOFNRU3lCTFNNT1RRU0JNVmVHNnJFNGdWRTVrWkFKUkR3OFdCQjhGQlFodmRYUXRiV1Z1ZFI4RUFnSmtGZ0lDQVE4UEZnSWZBZ1VPVGtqaHVxeFFJTVNRU2VHN2drMWtaQUpURHc4V0JCOEZCUWh2ZFhRdGJXVnVkUjhFQWdKa1pBSlZEdzhXQkI4RkJRaHZkWFF0YldWdWRSOEVBZ0prWkFKWER3OFdCQjhGQlFodmRYUXRiV1Z1ZFI4RUFnSmtaQUpaRHc4V0JCOEZCUWh2ZFhRdGJXVnVkUjhFQWdKa0ZnSUNBUThQRmdJZkFnVWVXRVZOSU1TUVNlRzdnazBnVGNPVVRpQkhTZUc2b2s1SElFVGh1cUJaWkdRQ1d3OFBGZ1FmQlFVSWIzVjBMVzFsYm5VZkJBSUNaQllDQWdFUER4WUNId0lGSGxoRlRTREVrRW5odTRKTklGVGh1NVJPUnlCSTRidWlVQ0JNNGJ1YVVHUmtBbDBQRHhZRUh3VUZDRzkxZEMxdFpXNTFId1FDQW1RV0FnSUJEdzhXQWg4Q0JSVkpUaUJMU09HN2tFa2dUTWF2NGJ1aVRrY2dSMFJrWkFKZkR3OFdCQjhGQlFodmRYUXRiV1Z1ZFI4RUFnSmtGZ0lDQVE4UEZnSWZBZ1VPVlZCTVQwRkVJTVNRU2VHN2drMWtaQUpoRHc4V0JCOEZCUWh2ZFhRdGJXVnVkUjhFQWdKa0ZnSUNBUThQRmdJZkFnVU5WRXRDSUVMaHU1Z2dUY09VVG1Sa0FtTVBEeFlFSHdVRkNHOTFkQzF0Wlc1MUh3UUNBbVFXQWdJQkR3OFdBaDhDQlJSTTRidUtRMGdnVkVoSklFTGh1NWdnVGNPVVRtUmtBbVVQRHhZRUh3VUZDRzkxZEMxdFpXNTFId1FDQW1RV0FnSUJEdzhXQWg4Q0JTWlVTT0c3a0U1SElFdkRpaUJIU2VHNm9rNUhJRlpKdzRwT0lFUlZXZUc3aGxRZ1MxRkVTMlJrQW1jUER4WUVId1VGQ0c5MWRDMXRaVzUxSHdRQ0FtUVdBZ0lCRHc4V0FoOENCU0pZUlUwZ1ZPRzdsRTVISUVqaHU2SlFJRXRSSUVqaHU0eERJRlRodXF4UUlGTldaR1FDYVE4UEZnUWZCUVVJYjNWMExXMWxiblVmQkFJQ1pHUUNhdzhQRmdRZkJRVUliM1YwTFcxbGJuVWZCQUlDWkJZQ1pnOFBGZ0lmQWdVWVMrRzZ2aUJJVCtHNm9FTklJRWpodTR4RElGVGh1cXhRWkdRQ2JROFBGZ1FmQlFVSWIzVjBMVzFsYm5VZkJBSUNaR1FDYnc4UEZnUWZCUVVJYjNWMExXMWxiblVmQkFJQ1pCWUNBZ0VQRHhZQ0h3SUZGRWpHcitHN21rNUhJRVRodXFwT0lNU1FTMDFJWkdRQ2NROFBGZ1FmQlFVSWIzVjBMVzFsYm5VZkJBSUNaQllDQWdFUER4WUNId0lGSUU1STRicXNVQ0RFa09HN2lrRWdRMGpodTRnZ1Rramh1cXhPSUZQRGdVTklaR1FDY3c4UEZnUWZCUVVJYjNWMExXMWxiblVmQkFJQ1pCWUNBZ0VQRHhZQ0h3SUZKTVNReElKT1J5Qkx3NTBnVGtqaHVxeE9JRlBEZ1VOSUlFNUhUOE9BU1NCSFNlRzduR1JrQW5VUER4WUVId1VGQ0c5MWRDMXRaVzUxSHdRQ0FtUVdBZ0lCRHc4V0FoOENCUnZFa01PQlRrZ2dSMG5EZ1NCRFNPRzZwRlFnVE1hdjRidWlUa2RrWkFKM0R3OFdCQjhGQlFodmRYUXRiV1Z1ZFI4RUFnSmtGZ0lDQVE4UEZnSWZBZ1VmeEpBdVM4T2RJRVRodTdBZ1RPRzdoQ0JVNGJ1UVZDQk9SMGhKNGJ1R1VHUmtBbmtQRHhZRUh3VUZDRzkxZEMxdFpXNTFId1FDQW1RV0FnSUJEdzhXQWg4Q0JSTk80YnVZVUNCRFNPRzdxRTVISUVOSTRidUlaR1FDZXc4UEZnUWZCUVVJYjNWMExXMWxiblVmQkFJQ1pCWUNBZ0VQRHhZQ0h3SUZJVmhGVFNERWtPRzdnQ0JEeHEvR29FNUhJRlJTVDA1SElFTGh1NWdnVGNPVVRtUmtBbjBQRHhZRUh3VUZDRzkxZEMxdFpXNTFId1FDQW1RV0FnSUJEdzhXQWg4Q0JSbEVRVTVJSUZQRGdVTklJTVNRTGt2RG5TQll3NGxVSUZST1pHUUNmdzhQRmdRZkJRVUliM1YwTFcxbGJuVWZCQUlDWkJZQ0FnRVBEeFlDSHdJRkhrUkJUa2dnVThPQlEwZ2d4SkF1UzhPZElFVGh1N0FnVE9HN2hDQlVUbVJrQW9FQkR3OFdCQjhGQlFodmRYUXRiV1Z1ZFI4RUFnSmtGZ0lDQVE4UEZnSWZBZ1VXVkVqRGxFNUhJRlJKVGlCTVZlRzZyRTRnVnNTQ1RtUmtBb01CRHc4V0JCOEZCUWh2ZFhRdGJXVnVkUjhFQWdKa0ZnSUNBUThQRmdJZkFnVW5WRkpCSUVQaHU2aFZJRmJFZ2s0Z1F1RzZzRTVISUZiRGdDQkRTT0c3cUU1SElFTkk0YnVJWkdRQ2hRRVBEeFlFSHdVRkNHOTFkQzF0Wlc1MUh3UUNBbVFXQWdJQkR3OFdBaDhDQlJCRDRidXdWU0JUU1U1SUlGWkp3NHBPWkdRQ2h3RVBEeFlFSHdVRkNHOTFkQzF0Wlc1MUh3UUNBbVFXQWdJQkR3OFdBaDhDQlJmRWtNU0NUa2NnUzhPZElGakRpVlFnVkZWWjRidUNUbVJrQW9rQkR3OFdCQjhGQlFodmRYUXRiV1Z1ZFI4RUFnSmtGZ0lDQVE4UEZnSWZBZ1VnVkVqRGxFNUhJRlJKVGlCSTRidVNJRlBHb0NCVVZWbmh1NEpPSUZOSlRraGtaQUtMQVE4UEZnUWZCUVVJYjNWMExXMWxiblVmQkFJQ1pHUUNqUUVQRHhZRUh3VUZDRzkxZEMxdFpXNTFId1FDQW1RV0FnSUJEdzhXQWg4Q0JSZEl3NU5CSU1TUXhxQk9JTVNRU2VHN2hrNGdWT0c3ckdSa0FvOEJEdzhXQkI4RkJRaHZkWFF0YldWdWRSOEVBZ0prRmdJQ0FROFBGZ0lmQWdVV1RrZEk0YnVJSUVUaHVxQlpJRVRodXFCWklFTERtV1JrQXBFQkR3OFdCQjhGQlFodmRYUXRiV1Z1ZFI4RUFnSmtGZ0lDQVE4UEZnSWZBZ1VYeEpERWdrNUhJRXZEblNCT1Iwamh1NGdnVUVqRGlWQmtaQUtUQVE4UEZnUWZCUVVJYjNWMExXMWxiblVmQkFJQ1pCWUNBZ0VQRHhZQ0h3SUZFc1NReElKT1J5Qkx3NTBnUTA5SklGUklTV1JrQXBVQkR3OFdCQjhGQlFodmRYUXRiV1Z1ZFI4RUFnSmtGZ0lDQVE4UEZnSWZBZ1VTV0VWTklFemh1NHBEU0NCRFQwa2dWRWhKWkdRQ2x3RVBEeFlFSHdVRkNHOTFkQzF0Wlc1MUh3UUNBbVFXQWdJQkR3OFdBaDhDQlJ0TFVTQk9SMGhKdzRwT0lFUGh1NmhWSUV0SVQwRWdTT0c3akVOa1pBS1pBUThQRmdRZkJRVUliM1YwTFcxbGJuVWZCQUlDWkJZQ0FnRVBEeFlDSHdJRkhGaEZUU0RFa09HN2dDQlV3NEJKSUU1RFMwZ2dWRWhCVFNCSFNVRmtaQUtiQVE4UEZnUWZCUVVJYjNWMExXMWxiblVmQkFJQ1pCWUNBZ0VQWkJZQ1pnOFBGZ0lmQWdVa3hKREVnazVISUV2RG5TQllTVTRnUjBuaHVxUlpJRU5JNGJ1b1RrY2dUa2podXF4T1pHUUNuUUVQRHhZRUh3VUZDRzkxZEMxdFpXNTFId1FDQW1RV0FnSUJEMlFXQW1ZUER4WUNId0lGR1VQaHVxeFFJRTVJNGJxc1ZDQk9SMC9odXFCSklGUlN3NXBrWkFLZkFROFBGZ1FmQlFVSWIzVjBMVzFsYm5VZkJBSUNaQllDQWdFUER4WUNId0lGRzBQaHVxeFFJRTVJNGJxc1ZDQlVTTWF2NGJ1Y1RrY2dWRkxEbW1Sa0FxRUJEdzhXQkI4RkJRaHZkWFF0YldWdWRSOEVBZ0prRmdJQ0FROFBGZ0lmQWdVVlErRzZxRTBnVGtGT1J5QlRTVTVJSUZaSnc0cE9aR1FDb3dFUER4WUVId1VGQ0c5MWRDMXRaVzUxSHdRQ0FtUVdBZ0lCRHc4V0FoOENCUjVZUlUwZ1RGWGh1cXhPSUZiRWdrNGdWT0c3a0ZRZ1RrZElTZUc3aGxCa1pBS2xBUThQRmdRZkJRVUliM1YwTFcxbGJuVWZCQUlDWkJZQ0FnRVBEeFlDSHdJRkhsaEZUU0JNVmVHNnJFNGdWc1NDVGlCSXhxL2h1NXBPUnlCRTRicXFUbVJrQXFjQkR3OFdCQjhGQlFodmRYUXRiV1Z1ZFI4RUFnSmtGZ0lDQVE4UEZnSWZBZ1VkV0VWTklFeFY0YnFzVGlCV3hJSk9JRkJJNGJxaVRpQkNTZUc3aGs1a1pBS3BBUThQRmdRZkJRVUliM1YwTFcxbGJuVWZCQUlDWkJZQ0FnRVBEeFlDSHdJRkpFTERnVThnUWtuaHU0SlZJRkJJNGJ1a1F5Qlc0YnVrSUV6RGcwNUlJTVNRNGJxZ1QyUmtBcXNCRHc4V0JCOEZCUWh2ZFhRdGJXVnVkUjhFQWdKa0ZnSUNBUThQRmdJZkFnVWNWRWpodTVCT1J5Qkx3NG9neEpERGswNUhJRWhRSUU5T1RFbE9SV1JrQXEwQkR3OFdCQjhGQlFodmRYUXRiV1Z1ZFI4RUFnSmtGZ0lDQVE4UEZnSWZBZ1VYeEpERWdrNUhJRXZEblNCTHc1MGdWTU9hUXlCWXc0RmtaQUt2QVE4UEZnUWZCUVVJYjNWMExXMWxiblVmQkFJQ1pCWUNBZ0VQRHhZQ0h3SUZHRlJJUVU1SUlGUlB3NEZPSUV2RG5TQlV3NXBESUZqRGdXUmtBckVCRHc4V0JCOEZCUWh2ZFhRdGJXVnVkUjhFQWdKa0ZnSUNBUThQRmdJZkFnVWlRK0c2ckZBZ1Rramh1cXhVSUV6RG5TQk00YnVLUTBnZ1MwaFBRU0JJNGJ1TVEyUmtBck1CRHc4V0JCOEZCUWh2ZFhRdGJXVnVkUjhFQWdKa0ZnSUNBUThQRmdJZkFnVVhRK0c2ckZBZ1Rramh1cXhVSUZRdVZFbE9JRUpJV1ZSa1pBSzFBUThQRmdRZkJRVUliM1YwTFcxbGJuVWZCQUlDWkJZQ0FnRVBEeFlDSHdJRkZsaEZUU0RFa0VuaHU0Sk5JTVNRdzRNZ1JPRzZvRmxrWkFLM0FROFBGZ1FmQlFVSWIzVjBMVzFsYm5VZkJBSUNaQllDQWdFUER4WUNId0lGR1VsT0lFdkRpaUJMU0VGSklFZEo0YnVjSUVkSjRicWlUa2RrWkFLNUFROFBGZ1FmQlFVSWIzVjBMVzFsYm5VZkJBSUNaR1FDdXdFUER4WUVId1VGQ0c5MWRDMXRaVzUxSHdRQ0FtUmtBcjBCRHc4V0JCOEZCUWh2ZFhRdGJXVnVkUjhFQWdKa1pBSy9BUThQRmdRZkJRVUliM1YwTFcxbGJuVWZCQUlDWkdRQ3dRRVBEeFlFSHdVRkNHOTFkQzF0Wlc1MUh3UUNBbVJrQWdjUFpCWUNBZ0VQWkJZQ1pnOWtGZ2dDQVE4UUR4WUVId0lGRDFSdnc2QnVJSFJ5eHJEaHU1MXVaeDRIUTJobFkydGxaR2hrWkdSa0FnTVBFQThXQkI4Q0JSbER3NkVnYm1qRG9tNGdibWZHc09HN25Xa2daTU81Ym1jNkh3ZG5aR1JrWkFJRkR3OFdCQjhDQlJ0T2FPRzZyWEFnYmNPaklIUGh1NUVnWStHNnAyNGdlR1Z0T2lBZUIwVnVZV0pzWldSblpHUUNCdzhQRmdJZkNHZGtaQUlKRDJRV0NBSUJEdzhXQWg4Q0JYbERiM0I1Y21sbmFIUWd3cWt5TURBNUlGUnl4ckRodTUxdVp5REVrRWdnVThPZ2FTQkh3N0p1TGNTUTRicWhhU0JvNGJ1Tll5QmphTU90Ym1nZ2NYVjVMaUJSZGVHNm8yNGdiTU85SUdMaHU1OXBJT0c3cG5rZ1ltRnVJRzVvdzZKdUlHVERvbTRnVkZBdUlFamh1NU1nUTJqRHJTQk5hVzVvWkdRQ0F3OFBGZ0lmQWdVTFZISmhibWNnUTJqaHU2ZGtaQUlGRHc4V0FoOENCUzFVYUduaHVyOTBJR3ZodXI4Z1l1RzduMmtnWTNSNUlGQm80YnFuYmlCdDRidUJiU0JCYm1nZ1VYWERvbTVrWkFJSER3OFdBaDhDQlF6RWtPRzZwM1VnVkhKaGJtZGtaQmdCQlI1ZlgwTnZiblJ5YjJ4elVtVnhkV2x5WlZCdmMzUkNZV05yUzJWNVgxOFdBd1V2WTNSc01EQWtRMjl1ZEdWdWRGQnNZV05sU0c5c1pHVnlNU1JqZEd3d01DUnlZV1JwYjFSdllXNVVjblZ2Ym1jRkwyTjBiREF3SkVOdmJuUmxiblJRYkdGalpVaHZiR1JsY2pFa1kzUnNNREFrY21Ga2FXOVViMkZ1VkhKMWIyNW5CU2xqZEd3d01DUkRiMjUwWlc1MFVHeGhZMlZJYjJ4a1pYSXhKR04wYkRBd0pISmhaR2x2VFdGVFZqbG5BYkRnM0RCbmRKb2Zlb2xPTHpzTTVQNDEiIFJlY29yZGVkVmFsdWU9Ii93RVBEd1VLTFRNeE5qYzNOVE0zTlE5a0ZnSm1EMlFXQkdZUFpCWUVBZ0VQRmdJZUIyTnZiblJsYm5Sa1pBSUNEeFlDSGdSb2NtVm1CU2t1TDAxbGMzTmhaMlZHYVd4bEwyWmhkbWxqYjI0dFpHRnBMV2h2WXkxellXa3RaMjl1TG1wd1oyUUNBUTlrRmdnQ0F3OWtGZ0ptRDJRV0FnSUJEMlFXREdZUER4WUNIZ1JVWlhoMEJReERhTU9nYnlCaTRicWhiaUJrWkFJQkR3OFdCaDhDQlE5WVpXMGdkR2pEdEc1bklHTERvVzhlQ1VadmNtVkRiMnh2Y2drQU0vLy9IZ1JmSVZOQ0FnUmtaQUlDRHc4V0JoOENCUU1nZkNBZkF3a0FNLy8vSHdRQ0JHUmtBZ01QRHhZR0h3SUZHRlJvWVhrZ3hKSGh1NVZwSUczaHVxMTBJR3RvNGJxcGRSOERDUUF6Ly84ZkJBSUVaR1FDQkE4UEZnWWZBZ1VESUh3Z0h3TUpBRFAvL3g4RUFnUmtaQUlGRHc4V0JoOENCUTNFa01TRGJtY2dUbWpodXExd0h3TUpBRFAvL3g4RUFnUmtaQUlGRDJRV3dnRUNBUThQRmdRZUNFTnpjME5zWVhOekJRaHZkWFF0YldWdWRSOEVBZ0prRmdKbUR3OFdBaDhDQlF0VVVrRk9SeUJEU09HN3BtUmtBZ01QRHhZRUh3VUZDRzkxZEMxdFpXNTFId1FDQW1RV0FnSUJEdzhXQWg4Q0JSZEVRVTVJSUUzaHU2UkRJRU5JNGJ1b1F5Qk94SUpPUjJSa0FnVVBEeFlFSHdVRkNHOTFkQzF0Wlc1MUh3UUNBbVFXQWdJQkR3OFdBaDhDQlJ0RVRTQkRTT0c3cUVNZ1RzU0NUa2NneEpERGdVNUlJRWRKdzRGa1pBSUhEdzhXQkI4RkJRaHZkWFF0YldWdWRSOEVBZ0prRmdJQ0FROFBGZ0lmQWdValVWWGh1cUpPSUV6RG5TREVrTU9CVGtnZ1IwbkRnU0JTdzRoT0lFeFZXZUc3aGs1a1pBSUpEdzhXQmg4RkJRaHZkWFF0YldWdWRSOEVBZ0llQjFacGMybGliR1ZvWkJZQ0FnRVBEeFlDSHdJRkZjU1F4SUpPUnlCTHc1MGdUY09VVGlCSTRidU1RMlJrQWdzUER4WUVId1VGQ0c5MWRDMXRaVzUxSHdRQ0FtUmtBZzBQRHhZRUh3VUZDRzkxZEMxdFpXNTFId1FDQW1RV0FnSUJEdzhXQWg4Q0JRZFlSVTBnVkV0Q1pHUUNEdzhQRmdRZkJRVUliM1YwTFcxbGJuVWZCQUlDWkJZQ0FnRVBEeFlDSHdJRkVGaEZUU0RFa0VuaHU0Sk5JRVJCVGtoa1pBSVJEdzhXQkI4RkJRaHZkWFF0YldWdWRSOEVBZ0prRmdKbUR3OFdBaDhDQlE1WVJVMGdUT0c3aWtOSUlGUklTV1JrQWhNUER4WUdId1VGQ0c5MWRDMXRaVzUxSHdRQ0FoOEdhR1FXQWdJQkR3OFdBaDhDQlJSWVJVMGdUT0c3aWtOSUlGUklTU0JNNGJxZ1NXUmtBaFVQRHhZR0h3VUZDRzkxZEMxdFpXNTFId1FDQWg4R2FHUVdBZ0lCRHc4V0FoOENCUkZZUlUwZ1RPRzdpa05JSUZSSVNTQkhTMlJrQWhjUER4WUdId1VGQ0c5MWRDMXRaVzUxSHdRQ0FoOEdhR1FXQWdJQkR3OFdBaDhDQlNGSFNFa2dWTU9UVFNCVTRicXVWQ0JOdzVST0lFZEo0YnFpVGtjZ1JPRzZvRmxrWkFJWkR3OFdCQjhGQlFodmRYUXRiV1Z1ZFI4RUFnSmtaQUliRHc4V0JCOEZCUWh2ZFhRdGJXVnVkUjhFQWdKa0ZnSUNBUThQRmdJZkFnVU9XRVZOSUVqaHU0eERJRkJJdzQxa1pBSWREdzhXQkI4RkJRaHZkWFF0YldWdWRSOEVBZ0prWkFJZkR3OFdCQjhGQlFodmRYUXRiV1Z1ZFI4RUFnSmtGZ0lDQVE4UEZnSWZBZ1VMV0VWTklNU1FTZUc3Z2sxa1pBSWhEdzhXQmg4RkJRaHZkWFF0YldWdWRSOEVBZ0lmQm1oa0ZnSUNBUThQRmdJZkFnVVR4SkJKNGJ1Q1RTQkw0YnV5SUZiaHU0eE9SMlJrQWlNUER4WUVId1VGQ0c5MWRDMXRaVzUxSHdRQ0FtUVdBZ0lCRHc4V0FoOENCUmhMNGJxK1ZDQlJWZUc2b2lERWtFbmh1NEpOSUVSQlRraGtaQUlsRHc4V0JCOEZCUWh2ZFhRdGJXVnVkUjhFQWdKa0ZnSUNBUThQRmdJZkFnVVdTMUVneEpCSjRidUNUU0JFUVU1SUlFOU9URWxPUldSa0FpY1BEeFlFSHdVRkNHOTFkQzF0Wlc1MUh3UUNBbVFXQWdJQkR3OFdBaDhDQlJ0WVJVMGd4SkJKNGJ1Q1RTQkVRVTVJSUZOSlRrZ2dWa25EaWs1a1pBSXBEdzhXQkI4RkJRaHZkWFF0YldWdWRSOEVBZ0prRmdJQ0FROFBGZ0lmQWdVZlIwbmh1cUpPUnlCV1NjT0tUaUJVNGJ1d0lNU1FTZUc3Z2swZ1JFRk9TR1JrQWlzUER4WUVId1VGQ0c5MWRDMXRaVzUxSHdRQ0FtUVdBZ0lCRHc4V0FoOENCUWxZUlUwZ1ExVEVrRlJrWkFJdER3OFdCQjhGQlFodmRYUXRiV1Z1ZFI4RUFnSmtGZ0lDQVE4UEZnSWZBZ1VMV0VWTklFM0RsRTRnVkZGa1pBSXZEdzhXQkI4RkJRaHZkWFF0YldWdWRSOEVBZ0prRmdJQ0FROFBGZ0lmQWdVa3hKRERnVTVJSUVkSnc0RWdTK0c2dmxRZ1VWWGh1cUlnVXNPSVRpQk1WVm5odTRaT1pHUUNNUThQRmdRZkJRVUliM1YwTFcxbGJuVWZCQUlDWkJZQ0FnRVBEeFlDSHdJRkpzU1F3NEZPU0NCSFNjT0JJRXRSSUZMRGlFNGdURlZaNGJ1R1RpQlRTVTVJSUZaSnc0cE9aR1FDTXc4UEZnWWZCUVVJYjNWMExXMWxiblVmQkFJQ0h3Wm9aQllDQWdFUER4WUNId0lGRWxQaHU2eEJJRlJVSUVQRGdTQk9TTU9DVG1Sa0FqVVBEeFlHSHdVRkNHOTFkQzF0Wlc1MUh3UUNBaDhHWjJRV0FnSUJEdzhXQWg4Q0JRNUh3NU5RSU1PZElFdEo0YnErVG1Sa0FqY1BEeFlHSHdVRkNHOTFkQzF0Wlc1MUh3UUNBaDhHYUdRV0FtWVBEeFlDSHdJRkVGUGh1NnhCSUV6RG5TQk00YnVLUTBoa1pBSTVEdzhXQkI4RkJRaHZkWFF0YldWdWRSOEVBZ0prRmdJQ0FROFBGZ0lmQWdVVlVWWGh1cUpPSUV6RG5TQlRTVTVJSUZaSnc0cE9aR1FDT3c4UEZnUWZCUVVJYjNWMExXMWxiblVmQkFJQ1pCWUNBZ0VQRHhZQ0h3SUZJa3ZodXI1VUlGRlY0YnFpSUZOSlRrZ2dWa25EaWs0Z3hKRERnVTVJSUVkSnc0RmtaQUk5RHc4V0JCOEZCUWh2ZFhRdGJXVnVkUjhFQWdKa1pBSS9EdzhXQkI4RkJRaHZkWFF0YldWdWRSOEVBZ0prRmdJQ0FROWtGZ0ptRHc4V0FoOENCUm5Fa01PQlRrZ2dSMG5EZ1NCSFNlRzZvazVISUVUaHVxQlpaR1FDUVE4UEZnUWZCUVVJYjNWMExXMWxiblVmQkFJQ1pCWUNBZ0VQRHhZQ0h3SUZGTVNReElKT1J5Qkx3NTBnVkVoSklFemh1cUJKWkdRQ1F3OFBGZ1FmQlFVSWIzVjBMVzFsYm5VZkJBSUNaR1FDUlE4UEZnUWZCUVVJYjNWMExXMWxiblVmQkFJQ1pCWUNBZ0VQRHhZQ0h3SUZFc1NRU3lCRFNGVlp3NHBPSUU1SHc0Qk9TR1JrQWtjUER4WUVId1VGQ0c5MWRDMXRaVzUxSHdRQ0FtUmtBa2tQRHhZRUh3VUZDRzkxZEMxdFpXNTFId1FDQW1RV0FnSUJEdzhXQWg4Q0JSWkxVU0JZdzRsVUlGVGh1NUJVSUU1SFNFbmh1NFpRWkdRQ1N3OFBGZ1FmQlFVSWIzVjBMVzFsYm5VZkJBSUNaQllDQWdFUER4WUNId0lGSFV0UklGakRpVlFnVkVuaHU0Qk9JRlRodTVCVUlFNUhTRW5odTRaUVpHUUNUUThQRmdRZkJRVUliM1YwTFcxbGJuVWZCQUlDWkJZQ0FnRVBEeFlDSHdJRkdrUERnbFVnU09HN2pra2dWRWpHcitHN25FNUhJRWZodXJaUVpHUUNUdzhQRmdRZkJRVUliM1YwTFcxbGJuVWZCQUlDWkJZQ0FnRVBEeFlDSHdJRkU4U1FTeUJMU01PVFFTQk1WZUc2ckU0Z1ZFNWtaQUpSRHc4V0JCOEZCUWh2ZFhRdGJXVnVkUjhFQWdKa0ZnSUNBUThQRmdJZkFnVU9Ua2podXF4UUlNU1FTZUc3Z2sxa1pBSlREdzhXQkI4RkJRaHZkWFF0YldWdWRSOEVBZ0prWkFKVkR3OFdCQjhGQlFodmRYUXRiV1Z1ZFI4RUFnSmtaQUpYRHc4V0JCOEZCUWh2ZFhRdGJXVnVkUjhFQWdKa1pBSlpEdzhXQkI4RkJRaHZkWFF0YldWdWRSOEVBZ0prRmdJQ0FROFBGZ0lmQWdVZVdFVk5JTVNRU2VHN2drMGdUY09VVGlCSFNlRzZvazVISUVUaHVxQlpaR1FDV3c4UEZnUWZCUVVJYjNWMExXMWxiblVmQkFJQ1pCWUNBZ0VQRHhZQ0h3SUZIbGhGVFNERWtFbmh1NEpOSUZUaHU1Uk9SeUJJNGJ1aVVDQk00YnVhVUdSa0FsMFBEeFlFSHdVRkNHOTFkQzF0Wlc1MUh3UUNBbVFXQWdJQkR3OFdBaDhDQlJWSlRpQkxTT0c3a0VrZ1RNYXY0YnVpVGtjZ1IwUmtaQUpmRHc4V0JCOEZCUWh2ZFhRdGJXVnVkUjhFQWdKa0ZnSUNBUThQRmdJZkFnVU9WVkJNVDBGRUlNU1FTZUc3Z2sxa1pBSmhEdzhXQkI4RkJRaHZkWFF0YldWdWRSOEVBZ0prRmdJQ0FROFBGZ0lmQWdVTlZFdENJRUxodTVnZ1RjT1VUbVJrQW1NUER4WUVId1VGQ0c5MWRDMXRaVzUxSHdRQ0FtUVdBZ0lCRHc4V0FoOENCUlJNNGJ1S1EwZ2dWRWhKSUVMaHU1Z2dUY09VVG1Sa0FtVVBEeFlFSHdVRkNHOTFkQzF0Wlc1MUh3UUNBbVFXQWdJQkR3OFdBaDhDQlNaVVNPRzdrRTVISUV2RGlpQkhTZUc2b2s1SElGWkp3NHBPSUVSVldlRzdobFFnUzFGRVMyUmtBbWNQRHhZRUh3VUZDRzkxZEMxdFpXNTFId1FDQW1RV0FnSUJEdzhXQWg4Q0JTSllSVTBnVk9HN2xFNUhJRWpodTZKUUlFdFJJRWpodTR4RElGVGh1cXhRSUZOV1pHUUNhUThQRmdRZkJRVUliM1YwTFcxbGJuVWZCQUlDWkdRQ2F3OFBGZ1FmQlFVSWIzVjBMVzFsYm5VZkJBSUNaQllDWmc4UEZnSWZBZ1VZUytHNnZpQklUK0c2b0VOSUlFamh1NHhESUZUaHVxeFFaR1FDYlE4UEZnUWZCUVVJYjNWMExXMWxiblVmQkFJQ1pHUUNidzhQRmdRZkJRVUliM1YwTFcxbGJuVWZCQUlDWkJZQ0FnRVBEeFlDSHdJRkZFakdyK0c3bWs1SElFVGh1cXBPSU1TUVMwMUlaR1FDY1E4UEZnUWZCUVVJYjNWMExXMWxiblVmQkFJQ1pCWUNBZ0VQRHhZQ0h3SUZJRTVJNGJxc1VDREVrT0c3aWtFZ1Ewamh1NGdnVGtqaHVxeE9JRlBEZ1VOSVpHUUNjdzhQRmdRZkJRVUliM1YwTFcxbGJuVWZCQUlDWkJZQ0FnRVBEeFlDSHdJRkpNU1F4SUpPUnlCTHc1MGdUa2podXF4T0lGUERnVU5JSUU1SFQ4T0FTU0JIU2VHN25HUmtBblVQRHhZRUh3VUZDRzkxZEMxdFpXNTFId1FDQW1RV0FnSUJEdzhXQWg4Q0JSdkVrTU9CVGtnZ1IwbkRnU0JEU09HNnBGUWdUTWF2NGJ1aVRrZGtaQUozRHc4V0JCOEZCUWh2ZFhRdGJXVnVkUjhFQWdKa0ZnSUNBUThQRmdJZkFnVWZ4SkF1UzhPZElFVGh1N0FnVE9HN2hDQlU0YnVRVkNCT1IwaEo0YnVHVUdSa0Fua1BEeFlFSHdVRkNHOTFkQzF0Wlc1MUh3UUNBbVFXQWdJQkR3OFdBaDhDQlJOTzRidVlVQ0JEU09HN3FFNUhJRU5JNGJ1SVpHUUNldzhQRmdRZkJRVUliM1YwTFcxbGJuVWZCQUlDWkJZQ0FnRVBEeFlDSHdJRklWaEZUU0RFa09HN2dDQkR4cS9Hb0U1SElGUlNUMDVISUVMaHU1Z2dUY09VVG1Sa0FuMFBEeFlFSHdVRkNHOTFkQzF0Wlc1MUh3UUNBbVFXQWdJQkR3OFdBaDhDQlJsRVFVNUlJRlBEZ1VOSUlNU1FMa3ZEblNCWXc0bFVJRlJPWkdRQ2Z3OFBGZ1FmQlFVSWIzVjBMVzFsYm5VZkJBSUNaQllDQWdFUER4WUNId0lGSGtSQlRrZ2dVOE9CUTBnZ3hKQXVTOE9kSUVUaHU3QWdUT0c3aENCVVRtUmtBb0VCRHc4V0JCOEZCUWh2ZFhRdGJXVnVkUjhFQWdKa0ZnSUNBUThQRmdJZkFnVVdWRWpEbEU1SElGUkpUaUJNVmVHNnJFNGdWc1NDVG1Sa0FvTUJEdzhXQkI4RkJRaHZkWFF0YldWdWRSOEVBZ0prRmdJQ0FROFBGZ0lmQWdVblZGSkJJRVBodTZoVklGYkVnazRnUXVHNnNFNUhJRmJEZ0NCRFNPRzdxRTVISUVOSTRidUlaR1FDaFFFUER4WUVId1VGQ0c5MWRDMXRaVzUxSHdRQ0FtUVdBZ0lCRHc4V0FoOENCUkJENGJ1d1ZTQlRTVTVJSUZaSnc0cE9aR1FDaHdFUER4WUVId1VGQ0c5MWRDMXRaVzUxSHdRQ0FtUVdBZ0lCRHc4V0FoOENCUmZFa01TQ1RrY2dTOE9kSUZqRGlWUWdWRlZaNGJ1Q1RtUmtBb2tCRHc4V0JCOEZCUWh2ZFhRdGJXVnVkUjhFQWdKa0ZnSUNBUThQRmdJZkFnVWdWRWpEbEU1SElGUkpUaUJJNGJ1U0lGUEdvQ0JVVlZuaHU0Sk9JRk5KVGtoa1pBS0xBUThQRmdRZkJRVUliM1YwTFcxbGJuVWZCQUlDWkdRQ2pRRVBEeFlFSHdVRkNHOTFkQzF0Wlc1MUh3UUNBbVFXQWdJQkR3OFdBaDhDQlJkSXc1TkJJTVNReHFCT0lNU1FTZUc3aGs0Z1ZPRzdyR1JrQW84QkR3OFdCQjhGQlFodmRYUXRiV1Z1ZFI4RUFnSmtGZ0lDQVE4UEZnSWZBZ1VXVGtkSTRidUlJRVRodXFCWklFVGh1cUJaSUVMRG1XUmtBcEVCRHc4V0JCOEZCUWh2ZFhRdGJXVnVkUjhFQWdKa0ZnSUNBUThQRmdJZkFnVVh4SkRFZ2s1SElFdkRuU0JPUjBqaHU0Z2dVRWpEaVZCa1pBS1RBUThQRmdRZkJRVUliM1YwTFcxbGJuVWZCQUlDWkJZQ0FnRVBEeFlDSHdJRkVzU1F4SUpPUnlCTHc1MGdRMDlKSUZSSVNXUmtBcFVCRHc4V0JCOEZCUWh2ZFhRdGJXVnVkUjhFQWdKa0ZnSUNBUThQRmdJZkFnVVNXRVZOSUV6aHU0cERTQ0JEVDBrZ1ZFaEpaR1FDbHdFUER4WUVId1VGQ0c5MWRDMXRaVzUxSHdRQ0FtUVdBZ0lCRHc4V0FoOENCUnRMVVNCT1IwaEp3NHBPSUVQaHU2aFZJRXRJVDBFZ1NPRzdqRU5rWkFLWkFROFBGZ1FmQlFVSWIzVjBMVzFsYm5VZkJBSUNaQllDQWdFUER4WUNId0lGSEZoRlRTREVrT0c3Z0NCVXc0QkpJRTVEUzBnZ1ZFaEJUU0JIU1VGa1pBS2JBUThQRmdRZkJRVUliM1YwTFcxbGJuVWZCQUlDWkJZQ0FnRVBaQllDWmc4UEZnSWZBZ1VreEpERWdrNUhJRXZEblNCWVNVNGdSMG5odXFSWklFTkk0YnVvVGtjZ1Rramh1cXhPWkdRQ25RRVBEeFlFSHdVRkNHOTFkQzF0Wlc1MUh3UUNBbVFXQWdJQkQyUVdBbVlQRHhZQ0h3SUZHVVBodXF4UUlFNUk0YnFzVkNCT1IwL2h1cUJKSUZSU3c1cGtaQUtmQVE4UEZnUWZCUVVJYjNWMExXMWxiblVmQkFJQ1pCWUNBZ0VQRHhZQ0h3SUZHMFBodXF4UUlFNUk0YnFzVkNCVVNNYXY0YnVjVGtjZ1ZGTERtbVJrQXFFQkR3OFdCQjhGQlFodmRYUXRiV1Z1ZFI4RUFnSmtGZ0lDQVE4UEZnSWZBZ1VWUStHNnFFMGdUa0ZPUnlCVFNVNUlJRlpKdzRwT1pHUUNvd0VQRHhZRUh3VUZDRzkxZEMxdFpXNTFId1FDQW1RV0FnSUJEdzhXQWg4Q0JSNVlSVTBnVEZYaHVxeE9JRmJFZ2s0Z1ZPRzdrRlFnVGtkSVNlRzdobEJrWkFLbEFROFBGZ1FmQlFVSWIzVjBMVzFsYm5VZkJBSUNaQllDQWdFUER4WUNId0lGSGxoRlRTQk1WZUc2ckU0Z1ZzU0NUaUJJeHEvaHU1cE9SeUJFNGJxcVRtUmtBcWNCRHc4V0JCOEZCUWh2ZFhRdGJXVnVkUjhFQWdKa0ZnSUNBUThQRmdJZkFnVWRXRVZOSUV4VjRicXNUaUJXeElKT0lGQkk0YnFpVGlCQ1NlRzdoazVrWkFLcEFROFBGZ1FmQlFVSWIzVjBMVzFsYm5VZkJBSUNaQllDQWdFUER4WUNId0lGSkVMRGdVOGdRa25odTRKVklGQkk0YnVrUXlCVzRidWtJRXpEZzA1SUlNU1E0YnFnVDJSa0Fxc0JEdzhXQkI4RkJRaHZkWFF0YldWdWRSOEVBZ0prRmdJQ0FROFBGZ0lmQWdVY1ZFamh1NUJPUnlCTHc0b2d4SkREazA1SElFaFFJRTlPVEVsT1JXUmtBcTBCRHc4V0JCOEZCUWh2ZFhRdGJXVnVkUjhFQWdKa0ZnSUNBUThQRmdJZkFnVVh4SkRFZ2s1SElFdkRuU0JMdzUwZ1ZNT2FReUJZdzRGa1pBS3ZBUThQRmdRZkJRVUliM1YwTFcxbGJuVWZCQUlDWkJZQ0FnRVBEeFlDSHdJRkdGUklRVTVJSUZSUHc0Rk9JRXZEblNCVXc1cERJRmpEZ1dSa0FyRUJEdzhXQkI4RkJRaHZkWFF0YldWdWRSOEVBZ0prRmdJQ0FROFBGZ0lmQWdVaVErRzZyRkFnVGtqaHVxeFVJRXpEblNCTTRidUtRMGdnUzBoUFFTQkk0YnVNUTJSa0FyTUJEdzhXQkI4RkJRaHZkWFF0YldWdWRSOEVBZ0prRmdJQ0FROFBGZ0lmQWdVWFErRzZyRkFnVGtqaHVxeFVJRlF1VkVsT0lFSklXVlJrWkFLMUFROFBGZ1FmQlFVSWIzVjBMVzFsYm5VZkJBSUNaQllDQWdFUER4WUNId0lGRmxoRlRTREVrRW5odTRKTklNU1F3NE1nUk9HNm9GbGtaQUszQVE4UEZnUWZCUVVJYjNWMExXMWxiblVmQkFJQ1pCWUNBZ0VQRHhZQ0h3SUZHVWxPSUV2RGlpQkxTRUZKSUVkSjRidWNJRWRKNGJxaVRrZGtaQUs1QVE4UEZnUWZCUVVJYjNWMExXMWxiblVmQkFJQ1pHUUN1d0VQRHhZRUh3VUZDRzkxZEMxdFpXNTFId1FDQW1Sa0FyMEJEdzhXQkI4RkJRaHZkWFF0YldWdWRSOEVBZ0prWkFLL0FROFBGZ1FmQlFVSWIzVjBMVzFsYm5VZkJBSUNaR1FDd1FFUER4WUVId1VGQ0c5MWRDMXRaVzUxSHdRQ0FtUmtBZ2NQWkJZQ0FnRVBaQllDWmc5a0ZnZ0NBUThRRHhZRUh3SUZEMVJ2dzZCdUlIUnl4ckRodTUxdVp4NEhRMmhsWTJ0bFpHaGtaR1JrQWdNUEVBOFdCQjhDQlJsRHc2RWdibWpEb200Z2JtZkdzT0c3bldrZ1pNTzVibWM2SHdkblpHUmtaQUlGRHc4V0JCOENCUnRPYU9HNnJYQWdiY09qSUhQaHU1RWdZK0c2cDI0Z2VHVnRPaUFlQjBWdVlXSnNaV1JuWkdRQ0J3OFBGZ0lmQ0dka1pBSUpEMlFXQ0FJQkR3OFdBaDhDQlhsRGIzQjVjbWxuYUhRZ3dxa3lNREE1SUZSeXhyRGh1NTF1WnlERWtFZ2dVOE9nYVNCSHc3SnVMY1NRNGJxaGFTQm80YnVOWXlCamFNT3RibWdnY1hWNUxpQlJkZUc2bzI0Z2JNTzlJR0xodTU5cElPRzdwbmtnWW1GdUlHNW93Nkp1SUdURG9tNGdWRkF1SUVqaHU1TWdRMmpEclNCTmFXNW9aR1FDQXc4UEZnSWZBZ1VMVkhKaGJtY2dRMmpodTZka1pBSUZEdzhXQWg4Q0JTMVVhR25odXI5MElHdmh1cjhnWXVHN24ya2dZM1I1SUZCbzRicW5iaUJ0NGJ1QmJTQkJibWdnVVhYRG9tNWtaQUlIRHc4V0FoOENCUXpFa09HNnAzVWdWSEpoYm1ka1pCZ0JCUjVmWDBOdmJuUnliMnh6VW1WeGRXbHlaVkJ2YzNSQ1lXTnJTMlY1WDE4V0F3VXZZM1JzTURBa1EyOXVkR1Z1ZEZCc1lXTmxTRzlzWkdWeU1TUmpkR3d3TUNSeVlXUnBiMVJ2WVc1VWNuVnZibWNGTDJOMGJEQXdKRU52Ym5SbGJuUlFiR0ZqWlVodmJHUmxjakVrWTNSc01EQWtjbUZrYVc5VWIyRnVWSEoxYjI1bkJTbGpkR3d3TUNSRGIyNTBaVzUwVUd4aFkyVkliMnhrWlhJeEpHTjBiREF3SkhKaFpHbHZUV0ZUVmpsbkFiRGczREJuZEpvZmVvbE9MenNNNVA0MSIgQ29ycmVsYXRpb25CaW5kaW5nPSJ7e0Zvcm1Qb3N0UGFyYW03Ll9fVklFV1NUQVRFfX0iIFVybEVuY29kZT0iVHJ1ZSIgLz4NCiAgICAgICAgPEZvcm1Qb3N0UGFyYW1ldGVyIE5hbWU9Il9fVklFV1NUQVRFR0VORVJBVE9SIiBWYWx1ZT0iQ0EwQjAzMzQiIFJlY29yZGVkVmFsdWU9IkNBMEIwMzM0IiBDb3JyZWxhdGlvbkJpbmRpbmc9Int7Rm9ybVBvc3RQYXJhbTguX19WSUVXU1RBVEVHRU5FUkFUT1J9fSIgVXJsRW5jb2RlPSJUcnVlIiAvPg0KICAgICAgICA8Rm9ybVBvc3RQYXJhbWV0ZXIgTmFtZT0iY3RsMDAkQ29udGVudFBsYWNlSG9sZGVyMSRjdGwwMCRyYWRpbyIgVmFsdWU9InJhZGlvTWFTViIgUmVjb3JkZWRWYWx1ZT0icmFkaW9NYVNWIiBDb3JyZWxhdGlvbkJpbmRpbmc9Int7Rm9ybVBvc3RQYXJhbTkuY3RsMDAkQ29udGVudFBsYWNlSG9sZGVyMSRjdGwwMCRyYWRpb319IiBVcmxFbmNvZGU9IlRydWUiIC8+DQogICAgICAgIDxGb3JtUG9zdFBhcmFtZXRlciBOYW1lPSJjdGwwMCRDb250ZW50UGxhY2VIb2xkZXIxJGN0bDAwJHR4dE1hU1YiIFZhbHVlPSIzMTE5NDExMDQyIiBSZWNvcmRlZFZhbHVlPSIzMTE5NDExMDQyIiBDb3JyZWxhdGlvbkJpbmRpbmc9IiIgVXJsRW5jb2RlPSJUcnVlIiAvPg0KICAgICAgICA8Rm9ybVBvc3RQYXJhbWV0ZXIgTmFtZT0iY3RsMDAkQ29udGVudFBsYWNlSG9sZGVyMSRjdGwwMCRidG5PSyIgVmFsdWU9Ik9LIiBSZWNvcmRlZFZhbHVlPSJPSyIgQ29ycmVsYXRpb25CaW5kaW5nPSJ7e0Zvcm1Qb3N0UGFyYW0xMC5jdGwwMCRDb250ZW50UGxhY2VIb2xkZXIxJGN0bDAwJGJ0bk9LfX0iIFVybEVuY29kZT0iVHJ1ZSIgLz4NCiAgICAgIDwvRm9ybVBvc3RIdHRwQm9keT4NCiAgICA8L1JlcXVlc3Q+DQogICAgPFJlcXVlc3QgTWV0aG9kPSJQT1NUIiBHdWlkPSIzNzA1NzMxOC1kNzU4LTQxZWUtYjg2ZS03ZTFlM2VkY2MyZjciIFZlcnNpb249IjEuMSIgVXJsPSJodHRwOi8vdGhvbmd0aW5kYW90YW8uc2d1LmVkdS52bi9kZWZhdWx0LmFzcHgiIFRoaW5rVGltZT0iNSIgVGltZW91dD0iMzAwIiBQYXJzZURlcGVuZGVudFJlcXVlc3RzPSJUcnVlIiBGb2xsb3dSZWRpcmVjdHM9IlRydWUiIFJlY29yZFJlc3VsdD0iVHJ1ZSIgQ2FjaGU9IkZhbHNlIiBSZXNwb25zZVRpbWVHb2FsPSIwIiBFbmNvZGluZz0idXRmLTgiIEV4cGVjdGVkSHR0cFN0YXR1c0NvZGU9IjAiIEV4cGVjdGVkUmVzcG9uc2VVcmw9Imh0dHA6Ly90aG9uZ3RpbmRhb3Rhby5zZ3UuZWR1LnZuL0RlZmF1bHQuYXNweD9wYWdlPXRob2lraG9hYmlldSZhbXA7c3RhPTEmYW1wO2lkPTMxMTk0MTEwNDIiIFJlcG9ydGluZ05hbWU9IiIgSWdub3JlSHR0cFN0YXR1c0NvZGU9IkZhbHNlIj4NCiAgICAgIDxIZWFkZXJzPg0KICAgICAgICA8SGVhZGVyIE5hbWU9IlJlZmVyZXIiIFZhbHVlPSJodHRwOi8vdGhvbmd0aW5kYW90YW8uc2d1LmVkdS52bi9kZWZhdWx0LmFzcHg/cGFnZT1uaGFwbWFzdiZhbXA7ZmxhZz1UaG9pS2hvYUJpZXUiIC8+DQogICAgICA8L0hlYWRlcnM+DQogICAgICA8Q29ycmVsYXRpb25FeHRyYWN0aW9uUnVsZXM+DQogICAgICAgIDxFeHRyYWN0aW9uUnVsZSBDbGFzc25hbWU9Ik1pY3Jvc29mdC5WaXN1YWxTdHVkaW8uVGVzdFRvb2xzLldlYlRlc3RpbmcuUnVsZXMuRXh0cmFjdFRleHQsIE1pY3Jvc29mdC5WaXN1YWxTdHVkaW8uUXVhbGl0eVRvb2xzLldlYlRlc3RGcmFtZXdvcmssIFZlcnNpb249MTAuMC4wLjAsIEN1bHR1cmU9bmV1dHJhbCwgUHVibGljS2V5VG9rZW49YjAzZjVmN2YxMWQ1MGEzYSIgVmFyaWFibGVOYW1lPSJRdWVyeVN0cmluZ1BhcmFtMjMucGFnZSIgRGlzcGxheU5hbWU9IiIgRGVzY3JpcHRpb249IiI+DQogICAgICAgICAgPFJ1bGVQYXJhbWV0ZXJzPg0KICAgICAgICAgICAgPFJ1bGVQYXJhbWV0ZXIgTmFtZT0iU3RhcnRzV2l0aCIgVmFsdWU9Ij9wYWdlPSIgLz4NCiAgICAgICAgICAgIDxSdWxlUGFyYW1ldGVyIE5hbWU9IkVuZHNXaXRoIiBWYWx1ZT0iJmFtcDsiIC8+DQogICAgICAgICAgICA8UnVsZVBhcmFtZXRlciBOYW1lPSJJbmRleCIgVmFsdWU9IjQiIC8+DQogICAgICAgICAgICA8UnVsZVBhcmFtZXRlciBOYW1lPSJJZ25vcmVDYXNlIiBWYWx1ZT0iRmFsc2UiIC8+DQogICAgICAgICAgICA8UnVsZVBhcmFtZXRlciBOYW1lPSJVc2VSZWd1bGFyRXhwcmVzc2lvbiIgVmFsdWU9IkZhbHNlIiAvPg0KICAgICAgICAgICAgPFJ1bGVQYXJhbWV0ZXIgTmFtZT0iSHRtbERlY29kZSIgVmFsdWU9IlRydWUiIC8+DQogICAgICAgICAgICA8UnVsZVBhcmFtZXRlciBOYW1lPSJSZXF1aXJlZCIgVmFsdWU9IkZhbHNlIiAvPg0KICAgICAgICAgIDwvUnVsZVBhcmFtZXRlcnM+DQogICAgICAgIDwvRXh0cmFjdGlvblJ1bGU+DQogICAgICAgIDxFeHRyYWN0aW9uUnVsZSBDbGFzc25hbWU9Ik1pY3Jvc29mdC5WaXN1YWxTdHVkaW8uVGVzdFRvb2xzLldlYlRlc3RpbmcuUnVsZXMuRXh0cmFjdFRleHQsIE1pY3Jvc29mdC5WaXN1YWxTdHVkaW8uUXVhbGl0eVRvb2xzLldlYlRlc3RGcmFtZXdvcmssIFZlcnNpb249MTAuMC4wLjAsIEN1bHR1cmU9bmV1dHJhbCwgUHVibGljS2V5VG9rZW49YjAzZjVmN2YxMWQ1MGEzYSIgVmFyaWFibGVOYW1lPSJRdWVyeVN0cmluZ1BhcmFtMjQuZmxhZyIgRGlzcGxheU5hbWU9IiIgRGVzY3JpcHRpb249IiI+DQogICAgICAgICAgPFJ1bGVQYXJhbWV0ZXJzPg0KICAgICAgICAgICAgPFJ1bGVQYXJhbWV0ZXIgTmFtZT0iU3RhcnRzV2l0aCIgVmFsdWU9IiZhbXA7ZmxhZz0iIC8+DQogICAgICAgICAgICA8UnVsZVBhcmFtZXRlciBOYW1lPSJFbmRzV2l0aCIgVmFsdWU9IiZxdW90OyIgLz4NCiAgICAgICAgICAgIDxSdWxlUGFyYW1ldGVyIE5hbWU9IkluZGV4IiBWYWx1ZT0iMCIgLz4NCiAgICAgICAgICAgIDxSdWxlUGFyYW1ldGVyIE5hbWU9Iklnbm9yZUNhc2UiIFZhbHVlPSJGYWxzZSIgLz4NCiAgICAgICAgICAgIDxSdWxlUGFyYW1ldGVyIE5hbWU9IlVzZVJlZ3VsYXJFeHByZXNzaW9uIiBWYWx1ZT0iRmFsc2UiIC8+DQogICAgICAgICAgICA8UnVsZVBhcmFtZXRlciBOYW1lPSJIdG1sRGVjb2RlIiBWYWx1ZT0iVHJ1ZSIgLz4NCiAgICAgICAgICAgIDxSdWxlUGFyYW1ldGVyIE5hbWU9IlJlcXVpcmVkIiBWYWx1ZT0iRmFsc2UiIC8+DQogICAgICAgICAgPC9SdWxlUGFyYW1ldGVycz4NCiAgICAgICAgPC9FeHRyYWN0aW9uUnVsZT4NCiAgICAgIDwvQ29ycmVsYXRpb25FeHRyYWN0aW9uUnVsZXM+DQogICAgICA8UXVlcnlTdHJpbmdQYXJhbWV0ZXJzPg0KICAgICAgICA8UXVlcnlTdHJpbmdQYXJhbWV0ZXIgTmFtZT0icGFnZSIgVmFsdWU9Im5oYXBtYXN2IiBSZWNvcmRlZFZhbHVlPSJuaGFwbWFzdiIgQ29ycmVsYXRpb25CaW5kaW5nPSJ7e1F1ZXJ5U3RyaW5nUGFyYW0yMS5wYWdlfX0iIFVybEVuY29kZT0iRmFsc2UiIFVzZVRvR3JvdXBSZXN1bHRzPSJGYWxzZSIgLz4NCiAgICAgICAgPFF1ZXJ5U3RyaW5nUGFyYW1ldGVyIE5hbWU9ImZsYWciIFZhbHVlPSJUaG9pS2hvYUJpZXUiIFJlY29yZGVkVmFsdWU9IlRob2lLaG9hQmlldSIgQ29ycmVsYXRpb25CaW5kaW5nPSJ7e1F1ZXJ5U3RyaW5nUGFyYW0yMi5mbGFnfX0iIFVybEVuY29kZT0iRmFsc2UiIFVzZVRvR3JvdXBSZXN1bHRzPSJGYWxzZSIgLz4NCiAgICAgIDwvUXVlcnlTdHJpbmdQYXJhbWV0ZXJzPg0KICAgICAgPEZvcm1Qb3N0SHR0cEJvZHk+DQogICAgICAgIDxGb3JtUG9zdFBhcmFtZXRlciBOYW1lPSJfX0VWRU5UVEFSR0VUIiBWYWx1ZT0ie3skSElEREVOMS5fX0VWRU5UVEFSR0VUfX0iIFJlY29yZGVkVmFsdWU9IiIgQ29ycmVsYXRpb25CaW5kaW5nPSIiIFVybEVuY29kZT0iVHJ1ZSIgLz4NCiAgICAgICAgPEZvcm1Qb3N0UGFyYW1ldGVyIE5hbWU9Il9fRVZFTlRBUkdVTUVOVCIgVmFsdWU9Int7JEhJRERFTjEuX19FVkVOVEFSR1VNRU5UfX0iIFJlY29yZGVkVmFsdWU9IiIgQ29ycmVsYXRpb25CaW5kaW5nPSIiIFVybEVuY29kZT0iVHJ1ZSIgLz4NCiAgICAgICAgPEZvcm1Qb3N0UGFyYW1ldGVyIE5hbWU9Il9fTEFTVEZPQ1VTIiBWYWx1ZT0ie3skSElEREVOMS5fX0xBU1RGT0NVU319IiBSZWNvcmRlZFZhbHVlPSIiIENvcnJlbGF0aW9uQmluZGluZz0iIiBVcmxFbmNvZGU9IlRydWUiIC8+DQogICAgICAgIDxGb3JtUG9zdFBhcmFtZXRlciBOYW1lPSJfX1ZJRVdTVEFURSIgVmFsdWU9Int7JEhJRERFTjEuX19WSUVXU1RBVEV9fSIgUmVjb3JkZWRWYWx1ZT0iL3dFUER3VUtMVE14TmpjM05UTTNOUTlrRmdKbUQyUVdCR1lQWkJZRUFnRVBGZ0llQjJOdmJuUmxiblJrWkFJQ0R4WUNIZ1JvY21WbUJTa3VMMDFsYzNOaFoyVkdhV3hsTDJaaGRtbGpiMjR0WkdGcExXaHZZeTF6WVdrdFoyOXVMbXB3WjJRQ0FROWtGZ2dDQXc5a0ZnSm1EMlFXQWdJQkQyUVdER1lQRHhZQ0hnUlVaWGgwQlF4RGFNT2dieUJpNGJxaGJpQmtaQUlCRHc4V0JoOENCUTlZWlcwZ2RHakR0RzVuSUdMRG9XOGVDVVp2Y21WRGIyeHZjZ2tBTS8vL0hnUmZJVk5DQWdSa1pBSUNEdzhXQmg4Q0JRTWdmQ0FmQXdrQU0vLy9Id1FDQkdSa0FnTVBEeFlHSHdJRkdGUm9ZWGtneEpIaHU1VnBJRzNodXExMElHdG80YnFwZFI4RENRQXovLzhmQkFJRVpHUUNCQThQRmdZZkFnVURJSHdnSHdNSkFEUC8veDhFQWdSa1pBSUZEdzhXQmg4Q0JRM0VrTVNEYm1jZ1Rtamh1cTF3SHdNSkFEUC8veDhFQWdSa1pBSUZEMlFXd2dFQ0FROFBGZ1FlQ0VOemMwTnNZWE56QlFodmRYUXRiV1Z1ZFI4RUFnSmtGZ0ptRHc4V0FoOENCUXRVVWtGT1J5QkRTT0c3cG1Sa0FnTVBEeFlFSHdVRkNHOTFkQzF0Wlc1MUh3UUNBbVFXQWdJQkR3OFdBaDhDQlJkRVFVNUlJRTNodTZSRElFTkk0YnVvUXlCT3hJSk9SMlJrQWdVUER4WUVId1VGQ0c5MWRDMXRaVzUxSHdRQ0FtUVdBZ0lCRHc4V0FoOENCUnRFVFNCRFNPRzdxRU1nVHNTQ1RrY2d4SkREZ1U1SUlFZEp3NEZrWkFJSER3OFdCQjhGQlFodmRYUXRiV1Z1ZFI4RUFnSmtGZ0lDQVE4UEZnSWZBZ1VqVVZYaHVxSk9JRXpEblNERWtNT0JUa2dnUjBuRGdTQlN3NGhPSUV4VldlRzdoazVrWkFJSkR3OFdCaDhGQlFodmRYUXRiV1Z1ZFI4RUFnSWVCMVpwYzJsaWJHVm9aQllDQWdFUER4WUNId0lGRmNTUXhJSk9SeUJMdzUwZ1RjT1VUaUJJNGJ1TVEyUmtBZ3NQRHhZRUh3VUZDRzkxZEMxdFpXNTFId1FDQW1Sa0FnMFBEeFlFSHdVRkNHOTFkQzF0Wlc1MUh3UUNBbVFXQWdJQkR3OFdBaDhDQlFkWVJVMGdWRXRDWkdRQ0R3OFBGZ1FmQlFVSWIzVjBMVzFsYm5VZkJBSUNaQllDQWdFUER4WUNId0lGRUZoRlRTREVrRW5odTRKTklFUkJUa2hrWkFJUkR3OFdCQjhGQlFodmRYUXRiV1Z1ZFI4RUFnSmtGZ0ptRHc4V0FoOENCUTVZUlUwZ1RPRzdpa05JSUZSSVNXUmtBaE1QRHhZR0h3VUZDRzkxZEMxdFpXNTFId1FDQWg4R2FHUVdBZ0lCRHc4V0FoOENCUlJZUlUwZ1RPRzdpa05JSUZSSVNTQk00YnFnU1dSa0FoVVBEeFlHSHdVRkNHOTFkQzF0Wlc1MUh3UUNBaDhHYUdRV0FnSUJEdzhXQWg4Q0JSRllSVTBnVE9HN2lrTklJRlJJU1NCSFMyUmtBaGNQRHhZR0h3VUZDRzkxZEMxdFpXNTFId1FDQWg4R2FHUVdBZ0lCRHc4V0FoOENCU0ZIU0VrZ1ZNT1RUU0JVNGJxdVZDQk53NVJPSUVkSjRicWlUa2NnUk9HNm9GbGtaQUlaRHc4V0JCOEZCUWh2ZFhRdGJXVnVkUjhFQWdKa1pBSWJEdzhXQkI4RkJRaHZkWFF0YldWdWRSOEVBZ0prRmdJQ0FROFBGZ0lmQWdVT1dFVk5JRWpodTR4RElGQkl3NDFrWkFJZER3OFdCQjhGQlFodmRYUXRiV1Z1ZFI4RUFnSmtaQUlmRHc4V0JCOEZCUWh2ZFhRdGJXVnVkUjhFQWdKa0ZnSUNBUThQRmdJZkFnVUxXRVZOSU1TUVNlRzdnazFrWkFJaER3OFdCaDhGQlFodmRYUXRiV1Z1ZFI4RUFnSWZCbWhrRmdJQ0FROFBGZ0lmQWdVVHhKQko0YnVDVFNCTDRidXlJRmJodTR4T1IyUmtBaU1QRHhZRUh3VUZDRzkxZEMxdFpXNTFId1FDQW1RV0FnSUJEdzhXQWg4Q0JSaEw0YnErVkNCUlZlRzZvaURFa0VuaHU0Sk5JRVJCVGtoa1pBSWxEdzhXQkI4RkJRaHZkWFF0YldWdWRSOEVBZ0prRmdJQ0FROFBGZ0lmQWdVV1MxRWd4SkJKNGJ1Q1RTQkVRVTVJSUU5T1RFbE9SV1JrQWljUER4WUVId1VGQ0c5MWRDMXRaVzUxSHdRQ0FtUVdBZ0lCRHc4V0FoOENCUnRZUlUwZ3hKQko0YnVDVFNCRVFVNUlJRk5KVGtnZ1ZrbkRpazVrWkFJcER3OFdCQjhGQlFodmRYUXRiV1Z1ZFI4RUFnSmtGZ0lDQVE4UEZnSWZBZ1VmUjBuaHVxSk9SeUJXU2NPS1RpQlU0YnV3SU1TUVNlRzdnazBnUkVGT1NHUmtBaXNQRHhZRUh3VUZDRzkxZEMxdFpXNTFId1FDQW1RV0FnSUJEdzhXQWg4Q0JRbFlSVTBnUTFURWtGUmtaQUl0RHc4V0JCOEZCUWh2ZFhRdGJXVnVkUjhFQWdKa0ZnSUNBUThQRmdJZkFnVUxXRVZOSUUzRGxFNGdWRkZrWkFJdkR3OFdCQjhGQlFodmRYUXRiV1Z1ZFI4RUFnSmtGZ0lDQVE4UEZnSWZBZ1VreEpERGdVNUlJRWRKdzRFZ1MrRzZ2bFFnVVZYaHVxSWdVc09JVGlCTVZWbmh1NFpPWkdRQ01ROFBGZ1FmQlFVSWIzVjBMVzFsYm5VZkJBSUNaQllDQWdFUER4WUNId0lGSnNTUXc0Rk9TQ0JIU2NPQklFdFJJRkxEaUU0Z1RGVlo0YnVHVGlCVFNVNUlJRlpKdzRwT1pHUUNNdzhQRmdZZkJRVUliM1YwTFcxbGJuVWZCQUlDSHdab1pCWUNBZ0VQRHhZQ0h3SUZFbFBodTZ4QklGUlVJRVBEZ1NCT1NNT0NUbVJrQWpVUER4WUdId1VGQ0c5MWRDMXRaVzUxSHdRQ0FoOEdaMlFXQWdJQkR3OFdBaDhDQlE1SHc1TlFJTU9kSUV0SjRicStUbVJrQWpjUER4WUdId1VGQ0c5MWRDMXRaVzUxSHdRQ0FoOEdhR1FXQW1ZUER4WUNId0lGRUZQaHU2eEJJRXpEblNCTTRidUtRMGhrWkFJNUR3OFdCQjhGQlFodmRYUXRiV1Z1ZFI4RUFnSmtGZ0lDQVE4UEZnSWZBZ1VWVVZYaHVxSk9JRXpEblNCVFNVNUlJRlpKdzRwT1pHUUNPdzhQRmdRZkJRVUliM1YwTFcxbGJuVWZCQUlDWkJZQ0FnRVBEeFlDSHdJRklrdmh1cjVVSUZGVjRicWlJRk5KVGtnZ1ZrbkRpazRneEpERGdVNUlJRWRKdzRGa1pBSTlEdzhXQkI4RkJRaHZkWFF0YldWdWRSOEVBZ0prWkFJL0R3OFdCQjhGQlFodmRYUXRiV1Z1ZFI4RUFnSmtGZ0lDQVE5a0ZnSm1EdzhXQWg4Q0JSbkVrTU9CVGtnZ1IwbkRnU0JIU2VHNm9rNUhJRVRodXFCWlpHUUNRUThQRmdRZkJRVUliM1YwTFcxbGJuVWZCQUlDWkJZQ0FnRVBEeFlDSHdJRkZNU1F4SUpPUnlCTHc1MGdWRWhKSUV6aHVxQkpaR1FDUXc4UEZnUWZCUVVJYjNWMExXMWxiblVmQkFJQ1pHUUNSUThQRmdRZkJRVUliM1YwTFcxbGJuVWZCQUlDWkJZQ0FnRVBEeFlDSHdJRkVzU1FTeUJEU0ZWWnc0cE9JRTVIdzRCT1NHUmtBa2NQRHhZRUh3VUZDRzkxZEMxdFpXNTFId1FDQW1Sa0Fra1BEeFlFSHdVRkNHOTFkQzF0Wlc1MUh3UUNBbVFXQWdJQkR3OFdBaDhDQlJaTFVTQll3NGxVSUZUaHU1QlVJRTVIU0VuaHU0WlFaR1FDU3c4UEZnUWZCUVVJYjNWMExXMWxiblVmQkFJQ1pCWUNBZ0VQRHhZQ0h3SUZIVXRSSUZqRGlWUWdWRW5odTRCT0lGVGh1NUJVSUU1SFNFbmh1NFpRWkdRQ1RROFBGZ1FmQlFVSWIzVjBMVzFsYm5VZkJBSUNaQllDQWdFUER4WUNId0lGR2tQRGdsVWdTT0c3amtrZ1ZFakdyK0c3bkU1SElFZmh1clpRWkdRQ1R3OFBGZ1FmQlFVSWIzVjBMVzFsYm5VZkJBSUNaQllDQWdFUER4WUNId0lGRThTUVN5QkxTTU9UUVNCTVZlRzZyRTRnVkU1a1pBSlJEdzhXQkI4RkJRaHZkWFF0YldWdWRSOEVBZ0prRmdJQ0FROFBGZ0lmQWdVT1Rramh1cXhRSU1TUVNlRzdnazFrWkFKVER3OFdCQjhGQlFodmRYUXRiV1Z1ZFI4RUFnSmtaQUpWRHc4V0JCOEZCUWh2ZFhRdGJXVnVkUjhFQWdKa1pBSlhEdzhXQkI4RkJRaHZkWFF0YldWdWRSOEVBZ0prWkFKWkR3OFdCQjhGQlFodmRYUXRiV1Z1ZFI4RUFnSmtGZ0lDQVE4UEZnSWZBZ1VlV0VWTklNU1FTZUc3Z2swZ1RjT1VUaUJIU2VHNm9rNUhJRVRodXFCWlpHUUNXdzhQRmdRZkJRVUliM1YwTFcxbGJuVWZCQUlDWkJZQ0FnRVBEeFlDSHdJRkhsaEZUU0RFa0VuaHU0Sk5JRlRodTVST1J5Qkk0YnVpVUNCTTRidWFVR1JrQWwwUER4WUVId1VGQ0c5MWRDMXRaVzUxSHdRQ0FtUVdBZ0lCRHc4V0FoOENCUlZKVGlCTFNPRzdrRWtnVE1hdjRidWlUa2NnUjBSa1pBSmZEdzhXQkI4RkJRaHZkWFF0YldWdWRSOEVBZ0prRmdJQ0FROFBGZ0lmQWdVT1ZWQk1UMEZFSU1TUVNlRzdnazFrWkFKaER3OFdCQjhGQlFodmRYUXRiV1Z1ZFI4RUFnSmtGZ0lDQVE4UEZnSWZBZ1VOVkV0Q0lFTGh1NWdnVGNPVVRtUmtBbU1QRHhZRUh3VUZDRzkxZEMxdFpXNTFId1FDQW1RV0FnSUJEdzhXQWg4Q0JSUk00YnVLUTBnZ1ZFaEpJRUxodTVnZ1RjT1VUbVJrQW1VUER4WUVId1VGQ0c5MWRDMXRaVzUxSHdRQ0FtUVdBZ0lCRHc4V0FoOENCU1pVU09HN2tFNUhJRXZEaWlCSFNlRzZvazVISUZaSnc0cE9JRVJWV2VHN2hsUWdTMUZFUzJSa0FtY1BEeFlFSHdVRkNHOTFkQzF0Wlc1MUh3UUNBbVFXQWdJQkR3OFdBaDhDQlNKWVJVMGdWT0c3bEU1SElFamh1NkpRSUV0UklFamh1NHhESUZUaHVxeFFJRk5XWkdRQ2FROFBGZ1FmQlFVSWIzVjBMVzFsYm5VZkJBSUNaR1FDYXc4UEZnUWZCUVVJYjNWMExXMWxiblVmQkFJQ1pCWUNaZzhQRmdJZkFnVVlTK0c2dmlCSVQrRzZvRU5JSUVqaHU0eERJRlRodXF4UVpHUUNiUThQRmdRZkJRVUliM1YwTFcxbGJuVWZCQUlDWkdRQ2J3OFBGZ1FmQlFVSWIzVjBMVzFsYm5VZkJBSUNaQllDQWdFUER4WUNId0lGRkVqR3IrRzdtazVISUVUaHVxcE9JTVNRUzAxSVpHUUNjUThQRmdRZkJRVUliM1YwTFcxbGJuVWZCQUlDWkJZQ0FnRVBEeFlDSHdJRklFNUk0YnFzVUNERWtPRzdpa0VnUTBqaHU0Z2dUa2podXF4T0lGUERnVU5JWkdRQ2N3OFBGZ1FmQlFVSWIzVjBMVzFsYm5VZkJBSUNaQllDQWdFUER4WUNId0lGSk1TUXhJSk9SeUJMdzUwZ1Rramh1cXhPSUZQRGdVTklJRTVIVDhPQVNTQkhTZUc3bkdSa0FuVVBEeFlFSHdVRkNHOTFkQzF0Wlc1MUh3UUNBbVFXQWdJQkR3OFdBaDhDQlJ2RWtNT0JUa2dnUjBuRGdTQkRTT0c2cEZRZ1RNYXY0YnVpVGtka1pBSjNEdzhXQkI4RkJRaHZkWFF0YldWdWRSOEVBZ0prRmdJQ0FROFBGZ0lmQWdVZnhKQXVTOE9kSUVUaHU3QWdUT0c3aENCVTRidVFWQ0JPUjBoSjRidUdVR1JrQW5rUER4WUVId1VGQ0c5MWRDMXRaVzUxSHdRQ0FtUVdBZ0lCRHc4V0FoOENCUk5PNGJ1WVVDQkRTT0c3cUU1SElFTkk0YnVJWkdRQ2V3OFBGZ1FmQlFVSWIzVjBMVzFsYm5VZkJBSUNaQllDQWdFUER4WUNId0lGSVZoRlRTREVrT0c3Z0NCRHhxL0dvRTVISUZSU1QwNUhJRUxodTVnZ1RjT1VUbVJrQW4wUER4WUVId1VGQ0c5MWRDMXRaVzUxSHdRQ0FtUVdBZ0lCRHc4V0FoOENCUmxFUVU1SUlGUERnVU5JSU1TUUxrdkRuU0JZdzRsVUlGUk9aR1FDZnc4UEZnUWZCUVVJYjNWMExXMWxiblVmQkFJQ1pCWUNBZ0VQRHhZQ0h3SUZIa1JCVGtnZ1U4T0JRMGdneEpBdVM4T2RJRVRodTdBZ1RPRzdoQ0JVVG1Sa0FvRUJEdzhXQkI4RkJRaHZkWFF0YldWdWRSOEVBZ0prRmdJQ0FROFBGZ0lmQWdVV1ZFakRsRTVISUZSSlRpQk1WZUc2ckU0Z1ZzU0NUbVJrQW9NQkR3OFdCQjhGQlFodmRYUXRiV1Z1ZFI4RUFnSmtGZ0lDQVE4UEZnSWZBZ1VuVkZKQklFUGh1NmhWSUZiRWdrNGdRdUc2c0U1SElGYkRnQ0JEU09HN3FFNUhJRU5JNGJ1SVpHUUNoUUVQRHhZRUh3VUZDRzkxZEMxdFpXNTFId1FDQW1RV0FnSUJEdzhXQWg4Q0JSQkQ0YnV3VlNCVFNVNUlJRlpKdzRwT1pHUUNod0VQRHhZRUh3VUZDRzkxZEMxdFpXNTFId1FDQW1RV0FnSUJEdzhXQWg4Q0JSZkVrTVNDVGtjZ1M4T2RJRmpEaVZRZ1ZGVlo0YnVDVG1Sa0Fva0JEdzhXQkI4RkJRaHZkWFF0YldWdWRSOEVBZ0prRmdJQ0FROFBGZ0lmQWdVZ1ZFakRsRTVISUZSSlRpQkk0YnVTSUZQR29DQlVWVm5odTRKT0lGTkpUa2hrWkFLTEFROFBGZ1FmQlFVSWIzVjBMVzFsYm5VZkJBSUNaR1FDalFFUER4WUVId1VGQ0c5MWRDMXRaVzUxSHdRQ0FtUVdBZ0lCRHc4V0FoOENCUmRJdzVOQklNU1F4cUJPSU1TUVNlRzdoazRnVk9HN3JHUmtBbzhCRHc4V0JCOEZCUWh2ZFhRdGJXVnVkUjhFQWdKa0ZnSUNBUThQRmdJZkFnVVdUa2RJNGJ1SUlFVGh1cUJaSUVUaHVxQlpJRUxEbVdSa0FwRUJEdzhXQkI4RkJRaHZkWFF0YldWdWRSOEVBZ0prRmdJQ0FROFBGZ0lmQWdVWHhKREVnazVISUV2RG5TQk9SMGpodTRnZ1VFakRpVkJrWkFLVEFROFBGZ1FmQlFVSWIzVjBMVzFsYm5VZkJBSUNaQllDQWdFUER4WUNId0lGRXNTUXhJSk9SeUJMdzUwZ1EwOUpJRlJJU1dSa0FwVUJEdzhXQkI4RkJRaHZkWFF0YldWdWRSOEVBZ0prRmdJQ0FROFBGZ0lmQWdVU1dFVk5JRXpodTRwRFNDQkRUMGtnVkVoSlpHUUNsd0VQRHhZRUh3VUZDRzkxZEMxdFpXNTFId1FDQW1RV0FnSUJEdzhXQWg4Q0JSdExVU0JPUjBoSnc0cE9JRVBodTZoVklFdElUMEVnU09HN2pFTmtaQUtaQVE4UEZnUWZCUVVJYjNWMExXMWxiblVmQkFJQ1pCWUNBZ0VQRHhZQ0h3SUZIRmhGVFNERWtPRzdnQ0JVdzRCSklFNURTMGdnVkVoQlRTQkhTVUZrWkFLYkFROFBGZ1FmQlFVSWIzVjBMVzFsYm5VZkJBSUNaQllDQWdFUFpCWUNaZzhQRmdJZkFnVWt4SkRFZ2s1SElFdkRuU0JZU1U0Z1Iwbmh1cVJaSUVOSTRidW9Ua2NnVGtqaHVxeE9aR1FDblFFUER4WUVId1VGQ0c5MWRDMXRaVzUxSHdRQ0FtUVdBZ0lCRDJRV0FtWVBEeFlDSHdJRkdVUGh1cXhRSUU1STRicXNWQ0JPUjAvaHVxQkpJRlJTdzVwa1pBS2ZBUThQRmdRZkJRVUliM1YwTFcxbGJuVWZCQUlDWkJZQ0FnRVBEeFlDSHdJRkcwUGh1cXhRSUU1STRicXNWQ0JVU01hdjRidWNUa2NnVkZMRG1tUmtBcUVCRHc4V0JCOEZCUWh2ZFhRdGJXVnVkUjhFQWdKa0ZnSUNBUThQRmdJZkFnVVZRK0c2cUUwZ1RrRk9SeUJUU1U1SUlGWkp3NHBPWkdRQ293RVBEeFlFSHdVRkNHOTFkQzF0Wlc1MUh3UUNBbVFXQWdJQkR3OFdBaDhDQlI1WVJVMGdURlhodXF4T0lGYkVnazRnVk9HN2tGUWdUa2RJU2VHN2hsQmtaQUtsQVE4UEZnUWZCUVVJYjNWMExXMWxiblVmQkFJQ1pCWUNBZ0VQRHhZQ0h3SUZIbGhGVFNCTVZlRzZyRTRnVnNTQ1RpQkl4cS9odTVwT1J5QkU0YnFxVG1Sa0FxY0JEdzhXQkI4RkJRaHZkWFF0YldWdWRSOEVBZ0prRmdJQ0FROFBGZ0lmQWdVZFdFVk5JRXhWNGJxc1RpQld4SUpPSUZCSTRicWlUaUJDU2VHN2hrNWtaQUtwQVE4UEZnUWZCUVVJYjNWMExXMWxiblVmQkFJQ1pCWUNBZ0VQRHhZQ0h3SUZKRUxEZ1U4Z1Frbmh1NEpWSUZCSTRidWtReUJXNGJ1a0lFekRnMDVJSU1TUTRicWdUMlJrQXFzQkR3OFdCQjhGQlFodmRYUXRiV1Z1ZFI4RUFnSmtGZ0lDQVE4UEZnSWZBZ1VjVkVqaHU1Qk9SeUJMdzRvZ3hKRERrMDVISUVoUUlFOU9URWxPUldSa0FxMEJEdzhXQkI4RkJRaHZkWFF0YldWdWRSOEVBZ0prRmdJQ0FROFBGZ0lmQWdVWHhKREVnazVISUV2RG5TQkx3NTBnVk1PYVF5Qll3NEZrWkFLdkFROFBGZ1FmQlFVSWIzVjBMVzFsYm5VZkJBSUNaQllDQWdFUER4WUNId0lGR0ZSSVFVNUlJRlJQdzRGT0lFdkRuU0JVdzVwRElGakRnV1JrQXJFQkR3OFdCQjhGQlFodmRYUXRiV1Z1ZFI4RUFnSmtGZ0lDQVE4UEZnSWZBZ1VpUStHNnJGQWdUa2podXF4VUlFekRuU0JNNGJ1S1EwZ2dTMGhQUVNCSTRidU1RMlJrQXJNQkR3OFdCQjhGQlFodmRYUXRiV1Z1ZFI4RUFnSmtGZ0lDQVE4UEZnSWZBZ1VYUStHNnJGQWdUa2podXF4VUlGUXVWRWxPSUVKSVdWUmtaQUsxQVE4UEZnUWZCUVVJYjNWMExXMWxiblVmQkFJQ1pCWUNBZ0VQRHhZQ0h3SUZGbGhGVFNERWtFbmh1NEpOSU1TUXc0TWdST0c2b0Zsa1pBSzNBUThQRmdRZkJRVUliM1YwTFcxbGJuVWZCQUlDWkJZQ0FnRVBEeFlDSHdJRkdVbE9JRXZEaWlCTFNFRkpJRWRKNGJ1Y0lFZEo0YnFpVGtka1pBSzVBUThQRmdRZkJRVUliM1YwTFcxbGJuVWZCQUlDWkdRQ3V3RVBEeFlFSHdVRkNHOTFkQzF0Wlc1MUh3UUNBbVJrQXIwQkR3OFdCQjhGQlFodmRYUXRiV1Z1ZFI4RUFnSmtaQUsvQVE4UEZnUWZCUVVJYjNWMExXMWxiblVmQkFJQ1pHUUN3UUVQRHhZRUh3VUZDRzkxZEMxdFpXNTFId1FDQW1Sa0FnY1BaQllDQWdFUFpCWUNaZzlrRmdnQ0FROFFEeFlFSHdJRkQxUnZ3NkJ1SUhSeXhyRGh1NTF1Wng0SFEyaGxZMnRsWkdoa1pHUmtBZ01QRUE4V0JCOENCUmxEdzZFZ2JtakRvbTRnYm1mR3NPRzduV2tnWk1PNWJtYzZId2RuWkdSa1pBSUZEdzhXQkI4Q0JSdE9hT0c2clhBZ2JjT2pJSFBodTVFZ1krRzZwMjRnZUdWdE9pQWVCMFZ1WVdKc1pXUm5aR1FDQnc4UEZnSWZDR2RrWkFJSkQyUVdDQUlCRHc4V0FoOENCWGxEYjNCNWNtbG5hSFFnd3FreU1EQTVJRlJ5eHJEaHU1MXVaeURFa0VnZ1U4T2dhU0JIdzdKdUxjU1E0YnFoYVNCbzRidU5ZeUJqYU1PdGJtZ2djWFY1TGlCUmRlRzZvMjRnYk1POUlHTGh1NTlwSU9HN3Bua2dZbUZ1SUc1b3c2SnVJR1REb200Z1ZGQXVJRWpodTVNZ1EyakRyU0JOYVc1b1pHUUNBdzhQRmdJZkFnVUxWSEpoYm1jZ1Eyamh1NmRrWkFJRkR3OFdBaDhDQlMxVWFHbmh1cjkwSUd2aHVyOGdZdUc3bjJrZ1kzUjVJRkJvNGJxbmJpQnQ0YnVCYlNCQmJtZ2dVWFhEb201a1pBSUhEdzhXQWg4Q0JRekVrT0c2cDNVZ1ZISmhibWRrWkJnQkJSNWZYME52Ym5SeWIyeHpVbVZ4ZFdseVpWQnZjM1JDWVdOclMyVjVYMThXQXdVdlkzUnNNREFrUTI5dWRHVnVkRkJzWVdObFNHOXNaR1Z5TVNSamRHd3dNQ1J5WVdScGIxUnZZVzVVY25WdmJtY0ZMMk4wYkRBd0pFTnZiblJsYm5SUWJHRmpaVWh2YkdSbGNqRWtZM1JzTURBa2NtRmthVzlVYjJGdVZISjFiMjVuQlNsamRHd3dNQ1JEYjI1MFpXNTBVR3hoWTJWSWIyeGtaWEl4SkdOMGJEQXdKSEpoWkdsdlRXRlRWamxuQWJEZzNEQm5kSm9mZW9sT0x6c001UDQxIiBDb3JyZWxhdGlvbkJpbmRpbmc9IiIgVXJsRW5jb2RlPSJUcnVlIiAvPg0KICAgICAgICA8Rm9ybVBvc3RQYXJhbWV0ZXIgTmFtZT0iX19WSUVXU1RBVEVHRU5FUkFUT1IiIFZhbHVlPSJ7eyRISURERU4xLl9fVklFV1NUQVRFR0VORVJBVE9SfX0iIFJlY29yZGVkVmFsdWU9IkNBMEIwMzM0IiBDb3JyZWxhdGlvbkJpbmRpbmc9IiIgVXJsRW5jb2RlPSJUcnVlIiAvPg0KICAgICAgICA8Rm9ybVBvc3RQYXJhbWV0ZXIgTmFtZT0iY3RsMDAkQ29udGVudFBsYWNlSG9sZGVyMSRjdGwwMCRyYWRpbyIgVmFsdWU9InJhZGlvTWFTViIgUmVjb3JkZWRWYWx1ZT0icmFkaW9NYVNWIiBDb3JyZWxhdGlvbkJpbmRpbmc9Int7Rm9ybVBvc3RQYXJhbTExLmN0bDAwJENvbnRlbnRQbGFjZUhvbGRlcjEkY3RsMDAkcmFkaW99fSIgVXJsRW5jb2RlPSJUcnVlIiAvPg0KICAgICAgICA8Rm9ybVBvc3RQYXJhbWV0ZXIgTmFtZT0iY3RsMDAkQ29udGVudFBsYWNlSG9sZGVyMSRjdGwwMCR0eHRNYVNWIiBWYWx1ZT0iMzExOTQxMTA0MiIgUmVjb3JkZWRWYWx1ZT0iMzExOTQxMTA0MiIgQ29ycmVsYXRpb25CaW5kaW5nPSIiIFVybEVuY29kZT0iVHJ1ZSIgLz4NCiAgICAgICAgPEZvcm1Qb3N0UGFyYW1ldGVyIE5hbWU9ImN0bDAwJENvbnRlbnRQbGFjZUhvbGRlcjEkY3RsMDAkYnRuT0siIFZhbHVlPSJPSyIgUmVjb3JkZWRWYWx1ZT0iT0siIENvcnJlbGF0aW9uQmluZGluZz0ie3tGb3JtUG9zdFBhcmFtMTIuY3RsMDAkQ29udGVudFBsYWNlSG9sZGVyMSRjdGwwMCRidG5PS319IiBVcmxFbmNvZGU9IlRydWUiIC8+DQogICAgICA8L0Zvcm1Qb3N0SHR0cEJvZHk+DQogICAgPC9SZXF1ZXN0Pg0KICAgIDxSZXF1ZXN0IE1ldGhvZD0iR0VUIiBHdWlkPSI3MzFjYzliZC1mZmY5LTQ0MDAtYThmNy01YTk0NzFjZGZmNzUiIFZlcnNpb249IjEuMSIgVXJsPSJodHRwOi8vdGhvbmd0aW5kYW90YW8uc2d1LmVkdS52bi9EZWZhdWx0LmFzcHgiIFRoaW5rVGltZT0iMiIgVGltZW91dD0iMzAwIiBQYXJzZURlcGVuZGVudFJlcXVlc3RzPSJUcnVlIiBGb2xsb3dSZWRpcmVjdHM9IlRydWUiIFJlY29yZFJlc3VsdD0iVHJ1ZSIgQ2FjaGU9IkZhbHNlIiBSZXNwb25zZVRpbWVHb2FsPSIwIiBFbmNvZGluZz0idXRmLTgiIEV4cGVjdGVkSHR0cFN0YXR1c0NvZGU9IjAiIEV4cGVjdGVkUmVzcG9uc2VVcmw9IiIgUmVwb3J0aW5nTmFtZT0iIiBJZ25vcmVIdHRwU3RhdHVzQ29kZT0iRmFsc2UiPg0KICAgICAgPEhlYWRlcnM+DQogICAgICAgIDxIZWFkZXIgTmFtZT0iUmVmZXJlciIgVmFsdWU9Imh0dHA6Ly90aG9uZ3RpbmRhb3Rhby5zZ3UuZWR1LnZuL0RlZmF1bHQuYXNweD9wYWdlPXRob2lraG9hYmlldSZhbXA7c3RhPTEmYW1wO2lkPTMxMTk0MTEwNDIiIC8+DQogICAgICA8L0hlYWRlcnM+DQogICAgICA8RXh0cmFjdGlvblJ1bGVzPg0KICAgICAgICA8RXh0cmFjdGlvblJ1bGUgQ2xhc3NuYW1lPSJNaWNyb3NvZnQuVmlzdWFsU3R1ZGlvLlRlc3RUb29scy5XZWJUZXN0aW5nLlJ1bGVzLkV4dHJhY3RIaWRkZW5GaWVsZHMsIE1pY3Jvc29mdC5WaXN1YWxTdHVkaW8uUXVhbGl0eVRvb2xzLldlYlRlc3RGcmFtZXdvcmssIFZlcnNpb249MTAuMC4wLjAsIEN1bHR1cmU9bmV1dHJhbCwgUHVibGljS2V5VG9rZW49YjAzZjVmN2YxMWQ1MGEzYSIgVmFyaWFibGVOYW1lPSIxIiBEaXNwbGF5TmFtZT0iRXh0cmFjdCBIaWRkZW4gRmllbGRzIiBEZXNjcmlwdGlvbj0iRXh0cmFjdCBhbGwgaGlkZGVuIGZpZWxkcyBmcm9tIHRoZSByZXNwb25zZSBhbmQgcGxhY2UgdGhlbSBpbnRvIHRoZSB0ZXN0IGNvbnRleHQuIj4NCiAgICAgICAgICA8UnVsZVBhcmFtZXRlcnM+DQogICAgICAgICAgICA8UnVsZVBhcmFtZXRlciBOYW1lPSJSZXF1aXJlZCIgVmFsdWU9IlRydWUiIC8+DQogICAgICAgICAgICA8UnVsZVBhcmFtZXRlciBOYW1lPSJIdG1sRGVjb2RlIiBWYWx1ZT0iVHJ1ZSIgLz4NCiAgICAgICAgICA8L1J1bGVQYXJhbWV0ZXJzPg0KICAgICAgICA8L0V4dHJhY3Rpb25SdWxlPg0KICAgICAgPC9FeHRyYWN0aW9uUnVsZXM+DQogICAgICA8Q29ycmVsYXRpb25FeHRyYWN0aW9uUnVsZXM+DQogICAgICAgIDxFeHRyYWN0aW9uUnVsZSBDbGFzc25hbWU9Ik1pY3Jvc29mdC5WaXN1YWxTdHVkaW8uVGVzdFRvb2xzLldlYlRlc3RpbmcuUnVsZXMuRXh0cmFjdFRleHQsIE1pY3Jvc29mdC5WaXN1YWxTdHVkaW8uUXVhbGl0eVRvb2xzLldlYlRlc3RGcmFtZXdvcmssIFZlcnNpb249MTAuMC4wLjAsIEN1bHR1cmU9bmV1dHJhbCwgUHVibGljS2V5VG9rZW49YjAzZjVmN2YxMWQ1MGEzYSIgVmFyaWFibGVOYW1lPSJRdWVyeVN0cmluZ1BhcmFtNS5wYWdlIiBEaXNwbGF5TmFtZT0iIiBEZXNjcmlwdGlvbj0iIj4NCiAgICAgICAgICA8UnVsZVBhcmFtZXRlcnM+DQogICAgICAgICAgICA8UnVsZVBhcmFtZXRlciBOYW1lPSJTdGFydHNXaXRoIiBWYWx1ZT0iP3BhZ2U9IiAvPg0KICAgICAgICAgICAgPFJ1bGVQYXJhbWV0ZXIgTmFtZT0iRW5kc1dpdGgiIFZhbHVlPSImYW1wOyIgLz4NCiAgICAgICAgICAgIDxSdWxlUGFyYW1ldGVyIE5hbWU9IkluZGV4IiBWYWx1ZT0iNCIgLz4NCiAgICAgICAgICAgIDxSdWxlUGFyYW1ldGVyIE5hbWU9Iklnbm9yZUNhc2UiIFZhbHVlPSJGYWxzZSIgLz4NCiAgICAgICAgICAgIDxSdWxlUGFyYW1ldGVyIE5hbWU9IlVzZVJlZ3VsYXJFeHByZXNzaW9uIiBWYWx1ZT0iRmFsc2UiIC8+DQogICAgICAgICAgICA8UnVsZVBhcmFtZXRlciBOYW1lPSJIdG1sRGVjb2RlIiBWYWx1ZT0iVHJ1ZSIgLz4NCiAgICAgICAgICAgIDxSdWxlUGFyYW1ldGVyIE5hbWU9IlJlcXVpcmVkIiBWYWx1ZT0iRmFsc2UiIC8+DQogICAgICAgICAgPC9SdWxlUGFyYW1ldGVycz4NCiAgICAgICAgPC9FeHRyYWN0aW9uUnVsZT4NCiAgICAgICAgPEV4dHJhY3Rpb25SdWxlIENsYXNzbmFtZT0iTWljcm9zb2Z0LlZpc3VhbFN0dWRpby5UZXN0VG9vbHMuV2ViVGVzdGluZy5SdWxlcy5FeHRyYWN0VGV4dCwgTWljcm9zb2Z0LlZpc3VhbFN0dWRpby5RdWFsaXR5VG9vbHMuV2ViVGVzdEZyYW1ld29yaywgVmVyc2lvbj0xMC4wLjAuMCwgQ3VsdHVyZT1uZXV0cmFsLCBQdWJsaWNLZXlUb2tlbj1iMDNmNWY3ZjExZDUwYTNhIiBWYXJpYWJsZU5hbWU9IlF1ZXJ5U3RyaW5nUGFyYW02LmZsYWciIERpc3BsYXlOYW1lPSIiIERlc2NyaXB0aW9uPSIiPg0KICAgICAgICAgIDxSdWxlUGFyYW1ldGVycz4NCiAgICAgICAgICAgIDxSdWxlUGFyYW1ldGVyIE5hbWU9IlN0YXJ0c1dpdGgiIFZhbHVlPSImYW1wO2ZsYWc9IiAvPg0KICAgICAgICAgICAgPFJ1bGVQYXJhbWV0ZXIgTmFtZT0iRW5kc1dpdGgiIFZhbHVlPSImcXVvdDsiIC8+DQogICAgICAgICAgICA8UnVsZVBhcmFtZXRlciBOYW1lPSJJbmRleCIgVmFsdWU9IjAiIC8+DQogICAgICAgICAgICA8UnVsZVBhcmFtZXRlciBOYW1lPSJJZ25vcmVDYXNlIiBWYWx1ZT0iRmFsc2UiIC8+DQogICAgICAgICAgICA8UnVsZVBhcmFtZXRlciBOYW1lPSJVc2VSZWd1bGFyRXhwcmVzc2lvbiIgVmFsdWU9IkZhbHNlIiAvPg0KICAgICAgICAgICAgPFJ1bGVQYXJhbWV0ZXIgTmFtZT0iSHRtbERlY29kZSIgVmFsdWU9IlRydWUiIC8+DQogICAgICAgICAgICA8UnVsZVBhcmFtZXRlciBOYW1lPSJSZXF1aXJlZCIgVmFsdWU9IkZhbHNlIiAvPg0KICAgICAgICAgIDwvUnVsZVBhcmFtZXRlcnM+DQogICAgICAgIDwvRXh0cmFjdGlvblJ1bGU+DQogICAgICAgIDxFeHRyYWN0aW9uUnVsZSBDbGFzc25hbWU9Ik1pY3Jvc29mdC5WaXN1YWxTdHVkaW8uVGVzdFRvb2xzLldlYlRlc3RpbmcuUnVsZXMuRXh0cmFjdEZvcm1GaWVsZCwgTWljcm9zb2Z0LlZpc3VhbFN0dWRpby5RdWFsaXR5VG9vbHMuV2ViVGVzdEZyYW1ld29yaywgVmVyc2lvbj0xMC4wLjAuMCwgQ3VsdHVyZT1uZXV0cmFsLCBQdWJsaWNLZXlUb2tlbj1iMDNmNWY3ZjExZDUwYTNhIiBWYXJpYWJsZU5hbWU9IkZvcm1Qb3N0UGFyYW0zLmN0bDAwJENvbnRlbnRQbGFjZUhvbGRlcjEkY3RsMDAkcmFkaW8iIERpc3BsYXlOYW1lPSIiIERlc2NyaXB0aW9uPSIiPg0KICAgICAgICAgIDxSdWxlUGFyYW1ldGVycz4NCiAgICAgICAgICAgIDxSdWxlUGFyYW1ldGVyIE5hbWU9Ik5hbWUiIFZhbHVlPSJjdGwwMF9Db250ZW50UGxhY2VIb2xkZXIxX2N0bDAwX3JhZGlvTWFTViIgLz4NCiAgICAgICAgICAgIDxSdWxlUGFyYW1ldGVyIE5hbWU9Ikh0bWxEZWNvZGUiIFZhbHVlPSJUcnVlIiAvPg0KICAgICAgICAgICAgPFJ1bGVQYXJhbWV0ZXIgTmFtZT0iUmVxdWlyZWQiIFZhbHVlPSJGYWxzZSIgLz4NCiAgICAgICAgICAgIDxSdWxlUGFyYW1ldGVyIE5hbWU9IkluZGV4IiBWYWx1ZT0iMSIgLz4NCiAgICAgICAgICA8L1J1bGVQYXJhbWV0ZXJzPg0KICAgICAgICA8L0V4dHJhY3Rpb25SdWxlPg0KICAgICAgICA8RXh0cmFjdGlvblJ1bGUgQ2xhc3NuYW1lPSJNaWNyb3NvZnQuVmlzdWFsU3R1ZGlvLlRlc3RUb29scy5XZWJUZXN0aW5nLlJ1bGVzLkV4dHJhY3RUZXh0LCBNaWNyb3NvZnQuVmlzdWFsU3R1ZGlvLlF1YWxpdHlUb29scy5XZWJUZXN0RnJhbWV3b3JrLCBWZXJzaW9uPTEwLjAuMC4wLCBDdWx0dXJlPW5ldXRyYWwsIFB1YmxpY0tleVRva2VuPWIwM2Y1ZjdmMTFkNTBhM2EiIFZhcmlhYmxlTmFtZT0iUXVlcnlTdHJpbmdQYXJhbTI1LnBhZ2UiIERpc3BsYXlOYW1lPSIiIERlc2NyaXB0aW9uPSIiPg0KICAgICAgICAgIDxSdWxlUGFyYW1ldGVycz4NCiAgICAgICAgICAgIDxSdWxlUGFyYW1ldGVyIE5hbWU9IlN0YXJ0c1dpdGgiIFZhbHVlPSI/cGFnZT0iIC8+DQogICAgICAgICAgICA8UnVsZVBhcmFtZXRlciBOYW1lPSJFbmRzV2l0aCIgVmFsdWU9IiZhbXA7IiAvPg0KICAgICAgICAgICAgPFJ1bGVQYXJhbWV0ZXIgTmFtZT0iSW5kZXgiIFZhbHVlPSI0IiAvPg0KICAgICAgICAgICAgPFJ1bGVQYXJhbWV0ZXIgTmFtZT0iSWdub3JlQ2FzZSIgVmFsdWU9IkZhbHNlIiAvPg0KICAgICAgICAgICAgPFJ1bGVQYXJhbWV0ZXIgTmFtZT0iVXNlUmVndWxhckV4cHJlc3Npb24iIFZhbHVlPSJGYWxzZSIgLz4NCiAgICAgICAgICAgIDxSdWxlUGFyYW1ldGVyIE5hbWU9Ikh0bWxEZWNvZGUiIFZhbHVlPSJUcnVlIiAvPg0KICAgICAgICAgICAgPFJ1bGVQYXJhbWV0ZXIgTmFtZT0iUmVxdWlyZWQiIFZhbHVlPSJGYWxzZSIgLz4NCiAgICAgICAgICA8L1J1bGVQYXJhbWV0ZXJzPg0KICAgICAgICA8L0V4dHJhY3Rpb25SdWxlPg0KICAgICAgICA8RXh0cmFjdGlvblJ1bGUgQ2xhc3NuYW1lPSJNaWNyb3NvZnQuVmlzdWFsU3R1ZGlvLlRlc3RUb29scy5XZWJUZXN0aW5nLlJ1bGVzLkV4dHJhY3RUZXh0LCBNaWNyb3NvZnQuVmlzdWFsU3R1ZGlvLlF1YWxpdHlUb29scy5XZWJUZXN0RnJhbWV3b3JrLCBWZXJzaW9uPTEwLjAuMC4wLCBDdWx0dXJlPW5ldXRyYWwsIFB1YmxpY0tleVRva2VuPWIwM2Y1ZjdmMTFkNTBhM2EiIFZhcmlhYmxlTmFtZT0iUXVlcnlTdHJpbmdQYXJhbTI2LmZsYWciIERpc3BsYXlOYW1lPSIiIERlc2NyaXB0aW9uPSIiPg0KICAgICAgICAgIDxSdWxlUGFyYW1ldGVycz4NCiAgICAgICAgICAgIDxSdWxlUGFyYW1ldGVyIE5hbWU9IlN0YXJ0c1dpdGgiIFZhbHVlPSImYW1wO2ZsYWc9IiAvPg0KICAgICAgICAgICAgPFJ1bGVQYXJhbWV0ZXIgTmFtZT0iRW5kc1dpdGgiIFZhbHVlPSImcXVvdDsiIC8+DQogICAgICAgICAgICA8UnVsZVBhcmFtZXRlciBOYW1lPSJJbmRleCIgVmFsdWU9IjAiIC8+DQogICAgICAgICAgICA8UnVsZVBhcmFtZXRlciBOYW1lPSJJZ25vcmVDYXNlIiBWYWx1ZT0iRmFsc2UiIC8+DQogICAgICAgICAgICA8UnVsZVBhcmFtZXRlciBOYW1lPSJVc2VSZWd1bGFyRXhwcmVzc2lvbiIgVmFsdWU9IkZhbHNlIiAvPg0KICAgICAgICAgICAgPFJ1bGVQYXJhbWV0ZXIgTmFtZT0iSHRtbERlY29kZSIgVmFsdWU9IlRydWUiIC8+DQogICAgICAgICAgICA8UnVsZVBhcmFtZXRlciBOYW1lPSJSZXF1aXJlZCIgVmFsdWU9IkZhbHNlIiAvPg0KICAgICAgICAgIDwvUnVsZVBhcmFtZXRlcnM+DQogICAgICAgIDwvRXh0cmFjdGlvblJ1bGU+DQogICAgICAgIDxFeHRyYWN0aW9uUnVsZSBDbGFzc25hbWU9Ik1pY3Jvc29mdC5WaXN1YWxTdHVkaW8uVGVzdFRvb2xzLldlYlRlc3RpbmcuUnVsZXMuRXh0cmFjdEZvcm1GaWVsZCwgTWljcm9zb2Z0LlZpc3VhbFN0dWRpby5RdWFsaXR5VG9vbHMuV2ViVGVzdEZyYW1ld29yaywgVmVyc2lvbj0xMC4wLjAuMCwgQ3VsdHVyZT1uZXV0cmFsLCBQdWJsaWNLZXlUb2tlbj1iMDNmNWY3ZjExZDUwYTNhIiBWYXJpYWJsZU5hbWU9IkZvcm1Qb3N0UGFyYW0xMy5jdGwwMCRDb250ZW50UGxhY2VIb2xkZXIxJGN0bDAwJHJhZGlvIiBEaXNwbGF5TmFtZT0iIiBEZXNjcmlwdGlvbj0iIj4NCiAgICAgICAgICA8UnVsZVBhcmFtZXRlcnM+DQogICAgICAgICAgICA8UnVsZVBhcmFtZXRlciBOYW1lPSJOYW1lIiBWYWx1ZT0iY3RsMDBfQ29udGVudFBsYWNlSG9sZGVyMV9jdGwwMF9yYWRpb01hU1YiIC8+DQogICAgICAgICAgICA8UnVsZVBhcmFtZXRlciBOYW1lPSJIdG1sRGVjb2RlIiBWYWx1ZT0iVHJ1ZSIgLz4NCiAgICAgICAgICAgIDxSdWxlUGFyYW1ldGVyIE5hbWU9IlJlcXVpcmVkIiBWYWx1ZT0iRmFsc2UiIC8+DQogICAgICAgICAgICA8UnVsZVBhcmFtZXRlciBOYW1lPSJJbmRleCIgVmFsdWU9IjEiIC8+DQogICAgICAgICAgPC9SdWxlUGFyYW1ldGVycz4NCiAgICAgICAgPC9FeHRyYWN0aW9uUnVsZT4NCiAgICAgIDwvQ29ycmVsYXRpb25FeHRyYWN0aW9uUnVsZXM+DQogICAgICA8UXVlcnlTdHJpbmdQYXJhbWV0ZXJzPg0KICAgICAgICA8UXVlcnlTdHJpbmdQYXJhbWV0ZXIgTmFtZT0icGFnZSIgVmFsdWU9Im5oYXBtYXN2IiBSZWNvcmRlZFZhbHVlPSJuaGFwbWFzdiIgQ29ycmVsYXRpb25CaW5kaW5nPSJ7e1F1ZXJ5U3RyaW5nUGFyYW0yMy5wYWdlfX0iIFVybEVuY29kZT0iRmFsc2UiIFVzZVRvR3JvdXBSZXN1bHRzPSJGYWxzZSIgLz4NCiAgICAgICAgPFF1ZXJ5U3RyaW5nUGFyYW1ldGVyIE5hbWU9ImZsYWciIFZhbHVlPSJYZW1MaWNoVGhpIiBSZWNvcmRlZFZhbHVlPSJYZW1MaWNoVGhpIiBDb3JyZWxhdGlvbkJpbmRpbmc9Int7UXVlcnlTdHJpbmdQYXJhbTI0LmZsYWd9fSIgVXJsRW5jb2RlPSJGYWxzZSIgVXNlVG9Hcm91cFJlc3VsdHM9IkZhbHNlIiAvPg0KICAgICAgPC9RdWVyeVN0cmluZ1BhcmFtZXRlcnM+DQogICAgPC9SZXF1ZXN0Pg0KICAgIDxSZXF1ZXN0IE1ldGhvZD0iR0VUIiBHdWlkPSJmODNjMTI1MC1kZDBlLTQ5MGMtYTNkZi1hM2U4ZTQ3MmZiMDkiIFZlcnNpb249IjEuMSIgVXJsPSJodHRwOi8vdGhvbmd0aW5kYW90YW8uc2d1LmVkdS52bi9EZWZhdWx0LmFzcHgiIFRoaW5rVGltZT0iMCIgVGltZW91dD0iMzAwIiBQYXJzZURlcGVuZGVudFJlcXVlc3RzPSJUcnVlIiBGb2xsb3dSZWRpcmVjdHM9IlRydWUiIFJlY29yZFJlc3VsdD0iVHJ1ZSIgQ2FjaGU9IkZhbHNlIiBSZXNwb25zZVRpbWVHb2FsPSIwIiBFbmNvZGluZz0idXRmLTgiIEV4cGVjdGVkSHR0cFN0YXR1c0NvZGU9IjAiIEV4cGVjdGVkUmVzcG9uc2VVcmw9IiIgUmVwb3J0aW5nTmFtZT0iIiBJZ25vcmVIdHRwU3RhdHVzQ29kZT0iRmFsc2UiPg0KICAgICAgPERlcGVuZGVudFJlcXVlc3RzPg0KICAgICAgICA8UmVxdWVzdCBNZXRob2Q9IlBPU1QiIEd1aWQ9ImZhMjRhNjNiLTNjNGItNDE1OC05ZjAwLTRjNTMyNDNlNjk3NiIgVmVyc2lvbj0iMS4xIiBVcmw9Imh0dHA6Ly90aG9uZ3RpbmRhb3Rhby5zZ3UuZWR1LnZuL0RlZmF1bHQuYXNweCIgVGhpbmtUaW1lPSI0IiBUaW1lb3V0PSIzMDAiIFBhcnNlRGVwZW5kZW50UmVxdWVzdHM9IlRydWUiIEZvbGxvd1JlZGlyZWN0cz0iVHJ1ZSIgUmVjb3JkUmVzdWx0PSJUcnVlIiBDYWNoZT0iRmFsc2UiIFJlc3BvbnNlVGltZUdvYWw9IjAiIEVuY29kaW5nPSJ1dGYtOCIgRXhwZWN0ZWRIdHRwU3RhdHVzQ29kZT0iMCIgRXhwZWN0ZWRSZXNwb25zZVVybD0iIiBSZXBvcnRpbmdOYW1lPSIiIElnbm9yZUh0dHBTdGF0dXNDb2RlPSJGYWxzZSI+DQogICAgICAgICAgPEhlYWRlcnM+DQogICAgICAgICAgICA8SGVhZGVyIE5hbWU9IlJlZmVyZXIiIFZhbHVlPSJodHRwOi8vdGhvbmd0aW5kYW90YW8uc2d1LmVkdS52bi9EZWZhdWx0LmFzcHg/cGFnZT1uaGFwbWFzdiZhbXA7ZmxhZz1YZW1MaWNoVGhpIiAvPg0KICAgICAgICAgIDwvSGVhZGVycz4NCiAgICAgICAgICA8RXh0cmFjdGlvblJ1bGVzPg0KICAgICAgICAgICAgPEV4dHJhY3Rpb25SdWxlIENsYXNzbmFtZT0iTWljcm9zb2Z0LlZpc3VhbFN0dWRpby5UZXN0VG9vbHMuV2ViVGVzdGluZy5SdWxlcy5FeHRyYWN0SGlkZGVuRmllbGRzLCBNaWNyb3NvZnQuVmlzdWFsU3R1ZGlvLlF1YWxpdHlUb29scy5XZWJUZXN0RnJhbWV3b3JrLCBWZXJzaW9uPTEwLjAuMC4wLCBDdWx0dXJlPW5ldXRyYWwsIFB1YmxpY0tleVRva2VuPWIwM2Y1ZjdmMTFkNTBhM2EiIFZhcmlhYmxlTmFtZT0iMSIgRGlzcGxheU5hbWU9IkV4dHJhY3QgSGlkZGVuIEZpZWxkcyIgRGVzY3JpcHRpb249IkV4dHJhY3QgYWxsIGhpZGRlbiBmaWVsZHMgZnJvbSB0aGUgcmVzcG9uc2UgYW5kIHBsYWNlIHRoZW0gaW50byB0aGUgdGVzdCBjb250ZXh0LiI+DQogICAgICAgICAgICAgIDxSdWxlUGFyYW1ldGVycz4NCiAgICAgICAgICAgICAgICA8UnVsZVBhcmFtZXRlciBOYW1lPSJSZXF1aXJlZCIgVmFsdWU9IlRydWUiIC8+DQogICAgICAgICAgICAgICAgPFJ1bGVQYXJhbWV0ZXIgTmFtZT0iSHRtbERlY29kZSIgVmFsdWU9IlRydWUiIC8+DQogICAgICAgICAgICAgIDwvUnVsZVBhcmFtZXRlcnM+DQogICAgICAgICAgICA8L0V4dHJhY3Rpb25SdWxlPg0KICAgICAgICAgIDwvRXh0cmFjdGlvblJ1bGVzPg0KICAgICAgICAgIDxDb3JyZWxhdGlvbkV4dHJhY3Rpb25SdWxlcz4NCiAgICAgICAgICAgIDxFeHRyYWN0aW9uUnVsZSBDbGFzc25hbWU9Ik1pY3Jvc29mdC5WaXN1YWxTdHVkaW8uVGVzdFRvb2xzLldlYlRlc3RpbmcuUnVsZXMuRXh0cmFjdFRleHQsIE1pY3Jvc29mdC5WaXN1YWxTdHVkaW8uUXVhbGl0eVRvb2xzLldlYlRlc3RGcmFtZXdvcmssIFZlcnNpb249MTAuMC4wLjAsIEN1bHR1cmU9bmV1dHJhbCwgUHVibGljS2V5VG9rZW49YjAzZjVmN2YxMWQ1MGEzYSIgVmFyaWFibGVOYW1lPSJRdWVyeVN0cmluZ1BhcmFtMjcucGFnZSIgRGlzcGxheU5hbWU9IiIgRGVzY3JpcHRpb249IiI+DQogICAgICAgICAgICAgIDxSdWxlUGFyYW1ldGVycz4NCiAgICAgICAgICAgICAgICA8UnVsZVBhcmFtZXRlciBOYW1lPSJTdGFydHNXaXRoIiBWYWx1ZT0iP3BhZ2U9IiAvPg0KICAgICAgICAgICAgICAgIDxSdWxlUGFyYW1ldGVyIE5hbWU9IkVuZHNXaXRoIiBWYWx1ZT0iJmFtcDsiIC8+DQogICAgICAgICAgICAgICAgPFJ1bGVQYXJhbWV0ZXIgTmFtZT0iSW5kZXgiIFZhbHVlPSI0IiAvPg0KICAgICAgICAgICAgICAgIDxSdWxlUGFyYW1ldGVyIE5hbWU9Iklnbm9yZUNhc2UiIFZhbHVlPSJGYWxzZSIgLz4NCiAgICAgICAgICAgICAgICA8UnVsZVBhcmFtZXRlciBOYW1lPSJVc2VSZWd1bGFyRXhwcmVzc2lvbiIgVmFsdWU9IkZhbHNlIiAvPg0KICAgICAgICAgICAgICAgIDxSdWxlUGFyYW1ldGVyIE5hbWU9Ikh0bWxEZWNvZGUiIFZhbHVlPSJUcnVlIiAvPg0KICAgICAgICAgICAgICAgIDxSdWxlUGFyYW1ldGVyIE5hbWU9IlJlcXVpcmVkIiBWYWx1ZT0iRmFsc2UiIC8+DQogICAgICAgICAgICAgIDwvUnVsZVBhcmFtZXRlcnM+DQogICAgICAgICAgICA8L0V4dHJhY3Rpb25SdWxlPg0KICAgICAgICAgICAgPEV4dHJhY3Rpb25SdWxlIENsYXNzbmFtZT0iTWljcm9zb2Z0LlZpc3VhbFN0dWRpby5UZXN0VG9vbHMuV2ViVGVzdGluZy5SdWxlcy5FeHRyYWN0VGV4dCwgTWljcm9zb2Z0LlZpc3VhbFN0dWRpby5RdWFsaXR5VG9vbHMuV2ViVGVzdEZyYW1ld29yaywgVmVyc2lvbj0xMC4wLjAuMCwgQ3VsdHVyZT1uZXV0cmFsLCBQdWJsaWNLZXlUb2tlbj1iMDNmNWY3ZjExZDUwYTNhIiBWYXJpYWJsZU5hbWU9IlF1ZXJ5U3RyaW5nUGFyYW0yOC5mbGFnIiBEaXNwbGF5TmFtZT0iIiBEZXNjcmlwdGlvbj0iIj4NCiAgICAgICAgICAgICAgPFJ1bGVQYXJhbWV0ZXJzPg0KICAgICAgICAgICAgICAgIDxSdWxlUGFyYW1ldGVyIE5hbWU9IlN0YXJ0c1dpdGgiIFZhbHVlPSImYW1wO2ZsYWc9IiAvPg0KICAgICAgICAgICAgICAgIDxSdWxlUGFyYW1ldGVyIE5hbWU9IkVuZHNXaXRoIiBWYWx1ZT0iJnF1b3Q7IiAvPg0KICAgICAgICAgICAgICAgIDxSdWxlUGFyYW1ldGVyIE5hbWU9IkluZGV4IiBWYWx1ZT0iMCIgLz4NCiAgICAgICAgICAgICAgICA8UnVsZVBhcmFtZXRlciBOYW1lPSJJZ25vcmVDYXNlIiBWYWx1ZT0iRmFsc2UiIC8+DQogICAgICAgICAgICAgICAgPFJ1bGVQYXJhbWV0ZXIgTmFtZT0iVXNlUmVndWxhckV4cHJlc3Npb24iIFZhbHVlPSJGYWxzZSIgLz4NCiAgICAgICAgICAgICAgICA8UnVsZVBhcmFtZXRlciBOYW1lPSJIdG1sRGVjb2RlIiBWYWx1ZT0iVHJ1ZSIgLz4NCiAgICAgICAgICAgICAgICA8UnVsZVBhcmFtZXRlciBOYW1lPSJSZXF1aXJlZCIgVmFsdWU9IkZhbHNlIiAvPg0KICAgICAgICAgICAgICA8L1J1bGVQYXJhbWV0ZXJzPg0KICAgICAgICAgICAgPC9FeHRyYWN0aW9uUnVsZT4NCiAgICAgICAgICAgIDxFeHRyYWN0aW9uUnVsZSBDbGFzc25hbWU9Ik1pY3Jvc29mdC5WaXN1YWxTdHVkaW8uVGVzdFRvb2xzLldlYlRlc3RpbmcuUnVsZXMuRXh0cmFjdFRleHQsIE1pY3Jvc29mdC5WaXN1YWxTdHVkaW8uUXVhbGl0eVRvb2xzLldlYlRlc3RGcmFtZXdvcmssIFZlcnNpb249MTAuMC4wLjAsIEN1bHR1cmU9bmV1dHJhbCwgUHVibGljS2V5VG9rZW49YjAzZjVmN2YxMWQ1MGEzYSIgVmFyaWFibGVOYW1lPSJGb3JtUG9zdFBhcmFtMTQuX19WSUVXU1RBVEUiIERpc3BsYXlOYW1lPSIiIERlc2NyaXB0aW9uPSIiPg0KICAgICAgICAgICAgICA8UnVsZVBhcmFtZXRlcnM+DQogICAgICAgICAgICAgICAgPFJ1bGVQYXJhbWV0ZXIgTmFtZT0iU3RhcnRzV2l0aCIgVmFsdWU9Imx1ZT0mcXVvdDsiIC8+DQogICAgICAgICAgICAgICAgPFJ1bGVQYXJhbWV0ZXIgTmFtZT0iRW5kc1dpdGgiIFZhbHVlPSImcXVvdDsgLyZndDsmI3hEOyIgLz4NCiAgICAgICAgICAgICAgICA8UnVsZVBhcmFtZXRlciBOYW1lPSJJbmRleCIgVmFsdWU9IjMiIC8+DQogICAgICAgICAgICAgICAgPFJ1bGVQYXJhbWV0ZXIgTmFtZT0iSWdub3JlQ2FzZSIgVmFsdWU9IkZhbHNlIiAvPg0KICAgICAgICAgICAgICAgIDxSdWxlUGFyYW1ldGVyIE5hbWU9IlVzZVJlZ3VsYXJFeHByZXNzaW9uIiBWYWx1ZT0iRmFsc2UiIC8+DQogICAgICAgICAgICAgICAgPFJ1bGVQYXJhbWV0ZXIgTmFtZT0iSHRtbERlY29kZSIgVmFsdWU9IlRydWUiIC8+DQogICAgICAgICAgICAgICAgPFJ1bGVQYXJhbWV0ZXIgTmFtZT0iUmVxdWlyZWQiIFZhbHVlPSJGYWxzZSIgLz4NCiAgICAgICAgICAgICAgPC9SdWxlUGFyYW1ldGVycz4NCiAgICAgICAgICAgIDwvRXh0cmFjdGlvblJ1bGU+DQogICAgICAgICAgICA8RXh0cmFjdGlvblJ1bGUgQ2xhc3NuYW1lPSJNaWNyb3NvZnQuVmlzdWFsU3R1ZGlvLlRlc3RUb29scy5XZWJUZXN0aW5nLlJ1bGVzLkV4dHJhY3RUZXh0LCBNaWNyb3NvZnQuVmlzdWFsU3R1ZGlvLlF1YWxpdHlUb29scy5XZWJUZXN0RnJhbWV3b3JrLCBWZXJzaW9uPTEwLjAuMC4wLCBDdWx0dXJlPW5ldXRyYWwsIFB1YmxpY0tleVRva2VuPWIwM2Y1ZjdmMTFkNTBhM2EiIFZhcmlhYmxlTmFtZT0iRm9ybVBvc3RQYXJhbTE1Ll9fVklFV1NUQVRFR0VORVJBVE9SIiBEaXNwbGF5TmFtZT0iIiBEZXNjcmlwdGlvbj0iIj4NCiAgICAgICAgICAgICAgPFJ1bGVQYXJhbWV0ZXJzPg0KICAgICAgICAgICAgICAgIDxSdWxlUGFyYW1ldGVyIE5hbWU9IlN0YXJ0c1dpdGgiIFZhbHVlPSJsdWU9JnF1b3Q7IiAvPg0KICAgICAgICAgICAgICAgIDxSdWxlUGFyYW1ldGVyIE5hbWU9IkVuZHNXaXRoIiBWYWx1ZT0iJnF1b3Q7IC8mZ3Q7JiN4RDsiIC8+DQogICAgICAgICAgICAgICAgPFJ1bGVQYXJhbWV0ZXIgTmFtZT0iSW5kZXgiIFZhbHVlPSI0IiAvPg0KICAgICAgICAgICAgICAgIDxSdWxlUGFyYW1ldGVyIE5hbWU9Iklnbm9yZUNhc2UiIFZhbHVlPSJGYWxzZSIgLz4NCiAgICAgICAgICAgICAgICA8UnVsZVBhcmFtZXRlciBOYW1lPSJVc2VSZWd1bGFyRXhwcmVzc2lvbiIgVmFsdWU9IkZhbHNlIiAvPg0KICAgICAgICAgICAgICAgIDxSdWxlUGFyYW1ldGVyIE5hbWU9Ikh0bWxEZWNvZGUiIFZhbHVlPSJUcnVlIiAvPg0KICAgICAgICAgICAgICAgIDxSdWxlUGFyYW1ldGVyIE5hbWU9IlJlcXVpcmVkIiBWYWx1ZT0iRmFsc2UiIC8+DQogICAgICAgICAgICAgIDwvUnVsZVBhcmFtZXRlcnM+DQogICAgICAgICAgICA8L0V4dHJhY3Rpb25SdWxlPg0KICAgICAgICAgICAgPEV4dHJhY3Rpb25SdWxlIENsYXNzbmFtZT0iTWljcm9zb2Z0LlZpc3VhbFN0dWRpby5UZXN0VG9vbHMuV2ViVGVzdGluZy5SdWxlcy5FeHRyYWN0VGV4dCwgTWljcm9zb2Z0LlZpc3VhbFN0dWRpby5RdWFsaXR5VG9vbHMuV2ViVGVzdEZyYW1ld29yaywgVmVyc2lvbj0xMC4wLjAuMCwgQ3VsdHVyZT1uZXV0cmFsLCBQdWJsaWNLZXlUb2tlbj1iMDNmNWY3ZjExZDUwYTNhIiBWYXJpYWJsZU5hbWU9IkZvcm1Qb3N0UGFyYW0xNi5jdGwwMCRDb250ZW50UGxhY2VIb2xkZXIxJGN0bDAwJHJhZGlvIiBEaXNwbGF5TmFtZT0iIiBEZXNjcmlwdGlvbj0iIj4NCiAgICAgICAgICAgICAgPFJ1bGVQYXJhbWV0ZXJzPg0KICAgICAgICAgICAgICAgIDxSdWxlUGFyYW1ldGVyIE5hbWU9IlN0YXJ0c1dpdGgiIFZhbHVlPSJsdWU9JnF1b3Q7IiAvPg0KICAgICAgICAgICAgICAgIDxSdWxlUGFyYW1ldGVyIE5hbWU9IkVuZHNXaXRoIiBWYWx1ZT0iJnF1b3Q7IGNoZSIgLz4NCiAgICAgICAgICAgICAgICA8UnVsZVBhcmFtZXRlciBOYW1lPSJJbmRleCIgVmFsdWU9IjExIiAvPg0KICAgICAgICAgICAgICAgIDxSdWxlUGFyYW1ldGVyIE5hbWU9Iklnbm9yZUNhc2UiIFZhbHVlPSJGYWxzZSIgLz4NCiAgICAgICAgICAgICAgICA8UnVsZVBhcmFtZXRlciBOYW1lPSJVc2VSZWd1bGFyRXhwcmVzc2lvbiIgVmFsdWU9IkZhbHNlIiAvPg0KICAgICAgICAgICAgICAgIDxSdWxlUGFyYW1ldGVyIE5hbWU9Ikh0bWxEZWNvZGUiIFZhbHVlPSJUcnVlIiAvPg0KICAgICAgICAgICAgICAgIDxSdWxlUGFyYW1ldGVyIE5hbWU9IlJlcXVpcmVkIiBWYWx1ZT0iRmFsc2UiIC8+DQogICAgICAgICAgICAgIDwvUnVsZVBhcmFtZXRlcnM+DQogICAgICAgICAgICA8L0V4dHJhY3Rpb25SdWxlPg0KICAgICAgICAgICAgPEV4dHJhY3Rpb25SdWxlIENsYXNzbmFtZT0iTWljcm9zb2Z0LlZpc3VhbFN0dWRpby5UZXN0VG9vbHMuV2ViVGVzdGluZy5SdWxlcy5FeHRyYWN0VGV4dCwgTWljcm9zb2Z0LlZpc3VhbFN0dWRpby5RdWFsaXR5VG9vbHMuV2ViVGVzdEZyYW1ld29yaywgVmVyc2lvbj0xMC4wLjAuMCwgQ3VsdHVyZT1uZXV0cmFsLCBQdWJsaWNLZXlUb2tlbj1iMDNmNWY3ZjExZDUwYTNhIiBWYXJpYWJsZU5hbWU9IkZvcm1Qb3N0UGFyYW0xNy5jdGwwMCRDb250ZW50UGxhY2VIb2xkZXIxJGN0bDAwJGJ0bk9LIiBEaXNwbGF5TmFtZT0iIiBEZXNjcmlwdGlvbj0iIj4NCiAgICAgICAgICAgICAgPFJ1bGVQYXJhbWV0ZXJzPg0KICAgICAgICAgICAgICAgIDxSdWxlUGFyYW1ldGVyIE5hbWU9IlN0YXJ0c1dpdGgiIFZhbHVlPSIgPT0gJnF1b3Q7IiAvPg0KICAgICAgICAgICAgICAgIDxSdWxlUGFyYW1ldGVyIE5hbWU9IkVuZHNXaXRoIiBWYWx1ZT0iJnF1b3Q7IHx8ICIgLz4NCiAgICAgICAgICAgICAgICA8UnVsZVBhcmFtZXRlciBOYW1lPSJJbmRleCIgVmFsdWU9IjAiIC8+DQogICAgICAgICAgICAgICAgPFJ1bGVQYXJhbWV0ZXIgTmFtZT0iSWdub3JlQ2FzZSIgVmFsdWU9IkZhbHNlIiAvPg0KICAgICAgICAgICAgICAgIDxSdWxlUGFyYW1ldGVyIE5hbWU9IlVzZVJlZ3VsYXJFeHByZXNzaW9uIiBWYWx1ZT0iRmFsc2UiIC8+DQogICAgICAgICAgICAgICAgPFJ1bGVQYXJhbWV0ZXIgTmFtZT0iSHRtbERlY29kZSIgVmFsdWU9IlRydWUiIC8+DQogICAgICAgICAgICAgICAgPFJ1bGVQYXJhbWV0ZXIgTmFtZT0iUmVxdWlyZWQiIFZhbHVlPSJGYWxzZSIgLz4NCiAgICAgICAgICAgICAgPC9SdWxlUGFyYW1ldGVycz4NCiAgICAgICAgICAgIDwvRXh0cmFjdGlvblJ1bGU+DQogICAgICAgICAgICA8RXh0cmFjdGlvblJ1bGUgQ2xhc3NuYW1lPSJNaWNyb3NvZnQuVmlzdWFsU3R1ZGlvLlRlc3RUb29scy5XZWJUZXN0aW5nLlJ1bGVzLkV4dHJhY3RUZXh0LCBNaWNyb3NvZnQuVmlzdWFsU3R1ZGlvLlF1YWxpdHlUb29scy5XZWJUZXN0RnJhbWV3b3JrLCBWZXJzaW9uPTEwLjAuMC4wLCBDdWx0dXJlPW5ldXRyYWwsIFB1YmxpY0tleVRva2VuPWIwM2Y1ZjdmMTFkNTBhM2EiIFZhcmlhYmxlTmFtZT0iUXVlcnlTdHJpbmdQYXJhbTI5LnBhZ2UiIERpc3BsYXlOYW1lPSIiIERlc2NyaXB0aW9uPSIiPg0KICAgICAgICAgICAgICA8UnVsZVBhcmFtZXRlcnM+DQogICAgICAgICAgICAgICAgPFJ1bGVQYXJhbWV0ZXIgTmFtZT0iU3RhcnRzV2l0aCIgVmFsdWU9Ij9wYWdlPSIgLz4NCiAgICAgICAgICAgICAgICA8UnVsZVBhcmFtZXRlciBOYW1lPSJFbmRzV2l0aCIgVmFsdWU9IiZhbXA7IiAvPg0KICAgICAgICAgICAgICAgIDxSdWxlUGFyYW1ldGVyIE5hbWU9IkluZGV4IiBWYWx1ZT0iNCIgLz4NCiAgICAgICAgICAgICAgICA8UnVsZVBhcmFtZXRlciBOYW1lPSJJZ25vcmVDYXNlIiBWYWx1ZT0iRmFsc2UiIC8+DQogICAgICAgICAgICAgICAgPFJ1bGVQYXJhbWV0ZXIgTmFtZT0iVXNlUmVndWxhckV4cHJlc3Npb24iIFZhbHVlPSJGYWxzZSIgLz4NCiAgICAgICAgICAgICAgICA8UnVsZVBhcmFtZXRlciBOYW1lPSJIdG1sRGVjb2RlIiBWYWx1ZT0iVHJ1ZSIgLz4NCiAgICAgICAgICAgICAgICA8UnVsZVBhcmFtZXRlciBOYW1lPSJSZXF1aXJlZCIgVmFsdWU9IkZhbHNlIiAvPg0KICAgICAgICAgICAgICA8L1J1bGVQYXJhbWV0ZXJzPg0KICAgICAgICAgICAgPC9FeHRyYWN0aW9uUnVsZT4NCiAgICAgICAgICAgIDxFeHRyYWN0aW9uUnVsZSBDbGFzc25hbWU9Ik1pY3Jvc29mdC5WaXN1YWxTdHVkaW8uVGVzdFRvb2xzLldlYlRlc3RpbmcuUnVsZXMuRXh0cmFjdFRleHQsIE1pY3Jvc29mdC5WaXN1YWxTdHVkaW8uUXVhbGl0eVRvb2xzLldlYlRlc3RGcmFtZXdvcmssIFZlcnNpb249MTAuMC4wLjAsIEN1bHR1cmU9bmV1dHJhbCwgUHVibGljS2V5VG9rZW49YjAzZjVmN2YxMWQ1MGEzYSIgVmFyaWFibGVOYW1lPSJRdWVyeVN0cmluZ1BhcmFtMzAuZmxhZyIgRGlzcGxheU5hbWU9IiIgRGVzY3JpcHRpb249IiI+DQogICAgICAgICAgICAgIDxSdWxlUGFyYW1ldGVycz4NCiAgICAgICAgICAgICAgICA8UnVsZVBhcmFtZXRlciBOYW1lPSJTdGFydHNXaXRoIiBWYWx1ZT0iJmFtcDtmbGFnPSIgLz4NCiAgICAgICAgICAgICAgICA8UnVsZVBhcmFtZXRlciBOYW1lPSJFbmRzV2l0aCIgVmFsdWU9IiZxdW90OyIgLz4NCiAgICAgICAgICAgICAgICA8UnVsZVBhcmFtZXRlciBOYW1lPSJJbmRleCIgVmFsdWU9IjAiIC8+DQogICAgICAgICAgICAgICAgPFJ1bGVQYXJhbWV0ZXIgTmFtZT0iSWdub3JlQ2FzZSIgVmFsdWU9IkZhbHNlIiAvPg0KICAgICAgICAgICAgICAgIDxSdWxlUGFyYW1ldGVyIE5hbWU9IlVzZVJlZ3VsYXJFeHByZXNzaW9uIiBWYWx1ZT0iRmFsc2UiIC8+DQogICAgICAgICAgICAgICAgPFJ1bGVQYXJhbWV0ZXIgTmFtZT0iSHRtbERlY29kZSIgVmFsdWU9IlRydWUiIC8+DQogICAgICAgICAgICAgICAgPFJ1bGVQYXJhbWV0ZXIgTmFtZT0iUmVxdWlyZWQiIFZhbHVlPSJGYWxzZSIgLz4NCiAgICAgICAgICAgICAgPC9SdWxlUGFyYW1ldGVycz4NCiAgICAgICAgICAgIDwvRXh0cmFjdGlvblJ1bGU+DQogICAgICAgICAgICA8RXh0cmFjdGlvblJ1bGUgQ2xhc3NuYW1lPSJNaWNyb3NvZnQuVmlzdWFsU3R1ZGlvLlRlc3RUb29scy5XZWJUZXN0aW5nLlJ1bGVzLkV4dHJhY3RGb3JtRmllbGQsIE1pY3Jvc29mdC5WaXN1YWxTdHVkaW8uUXVhbGl0eVRvb2xzLldlYlRlc3RGcmFtZXdvcmssIFZlcnNpb249MTAuMC4wLjAsIEN1bHR1cmU9bmV1dHJhbCwgUHVibGljS2V5VG9rZW49YjAzZjVmN2YxMWQ1MGEzYSIgVmFyaWFibGVOYW1lPSJGb3JtUG9zdFBhcmFtMTguY3RsMDAkQ29udGVudFBsYWNlSG9sZGVyMSRjdGwwMCRyYWRpbyIgRGlzcGxheU5hbWU9IiIgRGVzY3JpcHRpb249IiI+DQogICAgICAgICAgICAgIDxSdWxlUGFyYW1ldGVycz4NCiAgICAgICAgICAgICAgICA8UnVsZVBhcmFtZXRlciBOYW1lPSJOYW1lIiBWYWx1ZT0iY3RsMDBfQ29udGVudFBsYWNlSG9sZGVyMV9jdGwwMF9yYWRpb01hU1YiIC8+DQogICAgICAgICAgICAgICAgPFJ1bGVQYXJhbWV0ZXIgTmFtZT0iSHRtbERlY29kZSIgVmFsdWU9IlRydWUiIC8+DQogICAgICAgICAgICAgICAgPFJ1bGVQYXJhbWV0ZXIgTmFtZT0iUmVxdWlyZWQiIFZhbHVlPSJGYWxzZSIgLz4NCiAgICAgICAgICAgICAgICA8UnVsZVBhcmFtZXRlciBOYW1lPSJJbmRleCIgVmFsdWU9IjEiIC8+DQogICAgICAgICAgICAgIDwvUnVsZVBhcmFtZXRlcnM+DQogICAgICAgICAgICA8L0V4dHJhY3Rpb25SdWxlPg0KICAgICAgICAgICAgPEV4dHJhY3Rpb25SdWxlIENsYXNzbmFtZT0iTWljcm9zb2Z0LlZpc3VhbFN0dWRpby5UZXN0VG9vbHMuV2ViVGVzdGluZy5SdWxlcy5FeHRyYWN0Rm9ybUZpZWxkLCBNaWNyb3NvZnQuVmlzdWFsU3R1ZGlvLlF1YWxpdHlUb29scy5XZWJUZXN0RnJhbWV3b3JrLCBWZXJzaW9uPTEwLjAuMC4wLCBDdWx0dXJlPW5ldXRyYWwsIFB1YmxpY0tleVRva2VuPWIwM2Y1ZjdmMTFkNTBhM2EiIFZhcmlhYmxlTmFtZT0iRm9ybVBvc3RQYXJhbTE5LmN0bDAwJENvbnRlbnRQbGFjZUhvbGRlcjEkY3RsMDAkYnRuT0siIERpc3BsYXlOYW1lPSIiIERlc2NyaXB0aW9uPSIiPg0KICAgICAgICAgICAgICA8UnVsZVBhcmFtZXRlcnM+DQogICAgICAgICAgICAgICAgPFJ1bGVQYXJhbWV0ZXIgTmFtZT0iTmFtZSIgVmFsdWU9ImN0bDAwX0NvbnRlbnRQbGFjZUhvbGRlcjFfY3RsMDBfYnRuT0siIC8+DQogICAgICAgICAgICAgICAgPFJ1bGVQYXJhbWV0ZXIgTmFtZT0iSHRtbERlY29kZSIgVmFsdWU9IlRydWUiIC8+DQogICAgICAgICAgICAgICAgPFJ1bGVQYXJhbWV0ZXIgTmFtZT0iUmVxdWlyZWQiIFZhbHVlPSJGYWxzZSIgLz4NCiAgICAgICAgICAgICAgICA8UnVsZVBhcmFtZXRlciBOYW1lPSJJbmRleCIgVmFsdWU9IjAiIC8+DQogICAgICAgICAgICAgIDwvUnVsZVBhcmFtZXRlcnM+DQogICAgICAgICAgICA8L0V4dHJhY3Rpb25SdWxlPg0KICAgICAgICAgIDwvQ29ycmVsYXRpb25FeHRyYWN0aW9uUnVsZXM+DQogICAgICAgICAgPFF1ZXJ5U3RyaW5nUGFyYW1ldGVycz4NCiAgICAgICAgICAgIDxRdWVyeVN0cmluZ1BhcmFtZXRlciBOYW1lPSJwYWdlIiBWYWx1ZT0ibmhhcG1hc3YiIFJlY29yZGVkVmFsdWU9Im5oYXBtYXN2IiBDb3JyZWxhdGlvbkJpbmRpbmc9Int7UXVlcnlTdHJpbmdQYXJhbTI1LnBhZ2V9fSIgVXJsRW5jb2RlPSJGYWxzZSIgVXNlVG9Hcm91cFJlc3VsdHM9IkZhbHNlIiAvPg0KICAgICAgICAgICAgPFF1ZXJ5U3RyaW5nUGFyYW1ldGVyIE5hbWU9ImZsYWciIFZhbHVlPSJYZW1MaWNoVGhpIiBSZWNvcmRlZFZhbHVlPSJYZW1MaWNoVGhpIiBDb3JyZWxhdGlvbkJpbmRpbmc9Int7UXVlcnlTdHJpbmdQYXJhbTI2LmZsYWd9fSIgVXJsRW5jb2RlPSJGYWxzZSIgVXNlVG9Hcm91cFJlc3VsdHM9IkZhbHNlIiAvPg0KICAgICAgICAgIDwvUXVlcnlTdHJpbmdQYXJhbWV0ZXJzPg0KICAgICAgICAgIDxGb3JtUG9zdEh0dHBCb2R5Pg0KICAgICAgICAgICAgPEZvcm1Qb3N0UGFyYW1ldGVyIE5hbWU9Il9fRVZFTlRUQVJHRVQiIFZhbHVlPSJjdGwwMCRDb250ZW50UGxhY2VIb2xkZXIxJGN0bDAwJHJhZGlvTWFTViIgUmVjb3JkZWRWYWx1ZT0iY3RsMDAkQ29udGVudFBsYWNlSG9sZGVyMSRjdGwwMCRyYWRpb01hU1YiIENvcnJlbGF0aW9uQmluZGluZz0iIiBVcmxFbmNvZGU9IlRydWUiIC8+DQogICAgICAgICAgICA8Rm9ybVBvc3RQYXJhbWV0ZXIgTmFtZT0iX19FVkVOVEFSR1VNRU5UIiBWYWx1ZT0ie3skSElEREVOMS5fX0VWRU5UQVJHVU1FTlR9fSIgUmVjb3JkZWRWYWx1ZT0iIiBDb3JyZWxhdGlvbkJpbmRpbmc9IiIgVXJsRW5jb2RlPSJUcnVlIiAvPg0KICAgICAgICAgICAgPEZvcm1Qb3N0UGFyYW1ldGVyIE5hbWU9Il9fTEFTVEZPQ1VTIiBWYWx1ZT0ie3skSElEREVOMS5fX0xBU1RGT0NVU319IiBSZWNvcmRlZFZhbHVlPSIiIENvcnJlbGF0aW9uQmluZGluZz0iIiBVcmxFbmNvZGU9IlRydWUiIC8+DQogICAgICAgICAgICA8Rm9ybVBvc3RQYXJhbWV0ZXIgTmFtZT0iX19WSUVXU1RBVEUiIFZhbHVlPSJ7eyRISURERU4xLl9fVklFV1NUQVRFfX0iIFJlY29yZGVkVmFsdWU9Ii93RVBEd1VLTFRNeE5qYzNOVE0zTlE5a0ZnSm1EMlFXQkdZUFpCWUVBZ0VQRmdJZUIyTnZiblJsYm5Sa1pBSUNEeFlDSGdSb2NtVm1CU2t1TDAxbGMzTmhaMlZHYVd4bEwyWmhkbWxqYjI0dFpHRnBMV2h2WXkxellXa3RaMjl1TG1wd1oyUUNBUTlrRmdnQ0F3OWtGZ0ptRDJRV0FnSUJEMlFXREdZUER4WUNIZ1JVWlhoMEJReERhTU9nYnlCaTRicWhiaUJrWkFJQkR3OFdCQjRKUm05eVpVTnZiRzl5Q1FBei8vOGVCRjhoVTBJQ0JHUmtBZ0lQRHhZRUh3TUpBRFAvL3g4RUFnUmtaQUlERHc4V0JoOENCUmhVYUdGNUlNU1I0YnVWYVNCdDRicXRkQ0JyYU9HNnFYVWZBd2tBTS8vL0h3UUNCR1JrQWdRUER4WUVId01KQURQLy94OEVBZ1JrWkFJRkR3OFdCaDhDQlEzRWtNU0RibWNnVG1qaHVxMXdId01KQURQLy94OEVBZ1JrWkFJRkQyUVd3Z0VDQVE4UEZnUWVDRU56YzBOc1lYTnpCUWh2ZFhRdGJXVnVkUjhFQWdKa0ZnSm1EdzhXQWg4Q0JRdFVVa0ZPUnlCRFNPRzdwbVJrQWdNUER4WUVId1VGQ0c5MWRDMXRaVzUxSHdRQ0FtUVdBZ0lCRHc4V0FoOENCUmRFUVU1SUlFM2h1NlJESUVOSTRidW9ReUJPeElKT1IyUmtBZ1VQRHhZRUh3VUZDRzkxZEMxdFpXNTFId1FDQW1RV0FnSUJEdzhXQWg4Q0JSdEVUU0JEU09HN3FFTWdUc1NDVGtjZ3hKRERnVTVJSUVkSnc0RmtaQUlIRHc4V0JCOEZCUWh2ZFhRdGJXVnVkUjhFQWdKa0ZnSUNBUThQRmdJZkFnVWpVVlhodXFKT0lFekRuU0RFa01PQlRrZ2dSMG5EZ1NCU3c0aE9JRXhWV2VHN2hrNWtaQUlKRHc4V0JoOEZCUWh2ZFhRdGJXVnVkUjhFQWdJZUIxWnBjMmxpYkdWb1pCWUNBZ0VQRHhZQ0h3SUZGY1NReElKT1J5Qkx3NTBnVGNPVVRpQkk0YnVNUTJSa0Fnc1BEeFlFSHdVRkNHOTFkQzF0Wlc1MUh3UUNBbVJrQWcwUER4WUVId1VGQ0c5MWRDMXRaVzUxSHdRQ0FtUVdBZ0lCRHc4V0FoOENCUWRZUlUwZ1ZFdENaR1FDRHc4UEZnUWZCUVVJYjNWMExXMWxiblVmQkFJQ1pCWUNBZ0VQRHhZQ0h3SUZFRmhGVFNERWtFbmh1NEpOSUVSQlRraGtaQUlSRHc4V0JCOEZCUWh2ZFhRdGJXVnVkUjhFQWdKa0ZnSm1EdzhXQWg4Q0JRNVlSVTBnVE9HN2lrTklJRlJJU1dSa0FoTVBEeFlHSHdVRkNHOTFkQzF0Wlc1MUh3UUNBaDhHYUdRV0FnSUJEdzhXQWg4Q0JSUllSVTBnVE9HN2lrTklJRlJJU1NCTTRicWdTV1JrQWhVUER4WUdId1VGQ0c5MWRDMXRaVzUxSHdRQ0FoOEdhR1FXQWdJQkR3OFdBaDhDQlJGWVJVMGdUT0c3aWtOSUlGUklTU0JIUzJSa0FoY1BEeFlHSHdVRkNHOTFkQzF0Wlc1MUh3UUNBaDhHYUdRV0FnSUJEdzhXQWg4Q0JTRkhTRWtnVk1PVFRTQlU0YnF1VkNCTnc1Uk9JRWRKNGJxaVRrY2dST0c2b0Zsa1pBSVpEdzhXQkI4RkJRaHZkWFF0YldWdWRSOEVBZ0prWkFJYkR3OFdCQjhGQlFodmRYUXRiV1Z1ZFI4RUFnSmtGZ0lDQVE4UEZnSWZBZ1VPV0VWTklFamh1NHhESUZCSXc0MWtaQUlkRHc4V0JCOEZCUWh2ZFhRdGJXVnVkUjhFQWdKa1pBSWZEdzhXQkI4RkJRaHZkWFF0YldWdWRSOEVBZ0prRmdJQ0FROFBGZ0lmQWdVTFdFVk5JTVNRU2VHN2drMWtaQUloRHc4V0JoOEZCUWh2ZFhRdGJXVnVkUjhFQWdJZkJtaGtGZ0lDQVE4UEZnSWZBZ1VUeEpCSjRidUNUU0JMNGJ1eUlGYmh1NHhPUjJSa0FpTVBEeFlFSHdVRkNHOTFkQzF0Wlc1MUh3UUNBbVFXQWdJQkR3OFdBaDhDQlJoTDRicStWQ0JSVmVHNm9pREVrRW5odTRKTklFUkJUa2hrWkFJbER3OFdCQjhGQlFodmRYUXRiV1Z1ZFI4RUFnSmtGZ0lDQVE4UEZnSWZBZ1VXUzFFZ3hKQko0YnVDVFNCRVFVNUlJRTlPVEVsT1JXUmtBaWNQRHhZRUh3VUZDRzkxZEMxdFpXNTFId1FDQW1RV0FnSUJEdzhXQWg4Q0JSdFlSVTBneEpCSjRidUNUU0JFUVU1SUlGTkpUa2dnVmtuRGlrNWtaQUlwRHc4V0JCOEZCUWh2ZFhRdGJXVnVkUjhFQWdKa0ZnSUNBUThQRmdJZkFnVWZSMG5odXFKT1J5QldTY09LVGlCVTRidXdJTVNRU2VHN2drMGdSRUZPU0dSa0Fpc1BEeFlFSHdVRkNHOTFkQzF0Wlc1MUh3UUNBbVFXQWdJQkR3OFdBaDhDQlFsWVJVMGdRMVRFa0ZSa1pBSXREdzhXQkI4RkJRaHZkWFF0YldWdWRSOEVBZ0prRmdJQ0FROFBGZ0lmQWdVTFdFVk5JRTNEbEU0Z1ZGRmtaQUl2RHc4V0JCOEZCUWh2ZFhRdGJXVnVkUjhFQWdKa0ZnSUNBUThQRmdJZkFnVWt4SkREZ1U1SUlFZEp3NEVnUytHNnZsUWdVVlhodXFJZ1VzT0lUaUJNVlZuaHU0Wk9aR1FDTVE4UEZnUWZCUVVJYjNWMExXMWxiblVmQkFJQ1pCWUNBZ0VQRHhZQ0h3SUZKc1NRdzRGT1NDQkhTY09CSUV0UklGTERpRTRnVEZWWjRidUdUaUJUU1U1SUlGWkp3NHBPWkdRQ013OFBGZ1lmQlFVSWIzVjBMVzFsYm5VZkJBSUNId1pvWkJZQ0FnRVBEeFlDSHdJRkVsUGh1NnhCSUZSVUlFUERnU0JPU01PQ1RtUmtBalVQRHhZR0h3VUZDRzkxZEMxdFpXNTFId1FDQWg4R1oyUVdBZ0lCRHc4V0FoOENCUTVIdzVOUUlNT2RJRXRKNGJxK1RtUmtBamNQRHhZR0h3VUZDRzkxZEMxdFpXNTFId1FDQWg4R2FHUVdBbVlQRHhZQ0h3SUZFRlBodTZ4QklFekRuU0JNNGJ1S1EwaGtaQUk1RHc4V0JCOEZCUWh2ZFhRdGJXVnVkUjhFQWdKa0ZnSUNBUThQRmdJZkFnVVZVVlhodXFKT0lFekRuU0JUU1U1SUlGWkp3NHBPWkdRQ093OFBGZ1FmQlFVSWIzVjBMVzFsYm5VZkJBSUNaQllDQWdFUER4WUNId0lGSWt2aHVyNVVJRkZWNGJxaUlGTkpUa2dnVmtuRGlrNGd4SkREZ1U1SUlFZEp3NEZrWkFJOUR3OFdCQjhGQlFodmRYUXRiV1Z1ZFI4RUFnSmtaQUkvRHc4V0JCOEZCUWh2ZFhRdGJXVnVkUjhFQWdKa0ZnSUNBUTlrRmdKbUR3OFdBaDhDQlJuRWtNT0JUa2dnUjBuRGdTQkhTZUc2b2s1SElFVGh1cUJaWkdRQ1FROFBGZ1FmQlFVSWIzVjBMVzFsYm5VZkJBSUNaQllDQWdFUER4WUNId0lGRk1TUXhJSk9SeUJMdzUwZ1ZFaEpJRXpodXFCSlpHUUNRdzhQRmdRZkJRVUliM1YwTFcxbGJuVWZCQUlDWkdRQ1JROFBGZ1FmQlFVSWIzVjBMVzFsYm5VZkJBSUNaQllDQWdFUER4WUNId0lGRXNTUVN5QkRTRlZadzRwT0lFNUh3NEJPU0dSa0FrY1BEeFlFSHdVRkNHOTFkQzF0Wlc1MUh3UUNBbVJrQWtrUER4WUVId1VGQ0c5MWRDMXRaVzUxSHdRQ0FtUVdBZ0lCRHc4V0FoOENCUlpMVVNCWXc0bFVJRlRodTVCVUlFNUhTRW5odTRaUVpHUUNTdzhQRmdRZkJRVUliM1YwTFcxbGJuVWZCQUlDWkJZQ0FnRVBEeFlDSHdJRkhVdFJJRmpEaVZRZ1ZFbmh1NEJPSUZUaHU1QlVJRTVIU0VuaHU0WlFaR1FDVFE4UEZnUWZCUVVJYjNWMExXMWxiblVmQkFJQ1pCWUNBZ0VQRHhZQ0h3SUZHa1BEZ2xVZ1NPRzdqa2tnVkVqR3IrRzduRTVISUVmaHVyWlFaR1FDVHc4UEZnUWZCUVVJYjNWMExXMWxiblVmQkFJQ1pCWUNBZ0VQRHhZQ0h3SUZFOFNRU3lCTFNNT1RRU0JNVmVHNnJFNGdWRTVrWkFKUkR3OFdCQjhGQlFodmRYUXRiV1Z1ZFI4RUFnSmtGZ0lDQVE4UEZnSWZBZ1VPVGtqaHVxeFFJTVNRU2VHN2drMWtaQUpURHc4V0JCOEZCUWh2ZFhRdGJXVnVkUjhFQWdKa1pBSlZEdzhXQkI4RkJRaHZkWFF0YldWdWRSOEVBZ0prWkFKWER3OFdCQjhGQlFodmRYUXRiV1Z1ZFI4RUFnSmtaQUpaRHc4V0JCOEZCUWh2ZFhRdGJXVnVkUjhFQWdKa0ZnSUNBUThQRmdJZkFnVWVXRVZOSU1TUVNlRzdnazBnVGNPVVRpQkhTZUc2b2s1SElFVGh1cUJaWkdRQ1d3OFBGZ1FmQlFVSWIzVjBMVzFsYm5VZkJBSUNaQllDQWdFUER4WUNId0lGSGxoRlRTREVrRW5odTRKTklGVGh1NVJPUnlCSTRidWlVQ0JNNGJ1YVVHUmtBbDBQRHhZRUh3VUZDRzkxZEMxdFpXNTFId1FDQW1RV0FnSUJEdzhXQWg4Q0JSVkpUaUJMU09HN2tFa2dUTWF2NGJ1aVRrY2dSMFJrWkFKZkR3OFdCQjhGQlFodmRYUXRiV1Z1ZFI4RUFnSmtGZ0lDQVE4UEZnSWZBZ1VPVlZCTVQwRkVJTVNRU2VHN2drMWtaQUpoRHc4V0JCOEZCUWh2ZFhRdGJXVnVkUjhFQWdKa0ZnSUNBUThQRmdJZkFnVU5WRXRDSUVMaHU1Z2dUY09VVG1Sa0FtTVBEeFlFSHdVRkNHOTFkQzF0Wlc1MUh3UUNBbVFXQWdJQkR3OFdBaDhDQlJSTTRidUtRMGdnVkVoSklFTGh1NWdnVGNPVVRtUmtBbVVQRHhZRUh3VUZDRzkxZEMxdFpXNTFId1FDQW1RV0FnSUJEdzhXQWg4Q0JTWlVTT0c3a0U1SElFdkRpaUJIU2VHNm9rNUhJRlpKdzRwT0lFUlZXZUc3aGxRZ1MxRkVTMlJrQW1jUER4WUVId1VGQ0c5MWRDMXRaVzUxSHdRQ0FtUVdBZ0lCRHc4V0FoOENCU0pZUlUwZ1ZPRzdsRTVISUVqaHU2SlFJRXRSSUVqaHU0eERJRlRodXF4UUlGTldaR1FDYVE4UEZnUWZCUVVJYjNWMExXMWxiblVmQkFJQ1pHUUNhdzhQRmdRZkJRVUliM1YwTFcxbGJuVWZCQUlDWkJZQ1pnOFBGZ0lmQWdVWVMrRzZ2aUJJVCtHNm9FTklJRWpodTR4RElGVGh1cXhRWkdRQ2JROFBGZ1FmQlFVSWIzVjBMVzFsYm5VZkJBSUNaR1FDYnc4UEZnUWZCUVVJYjNWMExXMWxiblVmQkFJQ1pCWUNBZ0VQRHhZQ0h3SUZGRWpHcitHN21rNUhJRVRodXFwT0lNU1FTMDFJWkdRQ2NROFBGZ1FmQlFVSWIzVjBMVzFsYm5VZkJBSUNaQllDQWdFUER4WUNId0lGSUU1STRicXNVQ0RFa09HN2lrRWdRMGpodTRnZ1Rramh1cXhPSUZQRGdVTklaR1FDY3c4UEZnUWZCUVVJYjNWMExXMWxiblVmQkFJQ1pCWUNBZ0VQRHhZQ0h3SUZKTVNReElKT1J5Qkx3NTBnVGtqaHVxeE9JRlBEZ1VOSUlFNUhUOE9BU1NCSFNlRzduR1JrQW5VUER4WUVId1VGQ0c5MWRDMXRaVzUxSHdRQ0FtUVdBZ0lCRHc4V0FoOENCUnZFa01PQlRrZ2dSMG5EZ1NCRFNPRzZwRlFnVE1hdjRidWlUa2RrWkFKM0R3OFdCQjhGQlFodmRYUXRiV1Z1ZFI4RUFnSmtGZ0lDQVE4UEZnSWZBZ1VmeEpBdVM4T2RJRVRodTdBZ1RPRzdoQ0JVNGJ1UVZDQk9SMGhKNGJ1R1VHUmtBbmtQRHhZRUh3VUZDRzkxZEMxdFpXNTFId1FDQW1RV0FnSUJEdzhXQWg4Q0JSTk80YnVZVUNCRFNPRzdxRTVISUVOSTRidUlaR1FDZXc4UEZnUWZCUVVJYjNWMExXMWxiblVmQkFJQ1pCWUNBZ0VQRHhZQ0h3SUZJVmhGVFNERWtPRzdnQ0JEeHEvR29FNUhJRlJTVDA1SElFTGh1NWdnVGNPVVRtUmtBbjBQRHhZRUh3VUZDRzkxZEMxdFpXNTFId1FDQW1RV0FnSUJEdzhXQWg4Q0JSbEVRVTVJSUZQRGdVTklJTVNRTGt2RG5TQll3NGxVSUZST1pHUUNmdzhQRmdRZkJRVUliM1YwTFcxbGJuVWZCQUlDWkJZQ0FnRVBEeFlDSHdJRkhrUkJUa2dnVThPQlEwZ2d4SkF1UzhPZElFVGh1N0FnVE9HN2hDQlVUbVJrQW9FQkR3OFdCQjhGQlFodmRYUXRiV1Z1ZFI4RUFnSmtGZ0lDQVE4UEZnSWZBZ1VXVkVqRGxFNUhJRlJKVGlCTVZlRzZyRTRnVnNTQ1RtUmtBb01CRHc4V0JCOEZCUWh2ZFhRdGJXVnVkUjhFQWdKa0ZnSUNBUThQRmdJZkFnVWpWRkpCSUVQaHU2aFZJRlJJdzVST1J5QlVTVTRnVk9HN2tGUWdUa2RJU2VHN2hsQmtaQUtGQVE4UEZnUWZCUVVJYjNWMExXMWxiblVmQkFJQ1pCWUNBZ0VQRHhZQ0h3SUZFRVBodTdCVklGTkpUa2dnVmtuRGlrNWtaQUtIQVE4UEZnUWZCUVVJYjNWMExXMWxiblVmQkFJQ1pCWUNBZ0VQRHhZQ0h3SUZGOFNReElKT1J5Qkx3NTBnV01PSlZDQlVWVm5odTRKT1pHUUNpUUVQRHhZRUh3VUZDRzkxZEMxdFpXNTFId1FDQW1RV0FnSUJEdzhXQWg4Q0JTQlVTTU9VVGtjZ1ZFbE9JRWpodTVJZ1U4YWdJRlJWV2VHN2drNGdVMGxPU0dSa0Fvc0JEdzhXQkI4RkJRaHZkWFF0YldWdWRSOEVBZ0prWkFLTkFROFBGZ1FmQlFVSWIzVjBMVzFsYm5VZkJBSUNaQllDQWdFUER4WUNId0lGRjBqRGswRWd4SkRHb0U0Z3hKQko0YnVHVGlCVTRidXNaR1FDandFUER4WUVId1VGQ0c5MWRDMXRaVzUxSHdRQ0FtUVdBZ0lCRHc4V0FoOENCUlpPUjBqaHU0Z2dST0c2b0ZrZ1JPRzZvRmtnUXNPWlpHUUNrUUVQRHhZRUh3VUZDRzkxZEMxdFpXNTFId1FDQW1RV0FnSUJEdzhXQWg4Q0JSZkVrTVNDVGtjZ1M4T2RJRTVIU09HN2lDQlFTTU9KVUdSa0FwTUJEdzhXQkI4RkJRaHZkWFF0YldWdWRSOEVBZ0prRmdJQ0FROFBGZ0lmQWdVU3hKREVnazVISUV2RG5TQkRUMGtnVkVoSlpHUUNsUUVQRHhZRUh3VUZDRzkxZEMxdFpXNTFId1FDQW1RV0FnSUJEdzhXQWg4Q0JSSllSVTBnVE9HN2lrTklJRU5QU1NCVVNFbGtaQUtYQVE4UEZnUWZCUVVJYjNWMExXMWxiblVmQkFJQ1pCWUNBZ0VQRHhZQ0h3SUZHMHRSSUU1SFNFbkRpazRnUStHN3FGVWdTMGhQUVNCSTRidU1RMlJrQXBrQkR3OFdCQjhGQlFodmRYUXRiV1Z1ZFI4RUFnSmtGZ0lDQVE4UEZnSWZBZ1VjV0VWTklNU1E0YnVBSUZURGdFa2dUa05MU0NCVVNFRk5JRWRKUVdSa0Fwc0JEdzhXQkI4RkJRaHZkWFF0YldWdWRSOEVBZ0prRmdJQ0FROWtGZ0ptRHc4V0FoOENCU1RFa01TQ1RrY2dTOE9kSUZoSlRpQkhTZUc2cEZrZ1Ewamh1NmhPUnlCT1NPRzZyRTVrWkFLZEFROFBGZ1FmQlFVSWIzVjBMVzFsYm5VZkJBSUNaQllDQWdFUFpCWUNaZzhQRmdJZkFnVVpRK0c2ckZBZ1Rramh1cXhVSUU1SFQrRzZvRWtnVkZMRG1tUmtBcDhCRHc4V0JCOEZCUWh2ZFhRdGJXVnVkUjhFQWdKa0ZnSUNBUThQRmdJZkFnVWJRK0c2ckZBZ1Rramh1cXhVSUZSSXhxL2h1NXhPUnlCVVVzT2FaR1FDb1FFUER4WUVId1VGQ0c5MWRDMXRaVzUxSHdRQ0FtUVdBZ0lCRHc4V0FoOENCUlZENGJxb1RTQk9RVTVISUZOSlRrZ2dWa25EaWs1a1pBS2pBUThQRmdRZkJRVUliM1YwTFcxbGJuVWZCQUlDWkJZQ0FnRVBEeFlDSHdJRkhsaEZUU0JNVmVHNnJFNGdWc1NDVGlCVTRidVFWQ0JPUjBoSjRidUdVR1JrQXFVQkR3OFdCQjhGQlFodmRYUXRiV1Z1ZFI4RUFnSmtGZ0lDQVE4UEZnSWZBZ1VlV0VWTklFeFY0YnFzVGlCV3hJSk9JRWpHcitHN21rNUhJRVRodXFwT1pHUUNwd0VQRHhZRUh3VUZDRzkxZEMxdFpXNTFId1FDQW1RV0FnSUJEdzhXQWg4Q0JSMVlSVTBnVEZYaHVxeE9JRmJFZ2s0Z1VFamh1cUpPSUVKSjRidUdUbVJrQXFrQkR3OFdCQjhGQlFodmRYUXRiV1Z1ZFI4RUFnSmtGZ0lDQVE4UEZnSWZBZ1VrUXNPQlR5QkNTZUc3Z2xVZ1VFamh1NlJESUZiaHU2UWdUTU9EVGtnZ3hKRGh1cUJQWkdRQ3F3RVBEeFlFSHdVRkNHOTFkQzF0Wlc1MUh3UUNBbVFXQWdJQkR3OFdBaDhDQlJ4VVNPRzdrRTVISUV2RGlpREVrTU9UVGtjZ1NGQWdUMDVNU1U1RlpHUUNyUUVQRHhZRUh3VUZDRzkxZEMxdFpXNTFId1FDQW1RV0FnSUJEdzhXQWg4Q0JSZkVrTVNDVGtjZ1M4T2RJRXZEblNCVXc1cERJRmpEZ1dSa0FxOEJEdzhXQkI4RkJRaHZkWFF0YldWdWRSOEVBZ0prRmdJQ0FROFBGZ0lmQWdVWVZFaEJUa2dnVkUvRGdVNGdTOE9kSUZURG1rTWdXTU9CWkdRQ3NRRVBEeFlFSHdVRkNHOTFkQzF0Wlc1MUh3UUNBbVFXQWdJQkR3OFdBaDhDQlNKRDRicXNVQ0JPU09HNnJGUWdUTU9kSUV6aHU0cERTQ0JMU0U5QklFamh1NHhEWkdRQ3N3RVBEeFlFSHdVRkNHOTFkQzF0Wlc1MUh3UUNBbVFXQWdJQkR3OFdBaDhDQlJkRDRicXNVQ0JPU09HNnJGUWdWQzVVU1U0Z1FraFpWR1JrQXJVQkR3OFdCQjhGQlFodmRYUXRiV1Z1ZFI4RUFnSmtGZ0lDQVE4UEZnSWZBZ1VXV0VWTklNU1FTZUc3Z2swZ3hKRERneUJFNGJxZ1dXUmtBcmNCRHc4V0JCOEZCUWh2ZFhRdGJXVnVkUjhFQWdKa0ZnSUNBUThQRmdJZkFnVVpTVTRnUzhPS0lFdElRVWtnUjBuaHU1d2dSMG5odXFKT1IyUmtBcmtCRHc4V0JCOEZCUWh2ZFhRdGJXVnVkUjhFQWdKa1pBSzdBUThQRmdRZkJRVUliM1YwTFcxbGJuVWZCQUlDWkdRQ3ZRRVBEeFlFSHdVRkNHOTFkQzF0Wlc1MUh3UUNBbVJrQXI4QkR3OFdCQjhGQlFodmRYUXRiV1Z1ZFI4RUFnSmtaQUxCQVE4UEZnUWZCUVVJYjNWMExXMWxiblVmQkFJQ1pHUUNCdzlrRmdJQ0FROWtGZ0ptRDJRV0NBSUJEeEFQRmdRZkFnVVBWRy9Eb0c0Z2RITEdzT0c3blc1bkhnZERhR1ZqYTJWa1oyUmtaR1FDQXc4UUR4WUNId0lGR1VQRG9TQnVhTU9pYmlCdVo4YXc0YnVkYVNCa3c3bHVaenBrWkdSa0FnVVBEeFlFSHdJRkcwNW80YnF0Y0NCdHc2TWdjK0c3a1NCajRicW5iaUI0WlcwNklCNEhSVzVoWW14bFpHaGtaQUlIRHc4V0FoOElhR1JrQWdrUFpCWUlBZ0VQRHhZQ0h3SUZlVU52Y0hseWFXZG9kQ0RDcVRJd01Ea2dWSExHc09HN25XNW5JTVNRU0NCVHc2QnBJRWZEc200dHhKRGh1cUZwSUdqaHU0MWpJR05vdzYxdWFDQnhkWGt1SUZGMTRicWpiaUJzdzcwZ1l1RzduMmtnNGJ1bWVTQmlZVzRnYm1qRG9tNGdaTU9pYmlCVVVDNGdTT0c3a3lCRGFNT3RJRTFwYm1oa1pBSUREdzhXQWg4Q0JRdFVjbUZ1WnlCRGFPRzdwMlJrQWdVUER4WUNId0lGTFZSb2FlRzZ2M1FnYStHNnZ5Qmk0YnVmYVNCamRIa2dVR2podXFkdUlHM2h1NEZ0SUVGdWFDQlJkY09pYm1Sa0FnY1BEeFlDSHdJRkRNU1E0YnFuZFNCVWNtRnVaMlJrR0FFRkhsOWZRMjl1ZEhKdmJITlNaWEYxYVhKbFVHOXpkRUpoWTJ0TFpYbGZYeFlEQlM5amRHd3dNQ1JEYjI1MFpXNTBVR3hoWTJWSWIyeGtaWEl4SkdOMGJEQXdKSEpoWkdsdlZHOWhibFJ5ZFc5dVp3VXBZM1JzTURBa1EyOXVkR1Z1ZEZCc1lXTmxTRzlzWkdWeU1TUmpkR3d3TUNSeVlXUnBiMDFoVTFZRktXTjBiREF3SkVOdmJuUmxiblJRYkdGalpVaHZiR1JsY2pFa1kzUnNNREFrY21Ga2FXOU5ZVk5XYks0S2t3Ym91MU1ZRy9jbmUvazJUb2dnOXVjPSIgQ29ycmVsYXRpb25CaW5kaW5nPSIiIFVybEVuY29kZT0iVHJ1ZSIgLz4NCiAgICAgICAgICAgIDxGb3JtUG9zdFBhcmFtZXRlciBOYW1lPSJfX1ZJRVdTVEFURUdFTkVSQVRPUiIgVmFsdWU9Int7JEhJRERFTjEuX19WSUVXU1RBVEVHRU5FUkFUT1J9fSIgUmVjb3JkZWRWYWx1ZT0iQ0EwQjAzMzQiIENvcnJlbGF0aW9uQmluZGluZz0iIiBVcmxFbmNvZGU9IlRydWUiIC8+DQogICAgICAgICAgICA8Rm9ybVBvc3RQYXJhbWV0ZXIgTmFtZT0iY3RsMDAkQ29udGVudFBsYWNlSG9sZGVyMSRjdGwwMCRyYWRpbyIgVmFsdWU9InJhZGlvTWFTViIgUmVjb3JkZWRWYWx1ZT0icmFkaW9NYVNWIiBDb3JyZWxhdGlvbkJpbmRpbmc9Int7Rm9ybVBvc3RQYXJhbTEzLmN0bDAwJENvbnRlbnRQbGFjZUhvbGRlcjEkY3RsMDAkcmFkaW99fSIgVXJsRW5jb2RlPSJUcnVlIiAvPg0KICAgICAgICAgIDwvRm9ybVBvc3RIdHRwQm9keT4NCiAgICAgICAgPC9SZXF1ZXN0Pg0KICAgICAgPC9EZXBlbmRlbnRSZXF1ZXN0cz4NCiAgICAgIDxRdWVyeVN0cmluZ1BhcmFtZXRlcnM+DQogICAgICAgIDxRdWVyeVN0cmluZ1BhcmFtZXRlciBOYW1lPSJwYWdlIiBWYWx1ZT0ibmhhcG1hc3YiIFJlY29yZGVkVmFsdWU9Im5oYXBtYXN2IiBDb3JyZWxhdGlvbkJpbmRpbmc9Int7UXVlcnlTdHJpbmdQYXJhbTUucGFnZX19IiBVcmxFbmNvZGU9IkZhbHNlIiBVc2VUb0dyb3VwUmVzdWx0cz0iRmFsc2UiIC8+DQogICAgICAgIDxRdWVyeVN0cmluZ1BhcmFtZXRlciBOYW1lPSJmbGFnIiBWYWx1ZT0iWGVtTGljaFRoaSIgUmVjb3JkZWRWYWx1ZT0iWGVtTGljaFRoaSIgQ29ycmVsYXRpb25CaW5kaW5nPSJ7e1F1ZXJ5U3RyaW5nUGFyYW02LmZsYWd9fSIgVXJsRW5jb2RlPSJGYWxzZSIgVXNlVG9Hcm91cFJlc3VsdHM9IkZhbHNlIiAvPg0KICAgICAgPC9RdWVyeVN0cmluZ1BhcmFtZXRlcnM+DQogICAgICA8Rm9ybVBvc3RIdHRwQm9keT4NCiAgICAgICAgPEZvcm1Qb3N0UGFyYW1ldGVyIE5hbWU9Il9fRVZFTlRUQVJHRVQiIFZhbHVlPSJjdGwwMCRDb250ZW50UGxhY2VIb2xkZXIxJGN0bDAwJHJhZGlvTWFTViIgUmVjb3JkZWRWYWx1ZT0iY3RsMDAkQ29udGVudFBsYWNlSG9sZGVyMSRjdGwwMCRyYWRpb01hU1YiIENvcnJlbGF0aW9uQmluZGluZz0iIiBVcmxFbmNvZGU9IlRydWUiIC8+DQogICAgICAgIDxGb3JtUG9zdFBhcmFtZXRlciBOYW1lPSJfX0VWRU5UQVJHVU1FTlQiIFZhbHVlPSJ7eyRISURERU4xLl9fRVZFTlRBUkdVTUVOVH19IiBSZWNvcmRlZFZhbHVlPSIiIENvcnJlbGF0aW9uQmluZGluZz0iIiBVcmxFbmNvZGU9IlRydWUiIC8+DQogICAgICAgIDxGb3JtUG9zdFBhcmFtZXRlciBOYW1lPSJfX0xBU1RGT0NVUyIgVmFsdWU9Int7JEhJRERFTjEuX19MQVNURk9DVVN9fSIgUmVjb3JkZWRWYWx1ZT0iIiBDb3JyZWxhdGlvbkJpbmRpbmc9IiIgVXJsRW5jb2RlPSJUcnVlIiAvPg0KICAgICAgICA8Rm9ybVBvc3RQYXJhbWV0ZXIgTmFtZT0iX19WSUVXU1RBVEUiIFZhbHVlPSJ7eyRISURERU4xLl9fVklFV1NUQVRFfX0iIFJlY29yZGVkVmFsdWU9Ii93RVBEd1VLTFRNeE5qYzNOVE0zTlE5a0ZnSm1EMlFXQkdZUFpCWUVBZ0VQRmdJZUIyTnZiblJsYm5Sa1pBSUNEeFlDSGdSb2NtVm1CU2t1TDAxbGMzTmhaMlZHYVd4bEwyWmhkbWxqYjI0dFpHRnBMV2h2WXkxellXa3RaMjl1TG1wd1oyUUNBUTlrRmdnQ0F3OWtGZ0ptRDJRV0FnSUJEMlFXREdZUER4WUNIZ1JVWlhoMEJReERhTU9nYnlCaTRicWhiaUJrWkFJQkR3OFdCQjRKUm05eVpVTnZiRzl5Q1FBei8vOGVCRjhoVTBJQ0JHUmtBZ0lQRHhZRUh3TUpBRFAvL3g4RUFnUmtaQUlERHc4V0JoOENCUmhVYUdGNUlNU1I0YnVWYVNCdDRicXRkQ0JyYU9HNnFYVWZBd2tBTS8vL0h3UUNCR1JrQWdRUER4WUVId01KQURQLy94OEVBZ1JrWkFJRkR3OFdCaDhDQlEzRWtNU0RibWNnVG1qaHVxMXdId01KQURQLy94OEVBZ1JrWkFJRkQyUVd3Z0VDQVE4UEZnUWVDRU56YzBOc1lYTnpCUWh2ZFhRdGJXVnVkUjhFQWdKa0ZnSm1EdzhXQWg4Q0JRdFVVa0ZPUnlCRFNPRzdwbVJrQWdNUER4WUVId1VGQ0c5MWRDMXRaVzUxSHdRQ0FtUVdBZ0lCRHc4V0FoOENCUmRFUVU1SUlFM2h1NlJESUVOSTRidW9ReUJPeElKT1IyUmtBZ1VQRHhZRUh3VUZDRzkxZEMxdFpXNTFId1FDQW1RV0FnSUJEdzhXQWg4Q0JSdEVUU0JEU09HN3FFTWdUc1NDVGtjZ3hKRERnVTVJSUVkSnc0RmtaQUlIRHc4V0JCOEZCUWh2ZFhRdGJXVnVkUjhFQWdKa0ZnSUNBUThQRmdJZkFnVWpVVlhodXFKT0lFekRuU0RFa01PQlRrZ2dSMG5EZ1NCU3c0aE9JRXhWV2VHN2hrNWtaQUlKRHc4V0JoOEZCUWh2ZFhRdGJXVnVkUjhFQWdJZUIxWnBjMmxpYkdWb1pCWUNBZ0VQRHhZQ0h3SUZGY1NReElKT1J5Qkx3NTBnVGNPVVRpQkk0YnVNUTJSa0Fnc1BEeFlFSHdVRkNHOTFkQzF0Wlc1MUh3UUNBbVJrQWcwUER4WUVId1VGQ0c5MWRDMXRaVzUxSHdRQ0FtUVdBZ0lCRHc4V0FoOENCUWRZUlUwZ1ZFdENaR1FDRHc4UEZnUWZCUVVJYjNWMExXMWxiblVmQkFJQ1pCWUNBZ0VQRHhZQ0h3SUZFRmhGVFNERWtFbmh1NEpOSUVSQlRraGtaQUlSRHc4V0JCOEZCUWh2ZFhRdGJXVnVkUjhFQWdKa0ZnSm1EdzhXQWg4Q0JRNVlSVTBnVE9HN2lrTklJRlJJU1dSa0FoTVBEeFlHSHdVRkNHOTFkQzF0Wlc1MUh3UUNBaDhHYUdRV0FnSUJEdzhXQWg4Q0JSUllSVTBnVE9HN2lrTklJRlJJU1NCTTRicWdTV1JrQWhVUER4WUdId1VGQ0c5MWRDMXRaVzUxSHdRQ0FoOEdhR1FXQWdJQkR3OFdBaDhDQlJGWVJVMGdUT0c3aWtOSUlGUklTU0JIUzJSa0FoY1BEeFlHSHdVRkNHOTFkQzF0Wlc1MUh3UUNBaDhHYUdRV0FnSUJEdzhXQWg4Q0JTRkhTRWtnVk1PVFRTQlU0YnF1VkNCTnc1Uk9JRWRKNGJxaVRrY2dST0c2b0Zsa1pBSVpEdzhXQkI4RkJRaHZkWFF0YldWdWRSOEVBZ0prWkFJYkR3OFdCQjhGQlFodmRYUXRiV1Z1ZFI4RUFnSmtGZ0lDQVE4UEZnSWZBZ1VPV0VWTklFamh1NHhESUZCSXc0MWtaQUlkRHc4V0JCOEZCUWh2ZFhRdGJXVnVkUjhFQWdKa1pBSWZEdzhXQkI4RkJRaHZkWFF0YldWdWRSOEVBZ0prRmdJQ0FROFBGZ0lmQWdVTFdFVk5JTVNRU2VHN2drMWtaQUloRHc4V0JoOEZCUWh2ZFhRdGJXVnVkUjhFQWdJZkJtaGtGZ0lDQVE4UEZnSWZBZ1VUeEpCSjRidUNUU0JMNGJ1eUlGYmh1NHhPUjJSa0FpTVBEeFlFSHdVRkNHOTFkQzF0Wlc1MUh3UUNBbVFXQWdJQkR3OFdBaDhDQlJoTDRicStWQ0JSVmVHNm9pREVrRW5odTRKTklFUkJUa2hrWkFJbER3OFdCQjhGQlFodmRYUXRiV1Z1ZFI4RUFnSmtGZ0lDQVE4UEZnSWZBZ1VXUzFFZ3hKQko0YnVDVFNCRVFVNUlJRTlPVEVsT1JXUmtBaWNQRHhZRUh3VUZDRzkxZEMxdFpXNTFId1FDQW1RV0FnSUJEdzhXQWg4Q0JSdFlSVTBneEpCSjRidUNUU0JFUVU1SUlGTkpUa2dnVmtuRGlrNWtaQUlwRHc4V0JCOEZCUWh2ZFhRdGJXVnVkUjhFQWdKa0ZnSUNBUThQRmdJZkFnVWZSMG5odXFKT1J5QldTY09LVGlCVTRidXdJTVNRU2VHN2drMGdSRUZPU0dSa0Fpc1BEeFlFSHdVRkNHOTFkQzF0Wlc1MUh3UUNBbVFXQWdJQkR3OFdBaDhDQlFsWVJVMGdRMVRFa0ZSa1pBSXREdzhXQkI4RkJRaHZkWFF0YldWdWRSOEVBZ0prRmdJQ0FROFBGZ0lmQWdVTFdFVk5JRTNEbEU0Z1ZGRmtaQUl2RHc4V0JCOEZCUWh2ZFhRdGJXVnVkUjhFQWdKa0ZnSUNBUThQRmdJZkFnVWt4SkREZ1U1SUlFZEp3NEVnUytHNnZsUWdVVlhodXFJZ1VzT0lUaUJNVlZuaHU0Wk9aR1FDTVE4UEZnUWZCUVVJYjNWMExXMWxiblVmQkFJQ1pCWUNBZ0VQRHhZQ0h3SUZKc1NRdzRGT1NDQkhTY09CSUV0UklGTERpRTRnVEZWWjRidUdUaUJUU1U1SUlGWkp3NHBPWkdRQ013OFBGZ1lmQlFVSWIzVjBMVzFsYm5VZkJBSUNId1pvWkJZQ0FnRVBEeFlDSHdJRkVsUGh1NnhCSUZSVUlFUERnU0JPU01PQ1RtUmtBalVQRHhZR0h3VUZDRzkxZEMxdFpXNTFId1FDQWg4R1oyUVdBZ0lCRHc4V0FoOENCUTVIdzVOUUlNT2RJRXRKNGJxK1RtUmtBamNQRHhZR0h3VUZDRzkxZEMxdFpXNTFId1FDQWg4R2FHUVdBbVlQRHhZQ0h3SUZFRlBodTZ4QklFekRuU0JNNGJ1S1EwaGtaQUk1RHc4V0JCOEZCUWh2ZFhRdGJXVnVkUjhFQWdKa0ZnSUNBUThQRmdJZkFnVVZVVlhodXFKT0lFekRuU0JUU1U1SUlGWkp3NHBPWkdRQ093OFBGZ1FmQlFVSWIzVjBMVzFsYm5VZkJBSUNaQllDQWdFUER4WUNId0lGSWt2aHVyNVVJRkZWNGJxaUlGTkpUa2dnVmtuRGlrNGd4SkREZ1U1SUlFZEp3NEZrWkFJOUR3OFdCQjhGQlFodmRYUXRiV1Z1ZFI4RUFnSmtaQUkvRHc4V0JCOEZCUWh2ZFhRdGJXVnVkUjhFQWdKa0ZnSUNBUTlrRmdKbUR3OFdBaDhDQlJuRWtNT0JUa2dnUjBuRGdTQkhTZUc2b2s1SElFVGh1cUJaWkdRQ1FROFBGZ1FmQlFVSWIzVjBMVzFsYm5VZkJBSUNaQllDQWdFUER4WUNId0lGRk1TUXhJSk9SeUJMdzUwZ1ZFaEpJRXpodXFCSlpHUUNRdzhQRmdRZkJRVUliM1YwTFcxbGJuVWZCQUlDWkdRQ1JROFBGZ1FmQlFVSWIzVjBMVzFsYm5VZkJBSUNaQllDQWdFUER4WUNId0lGRXNTUVN5QkRTRlZadzRwT0lFNUh3NEJPU0dSa0FrY1BEeFlFSHdVRkNHOTFkQzF0Wlc1MUh3UUNBbVJrQWtrUER4WUVId1VGQ0c5MWRDMXRaVzUxSHdRQ0FtUVdBZ0lCRHc4V0FoOENCUlpMVVNCWXc0bFVJRlRodTVCVUlFNUhTRW5odTRaUVpHUUNTdzhQRmdRZkJRVUliM1YwTFcxbGJuVWZCQUlDWkJZQ0FnRVBEeFlDSHdJRkhVdFJJRmpEaVZRZ1ZFbmh1NEJPSUZUaHU1QlVJRTVIU0VuaHU0WlFaR1FDVFE4UEZnUWZCUVVJYjNWMExXMWxiblVmQkFJQ1pCWUNBZ0VQRHhZQ0h3SUZHa1BEZ2xVZ1NPRzdqa2tnVkVqR3IrRzduRTVISUVmaHVyWlFaR1FDVHc4UEZnUWZCUVVJYjNWMExXMWxiblVmQkFJQ1pCWUNBZ0VQRHhZQ0h3SUZFOFNRU3lCTFNNT1RRU0JNVmVHNnJFNGdWRTVrWkFKUkR3OFdCQjhGQlFodmRYUXRiV1Z1ZFI4RUFnSmtGZ0lDQVE4UEZnSWZBZ1VPVGtqaHVxeFFJTVNRU2VHN2drMWtaQUpURHc4V0JCOEZCUWh2ZFhRdGJXVnVkUjhFQWdKa1pBSlZEdzhXQkI4RkJRaHZkWFF0YldWdWRSOEVBZ0prWkFKWER3OFdCQjhGQlFodmRYUXRiV1Z1ZFI4RUFnSmtaQUpaRHc4V0JCOEZCUWh2ZFhRdGJXVnVkUjhFQWdKa0ZnSUNBUThQRmdJZkFnVWVXRVZOSU1TUVNlRzdnazBnVGNPVVRpQkhTZUc2b2s1SElFVGh1cUJaWkdRQ1d3OFBGZ1FmQlFVSWIzVjBMVzFsYm5VZkJBSUNaQllDQWdFUER4WUNId0lGSGxoRlRTREVrRW5odTRKTklGVGh1NVJPUnlCSTRidWlVQ0JNNGJ1YVVHUmtBbDBQRHhZRUh3VUZDRzkxZEMxdFpXNTFId1FDQW1RV0FnSUJEdzhXQWg4Q0JSVkpUaUJMU09HN2tFa2dUTWF2NGJ1aVRrY2dSMFJrWkFKZkR3OFdCQjhGQlFodmRYUXRiV1Z1ZFI4RUFnSmtGZ0lDQVE4UEZnSWZBZ1VPVlZCTVQwRkVJTVNRU2VHN2drMWtaQUpoRHc4V0JCOEZCUWh2ZFhRdGJXVnVkUjhFQWdKa0ZnSUNBUThQRmdJZkFnVU5WRXRDSUVMaHU1Z2dUY09VVG1Sa0FtTVBEeFlFSHdVRkNHOTFkQzF0Wlc1MUh3UUNBbVFXQWdJQkR3OFdBaDhDQlJSTTRidUtRMGdnVkVoSklFTGh1NWdnVGNPVVRtUmtBbVVQRHhZRUh3VUZDRzkxZEMxdFpXNTFId1FDQW1RV0FnSUJEdzhXQWg4Q0JTWlVTT0c3a0U1SElFdkRpaUJIU2VHNm9rNUhJRlpKdzRwT0lFUlZXZUc3aGxRZ1MxRkVTMlJrQW1jUER4WUVId1VGQ0c5MWRDMXRaVzUxSHdRQ0FtUVdBZ0lCRHc4V0FoOENCU0pZUlUwZ1ZPRzdsRTVISUVqaHU2SlFJRXRSSUVqaHU0eERJRlRodXF4UUlGTldaR1FDYVE4UEZnUWZCUVVJYjNWMExXMWxiblVmQkFJQ1pHUUNhdzhQRmdRZkJRVUliM1YwTFcxbGJuVWZCQUlDWkJZQ1pnOFBGZ0lmQWdVWVMrRzZ2aUJJVCtHNm9FTklJRWpodTR4RElGVGh1cXhRWkdRQ2JROFBGZ1FmQlFVSWIzVjBMVzFsYm5VZkJBSUNaR1FDYnc4UEZnUWZCUVVJYjNWMExXMWxiblVmQkFJQ1pCWUNBZ0VQRHhZQ0h3SUZGRWpHcitHN21rNUhJRVRodXFwT0lNU1FTMDFJWkdRQ2NROFBGZ1FmQlFVSWIzVjBMVzFsYm5VZkJBSUNaQllDQWdFUER4WUNId0lGSUU1STRicXNVQ0RFa09HN2lrRWdRMGpodTRnZ1Rramh1cXhPSUZQRGdVTklaR1FDY3c4UEZnUWZCUVVJYjNWMExXMWxiblVmQkFJQ1pCWUNBZ0VQRHhZQ0h3SUZKTVNReElKT1J5Qkx3NTBnVGtqaHVxeE9JRlBEZ1VOSUlFNUhUOE9BU1NCSFNlRzduR1JrQW5VUER4WUVId1VGQ0c5MWRDMXRaVzUxSHdRQ0FtUVdBZ0lCRHc4V0FoOENCUnZFa01PQlRrZ2dSMG5EZ1NCRFNPRzZwRlFnVE1hdjRidWlUa2RrWkFKM0R3OFdCQjhGQlFodmRYUXRiV1Z1ZFI4RUFnSmtGZ0lDQVE4UEZnSWZBZ1VmeEpBdVM4T2RJRVRodTdBZ1RPRzdoQ0JVNGJ1UVZDQk9SMGhKNGJ1R1VHUmtBbmtQRHhZRUh3VUZDRzkxZEMxdFpXNTFId1FDQW1RV0FnSUJEdzhXQWg4Q0JSTk80YnVZVUNCRFNPRzdxRTVISUVOSTRidUlaR1FDZXc4UEZnUWZCUVVJYjNWMExXMWxiblVmQkFJQ1pCWUNBZ0VQRHhZQ0h3SUZJVmhGVFNERWtPRzdnQ0JEeHEvR29FNUhJRlJTVDA1SElFTGh1NWdnVGNPVVRtUmtBbjBQRHhZRUh3VUZDRzkxZEMxdFpXNTFId1FDQW1RV0FnSUJEdzhXQWg4Q0JSbEVRVTVJSUZQRGdVTklJTVNRTGt2RG5TQll3NGxVSUZST1pHUUNmdzhQRmdRZkJRVUliM1YwTFcxbGJuVWZCQUlDWkJZQ0FnRVBEeFlDSHdJRkhrUkJUa2dnVThPQlEwZ2d4SkF1UzhPZElFVGh1N0FnVE9HN2hDQlVUbVJrQW9FQkR3OFdCQjhGQlFodmRYUXRiV1Z1ZFI4RUFnSmtGZ0lDQVE4UEZnSWZBZ1VXVkVqRGxFNUhJRlJKVGlCTVZlRzZyRTRnVnNTQ1RtUmtBb01CRHc4V0JCOEZCUWh2ZFhRdGJXVnVkUjhFQWdKa0ZnSUNBUThQRmdJZkFnVWpWRkpCSUVQaHU2aFZJRlJJdzVST1J5QlVTVTRnVk9HN2tGUWdUa2RJU2VHN2hsQmtaQUtGQVE4UEZnUWZCUVVJYjNWMExXMWxiblVmQkFJQ1pCWUNBZ0VQRHhZQ0h3SUZFRVBodTdCVklGTkpUa2dnVmtuRGlrNWtaQUtIQVE4UEZnUWZCUVVJYjNWMExXMWxiblVmQkFJQ1pCWUNBZ0VQRHhZQ0h3SUZGOFNReElKT1J5Qkx3NTBnV01PSlZDQlVWVm5odTRKT1pHUUNpUUVQRHhZRUh3VUZDRzkxZEMxdFpXNTFId1FDQW1RV0FnSUJEdzhXQWg4Q0JTQlVTTU9VVGtjZ1ZFbE9JRWpodTVJZ1U4YWdJRlJWV2VHN2drNGdVMGxPU0dSa0Fvc0JEdzhXQkI4RkJRaHZkWFF0YldWdWRSOEVBZ0prWkFLTkFROFBGZ1FmQlFVSWIzVjBMVzFsYm5VZkJBSUNaQllDQWdFUER4WUNId0lGRjBqRGswRWd4SkRHb0U0Z3hKQko0YnVHVGlCVTRidXNaR1FDandFUER4WUVId1VGQ0c5MWRDMXRaVzUxSHdRQ0FtUVdBZ0lCRHc4V0FoOENCUlpPUjBqaHU0Z2dST0c2b0ZrZ1JPRzZvRmtnUXNPWlpHUUNrUUVQRHhZRUh3VUZDRzkxZEMxdFpXNTFId1FDQW1RV0FnSUJEdzhXQWg4Q0JSZkVrTVNDVGtjZ1M4T2RJRTVIU09HN2lDQlFTTU9KVUdSa0FwTUJEdzhXQkI4RkJRaHZkWFF0YldWdWRSOEVBZ0prRmdJQ0FROFBGZ0lmQWdVU3hKREVnazVISUV2RG5TQkRUMGtnVkVoSlpHUUNsUUVQRHhZRUh3VUZDRzkxZEMxdFpXNTFId1FDQW1RV0FnSUJEdzhXQWg4Q0JSSllSVTBnVE9HN2lrTklJRU5QU1NCVVNFbGtaQUtYQVE4UEZnUWZCUVVJYjNWMExXMWxiblVmQkFJQ1pCWUNBZ0VQRHhZQ0h3SUZHMHRSSUU1SFNFbkRpazRnUStHN3FGVWdTMGhQUVNCSTRidU1RMlJrQXBrQkR3OFdCQjhGQlFodmRYUXRiV1Z1ZFI4RUFnSmtGZ0lDQVE4UEZnSWZBZ1VjV0VWTklNU1E0YnVBSUZURGdFa2dUa05MU0NCVVNFRk5JRWRKUVdSa0Fwc0JEdzhXQkI4RkJRaHZkWFF0YldWdWRSOEVBZ0prRmdJQ0FROWtGZ0ptRHc4V0FoOENCU1RFa01TQ1RrY2dTOE9kSUZoSlRpQkhTZUc2cEZrZ1Ewamh1NmhPUnlCT1NPRzZyRTVrWkFLZEFROFBGZ1FmQlFVSWIzVjBMVzFsYm5VZkJBSUNaQllDQWdFUFpCWUNaZzhQRmdJZkFnVVpRK0c2ckZBZ1Rramh1cXhVSUU1SFQrRzZvRWtnVkZMRG1tUmtBcDhCRHc4V0JCOEZCUWh2ZFhRdGJXVnVkUjhFQWdKa0ZnSUNBUThQRmdJZkFnVWJRK0c2ckZBZ1Rramh1cXhVSUZSSXhxL2h1NXhPUnlCVVVzT2FaR1FDb1FFUER4WUVId1VGQ0c5MWRDMXRaVzUxSHdRQ0FtUVdBZ0lCRHc4V0FoOENCUlZENGJxb1RTQk9RVTVISUZOSlRrZ2dWa25EaWs1a1pBS2pBUThQRmdRZkJRVUliM1YwTFcxbGJuVWZCQUlDWkJZQ0FnRVBEeFlDSHdJRkhsaEZUU0JNVmVHNnJFNGdWc1NDVGlCVTRidVFWQ0JPUjBoSjRidUdVR1JrQXFVQkR3OFdCQjhGQlFodmRYUXRiV1Z1ZFI4RUFnSmtGZ0lDQVE4UEZnSWZBZ1VlV0VWTklFeFY0YnFzVGlCV3hJSk9JRWpHcitHN21rNUhJRVRodXFwT1pHUUNwd0VQRHhZRUh3VUZDRzkxZEMxdFpXNTFId1FDQW1RV0FnSUJEdzhXQWg4Q0JSMVlSVTBnVEZYaHVxeE9JRmJFZ2s0Z1VFamh1cUpPSUVKSjRidUdUbVJrQXFrQkR3OFdCQjhGQlFodmRYUXRiV1Z1ZFI4RUFnSmtGZ0lDQVE4UEZnSWZBZ1VrUXNPQlR5QkNTZUc3Z2xVZ1VFamh1NlJESUZiaHU2UWdUTU9EVGtnZ3hKRGh1cUJQWkdRQ3F3RVBEeFlFSHdVRkNHOTFkQzF0Wlc1MUh3UUNBbVFXQWdJQkR3OFdBaDhDQlJ4VVNPRzdrRTVISUV2RGlpREVrTU9UVGtjZ1NGQWdUMDVNU1U1RlpHUUNyUUVQRHhZRUh3VUZDRzkxZEMxdFpXNTFId1FDQW1RV0FnSUJEdzhXQWg4Q0JSZkVrTVNDVGtjZ1M4T2RJRXZEblNCVXc1cERJRmpEZ1dSa0FxOEJEdzhXQkI4RkJRaHZkWFF0YldWdWRSOEVBZ0prRmdJQ0FROFBGZ0lmQWdVWVZFaEJUa2dnVkUvRGdVNGdTOE9kSUZURG1rTWdXTU9CWkdRQ3NRRVBEeFlFSHdVRkNHOTFkQzF0Wlc1MUh3UUNBbVFXQWdJQkR3OFdBaDhDQlNKRDRicXNVQ0JPU09HNnJGUWdUTU9kSUV6aHU0cERTQ0JMU0U5QklFamh1NHhEWkdRQ3N3RVBEeFlFSHdVRkNHOTFkQzF0Wlc1MUh3UUNBbVFXQWdJQkR3OFdBaDhDQlJkRDRicXNVQ0JPU09HNnJGUWdWQzVVU1U0Z1FraFpWR1JrQXJVQkR3OFdCQjhGQlFodmRYUXRiV1Z1ZFI4RUFnSmtGZ0lDQVE4UEZnSWZBZ1VXV0VWTklNU1FTZUc3Z2swZ3hKRERneUJFNGJxZ1dXUmtBcmNCRHc4V0JCOEZCUWh2ZFhRdGJXVnVkUjhFQWdKa0ZnSUNBUThQRmdJZkFnVVpTVTRnUzhPS0lFdElRVWtnUjBuaHU1d2dSMG5odXFKT1IyUmtBcmtCRHc4V0JCOEZCUWh2ZFhRdGJXVnVkUjhFQWdKa1pBSzdBUThQRmdRZkJRVUliM1YwTFcxbGJuVWZCQUlDWkdRQ3ZRRVBEeFlFSHdVRkNHOTFkQzF0Wlc1MUh3UUNBbVJrQXI4QkR3OFdCQjhGQlFodmRYUXRiV1Z1ZFI4RUFnSmtaQUxCQVE4UEZnUWZCUVVJYjNWMExXMWxiblVmQkFJQ1pHUUNCdzlrRmdJQ0FROWtGZ0ptRDJRV0NBSUJEeEFQRmdRZkFnVVBWRy9Eb0c0Z2RITEdzT0c3blc1bkhnZERhR1ZqYTJWa1oyUmtaR1FDQXc4UUR4WUNId0lGR1VQRG9TQnVhTU9pYmlCdVo4YXc0YnVkYVNCa3c3bHVaenBrWkdSa0FnVVBEeFlFSHdJRkcwNW80YnF0Y0NCdHc2TWdjK0c3a1NCajRicW5iaUI0WlcwNklCNEhSVzVoWW14bFpHaGtaQUlIRHc4V0FoOElhR1JrQWdrUFpCWUlBZ0VQRHhZQ0h3SUZlVU52Y0hseWFXZG9kQ0RDcVRJd01Ea2dWSExHc09HN25XNW5JTVNRU0NCVHc2QnBJRWZEc200dHhKRGh1cUZwSUdqaHU0MWpJR05vdzYxdWFDQnhkWGt1SUZGMTRicWpiaUJzdzcwZ1l1RzduMmtnNGJ1bWVTQmlZVzRnYm1qRG9tNGdaTU9pYmlCVVVDNGdTT0c3a3lCRGFNT3RJRTFwYm1oa1pBSUREdzhXQWg4Q0JRdFVjbUZ1WnlCRGFPRzdwMlJrQWdVUER4WUNId0lGTFZSb2FlRzZ2M1FnYStHNnZ5Qmk0YnVmYVNCamRIa2dVR2podXFkdUlHM2h1NEZ0SUVGdWFDQlJkY09pYm1Sa0FnY1BEeFlDSHdJRkRNU1E0YnFuZFNCVWNtRnVaMlJrR0FFRkhsOWZRMjl1ZEhKdmJITlNaWEYxYVhKbFVHOXpkRUpoWTJ0TFpYbGZYeFlEQlM5amRHd3dNQ1JEYjI1MFpXNTBVR3hoWTJWSWIyeGtaWEl4SkdOMGJEQXdKSEpoWkdsdlZHOWhibFJ5ZFc5dVp3VXBZM1JzTURBa1EyOXVkR1Z1ZEZCc1lXTmxTRzlzWkdWeU1TUmpkR3d3TUNSeVlXUnBiMDFoVTFZRktXTjBiREF3SkVOdmJuUmxiblJRYkdGalpVaHZiR1JsY2pFa1kzUnNNREFrY21Ga2FXOU5ZVk5XYks0S2t3Ym91MU1ZRy9jbmUvazJUb2dnOXVjPSIgQ29ycmVsYXRpb25CaW5kaW5nPSIiIFVybEVuY29kZT0iVHJ1ZSIgLz4NCiAgICAgICAgPEZvcm1Qb3N0UGFyYW1ldGVyIE5hbWU9Il9fVklFV1NUQVRFR0VORVJBVE9SIiBWYWx1ZT0ie3skSElEREVOMS5fX1ZJRVdTVEFURUdFTkVSQVRPUn19IiBSZWNvcmRlZFZhbHVlPSJDQTBCMDMzNCIgQ29ycmVsYXRpb25CaW5kaW5nPSIiIFVybEVuY29kZT0iVHJ1ZSIgLz4NCiAgICAgICAgPEZvcm1Qb3N0UGFyYW1ldGVyIE5hbWU9ImN0bDAwJENvbnRlbnRQbGFjZUhvbGRlcjEkY3RsMDAkcmFkaW8iIFZhbHVlPSJyYWRpb01hU1YiIFJlY29yZGVkVmFsdWU9InJhZGlvTWFTViIgQ29ycmVsYXRpb25CaW5kaW5nPSJ7e0Zvcm1Qb3N0UGFyYW0zLmN0bDAwJENvbnRlbnRQbGFjZUhvbGRlcjEkY3RsMDAkcmFkaW99fSIgVXJsRW5jb2RlPSJUcnVlIiAvPg0KICAgICAgPC9Gb3JtUG9zdEh0dHBCb2R5Pg0KICAgIDwvUmVxdWVzdD4NCiAgICA8UmVxdWVzdCBNZXRob2Q9IkdFVCIgR3VpZD0iZDgwZWM1YTYtM2E0Yi00NDU4LTllY2QtZGJiYjAyZjc3OTZkIiBWZXJzaW9uPSIxLjEiIFVybD0iaHR0cDovL3Rob25ndGluZGFvdGFvLnNndS5lZHUudm4vRGVmYXVsdC5hc3B4IiBUaGlua1RpbWU9IjAiIFRpbWVvdXQ9IjMwMCIgUGFyc2VEZXBlbmRlbnRSZXF1ZXN0cz0iVHJ1ZSIgRm9sbG93UmVkaXJlY3RzPSJUcnVlIiBSZWNvcmRSZXN1bHQ9IlRydWUiIENhY2hlPSJGYWxzZSIgUmVzcG9uc2VUaW1lR29hbD0iMCIgRW5jb2Rpbmc9InV0Zi04IiBFeHBlY3RlZEh0dHBTdGF0dXNDb2RlPSIwIiBFeHBlY3RlZFJlc3BvbnNlVXJsPSJodHRwOi8vdGhvbmd0aW5kYW90YW8uc2d1LmVkdS52bi9EZWZhdWx0LmFzcHg/cGFnZT14ZW1saWNodGhpJmFtcDtpZD0zMTE5NDExMDQyIiBSZXBvcnRpbmdOYW1lPSIiIElnbm9yZUh0dHBTdGF0dXNDb2RlPSJGYWxzZSI+DQogICAgICA8UXVlcnlTdHJpbmdQYXJhbWV0ZXJzPg0KICAgICAgICA8UXVlcnlTdHJpbmdQYXJhbWV0ZXIgTmFtZT0icGFnZSIgVmFsdWU9Im5oYXBtYXN2IiBSZWNvcmRlZFZhbHVlPSJuaGFwbWFzdiIgQ29ycmVsYXRpb25CaW5kaW5nPSJ7e1F1ZXJ5U3RyaW5nUGFyYW0yNy5wYWdlfX0iIFVybEVuY29kZT0iRmFsc2UiIFVzZVRvR3JvdXBSZXN1bHRzPSJGYWxzZSIgLz4NCiAgICAgICAgPFF1ZXJ5U3RyaW5nUGFyYW1ldGVyIE5hbWU9ImZsYWciIFZhbHVlPSJYZW1MaWNoVGhpIiBSZWNvcmRlZFZhbHVlPSJYZW1MaWNoVGhpIiBDb3JyZWxhdGlvbkJpbmRpbmc9Int7UXVlcnlTdHJpbmdQYXJhbTI4LmZsYWd9fSIgVXJsRW5jb2RlPSJGYWxzZSIgVXNlVG9Hcm91cFJlc3VsdHM9IkZhbHNlIiAvPg0KICAgICAgPC9RdWVyeVN0cmluZ1BhcmFtZXRlcnM+DQogICAgICA8Rm9ybVBvc3RIdHRwQm9keT4NCiAgICAgICAgPEZvcm1Qb3N0UGFyYW1ldGVyIE5hbWU9Il9fRVZFTlRUQVJHRVQiIFZhbHVlPSIiIFJlY29yZGVkVmFsdWU9IiIgQ29ycmVsYXRpb25CaW5kaW5nPSIiIFVybEVuY29kZT0iVHJ1ZSIgLz4NCiAgICAgICAgPEZvcm1Qb3N0UGFyYW1ldGVyIE5hbWU9Il9fRVZFTlRBUkdVTUVOVCIgVmFsdWU9IiIgUmVjb3JkZWRWYWx1ZT0iIiBDb3JyZWxhdGlvbkJpbmRpbmc9IiIgVXJsRW5jb2RlPSJUcnVlIiAvPg0KICAgICAgICA8Rm9ybVBvc3RQYXJhbWV0ZXIgTmFtZT0iX19MQVNURk9DVVMiIFZhbHVlPSIiIFJlY29yZGVkVmFsdWU9IiIgQ29ycmVsYXRpb25CaW5kaW5nPSIiIFVybEVuY29kZT0iVHJ1ZSIgLz4NCiAgICAgICAgPEZvcm1Qb3N0UGFyYW1ldGVyIE5hbWU9Il9fVklFV1NUQVRFIiBWYWx1ZT0iL3dFUER3VUtMVE14TmpjM05UTTNOUTlrRmdKbUQyUVdCR1lQWkJZRUFnRVBGZ0llQjJOdmJuUmxiblJrWkFJQ0R4WUNIZ1JvY21WbUJTa3VMMDFsYzNOaFoyVkdhV3hsTDJaaGRtbGpiMjR0WkdGcExXaHZZeTF6WVdrdFoyOXVMbXB3WjJRQ0FROWtGZ2dDQXc5a0ZnSm1EMlFXQWdJQkQyUVdER1lQRHhZQ0hnUlVaWGgwQlF4RGFNT2dieUJpNGJxaGJpQmtaQUlCRHc4V0JoOENCUTlZWlcwZ2RHakR0RzVuSUdMRG9XOGVDVVp2Y21WRGIyeHZjZ2tBTS8vL0hnUmZJVk5DQWdSa1pBSUNEdzhXQmg4Q0JRTWdmQ0FmQXdrQU0vLy9Id1FDQkdSa0FnTVBEeFlHSHdJRkdGUm9ZWGtneEpIaHU1VnBJRzNodXExMElHdG80YnFwZFI4RENRQXovLzhmQkFJRVpHUUNCQThQRmdZZkFnVURJSHdnSHdNSkFEUC8veDhFQWdSa1pBSUZEdzhXQmg4Q0JRM0VrTVNEYm1jZ1Rtamh1cTF3SHdNSkFEUC8veDhFQWdSa1pBSUZEMlFXd2dFQ0FROFBGZ1FlQ0VOemMwTnNZWE56QlFodmRYUXRiV1Z1ZFI4RUFnSmtGZ0ptRHc4V0FoOENCUXRVVWtGT1J5QkRTT0c3cG1Sa0FnTVBEeFlFSHdVRkNHOTFkQzF0Wlc1MUh3UUNBbVFXQWdJQkR3OFdBaDhDQlJkRVFVNUlJRTNodTZSRElFTkk0YnVvUXlCT3hJSk9SMlJrQWdVUER4WUVId1VGQ0c5MWRDMXRaVzUxSHdRQ0FtUVdBZ0lCRHc4V0FoOENCUnRFVFNCRFNPRzdxRU1nVHNTQ1RrY2d4SkREZ1U1SUlFZEp3NEZrWkFJSER3OFdCQjhGQlFodmRYUXRiV1Z1ZFI4RUFnSmtGZ0lDQVE4UEZnSWZBZ1VqVVZYaHVxSk9JRXpEblNERWtNT0JUa2dnUjBuRGdTQlN3NGhPSUV4VldlRzdoazVrWkFJSkR3OFdCaDhGQlFodmRYUXRiV1Z1ZFI4RUFnSWVCMVpwYzJsaWJHVm9aQllDQWdFUER4WUNId0lGRmNTUXhJSk9SeUJMdzUwZ1RjT1VUaUJJNGJ1TVEyUmtBZ3NQRHhZRUh3VUZDRzkxZEMxdFpXNTFId1FDQW1Sa0FnMFBEeFlFSHdVRkNHOTFkQzF0Wlc1MUh3UUNBbVFXQWdJQkR3OFdBaDhDQlFkWVJVMGdWRXRDWkdRQ0R3OFBGZ1FmQlFVSWIzVjBMVzFsYm5VZkJBSUNaQllDQWdFUER4WUNId0lGRUZoRlRTREVrRW5odTRKTklFUkJUa2hrWkFJUkR3OFdCQjhGQlFodmRYUXRiV1Z1ZFI4RUFnSmtGZ0ptRHc4V0FoOENCUTVZUlUwZ1RPRzdpa05JSUZSSVNXUmtBaE1QRHhZR0h3VUZDRzkxZEMxdFpXNTFId1FDQWg4R2FHUVdBZ0lCRHc4V0FoOENCUlJZUlUwZ1RPRzdpa05JSUZSSVNTQk00YnFnU1dSa0FoVVBEeFlHSHdVRkNHOTFkQzF0Wlc1MUh3UUNBaDhHYUdRV0FnSUJEdzhXQWg4Q0JSRllSVTBnVE9HN2lrTklJRlJJU1NCSFMyUmtBaGNQRHhZR0h3VUZDRzkxZEMxdFpXNTFId1FDQWg4R2FHUVdBZ0lCRHc4V0FoOENCU0ZIU0VrZ1ZNT1RUU0JVNGJxdVZDQk53NVJPSUVkSjRicWlUa2NnUk9HNm9GbGtaQUlaRHc4V0JCOEZCUWh2ZFhRdGJXVnVkUjhFQWdKa1pBSWJEdzhXQkI4RkJRaHZkWFF0YldWdWRSOEVBZ0prRmdJQ0FROFBGZ0lmQWdVT1dFVk5JRWpodTR4RElGQkl3NDFrWkFJZER3OFdCQjhGQlFodmRYUXRiV1Z1ZFI4RUFnSmtaQUlmRHc4V0JCOEZCUWh2ZFhRdGJXVnVkUjhFQWdKa0ZnSUNBUThQRmdJZkFnVUxXRVZOSU1TUVNlRzdnazFrWkFJaER3OFdCaDhGQlFodmRYUXRiV1Z1ZFI4RUFnSWZCbWhrRmdJQ0FROFBGZ0lmQWdVVHhKQko0YnVDVFNCTDRidXlJRmJodTR4T1IyUmtBaU1QRHhZRUh3VUZDRzkxZEMxdFpXNTFId1FDQW1RV0FnSUJEdzhXQWg4Q0JSaEw0YnErVkNCUlZlRzZvaURFa0VuaHU0Sk5JRVJCVGtoa1pBSWxEdzhXQkI4RkJRaHZkWFF0YldWdWRSOEVBZ0prRmdJQ0FROFBGZ0lmQWdVV1MxRWd4SkJKNGJ1Q1RTQkVRVTVJSUU5T1RFbE9SV1JrQWljUER4WUVId1VGQ0c5MWRDMXRaVzUxSHdRQ0FtUVdBZ0lCRHc4V0FoOENCUnRZUlUwZ3hKQko0YnVDVFNCRVFVNUlJRk5KVGtnZ1ZrbkRpazVrWkFJcER3OFdCQjhGQlFodmRYUXRiV1Z1ZFI4RUFnSmtGZ0lDQVE4UEZnSWZBZ1VmUjBuaHVxSk9SeUJXU2NPS1RpQlU0YnV3SU1TUVNlRzdnazBnUkVGT1NHUmtBaXNQRHhZRUh3VUZDRzkxZEMxdFpXNTFId1FDQW1RV0FnSUJEdzhXQWg4Q0JRbFlSVTBnUTFURWtGUmtaQUl0RHc4V0JCOEZCUWh2ZFhRdGJXVnVkUjhFQWdKa0ZnSUNBUThQRmdJZkFnVUxXRVZOSUUzRGxFNGdWRkZrWkFJdkR3OFdCQjhGQlFodmRYUXRiV1Z1ZFI4RUFnSmtGZ0lDQVE4UEZnSWZBZ1VreEpERGdVNUlJRWRKdzRFZ1MrRzZ2bFFnVVZYaHVxSWdVc09JVGlCTVZWbmh1NFpPWkdRQ01ROFBGZ1FmQlFVSWIzVjBMVzFsYm5VZkJBSUNaQllDQWdFUER4WUNId0lGSnNTUXc0Rk9TQ0JIU2NPQklFdFJJRkxEaUU0Z1RGVlo0YnVHVGlCVFNVNUlJRlpKdzRwT1pHUUNNdzhQRmdZZkJRVUliM1YwTFcxbGJuVWZCQUlDSHdab1pCWUNBZ0VQRHhZQ0h3SUZFbFBodTZ4QklGUlVJRVBEZ1NCT1NNT0NUbVJrQWpVUER4WUdId1VGQ0c5MWRDMXRaVzUxSHdRQ0FoOEdaMlFXQWdJQkR3OFdBaDhDQlE1SHc1TlFJTU9kSUV0SjRicStUbVJrQWpjUER4WUdId1VGQ0c5MWRDMXRaVzUxSHdRQ0FoOEdhR1FXQW1ZUER4WUNId0lGRUZQaHU2eEJJRXpEblNCTTRidUtRMGhrWkFJNUR3OFdCQjhGQlFodmRYUXRiV1Z1ZFI4RUFnSmtGZ0lDQVE4UEZnSWZBZ1VWVVZYaHVxSk9JRXpEblNCVFNVNUlJRlpKdzRwT1pHUUNPdzhQRmdRZkJRVUliM1YwTFcxbGJuVWZCQUlDWkJZQ0FnRVBEeFlDSHdJRklrdmh1cjVVSUZGVjRicWlJRk5KVGtnZ1ZrbkRpazRneEpERGdVNUlJRWRKdzRGa1pBSTlEdzhXQkI4RkJRaHZkWFF0YldWdWRSOEVBZ0prWkFJL0R3OFdCQjhGQlFodmRYUXRiV1Z1ZFI4RUFnSmtGZ0lDQVE5a0ZnSm1EdzhXQWg4Q0JSbkVrTU9CVGtnZ1IwbkRnU0JIU2VHNm9rNUhJRVRodXFCWlpHUUNRUThQRmdRZkJRVUliM1YwTFcxbGJuVWZCQUlDWkJZQ0FnRVBEeFlDSHdJRkZNU1F4SUpPUnlCTHc1MGdWRWhKSUV6aHVxQkpaR1FDUXc4UEZnUWZCUVVJYjNWMExXMWxiblVmQkFJQ1pHUUNSUThQRmdRZkJRVUliM1YwTFcxbGJuVWZCQUlDWkJZQ0FnRVBEeFlDSHdJRkVzU1FTeUJEU0ZWWnc0cE9JRTVIdzRCT1NHUmtBa2NQRHhZRUh3VUZDRzkxZEMxdFpXNTFId1FDQW1Sa0Fra1BEeFlFSHdVRkNHOTFkQzF0Wlc1MUh3UUNBbVFXQWdJQkR3OFdBaDhDQlJaTFVTQll3NGxVSUZUaHU1QlVJRTVIU0VuaHU0WlFaR1FDU3c4UEZnUWZCUVVJYjNWMExXMWxiblVmQkFJQ1pCWUNBZ0VQRHhZQ0h3SUZIVXRSSUZqRGlWUWdWRW5odTRCT0lGVGh1NUJVSUU1SFNFbmh1NFpRWkdRQ1RROFBGZ1FmQlFVSWIzVjBMVzFsYm5VZkJBSUNaQllDQWdFUER4WUNId0lGR2tQRGdsVWdTT0c3amtrZ1ZFakdyK0c3bkU1SElFZmh1clpRWkdRQ1R3OFBGZ1FmQlFVSWIzVjBMVzFsYm5VZkJBSUNaQllDQWdFUER4WUNId0lGRThTUVN5QkxTTU9UUVNCTVZlRzZyRTRnVkU1a1pBSlJEdzhXQkI4RkJRaHZkWFF0YldWdWRSOEVBZ0prRmdJQ0FROFBGZ0lmQWdVT1Rramh1cXhRSU1TUVNlRzdnazFrWkFKVER3OFdCQjhGQlFodmRYUXRiV1Z1ZFI4RUFnSmtaQUpWRHc4V0JCOEZCUWh2ZFhRdGJXVnVkUjhFQWdKa1pBSlhEdzhXQkI4RkJRaHZkWFF0YldWdWRSOEVBZ0prWkFKWkR3OFdCQjhGQlFodmRYUXRiV1Z1ZFI4RUFnSmtGZ0lDQVE4UEZnSWZBZ1VlV0VWTklNU1FTZUc3Z2swZ1RjT1VUaUJIU2VHNm9rNUhJRVRodXFCWlpHUUNXdzhQRmdRZkJRVUliM1YwTFcxbGJuVWZCQUlDWkJZQ0FnRVBEeFlDSHdJRkhsaEZUU0RFa0VuaHU0Sk5JRlRodTVST1J5Qkk0YnVpVUNCTTRidWFVR1JrQWwwUER4WUVId1VGQ0c5MWRDMXRaVzUxSHdRQ0FtUVdBZ0lCRHc4V0FoOENCUlZKVGlCTFNPRzdrRWtnVE1hdjRidWlUa2NnUjBSa1pBSmZEdzhXQkI4RkJRaHZkWFF0YldWdWRSOEVBZ0prRmdJQ0FROFBGZ0lmQWdVT1ZWQk1UMEZFSU1TUVNlRzdnazFrWkFKaER3OFdCQjhGQlFodmRYUXRiV1Z1ZFI4RUFnSmtGZ0lDQVE4UEZnSWZBZ1VOVkV0Q0lFTGh1NWdnVGNPVVRtUmtBbU1QRHhZRUh3VUZDRzkxZEMxdFpXNTFId1FDQW1RV0FnSUJEdzhXQWg4Q0JSUk00YnVLUTBnZ1ZFaEpJRUxodTVnZ1RjT1VUbVJrQW1VUER4WUVId1VGQ0c5MWRDMXRaVzUxSHdRQ0FtUVdBZ0lCRHc4V0FoOENCU1pVU09HN2tFNUhJRXZEaWlCSFNlRzZvazVISUZaSnc0cE9JRVJWV2VHN2hsUWdTMUZFUzJSa0FtY1BEeFlFSHdVRkNHOTFkQzF0Wlc1MUh3UUNBbVFXQWdJQkR3OFdBaDhDQlNKWVJVMGdWT0c3bEU1SElFamh1NkpRSUV0UklFamh1NHhESUZUaHVxeFFJRk5XWkdRQ2FROFBGZ1FmQlFVSWIzVjBMVzFsYm5VZkJBSUNaR1FDYXc4UEZnUWZCUVVJYjNWMExXMWxiblVmQkFJQ1pCWUNaZzhQRmdJZkFnVVlTK0c2dmlCSVQrRzZvRU5JSUVqaHU0eERJRlRodXF4UVpHUUNiUThQRmdRZkJRVUliM1YwTFcxbGJuVWZCQUlDWkdRQ2J3OFBGZ1FmQlFVSWIzVjBMVzFsYm5VZkJBSUNaQllDQWdFUER4WUNId0lGRkVqR3IrRzdtazVISUVUaHVxcE9JTVNRUzAxSVpHUUNjUThQRmdRZkJRVUliM1YwTFcxbGJuVWZCQUlDWkJZQ0FnRVBEeFlDSHdJRklFNUk0YnFzVUNERWtPRzdpa0VnUTBqaHU0Z2dUa2podXF4T0lGUERnVU5JWkdRQ2N3OFBGZ1FmQlFVSWIzVjBMVzFsYm5VZkJBSUNaQllDQWdFUER4WUNId0lGSk1TUXhJSk9SeUJMdzUwZ1Rramh1cXhPSUZQRGdVTklJRTVIVDhPQVNTQkhTZUc3bkdSa0FuVVBEeFlFSHdVRkNHOTFkQzF0Wlc1MUh3UUNBbVFXQWdJQkR3OFdBaDhDQlJ2RWtNT0JUa2dnUjBuRGdTQkRTT0c2cEZRZ1RNYXY0YnVpVGtka1pBSjNEdzhXQkI4RkJRaHZkWFF0YldWdWRSOEVBZ0prRmdJQ0FROFBGZ0lmQWdVZnhKQXVTOE9kSUVUaHU3QWdUT0c3aENCVTRidVFWQ0JPUjBoSjRidUdVR1JrQW5rUER4WUVId1VGQ0c5MWRDMXRaVzUxSHdRQ0FtUVdBZ0lCRHc4V0FoOENCUk5PNGJ1WVVDQkRTT0c3cUU1SElFTkk0YnVJWkdRQ2V3OFBGZ1FmQlFVSWIzVjBMVzFsYm5VZkJBSUNaQllDQWdFUER4WUNId0lGSVZoRlRTREVrT0c3Z0NCRHhxL0dvRTVISUZSU1QwNUhJRUxodTVnZ1RjT1VUbVJrQW4wUER4WUVId1VGQ0c5MWRDMXRaVzUxSHdRQ0FtUVdBZ0lCRHc4V0FoOENCUmxFUVU1SUlGUERnVU5JSU1TUUxrdkRuU0JZdzRsVUlGUk9aR1FDZnc4UEZnUWZCUVVJYjNWMExXMWxiblVmQkFJQ1pCWUNBZ0VQRHhZQ0h3SUZIa1JCVGtnZ1U4T0JRMGdneEpBdVM4T2RJRVRodTdBZ1RPRzdoQ0JVVG1Sa0FvRUJEdzhXQkI4RkJRaHZkWFF0YldWdWRSOEVBZ0prRmdJQ0FROFBGZ0lmQWdVV1ZFakRsRTVISUZSSlRpQk1WZUc2ckU0Z1ZzU0NUbVJrQW9NQkR3OFdCQjhGQlFodmRYUXRiV1Z1ZFI4RUFnSmtGZ0lDQVE4UEZnSWZBZ1VuVkZKQklFUGh1NmhWSUZiRWdrNGdRdUc2c0U1SElGYkRnQ0JEU09HN3FFNUhJRU5JNGJ1SVpHUUNoUUVQRHhZRUh3VUZDRzkxZEMxdFpXNTFId1FDQW1RV0FnSUJEdzhXQWg4Q0JSQkQ0YnV3VlNCVFNVNUlJRlpKdzRwT1pHUUNod0VQRHhZRUh3VUZDRzkxZEMxdFpXNTFId1FDQW1RV0FnSUJEdzhXQWg4Q0JSZkVrTVNDVGtjZ1M4T2RJRmpEaVZRZ1ZGVlo0YnVDVG1Sa0Fva0JEdzhXQkI4RkJRaHZkWFF0YldWdWRSOEVBZ0prRmdJQ0FROFBGZ0lmQWdVZ1ZFakRsRTVISUZSSlRpQkk0YnVTSUZQR29DQlVWVm5odTRKT0lGTkpUa2hrWkFLTEFROFBGZ1FmQlFVSWIzVjBMVzFsYm5VZkJBSUNaR1FDalFFUER4WUVId1VGQ0c5MWRDMXRaVzUxSHdRQ0FtUVdBZ0lCRHc4V0FoOENCUmRJdzVOQklNU1F4cUJPSU1TUVNlRzdoazRnVk9HN3JHUmtBbzhCRHc4V0JCOEZCUWh2ZFhRdGJXVnVkUjhFQWdKa0ZnSUNBUThQRmdJZkFnVVdUa2RJNGJ1SUlFVGh1cUJaSUVUaHVxQlpJRUxEbVdSa0FwRUJEdzhXQkI4RkJRaHZkWFF0YldWdWRSOEVBZ0prRmdJQ0FROFBGZ0lmQWdVWHhKREVnazVISUV2RG5TQk9SMGpodTRnZ1VFakRpVkJrWkFLVEFROFBGZ1FmQlFVSWIzVjBMVzFsYm5VZkJBSUNaQllDQWdFUER4WUNId0lGRXNTUXhJSk9SeUJMdzUwZ1EwOUpJRlJJU1dSa0FwVUJEdzhXQkI4RkJRaHZkWFF0YldWdWRSOEVBZ0prRmdJQ0FROFBGZ0lmQWdVU1dFVk5JRXpodTRwRFNDQkRUMGtnVkVoSlpHUUNsd0VQRHhZRUh3VUZDRzkxZEMxdFpXNTFId1FDQW1RV0FnSUJEdzhXQWg4Q0JSdExVU0JPUjBoSnc0cE9JRVBodTZoVklFdElUMEVnU09HN2pFTmtaQUtaQVE4UEZnUWZCUVVJYjNWMExXMWxiblVmQkFJQ1pCWUNBZ0VQRHhZQ0h3SUZIRmhGVFNERWtPRzdnQ0JVdzRCSklFNURTMGdnVkVoQlRTQkhTVUZrWkFLYkFROFBGZ1FmQlFVSWIzVjBMVzFsYm5VZkJBSUNaQllDQWdFUFpCWUNaZzhQRmdJZkFnVWt4SkRFZ2s1SElFdkRuU0JZU1U0Z1Iwbmh1cVJaSUVOSTRidW9Ua2NnVGtqaHVxeE9aR1FDblFFUER4WUVId1VGQ0c5MWRDMXRaVzUxSHdRQ0FtUVdBZ0lCRDJRV0FtWVBEeFlDSHdJRkdVUGh1cXhRSUU1STRicXNWQ0JPUjAvaHVxQkpJRlJTdzVwa1pBS2ZBUThQRmdRZkJRVUliM1YwTFcxbGJuVWZCQUlDWkJZQ0FnRVBEeFlDSHdJRkcwUGh1cXhRSUU1STRicXNWQ0JVU01hdjRidWNUa2NnVkZMRG1tUmtBcUVCRHc4V0JCOEZCUWh2ZFhRdGJXVnVkUjhFQWdKa0ZnSUNBUThQRmdJZkFnVVZRK0c2cUUwZ1RrRk9SeUJUU1U1SUlGWkp3NHBPWkdRQ293RVBEeFlFSHdVRkNHOTFkQzF0Wlc1MUh3UUNBbVFXQWdJQkR3OFdBaDhDQlI1WVJVMGdURlhodXF4T0lGYkVnazRnVk9HN2tGUWdUa2RJU2VHN2hsQmtaQUtsQVE4UEZnUWZCUVVJYjNWMExXMWxiblVmQkFJQ1pCWUNBZ0VQRHhZQ0h3SUZIbGhGVFNCTVZlRzZyRTRnVnNTQ1RpQkl4cS9odTVwT1J5QkU0YnFxVG1Sa0FxY0JEdzhXQkI4RkJRaHZkWFF0YldWdWRSOEVBZ0prRmdJQ0FROFBGZ0lmQWdVZFdFVk5JRXhWNGJxc1RpQld4SUpPSUZCSTRicWlUaUJDU2VHN2hrNWtaQUtwQVE4UEZnUWZCUVVJYjNWMExXMWxiblVmQkFJQ1pCWUNBZ0VQRHhZQ0h3SUZKRUxEZ1U4Z1Frbmh1NEpWSUZCSTRidWtReUJXNGJ1a0lFekRnMDVJSU1TUTRicWdUMlJrQXFzQkR3OFdCQjhGQlFodmRYUXRiV1Z1ZFI4RUFnSmtGZ0lDQVE4UEZnSWZBZ1VjVkVqaHU1Qk9SeUJMdzRvZ3hKRERrMDVISUVoUUlFOU9URWxPUldSa0FxMEJEdzhXQkI4RkJRaHZkWFF0YldWdWRSOEVBZ0prRmdJQ0FROFBGZ0lmQWdVWHhKREVnazVISUV2RG5TQkx3NTBnVk1PYVF5Qll3NEZrWkFLdkFROFBGZ1FmQlFVSWIzVjBMVzFsYm5VZkJBSUNaQllDQWdFUER4WUNId0lGR0ZSSVFVNUlJRlJQdzRGT0lFdkRuU0JVdzVwRElGakRnV1JrQXJFQkR3OFdCQjhGQlFodmRYUXRiV1Z1ZFI4RUFnSmtGZ0lDQVE4UEZnSWZBZ1VpUStHNnJGQWdUa2podXF4VUlFekRuU0JNNGJ1S1EwZ2dTMGhQUVNCSTRidU1RMlJrQXJNQkR3OFdCQjhGQlFodmRYUXRiV1Z1ZFI4RUFnSmtGZ0lDQVE4UEZnSWZBZ1VYUStHNnJGQWdUa2podXF4VUlGUXVWRWxPSUVKSVdWUmtaQUsxQVE4UEZnUWZCUVVJYjNWMExXMWxiblVmQkFJQ1pCWUNBZ0VQRHhZQ0h3SUZGbGhGVFNERWtFbmh1NEpOSU1TUXc0TWdST0c2b0Zsa1pBSzNBUThQRmdRZkJRVUliM1YwTFcxbGJuVWZCQUlDWkJZQ0FnRVBEeFlDSHdJRkdVbE9JRXZEaWlCTFNFRkpJRWRKNGJ1Y0lFZEo0YnFpVGtka1pBSzVBUThQRmdRZkJRVUliM1YwTFcxbGJuVWZCQUlDWkdRQ3V3RVBEeFlFSHdVRkNHOTFkQzF0Wlc1MUh3UUNBbVJrQXIwQkR3OFdCQjhGQlFodmRYUXRiV1Z1ZFI4RUFnSmtaQUsvQVE4UEZnUWZCUVVJYjNWMExXMWxiblVmQkFJQ1pHUUN3UUVQRHhZRUh3VUZDRzkxZEMxdFpXNTFId1FDQW1Sa0FnY1BaQllDQWdFUFpCWUNaZzlrRmdnQ0FROFFEeFlFSHdJRkQxUnZ3NkJ1SUhSeXhyRGh1NTF1Wng0SFEyaGxZMnRsWkdoa1pHUmtBZ01QRUE4V0JCOENCUmxEdzZFZ2JtakRvbTRnYm1mR3NPRzduV2tnWk1PNWJtYzZId2RuWkdSa1pBSUZEdzhXQkI4Q0JSdE9hT0c2clhBZ2JjT2pJSFBodTVFZ1krRzZwMjRnZUdWdE9pQWVCMFZ1WVdKc1pXUm5aR1FDQnc4UEZnSWZDR2RrWkFJSkQyUVdDQUlCRHc4V0FoOENCWGxEYjNCNWNtbG5hSFFnd3FreU1EQTVJRlJ5eHJEaHU1MXVaeURFa0VnZ1U4T2dhU0JIdzdKdUxjU1E0YnFoYVNCbzRidU5ZeUJqYU1PdGJtZ2djWFY1TGlCUmRlRzZvMjRnYk1POUlHTGh1NTlwSU9HN3Bua2dZbUZ1SUc1b3c2SnVJR1REb200Z1ZGQXVJRWpodTVNZ1EyakRyU0JOYVc1b1pHUUNBdzhQRmdJZkFnVUxWSEpoYm1jZ1Eyamh1NmRrWkFJRkR3OFdBaDhDQlMxVWFHbmh1cjkwSUd2aHVyOGdZdUc3bjJrZ1kzUjVJRkJvNGJxbmJpQnQ0YnVCYlNCQmJtZ2dVWFhEb201a1pBSUhEdzhXQWg4Q0JRekVrT0c2cDNVZ1ZISmhibWRrWkJnQkJSNWZYME52Ym5SeWIyeHpVbVZ4ZFdseVpWQnZjM1JDWVdOclMyVjVYMThXQXdVdlkzUnNNREFrUTI5dWRHVnVkRkJzWVdObFNHOXNaR1Z5TVNSamRHd3dNQ1J5WVdScGIxUnZZVzVVY25WdmJtY0ZMMk4wYkRBd0pFTnZiblJsYm5SUWJHRmpaVWh2YkdSbGNqRWtZM1JzTURBa2NtRmthVzlVYjJGdVZISjFiMjVuQlNsamRHd3dNQ1JEYjI1MFpXNTBVR3hoWTJWSWIyeGtaWEl4SkdOMGJEQXdKSEpoWkdsdlRXRlRWamxuQWJEZzNEQm5kSm9mZW9sT0x6c001UDQxIiBSZWNvcmRlZFZhbHVlPSIvd0VQRHdVS0xUTXhOamMzTlRNM05ROWtGZ0ptRDJRV0JHWVBaQllFQWdFUEZnSWVCMk52Ym5SbGJuUmtaQUlDRHhZQ0hnUm9jbVZtQlNrdUwwMWxjM05oWjJWR2FXeGxMMlpoZG1samIyNHRaR0ZwTFdodll5MXpZV2t0WjI5dUxtcHdaMlFDQVE5a0ZnZ0NBdzlrRmdKbUQyUVdBZ0lCRDJRV0RHWVBEeFlDSGdSVVpYaDBCUXhEYU1PZ2J5Qmk0YnFoYmlCa1pBSUJEdzhXQmg4Q0JROVlaVzBnZEdqRHRHNW5JR0xEb1c4ZUNVWnZjbVZEYjJ4dmNna0FNLy8vSGdSZklWTkNBZ1JrWkFJQ0R3OFdCaDhDQlFNZ2ZDQWZBd2tBTS8vL0h3UUNCR1JrQWdNUER4WUdId0lGR0ZSb1lYa2d4SkhodTVWcElHM2h1cTEwSUd0bzRicXBkUjhEQ1FBei8vOGZCQUlFWkdRQ0JBOFBGZ1lmQWdVRElId2dId01KQURQLy94OEVBZ1JrWkFJRkR3OFdCaDhDQlEzRWtNU0RibWNnVG1qaHVxMXdId01KQURQLy94OEVBZ1JrWkFJRkQyUVd3Z0VDQVE4UEZnUWVDRU56YzBOc1lYTnpCUWh2ZFhRdGJXVnVkUjhFQWdKa0ZnSm1EdzhXQWg4Q0JRdFVVa0ZPUnlCRFNPRzdwbVJrQWdNUER4WUVId1VGQ0c5MWRDMXRaVzUxSHdRQ0FtUVdBZ0lCRHc4V0FoOENCUmRFUVU1SUlFM2h1NlJESUVOSTRidW9ReUJPeElKT1IyUmtBZ1VQRHhZRUh3VUZDRzkxZEMxdFpXNTFId1FDQW1RV0FnSUJEdzhXQWg4Q0JSdEVUU0JEU09HN3FFTWdUc1NDVGtjZ3hKRERnVTVJSUVkSnc0RmtaQUlIRHc4V0JCOEZCUWh2ZFhRdGJXVnVkUjhFQWdKa0ZnSUNBUThQRmdJZkFnVWpVVlhodXFKT0lFekRuU0RFa01PQlRrZ2dSMG5EZ1NCU3c0aE9JRXhWV2VHN2hrNWtaQUlKRHc4V0JoOEZCUWh2ZFhRdGJXVnVkUjhFQWdJZUIxWnBjMmxpYkdWb1pCWUNBZ0VQRHhZQ0h3SUZGY1NReElKT1J5Qkx3NTBnVGNPVVRpQkk0YnVNUTJSa0Fnc1BEeFlFSHdVRkNHOTFkQzF0Wlc1MUh3UUNBbVJrQWcwUER4WUVId1VGQ0c5MWRDMXRaVzUxSHdRQ0FtUVdBZ0lCRHc4V0FoOENCUWRZUlUwZ1ZFdENaR1FDRHc4UEZnUWZCUVVJYjNWMExXMWxiblVmQkFJQ1pCWUNBZ0VQRHhZQ0h3SUZFRmhGVFNERWtFbmh1NEpOSUVSQlRraGtaQUlSRHc4V0JCOEZCUWh2ZFhRdGJXVnVkUjhFQWdKa0ZnSm1EdzhXQWg4Q0JRNVlSVTBnVE9HN2lrTklJRlJJU1dSa0FoTVBEeFlHSHdVRkNHOTFkQzF0Wlc1MUh3UUNBaDhHYUdRV0FnSUJEdzhXQWg4Q0JSUllSVTBnVE9HN2lrTklJRlJJU1NCTTRicWdTV1JrQWhVUER4WUdId1VGQ0c5MWRDMXRaVzUxSHdRQ0FoOEdhR1FXQWdJQkR3OFdBaDhDQlJGWVJVMGdUT0c3aWtOSUlGUklTU0JIUzJSa0FoY1BEeFlHSHdVRkNHOTFkQzF0Wlc1MUh3UUNBaDhHYUdRV0FnSUJEdzhXQWg4Q0JTRkhTRWtnVk1PVFRTQlU0YnF1VkNCTnc1Uk9JRWRKNGJxaVRrY2dST0c2b0Zsa1pBSVpEdzhXQkI4RkJRaHZkWFF0YldWdWRSOEVBZ0prWkFJYkR3OFdCQjhGQlFodmRYUXRiV1Z1ZFI4RUFnSmtGZ0lDQVE4UEZnSWZBZ1VPV0VWTklFamh1NHhESUZCSXc0MWtaQUlkRHc4V0JCOEZCUWh2ZFhRdGJXVnVkUjhFQWdKa1pBSWZEdzhXQkI4RkJRaHZkWFF0YldWdWRSOEVBZ0prRmdJQ0FROFBGZ0lmQWdVTFdFVk5JTVNRU2VHN2drMWtaQUloRHc4V0JoOEZCUWh2ZFhRdGJXVnVkUjhFQWdJZkJtaGtGZ0lDQVE4UEZnSWZBZ1VUeEpCSjRidUNUU0JMNGJ1eUlGYmh1NHhPUjJSa0FpTVBEeFlFSHdVRkNHOTFkQzF0Wlc1MUh3UUNBbVFXQWdJQkR3OFdBaDhDQlJoTDRicStWQ0JSVmVHNm9pREVrRW5odTRKTklFUkJUa2hrWkFJbER3OFdCQjhGQlFodmRYUXRiV1Z1ZFI4RUFnSmtGZ0lDQVE4UEZnSWZBZ1VXUzFFZ3hKQko0YnVDVFNCRVFVNUlJRTlPVEVsT1JXUmtBaWNQRHhZRUh3VUZDRzkxZEMxdFpXNTFId1FDQW1RV0FnSUJEdzhXQWg4Q0JSdFlSVTBneEpCSjRidUNUU0JFUVU1SUlGTkpUa2dnVmtuRGlrNWtaQUlwRHc4V0JCOEZCUWh2ZFhRdGJXVnVkUjhFQWdKa0ZnSUNBUThQRmdJZkFnVWZSMG5odXFKT1J5QldTY09LVGlCVTRidXdJTVNRU2VHN2drMGdSRUZPU0dSa0Fpc1BEeFlFSHdVRkNHOTFkQzF0Wlc1MUh3UUNBbVFXQWdJQkR3OFdBaDhDQlFsWVJVMGdRMVRFa0ZSa1pBSXREdzhXQkI4RkJRaHZkWFF0YldWdWRSOEVBZ0prRmdJQ0FROFBGZ0lmQWdVTFdFVk5JRTNEbEU0Z1ZGRmtaQUl2RHc4V0JCOEZCUWh2ZFhRdGJXVnVkUjhFQWdKa0ZnSUNBUThQRmdJZkFnVWt4SkREZ1U1SUlFZEp3NEVnUytHNnZsUWdVVlhodXFJZ1VzT0lUaUJNVlZuaHU0Wk9aR1FDTVE4UEZnUWZCUVVJYjNWMExXMWxiblVmQkFJQ1pCWUNBZ0VQRHhZQ0h3SUZKc1NRdzRGT1NDQkhTY09CSUV0UklGTERpRTRnVEZWWjRidUdUaUJUU1U1SUlGWkp3NHBPWkdRQ013OFBGZ1lmQlFVSWIzVjBMVzFsYm5VZkJBSUNId1pvWkJZQ0FnRVBEeFlDSHdJRkVsUGh1NnhCSUZSVUlFUERnU0JPU01PQ1RtUmtBalVQRHhZR0h3VUZDRzkxZEMxdFpXNTFId1FDQWg4R1oyUVdBZ0lCRHc4V0FoOENCUTVIdzVOUUlNT2RJRXRKNGJxK1RtUmtBamNQRHhZR0h3VUZDRzkxZEMxdFpXNTFId1FDQWg4R2FHUVdBbVlQRHhZQ0h3SUZFRlBodTZ4QklFekRuU0JNNGJ1S1EwaGtaQUk1RHc4V0JCOEZCUWh2ZFhRdGJXVnVkUjhFQWdKa0ZnSUNBUThQRmdJZkFnVVZVVlhodXFKT0lFekRuU0JUU1U1SUlGWkp3NHBPWkdRQ093OFBGZ1FmQlFVSWIzVjBMVzFsYm5VZkJBSUNaQllDQWdFUER4WUNId0lGSWt2aHVyNVVJRkZWNGJxaUlGTkpUa2dnVmtuRGlrNGd4SkREZ1U1SUlFZEp3NEZrWkFJOUR3OFdCQjhGQlFodmRYUXRiV1Z1ZFI4RUFnSmtaQUkvRHc4V0JCOEZCUWh2ZFhRdGJXVnVkUjhFQWdKa0ZnSUNBUTlrRmdKbUR3OFdBaDhDQlJuRWtNT0JUa2dnUjBuRGdTQkhTZUc2b2s1SElFVGh1cUJaWkdRQ1FROFBGZ1FmQlFVSWIzVjBMVzFsYm5VZkJBSUNaQllDQWdFUER4WUNId0lGRk1TUXhJSk9SeUJMdzUwZ1ZFaEpJRXpodXFCSlpHUUNRdzhQRmdRZkJRVUliM1YwTFcxbGJuVWZCQUlDWkdRQ1JROFBGZ1FmQlFVSWIzVjBMVzFsYm5VZkJBSUNaQllDQWdFUER4WUNId0lGRXNTUVN5QkRTRlZadzRwT0lFNUh3NEJPU0dSa0FrY1BEeFlFSHdVRkNHOTFkQzF0Wlc1MUh3UUNBbVJrQWtrUER4WUVId1VGQ0c5MWRDMXRaVzUxSHdRQ0FtUVdBZ0lCRHc4V0FoOENCUlpMVVNCWXc0bFVJRlRodTVCVUlFNUhTRW5odTRaUVpHUUNTdzhQRmdRZkJRVUliM1YwTFcxbGJuVWZCQUlDWkJZQ0FnRVBEeFlDSHdJRkhVdFJJRmpEaVZRZ1ZFbmh1NEJPSUZUaHU1QlVJRTVIU0VuaHU0WlFaR1FDVFE4UEZnUWZCUVVJYjNWMExXMWxiblVmQkFJQ1pCWUNBZ0VQRHhZQ0h3SUZHa1BEZ2xVZ1NPRzdqa2tnVkVqR3IrRzduRTVISUVmaHVyWlFaR1FDVHc4UEZnUWZCUVVJYjNWMExXMWxiblVmQkFJQ1pCWUNBZ0VQRHhZQ0h3SUZFOFNRU3lCTFNNT1RRU0JNVmVHNnJFNGdWRTVrWkFKUkR3OFdCQjhGQlFodmRYUXRiV1Z1ZFI4RUFnSmtGZ0lDQVE4UEZnSWZBZ1VPVGtqaHVxeFFJTVNRU2VHN2drMWtaQUpURHc4V0JCOEZCUWh2ZFhRdGJXVnVkUjhFQWdKa1pBSlZEdzhXQkI4RkJRaHZkWFF0YldWdWRSOEVBZ0prWkFKWER3OFdCQjhGQlFodmRYUXRiV1Z1ZFI4RUFnSmtaQUpaRHc4V0JCOEZCUWh2ZFhRdGJXVnVkUjhFQWdKa0ZnSUNBUThQRmdJZkFnVWVXRVZOSU1TUVNlRzdnazBnVGNPVVRpQkhTZUc2b2s1SElFVGh1cUJaWkdRQ1d3OFBGZ1FmQlFVSWIzVjBMVzFsYm5VZkJBSUNaQllDQWdFUER4WUNId0lGSGxoRlRTREVrRW5odTRKTklGVGh1NVJPUnlCSTRidWlVQ0JNNGJ1YVVHUmtBbDBQRHhZRUh3VUZDRzkxZEMxdFpXNTFId1FDQW1RV0FnSUJEdzhXQWg4Q0JSVkpUaUJMU09HN2tFa2dUTWF2NGJ1aVRrY2dSMFJrWkFKZkR3OFdCQjhGQlFodmRYUXRiV1Z1ZFI4RUFnSmtGZ0lDQVE4UEZnSWZBZ1VPVlZCTVQwRkVJTVNRU2VHN2drMWtaQUpoRHc4V0JCOEZCUWh2ZFhRdGJXVnVkUjhFQWdKa0ZnSUNBUThQRmdJZkFnVU5WRXRDSUVMaHU1Z2dUY09VVG1Sa0FtTVBEeFlFSHdVRkNHOTFkQzF0Wlc1MUh3UUNBbVFXQWdJQkR3OFdBaDhDQlJSTTRidUtRMGdnVkVoSklFTGh1NWdnVGNPVVRtUmtBbVVQRHhZRUh3VUZDRzkxZEMxdFpXNTFId1FDQW1RV0FnSUJEdzhXQWg4Q0JTWlVTT0c3a0U1SElFdkRpaUJIU2VHNm9rNUhJRlpKdzRwT0lFUlZXZUc3aGxRZ1MxRkVTMlJrQW1jUER4WUVId1VGQ0c5MWRDMXRaVzUxSHdRQ0FtUVdBZ0lCRHc4V0FoOENCU0pZUlUwZ1ZPRzdsRTVISUVqaHU2SlFJRXRSSUVqaHU0eERJRlRodXF4UUlGTldaR1FDYVE4UEZnUWZCUVVJYjNWMExXMWxiblVmQkFJQ1pHUUNhdzhQRmdRZkJRVUliM1YwTFcxbGJuVWZCQUlDWkJZQ1pnOFBGZ0lmQWdVWVMrRzZ2aUJJVCtHNm9FTklJRWpodTR4RElGVGh1cXhRWkdRQ2JROFBGZ1FmQlFVSWIzVjBMVzFsYm5VZkJBSUNaR1FDYnc4UEZnUWZCUVVJYjNWMExXMWxiblVmQkFJQ1pCWUNBZ0VQRHhZQ0h3SUZGRWpHcitHN21rNUhJRVRodXFwT0lNU1FTMDFJWkdRQ2NROFBGZ1FmQlFVSWIzVjBMVzFsYm5VZkJBSUNaQllDQWdFUER4WUNId0lGSUU1STRicXNVQ0RFa09HN2lrRWdRMGpodTRnZ1Rramh1cXhPSUZQRGdVTklaR1FDY3c4UEZnUWZCUVVJYjNWMExXMWxiblVmQkFJQ1pCWUNBZ0VQRHhZQ0h3SUZKTVNReElKT1J5Qkx3NTBnVGtqaHVxeE9JRlBEZ1VOSUlFNUhUOE9BU1NCSFNlRzduR1JrQW5VUER4WUVId1VGQ0c5MWRDMXRaVzUxSHdRQ0FtUVdBZ0lCRHc4V0FoOENCUnZFa01PQlRrZ2dSMG5EZ1NCRFNPRzZwRlFnVE1hdjRidWlUa2RrWkFKM0R3OFdCQjhGQlFodmRYUXRiV1Z1ZFI4RUFnSmtGZ0lDQVE4UEZnSWZBZ1VmeEpBdVM4T2RJRVRodTdBZ1RPRzdoQ0JVNGJ1UVZDQk9SMGhKNGJ1R1VHUmtBbmtQRHhZRUh3VUZDRzkxZEMxdFpXNTFId1FDQW1RV0FnSUJEdzhXQWg4Q0JSTk80YnVZVUNCRFNPRzdxRTVISUVOSTRidUlaR1FDZXc4UEZnUWZCUVVJYjNWMExXMWxiblVmQkFJQ1pCWUNBZ0VQRHhZQ0h3SUZJVmhGVFNERWtPRzdnQ0JEeHEvR29FNUhJRlJTVDA1SElFTGh1NWdnVGNPVVRtUmtBbjBQRHhZRUh3VUZDRzkxZEMxdFpXNTFId1FDQW1RV0FnSUJEdzhXQWg4Q0JSbEVRVTVJSUZQRGdVTklJTVNRTGt2RG5TQll3NGxVSUZST1pHUUNmdzhQRmdRZkJRVUliM1YwTFcxbGJuVWZCQUlDWkJZQ0FnRVBEeFlDSHdJRkhrUkJUa2dnVThPQlEwZ2d4SkF1UzhPZElFVGh1N0FnVE9HN2hDQlVUbVJrQW9FQkR3OFdCQjhGQlFodmRYUXRiV1Z1ZFI4RUFnSmtGZ0lDQVE4UEZnSWZBZ1VXVkVqRGxFNUhJRlJKVGlCTVZlRzZyRTRnVnNTQ1RtUmtBb01CRHc4V0JCOEZCUWh2ZFhRdGJXVnVkUjhFQWdKa0ZnSUNBUThQRmdJZkFnVW5WRkpCSUVQaHU2aFZJRmJFZ2s0Z1F1RzZzRTVISUZiRGdDQkRTT0c3cUU1SElFTkk0YnVJWkdRQ2hRRVBEeFlFSHdVRkNHOTFkQzF0Wlc1MUh3UUNBbVFXQWdJQkR3OFdBaDhDQlJCRDRidXdWU0JUU1U1SUlGWkp3NHBPWkdRQ2h3RVBEeFlFSHdVRkNHOTFkQzF0Wlc1MUh3UUNBbVFXQWdJQkR3OFdBaDhDQlJmRWtNU0NUa2NnUzhPZElGakRpVlFnVkZWWjRidUNUbVJrQW9rQkR3OFdCQjhGQlFodmRYUXRiV1Z1ZFI4RUFnSmtGZ0lDQVE4UEZnSWZBZ1VnVkVqRGxFNUhJRlJKVGlCSTRidVNJRlBHb0NCVVZWbmh1NEpPSUZOSlRraGtaQUtMQVE4UEZnUWZCUVVJYjNWMExXMWxiblVmQkFJQ1pHUUNqUUVQRHhZRUh3VUZDRzkxZEMxdFpXNTFId1FDQW1RV0FnSUJEdzhXQWg4Q0JSZEl3NU5CSU1TUXhxQk9JTVNRU2VHN2hrNGdWT0c3ckdSa0FvOEJEdzhXQkI4RkJRaHZkWFF0YldWdWRSOEVBZ0prRmdJQ0FROFBGZ0lmQWdVV1RrZEk0YnVJSUVUaHVxQlpJRVRodXFCWklFTERtV1JrQXBFQkR3OFdCQjhGQlFodmRYUXRiV1Z1ZFI4RUFnSmtGZ0lDQVE4UEZnSWZBZ1VYeEpERWdrNUhJRXZEblNCT1Iwamh1NGdnVUVqRGlWQmtaQUtUQVE4UEZnUWZCUVVJYjNWMExXMWxiblVmQkFJQ1pCWUNBZ0VQRHhZQ0h3SUZFc1NReElKT1J5Qkx3NTBnUTA5SklGUklTV1JrQXBVQkR3OFdCQjhGQlFodmRYUXRiV1Z1ZFI4RUFnSmtGZ0lDQVE4UEZnSWZBZ1VTV0VWTklFemh1NHBEU0NCRFQwa2dWRWhKWkdRQ2x3RVBEeFlFSHdVRkNHOTFkQzF0Wlc1MUh3UUNBbVFXQWdJQkR3OFdBaDhDQlJ0TFVTQk9SMGhKdzRwT0lFUGh1NmhWSUV0SVQwRWdTT0c3akVOa1pBS1pBUThQRmdRZkJRVUliM1YwTFcxbGJuVWZCQUlDWkJZQ0FnRVBEeFlDSHdJRkhGaEZUU0RFa09HN2dDQlV3NEJKSUU1RFMwZ2dWRWhCVFNCSFNVRmtaQUtiQVE4UEZnUWZCUVVJYjNWMExXMWxiblVmQkFJQ1pCWUNBZ0VQWkJZQ1pnOFBGZ0lmQWdVa3hKREVnazVISUV2RG5TQllTVTRnUjBuaHVxUlpJRU5JNGJ1b1RrY2dUa2podXF4T1pHUUNuUUVQRHhZRUh3VUZDRzkxZEMxdFpXNTFId1FDQW1RV0FnSUJEMlFXQW1ZUER4WUNId0lGR1VQaHVxeFFJRTVJNGJxc1ZDQk9SMC9odXFCSklGUlN3NXBrWkFLZkFROFBGZ1FmQlFVSWIzVjBMVzFsYm5VZkJBSUNaQllDQWdFUER4WUNId0lGRzBQaHVxeFFJRTVJNGJxc1ZDQlVTTWF2NGJ1Y1RrY2dWRkxEbW1Sa0FxRUJEdzhXQkI4RkJRaHZkWFF0YldWdWRSOEVBZ0prRmdJQ0FROFBGZ0lmQWdVVlErRzZxRTBnVGtGT1J5QlRTVTVJSUZaSnc0cE9aR1FDb3dFUER4WUVId1VGQ0c5MWRDMXRaVzUxSHdRQ0FtUVdBZ0lCRHc4V0FoOENCUjVZUlUwZ1RGWGh1cXhPSUZiRWdrNGdWT0c3a0ZRZ1RrZElTZUc3aGxCa1pBS2xBUThQRmdRZkJRVUliM1YwTFcxbGJuVWZCQUlDWkJZQ0FnRVBEeFlDSHdJRkhsaEZUU0JNVmVHNnJFNGdWc1NDVGlCSXhxL2h1NXBPUnlCRTRicXFUbVJrQXFjQkR3OFdCQjhGQlFodmRYUXRiV1Z1ZFI4RUFnSmtGZ0lDQVE4UEZnSWZBZ1VkV0VWTklFeFY0YnFzVGlCV3hJSk9JRkJJNGJxaVRpQkNTZUc3aGs1a1pBS3BBUThQRmdRZkJRVUliM1YwTFcxbGJuVWZCQUlDWkJZQ0FnRVBEeFlDSHdJRkpFTERnVThnUWtuaHU0SlZJRkJJNGJ1a1F5Qlc0YnVrSUV6RGcwNUlJTVNRNGJxZ1QyUmtBcXNCRHc4V0JCOEZCUWh2ZFhRdGJXVnVkUjhFQWdKa0ZnSUNBUThQRmdJZkFnVWNWRWpodTVCT1J5Qkx3NG9neEpERGswNUhJRWhRSUU5T1RFbE9SV1JrQXEwQkR3OFdCQjhGQlFodmRYUXRiV1Z1ZFI4RUFnSmtGZ0lDQVE4UEZnSWZBZ1VYeEpERWdrNUhJRXZEblNCTHc1MGdWTU9hUXlCWXc0RmtaQUt2QVE4UEZnUWZCUVVJYjNWMExXMWxiblVmQkFJQ1pCWUNBZ0VQRHhZQ0h3SUZHRlJJUVU1SUlGUlB3NEZPSUV2RG5TQlV3NXBESUZqRGdXUmtBckVCRHc4V0JCOEZCUWh2ZFhRdGJXVnVkUjhFQWdKa0ZnSUNBUThQRmdJZkFnVWlRK0c2ckZBZ1Rramh1cXhVSUV6RG5TQk00YnVLUTBnZ1MwaFBRU0JJNGJ1TVEyUmtBck1CRHc4V0JCOEZCUWh2ZFhRdGJXVnVkUjhFQWdKa0ZnSUNBUThQRmdJZkFnVVhRK0c2ckZBZ1Rramh1cXhVSUZRdVZFbE9JRUpJV1ZSa1pBSzFBUThQRmdRZkJRVUliM1YwTFcxbGJuVWZCQUlDWkJZQ0FnRVBEeFlDSHdJRkZsaEZUU0RFa0VuaHU0Sk5JTVNRdzRNZ1JPRzZvRmxrWkFLM0FROFBGZ1FmQlFVSWIzVjBMVzFsYm5VZkJBSUNaQllDQWdFUER4WUNId0lGR1VsT0lFdkRpaUJMU0VGSklFZEo0YnVjSUVkSjRicWlUa2RrWkFLNUFROFBGZ1FmQlFVSWIzVjBMVzFsYm5VZkJBSUNaR1FDdXdFUER4WUVId1VGQ0c5MWRDMXRaVzUxSHdRQ0FtUmtBcjBCRHc4V0JCOEZCUWh2ZFhRdGJXVnVkUjhFQWdKa1pBSy9BUThQRmdRZkJRVUliM1YwTFcxbGJuVWZCQUlDWkdRQ3dRRVBEeFlFSHdVRkNHOTFkQzF0Wlc1MUh3UUNBbVJrQWdjUFpCWUNBZ0VQWkJZQ1pnOWtGZ2dDQVE4UUR4WUVId0lGRDFSdnc2QnVJSFJ5eHJEaHU1MXVaeDRIUTJobFkydGxaR2hrWkdSa0FnTVBFQThXQkI4Q0JSbER3NkVnYm1qRG9tNGdibWZHc09HN25Xa2daTU81Ym1jNkh3ZG5aR1JrWkFJRkR3OFdCQjhDQlJ0T2FPRzZyWEFnYmNPaklIUGh1NUVnWStHNnAyNGdlR1Z0T2lBZUIwVnVZV0pzWldSblpHUUNCdzhQRmdJZkNHZGtaQUlKRDJRV0NBSUJEdzhXQWg4Q0JYbERiM0I1Y21sbmFIUWd3cWt5TURBNUlGUnl4ckRodTUxdVp5REVrRWdnVThPZ2FTQkh3N0p1TGNTUTRicWhhU0JvNGJ1Tll5QmphTU90Ym1nZ2NYVjVMaUJSZGVHNm8yNGdiTU85SUdMaHU1OXBJT0c3cG5rZ1ltRnVJRzVvdzZKdUlHVERvbTRnVkZBdUlFamh1NU1nUTJqRHJTQk5hVzVvWkdRQ0F3OFBGZ0lmQWdVTFZISmhibWNnUTJqaHU2ZGtaQUlGRHc4V0FoOENCUzFVYUduaHVyOTBJR3ZodXI4Z1l1RzduMmtnWTNSNUlGQm80YnFuYmlCdDRidUJiU0JCYm1nZ1VYWERvbTVrWkFJSER3OFdBaDhDQlF6RWtPRzZwM1VnVkhKaGJtZGtaQmdCQlI1ZlgwTnZiblJ5YjJ4elVtVnhkV2x5WlZCdmMzUkNZV05yUzJWNVgxOFdBd1V2WTNSc01EQWtRMjl1ZEdWdWRGQnNZV05sU0c5c1pHVnlNU1JqZEd3d01DUnlZV1JwYjFSdllXNVVjblZ2Ym1jRkwyTjBiREF3SkVOdmJuUmxiblJRYkdGalpVaHZiR1JsY2pFa1kzUnNNREFrY21Ga2FXOVViMkZ1VkhKMWIyNW5CU2xqZEd3d01DUkRiMjUwWlc1MFVHeGhZMlZJYjJ4a1pYSXhKR04wYkRBd0pISmhaR2x2VFdGVFZqbG5BYkRnM0RCbmRKb2Zlb2xPTHpzTTVQNDEiIENvcnJlbGF0aW9uQmluZGluZz0ie3tGb3JtUG9zdFBhcmFtMTQuX19WSUVXU1RBVEV9fSIgVXJsRW5jb2RlPSJUcnVlIiAvPg0KICAgICAgICA8Rm9ybVBvc3RQYXJhbWV0ZXIgTmFtZT0iX19WSUVXU1RBVEVHRU5FUkFUT1IiIFZhbHVlPSJDQTBCMDMzNCIgUmVjb3JkZWRWYWx1ZT0iQ0EwQjAzMzQiIENvcnJlbGF0aW9uQmluZGluZz0ie3tGb3JtUG9zdFBhcmFtMTUuX19WSUVXU1RBVEVHRU5FUkFUT1J9fSIgVXJsRW5jb2RlPSJUcnVlIiAvPg0KICAgICAgICA8Rm9ybVBvc3RQYXJhbWV0ZXIgTmFtZT0iY3RsMDAkQ29udGVudFBsYWNlSG9sZGVyMSRjdGwwMCRyYWRpbyIgVmFsdWU9InJhZGlvTWFTViIgUmVjb3JkZWRWYWx1ZT0icmFkaW9NYVNWIiBDb3JyZWxhdGlvbkJpbmRpbmc9Int7Rm9ybVBvc3RQYXJhbTE2LmN0bDAwJENvbnRlbnRQbGFjZUhvbGRlcjEkY3RsMDAkcmFkaW99fSIgVXJsRW5jb2RlPSJUcnVlIiAvPg0KICAgICAgICA8Rm9ybVBvc3RQYXJhbWV0ZXIgTmFtZT0iY3RsMDAkQ29udGVudFBsYWNlSG9sZGVyMSRjdGwwMCR0eHRNYVNWIiBWYWx1ZT0iMzExOTQxMTA0MiIgUmVjb3JkZWRWYWx1ZT0iMzExOTQxMTA0MiIgQ29ycmVsYXRpb25CaW5kaW5nPSIiIFVybEVuY29kZT0iVHJ1ZSIgLz4NCiAgICAgICAgPEZvcm1Qb3N0UGFyYW1ldGVyIE5hbWU9ImN0bDAwJENvbnRlbnRQbGFjZUhvbGRlcjEkY3RsMDAkYnRuT0siIFZhbHVlPSJPSyIgUmVjb3JkZWRWYWx1ZT0iT0siIENvcnJlbGF0aW9uQmluZGluZz0ie3tGb3JtUG9zdFBhcmFtMTcuY3RsMDAkQ29udGVudFBsYWNlSG9sZGVyMSRjdGwwMCRidG5PS319IiBVcmxFbmNvZGU9IlRydWUiIC8+DQogICAgICA8L0Zvcm1Qb3N0SHR0cEJvZHk+DQogICAgPC9SZXF1ZXN0Pg0KICAgIDxSZXF1ZXN0IE1ldGhvZD0iUE9TVCIgR3VpZD0iOGI1YzA4YTctNmQ0Ny00Y2NiLWJhZjQtNzAzNzA5YmRiNDYzIiBWZXJzaW9uPSIxLjEiIFVybD0iaHR0cDovL3Rob25ndGluZGFvdGFvLnNndS5lZHUudm4vRGVmYXVsdC5hc3B4IiBUaGlua1RpbWU9IjIiIFRpbWVvdXQ9IjMwMCIgUGFyc2VEZXBlbmRlbnRSZXF1ZXN0cz0iVHJ1ZSIgRm9sbG93UmVkaXJlY3RzPSJUcnVlIiBSZWNvcmRSZXN1bHQ9IlRydWUiIENhY2hlPSJGYWxzZSIgUmVzcG9uc2VUaW1lR29hbD0iMCIgRW5jb2Rpbmc9InV0Zi04IiBFeHBlY3RlZEh0dHBTdGF0dXNDb2RlPSIwIiBFeHBlY3RlZFJlc3BvbnNlVXJsPSJodHRwOi8vdGhvbmd0aW5kYW90YW8uc2d1LmVkdS52bi9EZWZhdWx0LmFzcHg/cGFnZT14ZW1saWNodGhpJmFtcDtpZD0zMTE5NDExMDQyIiBSZXBvcnRpbmdOYW1lPSIiIElnbm9yZUh0dHBTdGF0dXNDb2RlPSJGYWxzZSI+DQogICAgICA8SGVhZGVycz4NCiAgICAgICAgPEhlYWRlciBOYW1lPSJSZWZlcmVyIiBWYWx1ZT0iaHR0cDovL3Rob25ndGluZGFvdGFvLnNndS5lZHUudm4vRGVmYXVsdC5hc3B4P3BhZ2U9bmhhcG1hc3YmYW1wO2ZsYWc9WGVtTGljaFRoaSIgLz4NCiAgICAgIDwvSGVhZGVycz4NCiAgICAgIDxDb3JyZWxhdGlvbkV4dHJhY3Rpb25SdWxlcz4NCiAgICAgICAgPEV4dHJhY3Rpb25SdWxlIENsYXNzbmFtZT0iTWljcm9zb2Z0LlZpc3VhbFN0dWRpby5UZXN0VG9vbHMuV2ViVGVzdGluZy5SdWxlcy5FeHRyYWN0VGV4dCwgTWljcm9zb2Z0LlZpc3VhbFN0dWRpby5RdWFsaXR5VG9vbHMuV2ViVGVzdEZyYW1ld29yaywgVmVyc2lvbj0xMC4wLjAuMCwgQ3VsdHVyZT1uZXV0cmFsLCBQdWJsaWNLZXlUb2tlbj1iMDNmNWY3ZjExZDUwYTNhIiBWYXJpYWJsZU5hbWU9IlF1ZXJ5U3RyaW5nUGFyYW0zMS5wYWdlIiBEaXNwbGF5TmFtZT0iIiBEZXNjcmlwdGlvbj0iIj4NCiAgICAgICAgICA8UnVsZVBhcmFtZXRlcnM+DQogICAgICAgICAgICA8UnVsZVBhcmFtZXRlciBOYW1lPSJTdGFydHNXaXRoIiBWYWx1ZT0iP3BhZ2U9IiAvPg0KICAgICAgICAgICAgPFJ1bGVQYXJhbWV0ZXIgTmFtZT0iRW5kc1dpdGgiIFZhbHVlPSImcXVvdDsiIC8+DQogICAgICAgICAgICA8UnVsZVBhcmFtZXRlciBOYW1lPSJJbmRleCIgVmFsdWU9IjUiIC8+DQogICAgICAgICAgICA8UnVsZVBhcmFtZXRlciBOYW1lPSJJZ25vcmVDYXNlIiBWYWx1ZT0iRmFsc2UiIC8+DQogICAgICAgICAgICA8UnVsZVBhcmFtZXRlciBOYW1lPSJVc2VSZWd1bGFyRXhwcmVzc2lvbiIgVmFsdWU9IkZhbHNlIiAvPg0KICAgICAgICAgICAgPFJ1bGVQYXJhbWV0ZXIgTmFtZT0iSHRtbERlY29kZSIgVmFsdWU9IlRydWUiIC8+DQogICAgICAgICAgICA8UnVsZVBhcmFtZXRlciBOYW1lPSJSZXF1aXJlZCIgVmFsdWU9IkZhbHNlIiAvPg0KICAgICAgICAgIDwvUnVsZVBhcmFtZXRlcnM+DQogICAgICAgIDwvRXh0cmFjdGlvblJ1bGU+DQogICAgICA8L0NvcnJlbGF0aW9uRXh0cmFjdGlvblJ1bGVzPg0KICAgICAgPFF1ZXJ5U3RyaW5nUGFyYW1ldGVycz4NCiAgICAgICAgPFF1ZXJ5U3RyaW5nUGFyYW1ldGVyIE5hbWU9InBhZ2UiIFZhbHVlPSJuaGFwbWFzdiIgUmVjb3JkZWRWYWx1ZT0ibmhhcG1hc3YiIENvcnJlbGF0aW9uQmluZGluZz0ie3tRdWVyeVN0cmluZ1BhcmFtMjkucGFnZX19IiBVcmxFbmNvZGU9IkZhbHNlIiBVc2VUb0dyb3VwUmVzdWx0cz0iRmFsc2UiIC8+DQogICAgICAgIDxRdWVyeVN0cmluZ1BhcmFtZXRlciBOYW1lPSJmbGFnIiBWYWx1ZT0iWGVtTGljaFRoaSIgUmVjb3JkZWRWYWx1ZT0iWGVtTGljaFRoaSIgQ29ycmVsYXRpb25CaW5kaW5nPSJ7e1F1ZXJ5U3RyaW5nUGFyYW0zMC5mbGFnfX0iIFVybEVuY29kZT0iRmFsc2UiIFVzZVRvR3JvdXBSZXN1bHRzPSJGYWxzZSIgLz4NCiAgICAgIDwvUXVlcnlTdHJpbmdQYXJhbWV0ZXJzPg0KICAgICAgPEZvcm1Qb3N0SHR0cEJvZHk+DQogICAgICAgIDxGb3JtUG9zdFBhcmFtZXRlciBOYW1lPSJfX0VWRU5UVEFSR0VUIiBWYWx1ZT0ie3skSElEREVOMS5fX0VWRU5UVEFSR0VUfX0iIFJlY29yZGVkVmFsdWU9IiIgQ29ycmVsYXRpb25CaW5kaW5nPSIiIFVybEVuY29kZT0iVHJ1ZSIgLz4NCiAgICAgICAgPEZvcm1Qb3N0UGFyYW1ldGVyIE5hbWU9Il9fRVZFTlRBUkdVTUVOVCIgVmFsdWU9Int7JEhJRERFTjEuX19FVkVOVEFSR1VNRU5UfX0iIFJlY29yZGVkVmFsdWU9IiIgQ29ycmVsYXRpb25CaW5kaW5nPSIiIFVybEVuY29kZT0iVHJ1ZSIgLz4NCiAgICAgICAgPEZvcm1Qb3N0UGFyYW1ldGVyIE5hbWU9Il9fTEFTVEZPQ1VTIiBWYWx1ZT0ie3skSElEREVOMS5fX0xBU1RGT0NVU319IiBSZWNvcmRlZFZhbHVlPSIiIENvcnJlbGF0aW9uQmluZGluZz0iIiBVcmxFbmNvZGU9IlRydWUiIC8+DQogICAgICAgIDxGb3JtUG9zdFBhcmFtZXRlciBOYW1lPSJfX1ZJRVdTVEFURSIgVmFsdWU9Int7JEhJRERFTjEuX19WSUVXU1RBVEV9fSIgUmVjb3JkZWRWYWx1ZT0iL3dFUER3VUtMVE14TmpjM05UTTNOUTlrRmdKbUQyUVdCR1lQWkJZRUFnRVBGZ0llQjJOdmJuUmxiblJrWkFJQ0R4WUNIZ1JvY21WbUJTa3VMMDFsYzNOaFoyVkdhV3hsTDJaaGRtbGpiMjR0WkdGcExXaHZZeTF6WVdrdFoyOXVMbXB3WjJRQ0FROWtGZ2dDQXc5a0ZnSm1EMlFXQWdJQkQyUVdER1lQRHhZQ0hnUlVaWGgwQlF4RGFNT2dieUJpNGJxaGJpQmtaQUlCRHc4V0JoOENCUTlZWlcwZ2RHakR0RzVuSUdMRG9XOGVDVVp2Y21WRGIyeHZjZ2tBTS8vL0hnUmZJVk5DQWdSa1pBSUNEdzhXQmg4Q0JRTWdmQ0FmQXdrQU0vLy9Id1FDQkdSa0FnTVBEeFlHSHdJRkdGUm9ZWGtneEpIaHU1VnBJRzNodXExMElHdG80YnFwZFI4RENRQXovLzhmQkFJRVpHUUNCQThQRmdZZkFnVURJSHdnSHdNSkFEUC8veDhFQWdSa1pBSUZEdzhXQmg4Q0JRM0VrTVNEYm1jZ1Rtamh1cTF3SHdNSkFEUC8veDhFQWdSa1pBSUZEMlFXd2dFQ0FROFBGZ1FlQ0VOemMwTnNZWE56QlFodmRYUXRiV1Z1ZFI4RUFnSmtGZ0ptRHc4V0FoOENCUXRVVWtGT1J5QkRTT0c3cG1Sa0FnTVBEeFlFSHdVRkNHOTFkQzF0Wlc1MUh3UUNBbVFXQWdJQkR3OFdBaDhDQlJkRVFVNUlJRTNodTZSRElFTkk0YnVvUXlCT3hJSk9SMlJrQWdVUER4WUVId1VGQ0c5MWRDMXRaVzUxSHdRQ0FtUVdBZ0lCRHc4V0FoOENCUnRFVFNCRFNPRzdxRU1nVHNTQ1RrY2d4SkREZ1U1SUlFZEp3NEZrWkFJSER3OFdCQjhGQlFodmRYUXRiV1Z1ZFI4RUFnSmtGZ0lDQVE4UEZnSWZBZ1VqVVZYaHVxSk9JRXpEblNERWtNT0JUa2dnUjBuRGdTQlN3NGhPSUV4VldlRzdoazVrWkFJSkR3OFdCaDhGQlFodmRYUXRiV1Z1ZFI4RUFnSWVCMVpwYzJsaWJHVm9aQllDQWdFUER4WUNId0lGRmNTUXhJSk9SeUJMdzUwZ1RjT1VUaUJJNGJ1TVEyUmtBZ3NQRHhZRUh3VUZDRzkxZEMxdFpXNTFId1FDQW1Sa0FnMFBEeFlFSHdVRkNHOTFkQzF0Wlc1MUh3UUNBbVFXQWdJQkR3OFdBaDhDQlFkWVJVMGdWRXRDWkdRQ0R3OFBGZ1FmQlFVSWIzVjBMVzFsYm5VZkJBSUNaQllDQWdFUER4WUNId0lGRUZoRlRTREVrRW5odTRKTklFUkJUa2hrWkFJUkR3OFdCQjhGQlFodmRYUXRiV1Z1ZFI4RUFnSmtGZ0ptRHc4V0FoOENCUTVZUlUwZ1RPRzdpa05JSUZSSVNXUmtBaE1QRHhZR0h3VUZDRzkxZEMxdFpXNTFId1FDQWg4R2FHUVdBZ0lCRHc4V0FoOENCUlJZUlUwZ1RPRzdpa05JSUZSSVNTQk00YnFnU1dSa0FoVVBEeFlHSHdVRkNHOTFkQzF0Wlc1MUh3UUNBaDhHYUdRV0FnSUJEdzhXQWg4Q0JSRllSVTBnVE9HN2lrTklJRlJJU1NCSFMyUmtBaGNQRHhZR0h3VUZDRzkxZEMxdFpXNTFId1FDQWg4R2FHUVdBZ0lCRHc4V0FoOENCU0ZIU0VrZ1ZNT1RUU0JVNGJxdVZDQk53NVJPSUVkSjRicWlUa2NnUk9HNm9GbGtaQUlaRHc4V0JCOEZCUWh2ZFhRdGJXVnVkUjhFQWdKa1pBSWJEdzhXQkI4RkJRaHZkWFF0YldWdWRSOEVBZ0prRmdJQ0FROFBGZ0lmQWdVT1dFVk5JRWpodTR4RElGQkl3NDFrWkFJZER3OFdCQjhGQlFodmRYUXRiV1Z1ZFI4RUFnSmtaQUlmRHc4V0JCOEZCUWh2ZFhRdGJXVnVkUjhFQWdKa0ZnSUNBUThQRmdJZkFnVUxXRVZOSU1TUVNlRzdnazFrWkFJaER3OFdCaDhGQlFodmRYUXRiV1Z1ZFI4RUFnSWZCbWhrRmdJQ0FROFBGZ0lmQWdVVHhKQko0YnVDVFNCTDRidXlJRmJodTR4T1IyUmtBaU1QRHhZRUh3VUZDRzkxZEMxdFpXNTFId1FDQW1RV0FnSUJEdzhXQWg4Q0JSaEw0YnErVkNCUlZlRzZvaURFa0VuaHU0Sk5JRVJCVGtoa1pBSWxEdzhXQkI4RkJRaHZkWFF0YldWdWRSOEVBZ0prRmdJQ0FROFBGZ0lmQWdVV1MxRWd4SkJKNGJ1Q1RTQkVRVTVJSUU5T1RFbE9SV1JrQWljUER4WUVId1VGQ0c5MWRDMXRaVzUxSHdRQ0FtUVdBZ0lCRHc4V0FoOENCUnRZUlUwZ3hKQko0YnVDVFNCRVFVNUlJRk5KVGtnZ1ZrbkRpazVrWkFJcER3OFdCQjhGQlFodmRYUXRiV1Z1ZFI4RUFnSmtGZ0lDQVE4UEZnSWZBZ1VmUjBuaHVxSk9SeUJXU2NPS1RpQlU0YnV3SU1TUVNlRzdnazBnUkVGT1NHUmtBaXNQRHhZRUh3VUZDRzkxZEMxdFpXNTFId1FDQW1RV0FnSUJEdzhXQWg4Q0JRbFlSVTBnUTFURWtGUmtaQUl0RHc4V0JCOEZCUWh2ZFhRdGJXVnVkUjhFQWdKa0ZnSUNBUThQRmdJZkFnVUxXRVZOSUUzRGxFNGdWRkZrWkFJdkR3OFdCQjhGQlFodmRYUXRiV1Z1ZFI4RUFnSmtGZ0lDQVE4UEZnSWZBZ1VreEpERGdVNUlJRWRKdzRFZ1MrRzZ2bFFnVVZYaHVxSWdVc09JVGlCTVZWbmh1NFpPWkdRQ01ROFBGZ1FmQlFVSWIzVjBMVzFsYm5VZkJBSUNaQllDQWdFUER4WUNId0lGSnNTUXc0Rk9TQ0JIU2NPQklFdFJJRkxEaUU0Z1RGVlo0YnVHVGlCVFNVNUlJRlpKdzRwT1pHUUNNdzhQRmdZZkJRVUliM1YwTFcxbGJuVWZCQUlDSHdab1pCWUNBZ0VQRHhZQ0h3SUZFbFBodTZ4QklGUlVJRVBEZ1NCT1NNT0NUbVJrQWpVUER4WUdId1VGQ0c5MWRDMXRaVzUxSHdRQ0FoOEdaMlFXQWdJQkR3OFdBaDhDQlE1SHc1TlFJTU9kSUV0SjRicStUbVJrQWpjUER4WUdId1VGQ0c5MWRDMXRaVzUxSHdRQ0FoOEdhR1FXQW1ZUER4WUNId0lGRUZQaHU2eEJJRXpEblNCTTRidUtRMGhrWkFJNUR3OFdCQjhGQlFodmRYUXRiV1Z1ZFI4RUFnSmtGZ0lDQVE4UEZnSWZBZ1VWVVZYaHVxSk9JRXpEblNCVFNVNUlJRlpKdzRwT1pHUUNPdzhQRmdRZkJRVUliM1YwTFcxbGJuVWZCQUlDWkJZQ0FnRVBEeFlDSHdJRklrdmh1cjVVSUZGVjRicWlJRk5KVGtnZ1ZrbkRpazRneEpERGdVNUlJRWRKdzRGa1pBSTlEdzhXQkI4RkJRaHZkWFF0YldWdWRSOEVBZ0prWkFJL0R3OFdCQjhGQlFodmRYUXRiV1Z1ZFI4RUFnSmtGZ0lDQVE5a0ZnSm1EdzhXQWg4Q0JSbkVrTU9CVGtnZ1IwbkRnU0JIU2VHNm9rNUhJRVRodXFCWlpHUUNRUThQRmdRZkJRVUliM1YwTFcxbGJuVWZCQUlDWkJZQ0FnRVBEeFlDSHdJRkZNU1F4SUpPUnlCTHc1MGdWRWhKSUV6aHVxQkpaR1FDUXc4UEZnUWZCUVVJYjNWMExXMWxiblVmQkFJQ1pHUUNSUThQRmdRZkJRVUliM1YwTFcxbGJuVWZCQUlDWkJZQ0FnRVBEeFlDSHdJRkVzU1FTeUJEU0ZWWnc0cE9JRTVIdzRCT1NHUmtBa2NQRHhZRUh3VUZDRzkxZEMxdFpXNTFId1FDQW1Sa0Fra1BEeFlFSHdVRkNHOTFkQzF0Wlc1MUh3UUNBbVFXQWdJQkR3OFdBaDhDQlJaTFVTQll3NGxVSUZUaHU1QlVJRTVIU0VuaHU0WlFaR1FDU3c4UEZnUWZCUVVJYjNWMExXMWxiblVmQkFJQ1pCWUNBZ0VQRHhZQ0h3SUZIVXRSSUZqRGlWUWdWRW5odTRCT0lGVGh1NUJVSUU1SFNFbmh1NFpRWkdRQ1RROFBGZ1FmQlFVSWIzVjBMVzFsYm5VZkJBSUNaQllDQWdFUER4WUNId0lGR2tQRGdsVWdTT0c3amtrZ1ZFakdyK0c3bkU1SElFZmh1clpRWkdRQ1R3OFBGZ1FmQlFVSWIzVjBMVzFsYm5VZkJBSUNaQllDQWdFUER4WUNId0lGRThTUVN5QkxTTU9UUVNCTVZlRzZyRTRnVkU1a1pBSlJEdzhXQkI4RkJRaHZkWFF0YldWdWRSOEVBZ0prRmdJQ0FROFBGZ0lmQWdVT1Rramh1cXhRSU1TUVNlRzdnazFrWkFKVER3OFdCQjhGQlFodmRYUXRiV1Z1ZFI4RUFnSmtaQUpWRHc4V0JCOEZCUWh2ZFhRdGJXVnVkUjhFQWdKa1pBSlhEdzhXQkI4RkJRaHZkWFF0YldWdWRSOEVBZ0prWkFKWkR3OFdCQjhGQlFodmRYUXRiV1Z1ZFI4RUFnSmtGZ0lDQVE4UEZnSWZBZ1VlV0VWTklNU1FTZUc3Z2swZ1RjT1VUaUJIU2VHNm9rNUhJRVRodXFCWlpHUUNXdzhQRmdRZkJRVUliM1YwTFcxbGJuVWZCQUlDWkJZQ0FnRVBEeFlDSHdJRkhsaEZUU0RFa0VuaHU0Sk5JRlRodTVST1J5Qkk0YnVpVUNCTTRidWFVR1JrQWwwUER4WUVId1VGQ0c5MWRDMXRaVzUxSHdRQ0FtUVdBZ0lCRHc4V0FoOENCUlZKVGlCTFNPRzdrRWtnVE1hdjRidWlUa2NnUjBSa1pBSmZEdzhXQkI4RkJRaHZkWFF0YldWdWRSOEVBZ0prRmdJQ0FROFBGZ0lmQWdVT1ZWQk1UMEZFSU1TUVNlRzdnazFrWkFKaER3OFdCQjhGQlFodmRYUXRiV1Z1ZFI4RUFnSmtGZ0lDQVE4UEZnSWZBZ1VOVkV0Q0lFTGh1NWdnVGNPVVRtUmtBbU1QRHhZRUh3VUZDRzkxZEMxdFpXNTFId1FDQW1RV0FnSUJEdzhXQWg4Q0JSUk00YnVLUTBnZ1ZFaEpJRUxodTVnZ1RjT1VUbVJrQW1VUER4WUVId1VGQ0c5MWRDMXRaVzUxSHdRQ0FtUVdBZ0lCRHc4V0FoOENCU1pVU09HN2tFNUhJRXZEaWlCSFNlRzZvazVISUZaSnc0cE9JRVJWV2VHN2hsUWdTMUZFUzJSa0FtY1BEeFlFSHdVRkNHOTFkQzF0Wlc1MUh3UUNBbVFXQWdJQkR3OFdBaDhDQlNKWVJVMGdWT0c3bEU1SElFamh1NkpRSUV0UklFamh1NHhESUZUaHVxeFFJRk5XWkdRQ2FROFBGZ1FmQlFVSWIzVjBMVzFsYm5VZkJBSUNaR1FDYXc4UEZnUWZCUVVJYjNWMExXMWxiblVmQkFJQ1pCWUNaZzhQRmdJZkFnVVlTK0c2dmlCSVQrRzZvRU5JSUVqaHU0eERJRlRodXF4UVpHUUNiUThQRmdRZkJRVUliM1YwTFcxbGJuVWZCQUlDWkdRQ2J3OFBGZ1FmQlFVSWIzVjBMVzFsYm5VZkJBSUNaQllDQWdFUER4WUNId0lGRkVqR3IrRzdtazVISUVUaHVxcE9JTVNRUzAxSVpHUUNjUThQRmdRZkJRVUliM1YwTFcxbGJuVWZCQUlDWkJZQ0FnRVBEeFlDSHdJRklFNUk0YnFzVUNERWtPRzdpa0VnUTBqaHU0Z2dUa2podXF4T0lGUERnVU5JWkdRQ2N3OFBGZ1FmQlFVSWIzVjBMVzFsYm5VZkJBSUNaQllDQWdFUER4WUNId0lGSk1TUXhJSk9SeUJMdzUwZ1Rramh1cXhPSUZQRGdVTklJRTVIVDhPQVNTQkhTZUc3bkdSa0FuVVBEeFlFSHdVRkNHOTFkQzF0Wlc1MUh3UUNBbVFXQWdJQkR3OFdBaDhDQlJ2RWtNT0JUa2dnUjBuRGdTQkRTT0c2cEZRZ1RNYXY0YnVpVGtka1pBSjNEdzhXQkI4RkJRaHZkWFF0YldWdWRSOEVBZ0prRmdJQ0FROFBGZ0lmQWdVZnhKQXVTOE9kSUVUaHU3QWdUT0c3aENCVTRidVFWQ0JPUjBoSjRidUdVR1JrQW5rUER4WUVId1VGQ0c5MWRDMXRaVzUxSHdRQ0FtUVdBZ0lCRHc4V0FoOENCUk5PNGJ1WVVDQkRTT0c3cUU1SElFTkk0YnVJWkdRQ2V3OFBGZ1FmQlFVSWIzVjBMVzFsYm5VZkJBSUNaQllDQWdFUER4WUNId0lGSVZoRlRTREVrT0c3Z0NCRHhxL0dvRTVISUZSU1QwNUhJRUxodTVnZ1RjT1VUbVJrQW4wUER4WUVId1VGQ0c5MWRDMXRaVzUxSHdRQ0FtUVdBZ0lCRHc4V0FoOENCUmxFUVU1SUlGUERnVU5JSU1TUUxrdkRuU0JZdzRsVUlGUk9aR1FDZnc4UEZnUWZCUVVJYjNWMExXMWxiblVmQkFJQ1pCWUNBZ0VQRHhZQ0h3SUZIa1JCVGtnZ1U4T0JRMGdneEpBdVM4T2RJRVRodTdBZ1RPRzdoQ0JVVG1Sa0FvRUJEdzhXQkI4RkJRaHZkWFF0YldWdWRSOEVBZ0prRmdJQ0FROFBGZ0lmQWdVV1ZFakRsRTVISUZSSlRpQk1WZUc2ckU0Z1ZzU0NUbVJrQW9NQkR3OFdCQjhGQlFodmRYUXRiV1Z1ZFI4RUFnSmtGZ0lDQVE4UEZnSWZBZ1VuVkZKQklFUGh1NmhWSUZiRWdrNGdRdUc2c0U1SElGYkRnQ0JEU09HN3FFNUhJRU5JNGJ1SVpHUUNoUUVQRHhZRUh3VUZDRzkxZEMxdFpXNTFId1FDQW1RV0FnSUJEdzhXQWg4Q0JSQkQ0YnV3VlNCVFNVNUlJRlpKdzRwT1pHUUNod0VQRHhZRUh3VUZDRzkxZEMxdFpXNTFId1FDQW1RV0FnSUJEdzhXQWg4Q0JSZkVrTVNDVGtjZ1M4T2RJRmpEaVZRZ1ZGVlo0YnVDVG1Sa0Fva0JEdzhXQkI4RkJRaHZkWFF0YldWdWRSOEVBZ0prRmdJQ0FROFBGZ0lmQWdVZ1ZFakRsRTVISUZSSlRpQkk0YnVTSUZQR29DQlVWVm5odTRKT0lGTkpUa2hrWkFLTEFROFBGZ1FmQlFVSWIzVjBMVzFsYm5VZkJBSUNaR1FDalFFUER4WUVId1VGQ0c5MWRDMXRaVzUxSHdRQ0FtUVdBZ0lCRHc4V0FoOENCUmRJdzVOQklNU1F4cUJPSU1TUVNlRzdoazRnVk9HN3JHUmtBbzhCRHc4V0JCOEZCUWh2ZFhRdGJXVnVkUjhFQWdKa0ZnSUNBUThQRmdJZkFnVVdUa2RJNGJ1SUlFVGh1cUJaSUVUaHVxQlpJRUxEbVdSa0FwRUJEdzhXQkI4RkJRaHZkWFF0YldWdWRSOEVBZ0prRmdJQ0FROFBGZ0lmQWdVWHhKREVnazVISUV2RG5TQk9SMGpodTRnZ1VFakRpVkJrWkFLVEFROFBGZ1FmQlFVSWIzVjBMVzFsYm5VZkJBSUNaQllDQWdFUER4WUNId0lGRXNTUXhJSk9SeUJMdzUwZ1EwOUpJRlJJU1dSa0FwVUJEdzhXQkI4RkJRaHZkWFF0YldWdWRSOEVBZ0prRmdJQ0FROFBGZ0lmQWdVU1dFVk5JRXpodTRwRFNDQkRUMGtnVkVoSlpHUUNsd0VQRHhZRUh3VUZDRzkxZEMxdFpXNTFId1FDQW1RV0FnSUJEdzhXQWg4Q0JSdExVU0JPUjBoSnc0cE9JRVBodTZoVklFdElUMEVnU09HN2pFTmtaQUtaQVE4UEZnUWZCUVVJYjNWMExXMWxiblVmQkFJQ1pCWUNBZ0VQRHhZQ0h3SUZIRmhGVFNERWtPRzdnQ0JVdzRCSklFNURTMGdnVkVoQlRTQkhTVUZrWkFLYkFROFBGZ1FmQlFVSWIzVjBMVzFsYm5VZkJBSUNaQllDQWdFUFpCWUNaZzhQRmdJZkFnVWt4SkRFZ2s1SElFdkRuU0JZU1U0Z1Iwbmh1cVJaSUVOSTRidW9Ua2NnVGtqaHVxeE9aR1FDblFFUER4WUVId1VGQ0c5MWRDMXRaVzUxSHdRQ0FtUVdBZ0lCRDJRV0FtWVBEeFlDSHdJRkdVUGh1cXhRSUU1STRicXNWQ0JPUjAvaHVxQkpJRlJTdzVwa1pBS2ZBUThQRmdRZkJRVUliM1YwTFcxbGJuVWZCQUlDWkJZQ0FnRVBEeFlDSHdJRkcwUGh1cXhRSUU1STRicXNWQ0JVU01hdjRidWNUa2NnVkZMRG1tUmtBcUVCRHc4V0JCOEZCUWh2ZFhRdGJXVnVkUjhFQWdKa0ZnSUNBUThQRmdJZkFnVVZRK0c2cUUwZ1RrRk9SeUJUU1U1SUlGWkp3NHBPWkdRQ293RVBEeFlFSHdVRkNHOTFkQzF0Wlc1MUh3UUNBbVFXQWdJQkR3OFdBaDhDQlI1WVJVMGdURlhodXF4T0lGYkVnazRnVk9HN2tGUWdUa2RJU2VHN2hsQmtaQUtsQVE4UEZnUWZCUVVJYjNWMExXMWxiblVmQkFJQ1pCWUNBZ0VQRHhZQ0h3SUZIbGhGVFNCTVZlRzZyRTRnVnNTQ1RpQkl4cS9odTVwT1J5QkU0YnFxVG1Sa0FxY0JEdzhXQkI4RkJRaHZkWFF0YldWdWRSOEVBZ0prRmdJQ0FROFBGZ0lmQWdVZFdFVk5JRXhWNGJxc1RpQld4SUpPSUZCSTRicWlUaUJDU2VHN2hrNWtaQUtwQVE4UEZnUWZCUVVJYjNWMExXMWxiblVmQkFJQ1pCWUNBZ0VQRHhZQ0h3SUZKRUxEZ1U4Z1Frbmh1NEpWSUZCSTRidWtReUJXNGJ1a0lFekRnMDVJSU1TUTRicWdUMlJrQXFzQkR3OFdCQjhGQlFodmRYUXRiV1Z1ZFI4RUFnSmtGZ0lDQVE4UEZnSWZBZ1VjVkVqaHU1Qk9SeUJMdzRvZ3hKRERrMDVISUVoUUlFOU9URWxPUldSa0FxMEJEdzhXQkI4RkJRaHZkWFF0YldWdWRSOEVBZ0prRmdJQ0FROFBGZ0lmQWdVWHhKREVnazVISUV2RG5TQkx3NTBnVk1PYVF5Qll3NEZrWkFLdkFROFBGZ1FmQlFVSWIzVjBMVzFsYm5VZkJBSUNaQllDQWdFUER4WUNId0lGR0ZSSVFVNUlJRlJQdzRGT0lFdkRuU0JVdzVwRElGakRnV1JrQXJFQkR3OFdCQjhGQlFodmRYUXRiV1Z1ZFI4RUFnSmtGZ0lDQVE4UEZnSWZBZ1VpUStHNnJGQWdUa2podXF4VUlFekRuU0JNNGJ1S1EwZ2dTMGhQUVNCSTRidU1RMlJrQXJNQkR3OFdCQjhGQlFodmRYUXRiV1Z1ZFI4RUFnSmtGZ0lDQVE4UEZnSWZBZ1VYUStHNnJGQWdUa2podXF4VUlGUXVWRWxPSUVKSVdWUmtaQUsxQVE4UEZnUWZCUVVJYjNWMExXMWxiblVmQkFJQ1pCWUNBZ0VQRHhZQ0h3SUZGbGhGVFNERWtFbmh1NEpOSU1TUXc0TWdST0c2b0Zsa1pBSzNBUThQRmdRZkJRVUliM1YwTFcxbGJuVWZCQUlDWkJZQ0FnRVBEeFlDSHdJRkdVbE9JRXZEaWlCTFNFRkpJRWRKNGJ1Y0lFZEo0YnFpVGtka1pBSzVBUThQRmdRZkJRVUliM1YwTFcxbGJuVWZCQUlDWkdRQ3V3RVBEeFlFSHdVRkNHOTFkQzF0Wlc1MUh3UUNBbVJrQXIwQkR3OFdCQjhGQlFodmRYUXRiV1Z1ZFI4RUFnSmtaQUsvQVE4UEZnUWZCUVVJYjNWMExXMWxiblVmQkFJQ1pHUUN3UUVQRHhZRUh3VUZDRzkxZEMxdFpXNTFId1FDQW1Sa0FnY1BaQllDQWdFUFpCWUNaZzlrRmdnQ0FROFFEeFlFSHdJRkQxUnZ3NkJ1SUhSeXhyRGh1NTF1Wng0SFEyaGxZMnRsWkdoa1pHUmtBZ01QRUE4V0JCOENCUmxEdzZFZ2JtakRvbTRnYm1mR3NPRzduV2tnWk1PNWJtYzZId2RuWkdSa1pBSUZEdzhXQkI4Q0JSdE9hT0c2clhBZ2JjT2pJSFBodTVFZ1krRzZwMjRnZUdWdE9pQWVCMFZ1WVdKc1pXUm5aR1FDQnc4UEZnSWZDR2RrWkFJSkQyUVdDQUlCRHc4V0FoOENCWGxEYjNCNWNtbG5hSFFnd3FreU1EQTVJRlJ5eHJEaHU1MXVaeURFa0VnZ1U4T2dhU0JIdzdKdUxjU1E0YnFoYVNCbzRidU5ZeUJqYU1PdGJtZ2djWFY1TGlCUmRlRzZvMjRnYk1POUlHTGh1NTlwSU9HN3Bua2dZbUZ1SUc1b3c2SnVJR1REb200Z1ZGQXVJRWpodTVNZ1EyakRyU0JOYVc1b1pHUUNBdzhQRmdJZkFnVUxWSEpoYm1jZ1Eyamh1NmRrWkFJRkR3OFdBaDhDQlMxVWFHbmh1cjkwSUd2aHVyOGdZdUc3bjJrZ1kzUjVJRkJvNGJxbmJpQnQ0YnVCYlNCQmJtZ2dVWFhEb201a1pBSUhEdzhXQWg4Q0JRekVrT0c2cDNVZ1ZISmhibWRrWkJnQkJSNWZYME52Ym5SeWIyeHpVbVZ4ZFdseVpWQnZjM1JDWVdOclMyVjVYMThXQXdVdlkzUnNNREFrUTI5dWRHVnVkRkJzWVdObFNHOXNaR1Z5TVNSamRHd3dNQ1J5WVdScGIxUnZZVzVVY25WdmJtY0ZMMk4wYkRBd0pFTnZiblJsYm5SUWJHRmpaVWh2YkdSbGNqRWtZM1JzTURBa2NtRmthVzlVYjJGdVZISjFiMjVuQlNsamRHd3dNQ1JEYjI1MFpXNTBVR3hoWTJWSWIyeGtaWEl4SkdOMGJEQXdKSEpoWkdsdlRXRlRWamxuQWJEZzNEQm5kSm9mZW9sT0x6c001UDQxIiBDb3JyZWxhdGlvbkJpbmRpbmc9IiIgVXJsRW5jb2RlPSJUcnVlIiAvPg0KICAgICAgICA8Rm9ybVBvc3RQYXJhbWV0ZXIgTmFtZT0iX19WSUVXU1RBVEVHRU5FUkFUT1IiIFZhbHVlPSJ7eyRISURERU4xLl9fVklFV1NUQVRFR0VORVJBVE9SfX0iIFJlY29yZGVkVmFsdWU9IkNBMEIwMzM0IiBDb3JyZWxhdGlvbkJpbmRpbmc9IiIgVXJsRW5jb2RlPSJUcnVlIiAvPg0KICAgICAgICA8Rm9ybVBvc3RQYXJhbWV0ZXIgTmFtZT0iY3RsMDAkQ29udGVudFBsYWNlSG9sZGVyMSRjdGwwMCRyYWRpbyIgVmFsdWU9InJhZGlvTWFTViIgUmVjb3JkZWRWYWx1ZT0icmFkaW9NYVNWIiBDb3JyZWxhdGlvbkJpbmRpbmc9Int7Rm9ybVBvc3RQYXJhbTE4LmN0bDAwJENvbnRlbnRQbGFjZUhvbGRlcjEkY3RsMDAkcmFkaW99fSIgVXJsRW5jb2RlPSJUcnVlIiAvPg0KICAgICAgICA8Rm9ybVBvc3RQYXJhbWV0ZXIgTmFtZT0iY3RsMDAkQ29udGVudFBsYWNlSG9sZGVyMSRjdGwwMCR0eHRNYVNWIiBWYWx1ZT0iMzExOTQxMTA0MiIgUmVjb3JkZWRWYWx1ZT0iMzExOTQxMTA0MiIgQ29ycmVsYXRpb25CaW5kaW5nPSIiIFVybEVuY29kZT0iVHJ1ZSIgLz4NCiAgICAgICAgPEZvcm1Qb3N0UGFyYW1ldGVyIE5hbWU9ImN0bDAwJENvbnRlbnRQbGFjZUhvbGRlcjEkY3RsMDAkYnRuT0siIFZhbHVlPSJPSyIgUmVjb3JkZWRWYWx1ZT0iT0siIENvcnJlbGF0aW9uQmluZGluZz0ie3tGb3JtUG9zdFBhcmFtMTkuY3RsMDAkQ29udGVudFBsYWNlSG9sZGVyMSRjdGwwMCRidG5PS319IiBVcmxFbmNvZGU9IlRydWUiIC8+DQogICAgICA8L0Zvcm1Qb3N0SHR0cEJvZHk+DQogICAgPC9SZXF1ZXN0Pg0KICAgIDxSZXF1ZXN0IE1ldGhvZD0iR0VUIiBHdWlkPSI5YzNkZTBiZi03YmUwLTQyNGYtYjQ2NC1kZTM1NTZmNDkxYTEiIFZlcnNpb249IjEuMSIgVXJsPSJodHRwOi8vdGhvbmd0aW5kYW90YW8uc2d1LmVkdS52bi9EZWZhdWx0LmFzcHgiIFRoaW5rVGltZT0iNCIgVGltZW91dD0iMzAwIiBQYXJzZURlcGVuZGVudFJlcXVlc3RzPSJUcnVlIiBGb2xsb3dSZWRpcmVjdHM9IlRydWUiIFJlY29yZFJlc3VsdD0iVHJ1ZSIgQ2FjaGU9IkZhbHNlIiBSZXNwb25zZVRpbWVHb2FsPSIwIiBFbmNvZGluZz0idXRmLTgiIEV4cGVjdGVkSHR0cFN0YXR1c0NvZGU9IjAiIEV4cGVjdGVkUmVzcG9uc2VVcmw9Imh0dHA6Ly90aG9uZ3RpbmRhb3Rhby5zZ3UuZWR1LnZuL2RlZmF1bHQuYXNweD9wYWdlPW5oYXBtYXN2JmFtcDtmbGFnPVhlbUhvY1BoaSIgUmVwb3J0aW5nTmFtZT0iIiBJZ25vcmVIdHRwU3RhdHVzQ29kZT0iRmFsc2UiPg0KICAgICAgPEhlYWRlcnM+DQogICAgICAgIDxIZWFkZXIgTmFtZT0iUmVmZXJlciIgVmFsdWU9Imh0dHA6Ly90aG9uZ3RpbmRhb3Rhby5zZ3UuZWR1LnZuL0RlZmF1bHQuYXNweD9wYWdlPXhlbWxpY2h0aGkmYW1wO2lkPTMxMTk0MTEwNDIiIC8+DQogICAgICA8L0hlYWRlcnM+DQogICAgICA8RXh0cmFjdGlvblJ1bGVzPg0KICAgICAgICA8RXh0cmFjdGlvblJ1bGUgQ2xhc3NuYW1lPSJNaWNyb3NvZnQuVmlzdWFsU3R1ZGlvLlRlc3RUb29scy5XZWJUZXN0aW5nLlJ1bGVzLkV4dHJhY3RIaWRkZW5GaWVsZHMsIE1pY3Jvc29mdC5WaXN1YWxTdHVkaW8uUXVhbGl0eVRvb2xzLldlYlRlc3RGcmFtZXdvcmssIFZlcnNpb249MTAuMC4wLjAsIEN1bHR1cmU9bmV1dHJhbCwgUHVibGljS2V5VG9rZW49YjAzZjVmN2YxMWQ1MGEzYSIgVmFyaWFibGVOYW1lPSIxIiBEaXNwbGF5TmFtZT0iRXh0cmFjdCBIaWRkZW4gRmllbGRzIiBEZXNjcmlwdGlvbj0iRXh0cmFjdCBhbGwgaGlkZGVuIGZpZWxkcyBmcm9tIHRoZSByZXNwb25zZSBhbmQgcGxhY2UgdGhlbSBpbnRvIHRoZSB0ZXN0IGNvbnRleHQuIj4NCiAgICAgICAgICA8UnVsZVBhcmFtZXRlcnM+DQogICAgICAgICAgICA8UnVsZVBhcmFtZXRlciBOYW1lPSJSZXF1aXJlZCIgVmFsdWU9IlRydWUiIC8+DQogICAgICAgICAgICA8UnVsZVBhcmFtZXRlciBOYW1lPSJIdG1sRGVjb2RlIiBWYWx1ZT0iVHJ1ZSIgLz4NCiAgICAgICAgICA8L1J1bGVQYXJhbWV0ZXJzPg0KICAgICAgICA8L0V4dHJhY3Rpb25SdWxlPg0KICAgICAgPC9FeHRyYWN0aW9uUnVsZXM+DQogICAgICA8Q29ycmVsYXRpb25FeHRyYWN0aW9uUnVsZXM+DQogICAgICAgIDxFeHRyYWN0aW9uUnVsZSBDbGFzc25hbWU9Ik1pY3Jvc29mdC5WaXN1YWxTdHVkaW8uVGVzdFRvb2xzLldlYlRlc3RpbmcuUnVsZXMuRXh0cmFjdFRleHQsIE1pY3Jvc29mdC5WaXN1YWxTdHVkaW8uUXVhbGl0eVRvb2xzLldlYlRlc3RGcmFtZXdvcmssIFZlcnNpb249MTAuMC4wLjAsIEN1bHR1cmU9bmV1dHJhbCwgUHVibGljS2V5VG9rZW49YjAzZjVmN2YxMWQ1MGEzYSIgVmFyaWFibGVOYW1lPSJRdWVyeVN0cmluZ1BhcmFtMy5wYWdlIiBEaXNwbGF5TmFtZT0iIiBEZXNjcmlwdGlvbj0iIj4NCiAgICAgICAgICA8UnVsZVBhcmFtZXRlcnM+DQogICAgICAgICAgICA8UnVsZVBhcmFtZXRlciBOYW1lPSJTdGFydHNXaXRoIiBWYWx1ZT0iP3BhZ2U9IiAvPg0KICAgICAgICAgICAgPFJ1bGVQYXJhbWV0ZXIgTmFtZT0iRW5kc1dpdGgiIFZhbHVlPSImYW1wOyIgLz4NCiAgICAgICAgICAgIDxSdWxlUGFyYW1ldGVyIE5hbWU9IkluZGV4IiBWYWx1ZT0iMCIgLz4NCiAgICAgICAgICAgIDxSdWxlUGFyYW1ldGVyIE5hbWU9Iklnbm9yZUNhc2UiIFZhbHVlPSJGYWxzZSIgLz4NCiAgICAgICAgICAgIDxSdWxlUGFyYW1ldGVyIE5hbWU9IlVzZVJlZ3VsYXJFeHByZXNzaW9uIiBWYWx1ZT0iRmFsc2UiIC8+DQogICAgICAgICAgICA8UnVsZVBhcmFtZXRlciBOYW1lPSJIdG1sRGVjb2RlIiBWYWx1ZT0iVHJ1ZSIgLz4NCiAgICAgICAgICAgIDxSdWxlUGFyYW1ldGVyIE5hbWU9IlJlcXVpcmVkIiBWYWx1ZT0iRmFsc2UiIC8+DQogICAgICAgICAgPC9SdWxlUGFyYW1ldGVycz4NCiAgICAgICAgPC9FeHRyYWN0aW9uUnVsZT4NCiAgICAgICAgPEV4dHJhY3Rpb25SdWxlIENsYXNzbmFtZT0iTWljcm9zb2Z0LlZpc3VhbFN0dWRpby5UZXN0VG9vbHMuV2ViVGVzdGluZy5SdWxlcy5FeHRyYWN0VGV4dCwgTWljcm9zb2Z0LlZpc3VhbFN0dWRpby5RdWFsaXR5VG9vbHMuV2ViVGVzdEZyYW1ld29yaywgVmVyc2lvbj0xMC4wLjAuMCwgQ3VsdHVyZT1uZXV0cmFsLCBQdWJsaWNLZXlUb2tlbj1iMDNmNWY3ZjExZDUwYTNhIiBWYXJpYWJsZU5hbWU9IlF1ZXJ5U3RyaW5nUGFyYW00LmZsYWciIERpc3BsYXlOYW1lPSIiIERlc2NyaXB0aW9uPSIiPg0KICAgICAgICAgIDxSdWxlUGFyYW1ldGVycz4NCiAgICAgICAgICAgIDxSdWxlUGFyYW1ldGVyIE5hbWU9IlN0YXJ0c1dpdGgiIFZhbHVlPSImYW1wO2FtcDtmbGFnPSIgLz4NCiAgICAgICAgICAgIDxSdWxlUGFyYW1ldGVyIE5hbWU9IkVuZHNXaXRoIiBWYWx1ZT0iJnF1b3Q7IiAvPg0KICAgICAgICAgICAgPFJ1bGVQYXJhbWV0ZXIgTmFtZT0iSW5kZXgiIFZhbHVlPSIwIiAvPg0KICAgICAgICAgICAgPFJ1bGVQYXJhbWV0ZXIgTmFtZT0iSWdub3JlQ2FzZSIgVmFsdWU9IkZhbHNlIiAvPg0KICAgICAgICAgICAgPFJ1bGVQYXJhbWV0ZXIgTmFtZT0iVXNlUmVndWxhckV4cHJlc3Npb24iIFZhbHVlPSJGYWxzZSIgLz4NCiAgICAgICAgICAgIDxSdWxlUGFyYW1ldGVyIE5hbWU9Ikh0bWxEZWNvZGUiIFZhbHVlPSJUcnVlIiAvPg0KICAgICAgICAgICAgPFJ1bGVQYXJhbWV0ZXIgTmFtZT0iUmVxdWlyZWQiIFZhbHVlPSJGYWxzZSIgLz4NCiAgICAgICAgICA8L1J1bGVQYXJhbWV0ZXJzPg0KICAgICAgICA8L0V4dHJhY3Rpb25SdWxlPg0KICAgICAgICA8RXh0cmFjdGlvblJ1bGUgQ2xhc3NuYW1lPSJNaWNyb3NvZnQuVmlzdWFsU3R1ZGlvLlRlc3RUb29scy5XZWJUZXN0aW5nLlJ1bGVzLkV4dHJhY3RGb3JtRmllbGQsIE1pY3Jvc29mdC5WaXN1YWxTdHVkaW8uUXVhbGl0eVRvb2xzLldlYlRlc3RGcmFtZXdvcmssIFZlcnNpb249MTAuMC4wLjAsIEN1bHR1cmU9bmV1dHJhbCwgUHVibGljS2V5VG9rZW49YjAzZjVmN2YxMWQ1MGEzYSIgVmFyaWFibGVOYW1lPSJGb3JtUG9zdFBhcmFtMi5jdGwwMCRDb250ZW50UGxhY2VIb2xkZXIxJGN0bDAwJGJ0bk9LIiBEaXNwbGF5TmFtZT0iIiBEZXNjcmlwdGlvbj0iIj4NCiAgICAgICAgICA8UnVsZVBhcmFtZXRlcnM+DQogICAgICAgICAgICA8UnVsZVBhcmFtZXRlciBOYW1lPSJOYW1lIiBWYWx1ZT0iY3RsMDBfQ29udGVudFBsYWNlSG9sZGVyMV9jdGwwMF9idG5PSyIgLz4NCiAgICAgICAgICAgIDxSdWxlUGFyYW1ldGVyIE5hbWU9Ikh0bWxEZWNvZGUiIFZhbHVlPSJUcnVlIiAvPg0KICAgICAgICAgICAgPFJ1bGVQYXJhbWV0ZXIgTmFtZT0iUmVxdWlyZWQiIFZhbHVlPSJGYWxzZSIgLz4NCiAgICAgICAgICAgIDxSdWxlUGFyYW1ldGVyIE5hbWU9IkluZGV4IiBWYWx1ZT0iMCIgLz4NCiAgICAgICAgICA8L1J1bGVQYXJhbWV0ZXJzPg0KICAgICAgICA8L0V4dHJhY3Rpb25SdWxlPg0KICAgICAgICA8RXh0cmFjdGlvblJ1bGUgQ2xhc3NuYW1lPSJNaWNyb3NvZnQuVmlzdWFsU3R1ZGlvLlRlc3RUb29scy5XZWJUZXN0aW5nLlJ1bGVzLkV4dHJhY3RUZXh0LCBNaWNyb3NvZnQuVmlzdWFsU3R1ZGlvLlF1YWxpdHlUb29scy5XZWJUZXN0RnJhbWV3b3JrLCBWZXJzaW9uPTEwLjAuMC4wLCBDdWx0dXJlPW5ldXRyYWwsIFB1YmxpY0tleVRva2VuPWIwM2Y1ZjdmMTFkNTBhM2EiIFZhcmlhYmxlTmFtZT0iUXVlcnlTdHJpbmdQYXJhbTMyLnBhZ2UiIERpc3BsYXlOYW1lPSIiIERlc2NyaXB0aW9uPSIiPg0KICAgICAgICAgIDxSdWxlUGFyYW1ldGVycz4NCiAgICAgICAgICAgIDxSdWxlUGFyYW1ldGVyIE5hbWU9IlN0YXJ0c1dpdGgiIFZhbHVlPSI/cGFnZT0iIC8+DQogICAgICAgICAgICA8UnVsZVBhcmFtZXRlciBOYW1lPSJFbmRzV2l0aCIgVmFsdWU9IiZhbXA7IiAvPg0KICAgICAgICAgICAgPFJ1bGVQYXJhbWV0ZXIgTmFtZT0iSW5kZXgiIFZhbHVlPSIwIiAvPg0KICAgICAgICAgICAgPFJ1bGVQYXJhbWV0ZXIgTmFtZT0iSWdub3JlQ2FzZSIgVmFsdWU9IkZhbHNlIiAvPg0KICAgICAgICAgICAgPFJ1bGVQYXJhbWV0ZXIgTmFtZT0iVXNlUmVndWxhckV4cHJlc3Npb24iIFZhbHVlPSJGYWxzZSIgLz4NCiAgICAgICAgICAgIDxSdWxlUGFyYW1ldGVyIE5hbWU9Ikh0bWxEZWNvZGUiIFZhbHVlPSJUcnVlIiAvPg0KICAgICAgICAgICAgPFJ1bGVQYXJhbWV0ZXIgTmFtZT0iUmVxdWlyZWQiIFZhbHVlPSJGYWxzZSIgLz4NCiAgICAgICAgICA8L1J1bGVQYXJhbWV0ZXJzPg0KICAgICAgICA8L0V4dHJhY3Rpb25SdWxlPg0KICAgICAgICA8RXh0cmFjdGlvblJ1bGUgQ2xhc3NuYW1lPSJNaWNyb3NvZnQuVmlzdWFsU3R1ZGlvLlRlc3RUb29scy5XZWJUZXN0aW5nLlJ1bGVzLkV4dHJhY3RUZXh0LCBNaWNyb3NvZnQuVmlzdWFsU3R1ZGlvLlF1YWxpdHlUb29scy5XZWJUZXN0RnJhbWV3b3JrLCBWZXJzaW9uPTEwLjAuMC4wLCBDdWx0dXJlPW5ldXRyYWwsIFB1YmxpY0tleVRva2VuPWIwM2Y1ZjdmMTFkNTBhM2EiIFZhcmlhYmxlTmFtZT0iUXVlcnlTdHJpbmdQYXJhbTMzLmZsYWciIERpc3BsYXlOYW1lPSIiIERlc2NyaXB0aW9uPSIiPg0KICAgICAgICAgIDxSdWxlUGFyYW1ldGVycz4NCiAgICAgICAgICAgIDxSdWxlUGFyYW1ldGVyIE5hbWU9IlN0YXJ0c1dpdGgiIFZhbHVlPSImYW1wO2FtcDtmbGFnPSIgLz4NCiAgICAgICAgICAgIDxSdWxlUGFyYW1ldGVyIE5hbWU9IkVuZHNXaXRoIiBWYWx1ZT0iJnF1b3Q7IiAvPg0KICAgICAgICAgICAgPFJ1bGVQYXJhbWV0ZXIgTmFtZT0iSW5kZXgiIFZhbHVlPSIwIiAvPg0KICAgICAgICAgICAgPFJ1bGVQYXJhbWV0ZXIgTmFtZT0iSWdub3JlQ2FzZSIgVmFsdWU9IkZhbHNlIiAvPg0KICAgICAgICAgICAgPFJ1bGVQYXJhbWV0ZXIgTmFtZT0iVXNlUmVndWxhckV4cHJlc3Npb24iIFZhbHVlPSJGYWxzZSIgLz4NCiAgICAgICAgICAgIDxSdWxlUGFyYW1ldGVyIE5hbWU9Ikh0bWxEZWNvZGUiIFZhbHVlPSJUcnVlIiAvPg0KICAgICAgICAgICAgPFJ1bGVQYXJhbWV0ZXIgTmFtZT0iUmVxdWlyZWQiIFZhbHVlPSJGYWxzZSIgLz4NCiAgICAgICAgICA8L1J1bGVQYXJhbWV0ZXJzPg0KICAgICAgICA8L0V4dHJhY3Rpb25SdWxlPg0KICAgICAgICA8RXh0cmFjdGlvblJ1bGUgQ2xhc3NuYW1lPSJNaWNyb3NvZnQuVmlzdWFsU3R1ZGlvLlRlc3RUb29scy5XZWJUZXN0aW5nLlJ1bGVzLkV4dHJhY3RGb3JtRmllbGQsIE1pY3Jvc29mdC5WaXN1YWxTdHVkaW8uUXVhbGl0eVRvb2xzLldlYlRlc3RGcmFtZXdvcmssIFZlcnNpb249MTAuMC4wLjAsIEN1bHR1cmU9bmV1dHJhbCwgUHVibGljS2V5VG9rZW49YjAzZjVmN2YxMWQ1MGEzYSIgVmFyaWFibGVOYW1lPSJGb3JtUG9zdFBhcmFtMjAuY3RsMDAkQ29udGVudFBsYWNlSG9sZGVyMSRjdGwwMCRidG5PSyIgRGlzcGxheU5hbWU9IiIgRGVzY3JpcHRpb249IiI+DQogICAgICAgICAgPFJ1bGVQYXJhbWV0ZXJzPg0KICAgICAgICAgICAgPFJ1bGVQYXJhbWV0ZXIgTmFtZT0iTmFtZSIgVmFsdWU9ImN0bDAwX0NvbnRlbnRQbGFjZUhvbGRlcjFfY3RsMDBfYnRuT0siIC8+DQogICAgICAgICAgICA8UnVsZVBhcmFtZXRlciBOYW1lPSJIdG1sRGVjb2RlIiBWYWx1ZT0iVHJ1ZSIgLz4NCiAgICAgICAgICAgIDxSdWxlUGFyYW1ldGVyIE5hbWU9IlJlcXVpcmVkIiBWYWx1ZT0iRmFsc2UiIC8+DQogICAgICAgICAgICA8UnVsZVBhcmFtZXRlciBOYW1lPSJJbmRleCIgVmFsdWU9IjAiIC8+DQogICAgICAgICAgPC9SdWxlUGFyYW1ldGVycz4NCiAgICAgICAgPC9FeHRyYWN0aW9uUnVsZT4NCiAgICAgIDwvQ29ycmVsYXRpb25FeHRyYWN0aW9uUnVsZXM+DQogICAgICA8UXVlcnlTdHJpbmdQYXJhbWV0ZXJzPg0KICAgICAgICA8UXVlcnlTdHJpbmdQYXJhbWV0ZXIgTmFtZT0icGFnZSIgVmFsdWU9InhlbWhvY3BoaSIgUmVjb3JkZWRWYWx1ZT0ieGVtaG9jcGhpIiBDb3JyZWxhdGlvbkJpbmRpbmc9Int7UXVlcnlTdHJpbmdQYXJhbTMxLnBhZ2V9fSIgVXJsRW5jb2RlPSJGYWxzZSIgVXNlVG9Hcm91cFJlc3VsdHM9IkZhbHNlIiAvPg0KICAgICAgPC9RdWVyeVN0cmluZ1BhcmFtZXRlcnM+DQogICAgPC9SZXF1ZXN0Pg0KICAgIDxSZXF1ZXN0IE1ldGhvZD0iR0VUIiBHdWlkPSIwMWRjMTA3MC00ODNiLTQwYWMtYjJiZC0zYTEzNzQ5OTNkNTkiIFZlcnNpb249IjEuMSIgVXJsPSJodHRwOi8vdGhvbmd0aW5kYW90YW8uc2d1LmVkdS52bi9kZWZhdWx0LmFzcHgiIFRoaW5rVGltZT0iMCIgVGltZW91dD0iMzAwIiBQYXJzZURlcGVuZGVudFJlcXVlc3RzPSJUcnVlIiBGb2xsb3dSZWRpcmVjdHM9IlRydWUiIFJlY29yZFJlc3VsdD0iVHJ1ZSIgQ2FjaGU9IkZhbHNlIiBSZXNwb25zZVRpbWVHb2FsPSIwIiBFbmNvZGluZz0idXRmLTgiIEV4cGVjdGVkSHR0cFN0YXR1c0NvZGU9IjAiIEV4cGVjdGVkUmVzcG9uc2VVcmw9Imh0dHA6Ly90aG9uZ3RpbmRhb3Rhby5zZ3UuZWR1LnZuL0RlZmF1bHQuYXNweD9wYWdlPXhlbWhvY3BoaSZhbXA7aWQ9MzExOTQxMTA0MiIgUmVwb3J0aW5nTmFtZT0iIiBJZ25vcmVIdHRwU3RhdHVzQ29kZT0iRmFsc2UiPg0KICAgICAgPFF1ZXJ5U3RyaW5nUGFyYW1ldGVycz4NCiAgICAgICAgPFF1ZXJ5U3RyaW5nUGFyYW1ldGVyIE5hbWU9InBhZ2UiIFZhbHVlPSJuaGFwbWFzdiIgUmVjb3JkZWRWYWx1ZT0ibmhhcG1hc3YiIENvcnJlbGF0aW9uQmluZGluZz0ie3tRdWVyeVN0cmluZ1BhcmFtMy5wYWdlfX0iIFVybEVuY29kZT0iRmFsc2UiIFVzZVRvR3JvdXBSZXN1bHRzPSJGYWxzZSIgLz4NCiAgICAgICAgPFF1ZXJ5U3RyaW5nUGFyYW1ldGVyIE5hbWU9ImZsYWciIFZhbHVlPSJYZW1Ib2NQaGkiIFJlY29yZGVkVmFsdWU9IlhlbUhvY1BoaSIgQ29ycmVsYXRpb25CaW5kaW5nPSJ7e1F1ZXJ5U3RyaW5nUGFyYW00LmZsYWd9fSIgVXJsRW5jb2RlPSJGYWxzZSIgVXNlVG9Hcm91cFJlc3VsdHM9IkZhbHNlIiAvPg0KICAgICAgPC9RdWVyeVN0cmluZ1BhcmFtZXRlcnM+DQogICAgICA8Rm9ybVBvc3RIdHRwQm9keT4NCiAgICAgICAgPEZvcm1Qb3N0UGFyYW1ldGVyIE5hbWU9Il9fRVZFTlRUQVJHRVQiIFZhbHVlPSJ7eyRISURERU4xLl9fRVZFTlRUQVJHRVR9fSIgUmVjb3JkZWRWYWx1ZT0iIiBDb3JyZWxhdGlvbkJpbmRpbmc9IiIgVXJsRW5jb2RlPSJUcnVlIiAvPg0KICAgICAgICA8Rm9ybVBvc3RQYXJhbWV0ZXIgTmFtZT0iX19FVkVOVEFSR1VNRU5UIiBWYWx1ZT0ie3skSElEREVOMS5fX0VWRU5UQVJHVU1FTlR9fSIgUmVjb3JkZWRWYWx1ZT0iIiBDb3JyZWxhdGlvbkJpbmRpbmc9IiIgVXJsRW5jb2RlPSJUcnVlIiAvPg0KICAgICAgICA8Rm9ybVBvc3RQYXJhbWV0ZXIgTmFtZT0iX19WSUVXU1RBVEUiIFZhbHVlPSJ7eyRISURERU4xLl9fVklFV1NUQVRFfX0iIFJlY29yZGVkVmFsdWU9Ii93RVBEd1VLTFRNeE5qYzNOVE0zTlE5a0ZnSm1EMlFXQkdZUFpCWUVBZ0VQRmdJZUIyTnZiblJsYm5Sa1pBSUNEeFlDSGdSb2NtVm1CU2t1TDAxbGMzTmhaMlZHYVd4bEwyWmhkbWxqYjI0dFpHRnBMV2h2WXkxellXa3RaMjl1TG1wd1oyUUNBUTlrRmdnQ0F3OWtGZ0ptRDJRV0FnSUJEMlFXREdZUER4WUNIZ1JVWlhoMEJReERhTU9nYnlCaTRicWhiaUJrWkFJQkR3OFdCQjRKUm05eVpVTnZiRzl5Q1FBei8vOGVCRjhoVTBJQ0JHUmtBZ0lQRHhZRUh3TUpBRFAvL3g4RUFnUmtaQUlERHc4V0JoOENCUmhVYUdGNUlNU1I0YnVWYVNCdDRicXRkQ0JyYU9HNnFYVWZBd2tBTS8vL0h3UUNCR1JrQWdRUER4WUVId01KQURQLy94OEVBZ1JrWkFJRkR3OFdCaDhDQlEzRWtNU0RibWNnVG1qaHVxMXdId01KQURQLy94OEVBZ1JrWkFJRkQyUVd3Z0VDQVE4UEZnUWVDRU56YzBOc1lYTnpCUWh2ZFhRdGJXVnVkUjhFQWdKa0ZnSm1EdzhXQWg4Q0JRdFVVa0ZPUnlCRFNPRzdwbVJrQWdNUER4WUVId1VGQ0c5MWRDMXRaVzUxSHdRQ0FtUVdBZ0lCRHc4V0FoOENCUmRFUVU1SUlFM2h1NlJESUVOSTRidW9ReUJPeElKT1IyUmtBZ1VQRHhZRUh3VUZDRzkxZEMxdFpXNTFId1FDQW1RV0FnSUJEdzhXQWg4Q0JSdEVUU0JEU09HN3FFTWdUc1NDVGtjZ3hKRERnVTVJSUVkSnc0RmtaQUlIRHc4V0JCOEZCUWh2ZFhRdGJXVnVkUjhFQWdKa0ZnSUNBUThQRmdJZkFnVWpVVlhodXFKT0lFekRuU0RFa01PQlRrZ2dSMG5EZ1NCU3c0aE9JRXhWV2VHN2hrNWtaQUlKRHc4V0JoOEZCUWh2ZFhRdGJXVnVkUjhFQWdJZUIxWnBjMmxpYkdWb1pCWUNBZ0VQRHhZQ0h3SUZGY1NReElKT1J5Qkx3NTBnVGNPVVRpQkk0YnVNUTJSa0Fnc1BEeFlFSHdVRkNHOTFkQzF0Wlc1MUh3UUNBbVJrQWcwUER4WUVId1VGQ0c5MWRDMXRaVzUxSHdRQ0FtUVdBZ0lCRHc4V0FoOENCUWRZUlUwZ1ZFdENaR1FDRHc4UEZnUWZCUVVJYjNWMExXMWxiblVmQkFJQ1pCWUNBZ0VQRHhZQ0h3SUZFRmhGVFNERWtFbmh1NEpOSUVSQlRraGtaQUlSRHc4V0JCOEZCUWh2ZFhRdGJXVnVkUjhFQWdKa0ZnSm1EdzhXQWg4Q0JRNVlSVTBnVE9HN2lrTklJRlJJU1dSa0FoTVBEeFlHSHdVRkNHOTFkQzF0Wlc1MUh3UUNBaDhHYUdRV0FnSUJEdzhXQWg4Q0JSUllSVTBnVE9HN2lrTklJRlJJU1NCTTRicWdTV1JrQWhVUER4WUdId1VGQ0c5MWRDMXRaVzUxSHdRQ0FoOEdhR1FXQWdJQkR3OFdBaDhDQlJGWVJVMGdUT0c3aWtOSUlGUklTU0JIUzJSa0FoY1BEeFlHSHdVRkNHOTFkQzF0Wlc1MUh3UUNBaDhHYUdRV0FnSUJEdzhXQWg4Q0JTRkhTRWtnVk1PVFRTQlU0YnF1VkNCTnc1Uk9JRWRKNGJxaVRrY2dST0c2b0Zsa1pBSVpEdzhXQkI4RkJRaHZkWFF0YldWdWRSOEVBZ0prWkFJYkR3OFdCQjhGQlFodmRYUXRiV1Z1ZFI4RUFnSmtGZ0lDQVE4UEZnSWZBZ1VPV0VWTklFamh1NHhESUZCSXc0MWtaQUlkRHc4V0JCOEZCUWh2ZFhRdGJXVnVkUjhFQWdKa1pBSWZEdzhXQkI4RkJRaHZkWFF0YldWdWRSOEVBZ0prRmdJQ0FROFBGZ0lmQWdVTFdFVk5JTVNRU2VHN2drMWtaQUloRHc4V0JoOEZCUWh2ZFhRdGJXVnVkUjhFQWdJZkJtaGtGZ0lDQVE4UEZnSWZBZ1VUeEpCSjRidUNUU0JMNGJ1eUlGYmh1NHhPUjJSa0FpTVBEeFlFSHdVRkNHOTFkQzF0Wlc1MUh3UUNBbVFXQWdJQkR3OFdBaDhDQlJoTDRicStWQ0JSVmVHNm9pREVrRW5odTRKTklFUkJUa2hrWkFJbER3OFdCQjhGQlFodmRYUXRiV1Z1ZFI4RUFnSmtGZ0lDQVE4UEZnSWZBZ1VXUzFFZ3hKQko0YnVDVFNCRVFVNUlJRTlPVEVsT1JXUmtBaWNQRHhZRUh3VUZDRzkxZEMxdFpXNTFId1FDQW1RV0FnSUJEdzhXQWg4Q0JSdFlSVTBneEpCSjRidUNUU0JFUVU1SUlGTkpUa2dnVmtuRGlrNWtaQUlwRHc4V0JCOEZCUWh2ZFhRdGJXVnVkUjhFQWdKa0ZnSUNBUThQRmdJZkFnVWZSMG5odXFKT1J5QldTY09LVGlCVTRidXdJTVNRU2VHN2drMGdSRUZPU0dSa0Fpc1BEeFlFSHdVRkNHOTFkQzF0Wlc1MUh3UUNBbVFXQWdJQkR3OFdBaDhDQlFsWVJVMGdRMVRFa0ZSa1pBSXREdzhXQkI4RkJRaHZkWFF0YldWdWRSOEVBZ0prRmdJQ0FROFBGZ0lmQWdVTFdFVk5JRTNEbEU0Z1ZGRmtaQUl2RHc4V0JCOEZCUWh2ZFhRdGJXVnVkUjhFQWdKa0ZnSUNBUThQRmdJZkFnVWt4SkREZ1U1SUlFZEp3NEVnUytHNnZsUWdVVlhodXFJZ1VzT0lUaUJNVlZuaHU0Wk9aR1FDTVE4UEZnUWZCUVVJYjNWMExXMWxiblVmQkFJQ1pCWUNBZ0VQRHhZQ0h3SUZKc1NRdzRGT1NDQkhTY09CSUV0UklGTERpRTRnVEZWWjRidUdUaUJUU1U1SUlGWkp3NHBPWkdRQ013OFBGZ1lmQlFVSWIzVjBMVzFsYm5VZkJBSUNId1pvWkJZQ0FnRVBEeFlDSHdJRkVsUGh1NnhCSUZSVUlFUERnU0JPU01PQ1RtUmtBalVQRHhZR0h3VUZDRzkxZEMxdFpXNTFId1FDQWg4R1oyUVdBZ0lCRHc4V0FoOENCUTVIdzVOUUlNT2RJRXRKNGJxK1RtUmtBamNQRHhZR0h3VUZDRzkxZEMxdFpXNTFId1FDQWg4R2FHUVdBbVlQRHhZQ0h3SUZFRlBodTZ4QklFekRuU0JNNGJ1S1EwaGtaQUk1RHc4V0JCOEZCUWh2ZFhRdGJXVnVkUjhFQWdKa0ZnSUNBUThQRmdJZkFnVVZVVlhodXFKT0lFekRuU0JUU1U1SUlGWkp3NHBPWkdRQ093OFBGZ1FmQlFVSWIzVjBMVzFsYm5VZkJBSUNaQllDQWdFUER4WUNId0lGSWt2aHVyNVVJRkZWNGJxaUlGTkpUa2dnVmtuRGlrNGd4SkREZ1U1SUlFZEp3NEZrWkFJOUR3OFdCQjhGQlFodmRYUXRiV1Z1ZFI4RUFnSmtaQUkvRHc4V0JCOEZCUWh2ZFhRdGJXVnVkUjhFQWdKa0ZnSUNBUTlrRmdKbUR3OFdBaDhDQlJuRWtNT0JUa2dnUjBuRGdTQkhTZUc2b2s1SElFVGh1cUJaWkdRQ1FROFBGZ1FmQlFVSWIzVjBMVzFsYm5VZkJBSUNaQllDQWdFUER4WUNId0lGRk1TUXhJSk9SeUJMdzUwZ1ZFaEpJRXpodXFCSlpHUUNRdzhQRmdRZkJRVUliM1YwTFcxbGJuVWZCQUlDWkdRQ1JROFBGZ1FmQlFVSWIzVjBMVzFsYm5VZkJBSUNaQllDQWdFUER4WUNId0lGRXNTUVN5QkRTRlZadzRwT0lFNUh3NEJPU0dSa0FrY1BEeFlFSHdVRkNHOTFkQzF0Wlc1MUh3UUNBbVJrQWtrUER4WUVId1VGQ0c5MWRDMXRaVzUxSHdRQ0FtUVdBZ0lCRHc4V0FoOENCUlpMVVNCWXc0bFVJRlRodTVCVUlFNUhTRW5odTRaUVpHUUNTdzhQRmdRZkJRVUliM1YwTFcxbGJuVWZCQUlDWkJZQ0FnRVBEeFlDSHdJRkhVdFJJRmpEaVZRZ1ZFbmh1NEJPSUZUaHU1QlVJRTVIU0VuaHU0WlFaR1FDVFE4UEZnUWZCUVVJYjNWMExXMWxiblVmQkFJQ1pCWUNBZ0VQRHhZQ0h3SUZHa1BEZ2xVZ1NPRzdqa2tnVkVqR3IrRzduRTVISUVmaHVyWlFaR1FDVHc4UEZnUWZCUVVJYjNWMExXMWxiblVmQkFJQ1pCWUNBZ0VQRHhZQ0h3SUZFOFNRU3lCTFNNT1RRU0JNVmVHNnJFNGdWRTVrWkFKUkR3OFdCQjhGQlFodmRYUXRiV1Z1ZFI4RUFnSmtGZ0lDQVE4UEZnSWZBZ1VPVGtqaHVxeFFJTVNRU2VHN2drMWtaQUpURHc4V0JCOEZCUWh2ZFhRdGJXVnVkUjhFQWdKa1pBSlZEdzhXQkI4RkJRaHZkWFF0YldWdWRSOEVBZ0prWkFKWER3OFdCQjhGQlFodmRYUXRiV1Z1ZFI4RUFnSmtaQUpaRHc4V0JCOEZCUWh2ZFhRdGJXVnVkUjhFQWdKa0ZnSUNBUThQRmdJZkFnVWVXRVZOSU1TUVNlRzdnazBnVGNPVVRpQkhTZUc2b2s1SElFVGh1cUJaWkdRQ1d3OFBGZ1FmQlFVSWIzVjBMVzFsYm5VZkJBSUNaQllDQWdFUER4WUNId0lGSGxoRlRTREVrRW5odTRKTklGVGh1NVJPUnlCSTRidWlVQ0JNNGJ1YVVHUmtBbDBQRHhZRUh3VUZDRzkxZEMxdFpXNTFId1FDQW1RV0FnSUJEdzhXQWg4Q0JSVkpUaUJMU09HN2tFa2dUTWF2NGJ1aVRrY2dSMFJrWkFKZkR3OFdCQjhGQlFodmRYUXRiV1Z1ZFI4RUFnSmtGZ0lDQVE4UEZnSWZBZ1VPVlZCTVQwRkVJTVNRU2VHN2drMWtaQUpoRHc4V0JCOEZCUWh2ZFhRdGJXVnVkUjhFQWdKa0ZnSUNBUThQRmdJZkFnVU5WRXRDSUVMaHU1Z2dUY09VVG1Sa0FtTVBEeFlFSHdVRkNHOTFkQzF0Wlc1MUh3UUNBbVFXQWdJQkR3OFdBaDhDQlJSTTRidUtRMGdnVkVoSklFTGh1NWdnVGNPVVRtUmtBbVVQRHhZRUh3VUZDRzkxZEMxdFpXNTFId1FDQW1RV0FnSUJEdzhXQWg4Q0JTWlVTT0c3a0U1SElFdkRpaUJIU2VHNm9rNUhJRlpKdzRwT0lFUlZXZUc3aGxRZ1MxRkVTMlJrQW1jUER4WUVId1VGQ0c5MWRDMXRaVzUxSHdRQ0FtUVdBZ0lCRHc4V0FoOENCU0pZUlUwZ1ZPRzdsRTVISUVqaHU2SlFJRXRSSUVqaHU0eERJRlRodXF4UUlGTldaR1FDYVE4UEZnUWZCUVVJYjNWMExXMWxiblVmQkFJQ1pHUUNhdzhQRmdRZkJRVUliM1YwTFcxbGJuVWZCQUlDWkJZQ1pnOFBGZ0lmQWdVWVMrRzZ2aUJJVCtHNm9FTklJRWpodTR4RElGVGh1cXhRWkdRQ2JROFBGZ1FmQlFVSWIzVjBMVzFsYm5VZkJBSUNaR1FDYnc4UEZnUWZCUVVJYjNWMExXMWxiblVmQkFJQ1pCWUNBZ0VQRHhZQ0h3SUZGRWpHcitHN21rNUhJRVRodXFwT0lNU1FTMDFJWkdRQ2NROFBGZ1FmQlFVSWIzVjBMVzFsYm5VZkJBSUNaQllDQWdFUER4WUNId0lGSUU1STRicXNVQ0RFa09HN2lrRWdRMGpodTRnZ1Rramh1cXhPSUZQRGdVTklaR1FDY3c4UEZnUWZCUVVJYjNWMExXMWxiblVmQkFJQ1pCWUNBZ0VQRHhZQ0h3SUZKTVNReElKT1J5Qkx3NTBnVGtqaHVxeE9JRlBEZ1VOSUlFNUhUOE9BU1NCSFNlRzduR1JrQW5VUER4WUVId1VGQ0c5MWRDMXRaVzUxSHdRQ0FtUVdBZ0lCRHc4V0FoOENCUnZFa01PQlRrZ2dSMG5EZ1NCRFNPRzZwRlFnVE1hdjRidWlUa2RrWkFKM0R3OFdCQjhGQlFodmRYUXRiV1Z1ZFI4RUFnSmtGZ0lDQVE4UEZnSWZBZ1VmeEpBdVM4T2RJRVRodTdBZ1RPRzdoQ0JVNGJ1UVZDQk9SMGhKNGJ1R1VHUmtBbmtQRHhZRUh3VUZDRzkxZEMxdFpXNTFId1FDQW1RV0FnSUJEdzhXQWg4Q0JSTk80YnVZVUNCRFNPRzdxRTVISUVOSTRidUlaR1FDZXc4UEZnUWZCUVVJYjNWMExXMWxiblVmQkFJQ1pCWUNBZ0VQRHhZQ0h3SUZJVmhGVFNERWtPRzdnQ0JEeHEvR29FNUhJRlJTVDA1SElFTGh1NWdnVGNPVVRtUmtBbjBQRHhZRUh3VUZDRzkxZEMxdFpXNTFId1FDQW1RV0FnSUJEdzhXQWg4Q0JSbEVRVTVJSUZQRGdVTklJTVNRTGt2RG5TQll3NGxVSUZST1pHUUNmdzhQRmdRZkJRVUliM1YwTFcxbGJuVWZCQUlDWkJZQ0FnRVBEeFlDSHdJRkhrUkJUa2dnVThPQlEwZ2d4SkF1UzhPZElFVGh1N0FnVE9HN2hDQlVUbVJrQW9FQkR3OFdCQjhGQlFodmRYUXRiV1Z1ZFI4RUFnSmtGZ0lDQVE4UEZnSWZBZ1VXVkVqRGxFNUhJRlJKVGlCTVZlRzZyRTRnVnNTQ1RtUmtBb01CRHc4V0JCOEZCUWh2ZFhRdGJXVnVkUjhFQWdKa0ZnSUNBUThQRmdJZkFnVWpWRkpCSUVQaHU2aFZJRlJJdzVST1J5QlVTVTRnVk9HN2tGUWdUa2RJU2VHN2hsQmtaQUtGQVE4UEZnUWZCUVVJYjNWMExXMWxiblVmQkFJQ1pCWUNBZ0VQRHhZQ0h3SUZFRVBodTdCVklGTkpUa2dnVmtuRGlrNWtaQUtIQVE4UEZnUWZCUVVJYjNWMExXMWxiblVmQkFJQ1pCWUNBZ0VQRHhZQ0h3SUZGOFNReElKT1J5Qkx3NTBnV01PSlZDQlVWVm5odTRKT1pHUUNpUUVQRHhZRUh3VUZDRzkxZEMxdFpXNTFId1FDQW1RV0FnSUJEdzhXQWg4Q0JTQlVTTU9VVGtjZ1ZFbE9JRWpodTVJZ1U4YWdJRlJWV2VHN2drNGdVMGxPU0dSa0Fvc0JEdzhXQkI4RkJRaHZkWFF0YldWdWRSOEVBZ0prWkFLTkFROFBGZ1FmQlFVSWIzVjBMVzFsYm5VZkJBSUNaQllDQWdFUER4WUNId0lGRjBqRGswRWd4SkRHb0U0Z3hKQko0YnVHVGlCVTRidXNaR1FDandFUER4WUVId1VGQ0c5MWRDMXRaVzUxSHdRQ0FtUVdBZ0lCRHc4V0FoOENCUlpPUjBqaHU0Z2dST0c2b0ZrZ1JPRzZvRmtnUXNPWlpHUUNrUUVQRHhZRUh3VUZDRzkxZEMxdFpXNTFId1FDQW1RV0FnSUJEdzhXQWg4Q0JSZkVrTVNDVGtjZ1M4T2RJRTVIU09HN2lDQlFTTU9KVUdSa0FwTUJEdzhXQkI4RkJRaHZkWFF0YldWdWRSOEVBZ0prRmdJQ0FROFBGZ0lmQWdVU3hKREVnazVISUV2RG5TQkRUMGtnVkVoSlpHUUNsUUVQRHhZRUh3VUZDRzkxZEMxdFpXNTFId1FDQW1RV0FnSUJEdzhXQWg4Q0JSSllSVTBnVE9HN2lrTklJRU5QU1NCVVNFbGtaQUtYQVE4UEZnUWZCUVVJYjNWMExXMWxiblVmQkFJQ1pCWUNBZ0VQRHhZQ0h3SUZHMHRSSUU1SFNFbkRpazRnUStHN3FGVWdTMGhQUVNCSTRidU1RMlJrQXBrQkR3OFdCQjhGQlFodmRYUXRiV1Z1ZFI4RUFnSmtGZ0lDQVE4UEZnSWZBZ1VjV0VWTklNU1E0YnVBSUZURGdFa2dUa05MU0NCVVNFRk5JRWRKUVdSa0Fwc0JEdzhXQkI4RkJRaHZkWFF0YldWdWRSOEVBZ0prRmdJQ0FROWtGZ0ptRHc4V0FoOENCU1RFa01TQ1RrY2dTOE9kSUZoSlRpQkhTZUc2cEZrZ1Ewamh1NmhPUnlCT1NPRzZyRTVrWkFLZEFROFBGZ1FmQlFVSWIzVjBMVzFsYm5VZkJBSUNaQllDQWdFUFpCWUNaZzhQRmdJZkFnVVpRK0c2ckZBZ1Rramh1cXhVSUU1SFQrRzZvRWtnVkZMRG1tUmtBcDhCRHc4V0JCOEZCUWh2ZFhRdGJXVnVkUjhFQWdKa0ZnSUNBUThQRmdJZkFnVWJRK0c2ckZBZ1Rramh1cXhVSUZSSXhxL2h1NXhPUnlCVVVzT2FaR1FDb1FFUER4WUVId1VGQ0c5MWRDMXRaVzUxSHdRQ0FtUVdBZ0lCRHc4V0FoOENCUlZENGJxb1RTQk9RVTVISUZOSlRrZ2dWa25EaWs1a1pBS2pBUThQRmdRZkJRVUliM1YwTFcxbGJuVWZCQUlDWkJZQ0FnRVBEeFlDSHdJRkhsaEZUU0JNVmVHNnJFNGdWc1NDVGlCVTRidVFWQ0JPUjBoSjRidUdVR1JrQXFVQkR3OFdCQjhGQlFodmRYUXRiV1Z1ZFI4RUFnSmtGZ0lDQVE4UEZnSWZBZ1VlV0VWTklFeFY0YnFzVGlCV3hJSk9JRWpHcitHN21rNUhJRVRodXFwT1pHUUNwd0VQRHhZRUh3VUZDRzkxZEMxdFpXNTFId1FDQW1RV0FnSUJEdzhXQWg4Q0JSMVlSVTBnVEZYaHVxeE9JRmJFZ2s0Z1VFamh1cUpPSUVKSjRidUdUbVJrQXFrQkR3OFdCQjhGQlFodmRYUXRiV1Z1ZFI4RUFnSmtGZ0lDQVE4UEZnSWZBZ1VrUXNPQlR5QkNTZUc3Z2xVZ1VFamh1NlJESUZiaHU2UWdUTU9EVGtnZ3hKRGh1cUJQWkdRQ3F3RVBEeFlFSHdVRkNHOTFkQzF0Wlc1MUh3UUNBbVFXQWdJQkR3OFdBaDhDQlJ4VVNPRzdrRTVISUV2RGlpREVrTU9UVGtjZ1NGQWdUMDVNU1U1RlpHUUNyUUVQRHhZRUh3VUZDRzkxZEMxdFpXNTFId1FDQW1RV0FnSUJEdzhXQWg4Q0JSZkVrTVNDVGtjZ1M4T2RJRXZEblNCVXc1cERJRmpEZ1dSa0FxOEJEdzhXQkI4RkJRaHZkWFF0YldWdWRSOEVBZ0prRmdJQ0FROFBGZ0lmQWdVWVZFaEJUa2dnVkUvRGdVNGdTOE9kSUZURG1rTWdXTU9CWkdRQ3NRRVBEeFlFSHdVRkNHOTFkQzF0Wlc1MUh3UUNBbVFXQWdJQkR3OFdBaDhDQlNKRDRicXNVQ0JPU09HNnJGUWdUTU9kSUV6aHU0cERTQ0JMU0U5QklFamh1NHhEWkdRQ3N3RVBEeFlFSHdVRkNHOTFkQzF0Wlc1MUh3UUNBbVFXQWdJQkR3OFdBaDhDQlJkRDRicXNVQ0JPU09HNnJGUWdWQzVVU1U0Z1FraFpWR1JrQXJVQkR3OFdCQjhGQlFodmRYUXRiV1Z1ZFI4RUFnSmtGZ0lDQVE4UEZnSWZBZ1VXV0VWTklNU1FTZUc3Z2swZ3hKRERneUJFNGJxZ1dXUmtBcmNCRHc4V0JCOEZCUWh2ZFhRdGJXVnVkUjhFQWdKa0ZnSUNBUThQRmdJZkFnVVpTVTRnUzhPS0lFdElRVWtnUjBuaHU1d2dSMG5odXFKT1IyUmtBcmtCRHc4V0JCOEZCUWh2ZFhRdGJXVnVkUjhFQWdKa1pBSzdBUThQRmdRZkJRVUliM1YwTFcxbGJuVWZCQUlDWkdRQ3ZRRVBEeFlFSHdVRkNHOTFkQzF0Wlc1MUh3UUNBbVJrQXI4QkR3OFdCQjhGQlFodmRYUXRiV1Z1ZFI4RUFnSmtaQUxCQVE4UEZnUWZCUVVJYjNWMExXMWxiblVmQkFJQ1pHUUNCdzlrRmdJQ0FROWtGZ0ptRDJRV0JnSUJEeEFQRmdRZkFnVVBWRy9Eb0c0Z2RITEdzT0c3blc1bkh3Wm9aR1JrWkFJRER4QVBGZ1FmQWdVWlE4T2hJRzVvdzZKdUlHNW54ckRodTUxcElHVER1VzVuT2g4R2FHUmtaR1FDQlE4UEZnSWZBZ1ViVG1qaHVxMXdJRzNEb3lCejRidVJJR1BodXFkdUlIaGxiVG9nWkdRQ0NROWtGZ2dDQVE4UEZnSWZBZ1Y1UTI5d2VYSnBaMmgwSU1LcE1qQXdPU0JVY3NhdzRidWRibWNneEpCSUlGUERvR2tnUjhPeWJpM0VrT0c2b1drZ2FPRzdqV01nWTJqRHJXNW9JSEYxZVM0Z1VYWGh1cU51SUd6RHZTQmk0YnVmYVNEaHU2WjVJR0poYmlCdWFNT2liaUJrdzZKdUlGUlFMaUJJNGJ1VElFTm93NjBnVFdsdWFHUmtBZ01QRHhZQ0h3SUZDMVJ5WVc1bklFTm80YnVuWkdRQ0JROFBGZ0lmQWdVdFZHaHA0YnEvZENCcjRicS9JR0xodTU5cElHTjBlU0JRYU9HNnAyNGdiZUc3Z1cwZ1FXNW9JRkYxdzZKdVpHUUNCdzhQRmdJZkFnVU14SkRodXFkMUlGUnlZVzVuWkdSa1FnYy9mZEtYU3ZUYnMzNkl1ZzlJSk9PTDRWRT0iIENvcnJlbGF0aW9uQmluZGluZz0iIiBVcmxFbmNvZGU9IlRydWUiIC8+DQogICAgICAgIDxGb3JtUG9zdFBhcmFtZXRlciBOYW1lPSJfX1ZJRVdTVEFURUdFTkVSQVRPUiIgVmFsdWU9Int7JEhJRERFTjEuX19WSUVXU1RBVEVHRU5FUkFUT1J9fSIgUmVjb3JkZWRWYWx1ZT0iQ0EwQjAzMzQiIENvcnJlbGF0aW9uQmluZGluZz0iIiBVcmxFbmNvZGU9IlRydWUiIC8+DQogICAgICAgIDxGb3JtUG9zdFBhcmFtZXRlciBOYW1lPSJjdGwwMCRDb250ZW50UGxhY2VIb2xkZXIxJGN0bDAwJHR4dE1hU1YiIFZhbHVlPSIzMTE5NDExMDQyIiBSZWNvcmRlZFZhbHVlPSIzMTE5NDExMDQyIiBDb3JyZWxhdGlvbkJpbmRpbmc9IiIgVXJsRW5jb2RlPSJUcnVlIiAvPg0KICAgICAgICA8Rm9ybVBvc3RQYXJhbWV0ZXIgTmFtZT0iY3RsMDAkQ29udGVudFBsYWNlSG9sZGVyMSRjdGwwMCRidG5PSyIgVmFsdWU9Ik9LIiBSZWNvcmRlZFZhbHVlPSJPSyIgQ29ycmVsYXRpb25CaW5kaW5nPSJ7e0Zvcm1Qb3N0UGFyYW0yLmN0bDAwJENvbnRlbnRQbGFjZUhvbGRlcjEkY3RsMDAkYnRuT0t9fSIgVXJsRW5jb2RlPSJUcnVlIiAvPg0KICAgICAgPC9Gb3JtUG9zdEh0dHBCb2R5Pg0KICAgIDwvUmVxdWVzdD4NCiAgICA8UmVxdWVzdCBNZXRob2Q9IlBPU1QiIEd1aWQ9ImU3NjE1OWZlLTg0MmEtNDFlOC1iN2NlLTg3NjZkODk3ODIyNSIgVmVyc2lvbj0iMS4xIiBVcmw9Imh0dHA6Ly90aG9uZ3RpbmRhb3Rhby5zZ3UuZWR1LnZuL2RlZmF1bHQuYXNweCIgVGhpbmtUaW1lPSI0IiBUaW1lb3V0PSIzMDAiIFBhcnNlRGVwZW5kZW50UmVxdWVzdHM9IlRydWUiIEZvbGxvd1JlZGlyZWN0cz0iVHJ1ZSIgUmVjb3JkUmVzdWx0PSJUcnVlIiBDYWNoZT0iRmFsc2UiIFJlc3BvbnNlVGltZUdvYWw9IjAiIEVuY29kaW5nPSJ1dGYtOCIgRXhwZWN0ZWRIdHRwU3RhdHVzQ29kZT0iMCIgRXhwZWN0ZWRSZXNwb25zZVVybD0iaHR0cDovL3Rob25ndGluZGFvdGFvLnNndS5lZHUudm4vRGVmYXVsdC5hc3B4P3BhZ2U9eGVtaG9jcGhpJmFtcDtpZD0zMTE5NDExMDQyIiBSZXBvcnRpbmdOYW1lPSIiIElnbm9yZUh0dHBTdGF0dXNDb2RlPSJGYWxzZSI+DQogICAgICA8SGVhZGVycz4NCiAgICAgICAgPEhlYWRlciBOYW1lPSJSZWZlcmVyIiBWYWx1ZT0iaHR0cDovL3Rob25ndGluZGFvdGFvLnNndS5lZHUudm4vZGVmYXVsdC5hc3B4P3BhZ2U9bmhhcG1hc3YmYW1wO2ZsYWc9WGVtSG9jUGhpIiAvPg0KICAgICAgPC9IZWFkZXJzPg0KICAgICAgPENvcnJlbGF0aW9uRXh0cmFjdGlvblJ1bGVzPg0KICAgICAgICA8RXh0cmFjdGlvblJ1bGUgQ2xhc3NuYW1lPSJNaWNyb3NvZnQuVmlzdWFsU3R1ZGlvLlRlc3RUb29scy5XZWJUZXN0aW5nLlJ1bGVzLkV4dHJhY3RUZXh0LCBNaWNyb3NvZnQuVmlzdWFsU3R1ZGlvLlF1YWxpdHlUb29scy5XZWJUZXN0RnJhbWV3b3JrLCBWZXJzaW9uPTEwLjAuMC4wLCBDdWx0dXJlPW5ldXRyYWwsIFB1YmxpY0tleVRva2VuPWIwM2Y1ZjdmMTFkNTBhM2EiIFZhcmlhYmxlTmFtZT0iUXVlcnlTdHJpbmdQYXJhbTM0LnBhZ2UiIERpc3BsYXlOYW1lPSIiIERlc2NyaXB0aW9uPSIiPg0KICAgICAgICAgIDxSdWxlUGFyYW1ldGVycz4NCiAgICAgICAgICAgIDxSdWxlUGFyYW1ldGVyIE5hbWU9IlN0YXJ0c1dpdGgiIFZhbHVlPSI/cGFnZT0iIC8+DQogICAgICAgICAgICA8UnVsZVBhcmFtZXRlciBOYW1lPSJFbmRzV2l0aCIgVmFsdWU9IiZxdW90OyIgLz4NCiAgICAgICAgICAgIDxSdWxlUGFyYW1ldGVyIE5hbWU9IkluZGV4IiBWYWx1ZT0iNiIgLz4NCiAgICAgICAgICAgIDxSdWxlUGFyYW1ldGVyIE5hbWU9Iklnbm9yZUNhc2UiIFZhbHVlPSJGYWxzZSIgLz4NCiAgICAgICAgICAgIDxSdWxlUGFyYW1ldGVyIE5hbWU9IlVzZVJlZ3VsYXJFeHByZXNzaW9uIiBWYWx1ZT0iRmFsc2UiIC8+DQogICAgICAgICAgICA8UnVsZVBhcmFtZXRlciBOYW1lPSJIdG1sRGVjb2RlIiBWYWx1ZT0iVHJ1ZSIgLz4NCiAgICAgICAgICAgIDxSdWxlUGFyYW1ldGVyIE5hbWU9IlJlcXVpcmVkIiBWYWx1ZT0iRmFsc2UiIC8+DQogICAgICAgICAgPC9SdWxlUGFyYW1ldGVycz4NCiAgICAgICAgPC9FeHRyYWN0aW9uUnVsZT4NCiAgICAgIDwvQ29ycmVsYXRpb25FeHRyYWN0aW9uUnVsZXM+DQogICAgICA8UXVlcnlTdHJpbmdQYXJhbWV0ZXJzPg0KICAgICAgICA8UXVlcnlTdHJpbmdQYXJhbWV0ZXIgTmFtZT0icGFnZSIgVmFsdWU9Im5oYXBtYXN2IiBSZWNvcmRlZFZhbHVlPSJuaGFwbWFzdiIgQ29ycmVsYXRpb25CaW5kaW5nPSJ7e1F1ZXJ5U3RyaW5nUGFyYW0zMi5wYWdlfX0iIFVybEVuY29kZT0iRmFsc2UiIFVzZVRvR3JvdXBSZXN1bHRzPSJGYWxzZSIgLz4NCiAgICAgICAgPFF1ZXJ5U3RyaW5nUGFyYW1ldGVyIE5hbWU9ImZsYWciIFZhbHVlPSJYZW1Ib2NQaGkiIFJlY29yZGVkVmFsdWU9IlhlbUhvY1BoaSIgQ29ycmVsYXRpb25CaW5kaW5nPSJ7e1F1ZXJ5U3RyaW5nUGFyYW0zMy5mbGFnfX0iIFVybEVuY29kZT0iRmFsc2UiIFVzZVRvR3JvdXBSZXN1bHRzPSJGYWxzZSIgLz4NCiAgICAgIDwvUXVlcnlTdHJpbmdQYXJhbWV0ZXJzPg0KICAgICAgPEZvcm1Qb3N0SHR0cEJvZHk+DQogICAgICAgIDxGb3JtUG9zdFBhcmFtZXRlciBOYW1lPSJfX0VWRU5UVEFSR0VUIiBWYWx1ZT0ie3skSElEREVOMS5fX0VWRU5UVEFSR0VUfX0iIFJlY29yZGVkVmFsdWU9IiIgQ29ycmVsYXRpb25CaW5kaW5nPSIiIFVybEVuY29kZT0iVHJ1ZSIgLz4NCiAgICAgICAgPEZvcm1Qb3N0UGFyYW1ldGVyIE5hbWU9Il9fRVZFTlRBUkdVTUVOVCIgVmFsdWU9Int7JEhJRERFTjEuX19FVkVOVEFSR1VNRU5UfX0iIFJlY29yZGVkVmFsdWU9IiIgQ29ycmVsYXRpb25CaW5kaW5nPSIiIFVybEVuY29kZT0iVHJ1ZSIgLz4NCiAgICAgICAgPEZvcm1Qb3N0UGFyYW1ldGVyIE5hbWU9Il9fVklFV1NUQVRFIiBWYWx1ZT0ie3skSElEREVOMS5fX1ZJRVdTVEFURX19IiBSZWNvcmRlZFZhbHVlPSIvd0VQRHdVS0xUTXhOamMzTlRNM05ROWtGZ0ptRDJRV0JHWVBaQllFQWdFUEZnSWVCMk52Ym5SbGJuUmtaQUlDRHhZQ0hnUm9jbVZtQlNrdUwwMWxjM05oWjJWR2FXeGxMMlpoZG1samIyNHRaR0ZwTFdodll5MXpZV2t0WjI5dUxtcHdaMlFDQVE5a0ZnZ0NBdzlrRmdKbUQyUVdBZ0lCRDJRV0RHWVBEeFlDSGdSVVpYaDBCUXhEYU1PZ2J5Qmk0YnFoYmlCa1pBSUJEdzhXQkI0SlJtOXlaVU52Ykc5eUNRQXovLzhlQkY4aFUwSUNCR1JrQWdJUER4WUVId01KQURQLy94OEVBZ1JrWkFJRER3OFdCaDhDQlJoVWFHRjVJTVNSNGJ1VmFTQnQ0YnF0ZENCcmFPRzZxWFVmQXdrQU0vLy9Id1FDQkdSa0FnUVBEeFlFSHdNSkFEUC8veDhFQWdSa1pBSUZEdzhXQmg4Q0JRM0VrTVNEYm1jZ1Rtamh1cTF3SHdNSkFEUC8veDhFQWdSa1pBSUZEMlFXd2dFQ0FROFBGZ1FlQ0VOemMwTnNZWE56QlFodmRYUXRiV1Z1ZFI4RUFnSmtGZ0ptRHc4V0FoOENCUXRVVWtGT1J5QkRTT0c3cG1Sa0FnTVBEeFlFSHdVRkNHOTFkQzF0Wlc1MUh3UUNBbVFXQWdJQkR3OFdBaDhDQlJkRVFVNUlJRTNodTZSRElFTkk0YnVvUXlCT3hJSk9SMlJrQWdVUER4WUVId1VGQ0c5MWRDMXRaVzUxSHdRQ0FtUVdBZ0lCRHc4V0FoOENCUnRFVFNCRFNPRzdxRU1nVHNTQ1RrY2d4SkREZ1U1SUlFZEp3NEZrWkFJSER3OFdCQjhGQlFodmRYUXRiV1Z1ZFI4RUFnSmtGZ0lDQVE4UEZnSWZBZ1VqVVZYaHVxSk9JRXpEblNERWtNT0JUa2dnUjBuRGdTQlN3NGhPSUV4VldlRzdoazVrWkFJSkR3OFdCaDhGQlFodmRYUXRiV1Z1ZFI4RUFnSWVCMVpwYzJsaWJHVm9aQllDQWdFUER4WUNId0lGRmNTUXhJSk9SeUJMdzUwZ1RjT1VUaUJJNGJ1TVEyUmtBZ3NQRHhZRUh3VUZDRzkxZEMxdFpXNTFId1FDQW1Sa0FnMFBEeFlFSHdVRkNHOTFkQzF0Wlc1MUh3UUNBbVFXQWdJQkR3OFdBaDhDQlFkWVJVMGdWRXRDWkdRQ0R3OFBGZ1FmQlFVSWIzVjBMVzFsYm5VZkJBSUNaQllDQWdFUER4WUNId0lGRUZoRlRTREVrRW5odTRKTklFUkJUa2hrWkFJUkR3OFdCQjhGQlFodmRYUXRiV1Z1ZFI4RUFnSmtGZ0ptRHc4V0FoOENCUTVZUlUwZ1RPRzdpa05JSUZSSVNXUmtBaE1QRHhZR0h3VUZDRzkxZEMxdFpXNTFId1FDQWg4R2FHUVdBZ0lCRHc4V0FoOENCUlJZUlUwZ1RPRzdpa05JSUZSSVNTQk00YnFnU1dSa0FoVVBEeFlHSHdVRkNHOTFkQzF0Wlc1MUh3UUNBaDhHYUdRV0FnSUJEdzhXQWg4Q0JSRllSVTBnVE9HN2lrTklJRlJJU1NCSFMyUmtBaGNQRHhZR0h3VUZDRzkxZEMxdFpXNTFId1FDQWg4R2FHUVdBZ0lCRHc4V0FoOENCU0ZIU0VrZ1ZNT1RUU0JVNGJxdVZDQk53NVJPSUVkSjRicWlUa2NnUk9HNm9GbGtaQUlaRHc4V0JCOEZCUWh2ZFhRdGJXVnVkUjhFQWdKa1pBSWJEdzhXQkI4RkJRaHZkWFF0YldWdWRSOEVBZ0prRmdJQ0FROFBGZ0lmQWdVT1dFVk5JRWpodTR4RElGQkl3NDFrWkFJZER3OFdCQjhGQlFodmRYUXRiV1Z1ZFI4RUFnSmtaQUlmRHc4V0JCOEZCUWh2ZFhRdGJXVnVkUjhFQWdKa0ZnSUNBUThQRmdJZkFnVUxXRVZOSU1TUVNlRzdnazFrWkFJaER3OFdCaDhGQlFodmRYUXRiV1Z1ZFI4RUFnSWZCbWhrRmdJQ0FROFBGZ0lmQWdVVHhKQko0YnVDVFNCTDRidXlJRmJodTR4T1IyUmtBaU1QRHhZRUh3VUZDRzkxZEMxdFpXNTFId1FDQW1RV0FnSUJEdzhXQWg4Q0JSaEw0YnErVkNCUlZlRzZvaURFa0VuaHU0Sk5JRVJCVGtoa1pBSWxEdzhXQkI4RkJRaHZkWFF0YldWdWRSOEVBZ0prRmdJQ0FROFBGZ0lmQWdVV1MxRWd4SkJKNGJ1Q1RTQkVRVTVJSUU5T1RFbE9SV1JrQWljUER4WUVId1VGQ0c5MWRDMXRaVzUxSHdRQ0FtUVdBZ0lCRHc4V0FoOENCUnRZUlUwZ3hKQko0YnVDVFNCRVFVNUlJRk5KVGtnZ1ZrbkRpazVrWkFJcER3OFdCQjhGQlFodmRYUXRiV1Z1ZFI4RUFnSmtGZ0lDQVE4UEZnSWZBZ1VmUjBuaHVxSk9SeUJXU2NPS1RpQlU0YnV3SU1TUVNlRzdnazBnUkVGT1NHUmtBaXNQRHhZRUh3VUZDRzkxZEMxdFpXNTFId1FDQW1RV0FnSUJEdzhXQWg4Q0JRbFlSVTBnUTFURWtGUmtaQUl0RHc4V0JCOEZCUWh2ZFhRdGJXVnVkUjhFQWdKa0ZnSUNBUThQRmdJZkFnVUxXRVZOSUUzRGxFNGdWRkZrWkFJdkR3OFdCQjhGQlFodmRYUXRiV1Z1ZFI4RUFnSmtGZ0lDQVE4UEZnSWZBZ1VreEpERGdVNUlJRWRKdzRFZ1MrRzZ2bFFnVVZYaHVxSWdVc09JVGlCTVZWbmh1NFpPWkdRQ01ROFBGZ1FmQlFVSWIzVjBMVzFsYm5VZkJBSUNaQllDQWdFUER4WUNId0lGSnNTUXc0Rk9TQ0JIU2NPQklFdFJJRkxEaUU0Z1RGVlo0YnVHVGlCVFNVNUlJRlpKdzRwT1pHUUNNdzhQRmdZZkJRVUliM1YwTFcxbGJuVWZCQUlDSHdab1pCWUNBZ0VQRHhZQ0h3SUZFbFBodTZ4QklGUlVJRVBEZ1NCT1NNT0NUbVJrQWpVUER4WUdId1VGQ0c5MWRDMXRaVzUxSHdRQ0FoOEdaMlFXQWdJQkR3OFdBaDhDQlE1SHc1TlFJTU9kSUV0SjRicStUbVJrQWpjUER4WUdId1VGQ0c5MWRDMXRaVzUxSHdRQ0FoOEdhR1FXQW1ZUER4WUNId0lGRUZQaHU2eEJJRXpEblNCTTRidUtRMGhrWkFJNUR3OFdCQjhGQlFodmRYUXRiV1Z1ZFI4RUFnSmtGZ0lDQVE4UEZnSWZBZ1VWVVZYaHVxSk9JRXpEblNCVFNVNUlJRlpKdzRwT1pHUUNPdzhQRmdRZkJRVUliM1YwTFcxbGJuVWZCQUlDWkJZQ0FnRVBEeFlDSHdJRklrdmh1cjVVSUZGVjRicWlJRk5KVGtnZ1ZrbkRpazRneEpERGdVNUlJRWRKdzRGa1pBSTlEdzhXQkI4RkJRaHZkWFF0YldWdWRSOEVBZ0prWkFJL0R3OFdCQjhGQlFodmRYUXRiV1Z1ZFI4RUFnSmtGZ0lDQVE5a0ZnSm1EdzhXQWg4Q0JSbkVrTU9CVGtnZ1IwbkRnU0JIU2VHNm9rNUhJRVRodXFCWlpHUUNRUThQRmdRZkJRVUliM1YwTFcxbGJuVWZCQUlDWkJZQ0FnRVBEeFlDSHdJRkZNU1F4SUpPUnlCTHc1MGdWRWhKSUV6aHVxQkpaR1FDUXc4UEZnUWZCUVVJYjNWMExXMWxiblVmQkFJQ1pHUUNSUThQRmdRZkJRVUliM1YwTFcxbGJuVWZCQUlDWkJZQ0FnRVBEeFlDSHdJRkVzU1FTeUJEU0ZWWnc0cE9JRTVIdzRCT1NHUmtBa2NQRHhZRUh3VUZDRzkxZEMxdFpXNTFId1FDQW1Sa0Fra1BEeFlFSHdVRkNHOTFkQzF0Wlc1MUh3UUNBbVFXQWdJQkR3OFdBaDhDQlJaTFVTQll3NGxVSUZUaHU1QlVJRTVIU0VuaHU0WlFaR1FDU3c4UEZnUWZCUVVJYjNWMExXMWxiblVmQkFJQ1pCWUNBZ0VQRHhZQ0h3SUZIVXRSSUZqRGlWUWdWRW5odTRCT0lGVGh1NUJVSUU1SFNFbmh1NFpRWkdRQ1RROFBGZ1FmQlFVSWIzVjBMVzFsYm5VZkJBSUNaQllDQWdFUER4WUNId0lGR2tQRGdsVWdTT0c3amtrZ1ZFakdyK0c3bkU1SElFZmh1clpRWkdRQ1R3OFBGZ1FmQlFVSWIzVjBMVzFsYm5VZkJBSUNaQllDQWdFUER4WUNId0lGRThTUVN5QkxTTU9UUVNCTVZlRzZyRTRnVkU1a1pBSlJEdzhXQkI4RkJRaHZkWFF0YldWdWRSOEVBZ0prRmdJQ0FROFBGZ0lmQWdVT1Rramh1cXhRSU1TUVNlRzdnazFrWkFKVER3OFdCQjhGQlFodmRYUXRiV1Z1ZFI4RUFnSmtaQUpWRHc4V0JCOEZCUWh2ZFhRdGJXVnVkUjhFQWdKa1pBSlhEdzhXQkI4RkJRaHZkWFF0YldWdWRSOEVBZ0prWkFKWkR3OFdCQjhGQlFodmRYUXRiV1Z1ZFI4RUFnSmtGZ0lDQVE4UEZnSWZBZ1VlV0VWTklNU1FTZUc3Z2swZ1RjT1VUaUJIU2VHNm9rNUhJRVRodXFCWlpHUUNXdzhQRmdRZkJRVUliM1YwTFcxbGJuVWZCQUlDWkJZQ0FnRVBEeFlDSHdJRkhsaEZUU0RFa0VuaHU0Sk5JRlRodTVST1J5Qkk0YnVpVUNCTTRidWFVR1JrQWwwUER4WUVId1VGQ0c5MWRDMXRaVzUxSHdRQ0FtUVdBZ0lCRHc4V0FoOENCUlZKVGlCTFNPRzdrRWtnVE1hdjRidWlUa2NnUjBSa1pBSmZEdzhXQkI4RkJRaHZkWFF0YldWdWRSOEVBZ0prRmdJQ0FROFBGZ0lmQWdVT1ZWQk1UMEZFSU1TUVNlRzdnazFrWkFKaER3OFdCQjhGQlFodmRYUXRiV1Z1ZFI4RUFnSmtGZ0lDQVE4UEZnSWZBZ1VOVkV0Q0lFTGh1NWdnVGNPVVRtUmtBbU1QRHhZRUh3VUZDRzkxZEMxdFpXNTFId1FDQW1RV0FnSUJEdzhXQWg4Q0JSUk00YnVLUTBnZ1ZFaEpJRUxodTVnZ1RjT1VUbVJrQW1VUER4WUVId1VGQ0c5MWRDMXRaVzUxSHdRQ0FtUVdBZ0lCRHc4V0FoOENCU1pVU09HN2tFNUhJRXZEaWlCSFNlRzZvazVISUZaSnc0cE9JRVJWV2VHN2hsUWdTMUZFUzJSa0FtY1BEeFlFSHdVRkNHOTFkQzF0Wlc1MUh3UUNBbVFXQWdJQkR3OFdBaDhDQlNKWVJVMGdWT0c3bEU1SElFamh1NkpRSUV0UklFamh1NHhESUZUaHVxeFFJRk5XWkdRQ2FROFBGZ1FmQlFVSWIzVjBMVzFsYm5VZkJBSUNaR1FDYXc4UEZnUWZCUVVJYjNWMExXMWxiblVmQkFJQ1pCWUNaZzhQRmdJZkFnVVlTK0c2dmlCSVQrRzZvRU5JSUVqaHU0eERJRlRodXF4UVpHUUNiUThQRmdRZkJRVUliM1YwTFcxbGJuVWZCQUlDWkdRQ2J3OFBGZ1FmQlFVSWIzVjBMVzFsYm5VZkJBSUNaQllDQWdFUER4WUNId0lGRkVqR3IrRzdtazVISUVUaHVxcE9JTVNRUzAxSVpHUUNjUThQRmdRZkJRVUliM1YwTFcxbGJuVWZCQUlDWkJZQ0FnRVBEeFlDSHdJRklFNUk0YnFzVUNERWtPRzdpa0VnUTBqaHU0Z2dUa2podXF4T0lGUERnVU5JWkdRQ2N3OFBGZ1FmQlFVSWIzVjBMVzFsYm5VZkJBSUNaQllDQWdFUER4WUNId0lGSk1TUXhJSk9SeUJMdzUwZ1Rramh1cXhPSUZQRGdVTklJRTVIVDhPQVNTQkhTZUc3bkdSa0FuVVBEeFlFSHdVRkNHOTFkQzF0Wlc1MUh3UUNBbVFXQWdJQkR3OFdBaDhDQlJ2RWtNT0JUa2dnUjBuRGdTQkRTT0c2cEZRZ1RNYXY0YnVpVGtka1pBSjNEdzhXQkI4RkJRaHZkWFF0YldWdWRSOEVBZ0prRmdJQ0FROFBGZ0lmQWdVZnhKQXVTOE9kSUVUaHU3QWdUT0c3aENCVTRidVFWQ0JPUjBoSjRidUdVR1JrQW5rUER4WUVId1VGQ0c5MWRDMXRaVzUxSHdRQ0FtUVdBZ0lCRHc4V0FoOENCUk5PNGJ1WVVDQkRTT0c3cUU1SElFTkk0YnVJWkdRQ2V3OFBGZ1FmQlFVSWIzVjBMVzFsYm5VZkJBSUNaQllDQWdFUER4WUNId0lGSVZoRlRTREVrT0c3Z0NCRHhxL0dvRTVISUZSU1QwNUhJRUxodTVnZ1RjT1VUbVJrQW4wUER4WUVId1VGQ0c5MWRDMXRaVzUxSHdRQ0FtUVdBZ0lCRHc4V0FoOENCUmxFUVU1SUlGUERnVU5JSU1TUUxrdkRuU0JZdzRsVUlGUk9aR1FDZnc4UEZnUWZCUVVJYjNWMExXMWxiblVmQkFJQ1pCWUNBZ0VQRHhZQ0h3SUZIa1JCVGtnZ1U4T0JRMGdneEpBdVM4T2RJRVRodTdBZ1RPRzdoQ0JVVG1Sa0FvRUJEdzhXQkI4RkJRaHZkWFF0YldWdWRSOEVBZ0prRmdJQ0FROFBGZ0lmQWdVV1ZFakRsRTVISUZSSlRpQk1WZUc2ckU0Z1ZzU0NUbVJrQW9NQkR3OFdCQjhGQlFodmRYUXRiV1Z1ZFI4RUFnSmtGZ0lDQVE4UEZnSWZBZ1VqVkZKQklFUGh1NmhWSUZSSXc1Uk9SeUJVU1U0Z1ZPRzdrRlFnVGtkSVNlRzdobEJrWkFLRkFROFBGZ1FmQlFVSWIzVjBMVzFsYm5VZkJBSUNaQllDQWdFUER4WUNId0lGRUVQaHU3QlZJRk5KVGtnZ1ZrbkRpazVrWkFLSEFROFBGZ1FmQlFVSWIzVjBMVzFsYm5VZkJBSUNaQllDQWdFUER4WUNId0lGRjhTUXhJSk9SeUJMdzUwZ1dNT0pWQ0JVVlZuaHU0Sk9aR1FDaVFFUER4WUVId1VGQ0c5MWRDMXRaVzUxSHdRQ0FtUVdBZ0lCRHc4V0FoOENCU0JVU01PVVRrY2dWRWxPSUVqaHU1SWdVOGFnSUZSVldlRzdnazRnVTBsT1NHUmtBb3NCRHc4V0JCOEZCUWh2ZFhRdGJXVnVkUjhFQWdKa1pBS05BUThQRmdRZkJRVUliM1YwTFcxbGJuVWZCQUlDWkJZQ0FnRVBEeFlDSHdJRkYwakRrMEVneEpER29FNGd4SkJKNGJ1R1RpQlU0YnVzWkdRQ2p3RVBEeFlFSHdVRkNHOTFkQzF0Wlc1MUh3UUNBbVFXQWdJQkR3OFdBaDhDQlJaT1Iwamh1NGdnUk9HNm9Ga2dST0c2b0ZrZ1FzT1paR1FDa1FFUER4WUVId1VGQ0c5MWRDMXRaVzUxSHdRQ0FtUVdBZ0lCRHc4V0FoOENCUmZFa01TQ1RrY2dTOE9kSUU1SFNPRzdpQ0JRU01PSlVHUmtBcE1CRHc4V0JCOEZCUWh2ZFhRdGJXVnVkUjhFQWdKa0ZnSUNBUThQRmdJZkFnVVN4SkRFZ2s1SElFdkRuU0JEVDBrZ1ZFaEpaR1FDbFFFUER4WUVId1VGQ0c5MWRDMXRaVzUxSHdRQ0FtUVdBZ0lCRHc4V0FoOENCUkpZUlUwZ1RPRzdpa05JSUVOUFNTQlVTRWxrWkFLWEFROFBGZ1FmQlFVSWIzVjBMVzFsYm5VZkJBSUNaQllDQWdFUER4WUNId0lGRzB0UklFNUhTRW5EaWs0Z1ErRzdxRlVnUzBoUFFTQkk0YnVNUTJSa0Fwa0JEdzhXQkI4RkJRaHZkWFF0YldWdWRSOEVBZ0prRmdJQ0FROFBGZ0lmQWdVY1dFVk5JTVNRNGJ1QUlGVERnRWtnVGtOTFNDQlVTRUZOSUVkSlFXUmtBcHNCRHc4V0JCOEZCUWh2ZFhRdGJXVnVkUjhFQWdKa0ZnSUNBUTlrRmdKbUR3OFdBaDhDQlNURWtNU0NUa2NnUzhPZElGaEpUaUJIU2VHNnBGa2dRMGpodTZoT1J5Qk9TT0c2ckU1a1pBS2RBUThQRmdRZkJRVUliM1YwTFcxbGJuVWZCQUlDWkJZQ0FnRVBaQllDWmc4UEZnSWZBZ1VaUStHNnJGQWdUa2podXF4VUlFNUhUK0c2b0VrZ1ZGTERtbVJrQXA4QkR3OFdCQjhGQlFodmRYUXRiV1Z1ZFI4RUFnSmtGZ0lDQVE4UEZnSWZBZ1ViUStHNnJGQWdUa2podXF4VUlGUkl4cS9odTV4T1J5QlVVc09hWkdRQ29RRVBEeFlFSHdVRkNHOTFkQzF0Wlc1MUh3UUNBbVFXQWdJQkR3OFdBaDhDQlJWRDRicW9UU0JPUVU1SElGTkpUa2dnVmtuRGlrNWtaQUtqQVE4UEZnUWZCUVVJYjNWMExXMWxiblVmQkFJQ1pCWUNBZ0VQRHhZQ0h3SUZIbGhGVFNCTVZlRzZyRTRnVnNTQ1RpQlU0YnVRVkNCT1IwaEo0YnVHVUdSa0FxVUJEdzhXQkI4RkJRaHZkWFF0YldWdWRSOEVBZ0prRmdJQ0FROFBGZ0lmQWdVZVdFVk5JRXhWNGJxc1RpQld4SUpPSUVqR3IrRzdtazVISUVUaHVxcE9aR1FDcHdFUER4WUVId1VGQ0c5MWRDMXRaVzUxSHdRQ0FtUVdBZ0lCRHc4V0FoOENCUjFZUlUwZ1RGWGh1cXhPSUZiRWdrNGdVRWpodXFKT0lFSko0YnVHVG1Sa0Fxa0JEdzhXQkI4RkJRaHZkWFF0YldWdWRSOEVBZ0prRmdJQ0FROFBGZ0lmQWdVa1FzT0JUeUJDU2VHN2dsVWdVRWpodTZSRElGYmh1NlFnVE1PRFRrZ2d4SkRodXFCUFpHUUNxd0VQRHhZRUh3VUZDRzkxZEMxdFpXNTFId1FDQW1RV0FnSUJEdzhXQWg4Q0JSeFVTT0c3a0U1SElFdkRpaURFa01PVFRrY2dTRkFnVDA1TVNVNUZaR1FDclFFUER4WUVId1VGQ0c5MWRDMXRaVzUxSHdRQ0FtUVdBZ0lCRHc4V0FoOENCUmZFa01TQ1RrY2dTOE9kSUV2RG5TQlV3NXBESUZqRGdXUmtBcThCRHc4V0JCOEZCUWh2ZFhRdGJXVnVkUjhFQWdKa0ZnSUNBUThQRmdJZkFnVVlWRWhCVGtnZ1ZFL0RnVTRnUzhPZElGVERta01nV01PQlpHUUNzUUVQRHhZRUh3VUZDRzkxZEMxdFpXNTFId1FDQW1RV0FnSUJEdzhXQWg4Q0JTSkQ0YnFzVUNCT1NPRzZyRlFnVE1PZElFemh1NHBEU0NCTFNFOUJJRWpodTR4RFpHUUNzd0VQRHhZRUh3VUZDRzkxZEMxdFpXNTFId1FDQW1RV0FnSUJEdzhXQWg4Q0JSZEQ0YnFzVUNCT1NPRzZyRlFnVkM1VVNVNGdRa2haVkdSa0FyVUJEdzhXQkI4RkJRaHZkWFF0YldWdWRSOEVBZ0prRmdJQ0FROFBGZ0lmQWdVV1dFVk5JTVNRU2VHN2drMGd4SkREZ3lCRTRicWdXV1JrQXJjQkR3OFdCQjhGQlFodmRYUXRiV1Z1ZFI4RUFnSmtGZ0lDQVE4UEZnSWZBZ1VaU1U0Z1M4T0tJRXRJUVVrZ1Iwbmh1NXdnUjBuaHVxSk9SMlJrQXJrQkR3OFdCQjhGQlFodmRYUXRiV1Z1ZFI4RUFnSmtaQUs3QVE4UEZnUWZCUVVJYjNWMExXMWxiblVmQkFJQ1pHUUN2UUVQRHhZRUh3VUZDRzkxZEMxdFpXNTFId1FDQW1Sa0FyOEJEdzhXQkI4RkJRaHZkWFF0YldWdWRSOEVBZ0prWkFMQkFROFBGZ1FmQlFVSWIzVjBMVzFsYm5VZkJBSUNaR1FDQnc5a0ZnSUNBUTlrRmdKbUQyUVdCZ0lCRHhBUEZnUWZBZ1VQVkcvRG9HNGdkSExHc09HN25XNW5Id1pvWkdSa1pBSUREeEFQRmdRZkFnVVpROE9oSUc1b3c2SnVJRzVueHJEaHU1MXBJR1REdVc1bk9oOEdhR1JrWkdRQ0JROFBGZ0lmQWdVYlRtamh1cTF3SUczRG95Qno0YnVSSUdQaHVxZHVJSGhsYlRvZ1pHUUNDUTlrRmdnQ0FROFBGZ0lmQWdWNVEyOXdlWEpwWjJoMElNS3BNakF3T1NCVWNzYXc0YnVkYm1jZ3hKQklJRlBEb0drZ1I4T3liaTNFa09HNm9Xa2dhT0c3aldNZ1kyakRyVzVvSUhGMWVTNGdVWFhodXFOdUlHekR2U0JpNGJ1ZmFTRGh1Nlo1SUdKaGJpQnVhTU9pYmlCa3c2SnVJRlJRTGlCSTRidVRJRU5vdzYwZ1RXbHVhR1JrQWdNUER4WUNId0lGQzFSeVlXNW5JRU5vNGJ1blpHUUNCUThQRmdJZkFnVXRWR2hwNGJxL2RDQnI0YnEvSUdMaHU1OXBJR04wZVNCUWFPRzZwMjRnYmVHN2dXMGdRVzVvSUZGMXc2SnVaR1FDQnc4UEZnSWZBZ1VNeEpEaHVxZDFJRlJ5WVc1blpHUmtRZ2MvZmRLWFN2VGJzMzZJdWc5SUpPT0w0VkU9IiBDb3JyZWxhdGlvbkJpbmRpbmc9IiIgVXJsRW5jb2RlPSJUcnVlIiAvPg0KICAgICAgICA8Rm9ybVBvc3RQYXJhbWV0ZXIgTmFtZT0iX19WSUVXU1RBVEVHRU5FUkFUT1IiIFZhbHVlPSJ7eyRISURERU4xLl9fVklFV1NUQVRFR0VORVJBVE9SfX0iIFJlY29yZGVkVmFsdWU9IkNBMEIwMzM0IiBDb3JyZWxhdGlvbkJpbmRpbmc9IiIgVXJsRW5jb2RlPSJUcnVlIiAvPg0KICAgICAgICA8Rm9ybVBvc3RQYXJhbWV0ZXIgTmFtZT0iY3RsMDAkQ29udGVudFBsYWNlSG9sZGVyMSRjdGwwMCR0eHRNYVNWIiBWYWx1ZT0iMzExOTQxMTA0MiIgUmVjb3JkZWRWYWx1ZT0iMzExOTQxMTA0MiIgQ29ycmVsYXRpb25CaW5kaW5nPSIiIFVybEVuY29kZT0iVHJ1ZSIgLz4NCiAgICAgICAgPEZvcm1Qb3N0UGFyYW1ldGVyIE5hbWU9ImN0bDAwJENvbnRlbnRQbGFjZUhvbGRlcjEkY3RsMDAkYnRuT0siIFZhbHVlPSJPSyIgUmVjb3JkZWRWYWx1ZT0iT0siIENvcnJlbGF0aW9uQmluZGluZz0ie3tGb3JtUG9zdFBhcmFtMjAuY3RsMDAkQ29udGVudFBsYWNlSG9sZGVyMSRjdGwwMCRidG5PS319IiBVcmxFbmNvZGU9IlRydWUiIC8+DQogICAgICA8L0Zvcm1Qb3N0SHR0cEJvZHk+DQogICAgPC9SZXF1ZXN0Pg0KICAgIDxSZXF1ZXN0IE1ldGhvZD0iR0VUIiBHdWlkPSI2MGRiOTc4MS03OGUyLTQ0NGQtYTY0MS1lODVhZDBmMmIwYWEiIFZlcnNpb249IjEuMSIgVXJsPSJodHRwOi8vdGhvbmd0aW5kYW90YW8uc2d1LmVkdS52bi9EZWZhdWx0LmFzcHgiIFRoaW5rVGltZT0iMyIgVGltZW91dD0iMzAwIiBQYXJzZURlcGVuZGVudFJlcXVlc3RzPSJUcnVlIiBGb2xsb3dSZWRpcmVjdHM9IlRydWUiIFJlY29yZFJlc3VsdD0iVHJ1ZSIgQ2FjaGU9IkZhbHNlIiBSZXNwb25zZVRpbWVHb2FsPSIwIiBFbmNvZGluZz0idXRmLTgiIEV4cGVjdGVkSHR0cFN0YXR1c0NvZGU9IjAiIEV4cGVjdGVkUmVzcG9uc2VVcmw9Imh0dHA6Ly90aG9uZ3RpbmRhb3Rhby5zZ3UuZWR1LnZuL2RlZmF1bHQuYXNweD9wYWdlPW5oYXBtYXN2JmFtcDtmbGFnPVhlbURpZW1UaGkiIFJlcG9ydGluZ05hbWU9IiIgSWdub3JlSHR0cFN0YXR1c0NvZGU9IkZhbHNlIj4NCiAgICAgIDxIZWFkZXJzPg0KICAgICAgICA8SGVhZGVyIE5hbWU9IlJlZmVyZXIiIFZhbHVlPSJodHRwOi8vdGhvbmd0aW5kYW90YW8uc2d1LmVkdS52bi9EZWZhdWx0LmFzcHg/cGFnZT14ZW1ob2NwaGkmYW1wO2lkPTMxMTk0MTEwNDIiIC8+DQogICAgICA8L0hlYWRlcnM+DQogICAgICA8RXh0cmFjdGlvblJ1bGVzPg0KICAgICAgICA8RXh0cmFjdGlvblJ1bGUgQ2xhc3NuYW1lPSJNaWNyb3NvZnQuVmlzdWFsU3R1ZGlvLlRlc3RUb29scy5XZWJUZXN0aW5nLlJ1bGVzLkV4dHJhY3RIaWRkZW5GaWVsZHMsIE1pY3Jvc29mdC5WaXN1YWxTdHVkaW8uUXVhbGl0eVRvb2xzLldlYlRlc3RGcmFtZXdvcmssIFZlcnNpb249MTAuMC4wLjAsIEN1bHR1cmU9bmV1dHJhbCwgUHVibGljS2V5VG9rZW49YjAzZjVmN2YxMWQ1MGEzYSIgVmFyaWFibGVOYW1lPSIxIiBEaXNwbGF5TmFtZT0iRXh0cmFjdCBIaWRkZW4gRmllbGRzIiBEZXNjcmlwdGlvbj0iRXh0cmFjdCBhbGwgaGlkZGVuIGZpZWxkcyBmcm9tIHRoZSByZXNwb25zZSBhbmQgcGxhY2UgdGhlbSBpbnRvIHRoZSB0ZXN0IGNvbnRleHQuIj4NCiAgICAgICAgICA8UnVsZVBhcmFtZXRlcnM+DQogICAgICAgICAgICA8UnVsZVBhcmFtZXRlciBOYW1lPSJSZXF1aXJlZCIgVmFsdWU9IlRydWUiIC8+DQogICAgICAgICAgICA8UnVsZVBhcmFtZXRlciBOYW1lPSJIdG1sRGVjb2RlIiBWYWx1ZT0iVHJ1ZSIgLz4NCiAgICAgICAgICA8L1J1bGVQYXJhbWV0ZXJzPg0KICAgICAgICA8L0V4dHJhY3Rpb25SdWxlPg0KICAgICAgPC9FeHRyYWN0aW9uUnVsZXM+DQogICAgICA8Q29ycmVsYXRpb25FeHRyYWN0aW9uUnVsZXM+DQogICAgICAgIDxFeHRyYWN0aW9uUnVsZSBDbGFzc25hbWU9Ik1pY3Jvc29mdC5WaXN1YWxTdHVkaW8uVGVzdFRvb2xzLldlYlRlc3RpbmcuUnVsZXMuRXh0cmFjdFRleHQsIE1pY3Jvc29mdC5WaXN1YWxTdHVkaW8uUXVhbGl0eVRvb2xzLldlYlRlc3RGcmFtZXdvcmssIFZlcnNpb249MTAuMC4wLjAsIEN1bHR1cmU9bmV1dHJhbCwgUHVibGljS2V5VG9rZW49YjAzZjVmN2YxMWQ1MGEzYSIgVmFyaWFibGVOYW1lPSJRdWVyeVN0cmluZ1BhcmFtMS5wYWdlIiBEaXNwbGF5TmFtZT0iIiBEZXNjcmlwdGlvbj0iIj4NCiAgICAgICAgICA8UnVsZVBhcmFtZXRlcnM+DQogICAgICAgICAgICA8UnVsZVBhcmFtZXRlciBOYW1lPSJTdGFydHNXaXRoIiBWYWx1ZT0iP3BhZ2U9IiAvPg0KICAgICAgICAgICAgPFJ1bGVQYXJhbWV0ZXIgTmFtZT0iRW5kc1dpdGgiIFZhbHVlPSImYW1wOyIgLz4NCiAgICAgICAgICAgIDxSdWxlUGFyYW1ldGVyIE5hbWU9IkluZGV4IiBWYWx1ZT0iMCIgLz4NCiAgICAgICAgICAgIDxSdWxlUGFyYW1ldGVyIE5hbWU9Iklnbm9yZUNhc2UiIFZhbHVlPSJGYWxzZSIgLz4NCiAgICAgICAgICAgIDxSdWxlUGFyYW1ldGVyIE5hbWU9IlVzZVJlZ3VsYXJFeHByZXNzaW9uIiBWYWx1ZT0iRmFsc2UiIC8+DQogICAgICAgICAgICA8UnVsZVBhcmFtZXRlciBOYW1lPSJIdG1sRGVjb2RlIiBWYWx1ZT0iVHJ1ZSIgLz4NCiAgICAgICAgICAgIDxSdWxlUGFyYW1ldGVyIE5hbWU9IlJlcXVpcmVkIiBWYWx1ZT0iRmFsc2UiIC8+DQogICAgICAgICAgPC9SdWxlUGFyYW1ldGVycz4NCiAgICAgICAgPC9FeHRyYWN0aW9uUnVsZT4NCiAgICAgICAgPEV4dHJhY3Rpb25SdWxlIENsYXNzbmFtZT0iTWljcm9zb2Z0LlZpc3VhbFN0dWRpby5UZXN0VG9vbHMuV2ViVGVzdGluZy5SdWxlcy5FeHRyYWN0VGV4dCwgTWljcm9zb2Z0LlZpc3VhbFN0dWRpby5RdWFsaXR5VG9vbHMuV2ViVGVzdEZyYW1ld29yaywgVmVyc2lvbj0xMC4wLjAuMCwgQ3VsdHVyZT1uZXV0cmFsLCBQdWJsaWNLZXlUb2tlbj1iMDNmNWY3ZjExZDUwYTNhIiBWYXJpYWJsZU5hbWU9IlF1ZXJ5U3RyaW5nUGFyYW0yLmZsYWciIERpc3BsYXlOYW1lPSIiIERlc2NyaXB0aW9uPSIiPg0KICAgICAgICAgIDxSdWxlUGFyYW1ldGVycz4NCiAgICAgICAgICAgIDxSdWxlUGFyYW1ldGVyIE5hbWU9IlN0YXJ0c1dpdGgiIFZhbHVlPSImYW1wO2FtcDtmbGFnPSIgLz4NCiAgICAgICAgICAgIDxSdWxlUGFyYW1ldGVyIE5hbWU9IkVuZHNXaXRoIiBWYWx1ZT0iJnF1b3Q7IiAvPg0KICAgICAgICAgICAgPFJ1bGVQYXJhbWV0ZXIgTmFtZT0iSW5kZXgiIFZhbHVlPSIwIiAvPg0KICAgICAgICAgICAgPFJ1bGVQYXJhbWV0ZXIgTmFtZT0iSWdub3JlQ2FzZSIgVmFsdWU9IkZhbHNlIiAvPg0KICAgICAgICAgICAgPFJ1bGVQYXJhbWV0ZXIgTmFtZT0iVXNlUmVndWxhckV4cHJlc3Npb24iIFZhbHVlPSJGYWxzZSIgLz4NCiAgICAgICAgICAgIDxSdWxlUGFyYW1ldGVyIE5hbWU9Ikh0bWxEZWNvZGUiIFZhbHVlPSJUcnVlIiAvPg0KICAgICAgICAgICAgPFJ1bGVQYXJhbWV0ZXIgTmFtZT0iUmVxdWlyZWQiIFZhbHVlPSJGYWxzZSIgLz4NCiAgICAgICAgICA8L1J1bGVQYXJhbWV0ZXJzPg0KICAgICAgICA8L0V4dHJhY3Rpb25SdWxlPg0KICAgICAgICA8RXh0cmFjdGlvblJ1bGUgQ2xhc3NuYW1lPSJNaWNyb3NvZnQuVmlzdWFsU3R1ZGlvLlRlc3RUb29scy5XZWJUZXN0aW5nLlJ1bGVzLkV4dHJhY3RGb3JtRmllbGQsIE1pY3Jvc29mdC5WaXN1YWxTdHVkaW8uUXVhbGl0eVRvb2xzLldlYlRlc3RGcmFtZXdvcmssIFZlcnNpb249MTAuMC4wLjAsIEN1bHR1cmU9bmV1dHJhbCwgUHVibGljS2V5VG9rZW49YjAzZjVmN2YxMWQ1MGEzYSIgVmFyaWFibGVOYW1lPSJGb3JtUG9zdFBhcmFtMS5jdGwwMCRDb250ZW50UGxhY2VIb2xkZXIxJGN0bDAwJGJ0bk9LIiBEaXNwbGF5TmFtZT0iIiBEZXNjcmlwdGlvbj0iIj4NCiAgICAgICAgICA8UnVsZVBhcmFtZXRlcnM+DQogICAgICAgICAgICA8UnVsZVBhcmFtZXRlciBOYW1lPSJOYW1lIiBWYWx1ZT0iY3RsMDBfQ29udGVudFBsYWNlSG9sZGVyMV9jdGwwMF9idG5PSyIgLz4NCiAgICAgICAgICAgIDxSdWxlUGFyYW1ldGVyIE5hbWU9Ikh0bWxEZWNvZGUiIFZhbHVlPSJUcnVlIiAvPg0KICAgICAgICAgICAgPFJ1bGVQYXJhbWV0ZXIgTmFtZT0iUmVxdWlyZWQiIFZhbHVlPSJGYWxzZSIgLz4NCiAgICAgICAgICAgIDxSdWxlUGFyYW1ldGVyIE5hbWU9IkluZGV4IiBWYWx1ZT0iMCIgLz4NCiAgICAgICAgICA8L1J1bGVQYXJhbWV0ZXJzPg0KICAgICAgICA8L0V4dHJhY3Rpb25SdWxlPg0KICAgICAgICA8RXh0cmFjdGlvblJ1bGUgQ2xhc3NuYW1lPSJNaWNyb3NvZnQuVmlzdWFsU3R1ZGlvLlRlc3RUb29scy5XZWJUZXN0aW5nLlJ1bGVzLkV4dHJhY3RUZXh0LCBNaWNyb3NvZnQuVmlzdWFsU3R1ZGlvLlF1YWxpdHlUb29scy5XZWJUZXN0RnJhbWV3b3JrLCBWZXJzaW9uPTEwLjAuMC4wLCBDdWx0dXJlPW5ldXRyYWwsIFB1YmxpY0tleVRva2VuPWIwM2Y1ZjdmMTFkNTBhM2EiIFZhcmlhYmxlTmFtZT0iUXVlcnlTdHJpbmdQYXJhbTM1LnBhZ2UiIERpc3BsYXlOYW1lPSIiIERlc2NyaXB0aW9uPSIiPg0KICAgICAgICAgIDxSdWxlUGFyYW1ldGVycz4NCiAgICAgICAgICAgIDxSdWxlUGFyYW1ldGVyIE5hbWU9IlN0YXJ0c1dpdGgiIFZhbHVlPSI/cGFnZT0iIC8+DQogICAgICAgICAgICA8UnVsZVBhcmFtZXRlciBOYW1lPSJFbmRzV2l0aCIgVmFsdWU9IiZhbXA7IiAvPg0KICAgICAgICAgICAgPFJ1bGVQYXJhbWV0ZXIgTmFtZT0iSW5kZXgiIFZhbHVlPSIwIiAvPg0KICAgICAgICAgICAgPFJ1bGVQYXJhbWV0ZXIgTmFtZT0iSWdub3JlQ2FzZSIgVmFsdWU9IkZhbHNlIiAvPg0KICAgICAgICAgICAgPFJ1bGVQYXJhbWV0ZXIgTmFtZT0iVXNlUmVndWxhckV4cHJlc3Npb24iIFZhbHVlPSJGYWxzZSIgLz4NCiAgICAgICAgICAgIDxSdWxlUGFyYW1ldGVyIE5hbWU9Ikh0bWxEZWNvZGUiIFZhbHVlPSJUcnVlIiAvPg0KICAgICAgICAgICAgPFJ1bGVQYXJhbWV0ZXIgTmFtZT0iUmVxdWlyZWQiIFZhbHVlPSJGYWxzZSIgLz4NCiAgICAgICAgICA8L1J1bGVQYXJhbWV0ZXJzPg0KICAgICAgICA8L0V4dHJhY3Rpb25SdWxlPg0KICAgICAgICA8RXh0cmFjdGlvblJ1bGUgQ2xhc3NuYW1lPSJNaWNyb3NvZnQuVmlzdWFsU3R1ZGlvLlRlc3RUb29scy5XZWJUZXN0aW5nLlJ1bGVzLkV4dHJhY3RUZXh0LCBNaWNyb3NvZnQuVmlzdWFsU3R1ZGlvLlF1YWxpdHlUb29scy5XZWJUZXN0RnJhbWV3b3JrLCBWZXJzaW9uPTEwLjAuMC4wLCBDdWx0dXJlPW5ldXRyYWwsIFB1YmxpY0tleVRva2VuPWIwM2Y1ZjdmMTFkNTBhM2EiIFZhcmlhYmxlTmFtZT0iUXVlcnlTdHJpbmdQYXJhbTM2LmZsYWciIERpc3BsYXlOYW1lPSIiIERlc2NyaXB0aW9uPSIiPg0KICAgICAgICAgIDxSdWxlUGFyYW1ldGVycz4NCiAgICAgICAgICAgIDxSdWxlUGFyYW1ldGVyIE5hbWU9IlN0YXJ0c1dpdGgiIFZhbHVlPSImYW1wO2FtcDtmbGFnPSIgLz4NCiAgICAgICAgICAgIDxSdWxlUGFyYW1ldGVyIE5hbWU9IkVuZHNXaXRoIiBWYWx1ZT0iJnF1b3Q7IiAvPg0KICAgICAgICAgICAgPFJ1bGVQYXJhbWV0ZXIgTmFtZT0iSW5kZXgiIFZhbHVlPSIwIiAvPg0KICAgICAgICAgICAgPFJ1bGVQYXJhbWV0ZXIgTmFtZT0iSWdub3JlQ2FzZSIgVmFsdWU9IkZhbHNlIiAvPg0KICAgICAgICAgICAgPFJ1bGVQYXJhbWV0ZXIgTmFtZT0iVXNlUmVndWxhckV4cHJlc3Npb24iIFZhbHVlPSJGYWxzZSIgLz4NCiAgICAgICAgICAgIDxSdWxlUGFyYW1ldGVyIE5hbWU9Ikh0bWxEZWNvZGUiIFZhbHVlPSJUcnVlIiAvPg0KICAgICAgICAgICAgPFJ1bGVQYXJhbWV0ZXIgTmFtZT0iUmVxdWlyZWQiIFZhbHVlPSJGYWxzZSIgLz4NCiAgICAgICAgICA8L1J1bGVQYXJhbWV0ZXJzPg0KICAgICAgICA8L0V4dHJhY3Rpb25SdWxlPg0KICAgICAgICA8RXh0cmFjdGlvblJ1bGUgQ2xhc3NuYW1lPSJNaWNyb3NvZnQuVmlzdWFsU3R1ZGlvLlRlc3RUb29scy5XZWJUZXN0aW5nLlJ1bGVzLkV4dHJhY3RGb3JtRmllbGQsIE1pY3Jvc29mdC5WaXN1YWxTdHVkaW8uUXVhbGl0eVRvb2xzLldlYlRlc3RGcmFtZXdvcmssIFZlcnNpb249MTAuMC4wLjAsIEN1bHR1cmU9bmV1dHJhbCwgUHVibGljS2V5VG9rZW49YjAzZjVmN2YxMWQ1MGEzYSIgVmFyaWFibGVOYW1lPSJGb3JtUG9zdFBhcmFtMjEuY3RsMDAkQ29udGVudFBsYWNlSG9sZGVyMSRjdGwwMCRidG5PSyIgRGlzcGxheU5hbWU9IiIgRGVzY3JpcHRpb249IiI+DQogICAgICAgICAgPFJ1bGVQYXJhbWV0ZXJzPg0KICAgICAgICAgICAgPFJ1bGVQYXJhbWV0ZXIgTmFtZT0iTmFtZSIgVmFsdWU9ImN0bDAwX0NvbnRlbnRQbGFjZUhvbGRlcjFfY3RsMDBfYnRuT0siIC8+DQogICAgICAgICAgICA8UnVsZVBhcmFtZXRlciBOYW1lPSJIdG1sRGVjb2RlIiBWYWx1ZT0iVHJ1ZSIgLz4NCiAgICAgICAgICAgIDxSdWxlUGFyYW1ldGVyIE5hbWU9IlJlcXVpcmVkIiBWYWx1ZT0iRmFsc2UiIC8+DQogICAgICAgICAgICA8UnVsZVBhcmFtZXRlciBOYW1lPSJJbmRleCIgVmFsdWU9IjAiIC8+DQogICAgICAgICAgPC9SdWxlUGFyYW1ldGVycz4NCiAgICAgICAgPC9FeHRyYWN0aW9uUnVsZT4NCiAgICAgIDwvQ29ycmVsYXRpb25FeHRyYWN0aW9uUnVsZXM+DQogICAgICA8UXVlcnlTdHJpbmdQYXJhbWV0ZXJzPg0KICAgICAgICA8UXVlcnlTdHJpbmdQYXJhbWV0ZXIgTmFtZT0icGFnZSIgVmFsdWU9InhlbWRpZW10aGkiIFJlY29yZGVkVmFsdWU9InhlbWRpZW10aGkiIENvcnJlbGF0aW9uQmluZGluZz0ie3tRdWVyeVN0cmluZ1BhcmFtMzQucGFnZX19IiBVcmxFbmNvZGU9IkZhbHNlIiBVc2VUb0dyb3VwUmVzdWx0cz0iRmFsc2UiIC8+DQogICAgICA8L1F1ZXJ5U3RyaW5nUGFyYW1ldGVycz4NCiAgICA8L1JlcXVlc3Q+DQogICAgPFJlcXVlc3QgTWV0aG9kPSJHRVQiIEd1aWQ9ImRmMzE2MzFjLTkzMDctNGE1NS1iOGE0LThlNDU3NmFjYzVjNSIgVmVyc2lvbj0iMS4xIiBVcmw9Imh0dHA6Ly90aG9uZ3RpbmRhb3Rhby5zZ3UuZWR1LnZuL2RlZmF1bHQuYXNweCIgVGhpbmtUaW1lPSIwIiBUaW1lb3V0PSIzMDAiIFBhcnNlRGVwZW5kZW50UmVxdWVzdHM9IlRydWUiIEZvbGxvd1JlZGlyZWN0cz0iVHJ1ZSIgUmVjb3JkUmVzdWx0PSJUcnVlIiBDYWNoZT0iRmFsc2UiIFJlc3BvbnNlVGltZUdvYWw9IjAiIEVuY29kaW5nPSJ1dGYtOCIgRXhwZWN0ZWRIdHRwU3RhdHVzQ29kZT0iMCIgRXhwZWN0ZWRSZXNwb25zZVVybD0iaHR0cDovL3Rob25ndGluZGFvdGFvLnNndS5lZHUudm4vRGVmYXVsdC5hc3B4P3BhZ2U9eGVtZGllbXRoaSZhbXA7aWQ9MzExOTQxMTA0MiIgUmVwb3J0aW5nTmFtZT0iIiBJZ25vcmVIdHRwU3RhdHVzQ29kZT0iRmFsc2UiPg0KICAgICAgPFF1ZXJ5U3RyaW5nUGFyYW1ldGVycz4NCiAgICAgICAgPFF1ZXJ5U3RyaW5nUGFyYW1ldGVyIE5hbWU9InBhZ2UiIFZhbHVlPSJuaGFwbWFzdiIgUmVjb3JkZWRWYWx1ZT0ibmhhcG1hc3YiIENvcnJlbGF0aW9uQmluZGluZz0ie3tRdWVyeVN0cmluZ1BhcmFtMS5wYWdlfX0iIFVybEVuY29kZT0iRmFsc2UiIFVzZVRvR3JvdXBSZXN1bHRzPSJGYWxzZSIgLz4NCiAgICAgICAgPFF1ZXJ5U3RyaW5nUGFyYW1ldGVyIE5hbWU9ImZsYWciIFZhbHVlPSJYZW1EaWVtVGhpIiBSZWNvcmRlZFZhbHVlPSJYZW1EaWVtVGhpIiBDb3JyZWxhdGlvbkJpbmRpbmc9Int7UXVlcnlTdHJpbmdQYXJhbTIuZmxhZ319IiBVcmxFbmNvZGU9IkZhbHNlIiBVc2VUb0dyb3VwUmVzdWx0cz0iRmFsc2UiIC8+DQogICAgICA8L1F1ZXJ5U3RyaW5nUGFyYW1ldGVycz4NCiAgICAgIDxGb3JtUG9zdEh0dHBCb2R5Pg0KICAgICAgICA8Rm9ybVBvc3RQYXJhbWV0ZXIgTmFtZT0iX19FVkVOVFRBUkdFVCIgVmFsdWU9Int7JEhJRERFTjEuX19FVkVOVFRBUkdFVH19IiBSZWNvcmRlZFZhbHVlPSIiIENvcnJlbGF0aW9uQmluZGluZz0iIiBVcmxFbmNvZGU9IlRydWUiIC8+DQogICAgICAgIDxGb3JtUG9zdFBhcmFtZXRlciBOYW1lPSJfX0VWRU5UQVJHVU1FTlQiIFZhbHVlPSJ7eyRISURERU4xLl9fRVZFTlRBUkdVTUVOVH19IiBSZWNvcmRlZFZhbHVlPSIiIENvcnJlbGF0aW9uQmluZGluZz0iIiBVcmxFbmNvZGU9IlRydWUiIC8+DQogICAgICAgIDxGb3JtUG9zdFBhcmFtZXRlciBOYW1lPSJfX1ZJRVdTVEFURSIgVmFsdWU9Int7JEhJRERFTjEuX19WSUVXU1RBVEV9fSIgUmVjb3JkZWRWYWx1ZT0iL3dFUER3VUtMVE14TmpjM05UTTNOUTlrRmdKbUQyUVdCR1lQWkJZRUFnRVBGZ0llQjJOdmJuUmxiblJrWkFJQ0R4WUNIZ1JvY21WbUJTa3VMMDFsYzNOaFoyVkdhV3hsTDJaaGRtbGpiMjR0WkdGcExXaHZZeTF6WVdrdFoyOXVMbXB3WjJRQ0FROWtGZ2dDQXc5a0ZnSm1EMlFXQWdJQkQyUVdER1lQRHhZQ0hnUlVaWGgwQlF4RGFNT2dieUJpNGJxaGJpQmtaQUlCRHc4V0JCNEpSbTl5WlVOdmJHOXlDUUF6Ly84ZUJGOGhVMElDQkdSa0FnSVBEeFlFSHdNSkFEUC8veDhFQWdSa1pBSUREdzhXQmg4Q0JSaFVhR0Y1SU1TUjRidVZhU0J0NGJxdGRDQnJhT0c2cVhVZkF3a0FNLy8vSHdRQ0JHUmtBZ1FQRHhZRUh3TUpBRFAvL3g4RUFnUmtaQUlGRHc4V0JoOENCUTNFa01TRGJtY2dUbWpodXExd0h3TUpBRFAvL3g4RUFnUmtaQUlGRDJRV3dnRUNBUThQRmdRZUNFTnpjME5zWVhOekJRaHZkWFF0YldWdWRSOEVBZ0prRmdKbUR3OFdBaDhDQlF0VVVrRk9SeUJEU09HN3BtUmtBZ01QRHhZRUh3VUZDRzkxZEMxdFpXNTFId1FDQW1RV0FnSUJEdzhXQWg4Q0JSZEVRVTVJSUUzaHU2UkRJRU5JNGJ1b1F5Qk94SUpPUjJSa0FnVVBEeFlFSHdVRkNHOTFkQzF0Wlc1MUh3UUNBbVFXQWdJQkR3OFdBaDhDQlJ0RVRTQkRTT0c3cUVNZ1RzU0NUa2NneEpERGdVNUlJRWRKdzRGa1pBSUhEdzhXQkI4RkJRaHZkWFF0YldWdWRSOEVBZ0prRmdJQ0FROFBGZ0lmQWdValVWWGh1cUpPSUV6RG5TREVrTU9CVGtnZ1IwbkRnU0JTdzRoT0lFeFZXZUc3aGs1a1pBSUpEdzhXQmg4RkJRaHZkWFF0YldWdWRSOEVBZ0llQjFacGMybGliR1ZvWkJZQ0FnRVBEeFlDSHdJRkZjU1F4SUpPUnlCTHc1MGdUY09VVGlCSTRidU1RMlJrQWdzUER4WUVId1VGQ0c5MWRDMXRaVzUxSHdRQ0FtUmtBZzBQRHhZRUh3VUZDRzkxZEMxdFpXNTFId1FDQW1RV0FnSUJEdzhXQWg4Q0JRZFlSVTBnVkV0Q1pHUUNEdzhQRmdRZkJRVUliM1YwTFcxbGJuVWZCQUlDWkJZQ0FnRVBEeFlDSHdJRkVGaEZUU0RFa0VuaHU0Sk5JRVJCVGtoa1pBSVJEdzhXQkI4RkJRaHZkWFF0YldWdWRSOEVBZ0prRmdKbUR3OFdBaDhDQlE1WVJVMGdUT0c3aWtOSUlGUklTV1JrQWhNUER4WUdId1VGQ0c5MWRDMXRaVzUxSHdRQ0FoOEdhR1FXQWdJQkR3OFdBaDhDQlJSWVJVMGdUT0c3aWtOSUlGUklTU0JNNGJxZ1NXUmtBaFVQRHhZR0h3VUZDRzkxZEMxdFpXNTFId1FDQWg4R2FHUVdBZ0lCRHc4V0FoOENCUkZZUlUwZ1RPRzdpa05JSUZSSVNTQkhTMlJrQWhjUER4WUdId1VGQ0c5MWRDMXRaVzUxSHdRQ0FoOEdhR1FXQWdJQkR3OFdBaDhDQlNGSFNFa2dWTU9UVFNCVTRicXVWQ0JOdzVST0lFZEo0YnFpVGtjZ1JPRzZvRmxrWkFJWkR3OFdCQjhGQlFodmRYUXRiV1Z1ZFI4RUFnSmtaQUliRHc4V0JCOEZCUWh2ZFhRdGJXVnVkUjhFQWdKa0ZnSUNBUThQRmdJZkFnVU9XRVZOSUVqaHU0eERJRkJJdzQxa1pBSWREdzhXQkI4RkJRaHZkWFF0YldWdWRSOEVBZ0prWkFJZkR3OFdCQjhGQlFodmRYUXRiV1Z1ZFI4RUFnSmtGZ0lDQVE4UEZnSWZBZ1VMV0VWTklNU1FTZUc3Z2sxa1pBSWhEdzhXQmg4RkJRaHZkWFF0YldWdWRSOEVBZ0lmQm1oa0ZnSUNBUThQRmdJZkFnVVR4SkJKNGJ1Q1RTQkw0YnV5SUZiaHU0eE9SMlJrQWlNUER4WUVId1VGQ0c5MWRDMXRaVzUxSHdRQ0FtUVdBZ0lCRHc4V0FoOENCUmhMNGJxK1ZDQlJWZUc2b2lERWtFbmh1NEpOSUVSQlRraGtaQUlsRHc4V0JCOEZCUWh2ZFhRdGJXVnVkUjhFQWdKa0ZnSUNBUThQRmdJZkFnVVdTMUVneEpCSjRidUNUU0JFUVU1SUlFOU9URWxPUldSa0FpY1BEeFlFSHdVRkNHOTFkQzF0Wlc1MUh3UUNBbVFXQWdJQkR3OFdBaDhDQlJ0WVJVMGd4SkJKNGJ1Q1RTQkVRVTVJSUZOSlRrZ2dWa25EaWs1a1pBSXBEdzhXQkI4RkJRaHZkWFF0YldWdWRSOEVBZ0prRmdJQ0FROFBGZ0lmQWdVZlIwbmh1cUpPUnlCV1NjT0tUaUJVNGJ1d0lNU1FTZUc3Z2swZ1JFRk9TR1JrQWlzUER4WUVId1VGQ0c5MWRDMXRaVzUxSHdRQ0FtUVdBZ0lCRHc4V0FoOENCUWxZUlUwZ1ExVEVrRlJrWkFJdER3OFdCQjhGQlFodmRYUXRiV1Z1ZFI4RUFnSmtGZ0lDQVE4UEZnSWZBZ1VMV0VWTklFM0RsRTRnVkZGa1pBSXZEdzhXQkI4RkJRaHZkWFF0YldWdWRSOEVBZ0prRmdJQ0FROFBGZ0lmQWdVa3hKRERnVTVJSUVkSnc0RWdTK0c2dmxRZ1VWWGh1cUlnVXNPSVRpQk1WVm5odTRaT1pHUUNNUThQRmdRZkJRVUliM1YwTFcxbGJuVWZCQUlDWkJZQ0FnRVBEeFlDSHdJRkpzU1F3NEZPU0NCSFNjT0JJRXRSSUZMRGlFNGdURlZaNGJ1R1RpQlRTVTVJSUZaSnc0cE9aR1FDTXc4UEZnWWZCUVVJYjNWMExXMWxiblVmQkFJQ0h3Wm9aQllDQWdFUER4WUNId0lGRWxQaHU2eEJJRlJVSUVQRGdTQk9TTU9DVG1Sa0FqVVBEeFlHSHdVRkNHOTFkQzF0Wlc1MUh3UUNBaDhHWjJRV0FnSUJEdzhXQWg4Q0JRNUh3NU5RSU1PZElFdEo0YnErVG1Sa0FqY1BEeFlHSHdVRkNHOTFkQzF0Wlc1MUh3UUNBaDhHYUdRV0FtWVBEeFlDSHdJRkVGUGh1NnhCSUV6RG5TQk00YnVLUTBoa1pBSTVEdzhXQkI4RkJRaHZkWFF0YldWdWRSOEVBZ0prRmdJQ0FROFBGZ0lmQWdVVlVWWGh1cUpPSUV6RG5TQlRTVTVJSUZaSnc0cE9aR1FDT3c4UEZnUWZCUVVJYjNWMExXMWxiblVmQkFJQ1pCWUNBZ0VQRHhZQ0h3SUZJa3ZodXI1VUlGRlY0YnFpSUZOSlRrZ2dWa25EaWs0Z3hKRERnVTVJSUVkSnc0RmtaQUk5RHc4V0JCOEZCUWh2ZFhRdGJXVnVkUjhFQWdKa1pBSS9EdzhXQkI4RkJRaHZkWFF0YldWdWRSOEVBZ0prRmdJQ0FROWtGZ0ptRHc4V0FoOENCUm5Fa01PQlRrZ2dSMG5EZ1NCSFNlRzZvazVISUVUaHVxQlpaR1FDUVE4UEZnUWZCUVVJYjNWMExXMWxiblVmQkFJQ1pCWUNBZ0VQRHhZQ0h3SUZGTVNReElKT1J5Qkx3NTBnVkVoSklFemh1cUJKWkdRQ1F3OFBGZ1FmQlFVSWIzVjBMVzFsYm5VZkJBSUNaR1FDUlE4UEZnUWZCUVVJYjNWMExXMWxiblVmQkFJQ1pCWUNBZ0VQRHhZQ0h3SUZFc1NRU3lCRFNGVlp3NHBPSUU1SHc0Qk9TR1JrQWtjUER4WUVId1VGQ0c5MWRDMXRaVzUxSHdRQ0FtUmtBa2tQRHhZRUh3VUZDRzkxZEMxdFpXNTFId1FDQW1RV0FnSUJEdzhXQWg4Q0JSWkxVU0JZdzRsVUlGVGh1NUJVSUU1SFNFbmh1NFpRWkdRQ1N3OFBGZ1FmQlFVSWIzVjBMVzFsYm5VZkJBSUNaQllDQWdFUER4WUNId0lGSFV0UklGakRpVlFnVkVuaHU0Qk9JRlRodTVCVUlFNUhTRW5odTRaUVpHUUNUUThQRmdRZkJRVUliM1YwTFcxbGJuVWZCQUlDWkJZQ0FnRVBEeFlDSHdJRkdrUERnbFVnU09HN2pra2dWRWpHcitHN25FNUhJRWZodXJaUVpHUUNUdzhQRmdRZkJRVUliM1YwTFcxbGJuVWZCQUlDWkJZQ0FnRVBEeFlDSHdJRkU4U1FTeUJMU01PVFFTQk1WZUc2ckU0Z1ZFNWtaQUpSRHc4V0JCOEZCUWh2ZFhRdGJXVnVkUjhFQWdKa0ZnSUNBUThQRmdJZkFnVU9Ua2podXF4UUlNU1FTZUc3Z2sxa1pBSlREdzhXQkI4RkJRaHZkWFF0YldWdWRSOEVBZ0prWkFKVkR3OFdCQjhGQlFodmRYUXRiV1Z1ZFI4RUFnSmtaQUpYRHc4V0JCOEZCUWh2ZFhRdGJXVnVkUjhFQWdKa1pBSlpEdzhXQkI4RkJRaHZkWFF0YldWdWRSOEVBZ0prRmdJQ0FROFBGZ0lmQWdVZVdFVk5JTVNRU2VHN2drMGdUY09VVGlCSFNlRzZvazVISUVUaHVxQlpaR1FDV3c4UEZnUWZCUVVJYjNWMExXMWxiblVmQkFJQ1pCWUNBZ0VQRHhZQ0h3SUZIbGhGVFNERWtFbmh1NEpOSUZUaHU1Uk9SeUJJNGJ1aVVDQk00YnVhVUdSa0FsMFBEeFlFSHdVRkNHOTFkQzF0Wlc1MUh3UUNBbVFXQWdJQkR3OFdBaDhDQlJWSlRpQkxTT0c3a0VrZ1RNYXY0YnVpVGtjZ1IwUmtaQUpmRHc4V0JCOEZCUWh2ZFhRdGJXVnVkUjhFQWdKa0ZnSUNBUThQRmdJZkFnVU9WVkJNVDBGRUlNU1FTZUc3Z2sxa1pBSmhEdzhXQkI4RkJRaHZkWFF0YldWdWRSOEVBZ0prRmdJQ0FROFBGZ0lmQWdVTlZFdENJRUxodTVnZ1RjT1VUbVJrQW1NUER4WUVId1VGQ0c5MWRDMXRaVzUxSHdRQ0FtUVdBZ0lCRHc4V0FoOENCUlJNNGJ1S1EwZ2dWRWhKSUVMaHU1Z2dUY09VVG1Sa0FtVVBEeFlFSHdVRkNHOTFkQzF0Wlc1MUh3UUNBbVFXQWdJQkR3OFdBaDhDQlNaVVNPRzdrRTVISUV2RGlpQkhTZUc2b2s1SElGWkp3NHBPSUVSVldlRzdobFFnUzFGRVMyUmtBbWNQRHhZRUh3VUZDRzkxZEMxdFpXNTFId1FDQW1RV0FnSUJEdzhXQWg4Q0JTSllSVTBnVk9HN2xFNUhJRWpodTZKUUlFdFJJRWpodTR4RElGVGh1cXhRSUZOV1pHUUNhUThQRmdRZkJRVUliM1YwTFcxbGJuVWZCQUlDWkdRQ2F3OFBGZ1FmQlFVSWIzVjBMVzFsYm5VZkJBSUNaQllDWmc4UEZnSWZBZ1VZUytHNnZpQklUK0c2b0VOSUlFamh1NHhESUZUaHVxeFFaR1FDYlE4UEZnUWZCUVVJYjNWMExXMWxiblVmQkFJQ1pHUUNidzhQRmdRZkJRVUliM1YwTFcxbGJuVWZCQUlDWkJZQ0FnRVBEeFlDSHdJRkZFakdyK0c3bWs1SElFVGh1cXBPSU1TUVMwMUlaR1FDY1E4UEZnUWZCUVVJYjNWMExXMWxiblVmQkFJQ1pCWUNBZ0VQRHhZQ0h3SUZJRTVJNGJxc1VDREVrT0c3aWtFZ1Ewamh1NGdnVGtqaHVxeE9JRlBEZ1VOSVpHUUNjdzhQRmdRZkJRVUliM1YwTFcxbGJuVWZCQUlDWkJZQ0FnRVBEeFlDSHdJRkpNU1F4SUpPUnlCTHc1MGdUa2podXF4T0lGUERnVU5JSUU1SFQ4T0FTU0JIU2VHN25HUmtBblVQRHhZRUh3VUZDRzkxZEMxdFpXNTFId1FDQW1RV0FnSUJEdzhXQWg4Q0JSdkVrTU9CVGtnZ1IwbkRnU0JEU09HNnBGUWdUTWF2NGJ1aVRrZGtaQUozRHc4V0JCOEZCUWh2ZFhRdGJXVnVkUjhFQWdKa0ZnSUNBUThQRmdJZkFnVWZ4SkF1UzhPZElFVGh1N0FnVE9HN2hDQlU0YnVRVkNCT1IwaEo0YnVHVUdSa0Fua1BEeFlFSHdVRkNHOTFkQzF0Wlc1MUh3UUNBbVFXQWdJQkR3OFdBaDhDQlJOTzRidVlVQ0JEU09HN3FFNUhJRU5JNGJ1SVpHUUNldzhQRmdRZkJRVUliM1YwTFcxbGJuVWZCQUlDWkJZQ0FnRVBEeFlDSHdJRklWaEZUU0RFa09HN2dDQkR4cS9Hb0U1SElGUlNUMDVISUVMaHU1Z2dUY09VVG1Sa0FuMFBEeFlFSHdVRkNHOTFkQzF0Wlc1MUh3UUNBbVFXQWdJQkR3OFdBaDhDQlJsRVFVNUlJRlBEZ1VOSUlNU1FMa3ZEblNCWXc0bFVJRlJPWkdRQ2Z3OFBGZ1FmQlFVSWIzVjBMVzFsYm5VZkJBSUNaQllDQWdFUER4WUNId0lGSGtSQlRrZ2dVOE9CUTBnZ3hKQXVTOE9kSUVUaHU3QWdUT0c3aENCVVRtUmtBb0VCRHc4V0JCOEZCUWh2ZFhRdGJXVnVkUjhFQWdKa0ZnSUNBUThQRmdJZkFnVVdWRWpEbEU1SElGUkpUaUJNVmVHNnJFNGdWc1NDVG1Sa0FvTUJEdzhXQkI4RkJRaHZkWFF0YldWdWRSOEVBZ0prRmdJQ0FROFBGZ0lmQWdValZGSkJJRVBodTZoVklGUkl3NVJPUnlCVVNVNGdWT0c3a0ZRZ1RrZElTZUc3aGxCa1pBS0ZBUThQRmdRZkJRVUliM1YwTFcxbGJuVWZCQUlDWkJZQ0FnRVBEeFlDSHdJRkVFUGh1N0JWSUZOSlRrZ2dWa25EaWs1a1pBS0hBUThQRmdRZkJRVUliM1YwTFcxbGJuVWZCQUlDWkJZQ0FnRVBEeFlDSHdJRkY4U1F4SUpPUnlCTHc1MGdXTU9KVkNCVVZWbmh1NEpPWkdRQ2lRRVBEeFlFSHdVRkNHOTFkQzF0Wlc1MUh3UUNBbVFXQWdJQkR3OFdBaDhDQlNCVVNNT1VUa2NnVkVsT0lFamh1NUlnVThhZ0lGUlZXZUc3Z2s0Z1UwbE9TR1JrQW9zQkR3OFdCQjhGQlFodmRYUXRiV1Z1ZFI4RUFnSmtaQUtOQVE4UEZnUWZCUVVJYjNWMExXMWxiblVmQkFJQ1pCWUNBZ0VQRHhZQ0h3SUZGMGpEazBFZ3hKREdvRTRneEpCSjRidUdUaUJVNGJ1c1pHUUNqd0VQRHhZRUh3VUZDRzkxZEMxdFpXNTFId1FDQW1RV0FnSUJEdzhXQWg4Q0JSWk9SMGpodTRnZ1JPRzZvRmtnUk9HNm9Ga2dRc09aWkdRQ2tRRVBEeFlFSHdVRkNHOTFkQzF0Wlc1MUh3UUNBbVFXQWdJQkR3OFdBaDhDQlJmRWtNU0NUa2NnUzhPZElFNUhTT0c3aUNCUVNNT0pVR1JrQXBNQkR3OFdCQjhGQlFodmRYUXRiV1Z1ZFI4RUFnSmtGZ0lDQVE4UEZnSWZBZ1VTeEpERWdrNUhJRXZEblNCRFQwa2dWRWhKWkdRQ2xRRVBEeFlFSHdVRkNHOTFkQzF0Wlc1MUh3UUNBbVFXQWdJQkR3OFdBaDhDQlJKWVJVMGdUT0c3aWtOSUlFTlBTU0JVU0Vsa1pBS1hBUThQRmdRZkJRVUliM1YwTFcxbGJuVWZCQUlDWkJZQ0FnRVBEeFlDSHdJRkcwdFJJRTVIU0VuRGlrNGdRK0c3cUZVZ1MwaFBRU0JJNGJ1TVEyUmtBcGtCRHc4V0JCOEZCUWh2ZFhRdGJXVnVkUjhFQWdKa0ZnSUNBUThQRmdJZkFnVWNXRVZOSU1TUTRidUFJRlREZ0VrZ1RrTkxTQ0JVU0VGTklFZEpRV1JrQXBzQkR3OFdCQjhGQlFodmRYUXRiV1Z1ZFI4RUFnSmtGZ0lDQVE5a0ZnSm1EdzhXQWg4Q0JTVEVrTVNDVGtjZ1M4T2RJRmhKVGlCSFNlRzZwRmtnUTBqaHU2aE9SeUJPU09HNnJFNWtaQUtkQVE4UEZnUWZCUVVJYjNWMExXMWxiblVmQkFJQ1pCWUNBZ0VQWkJZQ1pnOFBGZ0lmQWdVWlErRzZyRkFnVGtqaHVxeFVJRTVIVCtHNm9Fa2dWRkxEbW1Sa0FwOEJEdzhXQkI4RkJRaHZkWFF0YldWdWRSOEVBZ0prRmdJQ0FROFBGZ0lmQWdVYlErRzZyRkFnVGtqaHVxeFVJRlJJeHEvaHU1eE9SeUJVVXNPYVpHUUNvUUVQRHhZRUh3VUZDRzkxZEMxdFpXNTFId1FDQW1RV0FnSUJEdzhXQWg4Q0JSVkQ0YnFvVFNCT1FVNUhJRk5KVGtnZ1ZrbkRpazVrWkFLakFROFBGZ1FmQlFVSWIzVjBMVzFsYm5VZkJBSUNaQllDQWdFUER4WUNId0lGSGxoRlRTQk1WZUc2ckU0Z1ZzU0NUaUJVNGJ1UVZDQk9SMGhKNGJ1R1VHUmtBcVVCRHc4V0JCOEZCUWh2ZFhRdGJXVnVkUjhFQWdKa0ZnSUNBUThQRmdJZkFnVWVXRVZOSUV4VjRicXNUaUJXeElKT0lFakdyK0c3bWs1SElFVGh1cXBPWkdRQ3B3RVBEeFlFSHdVRkNHOTFkQzF0Wlc1MUh3UUNBbVFXQWdJQkR3OFdBaDhDQlIxWVJVMGdURlhodXF4T0lGYkVnazRnVUVqaHVxSk9JRUpKNGJ1R1RtUmtBcWtCRHc4V0JCOEZCUWh2ZFhRdGJXVnVkUjhFQWdKa0ZnSUNBUThQRmdJZkFnVWtRc09CVHlCQ1NlRzdnbFVnVUVqaHU2UkRJRmJodTZRZ1RNT0RUa2dneEpEaHVxQlBaR1FDcXdFUER4WUVId1VGQ0c5MWRDMXRaVzUxSHdRQ0FtUVdBZ0lCRHc4V0FoOENCUnhVU09HN2tFNUhJRXZEaWlERWtNT1RUa2NnU0ZBZ1QwNU1TVTVGWkdRQ3JRRVBEeFlFSHdVRkNHOTFkQzF0Wlc1MUh3UUNBbVFXQWdJQkR3OFdBaDhDQlJmRWtNU0NUa2NnUzhPZElFdkRuU0JVdzVwRElGakRnV1JrQXE4QkR3OFdCQjhGQlFodmRYUXRiV1Z1ZFI4RUFnSmtGZ0lDQVE4UEZnSWZBZ1VZVkVoQlRrZ2dWRS9EZ1U0Z1M4T2RJRlREbWtNZ1dNT0JaR1FDc1FFUER4WUVId1VGQ0c5MWRDMXRaVzUxSHdRQ0FtUVdBZ0lCRHc4V0FoOENCU0pENGJxc1VDQk9TT0c2ckZRZ1RNT2RJRXpodTRwRFNDQkxTRTlCSUVqaHU0eERaR1FDc3dFUER4WUVId1VGQ0c5MWRDMXRaVzUxSHdRQ0FtUVdBZ0lCRHc4V0FoOENCUmRENGJxc1VDQk9TT0c2ckZRZ1ZDNVVTVTRnUWtoWlZHUmtBclVCRHc4V0JCOEZCUWh2ZFhRdGJXVnVkUjhFQWdKa0ZnSUNBUThQRmdJZkFnVVdXRVZOSU1TUVNlRzdnazBneEpERGd5QkU0YnFnV1dSa0FyY0JEdzhXQkI4RkJRaHZkWFF0YldWdWRSOEVBZ0prRmdJQ0FROFBGZ0lmQWdVWlNVNGdTOE9LSUV0SVFVa2dSMG5odTV3Z1Iwbmh1cUpPUjJSa0Fya0JEdzhXQkI4RkJRaHZkWFF0YldWdWRSOEVBZ0prWkFLN0FROFBGZ1FmQlFVSWIzVjBMVzFsYm5VZkJBSUNaR1FDdlFFUER4WUVId1VGQ0c5MWRDMXRaVzUxSHdRQ0FtUmtBcjhCRHc4V0JCOEZCUWh2ZFhRdGJXVnVkUjhFQWdKa1pBTEJBUThQRmdRZkJRVUliM1YwTFcxbGJuVWZCQUlDWkdRQ0J3OWtGZ0lDQVE5a0ZnSm1EMlFXQmdJQkR4QVBGZ1FmQWdVUFZHL0RvRzRnZEhMR3NPRzduVzVuSHdab1pHUmtaQUlERHhBUEZnUWZBZ1VaUThPaElHNW93Nkp1SUc1bnhyRGh1NTFwSUdURHVXNW5PaDhHYUdSa1pHUUNCUThQRmdJZkFnVWJUbWpodXExd0lHM0RveUJ6NGJ1UklHUGh1cWR1SUhobGJUb2daR1FDQ1E5a0ZnZ0NBUThQRmdJZkFnVjVRMjl3ZVhKcFoyaDBJTUtwTWpBd09TQlVjc2F3NGJ1ZGJtY2d4SkJJSUZQRG9Ha2dSOE95YmkzRWtPRzZvV2tnYU9HN2pXTWdZMmpEclc1b0lIRjFlUzRnVVhYaHVxTnVJR3pEdlNCaTRidWZhU0RodTZaNUlHSmhiaUJ1YU1PaWJpQmt3Nkp1SUZSUUxpQkk0YnVUSUVOb3c2MGdUV2x1YUdSa0FnTVBEeFlDSHdJRkMxUnlZVzVuSUVObzRidW5aR1FDQlE4UEZnSWZBZ1V0VkdocDRicS9kQ0JyNGJxL0lHTGh1NTlwSUdOMGVTQlFhT0c2cDI0Z2JlRzdnVzBnUVc1b0lGRjF3Nkp1WkdRQ0J3OFBGZ0lmQWdVTXhKRGh1cWQxSUZSeVlXNW5aR1JrUWdjL2ZkS1hTdlRiczM2SXVnOUlKT09MNFZFPSIgQ29ycmVsYXRpb25CaW5kaW5nPSIiIFVybEVuY29kZT0iVHJ1ZSIgLz4NCiAgICAgICAgPEZvcm1Qb3N0UGFyYW1ldGVyIE5hbWU9Il9fVklFV1NUQVRFR0VORVJBVE9SIiBWYWx1ZT0ie3skSElEREVOMS5fX1ZJRVdTVEFURUdFTkVSQVRPUn19IiBSZWNvcmRlZFZhbHVlPSJDQTBCMDMzNCIgQ29ycmVsYXRpb25CaW5kaW5nPSIiIFVybEVuY29kZT0iVHJ1ZSIgLz4NCiAgICAgICAgPEZvcm1Qb3N0UGFyYW1ldGVyIE5hbWU9ImN0bDAwJENvbnRlbnRQbGFjZUhvbGRlcjEkY3RsMDAkdHh0TWFTViIgVmFsdWU9IjMxMTk0MTEwNDIiIFJlY29yZGVkVmFsdWU9IjMxMTk0MTEwNDIiIENvcnJlbGF0aW9uQmluZGluZz0iIiBVcmxFbmNvZGU9IlRydWUiIC8+DQogICAgICAgIDxGb3JtUG9zdFBhcmFtZXRlciBOYW1lPSJjdGwwMCRDb250ZW50UGxhY2VIb2xkZXIxJGN0bDAwJGJ0bk9LIiBWYWx1ZT0iT0siIFJlY29yZGVkVmFsdWU9Ik9LIiBDb3JyZWxhdGlvbkJpbmRpbmc9Int7Rm9ybVBvc3RQYXJhbTEuY3RsMDAkQ29udGVudFBsYWNlSG9sZGVyMSRjdGwwMCRidG5PS319IiBVcmxFbmNvZGU9IlRydWUiIC8+DQogICAgICA8L0Zvcm1Qb3N0SHR0cEJvZHk+DQogICAgPC9SZXF1ZXN0Pg0KICAgIDxSZXF1ZXN0IE1ldGhvZD0iUE9TVCIgR3VpZD0iMTk4YjI0NzktNjE3NC00NDI4LTlmODYtYjBmMDEwZGE5MTViIiBWZXJzaW9uPSIxLjEiIFVybD0iaHR0cDovL3Rob25ndGluZGFvdGFvLnNndS5lZHUudm4vZGVmYXVsdC5hc3B4IiBUaGlua1RpbWU9IjEyIiBUaW1lb3V0PSIzMDAiIFBhcnNlRGVwZW5kZW50UmVxdWVzdHM9IlRydWUiIEZvbGxvd1JlZGlyZWN0cz0iVHJ1ZSIgUmVjb3JkUmVzdWx0PSJUcnVlIiBDYWNoZT0iRmFsc2UiIFJlc3BvbnNlVGltZUdvYWw9IjAiIEVuY29kaW5nPSJ1dGYtOCIgRXhwZWN0ZWRIdHRwU3RhdHVzQ29kZT0iMCIgRXhwZWN0ZWRSZXNwb25zZVVybD0iaHR0cDovL3Rob25ndGluZGFvdGFvLnNndS5lZHUudm4vRGVmYXVsdC5hc3B4P3BhZ2U9eGVtZGllbXRoaSZhbXA7aWQ9MzExOTQxMTA0MiIgUmVwb3J0aW5nTmFtZT0iIiBJZ25vcmVIdHRwU3RhdHVzQ29kZT0iRmFsc2UiPg0KICAgICAgPEhlYWRlcnM+DQogICAgICAgIDxIZWFkZXIgTmFtZT0iUmVmZXJlciIgVmFsdWU9Imh0dHA6Ly90aG9uZ3RpbmRhb3Rhby5zZ3UuZWR1LnZuL2RlZmF1bHQuYXNweD9wYWdlPW5oYXBtYXN2JmFtcDtmbGFnPVhlbURpZW1UaGkiIC8+DQogICAgICA8L0hlYWRlcnM+DQogICAgICA8RXh0cmFjdGlvblJ1bGVzPg0KICAgICAgICA8RXh0cmFjdGlvblJ1bGUgQ2xhc3NuYW1lPSJNaWNyb3NvZnQuVmlzdWFsU3R1ZGlvLlRlc3RUb29scy5XZWJUZXN0aW5nLlJ1bGVzLkV4dHJhY3RIaWRkZW5GaWVsZHMsIE1pY3Jvc29mdC5WaXN1YWxTdHVkaW8uUXVhbGl0eVRvb2xzLldlYlRlc3RGcmFtZXdvcmssIFZlcnNpb249MTAuMC4wLjAsIEN1bHR1cmU9bmV1dHJhbCwgUHVibGljS2V5VG9rZW49YjAzZjVmN2YxMWQ1MGEzYSIgVmFyaWFibGVOYW1lPSIxIiBEaXNwbGF5TmFtZT0iRXh0cmFjdCBIaWRkZW4gRmllbGRzIiBEZXNjcmlwdGlvbj0iRXh0cmFjdCBhbGwgaGlkZGVuIGZpZWxkcyBmcm9tIHRoZSByZXNwb25zZSBhbmQgcGxhY2UgdGhlbSBpbnRvIHRoZSB0ZXN0IGNvbnRleHQuIj4NCiAgICAgICAgICA8UnVsZVBhcmFtZXRlcnM+DQogICAgICAgICAgICA8UnVsZVBhcmFtZXRlciBOYW1lPSJSZXF1aXJlZCIgVmFsdWU9IlRydWUiIC8+DQogICAgICAgICAgICA8UnVsZVBhcmFtZXRlciBOYW1lPSJIdG1sRGVjb2RlIiBWYWx1ZT0iVHJ1ZSIgLz4NCiAgICAgICAgICA8L1J1bGVQYXJhbWV0ZXJzPg0KICAgICAgICA8L0V4dHJhY3Rpb25SdWxlPg0KICAgICAgPC9FeHRyYWN0aW9uUnVsZXM+DQogICAgICA8Q29ycmVsYXRpb25FeHRyYWN0aW9uUnVsZXM+DQogICAgICAgIDxFeHRyYWN0aW9uUnVsZSBDbGFzc25hbWU9Ik1pY3Jvc29mdC5WaXN1YWxTdHVkaW8uVGVzdFRvb2xzLldlYlRlc3RpbmcuUnVsZXMuRXh0cmFjdFRleHQsIE1pY3Jvc29mdC5WaXN1YWxTdHVkaW8uUXVhbGl0eVRvb2xzLldlYlRlc3RGcmFtZXdvcmssIFZlcnNpb249MTAuMC4wLjAsIEN1bHR1cmU9bmV1dHJhbCwgUHVibGljS2V5VG9rZW49YjAzZjVmN2YxMWQ1MGEzYSIgVmFyaWFibGVOYW1lPSJRdWVyeVN0cmluZ1BhcmFtMzcucGFnZSIgRGlzcGxheU5hbWU9IiIgRGVzY3JpcHRpb249IiI+DQogICAgICAgICAgPFJ1bGVQYXJhbWV0ZXJzPg0KICAgICAgICAgICAgPFJ1bGVQYXJhbWV0ZXIgTmFtZT0iU3RhcnRzV2l0aCIgVmFsdWU9Ij9wYWdlPSIgLz4NCiAgICAgICAgICAgIDxSdWxlUGFyYW1ldGVyIE5hbWU9IkVuZHNXaXRoIiBWYWx1ZT0iJmFtcDsiIC8+DQogICAgICAgICAgICA8UnVsZVBhcmFtZXRlciBOYW1lPSJJbmRleCIgVmFsdWU9IjAiIC8+DQogICAgICAgICAgICA8UnVsZVBhcmFtZXRlciBOYW1lPSJJZ25vcmVDYXNlIiBWYWx1ZT0iRmFsc2UiIC8+DQogICAgICAgICAgICA8UnVsZVBhcmFtZXRlciBOYW1lPSJVc2VSZWd1bGFyRXhwcmVzc2lvbiIgVmFsdWU9IkZhbHNlIiAvPg0KICAgICAgICAgICAgPFJ1bGVQYXJhbWV0ZXIgTmFtZT0iSHRtbERlY29kZSIgVmFsdWU9IlRydWUiIC8+DQogICAgICAgICAgICA8UnVsZVBhcmFtZXRlciBOYW1lPSJSZXF1aXJlZCIgVmFsdWU9IkZhbHNlIiAvPg0KICAgICAgICAgIDwvUnVsZVBhcmFtZXRlcnM+DQogICAgICAgIDwvRXh0cmFjdGlvblJ1bGU+DQogICAgICAgIDxFeHRyYWN0aW9uUnVsZSBDbGFzc25hbWU9Ik1pY3Jvc29mdC5WaXN1YWxTdHVkaW8uVGVzdFRvb2xzLldlYlRlc3RpbmcuUnVsZXMuRXh0cmFjdFRleHQsIE1pY3Jvc29mdC5WaXN1YWxTdHVkaW8uUXVhbGl0eVRvb2xzLldlYlRlc3RGcmFtZXdvcmssIFZlcnNpb249MTAuMC4wLjAsIEN1bHR1cmU9bmV1dHJhbCwgUHVibGljS2V5VG9rZW49YjAzZjVmN2YxMWQ1MGEzYSIgVmFyaWFibGVOYW1lPSJRdWVyeVN0cmluZ1BhcmFtMzguaWQiIERpc3BsYXlOYW1lPSIiIERlc2NyaXB0aW9uPSIiPg0KICAgICAgICAgIDxSdWxlUGFyYW1ldGVycz4NCiAgICAgICAgICAgIDxSdWxlUGFyYW1ldGVyIE5hbWU9IlN0YXJ0c1dpdGgiIFZhbHVlPSImYW1wO2FtcDtpZD0iIC8+DQogICAgICAgICAgICA8UnVsZVBhcmFtZXRlciBOYW1lPSJFbmRzV2l0aCIgVmFsdWU9IiZxdW90OyIgLz4NCiAgICAgICAgICAgIDxSdWxlUGFyYW1ldGVyIE5hbWU9IkluZGV4IiBWYWx1ZT0iMCIgLz4NCiAgICAgICAgICAgIDxSdWxlUGFyYW1ldGVyIE5hbWU9Iklnbm9yZUNhc2UiIFZhbHVlPSJGYWxzZSIgLz4NCiAgICAgICAgICAgIDxSdWxlUGFyYW1ldGVyIE5hbWU9IlVzZVJlZ3VsYXJFeHByZXNzaW9uIiBWYWx1ZT0iRmFsc2UiIC8+DQogICAgICAgICAgICA8UnVsZVBhcmFtZXRlciBOYW1lPSJIdG1sRGVjb2RlIiBWYWx1ZT0iVHJ1ZSIgLz4NCiAgICAgICAgICAgIDxSdWxlUGFyYW1ldGVyIE5hbWU9IlJlcXVpcmVkIiBWYWx1ZT0iRmFsc2UiIC8+DQogICAgICAgICAgPC9SdWxlUGFyYW1ldGVycz4NCiAgICAgICAgPC9FeHRyYWN0aW9uUnVsZT4NCiAgICAgICAgPEV4dHJhY3Rpb25SdWxlIENsYXNzbmFtZT0iTWljcm9zb2Z0LlZpc3VhbFN0dWRpby5UZXN0VG9vbHMuV2ViVGVzdGluZy5SdWxlcy5FeHRyYWN0VGV4dCwgTWljcm9zb2Z0LlZpc3VhbFN0dWRpby5RdWFsaXR5VG9vbHMuV2ViVGVzdEZyYW1ld29yaywgVmVyc2lvbj0xMC4wLjAuMCwgQ3VsdHVyZT1uZXV0cmFsLCBQdWJsaWNLZXlUb2tlbj1iMDNmNWY3ZjExZDUwYTNhIiBWYXJpYWJsZU5hbWU9IkZvcm1Qb3N0UGFyYW0yMi5fX1ZJRVdTVEFURSIgRGlzcGxheU5hbWU9IiIgRGVzY3JpcHRpb249IiI+DQogICAgICAgICAgPFJ1bGVQYXJhbWV0ZXJzPg0KICAgICAgICAgICAgPFJ1bGVQYXJhbWV0ZXIgTmFtZT0iU3RhcnRzV2l0aCIgVmFsdWU9Imx1ZT0mcXVvdDsiIC8+DQogICAgICAgICAgICA8UnVsZVBhcmFtZXRlciBOYW1lPSJFbmRzV2l0aCIgVmFsdWU9IiZxdW90OyAvJmd0OyYjeEQ7IiAvPg0KICAgICAgICAgICAgPFJ1bGVQYXJhbWV0ZXIgTmFtZT0iSW5kZXgiIFZhbHVlPSIyIiAvPg0KICAgICAgICAgICAgPFJ1bGVQYXJhbWV0ZXIgTmFtZT0iSWdub3JlQ2FzZSIgVmFsdWU9IkZhbHNlIiAvPg0KICAgICAgICAgICAgPFJ1bGVQYXJhbWV0ZXIgTmFtZT0iVXNlUmVndWxhckV4cHJlc3Npb24iIFZhbHVlPSJGYWxzZSIgLz4NCiAgICAgICAgICAgIDxSdWxlUGFyYW1ldGVyIE5hbWU9Ikh0bWxEZWNvZGUiIFZhbHVlPSJUcnVlIiAvPg0KICAgICAgICAgICAgPFJ1bGVQYXJhbWV0ZXIgTmFtZT0iUmVxdWlyZWQiIFZhbHVlPSJGYWxzZSIgLz4NCiAgICAgICAgICA8L1J1bGVQYXJhbWV0ZXJzPg0KICAgICAgICA8L0V4dHJhY3Rpb25SdWxlPg0KICAgICAgICA8RXh0cmFjdGlvblJ1bGUgQ2xhc3NuYW1lPSJNaWNyb3NvZnQuVmlzdWFsU3R1ZGlvLlRlc3RUb29scy5XZWJUZXN0aW5nLlJ1bGVzLkV4dHJhY3RUZXh0LCBNaWNyb3NvZnQuVmlzdWFsU3R1ZGlvLlF1YWxpdHlUb29scy5XZWJUZXN0RnJhbWV3b3JrLCBWZXJzaW9uPTEwLjAuMC4wLCBDdWx0dXJlPW5ldXRyYWwsIFB1YmxpY0tleVRva2VuPWIwM2Y1ZjdmMTFkNTBhM2EiIFZhcmlhYmxlTmFtZT0iRm9ybVBvc3RQYXJhbTIzLl9fVklFV1NUQVRFR0VORVJBVE9SIiBEaXNwbGF5TmFtZT0iIiBEZXNjcmlwdGlvbj0iIj4NCiAgICAgICAgICA8UnVsZVBhcmFtZXRlcnM+DQogICAgICAgICAgICA8UnVsZVBhcmFtZXRlciBOYW1lPSJTdGFydHNXaXRoIiBWYWx1ZT0ibHVlPSZxdW90OyIgLz4NCiAgICAgICAgICAgIDxSdWxlUGFyYW1ldGVyIE5hbWU9IkVuZHNXaXRoIiBWYWx1ZT0iJnF1b3Q7IC8mZ3Q7JiN4RDsiIC8+DQogICAgICAgICAgICA8UnVsZVBhcmFtZXRlciBOYW1lPSJJbmRleCIgVmFsdWU9IjMiIC8+DQogICAgICAgICAgICA8UnVsZVBhcmFtZXRlciBOYW1lPSJJZ25vcmVDYXNlIiBWYWx1ZT0iRmFsc2UiIC8+DQogICAgICAgICAgICA8UnVsZVBhcmFtZXRlciBOYW1lPSJVc2VSZWd1bGFyRXhwcmVzc2lvbiIgVmFsdWU9IkZhbHNlIiAvPg0KICAgICAgICAgICAgPFJ1bGVQYXJhbWV0ZXIgTmFtZT0iSHRtbERlY29kZSIgVmFsdWU9IlRydWUiIC8+DQogICAgICAgICAgICA8UnVsZVBhcmFtZXRlciBOYW1lPSJSZXF1aXJlZCIgVmFsdWU9IkZhbHNlIiAvPg0KICAgICAgICAgIDwvUnVsZVBhcmFtZXRlcnM+DQogICAgICAgIDwvRXh0cmFjdGlvblJ1bGU+DQogICAgICAgIDxFeHRyYWN0aW9uUnVsZSBDbGFzc25hbWU9Ik1pY3Jvc29mdC5WaXN1YWxTdHVkaW8uVGVzdFRvb2xzLldlYlRlc3RpbmcuUnVsZXMuRXh0cmFjdFRleHQsIE1pY3Jvc29mdC5WaXN1YWxTdHVkaW8uUXVhbGl0eVRvb2xzLldlYlRlc3RGcmFtZXdvcmssIFZlcnNpb249MTAuMC4wLjAsIEN1bHR1cmU9bmV1dHJhbCwgUHVibGljS2V5VG9rZW49YjAzZjVmN2YxMWQ1MGEzYSIgVmFyaWFibGVOYW1lPSJGb3JtUG9zdFBhcmFtMjQuY3RsMDAkQ29udGVudFBsYWNlSG9sZGVyMSRjdGwwMCRidG5DaG9uSEsiIERpc3BsYXlOYW1lPSIiIERlc2NyaXB0aW9uPSIiPg0KICAgICAgICAgIDxSdWxlUGFyYW1ldGVycz4NCiAgICAgICAgICAgIDxSdWxlUGFyYW1ldGVyIE5hbWU9IlN0YXJ0c1dpdGgiIFZhbHVlPSJsdWU9JnF1b3Q7IiAvPg0KICAgICAgICAgICAgPFJ1bGVQYXJhbWV0ZXIgTmFtZT0iRW5kc1dpdGgiIFZhbHVlPSImcXVvdDsgaWQ9IiAvPg0KICAgICAgICAgICAgPFJ1bGVQYXJhbWV0ZXIgTmFtZT0iSW5kZXgiIFZhbHVlPSI5IiAvPg0KICAgICAgICAgICAgPFJ1bGVQYXJhbWV0ZXIgTmFtZT0iSWdub3JlQ2FzZSIgVmFsdWU9IkZhbHNlIiAvPg0KICAgICAgICAgICAgPFJ1bGVQYXJhbWV0ZXIgTmFtZT0iVXNlUmVndWxhckV4cHJlc3Npb24iIFZhbHVlPSJGYWxzZSIgLz4NCiAgICAgICAgICAgIDxSdWxlUGFyYW1ldGVyIE5hbWU9Ikh0bWxEZWNvZGUiIFZhbHVlPSJUcnVlIiAvPg0KICAgICAgICAgICAgPFJ1bGVQYXJhbWV0ZXIgTmFtZT0iUmVxdWlyZWQiIFZhbHVlPSJGYWxzZSIgLz4NCiAgICAgICAgICA8L1J1bGVQYXJhbWV0ZXJzPg0KICAgICAgICA8L0V4dHJhY3Rpb25SdWxlPg0KICAgICAgICA8RXh0cmFjdGlvblJ1bGUgQ2xhc3NuYW1lPSJNaWNyb3NvZnQuVmlzdWFsU3R1ZGlvLlRlc3RUb29scy5XZWJUZXN0aW5nLlJ1bGVzLkV4dHJhY3RUZXh0LCBNaWNyb3NvZnQuVmlzdWFsU3R1ZGlvLlF1YWxpdHlUb29scy5XZWJUZXN0RnJhbWV3b3JrLCBWZXJzaW9uPTEwLjAuMC4wLCBDdWx0dXJlPW5ldXRyYWwsIFB1YmxpY0tleVRva2VuPWIwM2Y1ZjdmMTFkNTBhM2EiIFZhcmlhYmxlTmFtZT0iUXVlcnlTdHJpbmdQYXJhbTM5LnBhZ2UiIERpc3BsYXlOYW1lPSIiIERlc2NyaXB0aW9uPSIiPg0KICAgICAgICAgIDxSdWxlUGFyYW1ldGVycz4NCiAgICAgICAgICAgIDxSdWxlUGFyYW1ldGVyIE5hbWU9IlN0YXJ0c1dpdGgiIFZhbHVlPSI/cGFnZT0iIC8+DQogICAgICAgICAgICA8UnVsZVBhcmFtZXRlciBOYW1lPSJFbmRzV2l0aCIgVmFsdWU9IiZhbXA7IiAvPg0KICAgICAgICAgICAgPFJ1bGVQYXJhbWV0ZXIgTmFtZT0iSW5kZXgiIFZhbHVlPSIwIiAvPg0KICAgICAgICAgICAgPFJ1bGVQYXJhbWV0ZXIgTmFtZT0iSWdub3JlQ2FzZSIgVmFsdWU9IkZhbHNlIiAvPg0KICAgICAgICAgICAgPFJ1bGVQYXJhbWV0ZXIgTmFtZT0iVXNlUmVndWxhckV4cHJlc3Npb24iIFZhbHVlPSJGYWxzZSIgLz4NCiAgICAgICAgICAgIDxSdWxlUGFyYW1ldGVyIE5hbWU9Ikh0bWxEZWNvZGUiIFZhbHVlPSJUcnVlIiAvPg0KICAgICAgICAgICAgPFJ1bGVQYXJhbWV0ZXIgTmFtZT0iUmVxdWlyZWQiIFZhbHVlPSJGYWxzZSIgLz4NCiAgICAgICAgICA8L1J1bGVQYXJhbWV0ZXJzPg0KICAgICAgICA8L0V4dHJhY3Rpb25SdWxlPg0KICAgICAgICA8RXh0cmFjdGlvblJ1bGUgQ2xhc3NuYW1lPSJNaWNyb3NvZnQuVmlzdWFsU3R1ZGlvLlRlc3RUb29scy5XZWJUZXN0aW5nLlJ1bGVzLkV4dHJhY3RUZXh0LCBNaWNyb3NvZnQuVmlzdWFsU3R1ZGlvLlF1YWxpdHlUb29scy5XZWJUZXN0RnJhbWV3b3JrLCBWZXJzaW9uPTEwLjAuMC4wLCBDdWx0dXJlPW5ldXRyYWwsIFB1YmxpY0tleVRva2VuPWIwM2Y1ZjdmMTFkNTBhM2EiIFZhcmlhYmxlTmFtZT0iUXVlcnlTdHJpbmdQYXJhbTQwLmlkIiBEaXNwbGF5TmFtZT0iIiBEZXNjcmlwdGlvbj0iIj4NCiAgICAgICAgICA8UnVsZVBhcmFtZXRlcnM+DQogICAgICAgICAgICA8UnVsZVBhcmFtZXRlciBOYW1lPSJTdGFydHNXaXRoIiBWYWx1ZT0iJmFtcDthbXA7aWQ9IiAvPg0KICAgICAgICAgICAgPFJ1bGVQYXJhbWV0ZXIgTmFtZT0iRW5kc1dpdGgiIFZhbHVlPSImcXVvdDsiIC8+DQogICAgICAgICAgICA8UnVsZVBhcmFtZXRlciBOYW1lPSJJbmRleCIgVmFsdWU9IjAiIC8+DQogICAgICAgICAgICA8UnVsZVBhcmFtZXRlciBOYW1lPSJJZ25vcmVDYXNlIiBWYWx1ZT0iRmFsc2UiIC8+DQogICAgICAgICAgICA8UnVsZVBhcmFtZXRlciBOYW1lPSJVc2VSZWd1bGFyRXhwcmVzc2lvbiIgVmFsdWU9IkZhbHNlIiAvPg0KICAgICAgICAgICAgPFJ1bGVQYXJhbWV0ZXIgTmFtZT0iSHRtbERlY29kZSIgVmFsdWU9IlRydWUiIC8+DQogICAgICAgICAgICA8UnVsZVBhcmFtZXRlciBOYW1lPSJSZXF1aXJlZCIgVmFsdWU9IkZhbHNlIiAvPg0KICAgICAgICAgIDwvUnVsZVBhcmFtZXRlcnM+DQogICAgICAgIDwvRXh0cmFjdGlvblJ1bGU+DQogICAgICAgIDxFeHRyYWN0aW9uUnVsZSBDbGFzc25hbWU9Ik1pY3Jvc29mdC5WaXN1YWxTdHVkaW8uVGVzdFRvb2xzLldlYlRlc3RpbmcuUnVsZXMuRXh0cmFjdEZvcm1GaWVsZCwgTWljcm9zb2Z0LlZpc3VhbFN0dWRpby5RdWFsaXR5VG9vbHMuV2ViVGVzdEZyYW1ld29yaywgVmVyc2lvbj0xMC4wLjAuMCwgQ3VsdHVyZT1uZXV0cmFsLCBQdWJsaWNLZXlUb2tlbj1iMDNmNWY3ZjExZDUwYTNhIiBWYXJpYWJsZU5hbWU9IkZvcm1Qb3N0UGFyYW0yNS5jdGwwMCRDb250ZW50UGxhY2VIb2xkZXIxJGN0bDAwJGJ0bkNob25ISyIgRGlzcGxheU5hbWU9IiIgRGVzY3JpcHRpb249IiI+DQogICAgICAgICAgPFJ1bGVQYXJhbWV0ZXJzPg0KICAgICAgICAgICAgPFJ1bGVQYXJhbWV0ZXIgTmFtZT0iTmFtZSIgVmFsdWU9ImN0bDAwX0NvbnRlbnRQbGFjZUhvbGRlcjFfY3RsMDBfYnRuQ2hvbkhLIiAvPg0KICAgICAgICAgICAgPFJ1bGVQYXJhbWV0ZXIgTmFtZT0iSHRtbERlY29kZSIgVmFsdWU9IlRydWUiIC8+DQogICAgICAgICAgICA8UnVsZVBhcmFtZXRlciBOYW1lPSJSZXF1aXJlZCIgVmFsdWU9IkZhbHNlIiAvPg0KICAgICAgICAgICAgPFJ1bGVQYXJhbWV0ZXIgTmFtZT0iSW5kZXgiIFZhbHVlPSIwIiAvPg0KICAgICAgICAgIDwvUnVsZVBhcmFtZXRlcnM+DQogICAgICAgIDwvRXh0cmFjdGlvblJ1bGU+DQogICAgICA8L0NvcnJlbGF0aW9uRXh0cmFjdGlvblJ1bGVzPg0KICAgICAgPFF1ZXJ5U3RyaW5nUGFyYW1ldGVycz4NCiAgICAgICAgPFF1ZXJ5U3RyaW5nUGFyYW1ldGVyIE5hbWU9InBhZ2UiIFZhbHVlPSJuaGFwbWFzdiIgUmVjb3JkZWRWYWx1ZT0ibmhhcG1hc3YiIENvcnJlbGF0aW9uQmluZGluZz0ie3tRdWVyeVN0cmluZ1BhcmFtMzUucGFnZX19IiBVcmxFbmNvZGU9IkZhbHNlIiBVc2VUb0dyb3VwUmVzdWx0cz0iRmFsc2UiIC8+DQogICAgICAgIDxRdWVyeVN0cmluZ1BhcmFtZXRlciBOYW1lPSJmbGFnIiBWYWx1ZT0iWGVtRGllbVRoaSIgUmVjb3JkZWRWYWx1ZT0iWGVtRGllbVRoaSIgQ29ycmVsYXRpb25CaW5kaW5nPSJ7e1F1ZXJ5U3RyaW5nUGFyYW0zNi5mbGFnfX0iIFVybEVuY29kZT0iRmFsc2UiIFVzZVRvR3JvdXBSZXN1bHRzPSJGYWxzZSIgLz4NCiAgICAgIDwvUXVlcnlTdHJpbmdQYXJhbWV0ZXJzPg0KICAgICAgPEZvcm1Qb3N0SHR0cEJvZHk+DQogICAgICAgIDxGb3JtUG9zdFBhcmFtZXRlciBOYW1lPSJfX0VWRU5UVEFSR0VUIiBWYWx1ZT0ie3skSElEREVOMS5fX0VWRU5UVEFSR0VUfX0iIFJlY29yZGVkVmFsdWU9IiIgQ29ycmVsYXRpb25CaW5kaW5nPSIiIFVybEVuY29kZT0iVHJ1ZSIgLz4NCiAgICAgICAgPEZvcm1Qb3N0UGFyYW1ldGVyIE5hbWU9Il9fRVZFTlRBUkdVTUVOVCIgVmFsdWU9Int7JEhJRERFTjEuX19FVkVOVEFSR1VNRU5UfX0iIFJlY29yZGVkVmFsdWU9IiIgQ29ycmVsYXRpb25CaW5kaW5nPSIiIFVybEVuY29kZT0iVHJ1ZSIgLz4NCiAgICAgICAgPEZvcm1Qb3N0UGFyYW1ldGVyIE5hbWU9Il9fVklFV1NUQVRFIiBWYWx1ZT0ie3skSElEREVOMS5fX1ZJRVdTVEFURX19IiBSZWNvcmRlZFZhbHVlPSIvd0VQRHdVS0xUTXhOamMzTlRNM05ROWtGZ0ptRDJRV0JHWVBaQllFQWdFUEZnSWVCMk52Ym5SbGJuUmtaQUlDRHhZQ0hnUm9jbVZtQlNrdUwwMWxjM05oWjJWR2FXeGxMMlpoZG1samIyNHRaR0ZwTFdodll5MXpZV2t0WjI5dUxtcHdaMlFDQVE5a0ZnZ0NBdzlrRmdKbUQyUVdBZ0lCRDJRV0RHWVBEeFlDSGdSVVpYaDBCUXhEYU1PZ2J5Qmk0YnFoYmlCa1pBSUJEdzhXQkI0SlJtOXlaVU52Ykc5eUNRQXovLzhlQkY4aFUwSUNCR1JrQWdJUER4WUVId01KQURQLy94OEVBZ1JrWkFJRER3OFdCaDhDQlJoVWFHRjVJTVNSNGJ1VmFTQnQ0YnF0ZENCcmFPRzZxWFVmQXdrQU0vLy9Id1FDQkdSa0FnUVBEeFlFSHdNSkFEUC8veDhFQWdSa1pBSUZEdzhXQmg4Q0JRM0VrTVNEYm1jZ1Rtamh1cTF3SHdNSkFEUC8veDhFQWdSa1pBSUZEMlFXd2dFQ0FROFBGZ1FlQ0VOemMwTnNZWE56QlFodmRYUXRiV1Z1ZFI4RUFnSmtGZ0ptRHc4V0FoOENCUXRVVWtGT1J5QkRTT0c3cG1Sa0FnTVBEeFlFSHdVRkNHOTFkQzF0Wlc1MUh3UUNBbVFXQWdJQkR3OFdBaDhDQlJkRVFVNUlJRTNodTZSRElFTkk0YnVvUXlCT3hJSk9SMlJrQWdVUER4WUVId1VGQ0c5MWRDMXRaVzUxSHdRQ0FtUVdBZ0lCRHc4V0FoOENCUnRFVFNCRFNPRzdxRU1nVHNTQ1RrY2d4SkREZ1U1SUlFZEp3NEZrWkFJSER3OFdCQjhGQlFodmRYUXRiV1Z1ZFI4RUFnSmtGZ0lDQVE4UEZnSWZBZ1VqVVZYaHVxSk9JRXpEblNERWtNT0JUa2dnUjBuRGdTQlN3NGhPSUV4VldlRzdoazVrWkFJSkR3OFdCaDhGQlFodmRYUXRiV1Z1ZFI4RUFnSWVCMVpwYzJsaWJHVm9aQllDQWdFUER4WUNId0lGRmNTUXhJSk9SeUJMdzUwZ1RjT1VUaUJJNGJ1TVEyUmtBZ3NQRHhZRUh3VUZDRzkxZEMxdFpXNTFId1FDQW1Sa0FnMFBEeFlFSHdVRkNHOTFkQzF0Wlc1MUh3UUNBbVFXQWdJQkR3OFdBaDhDQlFkWVJVMGdWRXRDWkdRQ0R3OFBGZ1FmQlFVSWIzVjBMVzFsYm5VZkJBSUNaQllDQWdFUER4WUNId0lGRUZoRlRTREVrRW5odTRKTklFUkJUa2hrWkFJUkR3OFdCQjhGQlFodmRYUXRiV1Z1ZFI4RUFnSmtGZ0ptRHc4V0FoOENCUTVZUlUwZ1RPRzdpa05JSUZSSVNXUmtBaE1QRHhZR0h3VUZDRzkxZEMxdFpXNTFId1FDQWg4R2FHUVdBZ0lCRHc4V0FoOENCUlJZUlUwZ1RPRzdpa05JSUZSSVNTQk00YnFnU1dSa0FoVVBEeFlHSHdVRkNHOTFkQzF0Wlc1MUh3UUNBaDhHYUdRV0FnSUJEdzhXQWg4Q0JSRllSVTBnVE9HN2lrTklJRlJJU1NCSFMyUmtBaGNQRHhZR0h3VUZDRzkxZEMxdFpXNTFId1FDQWg4R2FHUVdBZ0lCRHc4V0FoOENCU0ZIU0VrZ1ZNT1RUU0JVNGJxdVZDQk53NVJPSUVkSjRicWlUa2NnUk9HNm9GbGtaQUlaRHc4V0JCOEZCUWh2ZFhRdGJXVnVkUjhFQWdKa1pBSWJEdzhXQkI4RkJRaHZkWFF0YldWdWRSOEVBZ0prRmdJQ0FROFBGZ0lmQWdVT1dFVk5JRWpodTR4RElGQkl3NDFrWkFJZER3OFdCQjhGQlFodmRYUXRiV1Z1ZFI4RUFnSmtaQUlmRHc4V0JCOEZCUWh2ZFhRdGJXVnVkUjhFQWdKa0ZnSUNBUThQRmdJZkFnVUxXRVZOSU1TUVNlRzdnazFrWkFJaER3OFdCaDhGQlFodmRYUXRiV1Z1ZFI4RUFnSWZCbWhrRmdJQ0FROFBGZ0lmQWdVVHhKQko0YnVDVFNCTDRidXlJRmJodTR4T1IyUmtBaU1QRHhZRUh3VUZDRzkxZEMxdFpXNTFId1FDQW1RV0FnSUJEdzhXQWg4Q0JSaEw0YnErVkNCUlZlRzZvaURFa0VuaHU0Sk5JRVJCVGtoa1pBSWxEdzhXQkI4RkJRaHZkWFF0YldWdWRSOEVBZ0prRmdJQ0FROFBGZ0lmQWdVV1MxRWd4SkJKNGJ1Q1RTQkVRVTVJSUU5T1RFbE9SV1JrQWljUER4WUVId1VGQ0c5MWRDMXRaVzUxSHdRQ0FtUVdBZ0lCRHc4V0FoOENCUnRZUlUwZ3hKQko0YnVDVFNCRVFVNUlJRk5KVGtnZ1ZrbkRpazVrWkFJcER3OFdCQjhGQlFodmRYUXRiV1Z1ZFI4RUFnSmtGZ0lDQVE4UEZnSWZBZ1VmUjBuaHVxSk9SeUJXU2NPS1RpQlU0YnV3SU1TUVNlRzdnazBnUkVGT1NHUmtBaXNQRHhZRUh3VUZDRzkxZEMxdFpXNTFId1FDQW1RV0FnSUJEdzhXQWg4Q0JRbFlSVTBnUTFURWtGUmtaQUl0RHc4V0JCOEZCUWh2ZFhRdGJXVnVkUjhFQWdKa0ZnSUNBUThQRmdJZkFnVUxXRVZOSUUzRGxFNGdWRkZrWkFJdkR3OFdCQjhGQlFodmRYUXRiV1Z1ZFI4RUFnSmtGZ0lDQVE4UEZnSWZBZ1VreEpERGdVNUlJRWRKdzRFZ1MrRzZ2bFFnVVZYaHVxSWdVc09JVGlCTVZWbmh1NFpPWkdRQ01ROFBGZ1FmQlFVSWIzVjBMVzFsYm5VZkJBSUNaQllDQWdFUER4WUNId0lGSnNTUXc0Rk9TQ0JIU2NPQklFdFJJRkxEaUU0Z1RGVlo0YnVHVGlCVFNVNUlJRlpKdzRwT1pHUUNNdzhQRmdZZkJRVUliM1YwTFcxbGJuVWZCQUlDSHdab1pCWUNBZ0VQRHhZQ0h3SUZFbFBodTZ4QklGUlVJRVBEZ1NCT1NNT0NUbVJrQWpVUER4WUdId1VGQ0c5MWRDMXRaVzUxSHdRQ0FoOEdaMlFXQWdJQkR3OFdBaDhDQlE1SHc1TlFJTU9kSUV0SjRicStUbVJrQWpjUER4WUdId1VGQ0c5MWRDMXRaVzUxSHdRQ0FoOEdhR1FXQW1ZUER4WUNId0lGRUZQaHU2eEJJRXpEblNCTTRidUtRMGhrWkFJNUR3OFdCQjhGQlFodmRYUXRiV1Z1ZFI4RUFnSmtGZ0lDQVE4UEZnSWZBZ1VWVVZYaHVxSk9JRXpEblNCVFNVNUlJRlpKdzRwT1pHUUNPdzhQRmdRZkJRVUliM1YwTFcxbGJuVWZCQUlDWkJZQ0FnRVBEeFlDSHdJRklrdmh1cjVVSUZGVjRicWlJRk5KVGtnZ1ZrbkRpazRneEpERGdVNUlJRWRKdzRGa1pBSTlEdzhXQkI4RkJRaHZkWFF0YldWdWRSOEVBZ0prWkFJL0R3OFdCQjhGQlFodmRYUXRiV1Z1ZFI4RUFnSmtGZ0lDQVE5a0ZnSm1EdzhXQWg4Q0JSbkVrTU9CVGtnZ1IwbkRnU0JIU2VHNm9rNUhJRVRodXFCWlpHUUNRUThQRmdRZkJRVUliM1YwTFcxbGJuVWZCQUlDWkJZQ0FnRVBEeFlDSHdJRkZNU1F4SUpPUnlCTHc1MGdWRWhKSUV6aHVxQkpaR1FDUXc4UEZnUWZCUVVJYjNWMExXMWxiblVmQkFJQ1pHUUNSUThQRmdRZkJRVUliM1YwTFcxbGJuVWZCQUlDWkJZQ0FnRVBEeFlDSHdJRkVzU1FTeUJEU0ZWWnc0cE9JRTVIdzRCT1NHUmtBa2NQRHhZRUh3VUZDRzkxZEMxdFpXNTFId1FDQW1Sa0Fra1BEeFlFSHdVRkNHOTFkQzF0Wlc1MUh3UUNBbVFXQWdJQkR3OFdBaDhDQlJaTFVTQll3NGxVSUZUaHU1QlVJRTVIU0VuaHU0WlFaR1FDU3c4UEZnUWZCUVVJYjNWMExXMWxiblVmQkFJQ1pCWUNBZ0VQRHhZQ0h3SUZIVXRSSUZqRGlWUWdWRW5odTRCT0lGVGh1NUJVSUU1SFNFbmh1NFpRWkdRQ1RROFBGZ1FmQlFVSWIzVjBMVzFsYm5VZkJBSUNaQllDQWdFUER4WUNId0lGR2tQRGdsVWdTT0c3amtrZ1ZFakdyK0c3bkU1SElFZmh1clpRWkdRQ1R3OFBGZ1FmQlFVSWIzVjBMVzFsYm5VZkJBSUNaQllDQWdFUER4WUNId0lGRThTUVN5QkxTTU9UUVNCTVZlRzZyRTRnVkU1a1pBSlJEdzhXQkI4RkJRaHZkWFF0YldWdWRSOEVBZ0prRmdJQ0FROFBGZ0lmQWdVT1Rramh1cXhRSU1TUVNlRzdnazFrWkFKVER3OFdCQjhGQlFodmRYUXRiV1Z1ZFI4RUFnSmtaQUpWRHc4V0JCOEZCUWh2ZFhRdGJXVnVkUjhFQWdKa1pBSlhEdzhXQkI4RkJRaHZkWFF0YldWdWRSOEVBZ0prWkFKWkR3OFdCQjhGQlFodmRYUXRiV1Z1ZFI4RUFnSmtGZ0lDQVE4UEZnSWZBZ1VlV0VWTklNU1FTZUc3Z2swZ1RjT1VUaUJIU2VHNm9rNUhJRVRodXFCWlpHUUNXdzhQRmdRZkJRVUliM1YwTFcxbGJuVWZCQUlDWkJZQ0FnRVBEeFlDSHdJRkhsaEZUU0RFa0VuaHU0Sk5JRlRodTVST1J5Qkk0YnVpVUNCTTRidWFVR1JrQWwwUER4WUVId1VGQ0c5MWRDMXRaVzUxSHdRQ0FtUVdBZ0lCRHc4V0FoOENCUlZKVGlCTFNPRzdrRWtnVE1hdjRidWlUa2NnUjBSa1pBSmZEdzhXQkI4RkJRaHZkWFF0YldWdWRSOEVBZ0prRmdJQ0FROFBGZ0lmQWdVT1ZWQk1UMEZFSU1TUVNlRzdnazFrWkFKaER3OFdCQjhGQlFodmRYUXRiV1Z1ZFI4RUFnSmtGZ0lDQVE4UEZnSWZBZ1VOVkV0Q0lFTGh1NWdnVGNPVVRtUmtBbU1QRHhZRUh3VUZDRzkxZEMxdFpXNTFId1FDQW1RV0FnSUJEdzhXQWg4Q0JSUk00YnVLUTBnZ1ZFaEpJRUxodTVnZ1RjT1VUbVJrQW1VUER4WUVId1VGQ0c5MWRDMXRaVzUxSHdRQ0FtUVdBZ0lCRHc4V0FoOENCU1pVU09HN2tFNUhJRXZEaWlCSFNlRzZvazVISUZaSnc0cE9JRVJWV2VHN2hsUWdTMUZFUzJSa0FtY1BEeFlFSHdVRkNHOTFkQzF0Wlc1MUh3UUNBbVFXQWdJQkR3OFdBaDhDQlNKWVJVMGdWT0c3bEU1SElFamh1NkpRSUV0UklFamh1NHhESUZUaHVxeFFJRk5XWkdRQ2FROFBGZ1FmQlFVSWIzVjBMVzFsYm5VZkJBSUNaR1FDYXc4UEZnUWZCUVVJYjNWMExXMWxiblVmQkFJQ1pCWUNaZzhQRmdJZkFnVVlTK0c2dmlCSVQrRzZvRU5JSUVqaHU0eERJRlRodXF4UVpHUUNiUThQRmdRZkJRVUliM1YwTFcxbGJuVWZCQUlDWkdRQ2J3OFBGZ1FmQlFVSWIzVjBMVzFsYm5VZkJBSUNaQllDQWdFUER4WUNId0lGRkVqR3IrRzdtazVISUVUaHVxcE9JTVNRUzAxSVpHUUNjUThQRmdRZkJRVUliM1YwTFcxbGJuVWZCQUlDWkJZQ0FnRVBEeFlDSHdJRklFNUk0YnFzVUNERWtPRzdpa0VnUTBqaHU0Z2dUa2podXF4T0lGUERnVU5JWkdRQ2N3OFBGZ1FmQlFVSWIzVjBMVzFsYm5VZkJBSUNaQllDQWdFUER4WUNId0lGSk1TUXhJSk9SeUJMdzUwZ1Rramh1cXhPSUZQRGdVTklJRTVIVDhPQVNTQkhTZUc3bkdSa0FuVVBEeFlFSHdVRkNHOTFkQzF0Wlc1MUh3UUNBbVFXQWdJQkR3OFdBaDhDQlJ2RWtNT0JUa2dnUjBuRGdTQkRTT0c2cEZRZ1RNYXY0YnVpVGtka1pBSjNEdzhXQkI4RkJRaHZkWFF0YldWdWRSOEVBZ0prRmdJQ0FROFBGZ0lmQWdVZnhKQXVTOE9kSUVUaHU3QWdUT0c3aENCVTRidVFWQ0JPUjBoSjRidUdVR1JrQW5rUER4WUVId1VGQ0c5MWRDMXRaVzUxSHdRQ0FtUVdBZ0lCRHc4V0FoOENCUk5PNGJ1WVVDQkRTT0c3cUU1SElFTkk0YnVJWkdRQ2V3OFBGZ1FmQlFVSWIzVjBMVzFsYm5VZkJBSUNaQllDQWdFUER4WUNId0lGSVZoRlRTREVrT0c3Z0NCRHhxL0dvRTVISUZSU1QwNUhJRUxodTVnZ1RjT1VUbVJrQW4wUER4WUVId1VGQ0c5MWRDMXRaVzUxSHdRQ0FtUVdBZ0lCRHc4V0FoOENCUmxFUVU1SUlGUERnVU5JSU1TUUxrdkRuU0JZdzRsVUlGUk9aR1FDZnc4UEZnUWZCUVVJYjNWMExXMWxiblVmQkFJQ1pCWUNBZ0VQRHhZQ0h3SUZIa1JCVGtnZ1U4T0JRMGdneEpBdVM4T2RJRVRodTdBZ1RPRzdoQ0JVVG1Sa0FvRUJEdzhXQkI4RkJRaHZkWFF0YldWdWRSOEVBZ0prRmdJQ0FROFBGZ0lmQWdVV1ZFakRsRTVISUZSSlRpQk1WZUc2ckU0Z1ZzU0NUbVJrQW9NQkR3OFdCQjhGQlFodmRYUXRiV1Z1ZFI4RUFnSmtGZ0lDQVE4UEZnSWZBZ1VqVkZKQklFUGh1NmhWSUZSSXc1Uk9SeUJVU1U0Z1ZPRzdrRlFnVGtkSVNlRzdobEJrWkFLRkFROFBGZ1FmQlFVSWIzVjBMVzFsYm5VZkJBSUNaQllDQWdFUER4WUNId0lGRUVQaHU3QlZJRk5KVGtnZ1ZrbkRpazVrWkFLSEFROFBGZ1FmQlFVSWIzVjBMVzFsYm5VZkJBSUNaQllDQWdFUER4WUNId0lGRjhTUXhJSk9SeUJMdzUwZ1dNT0pWQ0JVVlZuaHU0Sk9aR1FDaVFFUER4WUVId1VGQ0c5MWRDMXRaVzUxSHdRQ0FtUVdBZ0lCRHc4V0FoOENCU0JVU01PVVRrY2dWRWxPSUVqaHU1SWdVOGFnSUZSVldlRzdnazRnVTBsT1NHUmtBb3NCRHc4V0JCOEZCUWh2ZFhRdGJXVnVkUjhFQWdKa1pBS05BUThQRmdRZkJRVUliM1YwTFcxbGJuVWZCQUlDWkJZQ0FnRVBEeFlDSHdJRkYwakRrMEVneEpER29FNGd4SkJKNGJ1R1RpQlU0YnVzWkdRQ2p3RVBEeFlFSHdVRkNHOTFkQzF0Wlc1MUh3UUNBbVFXQWdJQkR3OFdBaDhDQlJaT1Iwamh1NGdnUk9HNm9Ga2dST0c2b0ZrZ1FzT1paR1FDa1FFUER4WUVId1VGQ0c5MWRDMXRaVzUxSHdRQ0FtUVdBZ0lCRHc4V0FoOENCUmZFa01TQ1RrY2dTOE9kSUU1SFNPRzdpQ0JRU01PSlVHUmtBcE1CRHc4V0JCOEZCUWh2ZFhRdGJXVnVkUjhFQWdKa0ZnSUNBUThQRmdJZkFnVVN4SkRFZ2s1SElFdkRuU0JEVDBrZ1ZFaEpaR1FDbFFFUER4WUVId1VGQ0c5MWRDMXRaVzUxSHdRQ0FtUVdBZ0lCRHc4V0FoOENCUkpZUlUwZ1RPRzdpa05JSUVOUFNTQlVTRWxrWkFLWEFROFBGZ1FmQlFVSWIzVjBMVzFsYm5VZkJBSUNaQllDQWdFUER4WUNId0lGRzB0UklFNUhTRW5EaWs0Z1ErRzdxRlVnUzBoUFFTQkk0YnVNUTJSa0Fwa0JEdzhXQkI4RkJRaHZkWFF0YldWdWRSOEVBZ0prRmdJQ0FROFBGZ0lmQWdVY1dFVk5JTVNRNGJ1QUlGVERnRWtnVGtOTFNDQlVTRUZOSUVkSlFXUmtBcHNCRHc4V0JCOEZCUWh2ZFhRdGJXVnVkUjhFQWdKa0ZnSUNBUTlrRmdKbUR3OFdBaDhDQlNURWtNU0NUa2NnUzhPZElGaEpUaUJIU2VHNnBGa2dRMGpodTZoT1J5Qk9TT0c2ckU1a1pBS2RBUThQRmdRZkJRVUliM1YwTFcxbGJuVWZCQUlDWkJZQ0FnRVBaQllDWmc4UEZnSWZBZ1VaUStHNnJGQWdUa2podXF4VUlFNUhUK0c2b0VrZ1ZGTERtbVJrQXA4QkR3OFdCQjhGQlFodmRYUXRiV1Z1ZFI4RUFnSmtGZ0lDQVE4UEZnSWZBZ1ViUStHNnJGQWdUa2podXF4VUlGUkl4cS9odTV4T1J5QlVVc09hWkdRQ29RRVBEeFlFSHdVRkNHOTFkQzF0Wlc1MUh3UUNBbVFXQWdJQkR3OFdBaDhDQlJWRDRicW9UU0JPUVU1SElGTkpUa2dnVmtuRGlrNWtaQUtqQVE4UEZnUWZCUVVJYjNWMExXMWxiblVmQkFJQ1pCWUNBZ0VQRHhZQ0h3SUZIbGhGVFNCTVZlRzZyRTRnVnNTQ1RpQlU0YnVRVkNCT1IwaEo0YnVHVUdSa0FxVUJEdzhXQkI4RkJRaHZkWFF0YldWdWRSOEVBZ0prRmdJQ0FROFBGZ0lmQWdVZVdFVk5JRXhWNGJxc1RpQld4SUpPSUVqR3IrRzdtazVISUVUaHVxcE9aR1FDcHdFUER4WUVId1VGQ0c5MWRDMXRaVzUxSHdRQ0FtUVdBZ0lCRHc4V0FoOENCUjFZUlUwZ1RGWGh1cXhPSUZiRWdrNGdVRWpodXFKT0lFSko0YnVHVG1Sa0Fxa0JEdzhXQkI4RkJRaHZkWFF0YldWdWRSOEVBZ0prRmdJQ0FROFBGZ0lmQWdVa1FzT0JUeUJDU2VHN2dsVWdVRWpodTZSRElGYmh1NlFnVE1PRFRrZ2d4SkRodXFCUFpHUUNxd0VQRHhZRUh3VUZDRzkxZEMxdFpXNTFId1FDQW1RV0FnSUJEdzhXQWg4Q0JSeFVTT0c3a0U1SElFdkRpaURFa01PVFRrY2dTRkFnVDA1TVNVNUZaR1FDclFFUER4WUVId1VGQ0c5MWRDMXRaVzUxSHdRQ0FtUVdBZ0lCRHc4V0FoOENCUmZFa01TQ1RrY2dTOE9kSUV2RG5TQlV3NXBESUZqRGdXUmtBcThCRHc4V0JCOEZCUWh2ZFhRdGJXVnVkUjhFQWdKa0ZnSUNBUThQRmdJZkFnVVlWRWhCVGtnZ1ZFL0RnVTRnUzhPZElGVERta01nV01PQlpHUUNzUUVQRHhZRUh3VUZDRzkxZEMxdFpXNTFId1FDQW1RV0FnSUJEdzhXQWg4Q0JTSkQ0YnFzVUNCT1NPRzZyRlFnVE1PZElFemh1NHBEU0NCTFNFOUJJRWpodTR4RFpHUUNzd0VQRHhZRUh3VUZDRzkxZEMxdFpXNTFId1FDQW1RV0FnSUJEdzhXQWg4Q0JSZEQ0YnFzVUNCT1NPRzZyRlFnVkM1VVNVNGdRa2haVkdSa0FyVUJEdzhXQkI4RkJRaHZkWFF0YldWdWRSOEVBZ0prRmdJQ0FROFBGZ0lmQWdVV1dFVk5JTVNRU2VHN2drMGd4SkREZ3lCRTRicWdXV1JrQXJjQkR3OFdCQjhGQlFodmRYUXRiV1Z1ZFI4RUFnSmtGZ0lDQVE4UEZnSWZBZ1VaU1U0Z1M4T0tJRXRJUVVrZ1Iwbmh1NXdnUjBuaHVxSk9SMlJrQXJrQkR3OFdCQjhGQlFodmRYUXRiV1Z1ZFI4RUFnSmtaQUs3QVE4UEZnUWZCUVVJYjNWMExXMWxiblVmQkFJQ1pHUUN2UUVQRHhZRUh3VUZDRzkxZEMxdFpXNTFId1FDQW1Sa0FyOEJEdzhXQkI4RkJRaHZkWFF0YldWdWRSOEVBZ0prWkFMQkFROFBGZ1FmQlFVSWIzVjBMVzFsYm5VZkJBSUNaR1FDQnc5a0ZnSUNBUTlrRmdKbUQyUVdCZ0lCRHhBUEZnUWZBZ1VQVkcvRG9HNGdkSExHc09HN25XNW5Id1pvWkdSa1pBSUREeEFQRmdRZkFnVVpROE9oSUc1b3c2SnVJRzVueHJEaHU1MXBJR1REdVc1bk9oOEdhR1JrWkdRQ0JROFBGZ0lmQWdVYlRtamh1cTF3SUczRG95Qno0YnVSSUdQaHVxZHVJSGhsYlRvZ1pHUUNDUTlrRmdnQ0FROFBGZ0lmQWdWNVEyOXdlWEpwWjJoMElNS3BNakF3T1NCVWNzYXc0YnVkYm1jZ3hKQklJRlBEb0drZ1I4T3liaTNFa09HNm9Xa2dhT0c3aldNZ1kyakRyVzVvSUhGMWVTNGdVWFhodXFOdUlHekR2U0JpNGJ1ZmFTRGh1Nlo1SUdKaGJpQnVhTU9pYmlCa3c2SnVJRlJRTGlCSTRidVRJRU5vdzYwZ1RXbHVhR1JrQWdNUER4WUNId0lGQzFSeVlXNW5JRU5vNGJ1blpHUUNCUThQRmdJZkFnVXRWR2hwNGJxL2RDQnI0YnEvSUdMaHU1OXBJR04wZVNCUWFPRzZwMjRnYmVHN2dXMGdRVzVvSUZGMXc2SnVaR1FDQnc4UEZnSWZBZ1VNeEpEaHVxZDFJRlJ5WVc1blpHUmtRZ2MvZmRLWFN2VGJzMzZJdWc5SUpPT0w0VkU9IiBDb3JyZWxhdGlvbkJpbmRpbmc9IiIgVXJsRW5jb2RlPSJUcnVlIiAvPg0KICAgICAgICA8Rm9ybVBvc3RQYXJhbWV0ZXIgTmFtZT0iX19WSUVXU1RBVEVHRU5FUkFUT1IiIFZhbHVlPSJ7eyRISURERU4xLl9fVklFV1NUQVRFR0VORVJBVE9SfX0iIFJlY29yZGVkVmFsdWU9IkNBMEIwMzM0IiBDb3JyZWxhdGlvbkJpbmRpbmc9IiIgVXJsRW5jb2RlPSJUcnVlIiAvPg0KICAgICAgICA8Rm9ybVBvc3RQYXJhbWV0ZXIgTmFtZT0iY3RsMDAkQ29udGVudFBsYWNlSG9sZGVyMSRjdGwwMCR0eHRNYVNWIiBWYWx1ZT0iMzExOTQxMTA0MiIgUmVjb3JkZWRWYWx1ZT0iMzExOTQxMTA0MiIgQ29ycmVsYXRpb25CaW5kaW5nPSIiIFVybEVuY29kZT0iVHJ1ZSIgLz4NCiAgICAgICAgPEZvcm1Qb3N0UGFyYW1ldGVyIE5hbWU9ImN0bDAwJENvbnRlbnRQbGFjZUhvbGRlcjEkY3RsMDAkYnRuT0siIFZhbHVlPSJPSyIgUmVjb3JkZWRWYWx1ZT0iT0siIENvcnJlbGF0aW9uQmluZGluZz0ie3tGb3JtUG9zdFBhcmFtMjEuY3RsMDAkQ29udGVudFBsYWNlSG9sZGVyMSRjdGwwMCRidG5PS319IiBVcmxFbmNvZGU9IlRydWUiIC8+DQogICAgICA8L0Zvcm1Qb3N0SHR0cEJvZHk+DQogICAgPC9SZXF1ZXN0Pg0KICAgIDxSZXF1ZXN0IE1ldGhvZD0iR0VUIiBHdWlkPSI1YWNhNTI5Ny0wNmYwLTQxNjctODYyYS00Y2NmYzg4MGMxYzUiIFZlcnNpb249IjEuMSIgVXJsPSJodHRwOi8vdGhvbmd0aW5kYW90YW8uc2d1LmVkdS52bi9EZWZhdWx0LmFzcHgiIFRoaW5rVGltZT0iMCIgVGltZW91dD0iMzAwIiBQYXJzZURlcGVuZGVudFJlcXVlc3RzPSJUcnVlIiBGb2xsb3dSZWRpcmVjdHM9IlRydWUiIFJlY29yZFJlc3VsdD0iVHJ1ZSIgQ2FjaGU9IkZhbHNlIiBSZXNwb25zZVRpbWVHb2FsPSIwIiBFbmNvZGluZz0idXRmLTgiIEV4cGVjdGVkSHR0cFN0YXR1c0NvZGU9IjAiIEV4cGVjdGVkUmVzcG9uc2VVcmw9IiIgUmVwb3J0aW5nTmFtZT0iIiBJZ25vcmVIdHRwU3RhdHVzQ29kZT0iRmFsc2UiPg0KICAgICAgPERlcGVuZGVudFJlcXVlc3RzPg0KICAgICAgICA8UmVxdWVzdCBNZXRob2Q9IlBPU1QiIEd1aWQ9IjU2MTg0NGI0LTllOTYtNDU4Ni1hYzI4LTc3MWY4OWFhODU5OSIgVmVyc2lvbj0iMS4xIiBVcmw9Imh0dHA6Ly90aG9uZ3RpbmRhb3Rhby5zZ3UuZWR1LnZuL0RlZmF1bHQuYXNweCIgVGhpbmtUaW1lPSI3IiBUaW1lb3V0PSIzMDAiIFBhcnNlRGVwZW5kZW50UmVxdWVzdHM9IlRydWUiIEZvbGxvd1JlZGlyZWN0cz0iVHJ1ZSIgUmVjb3JkUmVzdWx0PSJUcnVlIiBDYWNoZT0iRmFsc2UiIFJlc3BvbnNlVGltZUdvYWw9IjAiIEVuY29kaW5nPSJ1dGYtOCIgRXhwZWN0ZWRIdHRwU3RhdHVzQ29kZT0iMCIgRXhwZWN0ZWRSZXNwb25zZVVybD0iIiBSZXBvcnRpbmdOYW1lPSIiIElnbm9yZUh0dHBTdGF0dXNDb2RlPSJGYWxzZSI+DQogICAgICAgICAgPEhlYWRlcnM+DQogICAgICAgICAgICA8SGVhZGVyIE5hbWU9IlJlZmVyZXIiIFZhbHVlPSJodHRwOi8vdGhvbmd0aW5kYW90YW8uc2d1LmVkdS52bi9EZWZhdWx0LmFzcHg/cGFnZT14ZW1kaWVtdGhpJmFtcDtpZD0zMTE5NDExMDQyIiAvPg0KICAgICAgICAgIDwvSGVhZGVycz4NCiAgICAgICAgICA8RXh0cmFjdGlvblJ1bGVzPg0KICAgICAgICAgICAgPEV4dHJhY3Rpb25SdWxlIENsYXNzbmFtZT0iTWljcm9zb2Z0LlZpc3VhbFN0dWRpby5UZXN0VG9vbHMuV2ViVGVzdGluZy5SdWxlcy5FeHRyYWN0SGlkZGVuRmllbGRzLCBNaWNyb3NvZnQuVmlzdWFsU3R1ZGlvLlF1YWxpdHlUb29scy5XZWJUZXN0RnJhbWV3b3JrLCBWZXJzaW9uPTEwLjAuMC4wLCBDdWx0dXJlPW5ldXRyYWwsIFB1YmxpY0tleVRva2VuPWIwM2Y1ZjdmMTFkNTBhM2EiIFZhcmlhYmxlTmFtZT0iMSIgRGlzcGxheU5hbWU9IkV4dHJhY3QgSGlkZGVuIEZpZWxkcyIgRGVzY3JpcHRpb249IkV4dHJhY3QgYWxsIGhpZGRlbiBmaWVsZHMgZnJvbSB0aGUgcmVzcG9uc2UgYW5kIHBsYWNlIHRoZW0gaW50byB0aGUgdGVzdCBjb250ZXh0LiI+DQogICAgICAgICAgICAgIDxSdWxlUGFyYW1ldGVycz4NCiAgICAgICAgICAgICAgICA8UnVsZVBhcmFtZXRlciBOYW1lPSJSZXF1aXJlZCIgVmFsdWU9IlRydWUiIC8+DQogICAgICAgICAgICAgICAgPFJ1bGVQYXJhbWV0ZXIgTmFtZT0iSHRtbERlY29kZSIgVmFsdWU9IlRydWUiIC8+DQogICAgICAgICAgICAgIDwvUnVsZVBhcmFtZXRlcnM+DQogICAgICAgICAgICA8L0V4dHJhY3Rpb25SdWxlPg0KICAgICAgICAgIDwvRXh0cmFjdGlvblJ1bGVzPg0KICAgICAgICAgIDxDb3JyZWxhdGlvbkV4dHJhY3Rpb25SdWxlcz4NCiAgICAgICAgICAgIDxFeHRyYWN0aW9uUnVsZSBDbGFzc25hbWU9Ik1pY3Jvc29mdC5WaXN1YWxTdHVkaW8uVGVzdFRvb2xzLldlYlRlc3RpbmcuUnVsZXMuRXh0cmFjdFRleHQsIE1pY3Jvc29mdC5WaXN1YWxTdHVkaW8uUXVhbGl0eVRvb2xzLldlYlRlc3RGcmFtZXdvcmssIFZlcnNpb249MTAuMC4wLjAsIEN1bHR1cmU9bmV1dHJhbCwgUHVibGljS2V5VG9rZW49YjAzZjVmN2YxMWQ1MGEzYSIgVmFyaWFibGVOYW1lPSJRdWVyeVN0cmluZ1BhcmFtNDEucGFnZSIgRGlzcGxheU5hbWU9IiIgRGVzY3JpcHRpb249IiI+DQogICAgICAgICAgICAgIDxSdWxlUGFyYW1ldGVycz4NCiAgICAgICAgICAgICAgICA8UnVsZVBhcmFtZXRlciBOYW1lPSJTdGFydHNXaXRoIiBWYWx1ZT0iP3BhZ2U9IiAvPg0KICAgICAgICAgICAgICAgIDxSdWxlUGFyYW1ldGVyIE5hbWU9IkVuZHNXaXRoIiBWYWx1ZT0iJmFtcDsiIC8+DQogICAgICAgICAgICAgICAgPFJ1bGVQYXJhbWV0ZXIgTmFtZT0iSW5kZXgiIFZhbHVlPSIwIiAvPg0KICAgICAgICAgICAgICAgIDxSdWxlUGFyYW1ldGVyIE5hbWU9Iklnbm9yZUNhc2UiIFZhbHVlPSJGYWxzZSIgLz4NCiAgICAgICAgICAgICAgICA8UnVsZVBhcmFtZXRlciBOYW1lPSJVc2VSZWd1bGFyRXhwcmVzc2lvbiIgVmFsdWU9IkZhbHNlIiAvPg0KICAgICAgICAgICAgICAgIDxSdWxlUGFyYW1ldGVyIE5hbWU9Ikh0bWxEZWNvZGUiIFZhbHVlPSJUcnVlIiAvPg0KICAgICAgICAgICAgICAgIDxSdWxlUGFyYW1ldGVyIE5hbWU9IlJlcXVpcmVkIiBWYWx1ZT0iRmFsc2UiIC8+DQogICAgICAgICAgICAgIDwvUnVsZVBhcmFtZXRlcnM+DQogICAgICAgICAgICA8L0V4dHJhY3Rpb25SdWxlPg0KICAgICAgICAgICAgPEV4dHJhY3Rpb25SdWxlIENsYXNzbmFtZT0iTWljcm9zb2Z0LlZpc3VhbFN0dWRpby5UZXN0VG9vbHMuV2ViVGVzdGluZy5SdWxlcy5FeHRyYWN0VGV4dCwgTWljcm9zb2Z0LlZpc3VhbFN0dWRpby5RdWFsaXR5VG9vbHMuV2ViVGVzdEZyYW1ld29yaywgVmVyc2lvbj0xMC4wLjAuMCwgQ3VsdHVyZT1uZXV0cmFsLCBQdWJsaWNLZXlUb2tlbj1iMDNmNWY3ZjExZDUwYTNhIiBWYXJpYWJsZU5hbWU9IlF1ZXJ5U3RyaW5nUGFyYW00Mi5pZCIgRGlzcGxheU5hbWU9IiIgRGVzY3JpcHRpb249IiI+DQogICAgICAgICAgICAgIDxSdWxlUGFyYW1ldGVycz4NCiAgICAgICAgICAgICAgICA8UnVsZVBhcmFtZXRlciBOYW1lPSJTdGFydHNXaXRoIiBWYWx1ZT0iJmFtcDthbXA7aWQ9IiAvPg0KICAgICAgICAgICAgICAgIDxSdWxlUGFyYW1ldGVyIE5hbWU9IkVuZHNXaXRoIiBWYWx1ZT0iJnF1b3Q7IiAvPg0KICAgICAgICAgICAgICAgIDxSdWxlUGFyYW1ldGVyIE5hbWU9IkluZGV4IiBWYWx1ZT0iMCIgLz4NCiAgICAgICAgICAgICAgICA8UnVsZVBhcmFtZXRlciBOYW1lPSJJZ25vcmVDYXNlIiBWYWx1ZT0iRmFsc2UiIC8+DQogICAgICAgICAgICAgICAgPFJ1bGVQYXJhbWV0ZXIgTmFtZT0iVXNlUmVndWxhckV4cHJlc3Npb24iIFZhbHVlPSJGYWxzZSIgLz4NCiAgICAgICAgICAgICAgICA8UnVsZVBhcmFtZXRlciBOYW1lPSJIdG1sRGVjb2RlIiBWYWx1ZT0iVHJ1ZSIgLz4NCiAgICAgICAgICAgICAgICA8UnVsZVBhcmFtZXRlciBOYW1lPSJSZXF1aXJlZCIgVmFsdWU9IkZhbHNlIiAvPg0KICAgICAgICAgICAgICA8L1J1bGVQYXJhbWV0ZXJzPg0KICAgICAgICAgICAgPC9FeHRyYWN0aW9uUnVsZT4NCiAgICAgICAgICAgIDxFeHRyYWN0aW9uUnVsZSBDbGFzc25hbWU9Ik1pY3Jvc29mdC5WaXN1YWxTdHVkaW8uVGVzdFRvb2xzLldlYlRlc3RpbmcuUnVsZXMuRXh0cmFjdFRleHQsIE1pY3Jvc29mdC5WaXN1YWxTdHVkaW8uUXVhbGl0eVRvb2xzLldlYlRlc3RGcmFtZXdvcmssIFZlcnNpb249MTAuMC4wLjAsIEN1bHR1cmU9bmV1dHJhbCwgUHVibGljS2V5VG9rZW49YjAzZjVmN2YxMWQ1MGEzYSIgVmFyaWFibGVOYW1lPSJGb3JtUG9zdFBhcmFtMjYuX19WSUVXU1RBVEUiIERpc3BsYXlOYW1lPSIiIERlc2NyaXB0aW9uPSIiPg0KICAgICAgICAgICAgICA8UnVsZVBhcmFtZXRlcnM+DQogICAgICAgICAgICAgICAgPFJ1bGVQYXJhbWV0ZXIgTmFtZT0iU3RhcnRzV2l0aCIgVmFsdWU9Imx1ZT0mcXVvdDsiIC8+DQogICAgICAgICAgICAgICAgPFJ1bGVQYXJhbWV0ZXIgTmFtZT0iRW5kc1dpdGgiIFZhbHVlPSImcXVvdDsgLyZndDsmI3hEOyIgLz4NCiAgICAgICAgICAgICAgICA8UnVsZVBhcmFtZXRlciBOYW1lPSJJbmRleCIgVmFsdWU9IjIiIC8+DQogICAgICAgICAgICAgICAgPFJ1bGVQYXJhbWV0ZXIgTmFtZT0iSWdub3JlQ2FzZSIgVmFsdWU9IkZhbHNlIiAvPg0KICAgICAgICAgICAgICAgIDxSdWxlUGFyYW1ldGVyIE5hbWU9IlVzZVJlZ3VsYXJFeHByZXNzaW9uIiBWYWx1ZT0iRmFsc2UiIC8+DQogICAgICAgICAgICAgICAgPFJ1bGVQYXJhbWV0ZXIgTmFtZT0iSHRtbERlY29kZSIgVmFsdWU9IlRydWUiIC8+DQogICAgICAgICAgICAgICAgPFJ1bGVQYXJhbWV0ZXIgTmFtZT0iUmVxdWlyZWQiIFZhbHVlPSJGYWxzZSIgLz4NCiAgICAgICAgICAgICAgPC9SdWxlUGFyYW1ldGVycz4NCiAgICAgICAgICAgIDwvRXh0cmFjdGlvblJ1bGU+DQogICAgICAgICAgICA8RXh0cmFjdGlvblJ1bGUgQ2xhc3NuYW1lPSJNaWNyb3NvZnQuVmlzdWFsU3R1ZGlvLlRlc3RUb29scy5XZWJUZXN0aW5nLlJ1bGVzLkV4dHJhY3RUZXh0LCBNaWNyb3NvZnQuVmlzdWFsU3R1ZGlvLlF1YWxpdHlUb29scy5XZWJUZXN0RnJhbWV3b3JrLCBWZXJzaW9uPTEwLjAuMC4wLCBDdWx0dXJlPW5ldXRyYWwsIFB1YmxpY0tleVRva2VuPWIwM2Y1ZjdmMTFkNTBhM2EiIFZhcmlhYmxlTmFtZT0iRm9ybVBvc3RQYXJhbTI3Ll9fVklFV1NUQVRFR0VORVJBVE9SIiBEaXNwbGF5TmFtZT0iIiBEZXNjcmlwdGlvbj0iIj4NCiAgICAgICAgICAgICAgPFJ1bGVQYXJhbWV0ZXJzPg0KICAgICAgICAgICAgICAgIDxSdWxlUGFyYW1ldGVyIE5hbWU9IlN0YXJ0c1dpdGgiIFZhbHVlPSJsdWU9JnF1b3Q7IiAvPg0KICAgICAgICAgICAgICAgIDxSdWxlUGFyYW1ldGVyIE5hbWU9IkVuZHNXaXRoIiBWYWx1ZT0iJnF1b3Q7IC8mZ3Q7JiN4RDsiIC8+DQogICAgICAgICAgICAgICAgPFJ1bGVQYXJhbWV0ZXIgTmFtZT0iSW5kZXgiIFZhbHVlPSIzIiAvPg0KICAgICAgICAgICAgICAgIDxSdWxlUGFyYW1ldGVyIE5hbWU9Iklnbm9yZUNhc2UiIFZhbHVlPSJGYWxzZSIgLz4NCiAgICAgICAgICAgICAgICA8UnVsZVBhcmFtZXRlciBOYW1lPSJVc2VSZWd1bGFyRXhwcmVzc2lvbiIgVmFsdWU9IkZhbHNlIiAvPg0KICAgICAgICAgICAgICAgIDxSdWxlUGFyYW1ldGVyIE5hbWU9Ikh0bWxEZWNvZGUiIFZhbHVlPSJUcnVlIiAvPg0KICAgICAgICAgICAgICAgIDxSdWxlUGFyYW1ldGVyIE5hbWU9IlJlcXVpcmVkIiBWYWx1ZT0iRmFsc2UiIC8+DQogICAgICAgICAgICAgIDwvUnVsZVBhcmFtZXRlcnM+DQogICAgICAgICAgICA8L0V4dHJhY3Rpb25SdWxlPg0KICAgICAgICAgICAgPEV4dHJhY3Rpb25SdWxlIENsYXNzbmFtZT0iTWljcm9zb2Z0LlZpc3VhbFN0dWRpby5UZXN0VG9vbHMuV2ViVGVzdGluZy5SdWxlcy5FeHRyYWN0VGV4dCwgTWljcm9zb2Z0LlZpc3VhbFN0dWRpby5RdWFsaXR5VG9vbHMuV2ViVGVzdEZyYW1ld29yaywgVmVyc2lvbj0xMC4wLjAuMCwgQ3VsdHVyZT1uZXV0cmFsLCBQdWJsaWNLZXlUb2tlbj1iMDNmNWY3ZjExZDUwYTNhIiBWYXJpYWJsZU5hbWU9IkZvcm1Qb3N0UGFyYW0yOC5jdGwwMCRDb250ZW50UGxhY2VIb2xkZXIxJGN0bDAwJHR4dENob25ISyIgRGlzcGxheU5hbWU9IiIgRGVzY3JpcHRpb249IiI+DQogICAgICAgICAgICAgIDxSdWxlUGFyYW1ldGVycz4NCiAgICAgICAgICAgICAgICA8UnVsZVBhcmFtZXRlciBOYW1lPSJTdGFydHNXaXRoIiBWYWx1ZT0ibHVlPSZxdW90OyIgLz4NCiAgICAgICAgICAgICAgICA8UnVsZVBhcmFtZXRlciBOYW1lPSJFbmRzV2l0aCIgVmFsdWU9IiZxdW90OyBpZD0iIC8+DQogICAgICAgICAgICAgICAgPFJ1bGVQYXJhbWV0ZXIgTmFtZT0iSW5kZXgiIFZhbHVlPSI5IiAvPg0KICAgICAgICAgICAgICAgIDxSdWxlUGFyYW1ldGVyIE5hbWU9Iklnbm9yZUNhc2UiIFZhbHVlPSJGYWxzZSIgLz4NCiAgICAgICAgICAgICAgICA8UnVsZVBhcmFtZXRlciBOYW1lPSJVc2VSZWd1bGFyRXhwcmVzc2lvbiIgVmFsdWU9IkZhbHNlIiAvPg0KICAgICAgICAgICAgICAgIDxSdWxlUGFyYW1ldGVyIE5hbWU9Ikh0bWxEZWNvZGUiIFZhbHVlPSJUcnVlIiAvPg0KICAgICAgICAgICAgICAgIDxSdWxlUGFyYW1ldGVyIE5hbWU9IlJlcXVpcmVkIiBWYWx1ZT0iRmFsc2UiIC8+DQogICAgICAgICAgICAgIDwvUnVsZVBhcmFtZXRlcnM+DQogICAgICAgICAgICA8L0V4dHJhY3Rpb25SdWxlPg0KICAgICAgICAgICAgPEV4dHJhY3Rpb25SdWxlIENsYXNzbmFtZT0iTWljcm9zb2Z0LlZpc3VhbFN0dWRpby5UZXN0VG9vbHMuV2ViVGVzdGluZy5SdWxlcy5FeHRyYWN0VGV4dCwgTWljcm9zb2Z0LlZpc3VhbFN0dWRpby5RdWFsaXR5VG9vbHMuV2ViVGVzdEZyYW1ld29yaywgVmVyc2lvbj0xMC4wLjAuMCwgQ3VsdHVyZT1uZXV0cmFsLCBQdWJsaWNLZXlUb2tlbj1iMDNmNWY3ZjExZDUwYTNhIiBWYXJpYWJsZU5hbWU9IlF1ZXJ5U3RyaW5nUGFyYW00My5wYWdlIiBEaXNwbGF5TmFtZT0iIiBEZXNjcmlwdGlvbj0iIj4NCiAgICAgICAgICAgICAgPFJ1bGVQYXJhbWV0ZXJzPg0KICAgICAgICAgICAgICAgIDxSdWxlUGFyYW1ldGVyIE5hbWU9IlN0YXJ0c1dpdGgiIFZhbHVlPSI/cGFnZT0iIC8+DQogICAgICAgICAgICAgICAgPFJ1bGVQYXJhbWV0ZXIgTmFtZT0iRW5kc1dpdGgiIFZhbHVlPSImYW1wOyIgLz4NCiAgICAgICAgICAgICAgICA8UnVsZVBhcmFtZXRlciBOYW1lPSJJbmRleCIgVmFsdWU9IjAiIC8+DQogICAgICAgICAgICAgICAgPFJ1bGVQYXJhbWV0ZXIgTmFtZT0iSWdub3JlQ2FzZSIgVmFsdWU9IkZhbHNlIiAvPg0KICAgICAgICAgICAgICAgIDxSdWxlUGFyYW1ldGVyIE5hbWU9IlVzZVJlZ3VsYXJFeHByZXNzaW9uIiBWYWx1ZT0iRmFsc2UiIC8+DQogICAgICAgICAgICAgICAgPFJ1bGVQYXJhbWV0ZXIgTmFtZT0iSHRtbERlY29kZSIgVmFsdWU9IlRydWUiIC8+DQogICAgICAgICAgICAgICAgPFJ1bGVQYXJhbWV0ZXIgTmFtZT0iUmVxdWlyZWQiIFZhbHVlPSJGYWxzZSIgLz4NCiAgICAgICAgICAgICAgPC9SdWxlUGFyYW1ldGVycz4NCiAgICAgICAgICAgIDwvRXh0cmFjdGlvblJ1bGU+DQogICAgICAgICAgICA8RXh0cmFjdGlvblJ1bGUgQ2xhc3NuYW1lPSJNaWNyb3NvZnQuVmlzdWFsU3R1ZGlvLlRlc3RUb29scy5XZWJUZXN0aW5nLlJ1bGVzLkV4dHJhY3RUZXh0LCBNaWNyb3NvZnQuVmlzdWFsU3R1ZGlvLlF1YWxpdHlUb29scy5XZWJUZXN0RnJhbWV3b3JrLCBWZXJzaW9uPTEwLjAuMC4wLCBDdWx0dXJlPW5ldXRyYWwsIFB1YmxpY0tleVRva2VuPWIwM2Y1ZjdmMTFkNTBhM2EiIFZhcmlhYmxlTmFtZT0iUXVlcnlTdHJpbmdQYXJhbTQ0LmlkIiBEaXNwbGF5TmFtZT0iIiBEZXNjcmlwdGlvbj0iIj4NCiAgICAgICAgICAgICAgPFJ1bGVQYXJhbWV0ZXJzPg0KICAgICAgICAgICAgICAgIDxSdWxlUGFyYW1ldGVyIE5hbWU9IlN0YXJ0c1dpdGgiIFZhbHVlPSImYW1wO2FtcDtpZD0iIC8+DQogICAgICAgICAgICAgICAgPFJ1bGVQYXJhbWV0ZXIgTmFtZT0iRW5kc1dpdGgiIFZhbHVlPSImcXVvdDsiIC8+DQogICAgICAgICAgICAgICAgPFJ1bGVQYXJhbWV0ZXIgTmFtZT0iSW5kZXgiIFZhbHVlPSIwIiAvPg0KICAgICAgICAgICAgICAgIDxSdWxlUGFyYW1ldGVyIE5hbWU9Iklnbm9yZUNhc2UiIFZhbHVlPSJGYWxzZSIgLz4NCiAgICAgICAgICAgICAgICA8UnVsZVBhcmFtZXRlciBOYW1lPSJVc2VSZWd1bGFyRXhwcmVzc2lvbiIgVmFsdWU9IkZhbHNlIiAvPg0KICAgICAgICAgICAgICAgIDxSdWxlUGFyYW1ldGVyIE5hbWU9Ikh0bWxEZWNvZGUiIFZhbHVlPSJUcnVlIiAvPg0KICAgICAgICAgICAgICAgIDxSdWxlUGFyYW1ldGVyIE5hbWU9IlJlcXVpcmVkIiBWYWx1ZT0iRmFsc2UiIC8+DQogICAgICAgICAgICAgIDwvUnVsZVBhcmFtZXRlcnM+DQogICAgICAgICAgICA8L0V4dHJhY3Rpb25SdWxlPg0KICAgICAgICAgICAgPEV4dHJhY3Rpb25SdWxlIENsYXNzbmFtZT0iTWljcm9zb2Z0LlZpc3VhbFN0dWRpby5UZXN0VG9vbHMuV2ViVGVzdGluZy5SdWxlcy5FeHRyYWN0Rm9ybUZpZWxkLCBNaWNyb3NvZnQuVmlzdWFsU3R1ZGlvLlF1YWxpdHlUb29scy5XZWJUZXN0RnJhbWV3b3JrLCBWZXJzaW9uPTEwLjAuMC4wLCBDdWx0dXJlPW5ldXRyYWwsIFB1YmxpY0tleVRva2VuPWIwM2Y1ZjdmMTFkNTBhM2EiIFZhcmlhYmxlTmFtZT0iRm9ybVBvc3RQYXJhbTI5LmN0bDAwJENvbnRlbnRQbGFjZUhvbGRlcjEkY3RsMDAkdHh0Q2hvbkhLIiBEaXNwbGF5TmFtZT0iIiBEZXNjcmlwdGlvbj0iIj4NCiAgICAgICAgICAgICAgPFJ1bGVQYXJhbWV0ZXJzPg0KICAgICAgICAgICAgICAgIDxSdWxlUGFyYW1ldGVyIE5hbWU9Ik5hbWUiIFZhbHVlPSJjdGwwMF9Db250ZW50UGxhY2VIb2xkZXIxX2N0bDAwX3R4dENob25ISyIgLz4NCiAgICAgICAgICAgICAgICA8UnVsZVBhcmFtZXRlciBOYW1lPSJIdG1sRGVjb2RlIiBWYWx1ZT0iVHJ1ZSIgLz4NCiAgICAgICAgICAgICAgICA8UnVsZVBhcmFtZXRlciBOYW1lPSJSZXF1aXJlZCIgVmFsdWU9IkZhbHNlIiAvPg0KICAgICAgICAgICAgICAgIDxSdWxlUGFyYW1ldGVyIE5hbWU9IkluZGV4IiBWYWx1ZT0iMCIgLz4NCiAgICAgICAgICAgICAgPC9SdWxlUGFyYW1ldGVycz4NCiAgICAgICAgICAgIDwvRXh0cmFjdGlvblJ1bGU+DQogICAgICAgICAgPC9Db3JyZWxhdGlvbkV4dHJhY3Rpb25SdWxlcz4NCiAgICAgICAgICA8UXVlcnlTdHJpbmdQYXJhbWV0ZXJzPg0KICAgICAgICAgICAgPFF1ZXJ5U3RyaW5nUGFyYW1ldGVyIE5hbWU9InBhZ2UiIFZhbHVlPSJ4ZW1kaWVtdGhpIiBSZWNvcmRlZFZhbHVlPSJ4ZW1kaWVtdGhpIiBDb3JyZWxhdGlvbkJpbmRpbmc9Int7UXVlcnlTdHJpbmdQYXJhbTM5LnBhZ2V9fSIgVXJsRW5jb2RlPSJGYWxzZSIgVXNlVG9Hcm91cFJlc3VsdHM9IkZhbHNlIiAvPg0KICAgICAgICAgICAgPFF1ZXJ5U3RyaW5nUGFyYW1ldGVyIE5hbWU9ImlkIiBWYWx1ZT0iMzExOTQxMTA0MiIgUmVjb3JkZWRWYWx1ZT0iMzExOTQxMTA0MiIgQ29ycmVsYXRpb25CaW5kaW5nPSJ7e1F1ZXJ5U3RyaW5nUGFyYW00MC5pZH19IiBVcmxFbmNvZGU9IkZhbHNlIiBVc2VUb0dyb3VwUmVzdWx0cz0iRmFsc2UiIC8+DQogICAgICAgICAgPC9RdWVyeVN0cmluZ1BhcmFtZXRlcnM+DQogICAgICAgICAgPEZvcm1Qb3N0SHR0cEJvZHk+DQogICAgICAgICAgICA8Rm9ybVBvc3RQYXJhbWV0ZXIgTmFtZT0iX19FVkVOVFRBUkdFVCIgVmFsdWU9Int7JEhJRERFTjEuX19FVkVOVFRBUkdFVH19IiBSZWNvcmRlZFZhbHVlPSIiIENvcnJlbGF0aW9uQmluZGluZz0iIiBVcmxFbmNvZGU9IlRydWUiIC8+DQogICAgICAgICAgICA8Rm9ybVBvc3RQYXJhbWV0ZXIgTmFtZT0iX19FVkVOVEFSR1VNRU5UIiBWYWx1ZT0ie3skSElEREVOMS5fX0VWRU5UQVJHVU1FTlR9fSIgUmVjb3JkZWRWYWx1ZT0iIiBDb3JyZWxhdGlvbkJpbmRpbmc9IiIgVXJsRW5jb2RlPSJUcnVlIiAvPg0KICAgICAgICAgICAgPEZvcm1Qb3N0UGFyYW1ldGVyIE5hbWU9Il9fVklFV1NUQVRFIiBWYWx1ZT0ie3skSElEREVOMS5fX1ZJRVdTVEFURX19IiBSZWNvcmRlZFZhbHVlPSIvd0VQRHdVS0xUTXhOamMzTlRNM05ROWtGZ0ptRDJRV0JHWVBaQllFQWdFUEZnSWVCMk52Ym5SbGJuUmtaQUlDRHhZQ0hnUm9jbVZtQlNrdUwwMWxjM05oWjJWR2FXeGxMMlpoZG1samIyNHRaR0ZwTFdodll5MXpZV2t0WjI5dUxtcHdaMlFDQVE5a0ZnZ0NBdzlrRmdKbUQyUVdBZ0lCRDJRV0RHWVBEeFlDSGdSVVpYaDBCUXhEYU1PZ2J5Qmk0YnFoYmlCa1pBSUJEdzhXQkI0SlJtOXlaVU52Ykc5eUNRQXovLzhlQkY4aFUwSUNCR1JrQWdJUER4WUVId01KQURQLy94OEVBZ1JrWkFJRER3OFdCaDhDQlJoVWFHRjVJTVNSNGJ1VmFTQnQ0YnF0ZENCcmFPRzZxWFVmQXdrQU0vLy9Id1FDQkdSa0FnUVBEeFlFSHdNSkFEUC8veDhFQWdSa1pBSUZEdzhXQmg4Q0JRM0VrTVNEYm1jZ1Rtamh1cTF3SHdNSkFEUC8veDhFQWdSa1pBSUZEMlFXd2dFQ0FROFBGZ1FlQ0VOemMwTnNZWE56QlFodmRYUXRiV1Z1ZFI4RUFnSmtGZ0ptRHc4V0FoOENCUXRVVWtGT1J5QkRTT0c3cG1Sa0FnTVBEeFlFSHdVRkNHOTFkQzF0Wlc1MUh3UUNBbVFXQWdJQkR3OFdBaDhDQlJkRVFVNUlJRTNodTZSRElFTkk0YnVvUXlCT3hJSk9SMlJrQWdVUER4WUVId1VGQ0c5MWRDMXRaVzUxSHdRQ0FtUVdBZ0lCRHc4V0FoOENCUnRFVFNCRFNPRzdxRU1nVHNTQ1RrY2d4SkREZ1U1SUlFZEp3NEZrWkFJSER3OFdCQjhGQlFodmRYUXRiV1Z1ZFI4RUFnSmtGZ0lDQVE4UEZnSWZBZ1VqVVZYaHVxSk9JRXpEblNERWtNT0JUa2dnUjBuRGdTQlN3NGhPSUV4VldlRzdoazVrWkFJSkR3OFdCaDhGQlFodmRYUXRiV1Z1ZFI4RUFnSWVCMVpwYzJsaWJHVm9aQllDQWdFUER4WUNId0lGRmNTUXhJSk9SeUJMdzUwZ1RjT1VUaUJJNGJ1TVEyUmtBZ3NQRHhZRUh3VUZDRzkxZEMxdFpXNTFId1FDQW1Sa0FnMFBEeFlFSHdVRkNHOTFkQzF0Wlc1MUh3UUNBbVFXQWdJQkR3OFdBaDhDQlFkWVJVMGdWRXRDWkdRQ0R3OFBGZ1FmQlFVSWIzVjBMVzFsYm5VZkJBSUNaQllDQWdFUER4WUNId0lGRUZoRlRTREVrRW5odTRKTklFUkJUa2hrWkFJUkR3OFdCQjhGQlFodmRYUXRiV1Z1ZFI4RUFnSmtGZ0ptRHc4V0FoOENCUTVZUlUwZ1RPRzdpa05JSUZSSVNXUmtBaE1QRHhZR0h3VUZDRzkxZEMxdFpXNTFId1FDQWg4R2FHUVdBZ0lCRHc4V0FoOENCUlJZUlUwZ1RPRzdpa05JSUZSSVNTQk00YnFnU1dSa0FoVVBEeFlHSHdVRkNHOTFkQzF0Wlc1MUh3UUNBaDhHYUdRV0FnSUJEdzhXQWg4Q0JSRllSVTBnVE9HN2lrTklJRlJJU1NCSFMyUmtBaGNQRHhZR0h3VUZDRzkxZEMxdFpXNTFId1FDQWg4R2FHUVdBZ0lCRHc4V0FoOENCU0ZIU0VrZ1ZNT1RUU0JVNGJxdVZDQk53NVJPSUVkSjRicWlUa2NnUk9HNm9GbGtaQUlaRHc4V0JCOEZCUWh2ZFhRdGJXVnVkUjhFQWdKa1pBSWJEdzhXQkI4RkJRaHZkWFF0YldWdWRSOEVBZ0prRmdJQ0FROFBGZ0lmQWdVT1dFVk5JRWpodTR4RElGQkl3NDFrWkFJZER3OFdCQjhGQlFodmRYUXRiV1Z1ZFI4RUFnSmtaQUlmRHc4V0JCOEZCUWx2ZG1WeUxXMWxiblVmQkFJQ1pCWUNBZ0VQRHhZQ0h3SUZDMWhGVFNERWtFbmh1NEpOWkdRQ0lROFBGZ1lmQlFVSWIzVjBMVzFsYm5VZkJBSUNId1pvWkJZQ0FnRVBEeFlDSHdJRkU4U1FTZUc3Z2swZ1MrRzdzaUJXNGJ1TVRrZGtaQUlqRHc4V0JCOEZCUWh2ZFhRdGJXVnVkUjhFQWdKa0ZnSUNBUThQRmdJZkFnVVlTK0c2dmxRZ1VWWGh1cUlneEpCSjRidUNUU0JFUVU1SVpHUUNKUThQRmdRZkJRVUliM1YwTFcxbGJuVWZCQUlDWkJZQ0FnRVBEeFlDSHdJRkZrdFJJTVNRU2VHN2drMGdSRUZPU0NCUFRreEpUa1ZrWkFJbkR3OFdCQjhGQlFodmRYUXRiV1Z1ZFI4RUFnSmtGZ0lDQVE4UEZnSWZBZ1ViV0VWTklNU1FTZUc3Z2swZ1JFRk9TQ0JUU1U1SUlGWkp3NHBPWkdRQ0tROFBGZ1FmQlFVSWIzVjBMVzFsYm5VZkJBSUNaQllDQWdFUER4WUNId0lGSDBkSjRicWlUa2NnVmtuRGlrNGdWT0c3c0NERWtFbmh1NEpOSUVSQlRraGtaQUlyRHc4V0JCOEZCUWh2ZFhRdGJXVnVkUjhFQWdKa0ZnSUNBUThQRmdJZkFnVUpXRVZOSUVOVXhKQlVaR1FDTFE4UEZnUWZCUVVJYjNWMExXMWxiblVmQkFJQ1pCWUNBZ0VQRHhZQ0h3SUZDMWhGVFNCTnc1Uk9JRlJSWkdRQ0x3OFBGZ1FmQlFVSWIzVjBMVzFsYm5VZkJBSUNaQllDQWdFUER4WUNId0lGSk1TUXc0Rk9TQ0JIU2NPQklFdmh1cjVVSUZGVjRicWlJRkxEaUU0Z1RGVlo0YnVHVG1Sa0FqRVBEeFlFSHdVRkNHOTFkQzF0Wlc1MUh3UUNBbVFXQWdJQkR3OFdBaDhDQlNiRWtNT0JUa2dnUjBuRGdTQkxVU0JTdzRoT0lFeFZXZUc3aGs0Z1UwbE9TQ0JXU2NPS1RtUmtBak1QRHhZR0h3VUZDRzkxZEMxdFpXNTFId1FDQWg4R2FHUVdBZ0lCRHc4V0FoOENCUkpUNGJ1c1FTQlVWQ0JEdzRFZ1RrakRnazVrWkFJMUR3OFdCaDhGQlFodmRYUXRiV1Z1ZFI4RUFnSWZCbWRrRmdJQ0FROFBGZ0lmQWdVT1I4T1RVQ0REblNCTFNlRzZ2azVrWkFJM0R3OFdCaDhGQlFodmRYUXRiV1Z1ZFI4RUFnSWZCbWhrRmdKbUR3OFdBaDhDQlJCVDRidXNRU0JNdzUwZ1RPRzdpa05JWkdRQ09ROFBGZ1FmQlFVSWIzVjBMVzFsYm5VZkJBSUNaQllDQWdFUER4WUNId0lGRlZGVjRicWlUaUJNdzUwZ1UwbE9TQ0JXU2NPS1RtUmtBanNQRHhZRUh3VUZDRzkxZEMxdFpXNTFId1FDQW1RV0FnSUJEdzhXQWg4Q0JTSkw0YnErVkNCUlZlRzZvaUJUU1U1SUlGWkp3NHBPSU1TUXc0Rk9TQ0JIU2NPQlpHUUNQUThQRmdRZkJRVUliM1YwTFcxbGJuVWZCQUlDWkdRQ1B3OFBGZ1FmQlFVSWIzVjBMVzFsYm5VZkJBSUNaQllDQWdFUFpCWUNaZzhQRmdJZkFnVVp4SkREZ1U1SUlFZEp3NEVnUjBuaHVxSk9SeUJFNGJxZ1dXUmtBa0VQRHhZRUh3VUZDRzkxZEMxdFpXNTFId1FDQW1RV0FnSUJEdzhXQWg4Q0JSVEVrTVNDVGtjZ1M4T2RJRlJJU1NCTTRicWdTV1JrQWtNUER4WUVId1VGQ0c5MWRDMXRaVzUxSHdRQ0FtUmtBa1VQRHhZRUh3VUZDRzkxZEMxdFpXNTFId1FDQW1RV0FnSUJEdzhXQWg4Q0JSTEVrRXNnUTBoVldjT0tUaUJPUjhPQVRraGtaQUpIRHc4V0JCOEZCUWh2ZFhRdGJXVnVkUjhFQWdKa1pBSkpEdzhXQkI4RkJRaHZkWFF0YldWdWRSOEVBZ0prRmdJQ0FROFBGZ0lmQWdVV1MxRWdXTU9KVkNCVTRidVFWQ0JPUjBoSjRidUdVR1JrQWtzUER4WUVId1VGQ0c5MWRDMXRaVzUxSHdRQ0FtUVdBZ0lCRHc4V0FoOENCUjFMVVNCWXc0bFVJRlJKNGJ1QVRpQlU0YnVRVkNCT1IwaEo0YnVHVUdSa0FrMFBEeFlFSHdVRkNHOTFkQzF0Wlc1MUh3UUNBbVFXQWdJQkR3OFdBaDhDQlJwRHc0SlZJRWpodTQ1SklGUkl4cS9odTV4T1J5Qkg0YnEyVUdSa0FrOFBEeFlFSHdVRkNHOTFkQzF0Wlc1MUh3UUNBbVFXQWdJQkR3OFdBaDhDQlJQRWtFc2dTMGpEazBFZ1RGWGh1cXhPSUZST1pHUUNVUThQRmdRZkJRVUliM1YwTFcxbGJuVWZCQUlDWkJZQ0FnRVBEeFlDSHdJRkRrNUk0YnFzVUNERWtFbmh1NEpOWkdRQ1V3OFBGZ1FmQlFVSWIzVjBMVzFsYm5VZkJBSUNaR1FDVlE4UEZnUWZCUVVJYjNWMExXMWxiblVmQkFJQ1pHUUNWdzhQRmdRZkJRVUliM1YwTFcxbGJuVWZCQUlDWkdRQ1dROFBGZ1FmQlFVSWIzVjBMVzFsYm5VZkJBSUNaQllDQWdFUER4WUNId0lGSGxoRlRTREVrRW5odTRKTklFM0RsRTRnUjBuaHVxSk9SeUJFNGJxZ1dXUmtBbHNQRHhZRUh3VUZDRzkxZEMxdFpXNTFId1FDQW1RV0FnSUJEdzhXQWg4Q0JSNVlSVTBneEpCSjRidUNUU0JVNGJ1VVRrY2dTT0c3b2xBZ1RPRzdtbEJrWkFKZER3OFdCQjhGQlFodmRYUXRiV1Z1ZFI4RUFnSmtGZ0lDQVE4UEZnSWZBZ1VWU1U0Z1Mwamh1NUJKSUV6R3IrRzdvazVISUVkRVpHUUNYdzhQRmdRZkJRVUliM1YwTFcxbGJuVWZCQUlDWkJZQ0FnRVBEeFlDSHdJRkRsVlFURTlCUkNERWtFbmh1NEpOWkdRQ1lROFBGZ1FmQlFVSWIzVjBMVzFsYm5VZkJBSUNaQllDQWdFUER4WUNId0lGRFZSTFFpQkM0YnVZSUUzRGxFNWtaQUpqRHc4V0JCOEZCUWh2ZFhRdGJXVnVkUjhFQWdKa0ZnSUNBUThQRmdJZkFnVVVUT0c3aWtOSUlGUklTU0JDNGJ1WUlFM0RsRTVrWkFKbER3OFdCQjhGQlFodmRYUXRiV1Z1ZFI4RUFnSmtGZ0lDQVE4UEZnSWZBZ1VtVkVqaHU1Qk9SeUJMdzRvZ1Iwbmh1cUpPUnlCV1NjT0tUaUJFVlZuaHU0WlVJRXRSUkV0a1pBSm5EdzhXQkI4RkJRaHZkWFF0YldWdWRSOEVBZ0prRmdJQ0FROFBGZ0lmQWdVaVdFVk5JRlRodTVST1J5Qkk0YnVpVUNCTFVTQkk0YnVNUXlCVTRicXNVQ0JUVm1Sa0Fta1BEeFlFSHdVRkNHOTFkQzF0Wlc1MUh3UUNBbVJrQW1zUER4WUVId1VGQ0c5MWRDMXRaVzUxSHdRQ0FtUVdBbVlQRHhZQ0h3SUZHRXZodXI0Z1NFL2h1cUJEU0NCSTRidU1ReUJVNGJxc1VHUmtBbTBQRHhZRUh3VUZDRzkxZEMxdFpXNTFId1FDQW1Sa0FtOFBEeFlFSHdVRkNHOTFkQzF0Wlc1MUh3UUNBbVFXQWdJQkR3OFdBaDhDQlJSSXhxL2h1NXBPUnlCRTRicXFUaURFa0V0TlNHUmtBbkVQRHhZRUh3VUZDRzkxZEMxdFpXNTFId1FDQW1RV0FnSUJEdzhXQWg4Q0JTQk9TT0c2ckZBZ3hKRGh1NHBCSUVOSTRidUlJRTVJNGJxc1RpQlR3NEZEU0dSa0FuTVBEeFlFSHdVRkNHOTFkQzF0Wlc1MUh3UUNBbVFXQWdJQkR3OFdBaDhDQlNURWtNU0NUa2NnUzhPZElFNUk0YnFzVGlCVHc0RkRTQ0JPUjAvRGdFa2dSMG5odTV4a1pBSjFEdzhXQkI4RkJRaHZkWFF0YldWdWRSOEVBZ0prRmdJQ0FROFBGZ0lmQWdVYnhKRERnVTVJSUVkSnc0RWdRMGpodXFSVUlFekdyK0c3b2s1SFpHUUNkdzhQRmdRZkJRVUliM1YwTFcxbGJuVWZCQUlDWkJZQ0FnRVBEeFlDSHdJRkg4U1FMa3ZEblNCRTRidXdJRXpodTRRZ1ZPRzdrRlFnVGtkSVNlRzdobEJrWkFKNUR3OFdCQjhGQlFodmRYUXRiV1Z1ZFI4RUFnSmtGZ0lDQVE4UEZnSWZBZ1VUVHVHN21GQWdRMGpodTZoT1J5QkRTT0c3aUdSa0Fuc1BEeFlFSHdVRkNHOTFkQzF0Wlc1MUh3UUNBbVFXQWdJQkR3OFdBaDhDQlNGWVJVMGd4SkRodTRBZ1E4YXZ4cUJPUnlCVVVrOU9SeUJDNGJ1WUlFM0RsRTVrWkFKOUR3OFdCQjhGQlFodmRYUXRiV1Z1ZFI4RUFnSmtGZ0lDQVE4UEZnSWZBZ1VaUkVGT1NDQlR3NEZEU0NERWtDNUx3NTBnV01PSlZDQlVUbVJrQW44UER4WUVId1VGQ0c5MWRDMXRaVzUxSHdRQ0FtUVdBZ0lCRHc4V0FoOENCUjVFUVU1SUlGUERnVU5JSU1TUUxrdkRuU0JFNGJ1d0lFemh1NFFnVkU1a1pBS0JBUThQRmdRZkJRVUliM1YwTFcxbGJuVWZCQUlDWkJZQ0FnRVBEeFlDSHdJRkZsUkl3NVJPUnlCVVNVNGdURlhodXF4T0lGYkVnazVrWkFLREFROFBGZ1FmQlFVSWIzVjBMVzFsYm5VZkJBSUNaQllDQWdFUER4WUNId0lGSTFSU1FTQkQ0YnVvVlNCVVNNT1VUa2NnVkVsT0lGVGh1NUJVSUU1SFNFbmh1NFpRWkdRQ2hRRVBEeFlFSHdVRkNHOTFkQzF0Wlc1MUh3UUNBbVFXQWdJQkR3OFdBaDhDQlJCRDRidXdWU0JUU1U1SUlGWkp3NHBPWkdRQ2h3RVBEeFlFSHdVRkNHOTFkQzF0Wlc1MUh3UUNBbVFXQWdJQkR3OFdBaDhDQlJmRWtNU0NUa2NnUzhPZElGakRpVlFnVkZWWjRidUNUbVJrQW9rQkR3OFdCQjhGQlFodmRYUXRiV1Z1ZFI4RUFnSmtGZ0lDQVE4UEZnSWZBZ1VnVkVqRGxFNUhJRlJKVGlCSTRidVNJRlBHb0NCVVZWbmh1NEpPSUZOSlRraGtaQUtMQVE4UEZnUWZCUVVJYjNWMExXMWxiblVmQkFJQ1pHUUNqUUVQRHhZRUh3VUZDRzkxZEMxdFpXNTFId1FDQW1RV0FnSUJEdzhXQWg4Q0JSZEl3NU5CSU1TUXhxQk9JTVNRU2VHN2hrNGdWT0c3ckdSa0FvOEJEdzhXQkI4RkJRaHZkWFF0YldWdWRSOEVBZ0prRmdJQ0FROFBGZ0lmQWdVV1RrZEk0YnVJSUVUaHVxQlpJRVRodXFCWklFTERtV1JrQXBFQkR3OFdCQjhGQlFodmRYUXRiV1Z1ZFI4RUFnSmtGZ0lDQVE4UEZnSWZBZ1VYeEpERWdrNUhJRXZEblNCT1Iwamh1NGdnVUVqRGlWQmtaQUtUQVE4UEZnUWZCUVVJYjNWMExXMWxiblVmQkFJQ1pCWUNBZ0VQRHhZQ0h3SUZFc1NReElKT1J5Qkx3NTBnUTA5SklGUklTV1JrQXBVQkR3OFdCQjhGQlFodmRYUXRiV1Z1ZFI4RUFnSmtGZ0lDQVE4UEZnSWZBZ1VTV0VWTklFemh1NHBEU0NCRFQwa2dWRWhKWkdRQ2x3RVBEeFlFSHdVRkNHOTFkQzF0Wlc1MUh3UUNBbVFXQWdJQkR3OFdBaDhDQlJ0TFVTQk9SMGhKdzRwT0lFUGh1NmhWSUV0SVQwRWdTT0c3akVOa1pBS1pBUThQRmdRZkJRVUliM1YwTFcxbGJuVWZCQUlDWkJZQ0FnRVBEeFlDSHdJRkhGaEZUU0RFa09HN2dDQlV3NEJKSUU1RFMwZ2dWRWhCVFNCSFNVRmtaQUtiQVE4UEZnUWZCUVVJYjNWMExXMWxiblVmQkFJQ1pCWUNBZ0VQWkJZQ1pnOFBGZ0lmQWdVa3hKREVnazVISUV2RG5TQllTVTRnUjBuaHVxUlpJRU5JNGJ1b1RrY2dUa2podXF4T1pHUUNuUUVQRHhZRUh3VUZDRzkxZEMxdFpXNTFId1FDQW1RV0FnSUJEMlFXQW1ZUER4WUNId0lGR1VQaHVxeFFJRTVJNGJxc1ZDQk9SMC9odXFCSklGUlN3NXBrWkFLZkFROFBGZ1FmQlFVSWIzVjBMVzFsYm5VZkJBSUNaQllDQWdFUER4WUNId0lGRzBQaHVxeFFJRTVJNGJxc1ZDQlVTTWF2NGJ1Y1RrY2dWRkxEbW1Sa0FxRUJEdzhXQkI4RkJRaHZkWFF0YldWdWRSOEVBZ0prRmdJQ0FROFBGZ0lmQWdVVlErRzZxRTBnVGtGT1J5QlRTVTVJSUZaSnc0cE9aR1FDb3dFUER4WUVId1VGQ0c5MWRDMXRaVzUxSHdRQ0FtUVdBZ0lCRHc4V0FoOENCUjVZUlUwZ1RGWGh1cXhPSUZiRWdrNGdWT0c3a0ZRZ1RrZElTZUc3aGxCa1pBS2xBUThQRmdRZkJRVUliM1YwTFcxbGJuVWZCQUlDWkJZQ0FnRVBEeFlDSHdJRkhsaEZUU0JNVmVHNnJFNGdWc1NDVGlCSXhxL2h1NXBPUnlCRTRicXFUbVJrQXFjQkR3OFdCQjhGQlFodmRYUXRiV1Z1ZFI4RUFnSmtGZ0lDQVE4UEZnSWZBZ1VkV0VWTklFeFY0YnFzVGlCV3hJSk9JRkJJNGJxaVRpQkNTZUc3aGs1a1pBS3BBUThQRmdRZkJRVUliM1YwTFcxbGJuVWZCQUlDWkJZQ0FnRVBEeFlDSHdJRkpFTERnVThnUWtuaHU0SlZJRkJJNGJ1a1F5Qlc0YnVrSUV6RGcwNUlJTVNRNGJxZ1QyUmtBcXNCRHc4V0JCOEZCUWh2ZFhRdGJXVnVkUjhFQWdKa0ZnSUNBUThQRmdJZkFnVWNWRWpodTVCT1J5Qkx3NG9neEpERGswNUhJRWhRSUU5T1RFbE9SV1JrQXEwQkR3OFdCQjhGQlFodmRYUXRiV1Z1ZFI4RUFnSmtGZ0lDQVE4UEZnSWZBZ1VYeEpERWdrNUhJRXZEblNCTHc1MGdWTU9hUXlCWXc0RmtaQUt2QVE4UEZnUWZCUVVJYjNWMExXMWxiblVmQkFJQ1pCWUNBZ0VQRHhZQ0h3SUZHRlJJUVU1SUlGUlB3NEZPSUV2RG5TQlV3NXBESUZqRGdXUmtBckVCRHc4V0JCOEZCUWh2ZFhRdGJXVnVkUjhFQWdKa0ZnSUNBUThQRmdJZkFnVWlRK0c2ckZBZ1Rramh1cXhVSUV6RG5TQk00YnVLUTBnZ1MwaFBRU0JJNGJ1TVEyUmtBck1CRHc4V0JCOEZCUWh2ZFhRdGJXVnVkUjhFQWdKa0ZnSUNBUThQRmdJZkFnVVhRK0c2ckZBZ1Rramh1cXhVSUZRdVZFbE9JRUpJV1ZSa1pBSzFBUThQRmdRZkJRVUliM1YwTFcxbGJuVWZCQUlDWkJZQ0FnRVBEeFlDSHdJRkZsaEZUU0RFa0VuaHU0Sk5JTVNRdzRNZ1JPRzZvRmxrWkFLM0FROFBGZ1FmQlFVSWIzVjBMVzFsYm5VZkJBSUNaQllDQWdFUER4WUNId0lGR1VsT0lFdkRpaUJMU0VGSklFZEo0YnVjSUVkSjRicWlUa2RrWkFLNUFROFBGZ1FmQlFVSWIzVjBMVzFsYm5VZkJBSUNaR1FDdXdFUER4WUVId1VGQ0c5MWRDMXRaVzUxSHdRQ0FtUmtBcjBCRHc4V0JCOEZCUWh2ZFhRdGJXVnVkUjhFQWdKa1pBSy9BUThQRmdRZkJRVUliM1YwTFcxbGJuVWZCQUlDWkdRQ3dRRVBEeFlFSHdVRkNHOTFkQzF0Wlc1MUh3UUNBbVJrQWdjUFpCWUNBZ0VQWkJZQ1pnOWtGZ3dDQlE5a0ZnUUNBUThQRmdJZkJtaGtaQUlERHhBUEZnSWZCbWhrWkJZQVpBSUhEMlFXSm1ZUER4WUNId0lGRGszRG95QnphVzVvSUhacHc2cHVaR1FDQVE4UEZnSWZBZ1VLTXpFeE9UUXhNVEEwTW1Sa0FnSVBEeFlDSHdJRkQxVERxbTRnYzJsdWFDQjJhY09xYm1Sa0FnTVBEeFlDSHdJRkZVNW5kWG5odTRWdUlFamh1NjkxSUU1bmFNU3BZV1JrQWdRUER4WUNId0lGQlZCb3c2RnBaR1FDQlE4UEZnSWZBZ1VEVG1GdFpHUUNCZzhQRmdJZkFnVUpUc2FoYVNCemFXNW9aR1FDQnc4UEZnSWZBZ1VOVVhYaHVxTnVaeUJPWjhPamFXUmtBZ2dQRHhZQ0h3SUZCVXpodTV0d1pHUUNDUThQRmdJZkFnVmFSRU5VTVRFNVF6SW9JTVNRNGJxaGFTQm80YnVOWXlCamFNT3RibWdnY1hWNUlDMGdibWZEb0c1b0lFUER0RzVuSUc1bmFPRzdoeUIwYU1PMGJtY2dkR2x1SUNoRFRFTXBJQzBnU3k0eE9TQXRJRXpodTV0d0lESXBaR1FDQ2c4UEZnSWZBZ1VHVG1mRG9HNW9aR1FDQ3c4UEZnSWZBZ1VYUThPMGJtY2dibWRvNGJ1SElIUm93N1J1WnlCMGFXNWtaQUlPRHc4V0FoOENCUmREdzdSdVp5QnVaMmpodTRjZ2RHakR0RzVuSUhScGJtUmtBZzhQRHhZQ0h3SUZFRWpodTRjZ3hKSERvRzhnZE9HNm9XOWtaQUlRRHc4V0FoOENCUmZFa09HNm9Xa2dhT0c3aldNZ1kyakRyVzVvSUhGMWVXUmtBaEVQRHhZQ0h3SUZDMHRvdzdOaElHamh1NDFqWkdRQ0VnOFBGZ0lmQWdVSk1qQXhPUzB5TURJMFpHUUNFdzhQRmdJZkFnVVdRK0c3a1NCMjRicWxiaUJvNGJ1Tll5QjA0YnF0Y0dSa0FoUVBEeFlDSHdJRklGQm93N2x1WnlCVWFNT2hhU0JVYUduRHFtNGdWSEpoYm1jb01UQXlNamNwWkdRQ0N3OWtGZ3dDQVE4UEZnSWZBZ1VjU09HN2pXTWdhK0c3c3lBeElFN0VnMjBnYU9HN2pXTWdNakF5TVdSa0FnTVBEeFlDSHdJRkxVNW80YnF0Y0NCbzRidU5ZeUJyNGJ1eklIaGxiU0RFa1duaHU0TnRJSFJvYVNBb2RtUWdNakF3TmpFcE9tUmtBZ2NQRHhZQ0h3SUZBMWhsYldSa0FnMFBaQllDQWdFUFpCWUNaZzhQRmdRZkJRVUtkbWxsZHkxMFlXSnNaUjhFQWdKa1pBSVBEdzhXQWg4Q0JSeEk0YnVOWXlCcjRidXpJREVnVHNTRGJTQm80YnVOWXlBeU1ESXhaR1FDRXc4UEZnSWZBZ1ZGS0NCRTRidXZJR3hwNGJ1SGRTREVrY2F3NGJ1all5Qmo0YnF0Y0NCdWFPRzZyWFFnZHNPZ2J5QnN3N3BqT2lBeE5Ub3pOQ0JPWjhPZ2VUb2dPUzgwTHpJd01qSXBaR1FDRFE4UEZnSWZCbWhrRmdRQ0F3OFFaR1FXQUdRQ0JRODhLd0FOQUdRQ0R3OFdBaDRKYVc1dVpYSm9kRzFzQlE1SlRpREVrRW5odTRKTklGUklTV1FDRVE4UEZnSWZBZ1VSV0ZYaHVxUlVJRVpKVEVVZ1JWaERSVXhrWkFJSkQyUVdDQUlCRHc4V0FoOENCWGxEYjNCNWNtbG5hSFFnd3FreU1EQTVJRlJ5eHJEaHU1MXVaeURFa0VnZ1U4T2dhU0JIdzdKdUxjU1E0YnFoYVNCbzRidU5ZeUJqYU1PdGJtZ2djWFY1TGlCUmRlRzZvMjRnYk1POUlHTGh1NTlwSU9HN3Bua2dZbUZ1SUc1b3c2SnVJR1REb200Z1ZGQXVJRWpodTVNZ1EyakRyU0JOYVc1b1pHUUNBdzhQRmdJZkFnVUxWSEpoYm1jZ1Eyamh1NmRrWkFJRkR3OFdBaDhDQlMxVWFHbmh1cjkwSUd2aHVyOGdZdUc3bjJrZ1kzUjVJRkJvNGJxbmJpQnQ0YnVCYlNCQmJtZ2dVWFhEb201a1pBSUhEdzhXQWg4Q0JRekVrT0c2cDNVZ1ZISmhibWRrWkJnQ0JSNWZYME52Ym5SeWIyeHpVbVZ4ZFdseVpWQnZjM1JDWVdOclMyVjVYMThXQWdVNlkzUnNNREFrUTI5dWRHVnVkRkJzWVdObFNHOXNaR1Z5TVNSamRHd3dNQ1JOWlhOellXZGxRbTk0TVNScGJXZERiRzl6WlVKMWRIUnZiZ1V4WTNSc01EQWtRMjl1ZEdWdWRGQnNZV05sU0c5c1pHVnlNU1JqZEd3d01DUk5aWE56WVdkbFFtOTRNU1JpZEc1UGF3VXBZM1JzTURBa1EyOXVkR1Z1ZEZCc1lXTmxTRzlzWkdWeU1TUmpkR3d3TUNSbmRsaGxiVVJwWlcwUFoyVHlaSU1aUWc3M09ZRGJGVm5Pb3N0L3pId1g1UT09IiBDb3JyZWxhdGlvbkJpbmRpbmc9IiIgVXJsRW5jb2RlPSJUcnVlIiAvPg0KICAgICAgICAgICAgPEZvcm1Qb3N0UGFyYW1ldGVyIE5hbWU9Il9fVklFV1NUQVRFR0VORVJBVE9SIiBWYWx1ZT0ie3skSElEREVOMS5fX1ZJRVdTVEFURUdFTkVSQVRPUn19IiBSZWNvcmRlZFZhbHVlPSJDQTBCMDMzNCIgQ29ycmVsYXRpb25CaW5kaW5nPSIiIFVybEVuY29kZT0iVHJ1ZSIgLz4NCiAgICAgICAgICAgIDxGb3JtUG9zdFBhcmFtZXRlciBOYW1lPSJjdGwwMCRDb250ZW50UGxhY2VIb2xkZXIxJGN0bDAwJHR4dENob25ISyIgVmFsdWU9IjIwMDc4IiBSZWNvcmRlZFZhbHVlPSIyMDA3OCIgQ29ycmVsYXRpb25CaW5kaW5nPSIiIFVybEVuY29kZT0iVHJ1ZSIgLz4NCiAgICAgICAgICAgIDxGb3JtUG9zdFBhcmFtZXRlciBOYW1lPSJjdGwwMCRDb250ZW50UGxhY2VIb2xkZXIxJGN0bDAwJGJ0bkNob25ISyIgVmFsdWU9IlhlbSIgUmVjb3JkZWRWYWx1ZT0iWGVtIiBDb3JyZWxhdGlvbkJpbmRpbmc9Int7Rm9ybVBvc3RQYXJhbTI1LmN0bDAwJENvbnRlbnRQbGFjZUhvbGRlcjEkY3RsMDAkYnRuQ2hvbkhLfX0iIFVybEVuY29kZT0iVHJ1ZSIgLz4NCiAgICAgICAgICA8L0Zvcm1Qb3N0SHR0cEJvZHk+DQogICAgICAgIDwvUmVxdWVzdD4NCiAgICAgIDwvRGVwZW5kZW50UmVxdWVzdHM+DQogICAgICA8UXVlcnlTdHJpbmdQYXJhbWV0ZXJzPg0KICAgICAgICA8UXVlcnlTdHJpbmdQYXJhbWV0ZXIgTmFtZT0icGFnZSIgVmFsdWU9InhlbWRpZW10aGkiIFJlY29yZGVkVmFsdWU9InhlbWRpZW10aGkiIENvcnJlbGF0aW9uQmluZGluZz0ie3tRdWVyeVN0cmluZ1BhcmFtMzcucGFnZX19IiBVcmxFbmNvZGU9IkZhbHNlIiBVc2VUb0dyb3VwUmVzdWx0cz0iRmFsc2UiIC8+DQogICAgICAgIDxRdWVyeVN0cmluZ1BhcmFtZXRlciBOYW1lPSJpZCIgVmFsdWU9IjMxMTk0MTEwNDIiIFJlY29yZGVkVmFsdWU9IjMxMTk0MTEwNDIiIENvcnJlbGF0aW9uQmluZGluZz0ie3tRdWVyeVN0cmluZ1BhcmFtMzguaWR9fSIgVXJsRW5jb2RlPSJGYWxzZSIgVXNlVG9Hcm91cFJlc3VsdHM9IkZhbHNlIiAvPg0KICAgICAgPC9RdWVyeVN0cmluZ1BhcmFtZXRlcnM+DQogICAgICA8Rm9ybVBvc3RIdHRwQm9keT4NCiAgICAgICAgPEZvcm1Qb3N0UGFyYW1ldGVyIE5hbWU9Il9fRVZFTlRUQVJHRVQiIFZhbHVlPSIiIFJlY29yZGVkVmFsdWU9IiIgQ29ycmVsYXRpb25CaW5kaW5nPSIiIFVybEVuY29kZT0iVHJ1ZSIgLz4NCiAgICAgICAgPEZvcm1Qb3N0UGFyYW1ldGVyIE5hbWU9Il9fRVZFTlRBUkdVTUVOVCIgVmFsdWU9IiIgUmVjb3JkZWRWYWx1ZT0iIiBDb3JyZWxhdGlvbkJpbmRpbmc9IiIgVXJsRW5jb2RlPSJUcnVlIiAvPg0KICAgICAgICA8Rm9ybVBvc3RQYXJhbWV0ZXIgTmFtZT0iX19WSUVXU1RBVEUiIFZhbHVlPSIvd0VQRHdVS0xUTXhOamMzTlRNM05ROWtGZ0ptRDJRV0JHWVBaQllFQWdFUEZnSWVCMk52Ym5SbGJuUmtaQUlDRHhZQ0hnUm9jbVZtQlNrdUwwMWxjM05oWjJWR2FXeGxMMlpoZG1samIyNHRaR0ZwTFdodll5MXpZV2t0WjI5dUxtcHdaMlFDQVE5a0ZnZ0NBdzlrRmdKbUQyUVdBZ0lCRDJRV0RHWVBEeFlDSGdSVVpYaDBCUXhEYU1PZ2J5Qmk0YnFoYmlCa1pBSUJEdzhXQkI0SlJtOXlaVU52Ykc5eUNRQXovLzhlQkY4aFUwSUNCR1JrQWdJUER4WUVId01KQURQLy94OEVBZ1JrWkFJRER3OFdCaDhDQlJoVWFHRjVJTVNSNGJ1VmFTQnQ0YnF0ZENCcmFPRzZxWFVmQXdrQU0vLy9Id1FDQkdSa0FnUVBEeFlFSHdNSkFEUC8veDhFQWdSa1pBSUZEdzhXQmg4Q0JRM0VrTVNEYm1jZ1Rtamh1cTF3SHdNSkFEUC8veDhFQWdSa1pBSUZEMlFXd2dFQ0FROFBGZ1FlQ0VOemMwTnNZWE56QlFodmRYUXRiV1Z1ZFI4RUFnSmtGZ0ptRHc4V0FoOENCUXRVVWtGT1J5QkRTT0c3cG1Sa0FnTVBEeFlFSHdVRkNHOTFkQzF0Wlc1MUh3UUNBbVFXQWdJQkR3OFdBaDhDQlJkRVFVNUlJRTNodTZSRElFTkk0YnVvUXlCT3hJSk9SMlJrQWdVUER4WUVId1VGQ0c5MWRDMXRaVzUxSHdRQ0FtUVdBZ0lCRHc4V0FoOENCUnRFVFNCRFNPRzdxRU1nVHNTQ1RrY2d4SkREZ1U1SUlFZEp3NEZrWkFJSER3OFdCQjhGQlFodmRYUXRiV1Z1ZFI4RUFnSmtGZ0lDQVE4UEZnSWZBZ1VqVVZYaHVxSk9JRXpEblNERWtNT0JUa2dnUjBuRGdTQlN3NGhPSUV4VldlRzdoazVrWkFJSkR3OFdCaDhGQlFodmRYUXRiV1Z1ZFI4RUFnSWVCMVpwYzJsaWJHVm9aQllDQWdFUER4WUNId0lGRmNTUXhJSk9SeUJMdzUwZ1RjT1VUaUJJNGJ1TVEyUmtBZ3NQRHhZRUh3VUZDRzkxZEMxdFpXNTFId1FDQW1Sa0FnMFBEeFlFSHdVRkNHOTFkQzF0Wlc1MUh3UUNBbVFXQWdJQkR3OFdBaDhDQlFkWVJVMGdWRXRDWkdRQ0R3OFBGZ1FmQlFVSWIzVjBMVzFsYm5VZkJBSUNaQllDQWdFUER4WUNId0lGRUZoRlRTREVrRW5odTRKTklFUkJUa2hrWkFJUkR3OFdCQjhGQlFodmRYUXRiV1Z1ZFI4RUFnSmtGZ0ptRHc4V0FoOENCUTVZUlUwZ1RPRzdpa05JSUZSSVNXUmtBaE1QRHhZR0h3VUZDRzkxZEMxdFpXNTFId1FDQWg4R2FHUVdBZ0lCRHc4V0FoOENCUlJZUlUwZ1RPRzdpa05JSUZSSVNTQk00YnFnU1dSa0FoVVBEeFlHSHdVRkNHOTFkQzF0Wlc1MUh3UUNBaDhHYUdRV0FnSUJEdzhXQWg4Q0JSRllSVTBnVE9HN2lrTklJRlJJU1NCSFMyUmtBaGNQRHhZR0h3VUZDRzkxZEMxdFpXNTFId1FDQWg4R2FHUVdBZ0lCRHc4V0FoOENCU0ZIU0VrZ1ZNT1RUU0JVNGJxdVZDQk53NVJPSUVkSjRicWlUa2NnUk9HNm9GbGtaQUlaRHc4V0JCOEZCUWh2ZFhRdGJXVnVkUjhFQWdKa1pBSWJEdzhXQkI4RkJRaHZkWFF0YldWdWRSOEVBZ0prRmdJQ0FROFBGZ0lmQWdVT1dFVk5JRWpodTR4RElGQkl3NDFrWkFJZER3OFdCQjhGQlFodmRYUXRiV1Z1ZFI4RUFnSmtaQUlmRHc4V0JCOEZCUWx2ZG1WeUxXMWxiblVmQkFJQ1pCWUNBZ0VQRHhZQ0h3SUZDMWhGVFNERWtFbmh1NEpOWkdRQ0lROFBGZ1lmQlFVSWIzVjBMVzFsYm5VZkJBSUNId1pvWkJZQ0FnRVBEeFlDSHdJRkU4U1FTZUc3Z2swZ1MrRzdzaUJXNGJ1TVRrZGtaQUlqRHc4V0JCOEZCUWh2ZFhRdGJXVnVkUjhFQWdKa0ZnSUNBUThQRmdJZkFnVVlTK0c2dmxRZ1VWWGh1cUlneEpCSjRidUNUU0JFUVU1SVpHUUNKUThQRmdRZkJRVUliM1YwTFcxbGJuVWZCQUlDWkJZQ0FnRVBEeFlDSHdJRkZrdFJJTVNRU2VHN2drMGdSRUZPU0NCUFRreEpUa1ZrWkFJbkR3OFdCQjhGQlFodmRYUXRiV1Z1ZFI4RUFnSmtGZ0lDQVE4UEZnSWZBZ1ViV0VWTklNU1FTZUc3Z2swZ1JFRk9TQ0JUU1U1SUlGWkp3NHBPWkdRQ0tROFBGZ1FmQlFVSWIzVjBMVzFsYm5VZkJBSUNaQllDQWdFUER4WUNId0lGSDBkSjRicWlUa2NnVmtuRGlrNGdWT0c3c0NERWtFbmh1NEpOSUVSQlRraGtaQUlyRHc4V0JCOEZCUWh2ZFhRdGJXVnVkUjhFQWdKa0ZnSUNBUThQRmdJZkFnVUpXRVZOSUVOVXhKQlVaR1FDTFE4UEZnUWZCUVVJYjNWMExXMWxiblVmQkFJQ1pCWUNBZ0VQRHhZQ0h3SUZDMWhGVFNCTnc1Uk9JRlJSWkdRQ0x3OFBGZ1FmQlFVSWIzVjBMVzFsYm5VZkJBSUNaQllDQWdFUER4WUNId0lGSk1TUXc0Rk9TQ0JIU2NPQklFdmh1cjVVSUZGVjRicWlJRkxEaUU0Z1RGVlo0YnVHVG1Sa0FqRVBEeFlFSHdVRkNHOTFkQzF0Wlc1MUh3UUNBbVFXQWdJQkR3OFdBaDhDQlNiRWtNT0JUa2dnUjBuRGdTQkxVU0JTdzRoT0lFeFZXZUc3aGs0Z1UwbE9TQ0JXU2NPS1RtUmtBak1QRHhZR0h3VUZDRzkxZEMxdFpXNTFId1FDQWg4R2FHUVdBZ0lCRHc4V0FoOENCUkpUNGJ1c1FTQlVWQ0JEdzRFZ1RrakRnazVrWkFJMUR3OFdCaDhGQlFodmRYUXRiV1Z1ZFI4RUFnSWZCbWRrRmdJQ0FROFBGZ0lmQWdVT1I4T1RVQ0REblNCTFNlRzZ2azVrWkFJM0R3OFdCaDhGQlFodmRYUXRiV1Z1ZFI4RUFnSWZCbWhrRmdKbUR3OFdBaDhDQlJCVDRidXNRU0JNdzUwZ1RPRzdpa05JWkdRQ09ROFBGZ1FmQlFVSWIzVjBMVzFsYm5VZkJBSUNaQllDQWdFUER4WUNId0lGRlZGVjRicWlUaUJNdzUwZ1UwbE9TQ0JXU2NPS1RtUmtBanNQRHhZRUh3VUZDRzkxZEMxdFpXNTFId1FDQW1RV0FnSUJEdzhXQWg4Q0JTSkw0YnErVkNCUlZlRzZvaUJUU1U1SUlGWkp3NHBPSU1TUXc0Rk9TQ0JIU2NPQlpHUUNQUThQRmdRZkJRVUliM1YwTFcxbGJuVWZCQUlDWkdRQ1B3OFBGZ1FmQlFVSWIzVjBMVzFsYm5VZkJBSUNaQllDQWdFUFpCWUNaZzhQRmdJZkFnVVp4SkREZ1U1SUlFZEp3NEVnUjBuaHVxSk9SeUJFNGJxZ1dXUmtBa0VQRHhZRUh3VUZDRzkxZEMxdFpXNTFId1FDQW1RV0FnSUJEdzhXQWg4Q0JSVEVrTVNDVGtjZ1M4T2RJRlJJU1NCTTRicWdTV1JrQWtNUER4WUVId1VGQ0c5MWRDMXRaVzUxSHdRQ0FtUmtBa1VQRHhZRUh3VUZDRzkxZEMxdFpXNTFId1FDQW1RV0FnSUJEdzhXQWg4Q0JSTEVrRXNnUTBoVldjT0tUaUJPUjhPQVRraGtaQUpIRHc4V0JCOEZCUWh2ZFhRdGJXVnVkUjhFQWdKa1pBSkpEdzhXQkI4RkJRaHZkWFF0YldWdWRSOEVBZ0prRmdJQ0FROFBGZ0lmQWdVV1MxRWdXTU9KVkNCVTRidVFWQ0JPUjBoSjRidUdVR1JrQWtzUER4WUVId1VGQ0c5MWRDMXRaVzUxSHdRQ0FtUVdBZ0lCRHc4V0FoOENCUjFMVVNCWXc0bFVJRlJKNGJ1QVRpQlU0YnVRVkNCT1IwaEo0YnVHVUdSa0FrMFBEeFlFSHdVRkNHOTFkQzF0Wlc1MUh3UUNBbVFXQWdJQkR3OFdBaDhDQlJwRHc0SlZJRWpodTQ1SklGUkl4cS9odTV4T1J5Qkg0YnEyVUdSa0FrOFBEeFlFSHdVRkNHOTFkQzF0Wlc1MUh3UUNBbVFXQWdJQkR3OFdBaDhDQlJQRWtFc2dTMGpEazBFZ1RGWGh1cXhPSUZST1pHUUNVUThQRmdRZkJRVUliM1YwTFcxbGJuVWZCQUlDWkJZQ0FnRVBEeFlDSHdJRkRrNUk0YnFzVUNERWtFbmh1NEpOWkdRQ1V3OFBGZ1FmQlFVSWIzVjBMVzFsYm5VZkJBSUNaR1FDVlE4UEZnUWZCUVVJYjNWMExXMWxiblVmQkFJQ1pHUUNWdzhQRmdRZkJRVUliM1YwTFcxbGJuVWZCQUlDWkdRQ1dROFBGZ1FmQlFVSWIzVjBMVzFsYm5VZkJBSUNaQllDQWdFUER4WUNId0lGSGxoRlRTREVrRW5odTRKTklFM0RsRTRnUjBuaHVxSk9SeUJFNGJxZ1dXUmtBbHNQRHhZRUh3VUZDRzkxZEMxdFpXNTFId1FDQW1RV0FnSUJEdzhXQWg4Q0JSNVlSVTBneEpCSjRidUNUU0JVNGJ1VVRrY2dTT0c3b2xBZ1RPRzdtbEJrWkFKZER3OFdCQjhGQlFodmRYUXRiV1Z1ZFI4RUFnSmtGZ0lDQVE4UEZnSWZBZ1VWU1U0Z1Mwamh1NUJKSUV6R3IrRzdvazVISUVkRVpHUUNYdzhQRmdRZkJRVUliM1YwTFcxbGJuVWZCQUlDWkJZQ0FnRVBEeFlDSHdJRkRsVlFURTlCUkNERWtFbmh1NEpOWkdRQ1lROFBGZ1FmQlFVSWIzVjBMVzFsYm5VZkJBSUNaQllDQWdFUER4WUNId0lGRFZSTFFpQkM0YnVZSUUzRGxFNWtaQUpqRHc4V0JCOEZCUWh2ZFhRdGJXVnVkUjhFQWdKa0ZnSUNBUThQRmdJZkFnVVVUT0c3aWtOSUlGUklTU0JDNGJ1WUlFM0RsRTVrWkFKbER3OFdCQjhGQlFodmRYUXRiV1Z1ZFI4RUFnSmtGZ0lDQVE4UEZnSWZBZ1VtVkVqaHU1Qk9SeUJMdzRvZ1Iwbmh1cUpPUnlCV1NjT0tUaUJFVlZuaHU0WlVJRXRSUkV0a1pBSm5EdzhXQkI4RkJRaHZkWFF0YldWdWRSOEVBZ0prRmdJQ0FROFBGZ0lmQWdVaVdFVk5JRlRodTVST1J5Qkk0YnVpVUNCTFVTQkk0YnVNUXlCVTRicXNVQ0JUVm1Sa0Fta1BEeFlFSHdVRkNHOTFkQzF0Wlc1MUh3UUNBbVJrQW1zUER4WUVId1VGQ0c5MWRDMXRaVzUxSHdRQ0FtUVdBbVlQRHhZQ0h3SUZHRXZodXI0Z1NFL2h1cUJEU0NCSTRidU1ReUJVNGJxc1VHUmtBbTBQRHhZRUh3VUZDRzkxZEMxdFpXNTFId1FDQW1Sa0FtOFBEeFlFSHdVRkNHOTFkQzF0Wlc1MUh3UUNBbVFXQWdJQkR3OFdBaDhDQlJSSXhxL2h1NXBPUnlCRTRicXFUaURFa0V0TlNHUmtBbkVQRHhZRUh3VUZDRzkxZEMxdFpXNTFId1FDQW1RV0FnSUJEdzhXQWg4Q0JTQk9TT0c2ckZBZ3hKRGh1NHBCSUVOSTRidUlJRTVJNGJxc1RpQlR3NEZEU0dSa0FuTVBEeFlFSHdVRkNHOTFkQzF0Wlc1MUh3UUNBbVFXQWdJQkR3OFdBaDhDQlNURWtNU0NUa2NnUzhPZElFNUk0YnFzVGlCVHc0RkRTQ0JPUjAvRGdFa2dSMG5odTV4a1pBSjFEdzhXQkI4RkJRaHZkWFF0YldWdWRSOEVBZ0prRmdJQ0FROFBGZ0lmQWdVYnhKRERnVTVJSUVkSnc0RWdRMGpodXFSVUlFekdyK0c3b2s1SFpHUUNkdzhQRmdRZkJRVUliM1YwTFcxbGJuVWZCQUlDWkJZQ0FnRVBEeFlDSHdJRkg4U1FMa3ZEblNCRTRidXdJRXpodTRRZ1ZPRzdrRlFnVGtkSVNlRzdobEJrWkFKNUR3OFdCQjhGQlFodmRYUXRiV1Z1ZFI4RUFnSmtGZ0lDQVE4UEZnSWZBZ1VUVHVHN21GQWdRMGpodTZoT1J5QkRTT0c3aUdSa0Fuc1BEeFlFSHdVRkNHOTFkQzF0Wlc1MUh3UUNBbVFXQWdJQkR3OFdBaDhDQlNGWVJVMGd4SkRodTRBZ1E4YXZ4cUJPUnlCVVVrOU9SeUJDNGJ1WUlFM0RsRTVrWkFKOUR3OFdCQjhGQlFodmRYUXRiV1Z1ZFI4RUFnSmtGZ0lDQVE4UEZnSWZBZ1VaUkVGT1NDQlR3NEZEU0NERWtDNUx3NTBnV01PSlZDQlVUbVJrQW44UER4WUVId1VGQ0c5MWRDMXRaVzUxSHdRQ0FtUVdBZ0lCRHc4V0FoOENCUjVFUVU1SUlGUERnVU5JSU1TUUxrdkRuU0JFNGJ1d0lFemh1NFFnVkU1a1pBS0JBUThQRmdRZkJRVUliM1YwTFcxbGJuVWZCQUlDWkJZQ0FnRVBEeFlDSHdJRkZsUkl3NVJPUnlCVVNVNGdURlhodXF4T0lGYkVnazVrWkFLREFROFBGZ1FmQlFVSWIzVjBMVzFsYm5VZkJBSUNaQllDQWdFUER4WUNId0lGSTFSU1FTQkQ0YnVvVlNCVVNNT1VUa2NnVkVsT0lGVGh1NUJVSUU1SFNFbmh1NFpRWkdRQ2hRRVBEeFlFSHdVRkNHOTFkQzF0Wlc1MUh3UUNBbVFXQWdJQkR3OFdBaDhDQlJCRDRidXdWU0JUU1U1SUlGWkp3NHBPWkdRQ2h3RVBEeFlFSHdVRkNHOTFkQzF0Wlc1MUh3UUNBbVFXQWdJQkR3OFdBaDhDQlJmRWtNU0NUa2NnUzhPZElGakRpVlFnVkZWWjRidUNUbVJrQW9rQkR3OFdCQjhGQlFodmRYUXRiV1Z1ZFI4RUFnSmtGZ0lDQVE4UEZnSWZBZ1VnVkVqRGxFNUhJRlJKVGlCSTRidVNJRlBHb0NCVVZWbmh1NEpPSUZOSlRraGtaQUtMQVE4UEZnUWZCUVVJYjNWMExXMWxiblVmQkFJQ1pHUUNqUUVQRHhZRUh3VUZDRzkxZEMxdFpXNTFId1FDQW1RV0FnSUJEdzhXQWg4Q0JSZEl3NU5CSU1TUXhxQk9JTVNRU2VHN2hrNGdWT0c3ckdSa0FvOEJEdzhXQkI4RkJRaHZkWFF0YldWdWRSOEVBZ0prRmdJQ0FROFBGZ0lmQWdVV1RrZEk0YnVJSUVUaHVxQlpJRVRodXFCWklFTERtV1JrQXBFQkR3OFdCQjhGQlFodmRYUXRiV1Z1ZFI4RUFnSmtGZ0lDQVE4UEZnSWZBZ1VYeEpERWdrNUhJRXZEblNCT1Iwamh1NGdnVUVqRGlWQmtaQUtUQVE4UEZnUWZCUVVJYjNWMExXMWxiblVmQkFJQ1pCWUNBZ0VQRHhZQ0h3SUZFc1NReElKT1J5Qkx3NTBnUTA5SklGUklTV1JrQXBVQkR3OFdCQjhGQlFodmRYUXRiV1Z1ZFI4RUFnSmtGZ0lDQVE4UEZnSWZBZ1VTV0VWTklFemh1NHBEU0NCRFQwa2dWRWhKWkdRQ2x3RVBEeFlFSHdVRkNHOTFkQzF0Wlc1MUh3UUNBbVFXQWdJQkR3OFdBaDhDQlJ0TFVTQk9SMGhKdzRwT0lFUGh1NmhWSUV0SVQwRWdTT0c3akVOa1pBS1pBUThQRmdRZkJRVUliM1YwTFcxbGJuVWZCQUlDWkJZQ0FnRVBEeFlDSHdJRkhGaEZUU0RFa09HN2dDQlV3NEJKSUU1RFMwZ2dWRWhCVFNCSFNVRmtaQUtiQVE4UEZnUWZCUVVJYjNWMExXMWxiblVmQkFJQ1pCWUNBZ0VQWkJZQ1pnOFBGZ0lmQWdVa3hKREVnazVISUV2RG5TQllTVTRnUjBuaHVxUlpJRU5JNGJ1b1RrY2dUa2podXF4T1pHUUNuUUVQRHhZRUh3VUZDRzkxZEMxdFpXNTFId1FDQW1RV0FnSUJEMlFXQW1ZUER4WUNId0lGR1VQaHVxeFFJRTVJNGJxc1ZDQk9SMC9odXFCSklGUlN3NXBrWkFLZkFROFBGZ1FmQlFVSWIzVjBMVzFsYm5VZkJBSUNaQllDQWdFUER4WUNId0lGRzBQaHVxeFFJRTVJNGJxc1ZDQlVTTWF2NGJ1Y1RrY2dWRkxEbW1Sa0FxRUJEdzhXQkI4RkJRaHZkWFF0YldWdWRSOEVBZ0prRmdJQ0FROFBGZ0lmQWdVVlErRzZxRTBnVGtGT1J5QlRTVTVJSUZaSnc0cE9aR1FDb3dFUER4WUVId1VGQ0c5MWRDMXRaVzUxSHdRQ0FtUVdBZ0lCRHc4V0FoOENCUjVZUlUwZ1RGWGh1cXhPSUZiRWdrNGdWT0c3a0ZRZ1RrZElTZUc3aGxCa1pBS2xBUThQRmdRZkJRVUliM1YwTFcxbGJuVWZCQUlDWkJZQ0FnRVBEeFlDSHdJRkhsaEZUU0JNVmVHNnJFNGdWc1NDVGlCSXhxL2h1NXBPUnlCRTRicXFUbVJrQXFjQkR3OFdCQjhGQlFodmRYUXRiV1Z1ZFI4RUFnSmtGZ0lDQVE4UEZnSWZBZ1VkV0VWTklFeFY0YnFzVGlCV3hJSk9JRkJJNGJxaVRpQkNTZUc3aGs1a1pBS3BBUThQRmdRZkJRVUliM1YwTFcxbGJuVWZCQUlDWkJZQ0FnRVBEeFlDSHdJRkpFTERnVThnUWtuaHU0SlZJRkJJNGJ1a1F5Qlc0YnVrSUV6RGcwNUlJTVNRNGJxZ1QyUmtBcXNCRHc4V0JCOEZCUWh2ZFhRdGJXVnVkUjhFQWdKa0ZnSUNBUThQRmdJZkFnVWNWRWpodTVCT1J5Qkx3NG9neEpERGswNUhJRWhRSUU5T1RFbE9SV1JrQXEwQkR3OFdCQjhGQlFodmRYUXRiV1Z1ZFI4RUFnSmtGZ0lDQVE4UEZnSWZBZ1VYeEpERWdrNUhJRXZEblNCTHc1MGdWTU9hUXlCWXc0RmtaQUt2QVE4UEZnUWZCUVVJYjNWMExXMWxiblVmQkFJQ1pCWUNBZ0VQRHhZQ0h3SUZHRlJJUVU1SUlGUlB3NEZPSUV2RG5TQlV3NXBESUZqRGdXUmtBckVCRHc4V0JCOEZCUWh2ZFhRdGJXVnVkUjhFQWdKa0ZnSUNBUThQRmdJZkFnVWlRK0c2ckZBZ1Rramh1cXhVSUV6RG5TQk00YnVLUTBnZ1MwaFBRU0JJNGJ1TVEyUmtBck1CRHc4V0JCOEZCUWh2ZFhRdGJXVnVkUjhFQWdKa0ZnSUNBUThQRmdJZkFnVVhRK0c2ckZBZ1Rramh1cXhVSUZRdVZFbE9JRUpJV1ZSa1pBSzFBUThQRmdRZkJRVUliM1YwTFcxbGJuVWZCQUlDWkJZQ0FnRVBEeFlDSHdJRkZsaEZUU0RFa0VuaHU0Sk5JTVNRdzRNZ1JPRzZvRmxrWkFLM0FROFBGZ1FmQlFVSWIzVjBMVzFsYm5VZkJBSUNaQllDQWdFUER4WUNId0lGR1VsT0lFdkRpaUJMU0VGSklFZEo0YnVjSUVkSjRicWlUa2RrWkFLNUFROFBGZ1FmQlFVSWIzVjBMVzFsYm5VZkJBSUNaR1FDdXdFUER4WUVId1VGQ0c5MWRDMXRaVzUxSHdRQ0FtUmtBcjBCRHc4V0JCOEZCUWh2ZFhRdGJXVnVkUjhFQWdKa1pBSy9BUThQRmdRZkJRVUliM1YwTFcxbGJuVWZCQUlDWkdRQ3dRRVBEeFlFSHdVRkNHOTFkQzF0Wlc1MUh3UUNBbVJrQWdjUFpCWUNBZ0VQWkJZQ1pnOWtGZ3dDQlE5a0ZnUUNBUThQRmdJZkJtaGtaQUlERHhBUEZnSWZCbWhrWkJZQVpBSUhEMlFXSm1ZUER4WUNId0lGRGszRG95QnphVzVvSUhacHc2cHVaR1FDQVE4UEZnSWZBZ1VLTXpFeE9UUXhNVEEwTW1Sa0FnSVBEeFlDSHdJRkQxVERxbTRnYzJsdWFDQjJhY09xYm1Sa0FnTVBEeFlDSHdJRkZVNW5kWG5odTRWdUlFamh1NjkxSUU1bmFNU3BZV1JrQWdRUER4WUNId0lGQlZCb3c2RnBaR1FDQlE4UEZnSWZBZ1VEVG1GdFpHUUNCZzhQRmdJZkFnVUpUc2FoYVNCemFXNW9aR1FDQnc4UEZnSWZBZ1VOVVhYaHVxTnVaeUJPWjhPamFXUmtBZ2dQRHhZQ0h3SUZCVXpodTV0d1pHUUNDUThQRmdJZkFnVmFSRU5VTVRFNVF6SW9JTVNRNGJxaGFTQm80YnVOWXlCamFNT3RibWdnY1hWNUlDMGdibWZEb0c1b0lFUER0RzVuSUc1bmFPRzdoeUIwYU1PMGJtY2dkR2x1SUNoRFRFTXBJQzBnU3k0eE9TQXRJRXpodTV0d0lESXBaR1FDQ2c4UEZnSWZBZ1VHVG1mRG9HNW9aR1FDQ3c4UEZnSWZBZ1VYUThPMGJtY2dibWRvNGJ1SElIUm93N1J1WnlCMGFXNWtaQUlPRHc4V0FoOENCUmREdzdSdVp5QnVaMmpodTRjZ2RHakR0RzVuSUhScGJtUmtBZzhQRHhZQ0h3SUZFRWpodTRjZ3hKSERvRzhnZE9HNm9XOWtaQUlRRHc4V0FoOENCUmZFa09HNm9Xa2dhT0c3aldNZ1kyakRyVzVvSUhGMWVXUmtBaEVQRHhZQ0h3SUZDMHRvdzdOaElHamh1NDFqWkdRQ0VnOFBGZ0lmQWdVSk1qQXhPUzB5TURJMFpHUUNFdzhQRmdJZkFnVVdRK0c3a1NCMjRicWxiaUJvNGJ1Tll5QjA0YnF0Y0dSa0FoUVBEeFlDSHdJRklGQm93N2x1WnlCVWFNT2hhU0JVYUduRHFtNGdWSEpoYm1jb01UQXlNamNwWkdRQ0N3OWtGZ3dDQVE4UEZnSWZBZ1VjU09HN2pXTWdhK0c3c3lBeElFN0VnMjBnYU9HN2pXTWdNakF5TVdSa0FnTVBEeFlDSHdJRkxVNW80YnF0Y0NCbzRidU5ZeUJyNGJ1eklIaGxiU0RFa1duaHU0TnRJSFJvYVNBb2RtUWdNakF3TmpFcE9tUmtBZ2NQRHhZQ0h3SUZBMWhsYldSa0FnMFBaQllDQWdFUFpCWUNaZzhQRmdRZkJRVUtkbWxsZHkxMFlXSnNaUjhFQWdKa1pBSVBEdzhXQWg4Q0JSeEk0YnVOWXlCcjRidXpJREVnVHNTRGJTQm80YnVOWXlBeU1ESXhaR1FDRXc4UEZnSWZBZ1ZGS0NCRTRidXZJR3hwNGJ1SGRTREVrY2F3NGJ1all5Qmo0YnF0Y0NCdWFPRzZyWFFnZHNPZ2J5QnN3N3BqT2lBeE5Ub3pOQ0JPWjhPZ2VUb2dPUzgwTHpJd01qSXBaR1FDRFE4UEZnSWZCbWhrRmdRQ0F3OFFaR1FXQUdRQ0JRODhLd0FOQUdRQ0R3OFdBaDRKYVc1dVpYSm9kRzFzQlE1SlRpREVrRW5odTRKTklGUklTV1FDRVE4UEZnSWZBZ1VSV0ZYaHVxUlVJRVpKVEVVZ1JWaERSVXhrWkFJSkQyUVdDQUlCRHc4V0FoOENCWGxEYjNCNWNtbG5hSFFnd3FreU1EQTVJRlJ5eHJEaHU1MXVaeURFa0VnZ1U4T2dhU0JIdzdKdUxjU1E0YnFoYVNCbzRidU5ZeUJqYU1PdGJtZ2djWFY1TGlCUmRlRzZvMjRnYk1POUlHTGh1NTlwSU9HN3Bua2dZbUZ1SUc1b3c2SnVJR1REb200Z1ZGQXVJRWpodTVNZ1EyakRyU0JOYVc1b1pHUUNBdzhQRmdJZkFnVUxWSEpoYm1jZ1Eyamh1NmRrWkFJRkR3OFdBaDhDQlMxVWFHbmh1cjkwSUd2aHVyOGdZdUc3bjJrZ1kzUjVJRkJvNGJxbmJpQnQ0YnVCYlNCQmJtZ2dVWFhEb201a1pBSUhEdzhXQWg4Q0JRekVrT0c2cDNVZ1ZISmhibWRrWkJnQ0JSNWZYME52Ym5SeWIyeHpVbVZ4ZFdseVpWQnZjM1JDWVdOclMyVjVYMThXQWdVNlkzUnNNREFrUTI5dWRHVnVkRkJzWVdObFNHOXNaR1Z5TVNSamRHd3dNQ1JOWlhOellXZGxRbTk0TVNScGJXZERiRzl6WlVKMWRIUnZiZ1V4WTNSc01EQWtRMjl1ZEdWdWRGQnNZV05sU0c5c1pHVnlNU1JqZEd3d01DUk5aWE56WVdkbFFtOTRNU1JpZEc1UGF3VXBZM1JzTURBa1EyOXVkR1Z1ZEZCc1lXTmxTRzlzWkdWeU1TUmpkR3d3TUNSbmRsaGxiVVJwWlcwUFoyVHlaSU1aUWc3M09ZRGJGVm5Pb3N0L3pId1g1UT09IiBSZWNvcmRlZFZhbHVlPSIvd0VQRHdVS0xUTXhOamMzTlRNM05ROWtGZ0ptRDJRV0JHWVBaQllFQWdFUEZnSWVCMk52Ym5SbGJuUmtaQUlDRHhZQ0hnUm9jbVZtQlNrdUwwMWxjM05oWjJWR2FXeGxMMlpoZG1samIyNHRaR0ZwTFdodll5MXpZV2t0WjI5dUxtcHdaMlFDQVE5a0ZnZ0NBdzlrRmdKbUQyUVdBZ0lCRDJRV0RHWVBEeFlDSGdSVVpYaDBCUXhEYU1PZ2J5Qmk0YnFoYmlCa1pBSUJEdzhXQkI0SlJtOXlaVU52Ykc5eUNRQXovLzhlQkY4aFUwSUNCR1JrQWdJUER4WUVId01KQURQLy94OEVBZ1JrWkFJRER3OFdCaDhDQlJoVWFHRjVJTVNSNGJ1VmFTQnQ0YnF0ZENCcmFPRzZxWFVmQXdrQU0vLy9Id1FDQkdSa0FnUVBEeFlFSHdNSkFEUC8veDhFQWdSa1pBSUZEdzhXQmg4Q0JRM0VrTVNEYm1jZ1Rtamh1cTF3SHdNSkFEUC8veDhFQWdSa1pBSUZEMlFXd2dFQ0FROFBGZ1FlQ0VOemMwTnNZWE56QlFodmRYUXRiV1Z1ZFI4RUFnSmtGZ0ptRHc4V0FoOENCUXRVVWtGT1J5QkRTT0c3cG1Sa0FnTVBEeFlFSHdVRkNHOTFkQzF0Wlc1MUh3UUNBbVFXQWdJQkR3OFdBaDhDQlJkRVFVNUlJRTNodTZSRElFTkk0YnVvUXlCT3hJSk9SMlJrQWdVUER4WUVId1VGQ0c5MWRDMXRaVzUxSHdRQ0FtUVdBZ0lCRHc4V0FoOENCUnRFVFNCRFNPRzdxRU1nVHNTQ1RrY2d4SkREZ1U1SUlFZEp3NEZrWkFJSER3OFdCQjhGQlFodmRYUXRiV1Z1ZFI4RUFnSmtGZ0lDQVE4UEZnSWZBZ1VqVVZYaHVxSk9JRXpEblNERWtNT0JUa2dnUjBuRGdTQlN3NGhPSUV4VldlRzdoazVrWkFJSkR3OFdCaDhGQlFodmRYUXRiV1Z1ZFI4RUFnSWVCMVpwYzJsaWJHVm9aQllDQWdFUER4WUNId0lGRmNTUXhJSk9SeUJMdzUwZ1RjT1VUaUJJNGJ1TVEyUmtBZ3NQRHhZRUh3VUZDRzkxZEMxdFpXNTFId1FDQW1Sa0FnMFBEeFlFSHdVRkNHOTFkQzF0Wlc1MUh3UUNBbVFXQWdJQkR3OFdBaDhDQlFkWVJVMGdWRXRDWkdRQ0R3OFBGZ1FmQlFVSWIzVjBMVzFsYm5VZkJBSUNaQllDQWdFUER4WUNId0lGRUZoRlRTREVrRW5odTRKTklFUkJUa2hrWkFJUkR3OFdCQjhGQlFodmRYUXRiV1Z1ZFI4RUFnSmtGZ0ptRHc4V0FoOENCUTVZUlUwZ1RPRzdpa05JSUZSSVNXUmtBaE1QRHhZR0h3VUZDRzkxZEMxdFpXNTFId1FDQWg4R2FHUVdBZ0lCRHc4V0FoOENCUlJZUlUwZ1RPRzdpa05JSUZSSVNTQk00YnFnU1dSa0FoVVBEeFlHSHdVRkNHOTFkQzF0Wlc1MUh3UUNBaDhHYUdRV0FnSUJEdzhXQWg4Q0JSRllSVTBnVE9HN2lrTklJRlJJU1NCSFMyUmtBaGNQRHhZR0h3VUZDRzkxZEMxdFpXNTFId1FDQWg4R2FHUVdBZ0lCRHc4V0FoOENCU0ZIU0VrZ1ZNT1RUU0JVNGJxdVZDQk53NVJPSUVkSjRicWlUa2NnUk9HNm9GbGtaQUlaRHc4V0JCOEZCUWh2ZFhRdGJXVnVkUjhFQWdKa1pBSWJEdzhXQkI4RkJRaHZkWFF0YldWdWRSOEVBZ0prRmdJQ0FROFBGZ0lmQWdVT1dFVk5JRWpodTR4RElGQkl3NDFrWkFJZER3OFdCQjhGQlFodmRYUXRiV1Z1ZFI4RUFnSmtaQUlmRHc4V0JCOEZCUWx2ZG1WeUxXMWxiblVmQkFJQ1pCWUNBZ0VQRHhZQ0h3SUZDMWhGVFNERWtFbmh1NEpOWkdRQ0lROFBGZ1lmQlFVSWIzVjBMVzFsYm5VZkJBSUNId1pvWkJZQ0FnRVBEeFlDSHdJRkU4U1FTZUc3Z2swZ1MrRzdzaUJXNGJ1TVRrZGtaQUlqRHc4V0JCOEZCUWh2ZFhRdGJXVnVkUjhFQWdKa0ZnSUNBUThQRmdJZkFnVVlTK0c2dmxRZ1VWWGh1cUlneEpCSjRidUNUU0JFUVU1SVpHUUNKUThQRmdRZkJRVUliM1YwTFcxbGJuVWZCQUlDWkJZQ0FnRVBEeFlDSHdJRkZrdFJJTVNRU2VHN2drMGdSRUZPU0NCUFRreEpUa1ZrWkFJbkR3OFdCQjhGQlFodmRYUXRiV1Z1ZFI4RUFnSmtGZ0lDQVE4UEZnSWZBZ1ViV0VWTklNU1FTZUc3Z2swZ1JFRk9TQ0JUU1U1SUlGWkp3NHBPWkdRQ0tROFBGZ1FmQlFVSWIzVjBMVzFsYm5VZkJBSUNaQllDQWdFUER4WUNId0lGSDBkSjRicWlUa2NnVmtuRGlrNGdWT0c3c0NERWtFbmh1NEpOSUVSQlRraGtaQUlyRHc4V0JCOEZCUWh2ZFhRdGJXVnVkUjhFQWdKa0ZnSUNBUThQRmdJZkFnVUpXRVZOSUVOVXhKQlVaR1FDTFE4UEZnUWZCUVVJYjNWMExXMWxiblVmQkFJQ1pCWUNBZ0VQRHhZQ0h3SUZDMWhGVFNCTnc1Uk9JRlJSWkdRQ0x3OFBGZ1FmQlFVSWIzVjBMVzFsYm5VZkJBSUNaQllDQWdFUER4WUNId0lGSk1TUXc0Rk9TQ0JIU2NPQklFdmh1cjVVSUZGVjRicWlJRkxEaUU0Z1RGVlo0YnVHVG1Sa0FqRVBEeFlFSHdVRkNHOTFkQzF0Wlc1MUh3UUNBbVFXQWdJQkR3OFdBaDhDQlNiRWtNT0JUa2dnUjBuRGdTQkxVU0JTdzRoT0lFeFZXZUc3aGs0Z1UwbE9TQ0JXU2NPS1RtUmtBak1QRHhZR0h3VUZDRzkxZEMxdFpXNTFId1FDQWg4R2FHUVdBZ0lCRHc4V0FoOENCUkpUNGJ1c1FTQlVWQ0JEdzRFZ1RrakRnazVrWkFJMUR3OFdCaDhGQlFodmRYUXRiV1Z1ZFI4RUFnSWZCbWRrRmdJQ0FROFBGZ0lmQWdVT1I4T1RVQ0REblNCTFNlRzZ2azVrWkFJM0R3OFdCaDhGQlFodmRYUXRiV1Z1ZFI4RUFnSWZCbWhrRmdKbUR3OFdBaDhDQlJCVDRidXNRU0JNdzUwZ1RPRzdpa05JWkdRQ09ROFBGZ1FmQlFVSWIzVjBMVzFsYm5VZkJBSUNaQllDQWdFUER4WUNId0lGRlZGVjRicWlUaUJNdzUwZ1UwbE9TQ0JXU2NPS1RtUmtBanNQRHhZRUh3VUZDRzkxZEMxdFpXNTFId1FDQW1RV0FnSUJEdzhXQWg4Q0JTSkw0YnErVkNCUlZlRzZvaUJUU1U1SUlGWkp3NHBPSU1TUXc0Rk9TQ0JIU2NPQlpHUUNQUThQRmdRZkJRVUliM1YwTFcxbGJuVWZCQUlDWkdRQ1B3OFBGZ1FmQlFVSWIzVjBMVzFsYm5VZkJBSUNaQllDQWdFUFpCWUNaZzhQRmdJZkFnVVp4SkREZ1U1SUlFZEp3NEVnUjBuaHVxSk9SeUJFNGJxZ1dXUmtBa0VQRHhZRUh3VUZDRzkxZEMxdFpXNTFId1FDQW1RV0FnSUJEdzhXQWg4Q0JSVEVrTVNDVGtjZ1M4T2RJRlJJU1NCTTRicWdTV1JrQWtNUER4WUVId1VGQ0c5MWRDMXRaVzUxSHdRQ0FtUmtBa1VQRHhZRUh3VUZDRzkxZEMxdFpXNTFId1FDQW1RV0FnSUJEdzhXQWg4Q0JSTEVrRXNnUTBoVldjT0tUaUJPUjhPQVRraGtaQUpIRHc4V0JCOEZCUWh2ZFhRdGJXVnVkUjhFQWdKa1pBSkpEdzhXQkI4RkJRaHZkWFF0YldWdWRSOEVBZ0prRmdJQ0FROFBGZ0lmQWdVV1MxRWdXTU9KVkNCVTRidVFWQ0JPUjBoSjRidUdVR1JrQWtzUER4WUVId1VGQ0c5MWRDMXRaVzUxSHdRQ0FtUVdBZ0lCRHc4V0FoOENCUjFMVVNCWXc0bFVJRlJKNGJ1QVRpQlU0YnVRVkNCT1IwaEo0YnVHVUdSa0FrMFBEeFlFSHdVRkNHOTFkQzF0Wlc1MUh3UUNBbVFXQWdJQkR3OFdBaDhDQlJwRHc0SlZJRWpodTQ1SklGUkl4cS9odTV4T1J5Qkg0YnEyVUdSa0FrOFBEeFlFSHdVRkNHOTFkQzF0Wlc1MUh3UUNBbVFXQWdJQkR3OFdBaDhDQlJQRWtFc2dTMGpEazBFZ1RGWGh1cXhPSUZST1pHUUNVUThQRmdRZkJRVUliM1YwTFcxbGJuVWZCQUlDWkJZQ0FnRVBEeFlDSHdJRkRrNUk0YnFzVUNERWtFbmh1NEpOWkdRQ1V3OFBGZ1FmQlFVSWIzVjBMVzFsYm5VZkJBSUNaR1FDVlE4UEZnUWZCUVVJYjNWMExXMWxiblVmQkFJQ1pHUUNWdzhQRmdRZkJRVUliM1YwTFcxbGJuVWZCQUlDWkdRQ1dROFBGZ1FmQlFVSWIzVjBMVzFsYm5VZkJBSUNaQllDQWdFUER4WUNId0lGSGxoRlRTREVrRW5odTRKTklFM0RsRTRnUjBuaHVxSk9SeUJFNGJxZ1dXUmtBbHNQRHhZRUh3VUZDRzkxZEMxdFpXNTFId1FDQW1RV0FnSUJEdzhXQWg4Q0JSNVlSVTBneEpCSjRidUNUU0JVNGJ1VVRrY2dTT0c3b2xBZ1RPRzdtbEJrWkFKZER3OFdCQjhGQlFodmRYUXRiV1Z1ZFI4RUFnSmtGZ0lDQVE4UEZnSWZBZ1VWU1U0Z1Mwamh1NUJKSUV6R3IrRzdvazVISUVkRVpHUUNYdzhQRmdRZkJRVUliM1YwTFcxbGJuVWZCQUlDWkJZQ0FnRVBEeFlDSHdJRkRsVlFURTlCUkNERWtFbmh1NEpOWkdRQ1lROFBGZ1FmQlFVSWIzVjBMVzFsYm5VZkJBSUNaQllDQWdFUER4WUNId0lGRFZSTFFpQkM0YnVZSUUzRGxFNWtaQUpqRHc4V0JCOEZCUWh2ZFhRdGJXVnVkUjhFQWdKa0ZnSUNBUThQRmdJZkFnVVVUT0c3aWtOSUlGUklTU0JDNGJ1WUlFM0RsRTVrWkFKbER3OFdCQjhGQlFodmRYUXRiV1Z1ZFI4RUFnSmtGZ0lDQVE4UEZnSWZBZ1VtVkVqaHU1Qk9SeUJMdzRvZ1Iwbmh1cUpPUnlCV1NjT0tUaUJFVlZuaHU0WlVJRXRSUkV0a1pBSm5EdzhXQkI4RkJRaHZkWFF0YldWdWRSOEVBZ0prRmdJQ0FROFBGZ0lmQWdVaVdFVk5JRlRodTVST1J5Qkk0YnVpVUNCTFVTQkk0YnVNUXlCVTRicXNVQ0JUVm1Sa0Fta1BEeFlFSHdVRkNHOTFkQzF0Wlc1MUh3UUNBbVJrQW1zUER4WUVId1VGQ0c5MWRDMXRaVzUxSHdRQ0FtUVdBbVlQRHhZQ0h3SUZHRXZodXI0Z1NFL2h1cUJEU0NCSTRidU1ReUJVNGJxc1VHUmtBbTBQRHhZRUh3VUZDRzkxZEMxdFpXNTFId1FDQW1Sa0FtOFBEeFlFSHdVRkNHOTFkQzF0Wlc1MUh3UUNBbVFXQWdJQkR3OFdBaDhDQlJSSXhxL2h1NXBPUnlCRTRicXFUaURFa0V0TlNHUmtBbkVQRHhZRUh3VUZDRzkxZEMxdFpXNTFId1FDQW1RV0FnSUJEdzhXQWg4Q0JTQk9TT0c2ckZBZ3hKRGh1NHBCSUVOSTRidUlJRTVJNGJxc1RpQlR3NEZEU0dSa0FuTVBEeFlFSHdVRkNHOTFkQzF0Wlc1MUh3UUNBbVFXQWdJQkR3OFdBaDhDQlNURWtNU0NUa2NnUzhPZElFNUk0YnFzVGlCVHc0RkRTQ0JPUjAvRGdFa2dSMG5odTV4a1pBSjFEdzhXQkI4RkJRaHZkWFF0YldWdWRSOEVBZ0prRmdJQ0FROFBGZ0lmQWdVYnhKRERnVTVJSUVkSnc0RWdRMGpodXFSVUlFekdyK0c3b2s1SFpHUUNkdzhQRmdRZkJRVUliM1YwTFcxbGJuVWZCQUlDWkJZQ0FnRVBEeFlDSHdJRkg4U1FMa3ZEblNCRTRidXdJRXpodTRRZ1ZPRzdrRlFnVGtkSVNlRzdobEJrWkFKNUR3OFdCQjhGQlFodmRYUXRiV1Z1ZFI4RUFnSmtGZ0lDQVE4UEZnSWZBZ1VUVHVHN21GQWdRMGpodTZoT1J5QkRTT0c3aUdSa0Fuc1BEeFlFSHdVRkNHOTFkQzF0Wlc1MUh3UUNBbVFXQWdJQkR3OFdBaDhDQlNGWVJVMGd4SkRodTRBZ1E4YXZ4cUJPUnlCVVVrOU9SeUJDNGJ1WUlFM0RsRTVrWkFKOUR3OFdCQjhGQlFodmRYUXRiV1Z1ZFI4RUFnSmtGZ0lDQVE4UEZnSWZBZ1VaUkVGT1NDQlR3NEZEU0NERWtDNUx3NTBnV01PSlZDQlVUbVJrQW44UER4WUVId1VGQ0c5MWRDMXRaVzUxSHdRQ0FtUVdBZ0lCRHc4V0FoOENCUjVFUVU1SUlGUERnVU5JSU1TUUxrdkRuU0JFNGJ1d0lFemh1NFFnVkU1a1pBS0JBUThQRmdRZkJRVUliM1YwTFcxbGJuVWZCQUlDWkJZQ0FnRVBEeFlDSHdJRkZsUkl3NVJPUnlCVVNVNGdURlhodXF4T0lGYkVnazVrWkFLREFROFBGZ1FmQlFVSWIzVjBMVzFsYm5VZkJBSUNaQllDQWdFUER4WUNId0lGSTFSU1FTQkQ0YnVvVlNCVVNNT1VUa2NnVkVsT0lGVGh1NUJVSUU1SFNFbmh1NFpRWkdRQ2hRRVBEeFlFSHdVRkNHOTFkQzF0Wlc1MUh3UUNBbVFXQWdJQkR3OFdBaDhDQlJCRDRidXdWU0JUU1U1SUlGWkp3NHBPWkdRQ2h3RVBEeFlFSHdVRkNHOTFkQzF0Wlc1MUh3UUNBbVFXQWdJQkR3OFdBaDhDQlJmRWtNU0NUa2NnUzhPZElGakRpVlFnVkZWWjRidUNUbVJrQW9rQkR3OFdCQjhGQlFodmRYUXRiV1Z1ZFI4RUFnSmtGZ0lDQVE4UEZnSWZBZ1VnVkVqRGxFNUhJRlJKVGlCSTRidVNJRlBHb0NCVVZWbmh1NEpPSUZOSlRraGtaQUtMQVE4UEZnUWZCUVVJYjNWMExXMWxiblVmQkFJQ1pHUUNqUUVQRHhZRUh3VUZDRzkxZEMxdFpXNTFId1FDQW1RV0FnSUJEdzhXQWg4Q0JSZEl3NU5CSU1TUXhxQk9JTVNRU2VHN2hrNGdWT0c3ckdSa0FvOEJEdzhXQkI4RkJRaHZkWFF0YldWdWRSOEVBZ0prRmdJQ0FROFBGZ0lmQWdVV1RrZEk0YnVJSUVUaHVxQlpJRVRodXFCWklFTERtV1JrQXBFQkR3OFdCQjhGQlFodmRYUXRiV1Z1ZFI4RUFnSmtGZ0lDQVE4UEZnSWZBZ1VYeEpERWdrNUhJRXZEblNCT1Iwamh1NGdnVUVqRGlWQmtaQUtUQVE4UEZnUWZCUVVJYjNWMExXMWxiblVmQkFJQ1pCWUNBZ0VQRHhZQ0h3SUZFc1NReElKT1J5Qkx3NTBnUTA5SklGUklTV1JrQXBVQkR3OFdCQjhGQlFodmRYUXRiV1Z1ZFI4RUFnSmtGZ0lDQVE4UEZnSWZBZ1VTV0VWTklFemh1NHBEU0NCRFQwa2dWRWhKWkdRQ2x3RVBEeFlFSHdVRkNHOTFkQzF0Wlc1MUh3UUNBbVFXQWdJQkR3OFdBaDhDQlJ0TFVTQk9SMGhKdzRwT0lFUGh1NmhWSUV0SVQwRWdTT0c3akVOa1pBS1pBUThQRmdRZkJRVUliM1YwTFcxbGJuVWZCQUlDWkJZQ0FnRVBEeFlDSHdJRkhGaEZUU0RFa09HN2dDQlV3NEJKSUU1RFMwZ2dWRWhCVFNCSFNVRmtaQUtiQVE4UEZnUWZCUVVJYjNWMExXMWxiblVmQkFJQ1pCWUNBZ0VQWkJZQ1pnOFBGZ0lmQWdVa3hKREVnazVISUV2RG5TQllTVTRnUjBuaHVxUlpJRU5JNGJ1b1RrY2dUa2podXF4T1pHUUNuUUVQRHhZRUh3VUZDRzkxZEMxdFpXNTFId1FDQW1RV0FnSUJEMlFXQW1ZUER4WUNId0lGR1VQaHVxeFFJRTVJNGJxc1ZDQk9SMC9odXFCSklGUlN3NXBrWkFLZkFROFBGZ1FmQlFVSWIzVjBMVzFsYm5VZkJBSUNaQllDQWdFUER4WUNId0lGRzBQaHVxeFFJRTVJNGJxc1ZDQlVTTWF2NGJ1Y1RrY2dWRkxEbW1Sa0FxRUJEdzhXQkI4RkJRaHZkWFF0YldWdWRSOEVBZ0prRmdJQ0FROFBGZ0lmQWdVVlErRzZxRTBnVGtGT1J5QlRTVTVJSUZaSnc0cE9aR1FDb3dFUER4WUVId1VGQ0c5MWRDMXRaVzUxSHdRQ0FtUVdBZ0lCRHc4V0FoOENCUjVZUlUwZ1RGWGh1cXhPSUZiRWdrNGdWT0c3a0ZRZ1RrZElTZUc3aGxCa1pBS2xBUThQRmdRZkJRVUliM1YwTFcxbGJuVWZCQUlDWkJZQ0FnRVBEeFlDSHdJRkhsaEZUU0JNVmVHNnJFNGdWc1NDVGlCSXhxL2h1NXBPUnlCRTRicXFUbVJrQXFjQkR3OFdCQjhGQlFodmRYUXRiV1Z1ZFI4RUFnSmtGZ0lDQVE4UEZnSWZBZ1VkV0VWTklFeFY0YnFzVGlCV3hJSk9JRkJJNGJxaVRpQkNTZUc3aGs1a1pBS3BBUThQRmdRZkJRVUliM1YwTFcxbGJuVWZCQUlDWkJZQ0FnRVBEeFlDSHdJRkpFTERnVThnUWtuaHU0SlZJRkJJNGJ1a1F5Qlc0YnVrSUV6RGcwNUlJTVNRNGJxZ1QyUmtBcXNCRHc4V0JCOEZCUWh2ZFhRdGJXVnVkUjhFQWdKa0ZnSUNBUThQRmdJZkFnVWNWRWpodTVCT1J5Qkx3NG9neEpERGswNUhJRWhRSUU5T1RFbE9SV1JrQXEwQkR3OFdCQjhGQlFodmRYUXRiV1Z1ZFI4RUFnSmtGZ0lDQVE4UEZnSWZBZ1VYeEpERWdrNUhJRXZEblNCTHc1MGdWTU9hUXlCWXc0RmtaQUt2QVE4UEZnUWZCUVVJYjNWMExXMWxiblVmQkFJQ1pCWUNBZ0VQRHhZQ0h3SUZHRlJJUVU1SUlGUlB3NEZPSUV2RG5TQlV3NXBESUZqRGdXUmtBckVCRHc4V0JCOEZCUWh2ZFhRdGJXVnVkUjhFQWdKa0ZnSUNBUThQRmdJZkFnVWlRK0c2ckZBZ1Rramh1cXhVSUV6RG5TQk00YnVLUTBnZ1MwaFBRU0JJNGJ1TVEyUmtBck1CRHc4V0JCOEZCUWh2ZFhRdGJXVnVkUjhFQWdKa0ZnSUNBUThQRmdJZkFnVVhRK0c2ckZBZ1Rramh1cXhVSUZRdVZFbE9JRUpJV1ZSa1pBSzFBUThQRmdRZkJRVUliM1YwTFcxbGJuVWZCQUlDWkJZQ0FnRVBEeFlDSHdJRkZsaEZUU0RFa0VuaHU0Sk5JTVNRdzRNZ1JPRzZvRmxrWkFLM0FROFBGZ1FmQlFVSWIzVjBMVzFsYm5VZkJBSUNaQllDQWdFUER4WUNId0lGR1VsT0lFdkRpaUJMU0VGSklFZEo0YnVjSUVkSjRicWlUa2RrWkFLNUFROFBGZ1FmQlFVSWIzVjBMVzFsYm5VZkJBSUNaR1FDdXdFUER4WUVId1VGQ0c5MWRDMXRaVzUxSHdRQ0FtUmtBcjBCRHc4V0JCOEZCUWh2ZFhRdGJXVnVkUjhFQWdKa1pBSy9BUThQRmdRZkJRVUliM1YwTFcxbGJuVWZCQUlDWkdRQ3dRRVBEeFlFSHdVRkNHOTFkQzF0Wlc1MUh3UUNBbVJrQWdjUFpCWUNBZ0VQWkJZQ1pnOWtGZ3dDQlE5a0ZnUUNBUThQRmdJZkJtaGtaQUlERHhBUEZnSWZCbWhrWkJZQVpBSUhEMlFXSm1ZUER4WUNId0lGRGszRG95QnphVzVvSUhacHc2cHVaR1FDQVE4UEZnSWZBZ1VLTXpFeE9UUXhNVEEwTW1Sa0FnSVBEeFlDSHdJRkQxVERxbTRnYzJsdWFDQjJhY09xYm1Sa0FnTVBEeFlDSHdJRkZVNW5kWG5odTRWdUlFamh1NjkxSUU1bmFNU3BZV1JrQWdRUER4WUNId0lGQlZCb3c2RnBaR1FDQlE4UEZnSWZBZ1VEVG1GdFpHUUNCZzhQRmdJZkFnVUpUc2FoYVNCemFXNW9aR1FDQnc4UEZnSWZBZ1VOVVhYaHVxTnVaeUJPWjhPamFXUmtBZ2dQRHhZQ0h3SUZCVXpodTV0d1pHUUNDUThQRmdJZkFnVmFSRU5VTVRFNVF6SW9JTVNRNGJxaGFTQm80YnVOWXlCamFNT3RibWdnY1hWNUlDMGdibWZEb0c1b0lFUER0RzVuSUc1bmFPRzdoeUIwYU1PMGJtY2dkR2x1SUNoRFRFTXBJQzBnU3k0eE9TQXRJRXpodTV0d0lESXBaR1FDQ2c4UEZnSWZBZ1VHVG1mRG9HNW9aR1FDQ3c4UEZnSWZBZ1VYUThPMGJtY2dibWRvNGJ1SElIUm93N1J1WnlCMGFXNWtaQUlPRHc4V0FoOENCUmREdzdSdVp5QnVaMmpodTRjZ2RHakR0RzVuSUhScGJtUmtBZzhQRHhZQ0h3SUZFRWpodTRjZ3hKSERvRzhnZE9HNm9XOWtaQUlRRHc4V0FoOENCUmZFa09HNm9Xa2dhT0c3aldNZ1kyakRyVzVvSUhGMWVXUmtBaEVQRHhZQ0h3SUZDMHRvdzdOaElHamh1NDFqWkdRQ0VnOFBGZ0lmQWdVSk1qQXhPUzB5TURJMFpHUUNFdzhQRmdJZkFnVVdRK0c3a1NCMjRicWxiaUJvNGJ1Tll5QjA0YnF0Y0dSa0FoUVBEeFlDSHdJRklGQm93N2x1WnlCVWFNT2hhU0JVYUduRHFtNGdWSEpoYm1jb01UQXlNamNwWkdRQ0N3OWtGZ3dDQVE4UEZnSWZBZ1VjU09HN2pXTWdhK0c3c3lBeElFN0VnMjBnYU9HN2pXTWdNakF5TVdSa0FnTVBEeFlDSHdJRkxVNW80YnF0Y0NCbzRidU5ZeUJyNGJ1eklIaGxiU0RFa1duaHU0TnRJSFJvYVNBb2RtUWdNakF3TmpFcE9tUmtBZ2NQRHhZQ0h3SUZBMWhsYldSa0FnMFBaQllDQWdFUFpCWUNaZzhQRmdRZkJRVUtkbWxsZHkxMFlXSnNaUjhFQWdKa1pBSVBEdzhXQWg4Q0JSeEk0YnVOWXlCcjRidXpJREVnVHNTRGJTQm80YnVOWXlBeU1ESXhaR1FDRXc4UEZnSWZBZ1ZGS0NCRTRidXZJR3hwNGJ1SGRTREVrY2F3NGJ1all5Qmo0YnF0Y0NCdWFPRzZyWFFnZHNPZ2J5QnN3N3BqT2lBeE5Ub3pOQ0JPWjhPZ2VUb2dPUzgwTHpJd01qSXBaR1FDRFE4UEZnSWZCbWhrRmdRQ0F3OFFaR1FXQUdRQ0JRODhLd0FOQUdRQ0R3OFdBaDRKYVc1dVpYSm9kRzFzQlE1SlRpREVrRW5odTRKTklGUklTV1FDRVE4UEZnSWZBZ1VSV0ZYaHVxUlVJRVpKVEVVZ1JWaERSVXhrWkFJSkQyUVdDQUlCRHc4V0FoOENCWGxEYjNCNWNtbG5hSFFnd3FreU1EQTVJRlJ5eHJEaHU1MXVaeURFa0VnZ1U4T2dhU0JIdzdKdUxjU1E0YnFoYVNCbzRidU5ZeUJqYU1PdGJtZ2djWFY1TGlCUmRlRzZvMjRnYk1POUlHTGh1NTlwSU9HN3Bua2dZbUZ1SUc1b3c2SnVJR1REb200Z1ZGQXVJRWpodTVNZ1EyakRyU0JOYVc1b1pHUUNBdzhQRmdJZkFnVUxWSEpoYm1jZ1Eyamh1NmRrWkFJRkR3OFdBaDhDQlMxVWFHbmh1cjkwSUd2aHVyOGdZdUc3bjJrZ1kzUjVJRkJvNGJxbmJpQnQ0YnVCYlNCQmJtZ2dVWFhEb201a1pBSUhEdzhXQWg4Q0JRekVrT0c2cDNVZ1ZISmhibWRrWkJnQ0JSNWZYME52Ym5SeWIyeHpVbVZ4ZFdseVpWQnZjM1JDWVdOclMyVjVYMThXQWdVNlkzUnNNREFrUTI5dWRHVnVkRkJzWVdObFNHOXNaR1Z5TVNSamRHd3dNQ1JOWlhOellXZGxRbTk0TVNScGJXZERiRzl6WlVKMWRIUnZiZ1V4WTNSc01EQWtRMjl1ZEdWdWRGQnNZV05sU0c5c1pHVnlNU1JqZEd3d01DUk5aWE56WVdkbFFtOTRNU1JpZEc1UGF3VXBZM1JzTURBa1EyOXVkR1Z1ZEZCc1lXTmxTRzlzWkdWeU1TUmpkR3d3TUNSbmRsaGxiVVJwWlcwUFoyVHlaSU1aUWc3M09ZRGJGVm5Pb3N0L3pId1g1UT09IiBDb3JyZWxhdGlvbkJpbmRpbmc9Int7Rm9ybVBvc3RQYXJhbTIyLl9fVklFV1NUQVRFfX0iIFVybEVuY29kZT0iVHJ1ZSIgLz4NCiAgICAgICAgPEZvcm1Qb3N0UGFyYW1ldGVyIE5hbWU9Il9fVklFV1NUQVRFR0VORVJBVE9SIiBWYWx1ZT0iQ0EwQjAzMzQiIFJlY29yZGVkVmFsdWU9IkNBMEIwMzM0IiBDb3JyZWxhdGlvbkJpbmRpbmc9Int7Rm9ybVBvc3RQYXJhbTIzLl9fVklFV1NUQVRFR0VORVJBVE9SfX0iIFVybEVuY29kZT0iVHJ1ZSIgLz4NCiAgICAgICAgPEZvcm1Qb3N0UGFyYW1ldGVyIE5hbWU9ImN0bDAwJENvbnRlbnRQbGFjZUhvbGRlcjEkY3RsMDAkdHh0Q2hvbkhLIiBWYWx1ZT0iMjAwNzgiIFJlY29yZGVkVmFsdWU9IjIwMDc4IiBDb3JyZWxhdGlvbkJpbmRpbmc9IiIgVXJsRW5jb2RlPSJUcnVlIiAvPg0KICAgICAgICA8Rm9ybVBvc3RQYXJhbWV0ZXIgTmFtZT0iY3RsMDAkQ29udGVudFBsYWNlSG9sZGVyMSRjdGwwMCRidG5DaG9uSEsiIFZhbHVlPSJYZW0iIFJlY29yZGVkVmFsdWU9IlhlbSIgQ29ycmVsYXRpb25CaW5kaW5nPSJ7e0Zvcm1Qb3N0UGFyYW0yNC5jdGwwMCRDb250ZW50UGxhY2VIb2xkZXIxJGN0bDAwJGJ0bkNob25IS319IiBVcmxFbmNvZGU9IlRydWUiIC8+DQogICAgICA8L0Zvcm1Qb3N0SHR0cEJvZHk+DQogICAgPC9SZXF1ZXN0Pg0KICAgIDxSZXF1ZXN0IE1ldGhvZD0iR0VUIiBHdWlkPSI4ZDA5Njk3Ni0yOGU1LTRkZGUtOTRkNC04Y2U2Mzk1YWMyM2QiIFZlcnNpb249IjEuMSIgVXJsPSJodHRwOi8vdGhvbmd0aW5kYW90YW8uc2d1LmVkdS52bi9EZWZhdWx0LmFzcHgiIFRoaW5rVGltZT0iMCIgVGltZW91dD0iMzAwIiBQYXJzZURlcGVuZGVudFJlcXVlc3RzPSJUcnVlIiBGb2xsb3dSZWRpcmVjdHM9IlRydWUiIFJlY29yZFJlc3VsdD0iVHJ1ZSIgQ2FjaGU9IkZhbHNlIiBSZXNwb25zZVRpbWVHb2FsPSIwIiBFbmNvZGluZz0idXRmLTgiIEV4cGVjdGVkSHR0cFN0YXR1c0NvZGU9IjAiIEV4cGVjdGVkUmVzcG9uc2VVcmw9Imh0dHA6Ly90aG9uZ3RpbmRhb3Rhby5zZ3UuZWR1LnZuL2RlZmF1bHQuYXNweD9wYWdlPWRhbmduaGFwIiBSZXBvcnRpbmdOYW1lPSIiIElnbm9yZUh0dHBTdGF0dXNDb2RlPSJGYWxzZSI+DQogICAgICA8UXVlcnlTdHJpbmdQYXJhbWV0ZXJzPg0KICAgICAgICA8UXVlcnlTdHJpbmdQYXJhbWV0ZXIgTmFtZT0icGFnZSIgVmFsdWU9InhlbWRpZW10aGkiIFJlY29yZGVkVmFsdWU9InhlbWRpZW10aGkiIENvcnJlbGF0aW9uQmluZGluZz0ie3tRdWVyeVN0cmluZ1BhcmFtNDEucGFnZX19IiBVcmxFbmNvZGU9IkZhbHNlIiBVc2VUb0dyb3VwUmVzdWx0cz0iRmFsc2UiIC8+DQogICAgICAgIDxRdWVyeVN0cmluZ1BhcmFtZXRlciBOYW1lPSJpZCIgVmFsdWU9IjMxMTk0MTEwNDIiIFJlY29yZGVkVmFsdWU9IjMxMTk0MTEwNDIiIENvcnJlbGF0aW9uQmluZGluZz0ie3tRdWVyeVN0cmluZ1BhcmFtNDIuaWR9fSIgVXJsRW5jb2RlPSJGYWxzZSIgVXNlVG9Hcm91cFJlc3VsdHM9IkZhbHNlIiAvPg0KICAgICAgPC9RdWVyeVN0cmluZ1BhcmFtZXRlcnM+DQogICAgICA8Rm9ybVBvc3RIdHRwQm9keT4NCiAgICAgICAgPEZvcm1Qb3N0UGFyYW1ldGVyIE5hbWU9Il9fRVZFTlRUQVJHRVQiIFZhbHVlPSJjdGwwMCRIZWFkZXIxJExvZ291dDEkbGJ0bkxvZ091dCIgUmVjb3JkZWRWYWx1ZT0iY3RsMDAkSGVhZGVyMSRMb2dvdXQxJGxidG5Mb2dPdXQiIENvcnJlbGF0aW9uQmluZGluZz0iIiBVcmxFbmNvZGU9IlRydWUiIC8+DQogICAgICAgIDxGb3JtUG9zdFBhcmFtZXRlciBOYW1lPSJfX0VWRU5UQVJHVU1FTlQiIFZhbHVlPSIiIFJlY29yZGVkVmFsdWU9IiIgQ29ycmVsYXRpb25CaW5kaW5nPSIiIFVybEVuY29kZT0iVHJ1ZSIgLz4NCiAgICAgICAgPEZvcm1Qb3N0UGFyYW1ldGVyIE5hbWU9Il9fVklFV1NUQVRFIiBWYWx1ZT0iL3dFUER3VUtMVE14TmpjM05UTTNOUTlrRmdKbUQyUVdCR1lQWkJZRUFnRVBGZ0llQjJOdmJuUmxiblJrWkFJQ0R4WUNIZ1JvY21WbUJTa3VMMDFsYzNOaFoyVkdhV3hsTDJaaGRtbGpiMjR0WkdGcExXaHZZeTF6WVdrdFoyOXVMbXB3WjJRQ0FROWtGZ2dDQXc5a0ZnSm1EMlFXQWdJQkQyUVdER1lQRHhZQ0hnUlVaWGgwQlF4RGFNT2dieUJpNGJxaGJpQmtaQUlCRHc4V0JoOENCUTlZWlcwZ2RHakR0RzVuSUdMRG9XOGVDVVp2Y21WRGIyeHZjZ2tBTS8vL0hnUmZJVk5DQWdSa1pBSUNEdzhXQmg4Q0JRTWdmQ0FmQXdrQU0vLy9Id1FDQkdSa0FnTVBEeFlHSHdJRkdGUm9ZWGtneEpIaHU1VnBJRzNodXExMElHdG80YnFwZFI4RENRQXovLzhmQkFJRVpHUUNCQThQRmdZZkFnVURJSHdnSHdNSkFEUC8veDhFQWdSa1pBSUZEdzhXQmg4Q0JRM0VrTVNEYm1jZ1Rtamh1cTF3SHdNSkFEUC8veDhFQWdSa1pBSUZEMlFXd2dFQ0FROFBGZ1FlQ0VOemMwTnNZWE56QlFodmRYUXRiV1Z1ZFI4RUFnSmtGZ0ptRHc4V0FoOENCUXRVVWtGT1J5QkRTT0c3cG1Sa0FnTVBEeFlFSHdVRkNHOTFkQzF0Wlc1MUh3UUNBbVFXQWdJQkR3OFdBaDhDQlJkRVFVNUlJRTNodTZSRElFTkk0YnVvUXlCT3hJSk9SMlJrQWdVUER4WUVId1VGQ0c5MWRDMXRaVzUxSHdRQ0FtUVdBZ0lCRHc4V0FoOENCUnRFVFNCRFNPRzdxRU1nVHNTQ1RrY2d4SkREZ1U1SUlFZEp3NEZrWkFJSER3OFdCQjhGQlFodmRYUXRiV1Z1ZFI4RUFnSmtGZ0lDQVE4UEZnSWZBZ1VqVVZYaHVxSk9JRXpEblNERWtNT0JUa2dnUjBuRGdTQlN3NGhPSUV4VldlRzdoazVrWkFJSkR3OFdCaDhGQlFodmRYUXRiV1Z1ZFI4RUFnSWVCMVpwYzJsaWJHVm9aQllDQWdFUER4WUNId0lGRmNTUXhJSk9SeUJMdzUwZ1RjT1VUaUJJNGJ1TVEyUmtBZ3NQRHhZRUh3VUZDRzkxZEMxdFpXNTFId1FDQW1Sa0FnMFBEeFlFSHdVRkNHOTFkQzF0Wlc1MUh3UUNBbVFXQWdJQkR3OFdBaDhDQlFkWVJVMGdWRXRDWkdRQ0R3OFBGZ1FmQlFVSWIzVjBMVzFsYm5VZkJBSUNaQllDQWdFUER4WUNId0lGRUZoRlRTREVrRW5odTRKTklFUkJUa2hrWkFJUkR3OFdCQjhGQlFodmRYUXRiV1Z1ZFI4RUFnSmtGZ0ptRHc4V0FoOENCUTVZUlUwZ1RPRzdpa05JSUZSSVNXUmtBaE1QRHhZR0h3VUZDRzkxZEMxdFpXNTFId1FDQWg4R2FHUVdBZ0lCRHc4V0FoOENCUlJZUlUwZ1RPRzdpa05JSUZSSVNTQk00YnFnU1dSa0FoVVBEeFlHSHdVRkNHOTFkQzF0Wlc1MUh3UUNBaDhHYUdRV0FnSUJEdzhXQWg4Q0JSRllSVTBnVE9HN2lrTklJRlJJU1NCSFMyUmtBaGNQRHhZR0h3VUZDRzkxZEMxdFpXNTFId1FDQWg4R2FHUVdBZ0lCRHc4V0FoOENCU0ZIU0VrZ1ZNT1RUU0JVNGJxdVZDQk53NVJPSUVkSjRicWlUa2NnUk9HNm9GbGtaQUlaRHc4V0JCOEZCUWh2ZFhRdGJXVnVkUjhFQWdKa1pBSWJEdzhXQkI4RkJRaHZkWFF0YldWdWRSOEVBZ0prRmdJQ0FROFBGZ0lmQWdVT1dFVk5JRWpodTR4RElGQkl3NDFrWkFJZER3OFdCQjhGQlFodmRYUXRiV1Z1ZFI4RUFnSmtaQUlmRHc4V0JCOEZCUWx2ZG1WeUxXMWxiblVmQkFJQ1pCWUNBZ0VQRHhZQ0h3SUZDMWhGVFNERWtFbmh1NEpOWkdRQ0lROFBGZ1lmQlFVSWIzVjBMVzFsYm5VZkJBSUNId1pvWkJZQ0FnRVBEeFlDSHdJRkU4U1FTZUc3Z2swZ1MrRzdzaUJXNGJ1TVRrZGtaQUlqRHc4V0JCOEZCUWh2ZFhRdGJXVnVkUjhFQWdKa0ZnSUNBUThQRmdJZkFnVVlTK0c2dmxRZ1VWWGh1cUlneEpCSjRidUNUU0JFUVU1SVpHUUNKUThQRmdRZkJRVUliM1YwTFcxbGJuVWZCQUlDWkJZQ0FnRVBEeFlDSHdJRkZrdFJJTVNRU2VHN2drMGdSRUZPU0NCUFRreEpUa1ZrWkFJbkR3OFdCQjhGQlFodmRYUXRiV1Z1ZFI4RUFnSmtGZ0lDQVE4UEZnSWZBZ1ViV0VWTklNU1FTZUc3Z2swZ1JFRk9TQ0JUU1U1SUlGWkp3NHBPWkdRQ0tROFBGZ1FmQlFVSWIzVjBMVzFsYm5VZkJBSUNaQllDQWdFUER4WUNId0lGSDBkSjRicWlUa2NnVmtuRGlrNGdWT0c3c0NERWtFbmh1NEpOSUVSQlRraGtaQUlyRHc4V0JCOEZCUWh2ZFhRdGJXVnVkUjhFQWdKa0ZnSUNBUThQRmdJZkFnVUpXRVZOSUVOVXhKQlVaR1FDTFE4UEZnUWZCUVVJYjNWMExXMWxiblVmQkFJQ1pCWUNBZ0VQRHhZQ0h3SUZDMWhGVFNCTnc1Uk9JRlJSWkdRQ0x3OFBGZ1FmQlFVSWIzVjBMVzFsYm5VZkJBSUNaQllDQWdFUER4WUNId0lGSk1TUXc0Rk9TQ0JIU2NPQklFdmh1cjVVSUZGVjRicWlJRkxEaUU0Z1RGVlo0YnVHVG1Sa0FqRVBEeFlFSHdVRkNHOTFkQzF0Wlc1MUh3UUNBbVFXQWdJQkR3OFdBaDhDQlNiRWtNT0JUa2dnUjBuRGdTQkxVU0JTdzRoT0lFeFZXZUc3aGs0Z1UwbE9TQ0JXU2NPS1RtUmtBak1QRHhZR0h3VUZDRzkxZEMxdFpXNTFId1FDQWg4R2FHUVdBZ0lCRHc4V0FoOENCUkpUNGJ1c1FTQlVWQ0JEdzRFZ1RrakRnazVrWkFJMUR3OFdCaDhGQlFodmRYUXRiV1Z1ZFI4RUFnSWZCbWRrRmdJQ0FROFBGZ0lmQWdVT1I4T1RVQ0REblNCTFNlRzZ2azVrWkFJM0R3OFdCaDhGQlFodmRYUXRiV1Z1ZFI4RUFnSWZCbWhrRmdKbUR3OFdBaDhDQlJCVDRidXNRU0JNdzUwZ1RPRzdpa05JWkdRQ09ROFBGZ1FmQlFVSWIzVjBMVzFsYm5VZkJBSUNaQllDQWdFUER4WUNId0lGRlZGVjRicWlUaUJNdzUwZ1UwbE9TQ0JXU2NPS1RtUmtBanNQRHhZRUh3VUZDRzkxZEMxdFpXNTFId1FDQW1RV0FnSUJEdzhXQWg4Q0JTSkw0YnErVkNCUlZlRzZvaUJUU1U1SUlGWkp3NHBPSU1TUXc0Rk9TQ0JIU2NPQlpHUUNQUThQRmdRZkJRVUliM1YwTFcxbGJuVWZCQUlDWkdRQ1B3OFBGZ1FmQlFVSWIzVjBMVzFsYm5VZkJBSUNaQllDQWdFUFpCWUNaZzhQRmdJZkFnVVp4SkREZ1U1SUlFZEp3NEVnUjBuaHVxSk9SeUJFNGJxZ1dXUmtBa0VQRHhZRUh3VUZDRzkxZEMxdFpXNTFId1FDQW1RV0FnSUJEdzhXQWg4Q0JSVEVrTVNDVGtjZ1M4T2RJRlJJU1NCTTRicWdTV1JrQWtNUER4WUVId1VGQ0c5MWRDMXRaVzUxSHdRQ0FtUmtBa1VQRHhZRUh3VUZDRzkxZEMxdFpXNTFId1FDQW1RV0FnSUJEdzhXQWg4Q0JSTEVrRXNnUTBoVldjT0tUaUJPUjhPQVRraGtaQUpIRHc4V0JCOEZCUWh2ZFhRdGJXVnVkUjhFQWdKa1pBSkpEdzhXQkI4RkJRaHZkWFF0YldWdWRSOEVBZ0prRmdJQ0FROFBGZ0lmQWdVV1MxRWdXTU9KVkNCVTRidVFWQ0JPUjBoSjRidUdVR1JrQWtzUER4WUVId1VGQ0c5MWRDMXRaVzUxSHdRQ0FtUVdBZ0lCRHc4V0FoOENCUjFMVVNCWXc0bFVJRlJKNGJ1QVRpQlU0YnVRVkNCT1IwaEo0YnVHVUdSa0FrMFBEeFlFSHdVRkNHOTFkQzF0Wlc1MUh3UUNBbVFXQWdJQkR3OFdBaDhDQlJwRHc0SlZJRWpodTQ1SklGUkl4cS9odTV4T1J5Qkg0YnEyVUdSa0FrOFBEeFlFSHdVRkNHOTFkQzF0Wlc1MUh3UUNBbVFXQWdJQkR3OFdBaDhDQlJQRWtFc2dTMGpEazBFZ1RGWGh1cXhPSUZST1pHUUNVUThQRmdRZkJRVUliM1YwTFcxbGJuVWZCQUlDWkJZQ0FnRVBEeFlDSHdJRkRrNUk0YnFzVUNERWtFbmh1NEpOWkdRQ1V3OFBGZ1FmQlFVSWIzVjBMVzFsYm5VZkJBSUNaR1FDVlE4UEZnUWZCUVVJYjNWMExXMWxiblVmQkFJQ1pHUUNWdzhQRmdRZkJRVUliM1YwTFcxbGJuVWZCQUlDWkdRQ1dROFBGZ1FmQlFVSWIzVjBMVzFsYm5VZkJBSUNaQllDQWdFUER4WUNId0lGSGxoRlRTREVrRW5odTRKTklFM0RsRTRnUjBuaHVxSk9SeUJFNGJxZ1dXUmtBbHNQRHhZRUh3VUZDRzkxZEMxdFpXNTFId1FDQW1RV0FnSUJEdzhXQWg4Q0JSNVlSVTBneEpCSjRidUNUU0JVNGJ1VVRrY2dTT0c3b2xBZ1RPRzdtbEJrWkFKZER3OFdCQjhGQlFodmRYUXRiV1Z1ZFI4RUFnSmtGZ0lDQVE4UEZnSWZBZ1VWU1U0Z1Mwamh1NUJKSUV6R3IrRzdvazVISUVkRVpHUUNYdzhQRmdRZkJRVUliM1YwTFcxbGJuVWZCQUlDWkJZQ0FnRVBEeFlDSHdJRkRsVlFURTlCUkNERWtFbmh1NEpOWkdRQ1lROFBGZ1FmQlFVSWIzVjBMVzFsYm5VZkJBSUNaQllDQWdFUER4WUNId0lGRFZSTFFpQkM0YnVZSUUzRGxFNWtaQUpqRHc4V0JCOEZCUWh2ZFhRdGJXVnVkUjhFQWdKa0ZnSUNBUThQRmdJZkFnVVVUT0c3aWtOSUlGUklTU0JDNGJ1WUlFM0RsRTVrWkFKbER3OFdCQjhGQlFodmRYUXRiV1Z1ZFI4RUFnSmtGZ0lDQVE4UEZnSWZBZ1VtVkVqaHU1Qk9SeUJMdzRvZ1Iwbmh1cUpPUnlCV1NjT0tUaUJFVlZuaHU0WlVJRXRSUkV0a1pBSm5EdzhXQkI4RkJRaHZkWFF0YldWdWRSOEVBZ0prRmdJQ0FROFBGZ0lmQWdVaVdFVk5JRlRodTVST1J5Qkk0YnVpVUNCTFVTQkk0YnVNUXlCVTRicXNVQ0JUVm1Sa0Fta1BEeFlFSHdVRkNHOTFkQzF0Wlc1MUh3UUNBbVJrQW1zUER4WUVId1VGQ0c5MWRDMXRaVzUxSHdRQ0FtUVdBbVlQRHhZQ0h3SUZHRXZodXI0Z1NFL2h1cUJEU0NCSTRidU1ReUJVNGJxc1VHUmtBbTBQRHhZRUh3VUZDRzkxZEMxdFpXNTFId1FDQW1Sa0FtOFBEeFlFSHdVRkNHOTFkQzF0Wlc1MUh3UUNBbVFXQWdJQkR3OFdBaDhDQlJSSXhxL2h1NXBPUnlCRTRicXFUaURFa0V0TlNHUmtBbkVQRHhZRUh3VUZDRzkxZEMxdFpXNTFId1FDQW1RV0FnSUJEdzhXQWg4Q0JTQk9TT0c2ckZBZ3hKRGh1NHBCSUVOSTRidUlJRTVJNGJxc1RpQlR3NEZEU0dSa0FuTVBEeFlFSHdVRkNHOTFkQzF0Wlc1MUh3UUNBbVFXQWdJQkR3OFdBaDhDQlNURWtNU0NUa2NnUzhPZElFNUk0YnFzVGlCVHc0RkRTQ0JPUjAvRGdFa2dSMG5odTV4a1pBSjFEdzhXQkI4RkJRaHZkWFF0YldWdWRSOEVBZ0prRmdJQ0FROFBGZ0lmQWdVYnhKRERnVTVJSUVkSnc0RWdRMGpodXFSVUlFekdyK0c3b2s1SFpHUUNkdzhQRmdRZkJRVUliM1YwTFcxbGJuVWZCQUlDWkJZQ0FnRVBEeFlDSHdJRkg4U1FMa3ZEblNCRTRidXdJRXpodTRRZ1ZPRzdrRlFnVGtkSVNlRzdobEJrWkFKNUR3OFdCQjhGQlFodmRYUXRiV1Z1ZFI4RUFnSmtGZ0lDQVE4UEZnSWZBZ1VUVHVHN21GQWdRMGpodTZoT1J5QkRTT0c3aUdSa0Fuc1BEeFlFSHdVRkNHOTFkQzF0Wlc1MUh3UUNBbVFXQWdJQkR3OFdBaDhDQlNGWVJVMGd4SkRodTRBZ1E4YXZ4cUJPUnlCVVVrOU9SeUJDNGJ1WUlFM0RsRTVrWkFKOUR3OFdCQjhGQlFodmRYUXRiV1Z1ZFI4RUFnSmtGZ0lDQVE4UEZnSWZBZ1VaUkVGT1NDQlR3NEZEU0NERWtDNUx3NTBnV01PSlZDQlVUbVJrQW44UER4WUVId1VGQ0c5MWRDMXRaVzUxSHdRQ0FtUVdBZ0lCRHc4V0FoOENCUjVFUVU1SUlGUERnVU5JSU1TUUxrdkRuU0JFNGJ1d0lFemh1NFFnVkU1a1pBS0JBUThQRmdRZkJRVUliM1YwTFcxbGJuVWZCQUlDWkJZQ0FnRVBEeFlDSHdJRkZsUkl3NVJPUnlCVVNVNGdURlhodXF4T0lGYkVnazVrWkFLREFROFBGZ1FmQlFVSWIzVjBMVzFsYm5VZkJBSUNaQllDQWdFUER4WUNId0lGSjFSU1FTQkQ0YnVvVlNCV3hJSk9JRUxodXJCT1J5Qld3NEFnUTBqaHU2aE9SeUJEU09HN2lHUmtBb1VCRHc4V0JCOEZCUWh2ZFhRdGJXVnVkUjhFQWdKa0ZnSUNBUThQRmdJZkFnVVFRK0c3c0ZVZ1UwbE9TQ0JXU2NPS1RtUmtBb2NCRHc4V0JCOEZCUWh2ZFhRdGJXVnVkUjhFQWdKa0ZnSUNBUThQRmdJZkFnVVh4SkRFZ2s1SElFdkRuU0JZdzRsVUlGUlZXZUc3Z2s1a1pBS0pBUThQRmdRZkJRVUliM1YwTFcxbGJuVWZCQUlDWkJZQ0FnRVBEeFlDSHdJRklGUkl3NVJPUnlCVVNVNGdTT0c3a2lCVHhxQWdWRlZaNGJ1Q1RpQlRTVTVJWkdRQ2l3RVBEeFlFSHdVRkNHOTFkQzF0Wlc1MUh3UUNBbVJrQW8wQkR3OFdCQjhGQlFodmRYUXRiV1Z1ZFI4RUFnSmtGZ0lDQVE4UEZnSWZBZ1VYU01PVFFTREVrTWFnVGlERWtFbmh1NFpPSUZUaHU2eGtaQUtQQVE4UEZnUWZCUVVJYjNWMExXMWxiblVmQkFJQ1pCWUNBZ0VQRHhZQ0h3SUZGazVIU09HN2lDQkU0YnFnV1NCRTRicWdXU0JDdzVsa1pBS1JBUThQRmdRZkJRVUliM1YwTFcxbGJuVWZCQUlDWkJZQ0FnRVBEeFlDSHdJRkY4U1F4SUpPUnlCTHc1MGdUa2RJNGJ1SUlGQkl3NGxRWkdRQ2t3RVBEeFlFSHdVRkNHOTFkQzF0Wlc1MUh3UUNBbVFXQWdJQkR3OFdBaDhDQlJMRWtNU0NUa2NnUzhPZElFTlBTU0JVU0Vsa1pBS1ZBUThQRmdRZkJRVUliM1YwTFcxbGJuVWZCQUlDWkJZQ0FnRVBEeFlDSHdJRkVsaEZUU0JNNGJ1S1EwZ2dRMDlKSUZSSVNXUmtBcGNCRHc4V0JCOEZCUWh2ZFhRdGJXVnVkUjhFQWdKa0ZnSUNBUThQRmdJZkFnVWJTMUVnVGtkSVNjT0tUaUJENGJ1b1ZTQkxTRTlCSUVqaHU0eERaR1FDbVFFUER4WUVId1VGQ0c5MWRDMXRaVzUxSHdRQ0FtUVdBZ0lCRHc4V0FoOENCUnhZUlUwZ3hKRGh1NEFnVk1PQVNTQk9RMHRJSUZSSVFVMGdSMGxCWkdRQ213RVBEeFlFSHdVRkNHOTFkQzF0Wlc1MUh3UUNBbVFXQWdJQkQyUVdBbVlQRHhZQ0h3SUZKTVNReElKT1J5Qkx3NTBnV0VsT0lFZEo0YnFrV1NCRFNPRzdxRTVISUU1STRicXNUbVJrQXAwQkR3OFdCQjhGQlFodmRYUXRiV1Z1ZFI4RUFnSmtGZ0lDQVE5a0ZnSm1EdzhXQWg4Q0JSbEQ0YnFzVUNCT1NPRzZyRlFnVGtkUDRicWdTU0JVVXNPYVpHUUNud0VQRHhZRUh3VUZDRzkxZEMxdFpXNTFId1FDQW1RV0FnSUJEdzhXQWg4Q0JSdEQ0YnFzVUNCT1NPRzZyRlFnVkVqR3IrRzduRTVISUZSU3c1cGtaQUtoQVE4UEZnUWZCUVVJYjNWMExXMWxiblVmQkFJQ1pCWUNBZ0VQRHhZQ0h3SUZGVVBodXFoTklFNUJUa2NnVTBsT1NDQldTY09LVG1Sa0FxTUJEdzhXQkI4RkJRaHZkWFF0YldWdWRSOEVBZ0prRmdJQ0FROFBGZ0lmQWdVZVdFVk5JRXhWNGJxc1RpQld4SUpPSUZUaHU1QlVJRTVIU0VuaHU0WlFaR1FDcFFFUER4WUVId1VGQ0c5MWRDMXRaVzUxSHdRQ0FtUVdBZ0lCRHc4V0FoOENCUjVZUlUwZ1RGWGh1cXhPSUZiRWdrNGdTTWF2NGJ1YVRrY2dST0c2cWs1a1pBS25BUThQRmdRZkJRVUliM1YwTFcxbGJuVWZCQUlDWkJZQ0FnRVBEeFlDSHdJRkhWaEZUU0JNVmVHNnJFNGdWc1NDVGlCUVNPRzZvazRnUWtuaHU0Wk9aR1FDcVFFUER4WUVId1VGQ0c5MWRDMXRaVzUxSHdRQ0FtUVdBZ0lCRHc4V0FoOENCU1JDdzRGUElFSko0YnVDVlNCUVNPRzdwRU1nVnVHN3BDQk13NE5PU0NERWtPRzZvRTlrWkFLckFROFBGZ1FmQlFVSWIzVjBMVzFsYm5VZkJBSUNaQllDQWdFUER4WUNId0lGSEZSSTRidVFUa2NnUzhPS0lNU1F3NU5PUnlCSVVDQlBUa3hKVGtWa1pBS3RBUThQRmdRZkJRVUliM1YwTFcxbGJuVWZCQUlDWkJZQ0FnRVBEeFlDSHdJRkY4U1F4SUpPUnlCTHc1MGdTOE9kSUZURG1rTWdXTU9CWkdRQ3J3RVBEeFlFSHdVRkNHOTFkQzF0Wlc1MUh3UUNBbVFXQWdJQkR3OFdBaDhDQlJoVVNFRk9TQ0JVVDhPQlRpQkx3NTBnVk1PYVF5Qll3NEZrWkFLeEFROFBGZ1FmQlFVSWIzVjBMVzFsYm5VZkJBSUNaQllDQWdFUER4WUNId0lGSWtQaHVxeFFJRTVJNGJxc1ZDQk13NTBnVE9HN2lrTklJRXRJVDBFZ1NPRzdqRU5rWkFLekFROFBGZ1FmQlFVSWIzVjBMVzFsYm5VZkJBSUNaQllDQWdFUER4WUNId0lGRjBQaHVxeFFJRTVJNGJxc1ZDQlVMbFJKVGlCQ1NGbFVaR1FDdFFFUER4WUVId1VGQ0c5MWRDMXRaVzUxSHdRQ0FtUVdBZ0lCRHc4V0FoOENCUlpZUlUwZ3hKQko0YnVDVFNERWtNT0RJRVRodXFCWlpHUUN0d0VQRHhZRUh3VUZDRzkxZEMxdFpXNTFId1FDQW1RV0FnSUJEdzhXQWg4Q0JSbEpUaUJMdzRvZ1MwaEJTU0JIU2VHN25DQkhTZUc2b2s1SFpHUUN1UUVQRHhZRUh3VUZDRzkxZEMxdFpXNTFId1FDQW1Sa0Fyc0JEdzhXQkI4RkJRaHZkWFF0YldWdWRSOEVBZ0prWkFLOUFROFBGZ1FmQlFVSWIzVjBMVzFsYm5VZkJBSUNaR1FDdndFUER4WUVId1VGQ0c5MWRDMXRaVzUxSHdRQ0FtUmtBc0VCRHc4V0JCOEZCUWh2ZFhRdGJXVnVkUjhFQWdKa1pBSUhEMlFXQWdJQkQyUVdBbVlQWkJZTUFnVVBaQllFQWdFUER4WUVId0lGQ0U1bnc2QnVhRG9nSHdab1pHUUNBdzhRRHhZQ0h3Wm9aR1FXQUdRQ0J3OWtGaVptRHc4V0FoOENCUTVOdzZNZ2MybHVhQ0IyYWNPcWJtUmtBZ0VQRHhZQ0h3SUZDak14TVRrME1URXdOREprWkFJQ0R3OFdBaDhDQlE5VXc2cHVJSE5wYm1nZ2RtbkRxbTVrWkFJRER3OFdBaDhDQlJWT1ozVjU0YnVGYmlCSTRidXZkU0JPWjJqRXFXRmtaQUlFRHc4V0FoOENCUVZRYU1PaGFXUmtBZ1VQRHhZQ0h3SUZBMDVoYldSa0FnWVBEeFlDSHdJRkNVN0dvV2tnYzJsdWFHUmtBZ2NQRHhZQ0h3SUZEVkYxNGJxamJtY2dUbWZEbzJsa1pBSUlEdzhXQWg4Q0JRVk00YnViY0dSa0Fna1BEeFlDSHdJRldrUkRWREV4T1VNeUtDREVrT0c2b1drZ2FPRzdqV01nWTJqRHJXNW9JSEYxZVNBdElHNW53NkJ1YUNCRHc3UnVaeUJ1WjJqaHU0Y2dkR2pEdEc1bklIUnBiaUFvUTB4REtTQXRJRXN1TVRrZ0xTQk00YnViY0NBeUtXUmtBZ29QRHhZQ0h3SUZCazVudzZCdWFHUmtBZ3NQRHhZQ0h3SUZGMFBEdEc1bklHNW5hT0c3aHlCMGFNTzBibWNnZEdsdVpHUUNEZzhQRmdJZkFnVVhROE8wYm1jZ2JtZG80YnVISUhSb3c3UnVaeUIwYVc1a1pBSVBEdzhXQWg4Q0JSQkk0YnVISU1TUnc2QnZJSFRodXFGdlpHUUNFQThQRmdJZkFnVVh4SkRodXFGcElHamh1NDFqSUdOb3c2MXVhQ0J4ZFhsa1pBSVJEdzhXQWg4Q0JRdExhTU96WVNCbzRidU5ZMlJrQWhJUER4WUNId0lGQ1RJd01Ua3RNakF5TkdSa0FoTVBEeFlDSHdJRkZrUGh1NUVnZHVHNnBXNGdhT0c3aldNZ2RPRzZyWEJrWkFJVUR3OFdBaDhDQlNCUWFNTzVibWNnVkdqRG9Xa2dWR2hwdzZwdUlGUnlZVzVuS0RFd01qSTNLV1JrQWdzUFpCWU1BZ0VQRHhZQ0h3SUZHVmhsYlNCMDRicWxkQ0JqNGJxaklHamh1NDFqSUd2RHJDQmtaQUlERHc4V0FoOENCUzFPYU9HNnJYQWdhT0c3aldNZ2ErRzdzeUI0WlcwZ3hKRnA0YnVEYlNCMGFHa2dLSFprSURJd01EWXhLVHBrWkFJSER3OFdBaDhDQlFOWVpXMWtaQUlORDJRV0FnSUJEMlFXQW1ZUER4WUVId1VGQ25acFpYY3RkR0ZpYkdVZkJBSUNaR1FDRHc4UEZnSWZBZ1VaV0dWdElIVGh1cVYwSUdQaHVxTWdhT0c3aldNZ2E4T3NJR1JrQWhNUER4WUNId0lGUlNnZ1JPRzdyeUJzYWVHN2gzVWd4SkhHc09HN28yTWdZK0c2clhBZ2Jtamh1cTEwSUhiRG9HOGdiTU82WXpvZ01UVTZNelFnVG1mRG9IazZJRGt2TkM4eU1ESXlLV1JrQWcwUER4WUNId1pvWkJZRUFnTVBFR1JrRmdCa0FnVVBQQ3NBRFFCa0FnOFBGZ0llQ1dsdWJtVnlhSFJ0YkFVT1NVNGd4SkJKNGJ1Q1RTQlVTRWxrQWhFUER4WUNId0lGRVZoVjRicWtWQ0JHU1V4RklFVllRMFZNWkdRQ0NROWtGZ2dDQVE4UEZnSWZBZ1Y1UTI5d2VYSnBaMmgwSU1LcE1qQXdPU0JVY3NhdzRidWRibWNneEpCSUlGUERvR2tnUjhPeWJpM0VrT0c2b1drZ2FPRzdqV01nWTJqRHJXNW9JSEYxZVM0Z1VYWGh1cU51SUd6RHZTQmk0YnVmYVNEaHU2WjVJR0poYmlCdWFNT2liaUJrdzZKdUlGUlFMaUJJNGJ1VElFTm93NjBnVFdsdWFHUmtBZ01QRHhZQ0h3SUZDMVJ5WVc1bklFTm80YnVuWkdRQ0JROFBGZ0lmQWdVdFZHaHA0YnEvZENCcjRicS9JR0xodTU5cElHTjBlU0JRYU9HNnAyNGdiZUc3Z1cwZ1FXNW9JRkYxdzZKdVpHUUNCdzhQRmdJZkFnVU14SkRodXFkMUlGUnlZVzVuWkdRWUFnVWVYMTlEYjI1MGNtOXNjMUpsY1hWcGNtVlFiM04wUW1GamEwdGxlVjlmRmdJRk9tTjBiREF3SkVOdmJuUmxiblJRYkdGalpVaHZiR1JsY2pFa1kzUnNNREFrVFdWemMyRm5aVUp2ZURFa2FXMW5RMnh2YzJWQ2RYUjBiMjRGTVdOMGJEQXdKRU52Ym5SbGJuUlFiR0ZqWlVodmJHUmxjakVrWTNSc01EQWtUV1Z6YzJGblpVSnZlREVrWW5SdVQyc0ZLV04wYkRBd0pFTnZiblJsYm5SUWJHRmpaVWh2YkdSbGNqRWtZM1JzTURBa1ozWllaVzFFYVdWdEQyZGtOWHI2bkxlMG1DZWRveGppYk50dDdVNVRjT0U9IiBSZWNvcmRlZFZhbHVlPSIvd0VQRHdVS0xUTXhOamMzTlRNM05ROWtGZ0ptRDJRV0JHWVBaQllFQWdFUEZnSWVCMk52Ym5SbGJuUmtaQUlDRHhZQ0hnUm9jbVZtQlNrdUwwMWxjM05oWjJWR2FXeGxMMlpoZG1samIyNHRaR0ZwTFdodll5MXpZV2t0WjI5dUxtcHdaMlFDQVE5a0ZnZ0NBdzlrRmdKbUQyUVdBZ0lCRDJRV0RHWVBEeFlDSGdSVVpYaDBCUXhEYU1PZ2J5Qmk0YnFoYmlCa1pBSUJEdzhXQmg4Q0JROVlaVzBnZEdqRHRHNW5JR0xEb1c4ZUNVWnZjbVZEYjJ4dmNna0FNLy8vSGdSZklWTkNBZ1JrWkFJQ0R3OFdCaDhDQlFNZ2ZDQWZBd2tBTS8vL0h3UUNCR1JrQWdNUER4WUdId0lGR0ZSb1lYa2d4SkhodTVWcElHM2h1cTEwSUd0bzRicXBkUjhEQ1FBei8vOGZCQUlFWkdRQ0JBOFBGZ1lmQWdVRElId2dId01KQURQLy94OEVBZ1JrWkFJRkR3OFdCaDhDQlEzRWtNU0RibWNnVG1qaHVxMXdId01KQURQLy94OEVBZ1JrWkFJRkQyUVd3Z0VDQVE4UEZnUWVDRU56YzBOc1lYTnpCUWh2ZFhRdGJXVnVkUjhFQWdKa0ZnSm1EdzhXQWg4Q0JRdFVVa0ZPUnlCRFNPRzdwbVJrQWdNUER4WUVId1VGQ0c5MWRDMXRaVzUxSHdRQ0FtUVdBZ0lCRHc4V0FoOENCUmRFUVU1SUlFM2h1NlJESUVOSTRidW9ReUJPeElKT1IyUmtBZ1VQRHhZRUh3VUZDRzkxZEMxdFpXNTFId1FDQW1RV0FnSUJEdzhXQWg4Q0JSdEVUU0JEU09HN3FFTWdUc1NDVGtjZ3hKRERnVTVJSUVkSnc0RmtaQUlIRHc4V0JCOEZCUWh2ZFhRdGJXVnVkUjhFQWdKa0ZnSUNBUThQRmdJZkFnVWpVVlhodXFKT0lFekRuU0RFa01PQlRrZ2dSMG5EZ1NCU3c0aE9JRXhWV2VHN2hrNWtaQUlKRHc4V0JoOEZCUWh2ZFhRdGJXVnVkUjhFQWdJZUIxWnBjMmxpYkdWb1pCWUNBZ0VQRHhZQ0h3SUZGY1NReElKT1J5Qkx3NTBnVGNPVVRpQkk0YnVNUTJSa0Fnc1BEeFlFSHdVRkNHOTFkQzF0Wlc1MUh3UUNBbVJrQWcwUER4WUVId1VGQ0c5MWRDMXRaVzUxSHdRQ0FtUVdBZ0lCRHc4V0FoOENCUWRZUlUwZ1ZFdENaR1FDRHc4UEZnUWZCUVVJYjNWMExXMWxiblVmQkFJQ1pCWUNBZ0VQRHhZQ0h3SUZFRmhGVFNERWtFbmh1NEpOSUVSQlRraGtaQUlSRHc4V0JCOEZCUWh2ZFhRdGJXVnVkUjhFQWdKa0ZnSm1EdzhXQWg4Q0JRNVlSVTBnVE9HN2lrTklJRlJJU1dSa0FoTVBEeFlHSHdVRkNHOTFkQzF0Wlc1MUh3UUNBaDhHYUdRV0FnSUJEdzhXQWg4Q0JSUllSVTBnVE9HN2lrTklJRlJJU1NCTTRicWdTV1JrQWhVUER4WUdId1VGQ0c5MWRDMXRaVzUxSHdRQ0FoOEdhR1FXQWdJQkR3OFdBaDhDQlJGWVJVMGdUT0c3aWtOSUlGUklTU0JIUzJSa0FoY1BEeFlHSHdVRkNHOTFkQzF0Wlc1MUh3UUNBaDhHYUdRV0FnSUJEdzhXQWg4Q0JTRkhTRWtnVk1PVFRTQlU0YnF1VkNCTnc1Uk9JRWRKNGJxaVRrY2dST0c2b0Zsa1pBSVpEdzhXQkI4RkJRaHZkWFF0YldWdWRSOEVBZ0prWkFJYkR3OFdCQjhGQlFodmRYUXRiV1Z1ZFI4RUFnSmtGZ0lDQVE4UEZnSWZBZ1VPV0VWTklFamh1NHhESUZCSXc0MWtaQUlkRHc4V0JCOEZCUWh2ZFhRdGJXVnVkUjhFQWdKa1pBSWZEdzhXQkI4RkJRbHZkbVZ5TFcxbGJuVWZCQUlDWkJZQ0FnRVBEeFlDSHdJRkMxaEZUU0RFa0VuaHU0Sk5aR1FDSVE4UEZnWWZCUVVJYjNWMExXMWxiblVmQkFJQ0h3Wm9aQllDQWdFUER4WUNId0lGRThTUVNlRzdnazBnUytHN3NpQlc0YnVNVGtka1pBSWpEdzhXQkI4RkJRaHZkWFF0YldWdWRSOEVBZ0prRmdJQ0FROFBGZ0lmQWdVWVMrRzZ2bFFnVVZYaHVxSWd4SkJKNGJ1Q1RTQkVRVTVJWkdRQ0pROFBGZ1FmQlFVSWIzVjBMVzFsYm5VZkJBSUNaQllDQWdFUER4WUNId0lGRmt0UklNU1FTZUc3Z2swZ1JFRk9TQ0JQVGt4SlRrVmtaQUluRHc4V0JCOEZCUWh2ZFhRdGJXVnVkUjhFQWdKa0ZnSUNBUThQRmdJZkFnVWJXRVZOSU1TUVNlRzdnazBnUkVGT1NDQlRTVTVJSUZaSnc0cE9aR1FDS1E4UEZnUWZCUVVJYjNWMExXMWxiblVmQkFJQ1pCWUNBZ0VQRHhZQ0h3SUZIMGRKNGJxaVRrY2dWa25EaWs0Z1ZPRzdzQ0RFa0VuaHU0Sk5JRVJCVGtoa1pBSXJEdzhXQkI4RkJRaHZkWFF0YldWdWRSOEVBZ0prRmdJQ0FROFBGZ0lmQWdVSldFVk5JRU5VeEpCVVpHUUNMUThQRmdRZkJRVUliM1YwTFcxbGJuVWZCQUlDWkJZQ0FnRVBEeFlDSHdJRkMxaEZUU0JOdzVST0lGUlJaR1FDTHc4UEZnUWZCUVVJYjNWMExXMWxiblVmQkFJQ1pCWUNBZ0VQRHhZQ0h3SUZKTVNRdzRGT1NDQkhTY09CSUV2aHVyNVVJRkZWNGJxaUlGTERpRTRnVEZWWjRidUdUbVJrQWpFUER4WUVId1VGQ0c5MWRDMXRaVzUxSHdRQ0FtUVdBZ0lCRHc4V0FoOENCU2JFa01PQlRrZ2dSMG5EZ1NCTFVTQlN3NGhPSUV4VldlRzdoazRnVTBsT1NDQldTY09LVG1Sa0FqTVBEeFlHSHdVRkNHOTFkQzF0Wlc1MUh3UUNBaDhHYUdRV0FnSUJEdzhXQWg4Q0JSSlQ0YnVzUVNCVVZDQkR3NEVnVGtqRGdrNWtaQUkxRHc4V0JoOEZCUWh2ZFhRdGJXVnVkUjhFQWdJZkJtZGtGZ0lDQVE4UEZnSWZBZ1VPUjhPVFVDRERuU0JMU2VHNnZrNWtaQUkzRHc4V0JoOEZCUWh2ZFhRdGJXVnVkUjhFQWdJZkJtaGtGZ0ptRHc4V0FoOENCUkJUNGJ1c1FTQk13NTBnVE9HN2lrTklaR1FDT1E4UEZnUWZCUVVJYjNWMExXMWxiblVmQkFJQ1pCWUNBZ0VQRHhZQ0h3SUZGVkZWNGJxaVRpQk13NTBnVTBsT1NDQldTY09LVG1Sa0Fqc1BEeFlFSHdVRkNHOTFkQzF0Wlc1MUh3UUNBbVFXQWdJQkR3OFdBaDhDQlNKTDRicStWQ0JSVmVHNm9pQlRTVTVJSUZaSnc0cE9JTVNRdzRGT1NDQkhTY09CWkdRQ1BROFBGZ1FmQlFVSWIzVjBMVzFsYm5VZkJBSUNaR1FDUHc4UEZnUWZCUVVJYjNWMExXMWxiblVmQkFJQ1pCWUNBZ0VQWkJZQ1pnOFBGZ0lmQWdVWnhKRERnVTVJSUVkSnc0RWdSMG5odXFKT1J5QkU0YnFnV1dSa0FrRVBEeFlFSHdVRkNHOTFkQzF0Wlc1MUh3UUNBbVFXQWdJQkR3OFdBaDhDQlJURWtNU0NUa2NnUzhPZElGUklTU0JNNGJxZ1NXUmtBa01QRHhZRUh3VUZDRzkxZEMxdFpXNTFId1FDQW1Sa0FrVVBEeFlFSHdVRkNHOTFkQzF0Wlc1MUh3UUNBbVFXQWdJQkR3OFdBaDhDQlJMRWtFc2dRMGhWV2NPS1RpQk9SOE9BVGtoa1pBSkhEdzhXQkI4RkJRaHZkWFF0YldWdWRSOEVBZ0prWkFKSkR3OFdCQjhGQlFodmRYUXRiV1Z1ZFI4RUFnSmtGZ0lDQVE4UEZnSWZBZ1VXUzFFZ1dNT0pWQ0JVNGJ1UVZDQk9SMGhKNGJ1R1VHUmtBa3NQRHhZRUh3VUZDRzkxZEMxdFpXNTFId1FDQW1RV0FnSUJEdzhXQWg4Q0JSMUxVU0JZdzRsVUlGUko0YnVBVGlCVTRidVFWQ0JPUjBoSjRidUdVR1JrQWswUER4WUVId1VGQ0c5MWRDMXRaVzUxSHdRQ0FtUVdBZ0lCRHc4V0FoOENCUnBEdzRKVklFamh1NDVKSUZSSXhxL2h1NXhPUnlCSDRicTJVR1JrQWs4UER4WUVId1VGQ0c5MWRDMXRaVzUxSHdRQ0FtUVdBZ0lCRHc4V0FoOENCUlBFa0VzZ1MwakRrMEVnVEZYaHVxeE9JRlJPWkdRQ1VROFBGZ1FmQlFVSWIzVjBMVzFsYm5VZkJBSUNaQllDQWdFUER4WUNId0lGRGs1STRicXNVQ0RFa0VuaHU0Sk5aR1FDVXc4UEZnUWZCUVVJYjNWMExXMWxiblVmQkFJQ1pHUUNWUThQRmdRZkJRVUliM1YwTFcxbGJuVWZCQUlDWkdRQ1Z3OFBGZ1FmQlFVSWIzVjBMVzFsYm5VZkJBSUNaR1FDV1E4UEZnUWZCUVVJYjNWMExXMWxiblVmQkFJQ1pCWUNBZ0VQRHhZQ0h3SUZIbGhGVFNERWtFbmh1NEpOSUUzRGxFNGdSMG5odXFKT1J5QkU0YnFnV1dSa0Fsc1BEeFlFSHdVRkNHOTFkQzF0Wlc1MUh3UUNBbVFXQWdJQkR3OFdBaDhDQlI1WVJVMGd4SkJKNGJ1Q1RTQlU0YnVVVGtjZ1NPRzdvbEFnVE9HN21sQmtaQUpkRHc4V0JCOEZCUWh2ZFhRdGJXVnVkUjhFQWdKa0ZnSUNBUThQRmdJZkFnVVZTVTRnUzBqaHU1QkpJRXpHcitHN29rNUhJRWRFWkdRQ1h3OFBGZ1FmQlFVSWIzVjBMVzFsYm5VZkJBSUNaQllDQWdFUER4WUNId0lGRGxWUVRFOUJSQ0RFa0VuaHU0Sk5aR1FDWVE4UEZnUWZCUVVJYjNWMExXMWxiblVmQkFJQ1pCWUNBZ0VQRHhZQ0h3SUZEVlJMUWlCQzRidVlJRTNEbEU1a1pBSmpEdzhXQkI4RkJRaHZkWFF0YldWdWRSOEVBZ0prRmdJQ0FROFBGZ0lmQWdVVVRPRzdpa05JSUZSSVNTQkM0YnVZSUUzRGxFNWtaQUpsRHc4V0JCOEZCUWh2ZFhRdGJXVnVkUjhFQWdKa0ZnSUNBUThQRmdJZkFnVW1WRWpodTVCT1J5Qkx3NG9nUjBuaHVxSk9SeUJXU2NPS1RpQkVWVm5odTRaVUlFdFJSRXRrWkFKbkR3OFdCQjhGQlFodmRYUXRiV1Z1ZFI4RUFnSmtGZ0lDQVE4UEZnSWZBZ1VpV0VWTklGVGh1NVJPUnlCSTRidWlVQ0JMVVNCSTRidU1ReUJVNGJxc1VDQlRWbVJrQW1rUER4WUVId1VGQ0c5MWRDMXRaVzUxSHdRQ0FtUmtBbXNQRHhZRUh3VUZDRzkxZEMxdFpXNTFId1FDQW1RV0FtWVBEeFlDSHdJRkdFdmh1cjRnU0UvaHVxQkRTQ0JJNGJ1TVF5QlU0YnFzVUdSa0FtMFBEeFlFSHdVRkNHOTFkQzF0Wlc1MUh3UUNBbVJrQW04UER4WUVId1VGQ0c5MWRDMXRaVzUxSHdRQ0FtUVdBZ0lCRHc4V0FoOENCUlJJeHEvaHU1cE9SeUJFNGJxcVRpREVrRXROU0dSa0FuRVBEeFlFSHdVRkNHOTFkQzF0Wlc1MUh3UUNBbVFXQWdJQkR3OFdBaDhDQlNCT1NPRzZyRkFneEpEaHU0cEJJRU5JNGJ1SUlFNUk0YnFzVGlCVHc0RkRTR1JrQW5NUER4WUVId1VGQ0c5MWRDMXRaVzUxSHdRQ0FtUVdBZ0lCRHc4V0FoOENCU1RFa01TQ1RrY2dTOE9kSUU1STRicXNUaUJUdzRGRFNDQk9SMC9EZ0VrZ1Iwbmh1NXhrWkFKMUR3OFdCQjhGQlFodmRYUXRiV1Z1ZFI4RUFnSmtGZ0lDQVE4UEZnSWZBZ1VieEpERGdVNUlJRWRKdzRFZ1Ewamh1cVJVSUV6R3IrRzdvazVIWkdRQ2R3OFBGZ1FmQlFVSWIzVjBMVzFsYm5VZkJBSUNaQllDQWdFUER4WUNId0lGSDhTUUxrdkRuU0JFNGJ1d0lFemh1NFFnVk9HN2tGUWdUa2RJU2VHN2hsQmtaQUo1RHc4V0JCOEZCUWh2ZFhRdGJXVnVkUjhFQWdKa0ZnSUNBUThQRmdJZkFnVVRUdUc3bUZBZ1Ewamh1NmhPUnlCRFNPRzdpR1JrQW5zUER4WUVId1VGQ0c5MWRDMXRaVzUxSHdRQ0FtUVdBZ0lCRHc4V0FoOENCU0ZZUlUwZ3hKRGh1NEFnUThhdnhxQk9SeUJVVWs5T1J5QkM0YnVZSUUzRGxFNWtaQUo5RHc4V0JCOEZCUWh2ZFhRdGJXVnVkUjhFQWdKa0ZnSUNBUThQRmdJZkFnVVpSRUZPU0NCVHc0RkRTQ0RFa0M1THc1MGdXTU9KVkNCVVRtUmtBbjhQRHhZRUh3VUZDRzkxZEMxdFpXNTFId1FDQW1RV0FnSUJEdzhXQWg4Q0JSNUVRVTVJSUZQRGdVTklJTVNRTGt2RG5TQkU0YnV3SUV6aHU0UWdWRTVrWkFLQkFROFBGZ1FmQlFVSWIzVjBMVzFsYm5VZkJBSUNaQllDQWdFUER4WUNId0lGRmxSSXc1Uk9SeUJVU1U0Z1RGWGh1cXhPSUZiRWdrNWtaQUtEQVE4UEZnUWZCUVVJYjNWMExXMWxiblVmQkFJQ1pCWUNBZ0VQRHhZQ0h3SUZKMVJTUVNCRDRidW9WU0JXeElKT0lFTGh1ckJPUnlCV3c0QWdRMGpodTZoT1J5QkRTT0c3aUdSa0FvVUJEdzhXQkI4RkJRaHZkWFF0YldWdWRSOEVBZ0prRmdJQ0FROFBGZ0lmQWdVUVErRzdzRlVnVTBsT1NDQldTY09LVG1Sa0FvY0JEdzhXQkI4RkJRaHZkWFF0YldWdWRSOEVBZ0prRmdJQ0FROFBGZ0lmQWdVWHhKREVnazVISUV2RG5TQll3NGxVSUZSVldlRzdnazVrWkFLSkFROFBGZ1FmQlFVSWIzVjBMVzFsYm5VZkJBSUNaQllDQWdFUER4WUNId0lGSUZSSXc1Uk9SeUJVU1U0Z1NPRzdraUJUeHFBZ1ZGVlo0YnVDVGlCVFNVNUlaR1FDaXdFUER4WUVId1VGQ0c5MWRDMXRaVzUxSHdRQ0FtUmtBbzBCRHc4V0JCOEZCUWh2ZFhRdGJXVnVkUjhFQWdKa0ZnSUNBUThQRmdJZkFnVVhTTU9UUVNERWtNYWdUaURFa0VuaHU0Wk9JRlRodTZ4a1pBS1BBUThQRmdRZkJRVUliM1YwTFcxbGJuVWZCQUlDWkJZQ0FnRVBEeFlDSHdJRkZrNUhTT0c3aUNCRTRicWdXU0JFNGJxZ1dTQkN3NWxrWkFLUkFROFBGZ1FmQlFVSWIzVjBMVzFsYm5VZkJBSUNaQllDQWdFUER4WUNId0lGRjhTUXhJSk9SeUJMdzUwZ1RrZEk0YnVJSUZCSXc0bFFaR1FDa3dFUER4WUVId1VGQ0c5MWRDMXRaVzUxSHdRQ0FtUVdBZ0lCRHc4V0FoOENCUkxFa01TQ1RrY2dTOE9kSUVOUFNTQlVTRWxrWkFLVkFROFBGZ1FmQlFVSWIzVjBMVzFsYm5VZkJBSUNaQllDQWdFUER4WUNId0lGRWxoRlRTQk00YnVLUTBnZ1EwOUpJRlJJU1dSa0FwY0JEdzhXQkI4RkJRaHZkWFF0YldWdWRSOEVBZ0prRmdJQ0FROFBGZ0lmQWdVYlMxRWdUa2RJU2NPS1RpQkQ0YnVvVlNCTFNFOUJJRWpodTR4RFpHUUNtUUVQRHhZRUh3VUZDRzkxZEMxdFpXNTFId1FDQW1RV0FnSUJEdzhXQWg4Q0JSeFlSVTBneEpEaHU0QWdWTU9BU1NCT1EwdElJRlJJUVUwZ1IwbEJaR1FDbXdFUER4WUVId1VGQ0c5MWRDMXRaVzUxSHdRQ0FtUVdBZ0lCRDJRV0FtWVBEeFlDSHdJRkpNU1F4SUpPUnlCTHc1MGdXRWxPSUVkSjRicWtXU0JEU09HN3FFNUhJRTVJNGJxc1RtUmtBcDBCRHc4V0JCOEZCUWh2ZFhRdGJXVnVkUjhFQWdKa0ZnSUNBUTlrRmdKbUR3OFdBaDhDQlJsRDRicXNVQ0JPU09HNnJGUWdUa2RQNGJxZ1NTQlVVc09hWkdRQ253RVBEeFlFSHdVRkNHOTFkQzF0Wlc1MUh3UUNBbVFXQWdJQkR3OFdBaDhDQlJ0RDRicXNVQ0JPU09HNnJGUWdWRWpHcitHN25FNUhJRlJTdzVwa1pBS2hBUThQRmdRZkJRVUliM1YwTFcxbGJuVWZCQUlDWkJZQ0FnRVBEeFlDSHdJRkZVUGh1cWhOSUU1QlRrY2dVMGxPU0NCV1NjT0tUbVJrQXFNQkR3OFdCQjhGQlFodmRYUXRiV1Z1ZFI4RUFnSmtGZ0lDQVE4UEZnSWZBZ1VlV0VWTklFeFY0YnFzVGlCV3hJSk9JRlRodTVCVUlFNUhTRW5odTRaUVpHUUNwUUVQRHhZRUh3VUZDRzkxZEMxdFpXNTFId1FDQW1RV0FnSUJEdzhXQWg4Q0JSNVlSVTBnVEZYaHVxeE9JRmJFZ2s0Z1NNYXY0YnVhVGtjZ1JPRzZxazVrWkFLbkFROFBGZ1FmQlFVSWIzVjBMVzFsYm5VZkJBSUNaQllDQWdFUER4WUNId0lGSFZoRlRTQk1WZUc2ckU0Z1ZzU0NUaUJRU09HNm9rNGdRa25odTRaT1pHUUNxUUVQRHhZRUh3VUZDRzkxZEMxdFpXNTFId1FDQW1RV0FnSUJEdzhXQWg4Q0JTUkN3NEZQSUVKSjRidUNWU0JRU09HN3BFTWdWdUc3cENCTXc0Tk9TQ0RFa09HNm9FOWtaQUtyQVE4UEZnUWZCUVVJYjNWMExXMWxiblVmQkFJQ1pCWUNBZ0VQRHhZQ0h3SUZIRlJJNGJ1UVRrY2dTOE9LSU1TUXc1Tk9SeUJJVUNCUFRreEpUa1ZrWkFLdEFROFBGZ1FmQlFVSWIzVjBMVzFsYm5VZkJBSUNaQllDQWdFUER4WUNId0lGRjhTUXhJSk9SeUJMdzUwZ1M4T2RJRlREbWtNZ1dNT0JaR1FDcndFUER4WUVId1VGQ0c5MWRDMXRaVzUxSHdRQ0FtUVdBZ0lCRHc4V0FoOENCUmhVU0VGT1NDQlVUOE9CVGlCTHc1MGdWTU9hUXlCWXc0RmtaQUt4QVE4UEZnUWZCUVVJYjNWMExXMWxiblVmQkFJQ1pCWUNBZ0VQRHhZQ0h3SUZJa1BodXF4UUlFNUk0YnFzVkNCTXc1MGdUT0c3aWtOSUlFdElUMEVnU09HN2pFTmtaQUt6QVE4UEZnUWZCUVVJYjNWMExXMWxiblVmQkFJQ1pCWUNBZ0VQRHhZQ0h3SUZGMFBodXF4UUlFNUk0YnFzVkNCVUxsUkpUaUJDU0ZsVVpHUUN0UUVQRHhZRUh3VUZDRzkxZEMxdFpXNTFId1FDQW1RV0FnSUJEdzhXQWg4Q0JSWllSVTBneEpCSjRidUNUU0RFa01PRElFVGh1cUJaWkdRQ3R3RVBEeFlFSHdVRkNHOTFkQzF0Wlc1MUh3UUNBbVFXQWdJQkR3OFdBaDhDQlJsSlRpQkx3NG9nUzBoQlNTQkhTZUc3bkNCSFNlRzZvazVIWkdRQ3VRRVBEeFlFSHdVRkNHOTFkQzF0Wlc1MUh3UUNBbVJrQXJzQkR3OFdCQjhGQlFodmRYUXRiV1Z1ZFI4RUFnSmtaQUs5QVE4UEZnUWZCUVVJYjNWMExXMWxiblVmQkFJQ1pHUUN2d0VQRHhZRUh3VUZDRzkxZEMxdFpXNTFId1FDQW1Sa0FzRUJEdzhXQkI4RkJRaHZkWFF0YldWdWRSOEVBZ0prWkFJSEQyUVdBZ0lCRDJRV0FtWVBaQllNQWdVUFpCWUVBZ0VQRHhZRUh3SUZDRTVudzZCdWFEb2dId1pvWkdRQ0F3OFFEeFlDSHdab1pHUVdBR1FDQnc5a0ZpWm1EdzhXQWg4Q0JRNU53Nk1nYzJsdWFDQjJhY09xYm1Sa0FnRVBEeFlDSHdJRkNqTXhNVGswTVRFd05ESmtaQUlDRHc4V0FoOENCUTlVdzZwdUlITnBibWdnZG1uRHFtNWtaQUlERHc4V0FoOENCUlZPWjNWNTRidUZiaUJJNGJ1dmRTQk9aMmpFcVdGa1pBSUVEdzhXQWg4Q0JRVlFhTU9oYVdSa0FnVVBEeFlDSHdJRkEwNWhiV1JrQWdZUER4WUNId0lGQ1U3R29Xa2djMmx1YUdSa0FnY1BEeFlDSHdJRkRWRjE0YnFqYm1jZ1RtZkRvMmxrWkFJSUR3OFdBaDhDQlFWTTRidWJjR1JrQWdrUER4WUNId0lGV2tSRFZERXhPVU15S0NERWtPRzZvV2tnYU9HN2pXTWdZMmpEclc1b0lIRjFlU0F0SUc1bnc2QnVhQ0JEdzdSdVp5QnVaMmpodTRjZ2RHakR0RzVuSUhScGJpQW9RMHhES1NBdElFc3VNVGtnTFNCTTRidWJjQ0F5S1dSa0Fnb1BEeFlDSHdJRkJrNW53NkJ1YUdSa0Fnc1BEeFlDSHdJRkYwUER0RzVuSUc1bmFPRzdoeUIwYU1PMGJtY2dkR2x1WkdRQ0RnOFBGZ0lmQWdVWFE4TzBibWNnYm1kbzRidUhJSFJvdzdSdVp5QjBhVzVrWkFJUER3OFdBaDhDQlJCSTRidUhJTVNSdzZCdklIVGh1cUZ2WkdRQ0VBOFBGZ0lmQWdVWHhKRGh1cUZwSUdqaHU0MWpJR05vdzYxdWFDQnhkWGxrWkFJUkR3OFdBaDhDQlF0TGFNT3pZU0JvNGJ1TlkyUmtBaElQRHhZQ0h3SUZDVEl3TVRrdE1qQXlOR1JrQWhNUER4WUNId0lGRmtQaHU1RWdkdUc2cFc0Z2FPRzdqV01nZE9HNnJYQmtaQUlVRHc4V0FoOENCU0JRYU1PNWJtY2dWR2pEb1drZ1ZHaHB3NnB1SUZSeVlXNW5LREV3TWpJM0tXUmtBZ3NQWkJZTUFnRVBEeFlDSHdJRkdWaGxiU0IwNGJxbGRDQmo0YnFqSUdqaHU0MWpJR3ZEckNCa1pBSUREdzhXQWg4Q0JTMU9hT0c2clhBZ2FPRzdqV01nYStHN3N5QjRaVzBneEpGcDRidURiU0IwYUdrZ0tIWmtJREl3TURZeEtUcGtaQUlIRHc4V0FoOENCUU5ZWlcxa1pBSU5EMlFXQWdJQkQyUVdBbVlQRHhZRUh3VUZDblpwWlhjdGRHRmliR1VmQkFJQ1pHUUNEdzhQRmdJZkFnVVpXR1Z0SUhUaHVxVjBJR1BodXFNZ2FPRzdqV01nYThPc0lHUmtBaE1QRHhZQ0h3SUZSU2dnUk9HN3J5QnNhZUc3aDNVZ3hKSEdzT0c3bzJNZ1krRzZyWEFnYm1qaHVxMTBJSGJEb0c4Z2JNTzZZem9nTVRVNk16UWdUbWZEb0hrNklEa3ZOQzh5TURJeUtXUmtBZzBQRHhZQ0h3Wm9aQllFQWdNUEVHUmtGZ0JrQWdVUFBDc0FEUUJrQWc4UEZnSWVDV2x1Ym1WeWFIUnRiQVVPU1U0Z3hKQko0YnVDVFNCVVNFbGtBaEVQRHhZQ0h3SUZFVmhWNGJxa1ZDQkdTVXhGSUVWWVEwVk1aR1FDQ1E5a0ZnZ0NBUThQRmdJZkFnVjVRMjl3ZVhKcFoyaDBJTUtwTWpBd09TQlVjc2F3NGJ1ZGJtY2d4SkJJSUZQRG9Ha2dSOE95YmkzRWtPRzZvV2tnYU9HN2pXTWdZMmpEclc1b0lIRjFlUzRnVVhYaHVxTnVJR3pEdlNCaTRidWZhU0RodTZaNUlHSmhiaUJ1YU1PaWJpQmt3Nkp1SUZSUUxpQkk0YnVUSUVOb3c2MGdUV2x1YUdSa0FnTVBEeFlDSHdJRkMxUnlZVzVuSUVObzRidW5aR1FDQlE4UEZnSWZBZ1V0VkdocDRicS9kQ0JyNGJxL0lHTGh1NTlwSUdOMGVTQlFhT0c2cDI0Z2JlRzdnVzBnUVc1b0lGRjF3Nkp1WkdRQ0J3OFBGZ0lmQWdVTXhKRGh1cWQxSUZSeVlXNW5aR1FZQWdVZVgxOURiMjUwY205c2MxSmxjWFZwY21WUWIzTjBRbUZqYTB0bGVWOWZGZ0lGT21OMGJEQXdKRU52Ym5SbGJuUlFiR0ZqWlVodmJHUmxjakVrWTNSc01EQWtUV1Z6YzJGblpVSnZlREVrYVcxblEyeHZjMlZDZFhSMGIyNEZNV04wYkRBd0pFTnZiblJsYm5SUWJHRmpaVWh2YkdSbGNqRWtZM1JzTURBa1RXVnpjMkZuWlVKdmVERWtZblJ1VDJzRktXTjBiREF3SkVOdmJuUmxiblJRYkdGalpVaHZiR1JsY2pFa1kzUnNNREFrWjNaWVpXMUVhV1Z0RDJka05YcjZuTGUwbUNlZG94amliTnR0N1U1VGNPRT0iIENvcnJlbGF0aW9uQmluZGluZz0ie3tGb3JtUG9zdFBhcmFtMjYuX19WSUVXU1RBVEV9fSIgVXJsRW5jb2RlPSJUcnVlIiAvPg0KICAgICAgICA8Rm9ybVBvc3RQYXJhbWV0ZXIgTmFtZT0iX19WSUVXU1RBVEVHRU5FUkFUT1IiIFZhbHVlPSJDQTBCMDMzNCIgUmVjb3JkZWRWYWx1ZT0iQ0EwQjAzMzQiIENvcnJlbGF0aW9uQmluZGluZz0ie3tGb3JtUG9zdFBhcmFtMjcuX19WSUVXU1RBVEVHRU5FUkFUT1J9fSIgVXJsRW5jb2RlPSJUcnVlIiAvPg0KICAgICAgICA8Rm9ybVBvc3RQYXJhbWV0ZXIgTmFtZT0iY3RsMDAkQ29udGVudFBsYWNlSG9sZGVyMSRjdGwwMCR0eHRDaG9uSEsiIFZhbHVlPSIyMDA3OCIgUmVjb3JkZWRWYWx1ZT0iMjAwNzgiIENvcnJlbGF0aW9uQmluZGluZz0ie3tGb3JtUG9zdFBhcmFtMjguY3RsMDAkQ29udGVudFBsYWNlSG9sZGVyMSRjdGwwMCR0eHRDaG9uSEt9fSIgVXJsRW5jb2RlPSJUcnVlIiAvPg0KICAgICAgPC9Gb3JtUG9zdEh0dHBCb2R5Pg0KICAgIDwvUmVxdWVzdD4NCiAgICA8UmVxdWVzdCBNZXRob2Q9IlBPU1QiIEd1aWQ9IjliNWQ1OTI5LWZmNWYtNGMyYS05NzNkLTJmNzE1NjJkOThlNiIgVmVyc2lvbj0iMS4xIiBVcmw9Imh0dHA6Ly90aG9uZ3RpbmRhb3Rhby5zZ3UuZWR1LnZuL0RlZmF1bHQuYXNweCIgVGhpbmtUaW1lPSIxMCIgVGltZW91dD0iMzAwIiBQYXJzZURlcGVuZGVudFJlcXVlc3RzPSJUcnVlIiBGb2xsb3dSZWRpcmVjdHM9IlRydWUiIFJlY29yZFJlc3VsdD0iVHJ1ZSIgQ2FjaGU9IkZhbHNlIiBSZXNwb25zZVRpbWVHb2FsPSIwIiBFbmNvZGluZz0idXRmLTgiIEV4cGVjdGVkSHR0cFN0YXR1c0NvZGU9IjAiIEV4cGVjdGVkUmVzcG9uc2VVcmw9Imh0dHA6Ly90aG9uZ3RpbmRhb3Rhby5zZ3UuZWR1LnZuL2RlZmF1bHQuYXNweD9wYWdlPWRhbmduaGFwIiBSZXBvcnRpbmdOYW1lPSIiIElnbm9yZUh0dHBTdGF0dXNDb2RlPSJGYWxzZSI+DQogICAgICA8SGVhZGVycz4NCiAgICAgICAgPEhlYWRlciBOYW1lPSJSZWZlcmVyIiBWYWx1ZT0iaHR0cDovL3Rob25ndGluZGFvdGFvLnNndS5lZHUudm4vRGVmYXVsdC5hc3B4P3BhZ2U9eGVtZGllbXRoaSZhbXA7aWQ9MzExOTQxMTA0MiIgLz4NCiAgICAgIDwvSGVhZGVycz4NCiAgICAgIDxFeHRyYWN0aW9uUnVsZXM+DQogICAgICAgIDxFeHRyYWN0aW9uUnVsZSBDbGFzc25hbWU9Ik1pY3Jvc29mdC5WaXN1YWxTdHVkaW8uVGVzdFRvb2xzLldlYlRlc3RpbmcuUnVsZXMuRXh0cmFjdEhpZGRlbkZpZWxkcywgTWljcm9zb2Z0LlZpc3VhbFN0dWRpby5RdWFsaXR5VG9vbHMuV2ViVGVzdEZyYW1ld29yaywgVmVyc2lvbj0xMC4wLjAuMCwgQ3VsdHVyZT1uZXV0cmFsLCBQdWJsaWNLZXlUb2tlbj1iMDNmNWY3ZjExZDUwYTNhIiBWYXJpYWJsZU5hbWU9IjEiIERpc3BsYXlOYW1lPSJFeHRyYWN0IEhpZGRlbiBGaWVsZHMiIERlc2NyaXB0aW9uPSJFeHRyYWN0IGFsbCBoaWRkZW4gZmllbGRzIGZyb20gdGhlIHJlc3BvbnNlIGFuZCBwbGFjZSB0aGVtIGludG8gdGhlIHRlc3QgY29udGV4dC4iPg0KICAgICAgICAgIDxSdWxlUGFyYW1ldGVycz4NCiAgICAgICAgICAgIDxSdWxlUGFyYW1ldGVyIE5hbWU9IlJlcXVpcmVkIiBWYWx1ZT0iVHJ1ZSIgLz4NCiAgICAgICAgICAgIDxSdWxlUGFyYW1ldGVyIE5hbWU9Ikh0bWxEZWNvZGUiIFZhbHVlPSJUcnVlIiAvPg0KICAgICAgICAgIDwvUnVsZVBhcmFtZXRlcnM+DQogICAgICAgIDwvRXh0cmFjdGlvblJ1bGU+DQogICAgICA8L0V4dHJhY3Rpb25SdWxlcz4NCiAgICAgIDxDb3JyZWxhdGlvbkV4dHJhY3Rpb25SdWxlcz4NCiAgICAgICAgPEV4dHJhY3Rpb25SdWxlIENsYXNzbmFtZT0iTWljcm9zb2Z0LlZpc3VhbFN0dWRpby5UZXN0VG9vbHMuV2ViVGVzdGluZy5SdWxlcy5FeHRyYWN0VGV4dCwgTWljcm9zb2Z0LlZpc3VhbFN0dWRpby5RdWFsaXR5VG9vbHMuV2ViVGVzdEZyYW1ld29yaywgVmVyc2lvbj0xMC4wLjAuMCwgQ3VsdHVyZT1uZXV0cmFsLCBQdWJsaWNLZXlUb2tlbj1iMDNmNWY3ZjExZDUwYTNhIiBWYXJpYWJsZU5hbWU9IlF1ZXJ5U3RyaW5nUGFyYW00NS5wYWdlIiBEaXNwbGF5TmFtZT0iIiBEZXNjcmlwdGlvbj0iIj4NCiAgICAgICAgICA8UnVsZVBhcmFtZXRlcnM+DQogICAgICAgICAgICA8UnVsZVBhcmFtZXRlciBOYW1lPSJTdGFydHNXaXRoIiBWYWx1ZT0iP3BhZ2U9IiAvPg0KICAgICAgICAgICAgPFJ1bGVQYXJhbWV0ZXIgTmFtZT0iRW5kc1dpdGgiIFZhbHVlPSImcXVvdDsiIC8+DQogICAgICAgICAgICA8UnVsZVBhcmFtZXRlciBOYW1lPSJJbmRleCIgVmFsdWU9IjAiIC8+DQogICAgICAgICAgICA8UnVsZVBhcmFtZXRlciBOYW1lPSJJZ25vcmVDYXNlIiBWYWx1ZT0iRmFsc2UiIC8+DQogICAgICAgICAgICA8UnVsZVBhcmFtZXRlciBOYW1lPSJVc2VSZWd1bGFyRXhwcmVzc2lvbiIgVmFsdWU9IkZhbHNlIiAvPg0KICAgICAgICAgICAgPFJ1bGVQYXJhbWV0ZXIgTmFtZT0iSHRtbERlY29kZSIgVmFsdWU9IlRydWUiIC8+DQogICAgICAgICAgICA8UnVsZVBhcmFtZXRlciBOYW1lPSJSZXF1aXJlZCIgVmFsdWU9IkZhbHNlIiAvPg0KICAgICAgICAgIDwvUnVsZVBhcmFtZXRlcnM+DQogICAgICAgIDwvRXh0cmFjdGlvblJ1bGU+DQogICAgICAgIDxFeHRyYWN0aW9uUnVsZSBDbGFzc25hbWU9Ik1pY3Jvc29mdC5WaXN1YWxTdHVkaW8uVGVzdFRvb2xzLldlYlRlc3RpbmcuUnVsZXMuRXh0cmFjdFRleHQsIE1pY3Jvc29mdC5WaXN1YWxTdHVkaW8uUXVhbGl0eVRvb2xzLldlYlRlc3RGcmFtZXdvcmssIFZlcnNpb249MTAuMC4wLjAsIEN1bHR1cmU9bmV1dHJhbCwgUHVibGljS2V5VG9rZW49YjAzZjVmN2YxMWQ1MGEzYSIgVmFyaWFibGVOYW1lPSJGb3JtUG9zdFBhcmFtMzAuX19WSUVXU1RBVEUiIERpc3BsYXlOYW1lPSIiIERlc2NyaXB0aW9uPSIiPg0KICAgICAgICAgIDxSdWxlUGFyYW1ldGVycz4NCiAgICAgICAgICAgIDxSdWxlUGFyYW1ldGVyIE5hbWU9IlN0YXJ0c1dpdGgiIFZhbHVlPSJsdWU9JnF1b3Q7IiAvPg0KICAgICAgICAgICAgPFJ1bGVQYXJhbWV0ZXIgTmFtZT0iRW5kc1dpdGgiIFZhbHVlPSImcXVvdDsgLyZndDsmI3hEOyIgLz4NCiAgICAgICAgICAgIDxSdWxlUGFyYW1ldGVyIE5hbWU9IkluZGV4IiBWYWx1ZT0iMiIgLz4NCiAgICAgICAgICAgIDxSdWxlUGFyYW1ldGVyIE5hbWU9Iklnbm9yZUNhc2UiIFZhbHVlPSJGYWxzZSIgLz4NCiAgICAgICAgICAgIDxSdWxlUGFyYW1ldGVyIE5hbWU9IlVzZVJlZ3VsYXJFeHByZXNzaW9uIiBWYWx1ZT0iRmFsc2UiIC8+DQogICAgICAgICAgICA8UnVsZVBhcmFtZXRlciBOYW1lPSJIdG1sRGVjb2RlIiBWYWx1ZT0iVHJ1ZSIgLz4NCiAgICAgICAgICAgIDxSdWxlUGFyYW1ldGVyIE5hbWU9IlJlcXVpcmVkIiBWYWx1ZT0iRmFsc2UiIC8+DQogICAgICAgICAgPC9SdWxlUGFyYW1ldGVycz4NCiAgICAgICAgPC9FeHRyYWN0aW9uUnVsZT4NCiAgICAgICAgPEV4dHJhY3Rpb25SdWxlIENsYXNzbmFtZT0iTWljcm9zb2Z0LlZpc3VhbFN0dWRpby5UZXN0VG9vbHMuV2ViVGVzdGluZy5SdWxlcy5FeHRyYWN0VGV4dCwgTWljcm9zb2Z0LlZpc3VhbFN0dWRpby5RdWFsaXR5VG9vbHMuV2ViVGVzdEZyYW1ld29yaywgVmVyc2lvbj0xMC4wLjAuMCwgQ3VsdHVyZT1uZXV0cmFsLCBQdWJsaWNLZXlUb2tlbj1iMDNmNWY3ZjExZDUwYTNhIiBWYXJpYWJsZU5hbWU9IkZvcm1Qb3N0UGFyYW0zMS5fX1ZJRVdTVEFURUdFTkVSQVRPUiIgRGlzcGxheU5hbWU9IiIgRGVzY3JpcHRpb249IiI+DQogICAgICAgICAgPFJ1bGVQYXJhbWV0ZXJzPg0KICAgICAgICAgICAgPFJ1bGVQYXJhbWV0ZXIgTmFtZT0iU3RhcnRzV2l0aCIgVmFsdWU9Imx1ZT0mcXVvdDsiIC8+DQogICAgICAgICAgICA8UnVsZVBhcmFtZXRlciBOYW1lPSJFbmRzV2l0aCIgVmFsdWU9IiZxdW90OyAvJmd0OyYjeEQ7IiAvPg0KICAgICAgICAgICAgPFJ1bGVQYXJhbWV0ZXIgTmFtZT0iSW5kZXgiIFZhbHVlPSIzIiAvPg0KICAgICAgICAgICAgPFJ1bGVQYXJhbWV0ZXIgTmFtZT0iSWdub3JlQ2FzZSIgVmFsdWU9IkZhbHNlIiAvPg0KICAgICAgICAgICAgPFJ1bGVQYXJhbWV0ZXIgTmFtZT0iVXNlUmVndWxhckV4cHJlc3Npb24iIFZhbHVlPSJGYWxzZSIgLz4NCiAgICAgICAgICAgIDxSdWxlUGFyYW1ldGVyIE5hbWU9Ikh0bWxEZWNvZGUiIFZhbHVlPSJUcnVlIiAvPg0KICAgICAgICAgICAgPFJ1bGVQYXJhbWV0ZXIgTmFtZT0iUmVxdWlyZWQiIFZhbHVlPSJGYWxzZSIgLz4NCiAgICAgICAgICA8L1J1bGVQYXJhbWV0ZXJzPg0KICAgICAgICA8L0V4dHJhY3Rpb25SdWxlPg0KICAgICAgICA8RXh0cmFjdGlvblJ1bGUgQ2xhc3NuYW1lPSJNaWNyb3NvZnQuVmlzdWFsU3R1ZGlvLlRlc3RUb29scy5XZWJUZXN0aW5nLlJ1bGVzLkV4dHJhY3RUZXh0LCBNaWNyb3NvZnQuVmlzdWFsU3R1ZGlvLlF1YWxpdHlUb29scy5XZWJUZXN0RnJhbWV3b3JrLCBWZXJzaW9uPTEwLjAuMC4wLCBDdWx0dXJlPW5ldXRyYWwsIFB1YmxpY0tleVRva2VuPWIwM2Y1ZjdmMTFkNTBhM2EiIFZhcmlhYmxlTmFtZT0iRm9ybVBvc3RQYXJhbTMyLmN0bDAwJENvbnRlbnRQbGFjZUhvbGRlcjEkY3RsMDAkYnRuRGFuZ05oYXAiIERpc3BsYXlOYW1lPSIiIERlc2NyaXB0aW9uPSIiPg0KICAgICAgICAgIDxSdWxlUGFyYW1ldGVycz4NCiAgICAgICAgICAgIDxSdWxlUGFyYW1ldGVyIE5hbWU9IlN0YXJ0c1dpdGgiIFZhbHVlPSJsdWU9JnF1b3Q7IiAvPg0KICAgICAgICAgICAgPFJ1bGVQYXJhbWV0ZXIgTmFtZT0iRW5kc1dpdGgiIFZhbHVlPSImcXVvdDsgaWQ9IiAvPg0KICAgICAgICAgICAgPFJ1bGVQYXJhbWV0ZXIgTmFtZT0iSW5kZXgiIFZhbHVlPSI5IiAvPg0KICAgICAgICAgICAgPFJ1bGVQYXJhbWV0ZXIgTmFtZT0iSWdub3JlQ2FzZSIgVmFsdWU9IkZhbHNlIiAvPg0KICAgICAgICAgICAgPFJ1bGVQYXJhbWV0ZXIgTmFtZT0iVXNlUmVndWxhckV4cHJlc3Npb24iIFZhbHVlPSJGYWxzZSIgLz4NCiAgICAgICAgICAgIDxSdWxlUGFyYW1ldGVyIE5hbWU9Ikh0bWxEZWNvZGUiIFZhbHVlPSJUcnVlIiAvPg0KICAgICAgICAgICAgPFJ1bGVQYXJhbWV0ZXIgTmFtZT0iUmVxdWlyZWQiIFZhbHVlPSJGYWxzZSIgLz4NCiAgICAgICAgICA8L1J1bGVQYXJhbWV0ZXJzPg0KICAgICAgICA8L0V4dHJhY3Rpb25SdWxlPg0KICAgICAgICA8RXh0cmFjdGlvblJ1bGUgQ2xhc3NuYW1lPSJNaWNyb3NvZnQuVmlzdWFsU3R1ZGlvLlRlc3RUb29scy5XZWJUZXN0aW5nLlJ1bGVzLkV4dHJhY3RUZXh0LCBNaWNyb3NvZnQuVmlzdWFsU3R1ZGlvLlF1YWxpdHlUb29scy5XZWJUZXN0RnJhbWV3b3JrLCBWZXJzaW9uPTEwLjAuMC4wLCBDdWx0dXJlPW5ldXRyYWwsIFB1YmxpY0tleVRva2VuPWIwM2Y1ZjdmMTFkNTBhM2EiIFZhcmlhYmxlTmFtZT0iUXVlcnlTdHJpbmdQYXJhbTQ2LnBhZ2UiIERpc3BsYXlOYW1lPSIiIERlc2NyaXB0aW9uPSIiPg0KICAgICAgICAgIDxSdWxlUGFyYW1ldGVycz4NCiAgICAgICAgICAgIDxSdWxlUGFyYW1ldGVyIE5hbWU9IlN0YXJ0c1dpdGgiIFZhbHVlPSI/cGFnZT0iIC8+DQogICAgICAgICAgICA8UnVsZVBhcmFtZXRlciBOYW1lPSJFbmRzV2l0aCIgVmFsdWU9IiZxdW90OyIgLz4NCiAgICAgICAgICAgIDxSdWxlUGFyYW1ldGVyIE5hbWU9IkluZGV4IiBWYWx1ZT0iMCIgLz4NCiAgICAgICAgICAgIDxSdWxlUGFyYW1ldGVyIE5hbWU9Iklnbm9yZUNhc2UiIFZhbHVlPSJGYWxzZSIgLz4NCiAgICAgICAgICAgIDxSdWxlUGFyYW1ldGVyIE5hbWU9IlVzZVJlZ3VsYXJFeHByZXNzaW9uIiBWYWx1ZT0iRmFsc2UiIC8+DQogICAgICAgICAgICA8UnVsZVBhcmFtZXRlciBOYW1lPSJIdG1sRGVjb2RlIiBWYWx1ZT0iVHJ1ZSIgLz4NCiAgICAgICAgICAgIDxSdWxlUGFyYW1ldGVyIE5hbWU9IlJlcXVpcmVkIiBWYWx1ZT0iRmFsc2UiIC8+DQogICAgICAgICAgPC9SdWxlUGFyYW1ldGVycz4NCiAgICAgICAgPC9FeHRyYWN0aW9uUnVsZT4NCiAgICAgICAgPEV4dHJhY3Rpb25SdWxlIENsYXNzbmFtZT0iTWljcm9zb2Z0LlZpc3VhbFN0dWRpby5UZXN0VG9vbHMuV2ViVGVzdGluZy5SdWxlcy5FeHRyYWN0Rm9ybUZpZWxkLCBNaWNyb3NvZnQuVmlzdWFsU3R1ZGlvLlF1YWxpdHlUb29scy5XZWJUZXN0RnJhbWV3b3JrLCBWZXJzaW9uPTEwLjAuMC4wLCBDdWx0dXJlPW5ldXRyYWwsIFB1YmxpY0tleVRva2VuPWIwM2Y1ZjdmMTFkNTBhM2EiIFZhcmlhYmxlTmFtZT0iRm9ybVBvc3RQYXJhbTMzLmN0bDAwJENvbnRlbnRQbGFjZUhvbGRlcjEkY3RsMDAkYnRuRGFuZ05oYXAiIERpc3BsYXlOYW1lPSIiIERlc2NyaXB0aW9uPSIiPg0KICAgICAgICAgIDxSdWxlUGFyYW1ldGVycz4NCiAgICAgICAgICAgIDxSdWxlUGFyYW1ldGVyIE5hbWU9Ik5hbWUiIFZhbHVlPSJjdGwwMF9Db250ZW50UGxhY2VIb2xkZXIxX2N0bDAwX2J0bkRhbmdOaGFwIiAvPg0KICAgICAgICAgICAgPFJ1bGVQYXJhbWV0ZXIgTmFtZT0iSHRtbERlY29kZSIgVmFsdWU9IlRydWUiIC8+DQogICAgICAgICAgICA8UnVsZVBhcmFtZXRlciBOYW1lPSJSZXF1aXJlZCIgVmFsdWU9IkZhbHNlIiAvPg0KICAgICAgICAgICAgPFJ1bGVQYXJhbWV0ZXIgTmFtZT0iSW5kZXgiIFZhbHVlPSIwIiAvPg0KICAgICAgICAgIDwvUnVsZVBhcmFtZXRlcnM+DQogICAgICAgIDwvRXh0cmFjdGlvblJ1bGU+DQogICAgICA8L0NvcnJlbGF0aW9uRXh0cmFjdGlvblJ1bGVzPg0KICAgICAgPFF1ZXJ5U3RyaW5nUGFyYW1ldGVycz4NCiAgICAgICAgPFF1ZXJ5U3RyaW5nUGFyYW1ldGVyIE5hbWU9InBhZ2UiIFZhbHVlPSJ4ZW1kaWVtdGhpIiBSZWNvcmRlZFZhbHVlPSJ4ZW1kaWVtdGhpIiBDb3JyZWxhdGlvbkJpbmRpbmc9Int7UXVlcnlTdHJpbmdQYXJhbTQzLnBhZ2V9fSIgVXJsRW5jb2RlPSJGYWxzZSIgVXNlVG9Hcm91cFJlc3VsdHM9IkZhbHNlIiAvPg0KICAgICAgICA8UXVlcnlTdHJpbmdQYXJhbWV0ZXIgTmFtZT0iaWQiIFZhbHVlPSIzMTE5NDExMDQyIiBSZWNvcmRlZFZhbHVlPSIzMTE5NDExMDQyIiBDb3JyZWxhdGlvbkJpbmRpbmc9Int7UXVlcnlTdHJpbmdQYXJhbTQ0LmlkfX0iIFVybEVuY29kZT0iRmFsc2UiIFVzZVRvR3JvdXBSZXN1bHRzPSJGYWxzZSIgLz4NCiAgICAgIDwvUXVlcnlTdHJpbmdQYXJhbWV0ZXJzPg0KICAgICAgPEZvcm1Qb3N0SHR0cEJvZHk+DQogICAgICAgIDxGb3JtUG9zdFBhcmFtZXRlciBOYW1lPSJfX0VWRU5UVEFSR0VUIiBWYWx1ZT0iY3RsMDAkSGVhZGVyMSRMb2dvdXQxJGxidG5Mb2dPdXQiIFJlY29yZGVkVmFsdWU9ImN0bDAwJEhlYWRlcjEkTG9nb3V0MSRsYnRuTG9nT3V0IiBDb3JyZWxhdGlvbkJpbmRpbmc9IiIgVXJsRW5jb2RlPSJUcnVlIiAvPg0KICAgICAgICA8Rm9ybVBvc3RQYXJhbWV0ZXIgTmFtZT0iX19FVkVOVEFSR1VNRU5UIiBWYWx1ZT0ie3skSElEREVOMS5fX0VWRU5UQVJHVU1FTlR9fSIgUmVjb3JkZWRWYWx1ZT0iIiBDb3JyZWxhdGlvbkJpbmRpbmc9IiIgVXJsRW5jb2RlPSJUcnVlIiAvPg0KICAgICAgICA8Rm9ybVBvc3RQYXJhbWV0ZXIgTmFtZT0iX19WSUVXU1RBVEUiIFZhbHVlPSJ7eyRISURERU4xLl9fVklFV1NUQVRFfX0iIFJlY29yZGVkVmFsdWU9Ii93RVBEd1VLTFRNeE5qYzNOVE0zTlE5a0ZnSm1EMlFXQkdZUFpCWUVBZ0VQRmdJZUIyTnZiblJsYm5Sa1pBSUNEeFlDSGdSb2NtVm1CU2t1TDAxbGMzTmhaMlZHYVd4bEwyWmhkbWxqYjI0dFpHRnBMV2h2WXkxellXa3RaMjl1TG1wd1oyUUNBUTlrRmdnQ0F3OWtGZ0ptRDJRV0FnSUJEMlFXREdZUER4WUNIZ1JVWlhoMEJReERhTU9nYnlCaTRicWhiaUJrWkFJQkR3OFdCaDhDQlE5WVpXMGdkR2pEdEc1bklHTERvVzhlQ1VadmNtVkRiMnh2Y2drQU0vLy9IZ1JmSVZOQ0FnUmtaQUlDRHc4V0JoOENCUU1nZkNBZkF3a0FNLy8vSHdRQ0JHUmtBZ01QRHhZR0h3SUZHRlJvWVhrZ3hKSGh1NVZwSUczaHVxMTBJR3RvNGJxcGRSOERDUUF6Ly84ZkJBSUVaR1FDQkE4UEZnWWZBZ1VESUh3Z0h3TUpBRFAvL3g4RUFnUmtaQUlGRHc4V0JoOENCUTNFa01TRGJtY2dUbWpodXExd0h3TUpBRFAvL3g4RUFnUmtaQUlGRDJRV3dnRUNBUThQRmdRZUNFTnpjME5zWVhOekJRaHZkWFF0YldWdWRSOEVBZ0prRmdKbUR3OFdBaDhDQlF0VVVrRk9SeUJEU09HN3BtUmtBZ01QRHhZRUh3VUZDRzkxZEMxdFpXNTFId1FDQW1RV0FnSUJEdzhXQWg4Q0JSZEVRVTVJSUUzaHU2UkRJRU5JNGJ1b1F5Qk94SUpPUjJSa0FnVVBEeFlFSHdVRkNHOTFkQzF0Wlc1MUh3UUNBbVFXQWdJQkR3OFdBaDhDQlJ0RVRTQkRTT0c3cUVNZ1RzU0NUa2NneEpERGdVNUlJRWRKdzRGa1pBSUhEdzhXQkI4RkJRaHZkWFF0YldWdWRSOEVBZ0prRmdJQ0FROFBGZ0lmQWdValVWWGh1cUpPSUV6RG5TREVrTU9CVGtnZ1IwbkRnU0JTdzRoT0lFeFZXZUc3aGs1a1pBSUpEdzhXQmg4RkJRaHZkWFF0YldWdWRSOEVBZ0llQjFacGMybGliR1ZvWkJZQ0FnRVBEeFlDSHdJRkZjU1F4SUpPUnlCTHc1MGdUY09VVGlCSTRidU1RMlJrQWdzUER4WUVId1VGQ0c5MWRDMXRaVzUxSHdRQ0FtUmtBZzBQRHhZRUh3VUZDRzkxZEMxdFpXNTFId1FDQW1RV0FnSUJEdzhXQWg4Q0JRZFlSVTBnVkV0Q1pHUUNEdzhQRmdRZkJRVUliM1YwTFcxbGJuVWZCQUlDWkJZQ0FnRVBEeFlDSHdJRkVGaEZUU0RFa0VuaHU0Sk5JRVJCVGtoa1pBSVJEdzhXQkI4RkJRaHZkWFF0YldWdWRSOEVBZ0prRmdKbUR3OFdBaDhDQlE1WVJVMGdUT0c3aWtOSUlGUklTV1JrQWhNUER4WUdId1VGQ0c5MWRDMXRaVzUxSHdRQ0FoOEdhR1FXQWdJQkR3OFdBaDhDQlJSWVJVMGdUT0c3aWtOSUlGUklTU0JNNGJxZ1NXUmtBaFVQRHhZR0h3VUZDRzkxZEMxdFpXNTFId1FDQWg4R2FHUVdBZ0lCRHc4V0FoOENCUkZZUlUwZ1RPRzdpa05JSUZSSVNTQkhTMlJrQWhjUER4WUdId1VGQ0c5MWRDMXRaVzUxSHdRQ0FoOEdhR1FXQWdJQkR3OFdBaDhDQlNGSFNFa2dWTU9UVFNCVTRicXVWQ0JOdzVST0lFZEo0YnFpVGtjZ1JPRzZvRmxrWkFJWkR3OFdCQjhGQlFodmRYUXRiV1Z1ZFI4RUFnSmtaQUliRHc4V0JCOEZCUWh2ZFhRdGJXVnVkUjhFQWdKa0ZnSUNBUThQRmdJZkFnVU9XRVZOSUVqaHU0eERJRkJJdzQxa1pBSWREdzhXQkI4RkJRaHZkWFF0YldWdWRSOEVBZ0prWkFJZkR3OFdCQjhGQlFsdmRtVnlMVzFsYm5VZkJBSUNaQllDQWdFUER4WUNId0lGQzFoRlRTREVrRW5odTRKTlpHUUNJUThQRmdZZkJRVUliM1YwTFcxbGJuVWZCQUlDSHdab1pCWUNBZ0VQRHhZQ0h3SUZFOFNRU2VHN2drMGdTK0c3c2lCVzRidU1Ua2RrWkFJakR3OFdCQjhGQlFodmRYUXRiV1Z1ZFI4RUFnSmtGZ0lDQVE4UEZnSWZBZ1VZUytHNnZsUWdVVlhodXFJZ3hKQko0YnVDVFNCRVFVNUlaR1FDSlE4UEZnUWZCUVVJYjNWMExXMWxiblVmQkFJQ1pCWUNBZ0VQRHhZQ0h3SUZGa3RSSU1TUVNlRzdnazBnUkVGT1NDQlBUa3hKVGtWa1pBSW5EdzhXQkI4RkJRaHZkWFF0YldWdWRSOEVBZ0prRmdJQ0FROFBGZ0lmQWdVYldFVk5JTVNRU2VHN2drMGdSRUZPU0NCVFNVNUlJRlpKdzRwT1pHUUNLUThQRmdRZkJRVUliM1YwTFcxbGJuVWZCQUlDWkJZQ0FnRVBEeFlDSHdJRkgwZEo0YnFpVGtjZ1ZrbkRpazRnVk9HN3NDREVrRW5odTRKTklFUkJUa2hrWkFJckR3OFdCQjhGQlFodmRYUXRiV1Z1ZFI4RUFnSmtGZ0lDQVE4UEZnSWZBZ1VKV0VWTklFTlV4SkJVWkdRQ0xROFBGZ1FmQlFVSWIzVjBMVzFsYm5VZkJBSUNaQllDQWdFUER4WUNId0lGQzFoRlRTQk53NVJPSUZSUlpHUUNMdzhQRmdRZkJRVUliM1YwTFcxbGJuVWZCQUlDWkJZQ0FnRVBEeFlDSHdJRkpNU1F3NEZPU0NCSFNjT0JJRXZodXI1VUlGRlY0YnFpSUZMRGlFNGdURlZaNGJ1R1RtUmtBakVQRHhZRUh3VUZDRzkxZEMxdFpXNTFId1FDQW1RV0FnSUJEdzhXQWg4Q0JTYkVrTU9CVGtnZ1IwbkRnU0JMVVNCU3c0aE9JRXhWV2VHN2hrNGdVMGxPU0NCV1NjT0tUbVJrQWpNUER4WUdId1VGQ0c5MWRDMXRaVzUxSHdRQ0FoOEdhR1FXQWdJQkR3OFdBaDhDQlJKVDRidXNRU0JVVkNCRHc0RWdUa2pEZ2s1a1pBSTFEdzhXQmg4RkJRaHZkWFF0YldWdWRSOEVBZ0lmQm1ka0ZnSUNBUThQRmdJZkFnVU9SOE9UVUNERG5TQkxTZUc2dms1a1pBSTNEdzhXQmg4RkJRaHZkWFF0YldWdWRSOEVBZ0lmQm1oa0ZnSm1EdzhXQWg4Q0JSQlQ0YnVzUVNCTXc1MGdUT0c3aWtOSVpHUUNPUThQRmdRZkJRVUliM1YwTFcxbGJuVWZCQUlDWkJZQ0FnRVBEeFlDSHdJRkZWRlY0YnFpVGlCTXc1MGdVMGxPU0NCV1NjT0tUbVJrQWpzUER4WUVId1VGQ0c5MWRDMXRaVzUxSHdRQ0FtUVdBZ0lCRHc4V0FoOENCU0pMNGJxK1ZDQlJWZUc2b2lCVFNVNUlJRlpKdzRwT0lNU1F3NEZPU0NCSFNjT0JaR1FDUFE4UEZnUWZCUVVJYjNWMExXMWxiblVmQkFJQ1pHUUNQdzhQRmdRZkJRVUliM1YwTFcxbGJuVWZCQUlDWkJZQ0FnRVBaQllDWmc4UEZnSWZBZ1VaeEpERGdVNUlJRWRKdzRFZ1Iwbmh1cUpPUnlCRTRicWdXV1JrQWtFUER4WUVId1VGQ0c5MWRDMXRaVzUxSHdRQ0FtUVdBZ0lCRHc4V0FoOENCUlRFa01TQ1RrY2dTOE9kSUZSSVNTQk00YnFnU1dSa0FrTVBEeFlFSHdVRkNHOTFkQzF0Wlc1MUh3UUNBbVJrQWtVUER4WUVId1VGQ0c5MWRDMXRaVzUxSHdRQ0FtUVdBZ0lCRHc4V0FoOENCUkxFa0VzZ1EwaFZXY09LVGlCT1I4T0FUa2hrWkFKSER3OFdCQjhGQlFodmRYUXRiV1Z1ZFI4RUFnSmtaQUpKRHc4V0JCOEZCUWh2ZFhRdGJXVnVkUjhFQWdKa0ZnSUNBUThQRmdJZkFnVVdTMUVnV01PSlZDQlU0YnVRVkNCT1IwaEo0YnVHVUdSa0Frc1BEeFlFSHdVRkNHOTFkQzF0Wlc1MUh3UUNBbVFXQWdJQkR3OFdBaDhDQlIxTFVTQll3NGxVSUZSSjRidUFUaUJVNGJ1UVZDQk9SMGhKNGJ1R1VHUmtBazBQRHhZRUh3VUZDRzkxZEMxdFpXNTFId1FDQW1RV0FnSUJEdzhXQWg4Q0JScER3NEpWSUVqaHU0NUpJRlJJeHEvaHU1eE9SeUJINGJxMlVHUmtBazhQRHhZRUh3VUZDRzkxZEMxdFpXNTFId1FDQW1RV0FnSUJEdzhXQWg4Q0JSUEVrRXNnUzBqRGswRWdURlhodXF4T0lGUk9aR1FDVVE4UEZnUWZCUVVJYjNWMExXMWxiblVmQkFJQ1pCWUNBZ0VQRHhZQ0h3SUZEazVJNGJxc1VDREVrRW5odTRKTlpHUUNVdzhQRmdRZkJRVUliM1YwTFcxbGJuVWZCQUlDWkdRQ1ZROFBGZ1FmQlFVSWIzVjBMVzFsYm5VZkJBSUNaR1FDVnc4UEZnUWZCUVVJYjNWMExXMWxiblVmQkFJQ1pHUUNXUThQRmdRZkJRVUliM1YwTFcxbGJuVWZCQUlDWkJZQ0FnRVBEeFlDSHdJRkhsaEZUU0RFa0VuaHU0Sk5JRTNEbEU0Z1Iwbmh1cUpPUnlCRTRicWdXV1JrQWxzUER4WUVId1VGQ0c5MWRDMXRaVzUxSHdRQ0FtUVdBZ0lCRHc4V0FoOENCUjVZUlUwZ3hKQko0YnVDVFNCVTRidVVUa2NnU09HN29sQWdUT0c3bWxCa1pBSmREdzhXQkI4RkJRaHZkWFF0YldWdWRSOEVBZ0prRmdJQ0FROFBGZ0lmQWdVVlNVNGdTMGpodTVCSklFekdyK0c3b2s1SElFZEVaR1FDWHc4UEZnUWZCUVVJYjNWMExXMWxiblVmQkFJQ1pCWUNBZ0VQRHhZQ0h3SUZEbFZRVEU5QlJDREVrRW5odTRKTlpHUUNZUThQRmdRZkJRVUliM1YwTFcxbGJuVWZCQUlDWkJZQ0FnRVBEeFlDSHdJRkRWUkxRaUJDNGJ1WUlFM0RsRTVrWkFKakR3OFdCQjhGQlFodmRYUXRiV1Z1ZFI4RUFnSmtGZ0lDQVE4UEZnSWZBZ1VVVE9HN2lrTklJRlJJU1NCQzRidVlJRTNEbEU1a1pBSmxEdzhXQkI4RkJRaHZkWFF0YldWdWRSOEVBZ0prRmdJQ0FROFBGZ0lmQWdVbVZFamh1NUJPUnlCTHc0b2dSMG5odXFKT1J5QldTY09LVGlCRVZWbmh1NFpVSUV0UlJFdGtaQUpuRHc4V0JCOEZCUWh2ZFhRdGJXVnVkUjhFQWdKa0ZnSUNBUThQRmdJZkFnVWlXRVZOSUZUaHU1Uk9SeUJJNGJ1aVVDQkxVU0JJNGJ1TVF5QlU0YnFzVUNCVFZtUmtBbWtQRHhZRUh3VUZDRzkxZEMxdFpXNTFId1FDQW1Sa0Ftc1BEeFlFSHdVRkNHOTFkQzF0Wlc1MUh3UUNBbVFXQW1ZUER4WUNId0lGR0V2aHVyNGdTRS9odXFCRFNDQkk0YnVNUXlCVTRicXNVR1JrQW0wUER4WUVId1VGQ0c5MWRDMXRaVzUxSHdRQ0FtUmtBbThQRHhZRUh3VUZDRzkxZEMxdFpXNTFId1FDQW1RV0FnSUJEdzhXQWg4Q0JSUkl4cS9odTVwT1J5QkU0YnFxVGlERWtFdE5TR1JrQW5FUER4WUVId1VGQ0c5MWRDMXRaVzUxSHdRQ0FtUVdBZ0lCRHc4V0FoOENCU0JPU09HNnJGQWd4SkRodTRwQklFTkk0YnVJSUU1STRicXNUaUJUdzRGRFNHUmtBbk1QRHhZRUh3VUZDRzkxZEMxdFpXNTFId1FDQW1RV0FnSUJEdzhXQWg4Q0JTVEVrTVNDVGtjZ1M4T2RJRTVJNGJxc1RpQlR3NEZEU0NCT1IwL0RnRWtnUjBuaHU1eGtaQUoxRHc4V0JCOEZCUWh2ZFhRdGJXVnVkUjhFQWdKa0ZnSUNBUThQRmdJZkFnVWJ4SkREZ1U1SUlFZEp3NEVnUTBqaHVxUlVJRXpHcitHN29rNUhaR1FDZHc4UEZnUWZCUVVJYjNWMExXMWxiblVmQkFJQ1pCWUNBZ0VQRHhZQ0h3SUZIOFNRTGt2RG5TQkU0YnV3SUV6aHU0UWdWT0c3a0ZRZ1RrZElTZUc3aGxCa1pBSjVEdzhXQkI4RkJRaHZkWFF0YldWdWRSOEVBZ0prRmdJQ0FROFBGZ0lmQWdVVFR1RzdtRkFnUTBqaHU2aE9SeUJEU09HN2lHUmtBbnNQRHhZRUh3VUZDRzkxZEMxdFpXNTFId1FDQW1RV0FnSUJEdzhXQWg4Q0JTRllSVTBneEpEaHU0QWdROGF2eHFCT1J5QlVVazlPUnlCQzRidVlJRTNEbEU1a1pBSjlEdzhXQkI4RkJRaHZkWFF0YldWdWRSOEVBZ0prRmdJQ0FROFBGZ0lmQWdVWlJFRk9TQ0JUdzRGRFNDREVrQzVMdzUwZ1dNT0pWQ0JVVG1Sa0FuOFBEeFlFSHdVRkNHOTFkQzF0Wlc1MUh3UUNBbVFXQWdJQkR3OFdBaDhDQlI1RVFVNUlJRlBEZ1VOSUlNU1FMa3ZEblNCRTRidXdJRXpodTRRZ1ZFNWtaQUtCQVE4UEZnUWZCUVVJYjNWMExXMWxiblVmQkFJQ1pCWUNBZ0VQRHhZQ0h3SUZGbFJJdzVST1J5QlVTVTRnVEZYaHVxeE9JRmJFZ2s1a1pBS0RBUThQRmdRZkJRVUliM1YwTFcxbGJuVWZCQUlDWkJZQ0FnRVBEeFlDSHdJRkoxUlNRU0JENGJ1b1ZTQld4SUpPSUVMaHVyQk9SeUJXdzRBZ1Ewamh1NmhPUnlCRFNPRzdpR1JrQW9VQkR3OFdCQjhGQlFodmRYUXRiV1Z1ZFI4RUFnSmtGZ0lDQVE4UEZnSWZBZ1VRUStHN3NGVWdVMGxPU0NCV1NjT0tUbVJrQW9jQkR3OFdCQjhGQlFodmRYUXRiV1Z1ZFI4RUFnSmtGZ0lDQVE4UEZnSWZBZ1VYeEpERWdrNUhJRXZEblNCWXc0bFVJRlJWV2VHN2drNWtaQUtKQVE4UEZnUWZCUVVJYjNWMExXMWxiblVmQkFJQ1pCWUNBZ0VQRHhZQ0h3SUZJRlJJdzVST1J5QlVTVTRnU09HN2tpQlR4cUFnVkZWWjRidUNUaUJUU1U1SVpHUUNpd0VQRHhZRUh3VUZDRzkxZEMxdFpXNTFId1FDQW1Sa0FvMEJEdzhXQkI4RkJRaHZkWFF0YldWdWRSOEVBZ0prRmdJQ0FROFBGZ0lmQWdVWFNNT1RRU0RFa01hZ1RpREVrRW5odTRaT0lGVGh1NnhrWkFLUEFROFBGZ1FmQlFVSWIzVjBMVzFsYm5VZkJBSUNaQllDQWdFUER4WUNId0lGRms1SFNPRzdpQ0JFNGJxZ1dTQkU0YnFnV1NCQ3c1bGtaQUtSQVE4UEZnUWZCUVVJYjNWMExXMWxiblVmQkFJQ1pCWUNBZ0VQRHhZQ0h3SUZGOFNReElKT1J5Qkx3NTBnVGtkSTRidUlJRkJJdzRsUVpHUUNrd0VQRHhZRUh3VUZDRzkxZEMxdFpXNTFId1FDQW1RV0FnSUJEdzhXQWg4Q0JSTEVrTVNDVGtjZ1M4T2RJRU5QU1NCVVNFbGtaQUtWQVE4UEZnUWZCUVVJYjNWMExXMWxiblVmQkFJQ1pCWUNBZ0VQRHhZQ0h3SUZFbGhGVFNCTTRidUtRMGdnUTA5SklGUklTV1JrQXBjQkR3OFdCQjhGQlFodmRYUXRiV1Z1ZFI4RUFnSmtGZ0lDQVE4UEZnSWZBZ1ViUzFFZ1RrZElTY09LVGlCRDRidW9WU0JMU0U5QklFamh1NHhEWkdRQ21RRVBEeFlFSHdVRkNHOTFkQzF0Wlc1MUh3UUNBbVFXQWdJQkR3OFdBaDhDQlJ4WVJVMGd4SkRodTRBZ1ZNT0FTU0JPUTB0SUlGUklRVTBnUjBsQlpHUUNtd0VQRHhZRUh3VUZDRzkxZEMxdFpXNTFId1FDQW1RV0FnSUJEMlFXQW1ZUER4WUNId0lGSk1TUXhJSk9SeUJMdzUwZ1dFbE9JRWRKNGJxa1dTQkRTT0c3cUU1SElFNUk0YnFzVG1Sa0FwMEJEdzhXQkI4RkJRaHZkWFF0YldWdWRSOEVBZ0prRmdJQ0FROWtGZ0ptRHc4V0FoOENCUmxENGJxc1VDQk9TT0c2ckZRZ1RrZFA0YnFnU1NCVVVzT2FaR1FDbndFUER4WUVId1VGQ0c5MWRDMXRaVzUxSHdRQ0FtUVdBZ0lCRHc4V0FoOENCUnRENGJxc1VDQk9TT0c2ckZRZ1ZFakdyK0c3bkU1SElGUlN3NXBrWkFLaEFROFBGZ1FmQlFVSWIzVjBMVzFsYm5VZkJBSUNaQllDQWdFUER4WUNId0lGRlVQaHVxaE5JRTVCVGtjZ1UwbE9TQ0JXU2NPS1RtUmtBcU1CRHc4V0JCOEZCUWh2ZFhRdGJXVnVkUjhFQWdKa0ZnSUNBUThQRmdJZkFnVWVXRVZOSUV4VjRicXNUaUJXeElKT0lGVGh1NUJVSUU1SFNFbmh1NFpRWkdRQ3BRRVBEeFlFSHdVRkNHOTFkQzF0Wlc1MUh3UUNBbVFXQWdJQkR3OFdBaDhDQlI1WVJVMGdURlhodXF4T0lGYkVnazRnU01hdjRidWFUa2NnUk9HNnFrNWtaQUtuQVE4UEZnUWZCUVVJYjNWMExXMWxiblVmQkFJQ1pCWUNBZ0VQRHhZQ0h3SUZIVmhGVFNCTVZlRzZyRTRnVnNTQ1RpQlFTT0c2b2s0Z1Frbmh1NFpPWkdRQ3FRRVBEeFlFSHdVRkNHOTFkQzF0Wlc1MUh3UUNBbVFXQWdJQkR3OFdBaDhDQlNSQ3c0RlBJRUpKNGJ1Q1ZTQlFTT0c3cEVNZ1Z1RzdwQ0JNdzROT1NDREVrT0c2b0U5a1pBS3JBUThQRmdRZkJRVUliM1YwTFcxbGJuVWZCQUlDWkJZQ0FnRVBEeFlDSHdJRkhGUkk0YnVRVGtjZ1M4T0tJTVNRdzVOT1J5QklVQ0JQVGt4SlRrVmtaQUt0QVE4UEZnUWZCUVVJYjNWMExXMWxiblVmQkFJQ1pCWUNBZ0VQRHhZQ0h3SUZGOFNReElKT1J5Qkx3NTBnUzhPZElGVERta01nV01PQlpHUUNyd0VQRHhZRUh3VUZDRzkxZEMxdFpXNTFId1FDQW1RV0FnSUJEdzhXQWg4Q0JSaFVTRUZPU0NCVVQ4T0JUaUJMdzUwZ1ZNT2FReUJZdzRGa1pBS3hBUThQRmdRZkJRVUliM1YwTFcxbGJuVWZCQUlDWkJZQ0FnRVBEeFlDSHdJRklrUGh1cXhRSUU1STRicXNWQ0JNdzUwZ1RPRzdpa05JSUV0SVQwRWdTT0c3akVOa1pBS3pBUThQRmdRZkJRVUliM1YwTFcxbGJuVWZCQUlDWkJZQ0FnRVBEeFlDSHdJRkYwUGh1cXhRSUU1STRicXNWQ0JVTGxSSlRpQkNTRmxVWkdRQ3RRRVBEeFlFSHdVRkNHOTFkQzF0Wlc1MUh3UUNBbVFXQWdJQkR3OFdBaDhDQlJaWVJVMGd4SkJKNGJ1Q1RTREVrTU9ESUVUaHVxQlpaR1FDdHdFUER4WUVId1VGQ0c5MWRDMXRaVzUxSHdRQ0FtUVdBZ0lCRHc4V0FoOENCUmxKVGlCTHc0b2dTMGhCU1NCSFNlRzduQ0JIU2VHNm9rNUhaR1FDdVFFUER4WUVId1VGQ0c5MWRDMXRaVzUxSHdRQ0FtUmtBcnNCRHc4V0JCOEZCUWh2ZFhRdGJXVnVkUjhFQWdKa1pBSzlBUThQRmdRZkJRVUliM1YwTFcxbGJuVWZCQUlDWkdRQ3Z3RVBEeFlFSHdVRkNHOTFkQzF0Wlc1MUh3UUNBbVJrQXNFQkR3OFdCQjhGQlFodmRYUXRiV1Z1ZFI4RUFnSmtaQUlIRDJRV0FnSUJEMlFXQW1ZUFpCWU1BZ1VQWkJZRUFnRVBEeFlFSHdJRkNFNW53NkJ1YURvZ0h3Wm9aR1FDQXc4UUR4WUNId1pvWkdRV0FHUUNCdzlrRmlabUR3OFdBaDhDQlE1Tnc2TWdjMmx1YUNCMmFjT3FibVJrQWdFUER4WUNId0lGQ2pNeE1UazBNVEV3TkRKa1pBSUNEdzhXQWg4Q0JROVV3NnB1SUhOcGJtZ2dkbW5EcW01a1pBSUREdzhXQWg4Q0JSVk9aM1Y1NGJ1RmJpQkk0YnV2ZFNCT1oyakVxV0ZrWkFJRUR3OFdBaDhDQlFWUWFNT2hhV1JrQWdVUER4WUNId0lGQTA1aGJXUmtBZ1lQRHhZQ0h3SUZDVTdHb1drZ2MybHVhR1JrQWdjUER4WUNId0lGRFZGMTRicWpibWNnVG1mRG8ybGtaQUlJRHc4V0FoOENCUVZNNGJ1YmNHUmtBZ2tQRHhZQ0h3SUZXa1JEVkRFeE9VTXlLQ0RFa09HNm9Xa2dhT0c3aldNZ1kyakRyVzVvSUhGMWVTQXRJRzVudzZCdWFDQkR3N1J1WnlCdVoyamh1NGNnZEdqRHRHNW5JSFJwYmlBb1EweERLU0F0SUVzdU1Ua2dMU0JNNGJ1YmNDQXlLV1JrQWdvUER4WUNId0lGQms1bnc2QnVhR1JrQWdzUER4WUNId0lGRjBQRHRHNW5JRzVuYU9HN2h5QjBhTU8wYm1jZ2RHbHVaR1FDRGc4UEZnSWZBZ1VYUThPMGJtY2dibWRvNGJ1SElIUm93N1J1WnlCMGFXNWtaQUlQRHc4V0FoOENCUkJJNGJ1SElNU1J3NkJ2SUhUaHVxRnZaR1FDRUE4UEZnSWZBZ1VYeEpEaHVxRnBJR2podTQxaklHTm93NjF1YUNCeGRYbGtaQUlSRHc4V0FoOENCUXRMYU1PellTQm80YnVOWTJSa0FoSVBEeFlDSHdJRkNUSXdNVGt0TWpBeU5HUmtBaE1QRHhZQ0h3SUZGa1BodTVFZ2R1RzZwVzRnYU9HN2pXTWdkT0c2clhCa1pBSVVEdzhXQWg4Q0JTQlFhTU81Ym1jZ1ZHakRvV2tnVkdocHc2cHVJRlJ5WVc1bktERXdNakkzS1dSa0Fnc1BaQllNQWdFUER4WUNId0lGR1ZobGJTQjA0YnFsZENCajRicWpJR2podTQxaklHdkRyQ0JrWkFJRER3OFdBaDhDQlMxT2FPRzZyWEFnYU9HN2pXTWdhK0c3c3lCNFpXMGd4SkZwNGJ1RGJTQjBhR2tnS0haa0lESXdNRFl4S1Rwa1pBSUhEdzhXQWg4Q0JRTllaVzFrWkFJTkQyUVdBZ0lCRDJRV0FtWVBEeFlFSHdVRkNuWnBaWGN0ZEdGaWJHVWZCQUlDWkdRQ0R3OFBGZ0lmQWdVWldHVnRJSFRodXFWMElHUGh1cU1nYU9HN2pXTWdhOE9zSUdSa0FoTVBEeFlDSHdJRlJTZ2dST0c3cnlCc2FlRzdoM1VneEpIR3NPRzdvMk1nWStHNnJYQWdibWpodXExMElIYkRvRzhnYk1PNll6b2dNVFU2TXpRZ1RtZkRvSGs2SURrdk5DOHlNREl5S1dSa0FnMFBEeFlDSHdab1pCWUVBZ01QRUdSa0ZnQmtBZ1VQUENzQURRQmtBZzhQRmdJZUNXbHVibVZ5YUhSdGJBVU9TVTRneEpCSjRidUNUU0JVU0Vsa0FoRVBEeFlDSHdJRkVWaFY0YnFrVkNCR1NVeEZJRVZZUTBWTVpHUUNDUTlrRmdnQ0FROFBGZ0lmQWdWNVEyOXdlWEpwWjJoMElNS3BNakF3T1NCVWNzYXc0YnVkYm1jZ3hKQklJRlBEb0drZ1I4T3liaTNFa09HNm9Xa2dhT0c3aldNZ1kyakRyVzVvSUhGMWVTNGdVWFhodXFOdUlHekR2U0JpNGJ1ZmFTRGh1Nlo1SUdKaGJpQnVhTU9pYmlCa3c2SnVJRlJRTGlCSTRidVRJRU5vdzYwZ1RXbHVhR1JrQWdNUER4WUNId0lGQzFSeVlXNW5JRU5vNGJ1blpHUUNCUThQRmdJZkFnVXRWR2hwNGJxL2RDQnI0YnEvSUdMaHU1OXBJR04wZVNCUWFPRzZwMjRnYmVHN2dXMGdRVzVvSUZGMXc2SnVaR1FDQnc4UEZnSWZBZ1VNeEpEaHVxZDFJRlJ5WVc1blpHUVlBZ1VlWDE5RGIyNTBjbTlzYzFKbGNYVnBjbVZRYjNOMFFtRmphMHRsZVY5ZkZnSUZPbU4wYkRBd0pFTnZiblJsYm5SUWJHRmpaVWh2YkdSbGNqRWtZM1JzTURBa1RXVnpjMkZuWlVKdmVERWthVzFuUTJ4dmMyVkNkWFIwYjI0Rk1XTjBiREF3SkVOdmJuUmxiblJRYkdGalpVaHZiR1JsY2pFa1kzUnNNREFrVFdWemMyRm5aVUp2ZURFa1luUnVUMnNGS1dOMGJEQXdKRU52Ym5SbGJuUlFiR0ZqWlVodmJHUmxjakVrWTNSc01EQWtaM1pZWlcxRWFXVnREMmRrTlhyNm5MZTBtQ2Vkb3hqaWJOdHQ3VTVUY09FPSIgQ29ycmVsYXRpb25CaW5kaW5nPSIiIFVybEVuY29kZT0iVHJ1ZSIgLz4NCiAgICAgICAgPEZvcm1Qb3N0UGFyYW1ldGVyIE5hbWU9Il9fVklFV1NUQVRFR0VORVJBVE9SIiBWYWx1ZT0ie3skSElEREVOMS5fX1ZJRVdTVEFURUdFTkVSQVRPUn19IiBSZWNvcmRlZFZhbHVlPSJDQTBCMDMzNCIgQ29ycmVsYXRpb25CaW5kaW5nPSIiIFVybEVuY29kZT0iVHJ1ZSIgLz4NCiAgICAgICAgPEZvcm1Qb3N0UGFyYW1ldGVyIE5hbWU9ImN0bDAwJENvbnRlbnRQbGFjZUhvbGRlcjEkY3RsMDAkdHh0Q2hvbkhLIiBWYWx1ZT0iMjAwNzgiIFJlY29yZGVkVmFsdWU9IjIwMDc4IiBDb3JyZWxhdGlvbkJpbmRpbmc9Int7Rm9ybVBvc3RQYXJhbTI5LmN0bDAwJENvbnRlbnRQbGFjZUhvbGRlcjEkY3RsMDAkdHh0Q2hvbkhLfX0iIFVybEVuY29kZT0iVHJ1ZSIgLz4NCiAgICAgIDwvRm9ybVBvc3RIdHRwQm9keT4NCiAgICA8L1JlcXVlc3Q+DQogICAgPFJlcXVlc3QgTWV0aG9kPSJHRVQiIEd1aWQ9ImE4Nzg5Yzg4LTNmNTItNDIwMy04ZjNiLTU2MDg2YmM5ZmQxNiIgVmVyc2lvbj0iMS4xIiBVcmw9Imh0dHA6Ly90aG9uZ3RpbmRhb3Rhby5zZ3UuZWR1LnZuL2RlZmF1bHQuYXNweCIgVGhpbmtUaW1lPSIwIiBUaW1lb3V0PSIzMDAiIFBhcnNlRGVwZW5kZW50UmVxdWVzdHM9IlRydWUiIEZvbGxvd1JlZGlyZWN0cz0iVHJ1ZSIgUmVjb3JkUmVzdWx0PSJUcnVlIiBDYWNoZT0iRmFsc2UiIFJlc3BvbnNlVGltZUdvYWw9IjAiIEVuY29kaW5nPSJ1dGYtOCIgRXhwZWN0ZWRIdHRwU3RhdHVzQ29kZT0iMCIgRXhwZWN0ZWRSZXNwb25zZVVybD0iaHR0cDovL3Rob25ndGluZGFvdGFvLnNndS5lZHUudm4vZGVmYXVsdC5hc3B4P3BhZ2U9Z2lvaXRoaWV1IiBSZXBvcnRpbmdOYW1lPSIiIElnbm9yZUh0dHBTdGF0dXNDb2RlPSJGYWxzZSI+DQogICAgICA8RGVwZW5kZW50UmVxdWVzdHM+DQogICAgICAgIDxSZXF1ZXN0IE1ldGhvZD0iUE9TVCIgR3VpZD0iNjUwMjFmOGItZWViOC00NDQ3LWI2Y2UtMzM2NGJiMzNkZDAwIiBWZXJzaW9uPSIxLjEiIFVybD0iaHR0cHM6Ly96YS56YWxvLm1lL3YzL3cvdCIgVGhpbmtUaW1lPSIyIiBUaW1lb3V0PSIzMDAiIFBhcnNlRGVwZW5kZW50UmVxdWVzdHM9IlRydWUiIEZvbGxvd1JlZGlyZWN0cz0iVHJ1ZSIgUmVjb3JkUmVzdWx0PSJUcnVlIiBDYWNoZT0iRmFsc2UiIFJlc3BvbnNlVGltZUdvYWw9IjAiIEVuY29kaW5nPSJ1dGYtOCIgRXhwZWN0ZWRIdHRwU3RhdHVzQ29kZT0iMCIgRXhwZWN0ZWRSZXNwb25zZVVybD0iIiBSZXBvcnRpbmdOYW1lPSIiIElnbm9yZUh0dHBTdGF0dXNDb2RlPSJGYWxzZSI+DQogICAgICAgICAgPEhlYWRlcnM+DQogICAgICAgICAgICA8SGVhZGVyIE5hbWU9IlJlZmVyZXIiIFZhbHVlPSJodHRwOi8vdGhvbmd0aW5kYW90YW8uc2d1LmVkdS52bi9kZWZhdWx0LmFzcHg/cGFnZT1naW9pdGhpZXUiIC8+DQogICAgICAgICAgPC9IZWFkZXJzPg0KICAgICAgICAgIDxGb3JtUG9zdEh0dHBCb2R5Pg0KICAgICAgICAgICAgPEZvcm1Qb3N0UGFyYW1ldGVyIE5hbWU9InpsIiBWYWx1ZT0iaHR0cDovL3Rob25ndGluZGFvdGFvLnNndS5lZHUudm4vZGVmYXVsdC5hc3B4P3BhZ2U9Z2lvaXRoaWV1IiBSZWNvcmRlZFZhbHVlPSJodHRwOi8vdGhvbmd0aW5kYW90YW8uc2d1LmVkdS52bi9kZWZhdWx0LmFzcHg/cGFnZT1naW9pdGhpZXUiIENvcnJlbGF0aW9uQmluZGluZz0iIiBVcmxFbmNvZGU9IlRydWUiIC8+DQogICAgICAgICAgICA8Rm9ybVBvc3RQYXJhbWV0ZXIgTmFtZT0ienJmIiBWYWx1ZT0iaHR0cDovL3Rob25ndGluZGFvdGFvLnNndS5lZHUudm4vZGVmYXVsdC5hc3B4P3BhZ2U9ZGFuZ25oYXAiIFJlY29yZGVkVmFsdWU9Imh0dHA6Ly90aG9uZ3RpbmRhb3Rhby5zZ3UuZWR1LnZuL2RlZmF1bHQuYXNweD9wYWdlPWRhbmduaGFwIiBDb3JyZWxhdGlvbkJpbmRpbmc9IiIgVXJsRW5jb2RlPSJUcnVlIiAvPg0KICAgICAgICAgICAgPEZvcm1Qb3N0UGFyYW1ldGVyIE5hbWU9InpjaCIgVmFsdWU9InV0Zi04IiBSZWNvcmRlZFZhbHVlPSJ1dGYtOCIgQ29ycmVsYXRpb25CaW5kaW5nPSJ7e0Zvcm1Qb3N0UGFyYW0zNC56Y2h9fSIgVXJsRW5jb2RlPSJUcnVlIiAvPg0KICAgICAgICAgICAgPEZvcm1Qb3N0UGFyYW1ldGVyIE5hbWU9Inp0cyIgVmFsdWU9IjE2NDk3NDYwMjQ5NjAiIFJlY29yZGVkVmFsdWU9IjE2NDk3NDYwMjQ5NjAiIENvcnJlbGF0aW9uQmluZGluZz0iIiBVcmxFbmNvZGU9IlRydWUiIC8+DQogICAgICAgICAgICA8Rm9ybVBvc3RQYXJhbWV0ZXIgTmFtZT0iem9zIiBWYWx1ZT0iV2luZG93cyIgUmVjb3JkZWRWYWx1ZT0iV2luZG93cyIgQ29ycmVsYXRpb25CaW5kaW5nPSIiIFVybEVuY29kZT0iVHJ1ZSIgLz4NCiAgICAgICAgICAgIDxGb3JtUG9zdFBhcmFtZXRlciBOYW1lPSJ6bGEiIFZhbHVlPSJlbi1VUywiIFJlY29yZGVkVmFsdWU9ImVuLVVTLCIgQ29ycmVsYXRpb25CaW5kaW5nPSIiIFVybEVuY29kZT0iVHJ1ZSIgLz4NCiAgICAgICAgICAgIDxGb3JtUG9zdFBhcmFtZXRlciBOYW1lPSJfX3ppIiBWYWx1ZT0iMjAwMC5TU1p6ZWp5RDJ6YS1uRWtYdG1xT3FzZDZseC1IMG0ySERUSXJlT0QxNGVTZHMta2dZbUhTWllWTXhBVTAwWE1BOGo2ZmVPODI1OHVYckFjVy4xIiBSZWNvcmRlZFZhbHVlPSIyMDAwLlNTWnplanlEMnphLW5Fa1h0bXFPcXNkNmx4LUgwbTJIRFRJcmVPRDE0ZVNkcy1rZ1ltSFNaWVZNeEFVMDBYTUE4ajZmZU84MjU4dVhyQWNXLjEiIENvcnJlbGF0aW9uQmluZGluZz0iIiBVcmxFbmNvZGU9IlRydWUiIC8+DQogICAgICAgICAgICA8Rm9ybVBvc3RQYXJhbWV0ZXIgTmFtZT0idiIgVmFsdWU9IjIyMDExMDE2MDMiIFJlY29yZGVkVmFsdWU9IjIyMDExMDE2MDMiIENvcnJlbGF0aW9uQmluZGluZz0iIiBVcmxFbmNvZGU9IlRydWUiIC8+DQogICAgICAgICAgICA8Rm9ybVBvc3RQYXJhbWV0ZXIgTmFtZT0iaW5jb2ciIFZhbHVlPSJmYWxzZSIgUmVjb3JkZWRWYWx1ZT0iZmFsc2UiIENvcnJlbGF0aW9uQmluZGluZz0iIiBVcmxFbmNvZGU9IlRydWUiIC8+DQogICAgICAgICAgICA8Rm9ybVBvc3RQYXJhbWV0ZXIgTmFtZT0iemFjdCIgVmFsdWU9InB2IiBSZWNvcmRlZFZhbHVlPSJwdiIgQ29ycmVsYXRpb25CaW5kaW5nPSIiIFVybEVuY29kZT0iVHJ1ZSIgLz4NCiAgICAgICAgICAgIDxGb3JtUG9zdFBhcmFtZXRlciBOYW1lPSJfemFwcCIgVmFsdWU9Im51bGwiIFJlY29yZGVkVmFsdWU9Im51bGwiIENvcnJlbGF0aW9uQmluZGluZz0iIiBVcmxFbmNvZGU9IlRydWUiIC8+DQogICAgICAgICAgICA8Rm9ybVBvc3RQYXJhbWV0ZXIgTmFtZT0iX3ppZG5iYWlkIiBWYWx1ZT0ibnVsbCIgUmVjb3JkZWRWYWx1ZT0ibnVsbCIgQ29ycmVsYXRpb25CaW5kaW5nPSIiIFVybEVuY29kZT0iVHJ1ZSIgLz4NCiAgICAgICAgICA8L0Zvcm1Qb3N0SHR0cEJvZHk+DQogICAgICAgIDwvUmVxdWVzdD4NCiAgICAgIDwvRGVwZW5kZW50UmVxdWVzdHM+DQogICAgICA8UXVlcnlTdHJpbmdQYXJhbWV0ZXJzPg0KICAgICAgICA8UXVlcnlTdHJpbmdQYXJhbWV0ZXIgTmFtZT0icGFnZSIgVmFsdWU9ImRhbmduaGFwIiBSZWNvcmRlZFZhbHVlPSJkYW5nbmhhcCIgQ29ycmVsYXRpb25CaW5kaW5nPSJ7e1F1ZXJ5U3RyaW5nUGFyYW00NS5wYWdlfX0iIFVybEVuY29kZT0iRmFsc2UiIFVzZVRvR3JvdXBSZXN1bHRzPSJGYWxzZSIgLz4NCiAgICAgIDwvUXVlcnlTdHJpbmdQYXJhbWV0ZXJzPg0KICAgICAgPEZvcm1Qb3N0SHR0cEJvZHk+DQogICAgICAgIDxGb3JtUG9zdFBhcmFtZXRlciBOYW1lPSJfX0VWRU5UVEFSR0VUIiBWYWx1ZT0iIiBSZWNvcmRlZFZhbHVlPSIiIENvcnJlbGF0aW9uQmluZGluZz0iIiBVcmxFbmNvZGU9IlRydWUiIC8+DQogICAgICAgIDxGb3JtUG9zdFBhcmFtZXRlciBOYW1lPSJfX0VWRU5UQVJHVU1FTlQiIFZhbHVlPSIiIFJlY29yZGVkVmFsdWU9IiIgQ29ycmVsYXRpb25CaW5kaW5nPSIiIFVybEVuY29kZT0iVHJ1ZSIgLz4NCiAgICAgICAgPEZvcm1Qb3N0UGFyYW1ldGVyIE5hbWU9Il9fVklFV1NUQVRFIiBWYWx1ZT0iL3dFUER3VUtMVE14TmpjM05UTTNOUTlrRmdKbUQyUVdCR1lQWkJZRUFnRVBGZ0llQjJOdmJuUmxiblJrWkFJQ0R4WUNIZ1JvY21WbUJTa3VMMDFsYzNOaFoyVkdhV3hsTDJaaGRtbGpiMjR0WkdGcExXaHZZeTF6WVdrdFoyOXVMbXB3WjJRQ0FROWtGZ2dDQXc5a0ZnSm1EMlFXQWdJQkQyUVdER1lQRHhZQ0hnUlVaWGgwQlF4RGFNT2dieUJpNGJxaGJpQmtaQUlCRHc4V0JCNEpSbTl5WlVOdmJHOXlDUUF6Ly84ZUJGOGhVMElDQkdSa0FnSVBEeFlFSHdNSkFEUC8veDhFQWdSa1pBSUREdzhXQmg4Q0JSaFVhR0Y1SU1TUjRidVZhU0J0NGJxdGRDQnJhT0c2cVhVZkF3a0FNLy8vSHdRQ0JHUmtBZ1FQRHhZRUh3TUpBRFAvL3g4RUFnUmtaQUlGRHc4V0JoOENCUTNFa01TRGJtY2dUbWpodXExd0h3TUpBRFAvL3g4RUFnUmtaQUlGRDJRV3dnRUNBUThQRmdRZUNFTnpjME5zWVhOekJRaHZkWFF0YldWdWRSOEVBZ0prRmdKbUR3OFdBaDhDQlF0VVVrRk9SeUJEU09HN3BtUmtBZ01QRHhZRUh3VUZDRzkxZEMxdFpXNTFId1FDQW1RV0FnSUJEdzhXQWg4Q0JSZEVRVTVJSUUzaHU2UkRJRU5JNGJ1b1F5Qk94SUpPUjJSa0FnVVBEeFlFSHdVRkNHOTFkQzF0Wlc1MUh3UUNBbVFXQWdJQkR3OFdBaDhDQlJ0RVRTQkRTT0c3cUVNZ1RzU0NUa2NneEpERGdVNUlJRWRKdzRGa1pBSUhEdzhXQkI4RkJRaHZkWFF0YldWdWRSOEVBZ0prRmdJQ0FROFBGZ0lmQWdValVWWGh1cUpPSUV6RG5TREVrTU9CVGtnZ1IwbkRnU0JTdzRoT0lFeFZXZUc3aGs1a1pBSUpEdzhXQmg4RkJRaHZkWFF0YldWdWRSOEVBZ0llQjFacGMybGliR1ZvWkJZQ0FnRVBEeFlDSHdJRkZjU1F4SUpPUnlCTHc1MGdUY09VVGlCSTRidU1RMlJrQWdzUER4WUVId1VGQ0c5MWRDMXRaVzUxSHdRQ0FtUmtBZzBQRHhZRUh3VUZDRzkxZEMxdFpXNTFId1FDQW1RV0FnSUJEdzhXQWg4Q0JRZFlSVTBnVkV0Q1pHUUNEdzhQRmdRZkJRVUliM1YwTFcxbGJuVWZCQUlDWkJZQ0FnRVBEeFlDSHdJRkVGaEZUU0RFa0VuaHU0Sk5JRVJCVGtoa1pBSVJEdzhXQkI4RkJRaHZkWFF0YldWdWRSOEVBZ0prRmdKbUR3OFdBaDhDQlE1WVJVMGdUT0c3aWtOSUlGUklTV1JrQWhNUER4WUdId1VGQ0c5MWRDMXRaVzUxSHdRQ0FoOEdhR1FXQWdJQkR3OFdBaDhDQlJSWVJVMGdUT0c3aWtOSUlGUklTU0JNNGJxZ1NXUmtBaFVQRHhZR0h3VUZDRzkxZEMxdFpXNTFId1FDQWg4R2FHUVdBZ0lCRHc4V0FoOENCUkZZUlUwZ1RPRzdpa05JSUZSSVNTQkhTMlJrQWhjUER4WUdId1VGQ0c5MWRDMXRaVzUxSHdRQ0FoOEdhR1FXQWdJQkR3OFdBaDhDQlNGSFNFa2dWTU9UVFNCVTRicXVWQ0JOdzVST0lFZEo0YnFpVGtjZ1JPRzZvRmxrWkFJWkR3OFdCQjhGQlFodmRYUXRiV1Z1ZFI4RUFnSmtaQUliRHc4V0JCOEZCUWh2ZFhRdGJXVnVkUjhFQWdKa0ZnSUNBUThQRmdJZkFnVU9XRVZOSUVqaHU0eERJRkJJdzQxa1pBSWREdzhXQkI4RkJRaHZkWFF0YldWdWRSOEVBZ0prWkFJZkR3OFdCQjhGQlFodmRYUXRiV1Z1ZFI4RUFnSmtGZ0lDQVE4UEZnSWZBZ1VMV0VWTklNU1FTZUc3Z2sxa1pBSWhEdzhXQmg4RkJRaHZkWFF0YldWdWRSOEVBZ0lmQm1oa0ZnSUNBUThQRmdJZkFnVVR4SkJKNGJ1Q1RTQkw0YnV5SUZiaHU0eE9SMlJrQWlNUER4WUVId1VGQ0c5MWRDMXRaVzUxSHdRQ0FtUVdBZ0lCRHc4V0FoOENCUmhMNGJxK1ZDQlJWZUc2b2lERWtFbmh1NEpOSUVSQlRraGtaQUlsRHc4V0JCOEZCUWh2ZFhRdGJXVnVkUjhFQWdKa0ZnSUNBUThQRmdJZkFnVVdTMUVneEpCSjRidUNUU0JFUVU1SUlFOU9URWxPUldSa0FpY1BEeFlFSHdVRkNHOTFkQzF0Wlc1MUh3UUNBbVFXQWdJQkR3OFdBaDhDQlJ0WVJVMGd4SkJKNGJ1Q1RTQkVRVTVJSUZOSlRrZ2dWa25EaWs1a1pBSXBEdzhXQkI4RkJRaHZkWFF0YldWdWRSOEVBZ0prRmdJQ0FROFBGZ0lmQWdVZlIwbmh1cUpPUnlCV1NjT0tUaUJVNGJ1d0lNU1FTZUc3Z2swZ1JFRk9TR1JrQWlzUER4WUVId1VGQ0c5MWRDMXRaVzUxSHdRQ0FtUVdBZ0lCRHc4V0FoOENCUWxZUlUwZ1ExVEVrRlJrWkFJdER3OFdCQjhGQlFodmRYUXRiV1Z1ZFI4RUFnSmtGZ0lDQVE4UEZnSWZBZ1VMV0VWTklFM0RsRTRnVkZGa1pBSXZEdzhXQkI4RkJRaHZkWFF0YldWdWRSOEVBZ0prRmdJQ0FROFBGZ0lmQWdVa3hKRERnVTVJSUVkSnc0RWdTK0c2dmxRZ1VWWGh1cUlnVXNPSVRpQk1WVm5odTRaT1pHUUNNUThQRmdRZkJRVUliM1YwTFcxbGJuVWZCQUlDWkJZQ0FnRVBEeFlDSHdJRkpzU1F3NEZPU0NCSFNjT0JJRXRSSUZMRGlFNGdURlZaNGJ1R1RpQlRTVTVJSUZaSnc0cE9aR1FDTXc4UEZnWWZCUVVJYjNWMExXMWxiblVmQkFJQ0h3Wm9aQllDQWdFUER4WUNId0lGRWxQaHU2eEJJRlJVSUVQRGdTQk9TTU9DVG1Sa0FqVVBEeFlHSHdVRkNHOTFkQzF0Wlc1MUh3UUNBaDhHWjJRV0FnSUJEdzhXQWg4Q0JRNUh3NU5RSU1PZElFdEo0YnErVG1Sa0FqY1BEeFlHSHdVRkNHOTFkQzF0Wlc1MUh3UUNBaDhHYUdRV0FtWVBEeFlDSHdJRkVGUGh1NnhCSUV6RG5TQk00YnVLUTBoa1pBSTVEdzhXQkI4RkJRaHZkWFF0YldWdWRSOEVBZ0prRmdJQ0FROFBGZ0lmQWdVVlVWWGh1cUpPSUV6RG5TQlRTVTVJSUZaSnc0cE9aR1FDT3c4UEZnUWZCUVVJYjNWMExXMWxiblVmQkFJQ1pCWUNBZ0VQRHhZQ0h3SUZJa3ZodXI1VUlGRlY0YnFpSUZOSlRrZ2dWa25EaWs0Z3hKRERnVTVJSUVkSnc0RmtaQUk5RHc4V0JCOEZCUWh2ZFhRdGJXVnVkUjhFQWdKa1pBSS9EdzhXQkI4RkJRaHZkWFF0YldWdWRSOEVBZ0prRmdJQ0FROWtGZ0ptRHc4V0FoOENCUm5Fa01PQlRrZ2dSMG5EZ1NCSFNlRzZvazVISUVUaHVxQlpaR1FDUVE4UEZnUWZCUVVJYjNWMExXMWxiblVmQkFJQ1pCWUNBZ0VQRHhZQ0h3SUZGTVNReElKT1J5Qkx3NTBnVkVoSklFemh1cUJKWkdRQ1F3OFBGZ1FmQlFVSWIzVjBMVzFsYm5VZkJBSUNaR1FDUlE4UEZnUWZCUVVJYjNWMExXMWxiblVmQkFJQ1pCWUNBZ0VQRHhZQ0h3SUZFc1NRU3lCRFNGVlp3NHBPSUU1SHc0Qk9TR1JrQWtjUER4WUVId1VGQ0c5MWRDMXRaVzUxSHdRQ0FtUmtBa2tQRHhZRUh3VUZDRzkxZEMxdFpXNTFId1FDQW1RV0FnSUJEdzhXQWg4Q0JSWkxVU0JZdzRsVUlGVGh1NUJVSUU1SFNFbmh1NFpRWkdRQ1N3OFBGZ1FmQlFVSWIzVjBMVzFsYm5VZkJBSUNaQllDQWdFUER4WUNId0lGSFV0UklGakRpVlFnVkVuaHU0Qk9JRlRodTVCVUlFNUhTRW5odTRaUVpHUUNUUThQRmdRZkJRVUliM1YwTFcxbGJuVWZCQUlDWkJZQ0FnRVBEeFlDSHdJRkdrUERnbFVnU09HN2pra2dWRWpHcitHN25FNUhJRWZodXJaUVpHUUNUdzhQRmdRZkJRVUliM1YwTFcxbGJuVWZCQUlDWkJZQ0FnRVBEeFlDSHdJRkU4U1FTeUJMU01PVFFTQk1WZUc2ckU0Z1ZFNWtaQUpSRHc4V0JCOEZCUWh2ZFhRdGJXVnVkUjhFQWdKa0ZnSUNBUThQRmdJZkFnVU9Ua2podXF4UUlNU1FTZUc3Z2sxa1pBSlREdzhXQkI4RkJRaHZkWFF0YldWdWRSOEVBZ0prWkFKVkR3OFdCQjhGQlFodmRYUXRiV1Z1ZFI4RUFnSmtaQUpYRHc4V0JCOEZCUWh2ZFhRdGJXVnVkUjhFQWdKa1pBSlpEdzhXQkI4RkJRaHZkWFF0YldWdWRSOEVBZ0prRmdJQ0FROFBGZ0lmQWdVZVdFVk5JTVNRU2VHN2drMGdUY09VVGlCSFNlRzZvazVISUVUaHVxQlpaR1FDV3c4UEZnUWZCUVVJYjNWMExXMWxiblVmQkFJQ1pCWUNBZ0VQRHhZQ0h3SUZIbGhGVFNERWtFbmh1NEpOSUZUaHU1Uk9SeUJJNGJ1aVVDQk00YnVhVUdSa0FsMFBEeFlFSHdVRkNHOTFkQzF0Wlc1MUh3UUNBbVFXQWdJQkR3OFdBaDhDQlJWSlRpQkxTT0c3a0VrZ1RNYXY0YnVpVGtjZ1IwUmtaQUpmRHc4V0JCOEZCUWh2ZFhRdGJXVnVkUjhFQWdKa0ZnSUNBUThQRmdJZkFnVU9WVkJNVDBGRUlNU1FTZUc3Z2sxa1pBSmhEdzhXQkI4RkJRaHZkWFF0YldWdWRSOEVBZ0prRmdJQ0FROFBGZ0lmQWdVTlZFdENJRUxodTVnZ1RjT1VUbVJrQW1NUER4WUVId1VGQ0c5MWRDMXRaVzUxSHdRQ0FtUVdBZ0lCRHc4V0FoOENCUlJNNGJ1S1EwZ2dWRWhKSUVMaHU1Z2dUY09VVG1Sa0FtVVBEeFlFSHdVRkNHOTFkQzF0Wlc1MUh3UUNBbVFXQWdJQkR3OFdBaDhDQlNaVVNPRzdrRTVISUV2RGlpQkhTZUc2b2s1SElGWkp3NHBPSUVSVldlRzdobFFnUzFGRVMyUmtBbWNQRHhZRUh3VUZDRzkxZEMxdFpXNTFId1FDQW1RV0FnSUJEdzhXQWg4Q0JTSllSVTBnVk9HN2xFNUhJRWpodTZKUUlFdFJJRWpodTR4RElGVGh1cXhRSUZOV1pHUUNhUThQRmdRZkJRVUliM1YwTFcxbGJuVWZCQUlDWkdRQ2F3OFBGZ1FmQlFVSWIzVjBMVzFsYm5VZkJBSUNaQllDWmc4UEZnSWZBZ1VZUytHNnZpQklUK0c2b0VOSUlFamh1NHhESUZUaHVxeFFaR1FDYlE4UEZnUWZCUVVJYjNWMExXMWxiblVmQkFJQ1pHUUNidzhQRmdRZkJRVUliM1YwTFcxbGJuVWZCQUlDWkJZQ0FnRVBEeFlDSHdJRkZFakdyK0c3bWs1SElFVGh1cXBPSU1TUVMwMUlaR1FDY1E4UEZnUWZCUVVJYjNWMExXMWxiblVmQkFJQ1pCWUNBZ0VQRHhZQ0h3SUZJRTVJNGJxc1VDREVrT0c3aWtFZ1Ewamh1NGdnVGtqaHVxeE9JRlBEZ1VOSVpHUUNjdzhQRmdRZkJRVUliM1YwTFcxbGJuVWZCQUlDWkJZQ0FnRVBEeFlDSHdJRkpNU1F4SUpPUnlCTHc1MGdUa2podXF4T0lGUERnVU5JSUU1SFQ4T0FTU0JIU2VHN25HUmtBblVQRHhZRUh3VUZDRzkxZEMxdFpXNTFId1FDQW1RV0FnSUJEdzhXQWg4Q0JSdkVrTU9CVGtnZ1IwbkRnU0JEU09HNnBGUWdUTWF2NGJ1aVRrZGtaQUozRHc4V0JCOEZCUWh2ZFhRdGJXVnVkUjhFQWdKa0ZnSUNBUThQRmdJZkFnVWZ4SkF1UzhPZElFVGh1N0FnVE9HN2hDQlU0YnVRVkNCT1IwaEo0YnVHVUdSa0Fua1BEeFlFSHdVRkNHOTFkQzF0Wlc1MUh3UUNBbVFXQWdJQkR3OFdBaDhDQlJOTzRidVlVQ0JEU09HN3FFNUhJRU5JNGJ1SVpHUUNldzhQRmdRZkJRVUliM1YwTFcxbGJuVWZCQUlDWkJZQ0FnRVBEeFlDSHdJRklWaEZUU0RFa09HN2dDQkR4cS9Hb0U1SElGUlNUMDVISUVMaHU1Z2dUY09VVG1Sa0FuMFBEeFlFSHdVRkNHOTFkQzF0Wlc1MUh3UUNBbVFXQWdJQkR3OFdBaDhDQlJsRVFVNUlJRlBEZ1VOSUlNU1FMa3ZEblNCWXc0bFVJRlJPWkdRQ2Z3OFBGZ1FmQlFVSWIzVjBMVzFsYm5VZkJBSUNaQllDQWdFUER4WUNId0lGSGtSQlRrZ2dVOE9CUTBnZ3hKQXVTOE9kSUVUaHU3QWdUT0c3aENCVVRtUmtBb0VCRHc4V0JCOEZCUWh2ZFhRdGJXVnVkUjhFQWdKa0ZnSUNBUThQRmdJZkFnVVdWRWpEbEU1SElGUkpUaUJNVmVHNnJFNGdWc1NDVG1Sa0FvTUJEdzhXQkI4RkJRaHZkWFF0YldWdWRSOEVBZ0prRmdJQ0FROFBGZ0lmQWdValZGSkJJRVBodTZoVklGUkl3NVJPUnlCVVNVNGdWT0c3a0ZRZ1RrZElTZUc3aGxCa1pBS0ZBUThQRmdRZkJRVUliM1YwTFcxbGJuVWZCQUlDWkJZQ0FnRVBEeFlDSHdJRkVFUGh1N0JWSUZOSlRrZ2dWa25EaWs1a1pBS0hBUThQRmdRZkJRVUliM1YwTFcxbGJuVWZCQUlDWkJZQ0FnRVBEeFlDSHdJRkY4U1F4SUpPUnlCTHc1MGdXTU9KVkNCVVZWbmh1NEpPWkdRQ2lRRVBEeFlFSHdVRkNHOTFkQzF0Wlc1MUh3UUNBbVFXQWdJQkR3OFdBaDhDQlNCVVNNT1VUa2NnVkVsT0lFamh1NUlnVThhZ0lGUlZXZUc3Z2s0Z1UwbE9TR1JrQW9zQkR3OFdCQjhGQlFodmRYUXRiV1Z1ZFI4RUFnSmtaQUtOQVE4UEZnUWZCUVVJYjNWMExXMWxiblVmQkFJQ1pCWUNBZ0VQRHhZQ0h3SUZGMGpEazBFZ3hKREdvRTRneEpCSjRidUdUaUJVNGJ1c1pHUUNqd0VQRHhZRUh3VUZDRzkxZEMxdFpXNTFId1FDQW1RV0FnSUJEdzhXQWg4Q0JSWk9SMGpodTRnZ1JPRzZvRmtnUk9HNm9Ga2dRc09aWkdRQ2tRRVBEeFlFSHdVRkNHOTFkQzF0Wlc1MUh3UUNBbVFXQWdJQkR3OFdBaDhDQlJmRWtNU0NUa2NnUzhPZElFNUhTT0c3aUNCUVNNT0pVR1JrQXBNQkR3OFdCQjhGQlFodmRYUXRiV1Z1ZFI4RUFnSmtGZ0lDQVE4UEZnSWZBZ1VTeEpERWdrNUhJRXZEblNCRFQwa2dWRWhKWkdRQ2xRRVBEeFlFSHdVRkNHOTFkQzF0Wlc1MUh3UUNBbVFXQWdJQkR3OFdBaDhDQlJKWVJVMGdUT0c3aWtOSUlFTlBTU0JVU0Vsa1pBS1hBUThQRmdRZkJRVUliM1YwTFcxbGJuVWZCQUlDWkJZQ0FnRVBEeFlDSHdJRkcwdFJJRTVIU0VuRGlrNGdRK0c3cUZVZ1MwaFBRU0JJNGJ1TVEyUmtBcGtCRHc4V0JCOEZCUWh2ZFhRdGJXVnVkUjhFQWdKa0ZnSUNBUThQRmdJZkFnVWNXRVZOSU1TUTRidUFJRlREZ0VrZ1RrTkxTQ0JVU0VGTklFZEpRV1JrQXBzQkR3OFdCQjhGQlFodmRYUXRiV1Z1ZFI4RUFnSmtGZ0lDQVE5a0ZnSm1EdzhXQWg4Q0JTVEVrTVNDVGtjZ1M4T2RJRmhKVGlCSFNlRzZwRmtnUTBqaHU2aE9SeUJPU09HNnJFNWtaQUtkQVE4UEZnUWZCUVVJYjNWMExXMWxiblVmQkFJQ1pCWUNBZ0VQWkJZQ1pnOFBGZ0lmQWdVWlErRzZyRkFnVGtqaHVxeFVJRTVIVCtHNm9Fa2dWRkxEbW1Sa0FwOEJEdzhXQkI4RkJRaHZkWFF0YldWdWRSOEVBZ0prRmdJQ0FROFBGZ0lmQWdVYlErRzZyRkFnVGtqaHVxeFVJRlJJeHEvaHU1eE9SeUJVVXNPYVpHUUNvUUVQRHhZRUh3VUZDRzkxZEMxdFpXNTFId1FDQW1RV0FnSUJEdzhXQWg4Q0JSVkQ0YnFvVFNCT1FVNUhJRk5KVGtnZ1ZrbkRpazVrWkFLakFROFBGZ1FmQlFVSWIzVjBMVzFsYm5VZkJBSUNaQllDQWdFUER4WUNId0lGSGxoRlRTQk1WZUc2ckU0Z1ZzU0NUaUJVNGJ1UVZDQk9SMGhKNGJ1R1VHUmtBcVVCRHc4V0JCOEZCUWh2ZFhRdGJXVnVkUjhFQWdKa0ZnSUNBUThQRmdJZkFnVWVXRVZOSUV4VjRicXNUaUJXeElKT0lFakdyK0c3bWs1SElFVGh1cXBPWkdRQ3B3RVBEeFlFSHdVRkNHOTFkQzF0Wlc1MUh3UUNBbVFXQWdJQkR3OFdBaDhDQlIxWVJVMGdURlhodXF4T0lGYkVnazRnVUVqaHVxSk9JRUpKNGJ1R1RtUmtBcWtCRHc4V0JCOEZCUWh2ZFhRdGJXVnVkUjhFQWdKa0ZnSUNBUThQRmdJZkFnVWtRc09CVHlCQ1NlRzdnbFVnVUVqaHU2UkRJRmJodTZRZ1RNT0RUa2dneEpEaHVxQlBaR1FDcXdFUER4WUVId1VGQ0c5MWRDMXRaVzUxSHdRQ0FtUVdBZ0lCRHc4V0FoOENCUnhVU09HN2tFNUhJRXZEaWlERWtNT1RUa2NnU0ZBZ1QwNU1TVTVGWkdRQ3JRRVBEeFlFSHdVRkNHOTFkQzF0Wlc1MUh3UUNBbVFXQWdJQkR3OFdBaDhDQlJmRWtNU0NUa2NnUzhPZElFdkRuU0JVdzVwRElGakRnV1JrQXE4QkR3OFdCQjhGQlFodmRYUXRiV1Z1ZFI4RUFnSmtGZ0lDQVE4UEZnSWZBZ1VZVkVoQlRrZ2dWRS9EZ1U0Z1M4T2RJRlREbWtNZ1dNT0JaR1FDc1FFUER4WUVId1VGQ0c5MWRDMXRaVzUxSHdRQ0FtUVdBZ0lCRHc4V0FoOENCU0pENGJxc1VDQk9TT0c2ckZRZ1RNT2RJRXpodTRwRFNDQkxTRTlCSUVqaHU0eERaR1FDc3dFUER4WUVId1VGQ0c5MWRDMXRaVzUxSHdRQ0FtUVdBZ0lCRHc4V0FoOENCUmRENGJxc1VDQk9TT0c2ckZRZ1ZDNVVTVTRnUWtoWlZHUmtBclVCRHc4V0JCOEZCUWh2ZFhRdGJXVnVkUjhFQWdKa0ZnSUNBUThQRmdJZkFnVVdXRVZOSU1TUVNlRzdnazBneEpERGd5QkU0YnFnV1dSa0FyY0JEdzhXQkI4RkJRaHZkWFF0YldWdWRSOEVBZ0prRmdJQ0FROFBGZ0lmQWdVWlNVNGdTOE9LSUV0SVFVa2dSMG5odTV3Z1Iwbmh1cUpPUjJSa0Fya0JEdzhXQkI4RkJRaHZkWFF0YldWdWRSOEVBZ0prWkFLN0FROFBGZ1FmQlFVSWIzVjBMVzFsYm5VZkJBSUNaR1FDdlFFUER4WUVId1VGQ0c5MWRDMXRaVzUxSHdRQ0FtUmtBcjhCRHc4V0JCOEZCUWh2ZFhRdGJXVnVkUjhFQWdKa1pBTEJBUThQRmdRZkJRVUliM1YwTFcxbGJuVWZCQUlDWkdRQ0J3OWtGZ0lDQVE5a0ZnSm1EMlFXQWdJREQyUVdFQUlCRHc4V0FoOENCUk5SZGNPcWJpQnQ0YnF0ZENCcmFPRzZxWFVoWkdRQ0F3OFBGZ0lmQWdVU1ZNT3FiaURFa01TRGJtY2dUbWpodXExd1pHUUNCUThQWkJZQ0hncHZibXRsZVhCeVpYTnpCVUJpZFhSMGIyNWZZMnhwWTJzb2RHaHBjeXduWTNSc01EQmZRMjl1ZEdWdWRGQnNZV05sU0c5c1pHVnlNVjlqZEd3d01GOWlkRzVFWVc1blRtaGhjQ2NwWkFJSER3OFdBaDhDQlF4TjRicXRkQ0JMYU9HNnFYVmtaQUlKRHc5a0ZnSWZCd1ZBWW5WMGRHOXVYMk5zYVdOcktIUm9hWE1zSjJOMGJEQXdYME52Ym5SbGJuUlFiR0ZqWlVodmJHUmxjakZmWTNSc01EQmZZblJ1UkdGdVowNW9ZWEFuS1dRQ0N3OFBGZ0lmQWdVTnhKREVnMjVuSUU1bzRicXRjR1JrQWcwUER4WUNId1pvWkdRQ0R3OFBGZ0lmQm1oa1pBSUpEMlFXQ0FJQkR3OFdBaDhDQlhsRGIzQjVjbWxuYUhRZ3dxa3lNREE1SUZSeXhyRGh1NTF1WnlERWtFZ2dVOE9nYVNCSHc3SnVMY1NRNGJxaGFTQm80YnVOWXlCamFNT3RibWdnY1hWNUxpQlJkZUc2bzI0Z2JNTzlJR0xodTU5cElPRzdwbmtnWW1GdUlHNW93Nkp1SUdURG9tNGdWRkF1SUVqaHU1TWdRMmpEclNCTmFXNW9aR1FDQXc4UEZnSWZBZ1VMVkhKaGJtY2dRMmpodTZka1pBSUZEdzhXQWg4Q0JTMVVhR25odXI5MElHdmh1cjhnWXVHN24ya2dZM1I1SUZCbzRicW5iaUJ0NGJ1QmJTQkJibWdnVVhYRG9tNWtaQUlIRHc4V0FoOENCUXpFa09HNnAzVWdWSEpoYm1ka1pHUkgwOFNub1hMTzN5WXVFbUR1M3Nrc3Q4Yk9yZz09IiBSZWNvcmRlZFZhbHVlPSIvd0VQRHdVS0xUTXhOamMzTlRNM05ROWtGZ0ptRDJRV0JHWVBaQllFQWdFUEZnSWVCMk52Ym5SbGJuUmtaQUlDRHhZQ0hnUm9jbVZtQlNrdUwwMWxjM05oWjJWR2FXeGxMMlpoZG1samIyNHRaR0ZwTFdodll5MXpZV2t0WjI5dUxtcHdaMlFDQVE5a0ZnZ0NBdzlrRmdKbUQyUVdBZ0lCRDJRV0RHWVBEeFlDSGdSVVpYaDBCUXhEYU1PZ2J5Qmk0YnFoYmlCa1pBSUJEdzhXQkI0SlJtOXlaVU52Ykc5eUNRQXovLzhlQkY4aFUwSUNCR1JrQWdJUER4WUVId01KQURQLy94OEVBZ1JrWkFJRER3OFdCaDhDQlJoVWFHRjVJTVNSNGJ1VmFTQnQ0YnF0ZENCcmFPRzZxWFVmQXdrQU0vLy9Id1FDQkdSa0FnUVBEeFlFSHdNSkFEUC8veDhFQWdSa1pBSUZEdzhXQmg4Q0JRM0VrTVNEYm1jZ1Rtamh1cTF3SHdNSkFEUC8veDhFQWdSa1pBSUZEMlFXd2dFQ0FROFBGZ1FlQ0VOemMwTnNZWE56QlFodmRYUXRiV1Z1ZFI4RUFnSmtGZ0ptRHc4V0FoOENCUXRVVWtGT1J5QkRTT0c3cG1Sa0FnTVBEeFlFSHdVRkNHOTFkQzF0Wlc1MUh3UUNBbVFXQWdJQkR3OFdBaDhDQlJkRVFVNUlJRTNodTZSRElFTkk0YnVvUXlCT3hJSk9SMlJrQWdVUER4WUVId1VGQ0c5MWRDMXRaVzUxSHdRQ0FtUVdBZ0lCRHc4V0FoOENCUnRFVFNCRFNPRzdxRU1nVHNTQ1RrY2d4SkREZ1U1SUlFZEp3NEZrWkFJSER3OFdCQjhGQlFodmRYUXRiV1Z1ZFI4RUFnSmtGZ0lDQVE4UEZnSWZBZ1VqVVZYaHVxSk9JRXpEblNERWtNT0JUa2dnUjBuRGdTQlN3NGhPSUV4VldlRzdoazVrWkFJSkR3OFdCaDhGQlFodmRYUXRiV1Z1ZFI4RUFnSWVCMVpwYzJsaWJHVm9aQllDQWdFUER4WUNId0lGRmNTUXhJSk9SeUJMdzUwZ1RjT1VUaUJJNGJ1TVEyUmtBZ3NQRHhZRUh3VUZDRzkxZEMxdFpXNTFId1FDQW1Sa0FnMFBEeFlFSHdVRkNHOTFkQzF0Wlc1MUh3UUNBbVFXQWdJQkR3OFdBaDhDQlFkWVJVMGdWRXRDWkdRQ0R3OFBGZ1FmQlFVSWIzVjBMVzFsYm5VZkJBSUNaQllDQWdFUER4WUNId0lGRUZoRlRTREVrRW5odTRKTklFUkJUa2hrWkFJUkR3OFdCQjhGQlFodmRYUXRiV1Z1ZFI4RUFnSmtGZ0ptRHc4V0FoOENCUTVZUlUwZ1RPRzdpa05JSUZSSVNXUmtBaE1QRHhZR0h3VUZDRzkxZEMxdFpXNTFId1FDQWg4R2FHUVdBZ0lCRHc4V0FoOENCUlJZUlUwZ1RPRzdpa05JSUZSSVNTQk00YnFnU1dSa0FoVVBEeFlHSHdVRkNHOTFkQzF0Wlc1MUh3UUNBaDhHYUdRV0FnSUJEdzhXQWg4Q0JSRllSVTBnVE9HN2lrTklJRlJJU1NCSFMyUmtBaGNQRHhZR0h3VUZDRzkxZEMxdFpXNTFId1FDQWg4R2FHUVdBZ0lCRHc4V0FoOENCU0ZIU0VrZ1ZNT1RUU0JVNGJxdVZDQk53NVJPSUVkSjRicWlUa2NnUk9HNm9GbGtaQUlaRHc4V0JCOEZCUWh2ZFhRdGJXVnVkUjhFQWdKa1pBSWJEdzhXQkI4RkJRaHZkWFF0YldWdWRSOEVBZ0prRmdJQ0FROFBGZ0lmQWdVT1dFVk5JRWpodTR4RElGQkl3NDFrWkFJZER3OFdCQjhGQlFodmRYUXRiV1Z1ZFI4RUFnSmtaQUlmRHc4V0JCOEZCUWh2ZFhRdGJXVnVkUjhFQWdKa0ZnSUNBUThQRmdJZkFnVUxXRVZOSU1TUVNlRzdnazFrWkFJaER3OFdCaDhGQlFodmRYUXRiV1Z1ZFI4RUFnSWZCbWhrRmdJQ0FROFBGZ0lmQWdVVHhKQko0YnVDVFNCTDRidXlJRmJodTR4T1IyUmtBaU1QRHhZRUh3VUZDRzkxZEMxdFpXNTFId1FDQW1RV0FnSUJEdzhXQWg4Q0JSaEw0YnErVkNCUlZlRzZvaURFa0VuaHU0Sk5JRVJCVGtoa1pBSWxEdzhXQkI4RkJRaHZkWFF0YldWdWRSOEVBZ0prRmdJQ0FROFBGZ0lmQWdVV1MxRWd4SkJKNGJ1Q1RTQkVRVTVJSUU5T1RFbE9SV1JrQWljUER4WUVId1VGQ0c5MWRDMXRaVzUxSHdRQ0FtUVdBZ0lCRHc4V0FoOENCUnRZUlUwZ3hKQko0YnVDVFNCRVFVNUlJRk5KVGtnZ1ZrbkRpazVrWkFJcER3OFdCQjhGQlFodmRYUXRiV1Z1ZFI4RUFnSmtGZ0lDQVE4UEZnSWZBZ1VmUjBuaHVxSk9SeUJXU2NPS1RpQlU0YnV3SU1TUVNlRzdnazBnUkVGT1NHUmtBaXNQRHhZRUh3VUZDRzkxZEMxdFpXNTFId1FDQW1RV0FnSUJEdzhXQWg4Q0JRbFlSVTBnUTFURWtGUmtaQUl0RHc4V0JCOEZCUWh2ZFhRdGJXVnVkUjhFQWdKa0ZnSUNBUThQRmdJZkFnVUxXRVZOSUUzRGxFNGdWRkZrWkFJdkR3OFdCQjhGQlFodmRYUXRiV1Z1ZFI4RUFnSmtGZ0lDQVE4UEZnSWZBZ1VreEpERGdVNUlJRWRKdzRFZ1MrRzZ2bFFnVVZYaHVxSWdVc09JVGlCTVZWbmh1NFpPWkdRQ01ROFBGZ1FmQlFVSWIzVjBMVzFsYm5VZkJBSUNaQllDQWdFUER4WUNId0lGSnNTUXc0Rk9TQ0JIU2NPQklFdFJJRkxEaUU0Z1RGVlo0YnVHVGlCVFNVNUlJRlpKdzRwT1pHUUNNdzhQRmdZZkJRVUliM1YwTFcxbGJuVWZCQUlDSHdab1pCWUNBZ0VQRHhZQ0h3SUZFbFBodTZ4QklGUlVJRVBEZ1NCT1NNT0NUbVJrQWpVUER4WUdId1VGQ0c5MWRDMXRaVzUxSHdRQ0FoOEdaMlFXQWdJQkR3OFdBaDhDQlE1SHc1TlFJTU9kSUV0SjRicStUbVJrQWpjUER4WUdId1VGQ0c5MWRDMXRaVzUxSHdRQ0FoOEdhR1FXQW1ZUER4WUNId0lGRUZQaHU2eEJJRXpEblNCTTRidUtRMGhrWkFJNUR3OFdCQjhGQlFodmRYUXRiV1Z1ZFI4RUFnSmtGZ0lDQVE4UEZnSWZBZ1VWVVZYaHVxSk9JRXpEblNCVFNVNUlJRlpKdzRwT1pHUUNPdzhQRmdRZkJRVUliM1YwTFcxbGJuVWZCQUlDWkJZQ0FnRVBEeFlDSHdJRklrdmh1cjVVSUZGVjRicWlJRk5KVGtnZ1ZrbkRpazRneEpERGdVNUlJRWRKdzRGa1pBSTlEdzhXQkI4RkJRaHZkWFF0YldWdWRSOEVBZ0prWkFJL0R3OFdCQjhGQlFodmRYUXRiV1Z1ZFI4RUFnSmtGZ0lDQVE5a0ZnSm1EdzhXQWg4Q0JSbkVrTU9CVGtnZ1IwbkRnU0JIU2VHNm9rNUhJRVRodXFCWlpHUUNRUThQRmdRZkJRVUliM1YwTFcxbGJuVWZCQUlDWkJZQ0FnRVBEeFlDSHdJRkZNU1F4SUpPUnlCTHc1MGdWRWhKSUV6aHVxQkpaR1FDUXc4UEZnUWZCUVVJYjNWMExXMWxiblVmQkFJQ1pHUUNSUThQRmdRZkJRVUliM1YwTFcxbGJuVWZCQUlDWkJZQ0FnRVBEeFlDSHdJRkVzU1FTeUJEU0ZWWnc0cE9JRTVIdzRCT1NHUmtBa2NQRHhZRUh3VUZDRzkxZEMxdFpXNTFId1FDQW1Sa0Fra1BEeFlFSHdVRkNHOTFkQzF0Wlc1MUh3UUNBbVFXQWdJQkR3OFdBaDhDQlJaTFVTQll3NGxVSUZUaHU1QlVJRTVIU0VuaHU0WlFaR1FDU3c4UEZnUWZCUVVJYjNWMExXMWxiblVmQkFJQ1pCWUNBZ0VQRHhZQ0h3SUZIVXRSSUZqRGlWUWdWRW5odTRCT0lGVGh1NUJVSUU1SFNFbmh1NFpRWkdRQ1RROFBGZ1FmQlFVSWIzVjBMVzFsYm5VZkJBSUNaQllDQWdFUER4WUNId0lGR2tQRGdsVWdTT0c3amtrZ1ZFakdyK0c3bkU1SElFZmh1clpRWkdRQ1R3OFBGZ1FmQlFVSWIzVjBMVzFsYm5VZkJBSUNaQllDQWdFUER4WUNId0lGRThTUVN5QkxTTU9UUVNCTVZlRzZyRTRnVkU1a1pBSlJEdzhXQkI4RkJRaHZkWFF0YldWdWRSOEVBZ0prRmdJQ0FROFBGZ0lmQWdVT1Rramh1cXhRSU1TUVNlRzdnazFrWkFKVER3OFdCQjhGQlFodmRYUXRiV1Z1ZFI4RUFnSmtaQUpWRHc4V0JCOEZCUWh2ZFhRdGJXVnVkUjhFQWdKa1pBSlhEdzhXQkI4RkJRaHZkWFF0YldWdWRSOEVBZ0prWkFKWkR3OFdCQjhGQlFodmRYUXRiV1Z1ZFI4RUFnSmtGZ0lDQVE4UEZnSWZBZ1VlV0VWTklNU1FTZUc3Z2swZ1RjT1VUaUJIU2VHNm9rNUhJRVRodXFCWlpHUUNXdzhQRmdRZkJRVUliM1YwTFcxbGJuVWZCQUlDWkJZQ0FnRVBEeFlDSHdJRkhsaEZUU0RFa0VuaHU0Sk5JRlRodTVST1J5Qkk0YnVpVUNCTTRidWFVR1JrQWwwUER4WUVId1VGQ0c5MWRDMXRaVzUxSHdRQ0FtUVdBZ0lCRHc4V0FoOENCUlZKVGlCTFNPRzdrRWtnVE1hdjRidWlUa2NnUjBSa1pBSmZEdzhXQkI4RkJRaHZkWFF0YldWdWRSOEVBZ0prRmdJQ0FROFBGZ0lmQWdVT1ZWQk1UMEZFSU1TUVNlRzdnazFrWkFKaER3OFdCQjhGQlFodmRYUXRiV1Z1ZFI4RUFnSmtGZ0lDQVE4UEZnSWZBZ1VOVkV0Q0lFTGh1NWdnVGNPVVRtUmtBbU1QRHhZRUh3VUZDRzkxZEMxdFpXNTFId1FDQW1RV0FnSUJEdzhXQWg4Q0JSUk00YnVLUTBnZ1ZFaEpJRUxodTVnZ1RjT1VUbVJrQW1VUER4WUVId1VGQ0c5MWRDMXRaVzUxSHdRQ0FtUVdBZ0lCRHc4V0FoOENCU1pVU09HN2tFNUhJRXZEaWlCSFNlRzZvazVISUZaSnc0cE9JRVJWV2VHN2hsUWdTMUZFUzJSa0FtY1BEeFlFSHdVRkNHOTFkQzF0Wlc1MUh3UUNBbVFXQWdJQkR3OFdBaDhDQlNKWVJVMGdWT0c3bEU1SElFamh1NkpRSUV0UklFamh1NHhESUZUaHVxeFFJRk5XWkdRQ2FROFBGZ1FmQlFVSWIzVjBMVzFsYm5VZkJBSUNaR1FDYXc4UEZnUWZCUVVJYjNWMExXMWxiblVmQkFJQ1pCWUNaZzhQRmdJZkFnVVlTK0c2dmlCSVQrRzZvRU5JSUVqaHU0eERJRlRodXF4UVpHUUNiUThQRmdRZkJRVUliM1YwTFcxbGJuVWZCQUlDWkdRQ2J3OFBGZ1FmQlFVSWIzVjBMVzFsYm5VZkJBSUNaQllDQWdFUER4WUNId0lGRkVqR3IrRzdtazVISUVUaHVxcE9JTVNRUzAxSVpHUUNjUThQRmdRZkJRVUliM1YwTFcxbGJuVWZCQUlDWkJZQ0FnRVBEeFlDSHdJRklFNUk0YnFzVUNERWtPRzdpa0VnUTBqaHU0Z2dUa2podXF4T0lGUERnVU5JWkdRQ2N3OFBGZ1FmQlFVSWIzVjBMVzFsYm5VZkJBSUNaQllDQWdFUER4WUNId0lGSk1TUXhJSk9SeUJMdzUwZ1Rramh1cXhPSUZQRGdVTklJRTVIVDhPQVNTQkhTZUc3bkdSa0FuVVBEeFlFSHdVRkNHOTFkQzF0Wlc1MUh3UUNBbVFXQWdJQkR3OFdBaDhDQlJ2RWtNT0JUa2dnUjBuRGdTQkRTT0c2cEZRZ1RNYXY0YnVpVGtka1pBSjNEdzhXQkI4RkJRaHZkWFF0YldWdWRSOEVBZ0prRmdJQ0FROFBGZ0lmQWdVZnhKQXVTOE9kSUVUaHU3QWdUT0c3aENCVTRidVFWQ0JPUjBoSjRidUdVR1JrQW5rUER4WUVId1VGQ0c5MWRDMXRaVzUxSHdRQ0FtUVdBZ0lCRHc4V0FoOENCUk5PNGJ1WVVDQkRTT0c3cUU1SElFTkk0YnVJWkdRQ2V3OFBGZ1FmQlFVSWIzVjBMVzFsYm5VZkJBSUNaQllDQWdFUER4WUNId0lGSVZoRlRTREVrT0c3Z0NCRHhxL0dvRTVISUZSU1QwNUhJRUxodTVnZ1RjT1VUbVJrQW4wUER4WUVId1VGQ0c5MWRDMXRaVzUxSHdRQ0FtUVdBZ0lCRHc4V0FoOENCUmxFUVU1SUlGUERnVU5JSU1TUUxrdkRuU0JZdzRsVUlGUk9aR1FDZnc4UEZnUWZCUVVJYjNWMExXMWxiblVmQkFJQ1pCWUNBZ0VQRHhZQ0h3SUZIa1JCVGtnZ1U4T0JRMGdneEpBdVM4T2RJRVRodTdBZ1RPRzdoQ0JVVG1Sa0FvRUJEdzhXQkI4RkJRaHZkWFF0YldWdWRSOEVBZ0prRmdJQ0FROFBGZ0lmQWdVV1ZFakRsRTVISUZSSlRpQk1WZUc2ckU0Z1ZzU0NUbVJrQW9NQkR3OFdCQjhGQlFodmRYUXRiV1Z1ZFI4RUFnSmtGZ0lDQVE4UEZnSWZBZ1VqVkZKQklFUGh1NmhWSUZSSXc1Uk9SeUJVU1U0Z1ZPRzdrRlFnVGtkSVNlRzdobEJrWkFLRkFROFBGZ1FmQlFVSWIzVjBMVzFsYm5VZkJBSUNaQllDQWdFUER4WUNId0lGRUVQaHU3QlZJRk5KVGtnZ1ZrbkRpazVrWkFLSEFROFBGZ1FmQlFVSWIzVjBMVzFsYm5VZkJBSUNaQllDQWdFUER4WUNId0lGRjhTUXhJSk9SeUJMdzUwZ1dNT0pWQ0JVVlZuaHU0Sk9aR1FDaVFFUER4WUVId1VGQ0c5MWRDMXRaVzUxSHdRQ0FtUVdBZ0lCRHc4V0FoOENCU0JVU01PVVRrY2dWRWxPSUVqaHU1SWdVOGFnSUZSVldlRzdnazRnVTBsT1NHUmtBb3NCRHc4V0JCOEZCUWh2ZFhRdGJXVnVkUjhFQWdKa1pBS05BUThQRmdRZkJRVUliM1YwTFcxbGJuVWZCQUlDWkJZQ0FnRVBEeFlDSHdJRkYwakRrMEVneEpER29FNGd4SkJKNGJ1R1RpQlU0YnVzWkdRQ2p3RVBEeFlFSHdVRkNHOTFkQzF0Wlc1MUh3UUNBbVFXQWdJQkR3OFdBaDhDQlJaT1Iwamh1NGdnUk9HNm9Ga2dST0c2b0ZrZ1FzT1paR1FDa1FFUER4WUVId1VGQ0c5MWRDMXRaVzUxSHdRQ0FtUVdBZ0lCRHc4V0FoOENCUmZFa01TQ1RrY2dTOE9kSUU1SFNPRzdpQ0JRU01PSlVHUmtBcE1CRHc4V0JCOEZCUWh2ZFhRdGJXVnVkUjhFQWdKa0ZnSUNBUThQRmdJZkFnVVN4SkRFZ2s1SElFdkRuU0JEVDBrZ1ZFaEpaR1FDbFFFUER4WUVId1VGQ0c5MWRDMXRaVzUxSHdRQ0FtUVdBZ0lCRHc4V0FoOENCUkpZUlUwZ1RPRzdpa05JSUVOUFNTQlVTRWxrWkFLWEFROFBGZ1FmQlFVSWIzVjBMVzFsYm5VZkJBSUNaQllDQWdFUER4WUNId0lGRzB0UklFNUhTRW5EaWs0Z1ErRzdxRlVnUzBoUFFTQkk0YnVNUTJSa0Fwa0JEdzhXQkI4RkJRaHZkWFF0YldWdWRSOEVBZ0prRmdJQ0FROFBGZ0lmQWdVY1dFVk5JTVNRNGJ1QUlGVERnRWtnVGtOTFNDQlVTRUZOSUVkSlFXUmtBcHNCRHc4V0JCOEZCUWh2ZFhRdGJXVnVkUjhFQWdKa0ZnSUNBUTlrRmdKbUR3OFdBaDhDQlNURWtNU0NUa2NnUzhPZElGaEpUaUJIU2VHNnBGa2dRMGpodTZoT1J5Qk9TT0c2ckU1a1pBS2RBUThQRmdRZkJRVUliM1YwTFcxbGJuVWZCQUlDWkJZQ0FnRVBaQllDWmc4UEZnSWZBZ1VaUStHNnJGQWdUa2podXF4VUlFNUhUK0c2b0VrZ1ZGTERtbVJrQXA4QkR3OFdCQjhGQlFodmRYUXRiV1Z1ZFI4RUFnSmtGZ0lDQVE4UEZnSWZBZ1ViUStHNnJGQWdUa2podXF4VUlGUkl4cS9odTV4T1J5QlVVc09hWkdRQ29RRVBEeFlFSHdVRkNHOTFkQzF0Wlc1MUh3UUNBbVFXQWdJQkR3OFdBaDhDQlJWRDRicW9UU0JPUVU1SElGTkpUa2dnVmtuRGlrNWtaQUtqQVE4UEZnUWZCUVVJYjNWMExXMWxiblVmQkFJQ1pCWUNBZ0VQRHhZQ0h3SUZIbGhGVFNCTVZlRzZyRTRnVnNTQ1RpQlU0YnVRVkNCT1IwaEo0YnVHVUdSa0FxVUJEdzhXQkI4RkJRaHZkWFF0YldWdWRSOEVBZ0prRmdJQ0FROFBGZ0lmQWdVZVdFVk5JRXhWNGJxc1RpQld4SUpPSUVqR3IrRzdtazVISUVUaHVxcE9aR1FDcHdFUER4WUVId1VGQ0c5MWRDMXRaVzUxSHdRQ0FtUVdBZ0lCRHc4V0FoOENCUjFZUlUwZ1RGWGh1cXhPSUZiRWdrNGdVRWpodXFKT0lFSko0YnVHVG1Sa0Fxa0JEdzhXQkI4RkJRaHZkWFF0YldWdWRSOEVBZ0prRmdJQ0FROFBGZ0lmQWdVa1FzT0JUeUJDU2VHN2dsVWdVRWpodTZSRElGYmh1NlFnVE1PRFRrZ2d4SkRodXFCUFpHUUNxd0VQRHhZRUh3VUZDRzkxZEMxdFpXNTFId1FDQW1RV0FnSUJEdzhXQWg4Q0JSeFVTT0c3a0U1SElFdkRpaURFa01PVFRrY2dTRkFnVDA1TVNVNUZaR1FDclFFUER4WUVId1VGQ0c5MWRDMXRaVzUxSHdRQ0FtUVdBZ0lCRHc4V0FoOENCUmZFa01TQ1RrY2dTOE9kSUV2RG5TQlV3NXBESUZqRGdXUmtBcThCRHc4V0JCOEZCUWh2ZFhRdGJXVnVkUjhFQWdKa0ZnSUNBUThQRmdJZkFnVVlWRWhCVGtnZ1ZFL0RnVTRnUzhPZElGVERta01nV01PQlpHUUNzUUVQRHhZRUh3VUZDRzkxZEMxdFpXNTFId1FDQW1RV0FnSUJEdzhXQWg4Q0JTSkQ0YnFzVUNCT1NPRzZyRlFnVE1PZElFemh1NHBEU0NCTFNFOUJJRWpodTR4RFpHUUNzd0VQRHhZRUh3VUZDRzkxZEMxdFpXNTFId1FDQW1RV0FnSUJEdzhXQWg4Q0JSZEQ0YnFzVUNCT1NPRzZyRlFnVkM1VVNVNGdRa2haVkdSa0FyVUJEdzhXQkI4RkJRaHZkWFF0YldWdWRSOEVBZ0prRmdJQ0FROFBGZ0lmQWdVV1dFVk5JTVNRU2VHN2drMGd4SkREZ3lCRTRicWdXV1JrQXJjQkR3OFdCQjhGQlFodmRYUXRiV1Z1ZFI4RUFnSmtGZ0lDQVE4UEZnSWZBZ1VaU1U0Z1M4T0tJRXRJUVVrZ1Iwbmh1NXdnUjBuaHVxSk9SMlJrQXJrQkR3OFdCQjhGQlFodmRYUXRiV1Z1ZFI4RUFnSmtaQUs3QVE4UEZnUWZCUVVJYjNWMExXMWxiblVmQkFJQ1pHUUN2UUVQRHhZRUh3VUZDRzkxZEMxdFpXNTFId1FDQW1Sa0FyOEJEdzhXQkI4RkJRaHZkWFF0YldWdWRSOEVBZ0prWkFMQkFROFBGZ1FmQlFVSWIzVjBMVzFsYm5VZkJBSUNaR1FDQnc5a0ZnSUNBUTlrRmdKbUQyUVdBZ0lERDJRV0VBSUJEdzhXQWg4Q0JSTlJkY09xYmlCdDRicXRkQ0JyYU9HNnFYVWhaR1FDQXc4UEZnSWZBZ1VTVk1PcWJpREVrTVNEYm1jZ1Rtamh1cTF3WkdRQ0JROFBaQllDSGdwdmJtdGxlWEJ5WlhOekJVQmlkWFIwYjI1ZlkyeHBZMnNvZEdocGN5d25ZM1JzTURCZlEyOXVkR1Z1ZEZCc1lXTmxTRzlzWkdWeU1WOWpkR3d3TUY5aWRHNUVZVzVuVG1oaGNDY3BaQUlIRHc4V0FoOENCUXhONGJxdGRDQkxhT0c2cVhWa1pBSUpEdzlrRmdJZkJ3VkFZblYwZEc5dVgyTnNhV05yS0hSb2FYTXNKMk4wYkRBd1gwTnZiblJsYm5SUWJHRmpaVWh2YkdSbGNqRmZZM1JzTURCZlluUnVSR0Z1WjA1b1lYQW5LV1FDQ3c4UEZnSWZBZ1VOeEpERWcyNW5JRTVvNGJxdGNHUmtBZzBQRHhZQ0h3Wm9aR1FDRHc4UEZnSWZCbWhrWkFJSkQyUVdDQUlCRHc4V0FoOENCWGxEYjNCNWNtbG5hSFFnd3FreU1EQTVJRlJ5eHJEaHU1MXVaeURFa0VnZ1U4T2dhU0JIdzdKdUxjU1E0YnFoYVNCbzRidU5ZeUJqYU1PdGJtZ2djWFY1TGlCUmRlRzZvMjRnYk1POUlHTGh1NTlwSU9HN3Bua2dZbUZ1SUc1b3c2SnVJR1REb200Z1ZGQXVJRWpodTVNZ1EyakRyU0JOYVc1b1pHUUNBdzhQRmdJZkFnVUxWSEpoYm1jZ1Eyamh1NmRrWkFJRkR3OFdBaDhDQlMxVWFHbmh1cjkwSUd2aHVyOGdZdUc3bjJrZ1kzUjVJRkJvNGJxbmJpQnQ0YnVCYlNCQmJtZ2dVWFhEb201a1pBSUhEdzhXQWg4Q0JRekVrT0c2cDNVZ1ZISmhibWRrWkdSSDA4U25vWExPM3lZdUVtRHUzc2tzdDhiT3JnPT0iIENvcnJlbGF0aW9uQmluZGluZz0ie3tGb3JtUG9zdFBhcmFtMzAuX19WSUVXU1RBVEV9fSIgVXJsRW5jb2RlPSJUcnVlIiAvPg0KICAgICAgICA8Rm9ybVBvc3RQYXJhbWV0ZXIgTmFtZT0iX19WSUVXU1RBVEVHRU5FUkFUT1IiIFZhbHVlPSJDQTBCMDMzNCIgUmVjb3JkZWRWYWx1ZT0iQ0EwQjAzMzQiIENvcnJlbGF0aW9uQmluZGluZz0ie3tGb3JtUG9zdFBhcmFtMzEuX19WSUVXU1RBVEVHRU5FUkFUT1J9fSIgVXJsRW5jb2RlPSJUcnVlIiAvPg0KICAgICAgICA8Rm9ybVBvc3RQYXJhbWV0ZXIgTmFtZT0iY3RsMDAkQ29udGVudFBsYWNlSG9sZGVyMSRjdGwwMCR0eHRUYWlLaG9hIiBWYWx1ZT0iMzExOTQxMTA0MiIgUmVjb3JkZWRWYWx1ZT0iMzExOTQxMTA0MiIgQ29ycmVsYXRpb25CaW5kaW5nPSIiIFVybEVuY29kZT0iVHJ1ZSIgLz4NCiAgICAgICAgPEZvcm1Qb3N0UGFyYW1ldGVyIE5hbWU9ImN0bDAwJENvbnRlbnRQbGFjZUhvbGRlcjEkY3RsMDAkdHh0TWF0S2hhdSIgVmFsdWU9Im5naGlhMDMzOTk0MTA1NyIgUmVjb3JkZWRWYWx1ZT0ibmdoaWEwMzM5OTQxMDU3IiBDb3JyZWxhdGlvbkJpbmRpbmc9IiIgVXJsRW5jb2RlPSJUcnVlIiAvPg0KICAgICAgICA8Rm9ybVBvc3RQYXJhbWV0ZXIgTmFtZT0iY3RsMDAkQ29udGVudFBsYWNlSG9sZGVyMSRjdGwwMCRidG5EYW5nTmhhcCIgVmFsdWU9IsSQxINuZyBOaOG6rXAiIFJlY29yZGVkVmFsdWU9IsSQxINuZyBOaOG6rXAiIENvcnJlbGF0aW9uQmluZGluZz0ie3tGb3JtUG9zdFBhcmFtMzIuY3RsMDAkQ29udGVudFBsYWNlSG9sZGVyMSRjdGwwMCRidG5EYW5nTmhhcH19IiBVcmxFbmNvZGU9IlRydWUiIC8+DQogICAgICA8L0Zvcm1Qb3N0SHR0cEJvZHk+DQogICAgPC9SZXF1ZXN0Pg0KICAgIDxSZXF1ZXN0IE1ldGhvZD0iUE9TVCIgR3VpZD0iNzc0YjBmNjEtODRkMS00MGQ2LTg3NzAtNDNkODhlMmQxYzhlIiBWZXJzaW9uPSIxLjEiIFVybD0iaHR0cDovL3Rob25ndGluZGFvdGFvLnNndS5lZHUudm4vZGVmYXVsdC5hc3B4IiBUaGlua1RpbWU9IjEiIFRpbWVvdXQ9IjMwMCIgUGFyc2VEZXBlbmRlbnRSZXF1ZXN0cz0iVHJ1ZSIgRm9sbG93UmVkaXJlY3RzPSJUcnVlIiBSZWNvcmRSZXN1bHQ9IlRydWUiIENhY2hlPSJGYWxzZSIgUmVzcG9uc2VUaW1lR29hbD0iMCIgRW5jb2Rpbmc9InV0Zi04IiBFeHBlY3RlZEh0dHBTdGF0dXNDb2RlPSIwIiBFeHBlY3RlZFJlc3BvbnNlVXJsPSJodHRwOi8vdGhvbmd0aW5kYW90YW8uc2d1LmVkdS52bi9kZWZhdWx0LmFzcHg/cGFnZT1naW9pdGhpZXUiIFJlcG9ydGluZ05hbWU9IiIgSWdub3JlSHR0cFN0YXR1c0NvZGU9IkZhbHNlIj4NCiAgICAgIDxIZWFkZXJzPg0KICAgICAgICA8SGVhZGVyIE5hbWU9IlJlZmVyZXIiIFZhbHVlPSJodHRwOi8vdGhvbmd0aW5kYW90YW8uc2d1LmVkdS52bi9kZWZhdWx0LmFzcHg/cGFnZT1kYW5nbmhhcCIgLz4NCiAgICAgIDwvSGVhZGVycz4NCiAgICAgIDxFeHRyYWN0aW9uUnVsZXM+DQogICAgICAgIDxFeHRyYWN0aW9uUnVsZSBDbGFzc25hbWU9Ik1pY3Jvc29mdC5WaXN1YWxTdHVkaW8uVGVzdFRvb2xzLldlYlRlc3RpbmcuUnVsZXMuRXh0cmFjdEhpZGRlbkZpZWxkcywgTWljcm9zb2Z0LlZpc3VhbFN0dWRpby5RdWFsaXR5VG9vbHMuV2ViVGVzdEZyYW1ld29yaywgVmVyc2lvbj0xMC4wLjAuMCwgQ3VsdHVyZT1uZXV0cmFsLCBQdWJsaWNLZXlUb2tlbj1iMDNmNWY3ZjExZDUwYTNhIiBWYXJpYWJsZU5hbWU9IjEiIERpc3BsYXlOYW1lPSJFeHRyYWN0IEhpZGRlbiBGaWVsZHMiIERlc2NyaXB0aW9uPSJFeHRyYWN0IGFsbCBoaWRkZW4gZmllbGRzIGZyb20gdGhlIHJlc3BvbnNlIGFuZCBwbGFjZSB0aGVtIGludG8gdGhlIHRlc3QgY29udGV4dC4iPg0KICAgICAgICAgIDxSdWxlUGFyYW1ldGVycz4NCiAgICAgICAgICAgIDxSdWxlUGFyYW1ldGVyIE5hbWU9IlJlcXVpcmVkIiBWYWx1ZT0iVHJ1ZSIgLz4NCiAgICAgICAgICAgIDxSdWxlUGFyYW1ldGVyIE5hbWU9Ikh0bWxEZWNvZGUiIFZhbHVlPSJUcnVlIiAvPg0KICAgICAgICAgIDwvUnVsZVBhcmFtZXRlcnM+DQogICAgICAgIDwvRXh0cmFjdGlvblJ1bGU+DQogICAgICAgIDxFeHRyYWN0aW9uUnVsZSBDbGFzc25hbWU9Ik1pY3Jvc29mdC5WaXN1YWxTdHVkaW8uVGVzdFRvb2xzLldlYlRlc3RpbmcuUnVsZXMuRXh0cmFjdFRleHQsIE1pY3Jvc29mdC5WaXN1YWxTdHVkaW8uUXVhbGl0eVRvb2xzLldlYlRlc3RGcmFtZXdvcmssIFZlcnNpb249MTAuMC4wLjAsIEN1bHR1cmU9bmV1dHJhbCwgUHVibGljS2V5VG9rZW49YjAzZjVmN2YxMWQ1MGEzYSIgVmFyaWFibGVOYW1lPSJGb3JtUG9zdFBhcmFtMzUuX19WSUVXU1RBVEUiIERpc3BsYXlOYW1lPSJFeHRyYWN0IFRleHQiIERlc2NyaXB0aW9uPSJFeHRyYWN0IHRleHQgZnJvbSB0aGUgcmVzcG9uc2UgYW5kIHBsYWNlIGl0IGludG8gdGhlIHRlc3QgY29udGV4dC4iPg0KICAgICAgICAgIDxSdWxlUGFyYW1ldGVycz4NCiAgICAgICAgICAgIDxSdWxlUGFyYW1ldGVyIE5hbWU9IlN0YXJ0c1dpdGgiIFZhbHVlPSJsdWU9JnF1b3Q7IiAvPg0KICAgICAgICAgICAgPFJ1bGVQYXJhbWV0ZXIgTmFtZT0iRW5kc1dpdGgiIFZhbHVlPSImcXVvdDsgLyZndDsmI3hEOyIgLz4NCiAgICAgICAgICAgIDxSdWxlUGFyYW1ldGVyIE5hbWU9IkluZGV4IiBWYWx1ZT0iMiIgLz4NCiAgICAgICAgICAgIDxSdWxlUGFyYW1ldGVyIE5hbWU9Iklnbm9yZUNhc2UiIFZhbHVlPSJGYWxzZSIgLz4NCiAgICAgICAgICAgIDxSdWxlUGFyYW1ldGVyIE5hbWU9IlVzZVJlZ3VsYXJFeHByZXNzaW9uIiBWYWx1ZT0iRmFsc2UiIC8+DQogICAgICAgICAgICA8UnVsZVBhcmFtZXRlciBOYW1lPSJIdG1sRGVjb2RlIiBWYWx1ZT0iVHJ1ZSIgLz4NCiAgICAgICAgICAgIDxSdWxlUGFyYW1ldGVyIE5hbWU9IlJlcXVpcmVkIiBWYWx1ZT0iRmFsc2UiIC8+DQogICAgICAgICAgPC9SdWxlUGFyYW1ldGVycz4NCiAgICAgICAgPC9FeHRyYWN0aW9uUnVsZT4NCiAgICAgIDwvRXh0cmFjdGlvblJ1bGVzPg0KICAgICAgPENvcnJlbGF0aW9uRXh0cmFjdGlvblJ1bGVzPg0KICAgICAgICA8RXh0cmFjdGlvblJ1bGUgQ2xhc3NuYW1lPSJNaWNyb3NvZnQuVmlzdWFsU3R1ZGlvLlRlc3RUb29scy5XZWJUZXN0aW5nLlJ1bGVzLkV4dHJhY3RUZXh0LCBNaWNyb3NvZnQuVmlzdWFsU3R1ZGlvLlF1YWxpdHlUb29scy5XZWJUZXN0RnJhbWV3b3JrLCBWZXJzaW9uPTEwLjAuMC4wLCBDdWx0dXJlPW5ldXRyYWwsIFB1YmxpY0tleVRva2VuPWIwM2Y1ZjdmMTFkNTBhM2EiIFZhcmlhYmxlTmFtZT0iUXVlcnlTdHJpbmdQYXJhbTQ3LnBhZ2UiIERpc3BsYXlOYW1lPSIiIERlc2NyaXB0aW9uPSIiPg0KICAgICAgICAgIDxSdWxlUGFyYW1ldGVycz4NCiAgICAgICAgICAgIDxSdWxlUGFyYW1ldGVyIE5hbWU9IlN0YXJ0c1dpdGgiIFZhbHVlPSI/cGFnZT0iIC8+DQogICAgICAgICAgICA8UnVsZVBhcmFtZXRlciBOYW1lPSJFbmRzV2l0aCIgVmFsdWU9IiZxdW90OyIgLz4NCiAgICAgICAgICAgIDxSdWxlUGFyYW1ldGVyIE5hbWU9IkluZGV4IiBWYWx1ZT0iMCIgLz4NCiAgICAgICAgICAgIDxSdWxlUGFyYW1ldGVyIE5hbWU9Iklnbm9yZUNhc2UiIFZhbHVlPSJGYWxzZSIgLz4NCiAgICAgICAgICAgIDxSdWxlUGFyYW1ldGVyIE5hbWU9IlVzZVJlZ3VsYXJFeHByZXNzaW9uIiBWYWx1ZT0iRmFsc2UiIC8+DQogICAgICAgICAgICA8UnVsZVBhcmFtZXRlciBOYW1lPSJIdG1sRGVjb2RlIiBWYWx1ZT0iVHJ1ZSIgLz4NCiAgICAgICAgICAgIDxSdWxlUGFyYW1ldGVyIE5hbWU9IlJlcXVpcmVkIiBWYWx1ZT0iRmFsc2UiIC8+DQogICAgICAgICAgPC9SdWxlUGFyYW1ldGVycz4NCiAgICAgICAgPC9FeHRyYWN0aW9uUnVsZT4NCiAgICAgICAgPEV4dHJhY3Rpb25SdWxlIENsYXNzbmFtZT0iTWljcm9zb2Z0LlZpc3VhbFN0dWRpby5UZXN0VG9vbHMuV2ViVGVzdGluZy5SdWxlcy5FeHRyYWN0VGV4dCwgTWljcm9zb2Z0LlZpc3VhbFN0dWRpby5RdWFsaXR5VG9vbHMuV2ViVGVzdEZyYW1ld29yaywgVmVyc2lvbj0xMC4wLjAuMCwgQ3VsdHVyZT1uZXV0cmFsLCBQdWJsaWNLZXlUb2tlbj1iMDNmNWY3ZjExZDUwYTNhIiBWYXJpYWJsZU5hbWU9IkZvcm1Qb3N0UGFyYW0zNi5fX1ZJRVdTVEFURUdFTkVSQVRPUiIgRGlzcGxheU5hbWU9IiIgRGVzY3JpcHRpb249IiI+DQogICAgICAgICAgPFJ1bGVQYXJhbWV0ZXJzPg0KICAgICAgICAgICAgPFJ1bGVQYXJhbWV0ZXIgTmFtZT0iU3RhcnRzV2l0aCIgVmFsdWU9Imx1ZT0mcXVvdDsiIC8+DQogICAgICAgICAgICA8UnVsZVBhcmFtZXRlciBOYW1lPSJFbmRzV2l0aCIgVmFsdWU9IiZxdW90OyAvJmd0OyYjeEQ7IiAvPg0KICAgICAgICAgICAgPFJ1bGVQYXJhbWV0ZXIgTmFtZT0iSW5kZXgiIFZhbHVlPSIzIiAvPg0KICAgICAgICAgICAgPFJ1bGVQYXJhbWV0ZXIgTmFtZT0iSWdub3JlQ2FzZSIgVmFsdWU9IkZhbHNlIiAvPg0KICAgICAgICAgICAgPFJ1bGVQYXJhbWV0ZXIgTmFtZT0iVXNlUmVndWxhckV4cHJlc3Npb24iIFZhbHVlPSJGYWxzZSIgLz4NCiAgICAgICAgICAgIDxSdWxlUGFyYW1ldGVyIE5hbWU9Ikh0bWxEZWNvZGUiIFZhbHVlPSJUcnVlIiAvPg0KICAgICAgICAgICAgPFJ1bGVQYXJhbWV0ZXIgTmFtZT0iUmVxdWlyZWQiIFZhbHVlPSJGYWxzZSIgLz4NCiAgICAgICAgICA8L1J1bGVQYXJhbWV0ZXJzPg0KICAgICAgICA8L0V4dHJhY3Rpb25SdWxlPg0KICAgICAgICA8RXh0cmFjdGlvblJ1bGUgQ2xhc3NuYW1lPSJNaWNyb3NvZnQuVmlzdWFsU3R1ZGlvLlRlc3RUb29scy5XZWJUZXN0aW5nLlJ1bGVzLkV4dHJhY3RUZXh0LCBNaWNyb3NvZnQuVmlzdWFsU3R1ZGlvLlF1YWxpdHlUb29scy5XZWJUZXN0RnJhbWV3b3JrLCBWZXJzaW9uPTEwLjAuMC4wLCBDdWx0dXJlPW5ldXRyYWwsIFB1YmxpY0tleVRva2VuPWIwM2Y1ZjdmMTFkNTBhM2EiIFZhcmlhYmxlTmFtZT0iUXVlcnlTdHJpbmdQYXJhbTQ4LnBhZ2UiIERpc3BsYXlOYW1lPSIiIERlc2NyaXB0aW9uPSIiPg0KICAgICAgICAgIDxSdWxlUGFyYW1ldGVycz4NCiAgICAgICAgICAgIDxSdWxlUGFyYW1ldGVyIE5hbWU9IlN0YXJ0c1dpdGgiIFZhbHVlPSI/cGFnZT0iIC8+DQogICAgICAgICAgICA8UnVsZVBhcmFtZXRlciBOYW1lPSJFbmRzV2l0aCIgVmFsdWU9IiZxdW90OyIgLz4NCiAgICAgICAgICAgIDxSdWxlUGFyYW1ldGVyIE5hbWU9IkluZGV4IiBWYWx1ZT0iMCIgLz4NCiAgICAgICAgICAgIDxSdWxlUGFyYW1ldGVyIE5hbWU9Iklnbm9yZUNhc2UiIFZhbHVlPSJGYWxzZSIgLz4NCiAgICAgICAgICAgIDxSdWxlUGFyYW1ldGVyIE5hbWU9IlVzZVJlZ3VsYXJFeHByZXNzaW9uIiBWYWx1ZT0iRmFsc2UiIC8+DQogICAgICAgICAgICA8UnVsZVBhcmFtZXRlciBOYW1lPSJIdG1sRGVjb2RlIiBWYWx1ZT0iVHJ1ZSIgLz4NCiAgICAgICAgICAgIDxSdWxlUGFyYW1ldGVyIE5hbWU9IlJlcXVpcmVkIiBWYWx1ZT0iRmFsc2UiIC8+DQogICAgICAgICAgPC9SdWxlUGFyYW1ldGVycz4NCiAgICAgICAgPC9FeHRyYWN0aW9uUnVsZT4NCiAgICAgIDwvQ29ycmVsYXRpb25FeHRyYWN0aW9uUnVsZXM+DQogICAgICA8UXVlcnlTdHJpbmdQYXJhbWV0ZXJzPg0KICAgICAgICA8UXVlcnlTdHJpbmdQYXJhbWV0ZXIgTmFtZT0icGFnZSIgVmFsdWU9ImRhbmduaGFwIiBSZWNvcmRlZFZhbHVlPSJkYW5nbmhhcCIgQ29ycmVsYXRpb25CaW5kaW5nPSJ7e1F1ZXJ5U3RyaW5nUGFyYW00Ni5wYWdlfX0iIFVybEVuY29kZT0iRmFsc2UiIFVzZVRvR3JvdXBSZXN1bHRzPSJGYWxzZSIgLz4NCiAgICAgIDwvUXVlcnlTdHJpbmdQYXJhbWV0ZXJzPg0KICAgICAgPEZvcm1Qb3N0SHR0cEJvZHk+DQogICAgICAgIDxGb3JtUG9zdFBhcmFtZXRlciBOYW1lPSJfX0VWRU5UVEFSR0VUIiBWYWx1ZT0ie3skSElEREVOMS5fX0VWRU5UVEFSR0VUfX0iIFJlY29yZGVkVmFsdWU9IiIgQ29ycmVsYXRpb25CaW5kaW5nPSIiIFVybEVuY29kZT0iVHJ1ZSIgLz4NCiAgICAgICAgPEZvcm1Qb3N0UGFyYW1ldGVyIE5hbWU9Il9fRVZFTlRBUkdVTUVOVCIgVmFsdWU9Int7JEhJRERFTjEuX19FVkVOVEFSR1VNRU5UfX0iIFJlY29yZGVkVmFsdWU9IiIgQ29ycmVsYXRpb25CaW5kaW5nPSIiIFVybEVuY29kZT0iVHJ1ZSIgLz4NCiAgICAgICAgPEZvcm1Qb3N0UGFyYW1ldGVyIE5hbWU9Il9fVklFV1NUQVRFIiBWYWx1ZT0ie3skSElEREVOMS5fX1ZJRVdTVEFURX19IiBSZWNvcmRlZFZhbHVlPSIvd0VQRHdVS0xUTXhOamMzTlRNM05ROWtGZ0ptRDJRV0JHWVBaQllFQWdFUEZnSWVCMk52Ym5SbGJuUmtaQUlDRHhZQ0hnUm9jbVZtQlNrdUwwMWxjM05oWjJWR2FXeGxMMlpoZG1samIyNHRaR0ZwTFdodll5MXpZV2t0WjI5dUxtcHdaMlFDQVE5a0ZnZ0NBdzlrRmdKbUQyUVdBZ0lCRDJRV0RHWVBEeFlDSGdSVVpYaDBCUXhEYU1PZ2J5Qmk0YnFoYmlCa1pBSUJEdzhXQkI0SlJtOXlaVU52Ykc5eUNRQXovLzhlQkY4aFUwSUNCR1JrQWdJUER4WUVId01KQURQLy94OEVBZ1JrWkFJRER3OFdCaDhDQlJoVWFHRjVJTVNSNGJ1VmFTQnQ0YnF0ZENCcmFPRzZxWFVmQXdrQU0vLy9Id1FDQkdSa0FnUVBEeFlFSHdNSkFEUC8veDhFQWdSa1pBSUZEdzhXQmg4Q0JRM0VrTVNEYm1jZ1Rtamh1cTF3SHdNSkFEUC8veDhFQWdSa1pBSUZEMlFXd2dFQ0FROFBGZ1FlQ0VOemMwTnNZWE56QlFodmRYUXRiV1Z1ZFI4RUFnSmtGZ0ptRHc4V0FoOENCUXRVVWtGT1J5QkRTT0c3cG1Sa0FnTVBEeFlFSHdVRkNHOTFkQzF0Wlc1MUh3UUNBbVFXQWdJQkR3OFdBaDhDQlJkRVFVNUlJRTNodTZSRElFTkk0YnVvUXlCT3hJSk9SMlJrQWdVUER4WUVId1VGQ0c5MWRDMXRaVzUxSHdRQ0FtUVdBZ0lCRHc4V0FoOENCUnRFVFNCRFNPRzdxRU1nVHNTQ1RrY2d4SkREZ1U1SUlFZEp3NEZrWkFJSER3OFdCQjhGQlFodmRYUXRiV1Z1ZFI4RUFnSmtGZ0lDQVE4UEZnSWZBZ1VqVVZYaHVxSk9JRXpEblNERWtNT0JUa2dnUjBuRGdTQlN3NGhPSUV4VldlRzdoazVrWkFJSkR3OFdCaDhGQlFodmRYUXRiV1Z1ZFI4RUFnSWVCMVpwYzJsaWJHVm9aQllDQWdFUER4WUNId0lGRmNTUXhJSk9SeUJMdzUwZ1RjT1VUaUJJNGJ1TVEyUmtBZ3NQRHhZRUh3VUZDRzkxZEMxdFpXNTFId1FDQW1Sa0FnMFBEeFlFSHdVRkNHOTFkQzF0Wlc1MUh3UUNBbVFXQWdJQkR3OFdBaDhDQlFkWVJVMGdWRXRDWkdRQ0R3OFBGZ1FmQlFVSWIzVjBMVzFsYm5VZkJBSUNaQllDQWdFUER4WUNId0lGRUZoRlRTREVrRW5odTRKTklFUkJUa2hrWkFJUkR3OFdCQjhGQlFodmRYUXRiV1Z1ZFI4RUFnSmtGZ0ptRHc4V0FoOENCUTVZUlUwZ1RPRzdpa05JSUZSSVNXUmtBaE1QRHhZR0h3VUZDRzkxZEMxdFpXNTFId1FDQWg4R2FHUVdBZ0lCRHc4V0FoOENCUlJZUlUwZ1RPRzdpa05JSUZSSVNTQk00YnFnU1dSa0FoVVBEeFlHSHdVRkNHOTFkQzF0Wlc1MUh3UUNBaDhHYUdRV0FnSUJEdzhXQWg4Q0JSRllSVTBnVE9HN2lrTklJRlJJU1NCSFMyUmtBaGNQRHhZR0h3VUZDRzkxZEMxdFpXNTFId1FDQWg4R2FHUVdBZ0lCRHc4V0FoOENCU0ZIU0VrZ1ZNT1RUU0JVNGJxdVZDQk53NVJPSUVkSjRicWlUa2NnUk9HNm9GbGtaQUlaRHc4V0JCOEZCUWh2ZFhRdGJXVnVkUjhFQWdKa1pBSWJEdzhXQkI4RkJRaHZkWFF0YldWdWRSOEVBZ0prRmdJQ0FROFBGZ0lmQWdVT1dFVk5JRWpodTR4RElGQkl3NDFrWkFJZER3OFdCQjhGQlFodmRYUXRiV1Z1ZFI4RUFnSmtaQUlmRHc4V0JCOEZCUWh2ZFhRdGJXVnVkUjhFQWdKa0ZnSUNBUThQRmdJZkFnVUxXRVZOSU1TUVNlRzdnazFrWkFJaER3OFdCaDhGQlFodmRYUXRiV1Z1ZFI4RUFnSWZCbWhrRmdJQ0FROFBGZ0lmQWdVVHhKQko0YnVDVFNCTDRidXlJRmJodTR4T1IyUmtBaU1QRHhZRUh3VUZDRzkxZEMxdFpXNTFId1FDQW1RV0FnSUJEdzhXQWg4Q0JSaEw0YnErVkNCUlZlRzZvaURFa0VuaHU0Sk5JRVJCVGtoa1pBSWxEdzhXQkI4RkJRaHZkWFF0YldWdWRSOEVBZ0prRmdJQ0FROFBGZ0lmQWdVV1MxRWd4SkJKNGJ1Q1RTQkVRVTVJSUU5T1RFbE9SV1JrQWljUER4WUVId1VGQ0c5MWRDMXRaVzUxSHdRQ0FtUVdBZ0lCRHc4V0FoOENCUnRZUlUwZ3hKQko0YnVDVFNCRVFVNUlJRk5KVGtnZ1ZrbkRpazVrWkFJcER3OFdCQjhGQlFodmRYUXRiV1Z1ZFI4RUFnSmtGZ0lDQVE4UEZnSWZBZ1VmUjBuaHVxSk9SeUJXU2NPS1RpQlU0YnV3SU1TUVNlRzdnazBnUkVGT1NHUmtBaXNQRHhZRUh3VUZDRzkxZEMxdFpXNTFId1FDQW1RV0FnSUJEdzhXQWg4Q0JRbFlSVTBnUTFURWtGUmtaQUl0RHc4V0JCOEZCUWh2ZFhRdGJXVnVkUjhFQWdKa0ZnSUNBUThQRmdJZkFnVUxXRVZOSUUzRGxFNGdWRkZrWkFJdkR3OFdCQjhGQlFodmRYUXRiV1Z1ZFI4RUFnSmtGZ0lDQVE4UEZnSWZBZ1VreEpERGdVNUlJRWRKdzRFZ1MrRzZ2bFFnVVZYaHVxSWdVc09JVGlCTVZWbmh1NFpPWkdRQ01ROFBGZ1FmQlFVSWIzVjBMVzFsYm5VZkJBSUNaQllDQWdFUER4WUNId0lGSnNTUXc0Rk9TQ0JIU2NPQklFdFJJRkxEaUU0Z1RGVlo0YnVHVGlCVFNVNUlJRlpKdzRwT1pHUUNNdzhQRmdZZkJRVUliM1YwTFcxbGJuVWZCQUlDSHdab1pCWUNBZ0VQRHhZQ0h3SUZFbFBodTZ4QklGUlVJRVBEZ1NCT1NNT0NUbVJrQWpVUER4WUdId1VGQ0c5MWRDMXRaVzUxSHdRQ0FoOEdaMlFXQWdJQkR3OFdBaDhDQlE1SHc1TlFJTU9kSUV0SjRicStUbVJrQWpjUER4WUdId1VGQ0c5MWRDMXRaVzUxSHdRQ0FoOEdhR1FXQW1ZUER4WUNId0lGRUZQaHU2eEJJRXpEblNCTTRidUtRMGhrWkFJNUR3OFdCQjhGQlFodmRYUXRiV1Z1ZFI4RUFnSmtGZ0lDQVE4UEZnSWZBZ1VWVVZYaHVxSk9JRXpEblNCVFNVNUlJRlpKdzRwT1pHUUNPdzhQRmdRZkJRVUliM1YwTFcxbGJuVWZCQUlDWkJZQ0FnRVBEeFlDSHdJRklrdmh1cjVVSUZGVjRicWlJRk5KVGtnZ1ZrbkRpazRneEpERGdVNUlJRWRKdzRGa1pBSTlEdzhXQkI4RkJRaHZkWFF0YldWdWRSOEVBZ0prWkFJL0R3OFdCQjhGQlFodmRYUXRiV1Z1ZFI4RUFnSmtGZ0lDQVE5a0ZnSm1EdzhXQWg4Q0JSbkVrTU9CVGtnZ1IwbkRnU0JIU2VHNm9rNUhJRVRodXFCWlpHUUNRUThQRmdRZkJRVUliM1YwTFcxbGJuVWZCQUlDWkJZQ0FnRVBEeFlDSHdJRkZNU1F4SUpPUnlCTHc1MGdWRWhKSUV6aHVxQkpaR1FDUXc4UEZnUWZCUVVJYjNWMExXMWxiblVmQkFJQ1pHUUNSUThQRmdRZkJRVUliM1YwTFcxbGJuVWZCQUlDWkJZQ0FnRVBEeFlDSHdJRkVzU1FTeUJEU0ZWWnc0cE9JRTVIdzRCT1NHUmtBa2NQRHhZRUh3VUZDRzkxZEMxdFpXNTFId1FDQW1Sa0Fra1BEeFlFSHdVRkNHOTFkQzF0Wlc1MUh3UUNBbVFXQWdJQkR3OFdBaDhDQlJaTFVTQll3NGxVSUZUaHU1QlVJRTVIU0VuaHU0WlFaR1FDU3c4UEZnUWZCUVVJYjNWMExXMWxiblVmQkFJQ1pCWUNBZ0VQRHhZQ0h3SUZIVXRSSUZqRGlWUWdWRW5odTRCT0lGVGh1NUJVSUU1SFNFbmh1NFpRWkdRQ1RROFBGZ1FmQlFVSWIzVjBMVzFsYm5VZkJBSUNaQllDQWdFUER4WUNId0lGR2tQRGdsVWdTT0c3amtrZ1ZFakdyK0c3bkU1SElFZmh1clpRWkdRQ1R3OFBGZ1FmQlFVSWIzVjBMVzFsYm5VZkJBSUNaQllDQWdFUER4WUNId0lGRThTUVN5QkxTTU9UUVNCTVZlRzZyRTRnVkU1a1pBSlJEdzhXQkI4RkJRaHZkWFF0YldWdWRSOEVBZ0prRmdJQ0FROFBGZ0lmQWdVT1Rramh1cXhRSU1TUVNlRzdnazFrWkFKVER3OFdCQjhGQlFodmRYUXRiV1Z1ZFI4RUFnSmtaQUpWRHc4V0JCOEZCUWh2ZFhRdGJXVnVkUjhFQWdKa1pBSlhEdzhXQkI4RkJRaHZkWFF0YldWdWRSOEVBZ0prWkFKWkR3OFdCQjhGQlFodmRYUXRiV1Z1ZFI4RUFnSmtGZ0lDQVE4UEZnSWZBZ1VlV0VWTklNU1FTZUc3Z2swZ1RjT1VUaUJIU2VHNm9rNUhJRVRodXFCWlpHUUNXdzhQRmdRZkJRVUliM1YwTFcxbGJuVWZCQUlDWkJZQ0FnRVBEeFlDSHdJRkhsaEZUU0RFa0VuaHU0Sk5JRlRodTVST1J5Qkk0YnVpVUNCTTRidWFVR1JrQWwwUER4WUVId1VGQ0c5MWRDMXRaVzUxSHdRQ0FtUVdBZ0lCRHc4V0FoOENCUlZKVGlCTFNPRzdrRWtnVE1hdjRidWlUa2NnUjBSa1pBSmZEdzhXQkI4RkJRaHZkWFF0YldWdWRSOEVBZ0prRmdJQ0FROFBGZ0lmQWdVT1ZWQk1UMEZFSU1TUVNlRzdnazFrWkFKaER3OFdCQjhGQlFodmRYUXRiV1Z1ZFI4RUFnSmtGZ0lDQVE4UEZnSWZBZ1VOVkV0Q0lFTGh1NWdnVGNPVVRtUmtBbU1QRHhZRUh3VUZDRzkxZEMxdFpXNTFId1FDQW1RV0FnSUJEdzhXQWg4Q0JSUk00YnVLUTBnZ1ZFaEpJRUxodTVnZ1RjT1VUbVJrQW1VUER4WUVId1VGQ0c5MWRDMXRaVzUxSHdRQ0FtUVdBZ0lCRHc4V0FoOENCU1pVU09HN2tFNUhJRXZEaWlCSFNlRzZvazVISUZaSnc0cE9JRVJWV2VHN2hsUWdTMUZFUzJSa0FtY1BEeFlFSHdVRkNHOTFkQzF0Wlc1MUh3UUNBbVFXQWdJQkR3OFdBaDhDQlNKWVJVMGdWT0c3bEU1SElFamh1NkpRSUV0UklFamh1NHhESUZUaHVxeFFJRk5XWkdRQ2FROFBGZ1FmQlFVSWIzVjBMVzFsYm5VZkJBSUNaR1FDYXc4UEZnUWZCUVVJYjNWMExXMWxiblVmQkFJQ1pCWUNaZzhQRmdJZkFnVVlTK0c2dmlCSVQrRzZvRU5JSUVqaHU0eERJRlRodXF4UVpHUUNiUThQRmdRZkJRVUliM1YwTFcxbGJuVWZCQUlDWkdRQ2J3OFBGZ1FmQlFVSWIzVjBMVzFsYm5VZkJBSUNaQllDQWdFUER4WUNId0lGRkVqR3IrRzdtazVISUVUaHVxcE9JTVNRUzAxSVpHUUNjUThQRmdRZkJRVUliM1YwTFcxbGJuVWZCQUlDWkJZQ0FnRVBEeFlDSHdJRklFNUk0YnFzVUNERWtPRzdpa0VnUTBqaHU0Z2dUa2podXF4T0lGUERnVU5JWkdRQ2N3OFBGZ1FmQlFVSWIzVjBMVzFsYm5VZkJBSUNaQllDQWdFUER4WUNId0lGSk1TUXhJSk9SeUJMdzUwZ1Rramh1cXhPSUZQRGdVTklJRTVIVDhPQVNTQkhTZUc3bkdSa0FuVVBEeFlFSHdVRkNHOTFkQzF0Wlc1MUh3UUNBbVFXQWdJQkR3OFdBaDhDQlJ2RWtNT0JUa2dnUjBuRGdTQkRTT0c2cEZRZ1RNYXY0YnVpVGtka1pBSjNEdzhXQkI4RkJRaHZkWFF0YldWdWRSOEVBZ0prRmdJQ0FROFBGZ0lmQWdVZnhKQXVTOE9kSUVUaHU3QWdUT0c3aENCVTRidVFWQ0JPUjBoSjRidUdVR1JrQW5rUER4WUVId1VGQ0c5MWRDMXRaVzUxSHdRQ0FtUVdBZ0lCRHc4V0FoOENCUk5PNGJ1WVVDQkRTT0c3cUU1SElFTkk0YnVJWkdRQ2V3OFBGZ1FmQlFVSWIzVjBMVzFsYm5VZkJBSUNaQllDQWdFUER4WUNId0lGSVZoRlRTREVrT0c3Z0NCRHhxL0dvRTVISUZSU1QwNUhJRUxodTVnZ1RjT1VUbVJrQW4wUER4WUVId1VGQ0c5MWRDMXRaVzUxSHdRQ0FtUVdBZ0lCRHc4V0FoOENCUmxFUVU1SUlGUERnVU5JSU1TUUxrdkRuU0JZdzRsVUlGUk9aR1FDZnc4UEZnUWZCUVVJYjNWMExXMWxiblVmQkFJQ1pCWUNBZ0VQRHhZQ0h3SUZIa1JCVGtnZ1U4T0JRMGdneEpBdVM4T2RJRVRodTdBZ1RPRzdoQ0JVVG1Sa0FvRUJEdzhXQkI4RkJRaHZkWFF0YldWdWRSOEVBZ0prRmdJQ0FROFBGZ0lmQWdVV1ZFakRsRTVISUZSSlRpQk1WZUc2ckU0Z1ZzU0NUbVJrQW9NQkR3OFdCQjhGQlFodmRYUXRiV1Z1ZFI4RUFnSmtGZ0lDQVE4UEZnSWZBZ1VqVkZKQklFUGh1NmhWSUZSSXc1Uk9SeUJVU1U0Z1ZPRzdrRlFnVGtkSVNlRzdobEJrWkFLRkFROFBGZ1FmQlFVSWIzVjBMVzFsYm5VZkJBSUNaQllDQWdFUER4WUNId0lGRUVQaHU3QlZJRk5KVGtnZ1ZrbkRpazVrWkFLSEFROFBGZ1FmQlFVSWIzVjBMVzFsYm5VZkJBSUNaQllDQWdFUER4WUNId0lGRjhTUXhJSk9SeUJMdzUwZ1dNT0pWQ0JVVlZuaHU0Sk9aR1FDaVFFUER4WUVId1VGQ0c5MWRDMXRaVzUxSHdRQ0FtUVdBZ0lCRHc4V0FoOENCU0JVU01PVVRrY2dWRWxPSUVqaHU1SWdVOGFnSUZSVldlRzdnazRnVTBsT1NHUmtBb3NCRHc4V0JCOEZCUWh2ZFhRdGJXVnVkUjhFQWdKa1pBS05BUThQRmdRZkJRVUliM1YwTFcxbGJuVWZCQUlDWkJZQ0FnRVBEeFlDSHdJRkYwakRrMEVneEpER29FNGd4SkJKNGJ1R1RpQlU0YnVzWkdRQ2p3RVBEeFlFSHdVRkNHOTFkQzF0Wlc1MUh3UUNBbVFXQWdJQkR3OFdBaDhDQlJaT1Iwamh1NGdnUk9HNm9Ga2dST0c2b0ZrZ1FzT1paR1FDa1FFUER4WUVId1VGQ0c5MWRDMXRaVzUxSHdRQ0FtUVdBZ0lCRHc4V0FoOENCUmZFa01TQ1RrY2dTOE9kSUU1SFNPRzdpQ0JRU01PSlVHUmtBcE1CRHc4V0JCOEZCUWh2ZFhRdGJXVnVkUjhFQWdKa0ZnSUNBUThQRmdJZkFnVVN4SkRFZ2s1SElFdkRuU0JEVDBrZ1ZFaEpaR1FDbFFFUER4WUVId1VGQ0c5MWRDMXRaVzUxSHdRQ0FtUVdBZ0lCRHc4V0FoOENCUkpZUlUwZ1RPRzdpa05JSUVOUFNTQlVTRWxrWkFLWEFROFBGZ1FmQlFVSWIzVjBMVzFsYm5VZkJBSUNaQllDQWdFUER4WUNId0lGRzB0UklFNUhTRW5EaWs0Z1ErRzdxRlVnUzBoUFFTQkk0YnVNUTJSa0Fwa0JEdzhXQkI4RkJRaHZkWFF0YldWdWRSOEVBZ0prRmdJQ0FROFBGZ0lmQWdVY1dFVk5JTVNRNGJ1QUlGVERnRWtnVGtOTFNDQlVTRUZOSUVkSlFXUmtBcHNCRHc4V0JCOEZCUWh2ZFhRdGJXVnVkUjhFQWdKa0ZnSUNBUTlrRmdKbUR3OFdBaDhDQlNURWtNU0NUa2NnUzhPZElGaEpUaUJIU2VHNnBGa2dRMGpodTZoT1J5Qk9TT0c2ckU1a1pBS2RBUThQRmdRZkJRVUliM1YwTFcxbGJuVWZCQUlDWkJZQ0FnRVBaQllDWmc4UEZnSWZBZ1VaUStHNnJGQWdUa2podXF4VUlFNUhUK0c2b0VrZ1ZGTERtbVJrQXA4QkR3OFdCQjhGQlFodmRYUXRiV1Z1ZFI4RUFnSmtGZ0lDQVE4UEZnSWZBZ1ViUStHNnJGQWdUa2podXF4VUlGUkl4cS9odTV4T1J5QlVVc09hWkdRQ29RRVBEeFlFSHdVRkNHOTFkQzF0Wlc1MUh3UUNBbVFXQWdJQkR3OFdBaDhDQlJWRDRicW9UU0JPUVU1SElGTkpUa2dnVmtuRGlrNWtaQUtqQVE4UEZnUWZCUVVJYjNWMExXMWxiblVmQkFJQ1pCWUNBZ0VQRHhZQ0h3SUZIbGhGVFNCTVZlRzZyRTRnVnNTQ1RpQlU0YnVRVkNCT1IwaEo0YnVHVUdSa0FxVUJEdzhXQkI4RkJRaHZkWFF0YldWdWRSOEVBZ0prRmdJQ0FROFBGZ0lmQWdVZVdFVk5JRXhWNGJxc1RpQld4SUpPSUVqR3IrRzdtazVISUVUaHVxcE9aR1FDcHdFUER4WUVId1VGQ0c5MWRDMXRaVzUxSHdRQ0FtUVdBZ0lCRHc4V0FoOENCUjFZUlUwZ1RGWGh1cXhPSUZiRWdrNGdVRWpodXFKT0lFSko0YnVHVG1Sa0Fxa0JEdzhXQkI4RkJRaHZkWFF0YldWdWRSOEVBZ0prRmdJQ0FROFBGZ0lmQWdVa1FzT0JUeUJDU2VHN2dsVWdVRWpodTZSRElGYmh1NlFnVE1PRFRrZ2d4SkRodXFCUFpHUUNxd0VQRHhZRUh3VUZDRzkxZEMxdFpXNTFId1FDQW1RV0FnSUJEdzhXQWg4Q0JSeFVTT0c3a0U1SElFdkRpaURFa01PVFRrY2dTRkFnVDA1TVNVNUZaR1FDclFFUER4WUVId1VGQ0c5MWRDMXRaVzUxSHdRQ0FtUVdBZ0lCRHc4V0FoOENCUmZFa01TQ1RrY2dTOE9kSUV2RG5TQlV3NXBESUZqRGdXUmtBcThCRHc4V0JCOEZCUWh2ZFhRdGJXVnVkUjhFQWdKa0ZnSUNBUThQRmdJZkFnVVlWRWhCVGtnZ1ZFL0RnVTRnUzhPZElGVERta01nV01PQlpHUUNzUUVQRHhZRUh3VUZDRzkxZEMxdFpXNTFId1FDQW1RV0FnSUJEdzhXQWg4Q0JTSkQ0YnFzVUNCT1NPRzZyRlFnVE1PZElFemh1NHBEU0NCTFNFOUJJRWpodTR4RFpHUUNzd0VQRHhZRUh3VUZDRzkxZEMxdFpXNTFId1FDQW1RV0FnSUJEdzhXQWg4Q0JSZEQ0YnFzVUNCT1NPRzZyRlFnVkM1VVNVNGdRa2haVkdSa0FyVUJEdzhXQkI4RkJRaHZkWFF0YldWdWRSOEVBZ0prRmdJQ0FROFBGZ0lmQWdVV1dFVk5JTVNRU2VHN2drMGd4SkREZ3lCRTRicWdXV1JrQXJjQkR3OFdCQjhGQlFodmRYUXRiV1Z1ZFI4RUFnSmtGZ0lDQVE4UEZnSWZBZ1VaU1U0Z1M4T0tJRXRJUVVrZ1Iwbmh1NXdnUjBuaHVxSk9SMlJrQXJrQkR3OFdCQjhGQlFodmRYUXRiV1Z1ZFI4RUFnSmtaQUs3QVE4UEZnUWZCUVVJYjNWMExXMWxiblVmQkFJQ1pHUUN2UUVQRHhZRUh3VUZDRzkxZEMxdFpXNTFId1FDQW1Sa0FyOEJEdzhXQkI4RkJRaHZkWFF0YldWdWRSOEVBZ0prWkFMQkFROFBGZ1FmQlFVSWIzVjBMVzFsYm5VZkJBSUNaR1FDQnc5a0ZnSUNBUTlrRmdKbUQyUVdBZ0lERDJRV0VBSUJEdzhXQWg4Q0JSTlJkY09xYmlCdDRicXRkQ0JyYU9HNnFYVWhaR1FDQXc4UEZnSWZBZ1VTVk1PcWJpREVrTVNEYm1jZ1Rtamh1cTF3WkdRQ0JROFBaQllDSGdwdmJtdGxlWEJ5WlhOekJVQmlkWFIwYjI1ZlkyeHBZMnNvZEdocGN5d25ZM1JzTURCZlEyOXVkR1Z1ZEZCc1lXTmxTRzlzWkdWeU1WOWpkR3d3TUY5aWRHNUVZVzVuVG1oaGNDY3BaQUlIRHc4V0FoOENCUXhONGJxdGRDQkxhT0c2cVhWa1pBSUpEdzlrRmdJZkJ3VkFZblYwZEc5dVgyTnNhV05yS0hSb2FYTXNKMk4wYkRBd1gwTnZiblJsYm5SUWJHRmpaVWh2YkdSbGNqRmZZM1JzTURCZlluUnVSR0Z1WjA1b1lYQW5LV1FDQ3c4UEZnSWZBZ1VOeEpERWcyNW5JRTVvNGJxdGNHUmtBZzBQRHhZQ0h3Wm9aR1FDRHc4UEZnSWZCbWhrWkFJSkQyUVdDQUlCRHc4V0FoOENCWGxEYjNCNWNtbG5hSFFnd3FreU1EQTVJRlJ5eHJEaHU1MXVaeURFa0VnZ1U4T2dhU0JIdzdKdUxjU1E0YnFoYVNCbzRidU5ZeUJqYU1PdGJtZ2djWFY1TGlCUmRlRzZvMjRnYk1POUlHTGh1NTlwSU9HN3Bua2dZbUZ1SUc1b3c2SnVJR1REb200Z1ZGQXVJRWpodTVNZ1EyakRyU0JOYVc1b1pHUUNBdzhQRmdJZkFnVUxWSEpoYm1jZ1Eyamh1NmRrWkFJRkR3OFdBaDhDQlMxVWFHbmh1cjkwSUd2aHVyOGdZdUc3bjJrZ1kzUjVJRkJvNGJxbmJpQnQ0YnVCYlNCQmJtZ2dVWFhEb201a1pBSUhEdzhXQWg4Q0JRekVrT0c2cDNVZ1ZISmhibWRrWkdSSDA4U25vWExPM3lZdUVtRHUzc2tzdDhiT3JnPT0iIENvcnJlbGF0aW9uQmluZGluZz0iIiBVcmxFbmNvZGU9IlRydWUiIC8+DQogICAgICAgIDxGb3JtUG9zdFBhcmFtZXRlciBOYW1lPSJfX1ZJRVdTVEFURUdFTkVSQVRPUiIgVmFsdWU9Int7JEhJRERFTjEuX19WSUVXU1RBVEVHRU5FUkFUT1J9fSIgUmVjb3JkZWRWYWx1ZT0iQ0EwQjAzMzQiIENvcnJlbGF0aW9uQmluZGluZz0iIiBVcmxFbmNvZGU9IlRydWUiIC8+DQogICAgICAgIDxGb3JtUG9zdFBhcmFtZXRlciBOYW1lPSJjdGwwMCRDb250ZW50UGxhY2VIb2xkZXIxJGN0bDAwJHR4dFRhaUtob2EiIFZhbHVlPSIzMTE5NDExMDQyIiBSZWNvcmRlZFZhbHVlPSIzMTE5NDExMDQyIiBDb3JyZWxhdGlvbkJpbmRpbmc9IiIgVXJsRW5jb2RlPSJUcnVlIiAvPg0KICAgICAgICA8Rm9ybVBvc3RQYXJhbWV0ZXIgTmFtZT0iY3RsMDAkQ29udGVudFBsYWNlSG9sZGVyMSRjdGwwMCR0eHRNYXRLaGF1IiBWYWx1ZT0ibmdoaWEwMzM5OTQxMDU3IiBSZWNvcmRlZFZhbHVlPSJuZ2hpYTAzMzk5NDEwNTciIENvcnJlbGF0aW9uQmluZGluZz0iIiBVcmxFbmNvZGU9IlRydWUiIC8+DQogICAgICAgIDxGb3JtUG9zdFBhcmFtZXRlciBOYW1lPSJjdGwwMCRDb250ZW50UGxhY2VIb2xkZXIxJGN0bDAwJGJ0bkRhbmdOaGFwIiBWYWx1ZT0ixJDEg25nIE5o4bqtcCIgUmVjb3JkZWRWYWx1ZT0ixJDEg25nIE5o4bqtcCIgQ29ycmVsYXRpb25CaW5kaW5nPSJ7e0Zvcm1Qb3N0UGFyYW0zMy5jdGwwMCRDb250ZW50UGxhY2VIb2xkZXIxJGN0bDAwJGJ0bkRhbmdOaGFwfX0iIFVybEVuY29kZT0iVHJ1ZSIgLz4NCiAgICAgIDwvRm9ybVBvc3RIdHRwQm9keT4NCiAgICA8L1JlcXVlc3Q+DQogICAgPFJlcXVlc3QgTWV0aG9kPSJHRVQiIEd1aWQ9IjI2ZDIzOGY0LTQwZWItNDBkZi04ZmVjLTY2NzI5M2Q1NmZiNSIgVmVyc2lvbj0iMS4xIiBVcmw9Imh0dHA6Ly90aG9uZ3RpbmRhb3Rhby5zZ3UuZWR1LnZuL2RlZmF1bHQuYXNweCIgVGhpbmtUaW1lPSIwIiBUaW1lb3V0PSIzMDAiIFBhcnNlRGVwZW5kZW50UmVxdWVzdHM9IlRydWUiIEZvbGxvd1JlZGlyZWN0cz0iVHJ1ZSIgUmVjb3JkUmVzdWx0PSJUcnVlIiBDYWNoZT0iRmFsc2UiIFJlc3BvbnNlVGltZUdvYWw9IjAiIEVuY29kaW5nPSJ1dGYtOCIgRXhwZWN0ZWRIdHRwU3RhdHVzQ29kZT0iMCIgRXhwZWN0ZWRSZXNwb25zZVVybD0iaHR0cDovL3Rob25ndGluZGFvdGFvLnNndS5lZHUudm4vZGVmYXVsdC5hc3B4P3BhZ2U9dGhheWRvaXR0Y24iIFJlcG9ydGluZ05hbWU9IiIgSWdub3JlSHR0cFN0YXR1c0NvZGU9IkZhbHNlIj4NCiAgICAgIDxRdWVyeVN0cmluZ1BhcmFtZXRlcnM+DQogICAgICAgIDxRdWVyeVN0cmluZ1BhcmFtZXRlciBOYW1lPSJwYWdlIiBWYWx1ZT0iZ2lvaXRoaWV1IiBSZWNvcmRlZFZhbHVlPSJnaW9pdGhpZXUiIENvcnJlbGF0aW9uQmluZGluZz0ie3tRdWVyeVN0cmluZ1BhcmFtNDcucGFnZX19IiBVcmxFbmNvZGU9IkZhbHNlIiBVc2VUb0dyb3VwUmVzdWx0cz0iRmFsc2UiIC8+DQogICAgICA8L1F1ZXJ5U3RyaW5nUGFyYW1ldGVycz4NCiAgICAgIDxGb3JtUG9zdEh0dHBCb2R5Pg0KICAgICAgICA8Rm9ybVBvc3RQYXJhbWV0ZXIgTmFtZT0iX19FVkVOVFRBUkdFVCIgVmFsdWU9ImN0bDAwJEhlYWRlcjEkTG9nb3V0MSRsYnRuQ2hhbmdlUGFzcyIgUmVjb3JkZWRWYWx1ZT0iY3RsMDAkSGVhZGVyMSRMb2dvdXQxJGxidG5DaGFuZ2VQYXNzIiBDb3JyZWxhdGlvbkJpbmRpbmc9IiIgVXJsRW5jb2RlPSJUcnVlIiAvPg0KICAgICAgICA8Rm9ybVBvc3RQYXJhbWV0ZXIgTmFtZT0iX19FVkVOVEFSR1VNRU5UIiBWYWx1ZT0iIiBSZWNvcmRlZFZhbHVlPSIiIENvcnJlbGF0aW9uQmluZGluZz0iIiBVcmxFbmNvZGU9IlRydWUiIC8+DQogICAgICAgIDxGb3JtUG9zdFBhcmFtZXRlciBOYW1lPSJfX1ZJRVdTVEFURSIgVmFsdWU9Int7Rm9ybVBvc3RQYXJhbTM1Ll9fVklFV1NUQVRFfX0iIFJlY29yZGVkVmFsdWU9Ii93RVBEd1VLTFRNeE5qYzNOVE0zTlE5a0ZnSm1EMlFXQkdZUFpCWUVBZ0VQRmdJZUIyTnZiblJsYm5Sa1pBSUNEeFlDSGdSb2NtVm1CU2t1TDAxbGMzTmhaMlZHYVd4bEwyWmhkbWxqYjI0dFpHRnBMV2h2WXkxellXa3RaMjl1TG1wd1oyUUNBUTlrRmdnQ0F3OWtGZ0ptRDJRV0FnSUJEMlFXREdZUER4WUNIZ1JVWlhoMEJTNURhTU9nYnlCaTRicWhiaUJPWjNWNTRidUZiaUJJNGJ1dmRTQk9aMmpFcVdFZ0tETXhNVGswTVRFd05ESXBaR1FDQVE4UEZnZ2ZBZ1VQV0dWdElIUm93N1J1WnlCaXc2RnZIZ2xHYjNKbFEyOXNiM0lKQURQLy94NEVYeUZUUWdJRUhnZFdhWE5wWW14bFoyUmtBZ0lQRHhZR0h3TUpBRFAvL3g4RUFnUWZCV2RrWkFJRER3OFdDQjhDQlJoVWFHRjVJTVNSNGJ1VmFTQnQ0YnF0ZENCcmFPRzZxWFVmQXdrQU0vLy9Id1FDQkI4RloyUmtBZ1FQRHhZR0h3TUpBRFAvL3g4RUFnUWZCV2RrWkFJRkR3OFdCaDhDQlFaVWFHL0RvWFFmQXdrQU0vLy9Id1FDQkdSa0FnVVBaQmJDQVFJQkR3OFdCQjRJUTNOelEyeGhjM01GQ0c5MWRDMXRaVzUxSHdRQ0FtUVdBbVlQRHhZQ0h3SUZDMVJTUVU1SElFTkk0YnVtWkdRQ0F3OFBGZ1FmQmdVSWIzVjBMVzFsYm5VZkJBSUNaQllDQWdFUER4WUNId0lGRjBSQlRrZ2dUZUc3cEVNZ1Ewamh1NmhESUU3RWdrNUhaR1FDQlE4UEZnUWZCZ1VJYjNWMExXMWxiblVmQkFJQ1pCWUNBZ0VQRHhZQ0h3SUZHMFJOSUVOSTRidW9ReUJPeElKT1J5REVrTU9CVGtnZ1IwbkRnV1JrQWdjUER4WUVId1lGQ0c5MWRDMXRaVzUxSHdRQ0FtUVdBZ0lCRHc4V0FoOENCU05SVmVHNm9rNGdUTU9kSU1TUXc0Rk9TQ0JIU2NPQklGTERpRTRnVEZWWjRidUdUbVJrQWdrUER4WUVId1lGQ0c5MWRDMXRaVzUxSHdRQ0FtUVdBZ0lCRHc4V0FoOENCUlhFa01TQ1RrY2dTOE9kSUUzRGxFNGdTT0c3akVOa1pBSUxEdzhXQkI4R0JRaHZkWFF0YldWdWRSOEVBZ0prWkFJTkR3OFdCQjhHQlFodmRYUXRiV1Z1ZFI4RUFnSmtGZ0lDQVE4UEZnSWZBZ1VIV0VWTklGUkxRbVJrQWc4UER4WUVId1lGQ0c5MWRDMXRaVzUxSHdRQ0FtUVdBZ0lCRHc4V0FoOENCUkJZUlUwZ3hKQko0YnVDVFNCRVFVNUlaR1FDRVE4UEZnUWZCZ1VJYjNWMExXMWxiblVmQkFJQ1pCWUNaZzhQRmdJZkFnVU9XRVZOSUV6aHU0cERTQ0JVU0Vsa1pBSVREdzhXQmg4R0JRaHZkWFF0YldWdWRSOEVBZ0lmQldoa0ZnSUNBUThQRmdJZkFnVVVXRVZOSUV6aHU0cERTQ0JVU0VrZ1RPRzZvRWxrWkFJVkR3OFdCaDhHQlFodmRYUXRiV1Z1ZFI4RUFnSWZCV2hrRmdJQ0FROFBGZ0lmQWdVUldFVk5JRXpodTRwRFNDQlVTRWtnUjB0a1pBSVhEdzhXQmg4R0JRaHZkWFF0YldWdWRSOEVBZ0lmQldoa0ZnSUNBUThQRmdJZkFnVWhSMGhKSUZURGswMGdWT0c2cmxRZ1RjT1VUaUJIU2VHNm9rNUhJRVRodXFCWlpHUUNHUThQRmdRZkJnVUliM1YwTFcxbGJuVWZCQUlDWkdRQ0d3OFBGZ1FmQmdVSWIzVjBMVzFsYm5VZkJBSUNaQllDQWdFUER4WUNId0lGRGxoRlRTQkk0YnVNUXlCUVNNT05aR1FDSFE4UEZnUWZCZ1VJYjNWMExXMWxiblVmQkFJQ1pHUUNIdzhQRmdRZkJnVUliM1YwTFcxbGJuVWZCQUlDWkJZQ0FnRVBEeFlDSHdJRkMxaEZUU0RFa0VuaHU0Sk5aR1FDSVE4UEZnWWZCZ1VJYjNWMExXMWxiblVmQkFJQ0h3Vm9aQllDQWdFUER4WUNId0lGRThTUVNlRzdnazBnUytHN3NpQlc0YnVNVGtka1pBSWpEdzhXQkI4R0JRaHZkWFF0YldWdWRSOEVBZ0prRmdJQ0FROFBGZ0lmQWdVWVMrRzZ2bFFnVVZYaHVxSWd4SkJKNGJ1Q1RTQkVRVTVJWkdRQ0pROFBGZ1FmQmdVSWIzVjBMVzFsYm5VZkJBSUNaQllDQWdFUER4WUNId0lGRmt0UklNU1FTZUc3Z2swZ1JFRk9TQ0JQVGt4SlRrVmtaQUluRHc4V0JCOEdCUWh2ZFhRdGJXVnVkUjhFQWdKa0ZnSUNBUThQRmdJZkFnVWJXRVZOSU1TUVNlRzdnazBnUkVGT1NDQlRTVTVJSUZaSnc0cE9aR1FDS1E4UEZnUWZCZ1VJYjNWMExXMWxiblVmQkFJQ1pCWUNBZ0VQRHhZQ0h3SUZIMGRKNGJxaVRrY2dWa25EaWs0Z1ZPRzdzQ0RFa0VuaHU0Sk5JRVJCVGtoa1pBSXJEdzhXQmg4R0JRaHZkWFF0YldWdWRSOEVBZ0lmQldka0ZnSUNBUThQRmdJZkFnVUpXRVZOSUVOVXhKQlVaR1FDTFE4UEZnWWZCZ1VJYjNWMExXMWxiblVmQkFJQ0h3Vm5aQllDQWdFUER4WUNId0lGQzFoRlRTQk53NVJPSUZSUlpHUUNMdzhQRmdRZkJnVUliM1YwTFcxbGJuVWZCQUlDWkJZQ0FnRVBEeFlDSHdJRkpNU1F3NEZPU0NCSFNjT0JJRXZodXI1VUlGRlY0YnFpSUZMRGlFNGdURlZaNGJ1R1RtUmtBakVQRHhZRUh3WUZDRzkxZEMxdFpXNTFId1FDQW1RV0FnSUJEdzhXQWg4Q0JTYkVrTU9CVGtnZ1IwbkRnU0JMVVNCU3c0aE9JRXhWV2VHN2hrNGdVMGxPU0NCV1NjT0tUbVJrQWpNUER4WUVId1lGQ0c5MWRDMXRaVzUxSHdRQ0FtUVdBZ0lCRHc4V0FoOENCUkpUNGJ1c1FTQlVWQ0JEdzRFZ1RrakRnazVrWkFJMUR3OFdCQjhHQlFodmRYUXRiV1Z1ZFI4RUFnSmtGZ0lDQVE4UEZnSWZBZ1VPUjhPVFVDRERuU0JMU2VHNnZrNWtaQUkzRHc4V0JoOEdCUWh2ZFhRdGJXVnVkUjhFQWdJZkJXaGtGZ0ptRHc4V0FoOENCUkJUNGJ1c1FTQk13NTBnVE9HN2lrTklaR1FDT1E4UEZnUWZCZ1VJYjNWMExXMWxiblVmQkFJQ1pCWUNBZ0VQRHhZQ0h3SUZGVkZWNGJxaVRpQk13NTBnVTBsT1NDQldTY09LVG1Sa0Fqc1BEeFlFSHdZRkNHOTFkQzF0Wlc1MUh3UUNBbVFXQWdJQkR3OFdBaDhDQlNKTDRicStWQ0JSVmVHNm9pQlRTVTVJSUZaSnc0cE9JTVNRdzRGT1NDQkhTY09CWkdRQ1BROFBGZ1FmQmdVSWIzVjBMVzFsYm5VZkJBSUNaR1FDUHc4UEZnWWZCZ1VJYjNWMExXMWxiblVmQkFJQ0h3Vm5aQllDQWdFUFpCWUNaZzhQRmdJZkFnVVp4SkREZ1U1SUlFZEp3NEVnUjBuaHVxSk9SeUJFNGJxZ1dXUmtBa0VQRHhZRUh3WUZDRzkxZEMxdFpXNTFId1FDQW1RV0FnSUJEdzhXQWg4Q0JSVEVrTVNDVGtjZ1M4T2RJRlJJU1NCTTRicWdTV1JrQWtNUER4WUVId1lGQ0c5MWRDMXRaVzUxSHdRQ0FtUmtBa1VQRHhZRUh3WUZDRzkxZEMxdFpXNTFId1FDQW1RV0FnSUJEdzhXQWg4Q0JSTEVrRXNnUTBoVldjT0tUaUJPUjhPQVRraGtaQUpIRHc4V0JCOEdCUWh2ZFhRdGJXVnVkUjhFQWdKa1pBSkpEdzhXQkI4R0JRaHZkWFF0YldWdWRSOEVBZ0prRmdJQ0FROFBGZ0lmQWdVV1MxRWdXTU9KVkNCVTRidVFWQ0JPUjBoSjRidUdVR1JrQWtzUER4WUVId1lGQ0c5MWRDMXRaVzUxSHdRQ0FtUVdBZ0lCRHc4V0FoOENCUjFMVVNCWXc0bFVJRlJKNGJ1QVRpQlU0YnVRVkNCT1IwaEo0YnVHVUdSa0FrMFBEeFlFSHdZRkNHOTFkQzF0Wlc1MUh3UUNBbVFXQWdJQkR3OFdBaDhDQlJwRHc0SlZJRWpodTQ1SklGUkl4cS9odTV4T1J5Qkg0YnEyVUdSa0FrOFBEeFlFSHdZRkNHOTFkQzF0Wlc1MUh3UUNBbVFXQWdJQkR3OFdBaDhDQlJQRWtFc2dTMGpEazBFZ1RGWGh1cXhPSUZST1pHUUNVUThQRmdRZkJnVUliM1YwTFcxbGJuVWZCQUlDWkJZQ0FnRVBEeFlDSHdJRkRrNUk0YnFzVUNERWtFbmh1NEpOWkdRQ1V3OFBGZ1FmQmdVSWIzVjBMVzFsYm5VZkJBSUNaR1FDVlE4UEZnUWZCZ1VJYjNWMExXMWxiblVmQkFJQ1pHUUNWdzhQRmdRZkJnVUliM1YwTFcxbGJuVWZCQUlDWkdRQ1dROFBGZ1FmQmdVSWIzVjBMVzFsYm5VZkJBSUNaQllDQWdFUER4WUNId0lGSGxoRlRTREVrRW5odTRKTklFM0RsRTRnUjBuaHVxSk9SeUJFNGJxZ1dXUmtBbHNQRHhZRUh3WUZDRzkxZEMxdFpXNTFId1FDQW1RV0FnSUJEdzhXQWg4Q0JSNVlSVTBneEpCSjRidUNUU0JVNGJ1VVRrY2dTT0c3b2xBZ1RPRzdtbEJrWkFKZER3OFdCQjhHQlFodmRYUXRiV1Z1ZFI4RUFnSmtGZ0lDQVE4UEZnSWZBZ1VWU1U0Z1Mwamh1NUJKSUV6R3IrRzdvazVISUVkRVpHUUNYdzhQRmdRZkJnVUliM1YwTFcxbGJuVWZCQUlDWkJZQ0FnRVBEeFlDSHdJRkRsVlFURTlCUkNERWtFbmh1NEpOWkdRQ1lROFBGZ1FmQmdVSWIzVjBMVzFsYm5VZkJBSUNaQllDQWdFUER4WUNId0lGRFZSTFFpQkM0YnVZSUUzRGxFNWtaQUpqRHc4V0JCOEdCUWh2ZFhRdGJXVnVkUjhFQWdKa0ZnSUNBUThQRmdJZkFnVVVUT0c3aWtOSUlGUklTU0JDNGJ1WUlFM0RsRTVrWkFKbER3OFdCQjhHQlFodmRYUXRiV1Z1ZFI4RUFnSmtGZ0lDQVE4UEZnSWZBZ1VtVkVqaHU1Qk9SeUJMdzRvZ1Iwbmh1cUpPUnlCV1NjT0tUaUJFVlZuaHU0WlVJRXRSUkV0a1pBSm5EdzhXQkI4R0JRaHZkWFF0YldWdWRSOEVBZ0prRmdJQ0FROFBGZ0lmQWdVaVdFVk5JRlRodTVST1J5Qkk0YnVpVUNCTFVTQkk0YnVNUXlCVTRicXNVQ0JUVm1Sa0Fta1BEeFlFSHdZRkNHOTFkQzF0Wlc1MUh3UUNBbVJrQW1zUER4WUVId1lGQ0c5MWRDMXRaVzUxSHdRQ0FtUVdBbVlQRHhZQ0h3SUZHRXZodXI0Z1NFL2h1cUJEU0NCSTRidU1ReUJVNGJxc1VHUmtBbTBQRHhZRUh3WUZDRzkxZEMxdFpXNTFId1FDQW1Sa0FtOFBEeFlFSHdZRkNHOTFkQzF0Wlc1MUh3UUNBbVFXQWdJQkR3OFdBaDhDQlJSSXhxL2h1NXBPUnlCRTRicXFUaURFa0V0TlNHUmtBbkVQRHhZRUh3WUZDRzkxZEMxdFpXNTFId1FDQW1RV0FnSUJEdzhXQWg4Q0JTQk9TT0c2ckZBZ3hKRGh1NHBCSUVOSTRidUlJRTVJNGJxc1RpQlR3NEZEU0dSa0FuTVBEeFlFSHdZRkNHOTFkQzF0Wlc1MUh3UUNBbVFXQWdJQkR3OFdBaDhDQlNURWtNU0NUa2NnUzhPZElFNUk0YnFzVGlCVHc0RkRTQ0JPUjAvRGdFa2dSMG5odTV4a1pBSjFEdzhXQkI4R0JRaHZkWFF0YldWdWRSOEVBZ0prRmdJQ0FROFBGZ0lmQWdVYnhKRERnVTVJSUVkSnc0RWdRMGpodXFSVUlFekdyK0c3b2s1SFpHUUNkdzhQRmdRZkJnVUliM1YwTFcxbGJuVWZCQUlDWkJZQ0FnRVBEeFlDSHdJRkg4U1FMa3ZEblNCRTRidXdJRXpodTRRZ1ZPRzdrRlFnVGtkSVNlRzdobEJrWkFKNUR3OFdCQjhHQlFodmRYUXRiV1Z1ZFI4RUFnSmtGZ0lDQVE4UEZnSWZBZ1VUVHVHN21GQWdRMGpodTZoT1J5QkRTT0c3aUdSa0Fuc1BEeFlFSHdZRkNHOTFkQzF0Wlc1MUh3UUNBbVFXQWdJQkR3OFdBaDhDQlNGWVJVMGd4SkRodTRBZ1E4YXZ4cUJPUnlCVVVrOU9SeUJDNGJ1WUlFM0RsRTVrWkFKOUR3OFdCQjhHQlFodmRYUXRiV1Z1ZFI4RUFnSmtGZ0lDQVE4UEZnSWZBZ1VaUkVGT1NDQlR3NEZEU0NERWtDNUx3NTBnV01PSlZDQlVUbVJrQW44UER4WUVId1lGQ0c5MWRDMXRaVzUxSHdRQ0FtUVdBZ0lCRHc4V0FoOENCUjVFUVU1SUlGUERnVU5JSU1TUUxrdkRuU0JFNGJ1d0lFemh1NFFnVkU1a1pBS0JBUThQRmdRZkJnVUliM1YwTFcxbGJuVWZCQUlDWkJZQ0FnRVBEeFlDSHdJRkZsUkl3NVJPUnlCVVNVNGdURlhodXF4T0lGYkVnazVrWkFLREFROFBGZ1FmQmdVSWIzVjBMVzFsYm5VZkJBSUNaQllDQWdFUER4WUNId0lGSTFSU1FTQkQ0YnVvVlNCVVNNT1VUa2NnVkVsT0lGVGh1NUJVSUU1SFNFbmh1NFpRWkdRQ2hRRVBEeFlFSHdZRkNHOTFkQzF0Wlc1MUh3UUNBbVFXQWdJQkR3OFdBaDhDQlJCRDRidXdWU0JUU1U1SUlGWkp3NHBPWkdRQ2h3RVBEeFlFSHdZRkNHOTFkQzF0Wlc1MUh3UUNBbVFXQWdJQkR3OFdBaDhDQlJmRWtNU0NUa2NnUzhPZElGakRpVlFnVkZWWjRidUNUbVJrQW9rQkR3OFdCQjhHQlFodmRYUXRiV1Z1ZFI4RUFnSmtGZ0lDQVE4UEZnSWZBZ1VnVkVqRGxFNUhJRlJKVGlCSTRidVNJRlBHb0NCVVZWbmh1NEpPSUZOSlRraGtaQUtMQVE4UEZnUWZCZ1VJYjNWMExXMWxiblVmQkFJQ1pHUUNqUUVQRHhZR0h3WUZDRzkxZEMxdFpXNTFId1FDQWg4RloyUVdBZ0lCRHc4V0FoOENCUmRJdzVOQklNU1F4cUJPSU1TUVNlRzdoazRnVk9HN3JHUmtBbzhCRHc4V0JCOEdCUWh2ZFhRdGJXVnVkUjhFQWdKa0ZnSUNBUThQRmdJZkFnVVdUa2RJNGJ1SUlFVGh1cUJaSUVUaHVxQlpJRUxEbVdSa0FwRUJEdzhXQkI4R0JRaHZkWFF0YldWdWRSOEVBZ0prRmdJQ0FROFBGZ0lmQWdVWHhKREVnazVISUV2RG5TQk9SMGpodTRnZ1VFakRpVkJrWkFLVEFROFBGZ1FmQmdVSWIzVjBMVzFsYm5VZkJBSUNaQllDQWdFUER4WUNId0lGRXNTUXhJSk9SeUJMdzUwZ1EwOUpJRlJJU1dSa0FwVUJEdzhXQkI4R0JRaHZkWFF0YldWdWRSOEVBZ0prRmdJQ0FROFBGZ0lmQWdVU1dFVk5JRXpodTRwRFNDQkRUMGtnVkVoSlpHUUNsd0VQRHhZRUh3WUZDRzkxZEMxdFpXNTFId1FDQW1RV0FnSUJEdzhXQWg4Q0JSdExVU0JPUjBoSnc0cE9JRVBodTZoVklFdElUMEVnU09HN2pFTmtaQUtaQVE4UEZnUWZCZ1VJYjNWMExXMWxiblVmQkFJQ1pCWUNBZ0VQRHhZQ0h3SUZIRmhGVFNERWtPRzdnQ0JVdzRCSklFNURTMGdnVkVoQlRTQkhTVUZrWkFLYkFROFBGZ1FmQmdVSWIzVjBMVzFsYm5VZkJBSUNaQllDQWdFUFpCWUNaZzhQRmdJZkFnVWt4SkRFZ2s1SElFdkRuU0JZU1U0Z1Iwbmh1cVJaSUVOSTRidW9Ua2NnVGtqaHVxeE9aR1FDblFFUER4WUVId1lGQ0c5MWRDMXRaVzUxSHdRQ0FtUVdBZ0lCRDJRV0FtWVBEeFlDSHdJRkdVUGh1cXhRSUU1STRicXNWQ0JPUjAvaHVxQkpJRlJTdzVwa1pBS2ZBUThQRmdRZkJnVUliM1YwTFcxbGJuVWZCQUlDWkJZQ0FnRVBEeFlDSHdJRkcwUGh1cXhRSUU1STRicXNWQ0JVU01hdjRidWNUa2NnVkZMRG1tUmtBcUVCRHc4V0JCOEdCUWh2ZFhRdGJXVnVkUjhFQWdKa0ZnSUNBUThQRmdJZkFnVVZRK0c2cUUwZ1RrRk9SeUJUU1U1SUlGWkp3NHBPWkdRQ293RVBEeFlFSHdZRkNHOTFkQzF0Wlc1MUh3UUNBbVFXQWdJQkR3OFdBaDhDQlI1WVJVMGdURlhodXF4T0lGYkVnazRnVk9HN2tGUWdUa2RJU2VHN2hsQmtaQUtsQVE4UEZnUWZCZ1VJYjNWMExXMWxiblVmQkFJQ1pCWUNBZ0VQRHhZQ0h3SUZIbGhGVFNCTVZlRzZyRTRnVnNTQ1RpQkl4cS9odTVwT1J5QkU0YnFxVG1Sa0FxY0JEdzhXQkI4R0JRaHZkWFF0YldWdWRSOEVBZ0prRmdJQ0FROFBGZ0lmQWdVZFdFVk5JRXhWNGJxc1RpQld4SUpPSUZCSTRicWlUaUJDU2VHN2hrNWtaQUtwQVE4UEZnUWZCZ1VJYjNWMExXMWxiblVmQkFJQ1pCWUNBZ0VQRHhZQ0h3SUZKRUxEZ1U4Z1Frbmh1NEpWSUZCSTRidWtReUJXNGJ1a0lFekRnMDVJSU1TUTRicWdUMlJrQXFzQkR3OFdCQjhHQlFodmRYUXRiV1Z1ZFI4RUFnSmtGZ0lDQVE4UEZnSWZBZ1VjVkVqaHU1Qk9SeUJMdzRvZ3hKRERrMDVISUVoUUlFOU9URWxPUldSa0FxMEJEdzhXQkI4R0JRaHZkWFF0YldWdWRSOEVBZ0prRmdJQ0FROFBGZ0lmQWdVWHhKREVnazVISUV2RG5TQkx3NTBnVk1PYVF5Qll3NEZrWkFLdkFROFBGZ1FmQmdVSWIzVjBMVzFsYm5VZkJBSUNaQllDQWdFUER4WUNId0lGR0ZSSVFVNUlJRlJQdzRGT0lFdkRuU0JVdzVwRElGakRnV1JrQXJFQkR3OFdCQjhHQlFodmRYUXRiV1Z1ZFI4RUFnSmtGZ0lDQVE4UEZnSWZBZ1VpUStHNnJGQWdUa2podXF4VUlFekRuU0JNNGJ1S1EwZ2dTMGhQUVNCSTRidU1RMlJrQXJNQkR3OFdCQjhHQlFodmRYUXRiV1Z1ZFI4RUFnSmtGZ0lDQVE4UEZnSWZBZ1VYUStHNnJGQWdUa2podXF4VUlGUXVWRWxPSUVKSVdWUmtaQUsxQVE4UEZnUWZCZ1VJYjNWMExXMWxiblVmQkFJQ1pCWUNBZ0VQRHhZQ0h3SUZGbGhGVFNERWtFbmh1NEpOSU1TUXc0TWdST0c2b0Zsa1pBSzNBUThQRmdRZkJnVUliM1YwTFcxbGJuVWZCQUlDWkJZQ0FnRVBEeFlDSHdJRkdVbE9JRXZEaWlCTFNFRkpJRWRKNGJ1Y0lFZEo0YnFpVGtka1pBSzVBUThQRmdRZkJnVUliM1YwTFcxbGJuVWZCQUlDWkdRQ3V3RVBEeFlFSHdZRkNHOTFkQzF0Wlc1MUh3UUNBbVJrQXIwQkR3OFdCQjhHQlFodmRYUXRiV1Z1ZFI4RUFnSmtaQUsvQVE4UEZnUWZCZ1VJYjNWMExXMWxiblVmQkFJQ1pHUUN3UUVQRHhZRUh3WUZDRzkxZEMxdFpXNTFId1FDQW1Sa0FnY1BaQllDQWdFUFpCWUNaZzlrRmlnQ0FROWtGZ0lDQXc4UEZnSWZCV2hrRmhBQ0FROFBGZ0lmQWdVVFVYWERxbTRnYmVHNnJYUWdhMmpodXFsMUlXUmtBZ01QRHhZQ0h3SUZFbFREcW00Z3hKREVnMjVuSUU1bzRicXRjR1JrQWdVUEQyUVdBaDRLYjI1clpYbHdjbVZ6Y3dWTFluVjBkRzl1WDJOc2FXTnJLSFJvYVhNc0oyTjBiREF3WDBOdmJuUmxiblJRYkdGalpVaHZiR1JsY2pGZlkzUnNNREJmZFdORVlXNW5UbWhoY0Y5aWRHNUVZVzVuVG1oaGNDY3BaQUlIRHc4V0FoOENCUXhONGJxdGRDQkxhT0c2cVhWa1pBSUpEdzlrRmdJZkJ3VkxZblYwZEc5dVgyTnNhV05yS0hSb2FYTXNKMk4wYkRBd1gwTnZiblJsYm5SUWJHRmpaVWh2YkdSbGNqRmZZM1JzTURCZmRXTkVZVzVuVG1oaGNGOWlkRzVFWVc1blRtaGhjQ2NwWkFJTER3OFdBaDhDQlEzRWtNU0RibWNnVG1qaHVxMXdaR1FDRFE4UEZnSWZCV2hrWkFJUER3OFdBaDhGYUdSa0FnTVBGZ0lmQWdVblBIUmtJSE4wZVd4bFBTZGthWE53YkdGNU9tNXZibVVuSUNCM2FXUjBhQ0E5SnpBbEp6NGdaQUlGRHhZQ0h3SUZDand2ZEdRK0lEeDBaRDVrQWdZUER4WUNId0lGQzFSSXc1Uk9SeUJDdzRGUFpHUUNCdzlrRmhwbUQyUVdBbVlQRHhZSUh3SUZ1d0k4WVNCamJHRnpjejBuVkdWNGRGUnBkR3hsSnlCb2NtVm1QU2RrWldaaGRXeDBMbUZ6Y0hnL2NHRm5aVDFqYUdsMGFXVjBkR2h2Ym1kMGFXNG1hV1E5TVRFblBqeHpkSEp2Ym1jK1ZHakR0RzVuSUhScGJpREVrY09nYnlCMDRicWhieUJqZGVHN2tXa2dTRXNnU1N3Z3hKSGh1cWQxSUVoTElFbEpMQ0J1eElOdElHamh1NDFqSURJd01qRWdMU0F5TURJeVBDOXpkSEp2Ym1jK1BHbHRaeUJ6ZEhsc1pUMG5JR0p2Y21SbGNqb3dKeUFnYzNKalBTY3VMMGx0WVdkbGN5OXVaWGN1WjJsbUp5QjNhV1IwYUQwbk16QndlQ2NnYUdWcFoyaDBQU2N6TUhCNEp5QmhiSFE5SjFScGJpQjA0YnVwWXlCdDRidWJhU0JqNGJxdGNDQnVhT0c2clhRbkx6NDhMMkUrUEhOd1lXNGdZMnhoYzNNOUowNW5ZWGxVYVhSc1pTYytJQ2d3TkM4eE1pOHlNREl4S1R3dmMzQmhiajRmQXdvbEhnOUliM0pwZW05dWRHRnNRV3hwWjI0TEtpbFRlWE4wWlcwdVYyVmlMbFZKTGxkbFlrTnZiblJ5YjJ4ekxraHZjbWw2YjI1MFlXeEJiR2xuYmdFZkJBS0VnQVJrWkFJQkQyUVdBbVlQRHhZR0h3Z0xLd1FCSHdJRnVwY0NQSE53WVc0Z1kyeGhjM005SjFSbGVIUlVhRzl1WjFScGJpY2djM1I1YkdVOUozUmxlSFF0WVd4cFoyNDZiR1ZtZENjK1BIQWdjM1I1YkdVOUltWnZiblF0Wm1GdGFXeDVPaUJVWVdodmJXRTdJajQ4YzNCaGJpQnpkSGxzWlQwaVptOXVkQzF6YVhwbE9pQXhNbkIwT3lCamIyeHZjam9nSXpBd01EQXdZVHNpUGp4emRISnZibWMrS3lCVWFNTzBibWNnZEdsdUlIYmh1NEVnYUcvaHVxRjBJTVNSNGJ1WmJtY2d4SkhEb0c4Z2RPRzZvVzhnWStHN3AyRWdWSExHc09HN25XNW5PaVp1WW5Od096d3ZjM1J5YjI1blBtM2h1NTFwSUhSeWRYa2dZK0c2clhBZ2RISmhibWNnZDJWaUlGQm93N0p1WnlERWtNT2dieUIwNGJxaGJ5QW9aR0Z2ZEdGdkxuTm5kUzVsWkhVdWRtNHBJQ2hqdzZGaklIRjFlU0RFa2VHN2kyNW9MQ0IyeElOdUlHTGh1cU51TENCMGFNTzBibWNnWXNPaGJ5d2dkR2pEdEc1bklIUnBiaUIwZFhuaHU0TnVJSE5wYm1nc0lIUm93N1J1WnlCaXc2RnZJSGpEcVhRZ2RPRzdrWFFnYm1kb2FlRzdoM0FnZHNPZ0lHdmh1cjkwSUhGMTRicWpJSGpEcVhRZ2RPRzdrWFFnYm1kb2FlRzdoM0FzSUM0dUxpazhZbklnTHo0OGMzUnliMjVuUGlzZ1MyaHBJR1BEc3lCMGFPRzZyMk1nYmVHNnIyTWdkdUc3Z1NERWtFdE5TQ3dnZHVHN2dTQm80YnVOWXlCd2FNT3RMQ0IyNGJ1QklHemh1NHRqYUNCMGFHa3NJQzR1TGp3dmMzUnliMjVuUGladVluTndPMU5XSUd4cHc2cHVJR2podTRjZ2R1RzdtMmtnWStHN2tTQjI0YnFsYmlCbzRidU5ZeUIwNGJxdGNDREVrZUc3Z3lERWtjYXc0YnVqWXlCamFNT3RibWdnZEdqaHU2bGpJR2pHc09HN20yNW5JR1RodXF0dUxDQm5hZUc2bzJrZ2RHakRyV05vSUhiaHU0RWdjWFY1SUdObzRicS9MQ0J4ZFhrZ3hKSGh1NHR1YUM0Z1R1RzZ2M1VnWThPeWJpQmphTWF3WVNCMGFPRzdqMkVneEpIRG9XNW5MQ0JUVmlERWtjU0RibWNnYm1qaHVxMXdJSGJEb0NCbjRidXRhU0REdlNCcmFlRzZ2MjRnZHNPZ2J5QnQ0YnVsWXlCSHc3TndJTU85SUd0cDRicS9iaURFa2VHN2d5QnhkZUc2bzI0Z2RITGh1NHNnZG1uRHFtNGdidUc2cjIwZ2RNT3NibWdnYU1Pc2JtZ2dZK0c3cFNCMGFPRzdneUJqNGJ1bllTQlRWaURFa2VHN2d5Qmp3N01nZEdqaHU0TWdhMm5odTROdElIUnlZU3dnWjJuaHVxTnBJSFJvdzYxamFDQjJ3NkFnYnVHNnYzVWdZK0c2cDI0Z2FNYXc0YnViYm1jZ1pPRzZxMjRnWThPaFkyZ2dlT0c3clNCc3c2MGdhK0c3aTNBZ2RHamh1NTFwTENERWtjTzZibWNneEpIR29XNGdkdUc3aXlCamFPRzdxV01nYnNTRGJtY2dLSFJ5dzZGdWFDQjA0YnVUYmlERWtlRzdqVzVuSUdmRG9ua2djdUc2cjJNZ2N1RzdrV2tnZHVHN2dTQnpZWFVwTGladVluTndPenhpY2lBdlBqeHpkSEp2Ym1jK0t5Qk80YnEvZFNCcmFNTzBibWNneEpIRWcyNW5JRzVvNGJxdGNDREVrY2F3NGJ1all5QW9kc09nYnlCM1pXSWdWR2pEdEc1bklIUnBiaURFa2NPZ2J5QjA0YnFoYnlrZ1pHOGdjMkZwSUczaHVxMTBJR3RvNGJxcGRTREVrY1NEYm1jZ2Jtamh1cTF3UEM5emRISnZibWMrTENCVFZpREVrZUc2djI0Z2RITGh1N0ZqSUhScDRicS9jQ0JRTGlERWtNT2dieUIwNGJxaGJ5QW9ReTVETURBM0tTQW94SkZsYlNCMGFHVnZJSFJvNGJxN0lGTldJTVNSNGJ1RElIakRvV01nZEdqaHU3RmpLU1p1WW5Od096d3ZjM0JoYmo0OGMzQmhiaUJ6ZEhsc1pUMGlabTl1ZEMxemFYcGxPaUF4TW5CME95QmpiMnh2Y2pvZ0kyWm1NREF3TURzaVBpaG40YnV0YVNCdFlXbHNJSGJodTRFZ2NGOWtZVzkwWVc5QWMyZDFMbVZrZFM1MmJpd2dhOE9vYlNCMGFPRzZ1eUJUVmlrOEwzTndZVzQrUEhOd1lXNGdjM1I1YkdVOUltWnZiblF0YzJsNlpUb2dNVEp3ZERzaVBqeHpjR0Z1SUhOMGVXeGxQU0pqYjJ4dmNqb2dJekF3TURBd1lUc2lQaTRnUTJqaHU2bGpJRzdFZzI1bklIVGh1N0VneEpIaHU1bHVaeUJ3YU9HN3BXTWdhT0c3azJrZ2JlRzZyWFFnYTJqaHVxbDFJR0xodXJGdVp5QmxiV0ZwYkNCajRidW5ZU0IwY21GdVp5QjNaV0lnYUduaHU0ZHVJR3RvdzdSdVp5Qm9iK0c2b1hRZ3hKSGh1NWx1WnlERWtjYXc0YnVqWXlBb1pHOGdaMm5odTV0cElHamh1cUZ1SUdQaHU2ZGhJR2podTVsd0lIUm94ckFnUjI5dloyeGxLUzQ4TDNOd1lXNCtQR0p5SUM4K1BITndZVzRnYzNSNWJHVTlJbU52Ykc5eU9pQWpNREF3TURCaE95SStLeURFa09HN2d5Qmp3N01nYm1ocDRidUJkU0JyYU1PMGJtY2daMmxoYmlCamFHOGdjR2podXFkdUlHTm93NjF1YUN3Z1k4T2hZeUJqYUdrZ2RHbmh1cjkwSU1TUnc2TWd4SkhFZzI1bklIUGh1cjBneEpIR3NPRzdvMk1nZEhKMWVTQmo0YnF0Y0NEaHU1OGdjR2podXFkdUlGaGxiU0JqYUdrZ2RHbmh1cjkwSUNqaHU1OGdZM1hodTVGcElHM2h1NlZqSUhScGJpazhMM053WVc0K1BHSnlJQzgrUEdKeUlDOCtQSE4wY205dVp6NDhjM0JoYmlCemRIbHNaVDBpWTI5c2IzSTZJQ05tWmpBd01EQTdJajR0TFMwZ1ZFakRsRTVISUZSSlRpQk40YnVhU1NCT1NPRzZwRlFnTFMwdFBDOXpjR0Z1UGp4emNHRnVJSE4wZVd4bFBTSmpiMnh2Y2pvZ0l6QXdNREJtWmpzaVBqeGljaUF2UGp3dmMzQmhiajQ4TDNOMGNtOXVaejQ4TDNOd1lXNCtQSE53WVc0Z2MzUjViR1U5SW1admJuUXRjMmw2WlRvZ01UWndlRHNpUGp4emNHRnVJSE4wZVd4bFBTSmpiMnh2Y2pvZ0kyWm1NREF3TURzaVBqeHpkSEp2Ym1jK0t5QlVhTU8wYm1jZ1lzT2hieURFa0V0TlNDQkk0YnVOWXlCcjRidXpJSEJvNGJ1bExDQnV4SU50SUdqaHU0MWpJREl3TWpFZ0xTQXlNREl5UEM5emRISnZibWMrUEdKeUlDOCtKbTVpYzNBN0lDWnVZbk53T3p4emRISnZibWMrS0U1RlZ5d2dNRGN2TURRdk1qQXlNaWs4TDNOMGNtOXVaejRnVkdqRHRHNW5JR0xEb1c4Z3hKSEdzT0c3bzJNZ1orRzdyV2tneEpIaHVyOXVJR1BEb1dNZ1MyaHZZU0IwNGJ1cklEQTNMekEwTHpJd01qSWdLRHhoSUdoeVpXWTlJbFZ3Ykc5aFpDOW1hV3hsTDBoTE1qRXpYMVJDTmpReFgwUkxUVWd1Y0dSbUlqNTRaVzBnZEdqRHRHNW5JR0xEb1c4OEwyRStLVHhpY2lBdlBqeHpkSEp2Ym1jK0t5Qkk0YnVuZVNERWtFdE5TQ0JJU3lCSlNTd2dNakF5TVNBdElESXdNaklneEpIaHU1RnBJSGJodTV0cElGTldJR0xodTRzZ2RPRzZvVzBnWk9HN3EyNW5JR2podTQxakxDQmk0YnVMSUdKMTRidVpZeUIwYU1PMGFTQm80YnVOWXlCMnc2d2dhK0c2djNRZ2NYWGh1cU1neEpCcDRidURiU0J5NGJxN2JpQnNkWG5odTRkdVBDOXpkSEp2Ym1jK1BHSnlJQzgrSm01aWMzQTdJQ1p1WW5Od096eHpkSEp2Ym1jK0tFNUZWeXdnTURFdk1EUXZNakF5TWlrZ1BDOXpkSEp2Ym1jK1E4U0RiaUJqNGJ1cElFdmh1cjkwSUhGMTRicWpJSGpEcVhRZ2RPRzZvVzBnWk9HN3EyNW5MQ0JpZGVHN21XTWdkR2pEdEdrZ2FPRzdqV01nZHNPc0lNU1FVa3dnS0hOaGRTQklTeUJKTENBeU1ESXhJQzBnTWpBeU1pa2dLTVNSdzZNZ3hKSEdzT0c3bzJNZ2RHakR0RzVuSUdMRG9XOGd4SkhodXI5dUlHUERvV01nUzJodllTOGdibWZEb0c1b0tTd2dVR2pEc201bklNU1F3NkJ2SUhUaHVxRnZJSFJwNGJxL2JpQm93NkJ1YUNCbzRidW5lU0RFa0V0TlNDQklTeUJyNGJxL0lDaElTeUJKU1N3Z01qQXlNU0F0SURJd01qSXBJR1BEb1dNZ1UxWWdZOE96SUhSeWIyNW5JRXZodXI5MElIRjE0YnFqSUhqRHFYUXVJRlJvNGJ1ZGFTQnJhTU96WVNCaWFlRzdnM1VnZHNPZ0lHamh1NDFqSUhCb3c2MGd4SkhHc09HN28yTWdZK0c2clhBZ2Jtamh1cTEwSUhUaHU2c2dNVFZuTENBd01TOHdOQzh5TURJeUxpWnVZbk53T3p4aWNpQXZQaVp1WW5Od095QW1ibUp6Y0R0TXhyQjFJTU85SUdQRHN5QXhOaUJUVmlCMDRicWhiU0JrNGJ1cmJtY2dLRHhoSUdoeVpXWTlJbFZ3Ykc5aFpDOW1hV3hsTDBoTE1qRXlYMU5XZEdGdFpIVnVaMFJTVEY5amIwUkxUVWd1Y0dSbUlqNTRaVzBnWkdGdWFDQnp3NkZqYUR3dllUNHBJSGJEb0NBeElGTldJRUpVU0NCanc3TWdhK0c2djNRZ2NYWGh1cU1neEpCTFRVZ3VQR0p5SUM4K1BDOXpjR0Z1UGp4emNHRnVJSE4wZVd4bFBTSmpiMnh2Y2pvZ0kyWm1NREF3TURzaVBpWnVZbk53T3lBbWJtSnpjRHRUVmlCc2FjT3FiaUJvNGJ1SElIYmh1NXRwSUV0b2IyRWd4SkhodTRNZ2Jtamh1cTF1SUhGMWVlRzZ2M1FneEpIaHU0dHVhQ0IydzZBZ2JHbkRxbTRnYU9HN2h5QjI0YnViYVNCUWFNT3libWNnUThPMGJtY2dkTU9oWXlCVFZpREVrZUc3Z3lERWtjYXc0YnVqWXlCb3hyRGh1NXR1WnlCazRicXJiaUJqdzZGaklIYmh1cVZ1SU1TUjRidUJJR3RvdzZGaklDaDJ3NjBnWk9HN3BUb2dhT0c3aldNZ2NHakRyU0JJU3pJZ2JjT2dJRk5XSU1TUnc2TWd4SkhEczI1bkxDQjBhT0c3cHlCMDRidWxZeUIydzZCdklHamh1NDFqSUd6aHVxRnBJSE5oZFNCcmFHa2dZdUc3aXlCaWRlRzdtV01nZE9HNm9XMGdaT0c3cTI1bkxDQXVMaTRwTGp4aWNpQXZQand2YzNCaGJqNDhjM0JoYmlCemRIbHNaVDBpWm05dWRDMTNaV2xuYUhRNklHSnZiR1E3SUdOdmJHOXlPaUFqTURBd01HWm1PeUkrS3lCU3c3cDBJRzNEdEc0Z2FPRzdqV01tYm1KemNEc29kT0c3cXlCMGRlRzZwMjRnZEdqaHU2a2dNeUJqNGJ1bllTQm80YnVOWXlCcnc2d3BKbTVpYzNBN1BDOXpjR0Z1UGp3dmMzQmhiajQ4YzNCaGJpQnpkSGxzWlQwaVptOXVkQzF6YVhwbE9pQXhObkI0T3lCamIyeHZjam9nSXpBd01EQm1aanNpUGloVFZpQjRaVzBnWTJocElIUnA0YnEvZENCellYVWdRc2F3NGJ1Yll5QTNJR1BodTZkaElGRjFlU0IwY3NPc2JtZ2d4SkJMVFVncFBHSnlJQzgrUEM5emNHRnVQanh6ZEhKdmJtY2djM1I1YkdVOUltWnZiblF0YzJsNlpUb2dNVFp3ZURzZ1kyOXNiM0k2SUNObVpqQXdNREE3SWo0dExTMHRMUzB0TFMwdExTMHRMVHd2YzNSeWIyNW5Qand2Y0Q0OGNDQnpkSGxzWlQwaVptOXVkQzFtWVcxcGJIazZJRlJoYUc5dFlUc2lQanh6Y0dGdUlITjBlV3hsUFNKbWIyNTBMWE5wZW1VNklERTJjSGc3SWo0OGMzUnliMjVuUHNTUXhJSk9SeUJMdzUwZ1RjT1VUaUJJNGJ1TVF5Qkk0YnVNUXlCTDRidXlJRWxKTENCT3hJSk5JRWpodTR4RElESXdNakVnTFNBeU1ESXlQR0p5SUM4K1BDOXpkSEp2Ym1jK1BDOXpjR0Z1UGp4emRISnZibWNnYzNSNWJHVTlJbVp2Ym5RdGMybDZaVG9nTVRad2VEc2lQbVREb0c1b0lHTm9ieUJUYVc1b0lIWnB3NnB1SUdOb3c2MXVhQ0J4ZFhrZ2RzT2dJRk5wYm1nZ2RtbkRxbTRnYU9HN2h5QjI0YnVyWVNCc3c2QnRJSGJodTZ0aElHamh1NDFqSU1TUnc2QnZJSFRodXFGdklIUm9aVzhnZE1PdGJpQmphT0c3aVR3dmMzUnliMjVuUGp3dmNENDhjRDQ4YzNCaGJpQnpkSGxzWlQwaVptOXVkQzFtWVcxcGJIazZJRlJoYUc5dFlUc2lQanh6Y0dGdUlITjBlV3hsUFNKbWIyNTBMWE5wZW1VNklERTJjSGc3SWo0bWJtSnpjRHNySUZOV0lHTm93N29ndzcwZ2RHamh1N0ZqSUdocDRidUhiaURFa2VHN3B5QTNJR0xHc09HN20yTWdZK0c3cDJFZ3hKQkxUVWdzSUhSb1pXOGdUT0c3aTJOb0lNU1FTMDFJSUdQaHU2ZGhJRlJ5eHJEaHU1MXVaeXdnYytHNnZTQmp3N01nWThPaFl5QnVhT0c2cjJNZ2Jtamh1NThnWStHN3BTQjBhT0c3Z3lEaHU1OGdkT0c3cTI1bklHTEdzT0c3bTJNcFBHSnlJQzgrUEM5emNHRnVQand2YzNCaGJqNDhjM0JoYmlCemRIbHNaVDBpWm05dWRDMXphWHBsT2lBeE5uQjRPeUJtYjI1MExXWmhiV2xzZVRvZ1ZHRm9iMjFoT3lJK0ptNWljM0E3S3lCVFZpQjRaVzBnYStHN3VTQThjM1J5YjI1blB1S0FuRTVvNGJ1dmJtY2d4SkZwNGJ1RGJTQmo0YnFuYmlCc3hyQjFJTU85SUd0b2FTREVrY1NEYm1jZ2E4T3RJRzNEdEc0Z2FPRzdqV1BpZ0owOEwzTjBjbTl1Wno0ZzRidWZJSEJvNGJxbmJpRGlnSnhVYU1PMGJtY2dkR2x1SUdOb2RXNW40b0NkSUNoamRlRzdrV2tnYmNPZ2JpQm93Nnh1YUNCamFNT3RibWdwUEdKeUlDOCtQQzl6Y0dGdVBqeHpjR0Z1SUhOMGVXeGxQU0ptYjI1MExYTnBlbVU2SURFMmNIZzdJR1p2Ym5RdFptRnRhV3g1T2lCVVlXaHZiV0U3SWo0bWJtSnpjRHNnUEhOMGNtOXVaejVNeHJCMUlNTzlJR1BEb1dNZ2NYVjVJTVNSNGJ1TGJtZ2dkdUc3Z1NCdHc2TWdhT0c3aldNZ2NHamh1cWR1SUdQaHU2ZGhJRkZRTFVGT0lIYkRvQ0JzdzYwZ2JIWGh1cTF1SUdOb3c2MXVhQ0IwY3VHN2l5WnVZbk53T3p3dmMzUnliMjVuUGloMGNzT3RZMmdneEpIRWcyNW5LU0FvZUdWdElPRzdueUJ3YU9HNnAyNGdXR1Z0SUdOb2FTQjBhZUc2djNRcFBDOXpjR0Z1UGp4aWNpQXZQand2Y0Q0OGNENDhjM0JoYmlCemRIbHNaVDBpWm05dWRDMW1ZVzFwYkhrNklGUmhhRzl0WVRzaVBqeHpjR0Z1SUhOMGVXeGxQU0ptYjI1MExYTnBlbVU2SURFMmNIZzdJajQ4TDNOd1lXNCtQQzl6Y0dGdVBqeHpkSEp2Ym1jK1BITndZVzRnYzNSNWJHVTlJbVp2Ym5RdGMybDZaVG9nTVRad2VEc2dabTl1ZEMxbVlXMXBiSGs2SUZSaGFHOXRZVHNpUGpBdUlFTm9kZUc2cVc0Z1l1Rzdpend2YzNCaGJqNDhjM0JoYmlCemRIbHNaVDBpWm05dWRDMXphWHBsT2lBeE5uQjRPeUIzYUdsMFpTMXpjR0ZqWlRvZ2NISmxPeUJtYjI1MExXWmhiV2xzZVRvZ1ZHRm9iMjFoT3lJK0NUd3ZjM0JoYmo0OFluSWdMejQ4TDNOMGNtOXVaejQ4YzNCaGJpQnpkSGxzWlQwaVptOXVkQzF6YVhwbE9pQXhObkI0T3lCbWIyNTBMV1poYldsc2VUb2dWR0ZvYjIxaE95SStLeVp1WW5Od08wamh1NDFqSUd2RHJDQkpTU0F0SURJd01qRXRNakF5TWlCaTRicXZkQ0RFa2VHNnAzVWdkT0c3cXlCdVo4T2dlU0F4TkM4d01pOHlNREl5UEdKeUlDOCtQQzl6Y0dGdVBqeHpjR0Z1SUhOMGVXeGxQU0ptYjI1MExYTnBlbVU2SURFMmNIZzdJR1p2Ym5RdFptRnRhV3g1T2lCVVlXaHZiV0U3SWo0OGMzUnliMjVuUGlzZ1ZHakR0RzVuSUdMRG9XOGd4SkRFZzI1bklHdkRyU0J0dzdSdUlHamh1NDFqSm01aWMzQTdQQzl6ZEhKdmJtYytQQzl6Y0dGdVBqeHpjR0Z1SUhOMGVXeGxQU0ptYjI1MExYTnBlbVU2SURFMmNIZzdJR1p2Ym5RdFptRnRhV3g1T2lCVVlXaHZiV0U3SWo3RWtjYXc0YnVqWXlCMGFNTzBibWNnZEdsdUlNU1I0YnEvYmlCanc2RmpJR3RvYjJFdklHNW53NkJ1YUNBb2RzT2dJSFRodXFGcElIZGxZaUJRYU1PeWJtY2d4SkREb0c4Z2RPRzZvVzhwUEM5emNHRnVQanh6Y0dGdUlITjBlV3hsUFNKbWIyNTBMWE5wZW1VNklERTJjSGc3SUdadmJuUXRabUZ0YVd4NU9pQlVZV2h2YldFN0lqNG1ibUp6Y0Rzb1BDOXpjR0Z1UGp4aElHaHlaV1k5SW1oMGRIQTZMeTkwYUc5dVozUnBibVJoYjNSaGJ5NXpaM1V1WldSMUxuWnVMMVZ3Ykc5aFpDOW1hV3hsTDBoTE1qRXlYMVJDWDBSTFRVZ3VjR1JtSWlCemRIbHNaVDBpWm05dWRDMW1ZVzFwYkhrNklGUmhhRzl0WVRzZ1ptOXVkQzF6YVhwbE9pQXhObkI0T3lCMFpYaDBMV1JsWTI5eVlYUnBiMjR0YkdsdVpUb2dibTl1WlRzaVBuaGxiU0IwYU1PMGJtY2dZc09oYnp3dllUNDhjM0JoYmlCemRIbHNaVDBpWm05dWRDMXphWHBsT2lBeE5uQjRPeUJtYjI1MExXWmhiV2xzZVRvZ1ZHRm9iMjFoT3lJK0tUeGljaUF2UGp3dmMzQmhiajQ4YzNCaGJpQnpkSGxzWlQwaVptOXVkQzF6YVhwbE9pQXhObkI0T3lCbWIyNTBMV1poYldsc2VUb2dWR0ZvYjIxaE95SStQSE4wY205dVp6NG1ibUp6Y0RzZ1EyakdzTWFoYm1jZ2RITERyRzVvSUdObzRicWxkQ0JzeHJEaHU2TnVaeUJqWVc4Z0tHNW53NkJ1YUNCRFRsUlVLU1p1WW5Od096d3ZjM1J5YjI1blBqd3ZjM0JoYmo0OGMzQmhiaUJ6ZEhsc1pUMGlabTl1ZEMxemFYcGxPaUF4Tm5CNE95Qm1iMjUwTFdaaGJXbHNlVG9nVkdGb2IyMWhPeUkrWkc4Z1MyaHZZU0IydzZBZ1VHakRzbTVuSU1TUXc2QnZJSFRodXFGdklNU1J4SU51WnlCcnc3MGdZK0c3a1NERWtlRzdpMjVvSUhSb1pXOGdkR25odXI5dUlNU1I0YnVaTGlBOFluSWdMejQ4TDNOd1lXNCtQSE53WVc0Z2MzUjViR1U5SW1admJuUXRjMmw2WlRvZ01UWndlRHNnWm05dWRDMW1ZVzFwYkhrNklGUmhhRzl0WVRzaVBpWnVZbk53T3lBdElGUm9hU0JyYU9HNm8yOGdjOE9oZENERWtlRzZwM1VnZHNPZ2J5QlVhZUc2djI1bklFRnVhQ0JyYU1PMGJtY2dZMmgxZWNPcWJpREVrZUc3bzNRZ01Td2dic1NEYlNCbzRidU5ZeUF5TURJeElPS0FreUF5TURJeUlDaHVaOE9nZVNBeE1TOHhNaTh5TURJeEtUeGljaUF2UGp3dmMzQmhiajQ4YzNCaGJpQnpkSGxzWlQwaVptOXVkQzF6YVhwbE9pQXhObkI0T3lCbWIyNTBMV1poYldsc2VUb2dWR0ZvYjIxaE95SStKbTVpYzNBN0lDMGdTMm5odTROdElIUnlZU0JvNGJ1Tll5QndhTU90SUVqaHU0MWpJR3ZEckNCSklDakVrZUc3a1drZ2R1RzdtMmtnVTFZZ2JzU0RiU0IwYU9HN3FTQnVhT0c2cFhRc0lFdG93N05oSURJeEtUeGljaUF2UGp3dmMzQmhiajQ4YzNCaGJpQnpkSGxzWlQwaVptOXVkQzF6YVhwbE9pQXhObkI0T3lCbWIyNTBMV1poYldsc2VUb2dWR0ZvYjIxaE95SStQSE53WVc0Z2MzUjViR1U5SW5SbGVIUXRaR1ZqYjNKaGRHbHZiam9nYkdsdVpTMTBhSEp2ZFdkb095SStKbTVpYzNBN0ptNWljM0E3TFNCRVlXNW9JSFBEb1dOb0lGTldJTVNSdzZNZ3hKQkxUVWdnYm1qR3NHNW5JR3RvdzdSdVp5REVrY096Ym1jZ2FPRzdqV01nY0dqRHJTRGh1NThnU0VzZ2RITEdzT0c3bTJNOEwzTndZVzQrSm01aWMzQTdMU0JVNGJxaGJTQjBhT0c3bldrZ2EyakR0RzVuSUhqRHFYUThZbklnTHo0OEwzTndZVzQrUEhOd1lXNGdjM1I1YkdVOUltWnZiblF0YzJsNlpUb2dNVFp3ZURzZ1ptOXVkQzFtWVcxcGJIazZJRlJoYUc5dFlUc2lQanh6Y0dGdUlITjBlV3hsUFNKMFpYaDBMV1JsWTI5eVlYUnBiMjQ2SUd4cGJtVXRkR2h5YjNWbmFEc2lQaVp1WW5Od095QXRJRVJoYm1nZ2M4T2hZMmdnVTFZZ1kyakdzR0VnYUcvRG9HNGdkT0c2cFhRZ2FPRzdqV01nY0dqRHJTQkk0YnVOWXlCcnc2d2dTU3dnTWpBeU1TRGlnSk1nTWpBeU1pWnVZbk53T3p3dmMzQmhiajRtYm1KemNEc3RJRlRodXFGdElIUm80YnVkYVNCcmFNTzBibWNnZU1PcGRDWnVZbk53T3p4aWNpQXZQand2YzNCaGJqNDhjM0JoYmlCemRIbHNaVDBpWm05dWRDMXphWHBsT2lBeE5uQjRPeUJtYjI1MExXWmhiV2xzZVRvZ1ZHRm9iMjFoT3lCamIyeHZjam9nSXpBd01EQm1aanNpUGp4emRISnZibWMrSm01aWMzQTdJQ1p1WW5Od095MGdSR0Z1YUNCenc2RmphQ0JUVmlCcmFNTzBibWNnWTJqaHVxVndJR2pEb0c1b0lIWnA0YnVIWXlCdTRidVpjQ0JpNGJxamJpQnpZVzhnWXVHNnNXNW5JSFRodTVGMElHNW5hR25odTRkd0lGUklVRlE4TDNOMGNtOXVaejQ4TDNOd1lXNCtQSE53WVc0Z2MzUjViR1U5SW1admJuUXRabUZ0YVd4NU9pQlVZV2h2YldFN0lHTnZiRzl5T2lBak1EQXdNR1ptT3lJK1BHSnlJQzgrUEM5emNHRnVQanh6Y0dGdUlITjBlV3hsUFNKbWIyNTBMWE5wZW1VNklERTJjSGc3SUdadmJuUXRabUZ0YVd4NU9pQlVZV2h2YldFN0lqNG1ibUp6Y0RzZ0ptNWljM0E3TFNCTGFlRzdnMjBnZEhKaElIVERvR2tnYTJodjRicWpiaUIydzZBZ2JlRzZyWFFnYTJqaHVxbDFQR0p5SUM4K1BDOXpjR0Z1UGp4emNHRnVJSE4wZVd4bFBTSm1iMjUwTFhOcGVtVTZJREUyY0hnN0lHWnZiblF0Wm1GdGFXeDVPaUJVWVdodmJXRTdJajRtYm1KemNEc2dKbTVpYzNBN0xTQkQ0YnF0Y0NCdWFPRzZyWFFnZE1Pc2JtZ2dkSExodXFGdVp5QlRWaURFa2VHN2tXa2dkdUc3bTJrZ1UxWWdkT0c2b1cwZ1pPRzdxMjVuSUhiRG9HOGdhT0c3aldNZ2JPRzZvV2tnNGJ1ZklFaExJRzNodTV0cFBHSnlJQzgrUEM5emNHRnVQanh6Y0dGdUlITjBlV3hsUFNKbWIyNTBMWE5wZW1VNklERTJjSGc3SUdadmJuUXRabUZ0YVd4NU9pQlVZV2h2YldFN0lqNDhjM0JoYmlCemRIbHNaVDBpWTI5c2IzSTZJQ013TURBd1ptWTdJajRtYm1KemNEc2dKbTVpYzNBN0xTQlVhTU8wYm1jZ1lzT2hieURFa2NPemJtY2dhT0c3aldNZ2NHakRyU0FvWStHN3AyRWdVR2pEc201bklFdmh1cjhnYUcvaHVxRmphQ0F0SUZURG9Ha2dZMmpEclc1b0tTQW9lR1Z0SUV6aHU0dGphQ0RFa0V0TlNDQXRJRzNodTZWaklEVXNJSEJvdzYxaElHVEdzT0c3bTJrcFBDOXpjR0Z1UGp4aWNpQXZQand2YzNCaGJqNDhjM0JoYmlCemRIbHNaVDBpWm05dWRDMXphWHBsT2lBeE5uQjRPeUJtYjI1MExXWmhiV2xzZVRvZ1ZHRm9iMjFoT3lJK0ptNWljM0E3SUNadVluTndPeTBnVk9HNnJYQWd4SkhFZzI1bklHdkRyU0J0dzdSdUlHamh1NDFqSUdURG9HNW9JR05vYnlCVFZpREVrZUc2cDNVZ2EyakRzMkVtYm1KemNEczhMM053WVc0K1BHSnlJQzgrUEM5d1BqeHdQanh6ZEhKdmJtY2djM1I1YkdVOUltWnZiblF0Wm1GdGFXeDVPaUJVWVdodmJXRTdJR1p2Ym5RdGMybDZaVG9nTVRad2VEc2lQa3podTRwRFNDREVrTVNDVGtjZ1M4T05JRTNEbEU0Z1NPRzdqRU1nU09HN2pFTWdTOE9NSUVsSkxDQk94SUpOSUVqaHU0eERJREl3TWpFZ0xTQXlNREl5UEdKeUlDOCtQQzl6ZEhKdmJtYytQSE4wY205dVp5QnpkSGxzWlQwaVptOXVkQzFtWVcxcGJIazZJRlJoYUc5dFlUc2dabTl1ZEMxemFYcGxPaUF4TW5CME95SStNUzRnV0dWdElGUGh1NVVnZEdGNUlNU1FTMDFJSUNoMnc2QWdkR2pEdEc1bklIUnBiaUJ1YU1PemJTQnM0YnViY0NrZ0tEQXpMekV5THpJd01qRXBQR0p5SUM4K1BDOXpkSEp2Ym1jK1BITndZVzRnYzNSNWJHVTlJbVp2Ym5RdGMybDZaVG9nTVRKd2VEc2dabTl1ZEMxM1pXbG5hSFE2SUdKdmJHUTdJR1p2Ym5RdFptRnRhV3g1T2lCVVlXaHZiV0U3SWo0OGMzQmhiaUJ6ZEhsc1pUMGlabTl1ZEMxemFYcGxPaUF4Tm5CNE95SStNaTRneEpERWcyNW5JR3ZEclNCdHc3UnVJR2podTQxaklDakVrZUc3bzNRZ1kyakRyVzVvS1NadVluTndPend2YzNCaGJqNDhMM053WVc0K1BITndZVzRnYzNSNWJHVTlJbVp2Ym5RdGMybDZaVG9nTVRad2VEc2dabTl1ZEMxM1pXbG5hSFE2SUdKdmJHUTdJSFJsZUhRdFpHVmpiM0poZEdsdmJpMXNhVzVsT2lCMWJtUmxjbXhwYm1VN0lHWnZiblF0Wm1GdGFXeDVPaUJVWVdodmJXRTdJajRvZE9HN3EyNW5JR3RvdzdOaExDQjBhR1Z2SUd6aHU0dGphQ0JVYU1PMGJtY2dZc09oYnlERWtFdE5TQ2s4TDNOd1lXNCtQSE53WVc0Z2MzUjViR1U5SW1admJuUXRjMmw2WlRvZ01USndlRHNnWm05dWRDMW1ZVzFwYkhrNklGUmhhRzl0WVRzaVBqeHpjR0Z1SUhOMGVXeGxQU0ptYjI1MExYTnBlbVU2SURFMmNIZzdJajQ4YzNSeWIyNW5QaVp1WW5Od095Z3dOaTh4TWlBdElERTBMekV5THpJd01qRXBQR0p5SUM4K1BDOXpkSEp2Ym1jK1BDOXpjR0Z1UGp3dmMzQmhiajQ4YzNCaGJpQnpkSGxzWlQwaVptOXVkQzF6YVhwbE9pQXhNbkIwT3lCbWIyNTBMV1poYldsc2VUb2dWR0ZvYjIxaE95SStLREEzTHpFeUx6SXdNakVwSUV4MWFTQjBhT0c3bldrZ1oybGhiaURFa0V0TlNDQmt3NkJ1YUNCamFHOGdTMmpEczJFZ01qRWdjMkZ1WnlCdVo4T2dlU1p1WW5Od096RTFJSGJEb0NBeE5pOHhNaTh5TURJeExqeGljaUF2UGp3dmMzQmhiajQ4YzNCaGJpQnpkSGxzWlQwaVptOXVkQzF6YVhwbE9pQXhObkI0T3lCbWIyNTBMV1poYldsc2VUb2dWR0ZvYjIxaE95SStLREUwTHpFeUx6SXdNakVwSUZqaHU2MGdiTU90SUd2aHVyOTBJSEYxNGJxaklHdmh1N01nZEdocElFdG80YnFqYnlCenc2RjBJRlJwNGJxL2JtY2dRVzVvSU1TUjRicW5kU0IydzZCdklNU1I0YnVqZENBeElHN0VnMjBnYU9HN2pXTWdNakF5TVNBdElESXdNakk4WW5JZ0x6NDhMM053WVc0K1BITndZVzRnYzNSNWJHVTlJbVp2Ym5RdGMybDZaVG9nTVRKd2VEc2dabTl1ZEMxbVlXMXBiSGs2SUVGeWFXRnNPeUkrUEhOd1lXNGdjM1I1YkdVOUltWnZiblF0ZDJWcFoyaDBPaUJpYjJ4a095Qm1iMjUwTFhOcGVtVTZJREUyY0hnN0lHWnZiblF0Wm1GdGFXeDVPaUJVWVdodmJXRTdJajR6TGlCWVpXMGdWR2pEdEc1bklHTERvVzhneEpCTFRVZ2dZdUc3bFNCemRXNW5JSGJEb0NCRVlXNW9JSFBEb1dOb0lHNW93N050SUd6aHU1dHdJR0xodTRzZ2FPRzdwM2tnS0dSdklIUGh1NUVnYk1hdzRidWpibWNneEpCTElIRjF3NkVndzYxMEtUd3ZjM0JoYmo0OGMzQmhiaUJ6ZEhsc1pUMGlabTl1ZEMxemFYcGxPaUF4Tm5CNE95Qm1iMjUwTFdaaGJXbHNlVG9nVkdGb2IyMWhPeUkrUEhOMGNtOXVaejRtYm1KemNEc29NVGN2TVRJdk1qQXlNU2s4WW5JZ0x6NDhMM04wY205dVp6NDhMM053WVc0K1BDOXpjR0Z1UGp4emNHRnVJSE4wZVd4bFBTSm1iMjUwTFhOcGVtVTZJREUyY0hnN0lHWnZiblF0Wm1GdGFXeDVPaUJVWVdodmJXRTdJajRtYm1KemNEc2dKbTVpYzNBN0ptNWljM0E3UEM5emNHRnVQanh6ZEhKdmJtY2djM1I1YkdVOUltWnZiblF0Wm1GdGFXeDVPaUJVWVdodmJXRTdJR1p2Ym5RdGMybDZaVG9nTVRad2VEc2lQaWd4TW1jc0lESXdMekV5THpJd01qRXBJRlJvdzdSdVp5Qml3NkZ2SU1TUVMwMUlJR0xodTVVZ2MzVnVaeUIydzZBZ1JGTWdibWpEczIwZ2JPRzdtM0FnWXVHN2l5Qm80YnVuZVNBOEwzTjBjbTl1Wno0OGMzQmhiaUJ6ZEhsc1pUMGlabTl1ZEMxemFYcGxPaUF4Tm5CNE95Qm1iMjUwTFdaaGJXbHNlVG9nVkdGb2IyMWhPeUkrS0R3dmMzQmhiajQ4WVNCb2NtVm1QU0pWY0d4dllXUXZabWxzWlM5SVN6SXhNbDlVUWtSTFRVaGZRbE11Y0dSbUlpQnpkSGxzWlQwaVptOXVkQzFtWVcxcGJIazZJRlJoYUc5dFlUc2dabTl1ZEMxemFYcGxPaUF4Tm5CNE95SStlR1Z0SUZSQ0lIYkRvQ0JFVXp3dllUNDhjM0JoYmlCemRIbHNaVDBpWm05dWRDMXphWHBsT2lBeE5uQjRPeUJtYjI1MExXWmhiV2xzZVRvZ1ZHRm9iMjFoT3lJK0tUeGljaUF2UGp3dmMzQmhiajQ4YzNCaGJpQnpkSGxzWlQwaVptOXVkQzF6YVhwbE9pQXhObkI0T3lCbWIyNTBMV1poYldsc2VUb2dWR0ZvYjIxaE95SStKbTVpYzNBN0lDWnVZbk53T3ladVluTndPend2YzNCaGJqNDhjM1J5YjI1bklITjBlV3hsUFNKbWIyNTBMV1poYldsc2VUb2dRWEpwWVd3N0lHWnZiblF0YzJsNlpUb2dNVEp3ZURzaVBqeHpjR0Z1SUhOMGVXeGxQU0ptYjI1MExYTnBlbVU2SURFMmNIZzdJR1p2Ym5RdFptRnRhV3g1T2lCVVlXaHZiV0U3SWo1RDRicXRjQ0J1YU9HNnJYUWdaT0c3cnlCc2FlRzdoM1VtYm1KemNEczhMM053WVc0K1BITndZVzRnYzNSNWJHVTlJbVp2Ym5RdGMybDZaVG9nTVRad2VEc2dabTl1ZEMxbVlXMXBiSGs2SUZSaGFHOXRZVHNpUGxSTFFqd3ZjM0JoYmo0OEwzTjBjbTl1Wno0OGMzQmhiaUJ6ZEhsc1pUMGlabTl1ZEMxemFYcGxPaUF4Tm5CNE95Qm1iMjUwTFdaaGJXbHNlVG9nVkdGb2IyMWhPeUkrUEhOMGNtOXVaejRtYm1KemNEczhMM04wY205dVp6NG9kT0c3cXlBeE5tY3pNQ3dnTWpBdk1USXZNakF5TVNrZ0xTQThjM1J5YjI1blBramh1NDFqSUhCb3c2MGdQQzl6ZEhKdmJtYytZOFdwYm1jZ3hKSEdzT0c3bzJNZ2RNT3RibWdnZHNPZ0lHUGh1cTF3SUc1bzRicXRkRHhpY2lBdlBqd3ZjM0JoYmo0OGMzQmhiaUJ6ZEhsc1pUMGlabTl1ZEMxemFYcGxPaUF4Tm5CNE95Qm1iMjUwTFhkbGFXZG9kRG9nWW05c1pEc2dabTl1ZEMxbVlXMXBiSGs2SUZSaGFHOXRZVHNpUGpRdUlNU1F4SU51WnlCcnc2MGdiY08wYmlCbzRidU5ZeUFveEpIaHU2TjBJR0xodTVVZ2MzVnVaeWttYm1KemNEczhMM053WVc0K1BITndZVzRnYzNSNWJHVTlJbVp2Ym5RdGMybDZaVG9nTVRad2VEc2dabTl1ZEMxM1pXbG5hSFE2SUdKdmJHUTdJSFJsZUhRdFpHVmpiM0poZEdsdmJpMXNhVzVsT2lCMWJtUmxjbXhwYm1VN0lHWnZiblF0Wm1GdGFXeDVPaUJVWVdodmJXRTdJajRvYk9HN2kyTm9JTVNSeElOdVp5QnJ3NjBnZEdobGJ5QjA0YnVyYm1jZ2EyakRzMkVwUEM5emNHRnVQanh6Y0dGdUlITjBlV3hsUFNKbWIyNTBMWE5wZW1VNklERTJjSGc3SUdadmJuUXRabUZ0YVd4NU9pQlVZV2h2YldFN0lqNDhjM1J5YjI1blBpWnVZbk53T3lneU1TOHhNaUF0SURJMEx6RXlMekl3TWpFcFBHSnlJQzgrUEM5emRISnZibWMrUEM5emNHRnVQanh6Y0dGdUlITjBlV3hsUFNKbWIyNTBMWE5wZW1VNklERTJjSGc3SUdadmJuUXRabUZ0YVd4NU9pQlVZV2h2YldFN0lHTnZiRzl5T2lBak1EQXdNR1ptT3lJK1BITjBjbTl1Wno0bWJtSnpjRHNnS3lCRHc2RmpJSFJ5eHJEaHU1MXVaeUJvNGJ1amNDREVrZUc2dDJNZ1ltbmh1NGQwSUdMaHVxTnZJTVNSNGJxamJTQjBhZUc2djI0Z3hKSGh1NWtnYU9HN2pXTWdZOE9oWXlCdHc3UnVJR05vZFhuRHFtNGdiY08wYmlCajRidW5ZU0JUVmladVluTndPend2YzNSeWIyNW5Qand2YzNCaGJqNDhjM0JoYmlCemRIbHNaVDBpWm05dWRDMXphWHBsT2lBeE5uQjRPeUJtYjI1MExXWmhiV2xzZVRvZ1ZHRm9iMjFoT3lCamIyeHZjam9nSXpBd01EQm1aanNpUGloNFpXMGc0YnVmSUhCbzRicW5iaUJZWlcwZ1kyaHBJSFJwNGJxL2RDazhZbklnTHo0OEwzTndZVzQrUEhOMGNtOXVaeUJ6ZEhsc1pUMGlabTl1ZEMxbVlXMXBiSGs2SUZSaGFHOXRZVHNnWm05dWRDMXphWHBsT2lBeE5uQjRPeUJqYjJ4dmNqb2dJekF3TURCbVpqc2lQaVp1WW5Od095QXJJRXRvWVdrZ1lzT2hieUJvNGJ1Tll5QnM0YnFoYVNCcmFNT2hZeUJ0dzZNZ1ltRnVJTVNSNGJxbmRTQThMM04wY205dVp6NDhjM0JoYmlCemRIbHNaVDBpWm05dWRDMXphWHBsT2lBeE5uQjRPeUJtYjI1MExXWmhiV2xzZVRvZ1ZHRm9iMjFoT3lCamIyeHZjam9nSXpBd01EQm1aanNpUGloNFpXMGc0YnVmSUhCbzRicW5iaUJZWlcwZ1kyaHBJSFJwNGJxL2RDazhZbklnTHo0OEwzTndZVzQrUEhOd1lXNGdjM1I1YkdVOUltWnZiblF0YzJsNlpUb2dNVFp3ZURzZ1ptOXVkQzFtWVcxcGJIazZJRlJoYUc5dFlUc2dZMjlzYjNJNklDTXdNREF3Wm1ZN0lqNDhjM1J5YjI1blBpWnVZbk53T3lBcklNU1F4SU51WnlCcnc2MGdaTWF3NGJ1YmFTQno0YnVSSUhURHJXNGdZMmpodTRrZ2NYVjVJTVNSNGJ1TGJtZ2dLREUwSUhURHJXNGdZMmpodTRrcEptNWljM0E3UEM5emRISnZibWMrUEM5emNHRnVQanh6Y0dGdUlITjBlV3hsUFNKbWIyNTBMWE5wZW1VNklERTJjSGc3SUdadmJuUXRabUZ0YVd4NU9pQlVZV2h2YldFN0lqNDhjM0JoYmlCemRIbHNaVDBpWTI5c2IzSTZJQ013TURBd1ptWTdJajRvZUdWdElPRzdueUJ3YU9HNnAyNGdXR1Z0SUdOb2FTQjBhZUc2djNRcFBHSnlJQzgrUEM5emNHRnVQand2YzNCaGJqNDhjM0JoYmlCemRIbHNaVDBpWm05dWRDMXphWHBsT2lBeE5uQjRPeUJtYjI1MExXWmhiV2xzZVRvZ1ZHRm9iMjFoT3lJK0tERXhaeXdnTWpjdk1USXZNakF5TVNrZ1MrRzZ2M1FnY1hYaHVxTWdjc09nSUhOdnc2RjBJR1RodTY4Z2JHbmh1NGQxSU1TUVMwMUlJTVNSNGJ1amRDQmk0YnVWSUhOMWJtY2dLSGhsYlNEaHU1OGdjR2podXFkdUlGaGxiU0JqYUdrZ2RHbmh1cjkwS1R4aWNpQXZQand2YzNCaGJqNDhjM0JoYmlCemRIbHNaVDBpWm05dWRDMXphWHBsT2lBeE5uQjRPeUJtYjI1MExXWmhiV2xzZVRvZ1ZHRm9iMjFoT3lJK0tEQTVaeXdnTVRNdk1ERXZNakF5TWlrbWJtSnpjRHM4TDNOd1lXNCtQSE53WVc0Z2MzUjViR1U5SW1admJuUXRjMmw2WlRvZ01UWndlRHNnWm05dWRDMW1ZVzFwYkhrNklGUmhhRzl0WVRzaVBrUGh1cTF3SUc1bzRicXRkQ0JVUzBJZ2RzT2dJR2podTQxaklIQm93NjBneEpIaHU2TjBJR04xNGJ1UmFTQmphSFhodXFsdUlHTGh1NHNnWTJodklNU1I0YnVqZENERWtjT3pibWNnYU9HN2pXTWdjR2pEclNCeGRXRWdibWZEb200Z2FNT2dibWM4WW5JZ0x6NDhMM053WVc0K1BITjBjbTl1WnlCemRIbHNaVDBpWm05dWRDMW1ZVzFwYkhrNklGUmhhRzl0WVRzZ1ptOXVkQzF6YVhwbE9pQXhObkI0T3lJK05TNGd4SkREczI1bklHamh1NDFqSUhCb3c2MGdLSFJvWlc4Z2RHakR0RzVuSUdMRG9XOGdZK0c3cDJFZ1VHakRzbTVuSUV2aHVyOGdhRy9odXFGamFDQXRJRlREb0drZ1kyakRyVzVvS1NBb1krRzZyWEFnYm1qaHVxMTBMQ0F4Tnk4d01TQXRJREl4THpBeEx6SXdNaklwUEdKeUlDOCtQQzl6ZEhKdmJtYytQSE4wY205dVp5QnpkSGxzWlQwaVptOXVkQzFtWVcxcGJIazZJRlJoYUc5dFlUc2dabTl1ZEMxemFYcGxPaUF4Tm5CNE95SStKbTVpYzNBN0ptNWljM0E3UEM5emRISnZibWMrUEhOd1lXNGdjM1I1YkdVOUltWnZiblF0YzJsNlpUb2dNVFp3ZURzZ1ptOXVkQzFtWVcxcGJIazZJRlJoYUc5dFlUc2lQanh6ZEhKdmJtYytLRE13THpFeUx6SXdNakVwSUZSb3c3UnVaeUJpdzZGdklFemh1NHRqYUNCMGFIVWdhT0c3aldNZ2NHakRyU0JJU3lCSlNTd2dNakF5TVNBdElESXdNakk4TDNOMGNtOXVaejRnS0R4aElHaHlaV1k5SWxWd2JHOWhaQzltYVd4bEwwaExNakV5WDFSQ2RHaDFTRkJmVGxOUUxuQmtaaUkrZUdWdElIUm93N1J1WnlCaXc2RnZQQzloUGlrc0lNU1I0YnVSYVNCMjRidWJhVG84WW5JZ0x6NDhMM053WVc0K1BITndZVzRnYzNSNWJHVTlJbVp2Ym5RdGMybDZaVG9nTVRad2VEc2dabTl1ZEMxbVlXMXBiSGs2SUZSaGFHOXRZVHNpUGladVluTndPeUFtYm1KemNEc2dKbTVpYzNBN0t5QlRWaUJ1WjIvRG9Ha2djOGF3SUhCbzRicWhiU0FvZE9HNnBYUWdZK0c2b3lCanc2RmpJR3RvdzdOaEtUeGljaUF2UGp3dmMzQmhiajQ4YzNCaGJpQnpkSGxzWlQwaVptOXVkQzF6YVhwbE9pQXhObkI0T3lCbWIyNTBMV1poYldsc2VUb2dWR0ZvYjIxaE95SStKbTVpYzNBN0lDWnVZbk53T3lBbWJtSnpjRHNySUZOV0lIUEdzQ0J3YU9HNm9XMGdLR1BEc3lCbzRidU5ZeUJzNGJxaGFTa2dhMmpEczJFZ01qQWdkSExodTU4Z2R1RzdnU0IwY3NhdzRidWJZeUFvUEM5emNHRnVQanh6ZEhKdmJtY2djM1I1YkdVOUltWnZiblF0Wm1GdGFXeDVPaUJVWVdodmJXRTdJR1p2Ym5RdGMybDZaVG9nTVRad2VEc2lQa3RvdzdOaElESXhJSFBHc0NCd2FPRzZvVzBnYytHNnZTQmp3N01nZEdqRHRHNW5JR0xEb1c4Z2MyRjFQQzl6ZEhKdmJtYytQSE53WVc0Z2MzUjViR1U5SW1admJuUXRjMmw2WlRvZ01UWndlRHNnWm05dWRDMW1ZVzFwYkhrNklGUmhhRzl0WVRzaVBpa3VQR0p5SUM4K1BDOXpjR0Z1UGp4emNHRnVJSE4wZVd4bFBTSm1iMjUwTFhOcGVtVTZJREUyY0hnN0lHWnZiblF0Wm1GdGFXeDVPaUJVWVdodmJXRTdJajQ4YzNSeWIyNW5QaVp1WW5Od095QW9Nall2TVRJdk1qQXlNU2s4TDNOMGNtOXVaejRtYm1KemNEczhjM1J5YjI1blBrNW80YnF2WXlCczRicWhhU0IyNGJ1QkptNWljM0E3UEM5emRISnZibWMrUEM5emNHRnVQanh6Y0dGdUlITjBlV3hsUFNKbWIyNTBMV1poYldsc2VUb2dWR0ZvYjIxaE95SStQSE53WVc0K1BITjBjbTl1WnlCemRIbHNaVDBpWm05dWRDMXphWHBsT2lBeE5uQjRPeUkrUzJoaGFTQml3NkZ2SUdqaHU0MWpJR3podXFGcElHdG93NkZqSUczRG95QmlZVzRneEpIaHVxZDFJQ2pFa2VHNnQyTWdZbW5odTRkMElIYmh1NXRwSUZOV0lIUEdzQ0J3YU9HNm9XMHBQQzl6ZEhKdmJtYytQSE53WVc0Z2MzUjViR1U5SW1admJuUXRjMmw2WlRvZ01UWndlRHNpUGp4emRISnZibWMrUEdKeUlDOCtQQzl6ZEhKdmJtYytQQzl6Y0dGdVBqd3ZjM0JoYmo0OEwzTndZVzQrUEhOd1lXNGdjM1I1YkdVOUltWnZiblF0Wm1GdGFXeDVPaUJVWVdodmJXRTdJajQ4YzNSeWIyNW5JSE4wZVd4bFBTSm1iMjUwTFhOcGVtVTZJREUyY0hnN0lqNDJMaUJZWlcwZ1JHRnVhQ0J6dzZGamFDQnU0YnVqSUdqaHU0MWpJSEJvdzYwZ0tGQm93N0p1WnlCTDRicS9JR2h2NGJxaFkyZ2dMU0JVdzZCcElHTm93NjF1YUNrOFluSWdMejQ4TDNOMGNtOXVaejQ4YzNSeWIyNW5JSE4wZVd4bFBTSm1iMjUwTFhOcGVtVTZJREUyY0hnN0lqNDNMaUJZWlcwZ1ZHamh1NTFwSUd0b3c3TmhJR0pwNGJ1RGRTQmphTU90Ym1nZ2RHamh1NmxqSUNneU55OHdNUzh5TURJeUtUeGljaUF2UGp3dmMzUnliMjVuUGp4emRISnZibWNnYzNSNWJHVTlJbVp2Ym5RdGMybDZaVG9nTVRad2VEc2lQaVp1WW5Od095QW1ibUp6Y0RzZ1ZPRzdxeUF4T0djc0lESTFMekF4THpJd01qSXNJSFRodXFWMElHUGh1cU1nVTFZZ2JNYXdkU0REdlNCMGFHVnZJR1REdFdrNlBHSnlJQzgrUEM5emRISnZibWMrUEhOMGNtOXVaeUJ6ZEhsc1pUMGlabTl1ZEMxemFYcGxPaUF4Tm5CNE95SStKbTVpYzNBN0lDc2dRK0c2clhBZ2Jtamh1cTEwSUNKSTRidU5ZeUJ3YU1PdElNU1J3Nk1neEpIRHMyNW5JaVp1WW5Od096d3ZjM1J5YjI1blBqeHpjR0Z1SUhOMGVXeGxQU0ptYjI1MExYTnBlbVU2SURFMmNIZzdJajV6WVhVZ3hKSGh1Nk4wSU1TUnc3TnVaeUJvNGJ1Tll5QndhTU90SUhGMVlTQnVaOE9pYmlCb3c2QnVaenhpY2lBdlBqd3ZjM0JoYmo0OGMzQmhiaUJ6ZEhsc1pUMGlabTl1ZEMxemFYcGxPaUF4Tm5CNE95SStQSE4wY205dVp6NG1ibUp6Y0RzZ0t5QlVhTU8wYm1jZ1lzT2hieUJFWVc1b0lIUERvV05vSUc3aHU2TWdhT0c3aldNZ2NHakRyU0FvWStHN3AyRWdVQzRnUzBoVVF5azhZbklnTHo0OEwzTjBjbTl1Wno0OEwzTndZVzQrUEhOd1lXNGdjM1I1YkdVOUltWnZiblF0YzJsNlpUb2dNVFp3ZURzaVBpWnVZbk53T3lBbWJtSnpjRHNnSm01aWMzQTdJQ1p1WW5Od08wUlRVMVlnYnVHN295Qm80YnVOWXlCd2FNT3RJRzVuYjhPZ2FTQnp4ckFnY0dqaHVxRnRJQ2c4TDNOd1lXNCtQR0VnYUhKbFpqMGlhSFIwY0RvdkwzUm9iMjVuZEdsdVpHRnZkR0Z2TG5ObmRTNWxaSFV1ZG00dlZYQnNiMkZrTDJacGJHVXZTRXN5TVRKZlJGTlRWbDl1YjJodlkzQm9hVjl1WjI5aGFWTlFMbkJrWmlJZ2MzUjViR1U5SW1admJuUXRjMmw2WlRvZ01UWndlRHNpUG5obGJTQmtZVzVvSUhQRG9XTm9QQzloUGp4emNHRnVJSE4wZVd4bFBTSm1iMjUwTFhOcGVtVTZJREUyY0hnN0lqNHBPaUJUVmlCejRicTlJR0xodTRzZ2FPRzdwM2tnZE9HNnBYUWdZK0c2b3lCcjRicS9kQ0J4ZGVHNm95REVrRXROU0R4aWNpQXZQand2YzNCaGJqNDhjM0JoYmlCemRIbHNaVDBpWm05dWRDMXphWHBsT2lBeE5uQjRPeUkrSm01aWMzQTdJQ1p1WW5Od095QW1ibUp6Y0RzZ0ptNWljM0E3UkZOVFZpQnU0YnVqSUdqaHU0MWpJSEJvdzYwZ2FPRzdqV01nYk9HNm9Xa2djOGF3SUhCbzRicWhiU0FvUEM5emNHRnVQanhoSUdoeVpXWTlJbWgwZEhBNkx5OTBhRzl1WjNScGJtUmhiM1JoYnk1elozVXVaV1IxTG5adUwxVndiRzloWkM5bWFXeGxMMGhMTWpFeVgwUlRVMVpmYm05b2IyTndhR2xvYjJOc1lXbGZVMUF1Y0dSbUlpQnpkSGxzWlQwaVptOXVkQzF6YVhwbE9pQXhObkI0T3lJK2VHVnRJR1JoYm1nZ2M4T2hZMmc4TDJFK1BITndZVzRnYzNSNWJHVTlJbVp2Ym5RdGMybDZaVG9nTVRad2VEc2lQaWs2SUZOV0lIUGh1cjBnWXVHN2l5Qm80YnVuZVNCMDRicWxkQ0JqNGJxaklHdmh1cjkwSUhGMTRicWpJTVNRU3lCbzRidU5ZeUJzNGJxaGFUeGljaUF2UGp3dmMzQmhiajQ4YzNSeWIyNW5JSE4wZVd4bFBTSm1iMjUwTFhOcGVtVTZJREUyY0hnN0lqNG1ibUp6Y0RzZ0t5QkQ0YnF0Y0NCdWFPRzZyWFFnVkV0Q0ptNWljM0E3UEM5emRISnZibWMrUEhOd1lXNGdjM1I1YkdVOUltWnZiblF0YzJsNlpUb2dNVFp3ZURzaVBuTmhkU0JyYUdrZ2VPRzdyU0JzdzYwZ2FPRzdwM2tneEpCTElHUERvV01nVTFZZ2J1RzdveUJvNGJ1Tll5QndhTU90SUNnOEwzTndZVzQrUEhOMGNtOXVaeUJ6ZEhsc1pUMGlabTl1ZEMxemFYcGxPaUF4Tm5CNE95SStaMm5odTY4Z2JtZDFlY09xYmlCMGFNTzBibWNnZEdsdUlDSk80YnVqSUdqaHU0MWpJSEJvdzYwaVBDOXpkSEp2Ym1jK1BITndZVzRnYzNSNWJHVTlJbVp2Ym5RdGMybDZaVG9nTVRad2VEc2lQaVp1WW5Od084U1I0YnVESUZOV0lHSnA0YnEvZENrOFluSWdMejQ4TDNOd1lXNCtQSE4wY205dVp5QnpkSGxzWlQwaVptOXVkQzF6YVhwbE9pQXhObkI0T3lJK0ptNWljM0E3SUNzbWJtSnpjRHM4TDNOMGNtOXVaejQ4YzNSeWIyNW5JSE4wZVd4bFBTSm1iMjUwTFhOcGVtVTZJREUyY0hnN0lqNVVhZUc2djNBZ2Jtamh1cTF1SUhSbzRicXZZeUJ0NGJxdll5Qm9iK0c2dDJNZ2VjT3FkU0JqNGJxbmRTQW9idUc2djNVZ1k4T3pLU0JqNGJ1bllTQlRWaUIyNGJ1QklHamh1NDFqSUhCb3c2MG1ibUp6Y0RzOEwzTjBjbTl1Wno0OGMzQmhiaUJ6ZEhsc1pUMGlabTl1ZEMxemFYcGxPaUF4Tm5CNE95SStjWFZoSUcxaGFXd2djRjlyWldodllXTm9kR0ZwWTJocGJtaEFjMmQxTG1Wa2RTNTJianhpY2lBdlBqd3ZjM0JoYmo0OGMzQmhiaUJ6ZEhsc1pUMGlabTl1ZEMxemFYcGxPaUF4Tm5CNE95Qm1iMjUwTFdaaGJXbHNlVG9nVkdGb2IyMWhPeUkrSm01aWMzQTdJQ1p1WW5Od095QW1ibUp6Y0RzOEwzTndZVzQrUEhOd1lXNGdjM1I1YkdVOUltWnZiblF0YzJsNlpUb2dNVFp3ZURzZ1ptOXVkQzFtWVcxcGJIazZJRlJoYUc5dFlUc2lQaW9neEpEaHU2TjBJREVneEpIaHVyOXVJREUxWnl3Z01qZ3ZNREV2TWpBeU1qc2dZK0c2clhBZ2Jtamh1cTEwSUd2aHVyOTBJSEYxNGJxaklIamh1NjBnYk1PdElIVGh1NnNnTVRkbkxDQXlPQzh3TVM4eU1ESXlManhpY2lBdlBqd3ZjM0JoYmo0OGMzQmhiaUJ6ZEhsc1pUMGlabTl1ZEMxemFYcGxPaUF4Tm5CNE95SStKbTVpYzNBN0lDWnVZbk53T3lBbWJtSnpjRHNxSU1TUTRidWpkQ0F5SUNoellYVWdkR2podTUxcElHZHBZVzRnYm1kbzRidUpJRlRodXI5MEtTQjA0YnVySURBM0x6QXlJTVNSNGJxL2JpQXhOV2NzSURFeEx6QXlMekl3TWpJN0lHUGh1cTF3SUc1bzRicXRkQ0JyNGJxL2RDQnhkZUc2b3lCNDRidXRJR3pEclNCMDRidXJJREUzWnl3Z01URXZNREl2TWpBeU1pNDhZbklnTHo0OEwzTndZVzQrUEM5emNHRnVQanh6Y0dGdUlITjBlV3hsUFNKbWIyNTBMWE5wZW1VNklERTJjSGc3SUdadmJuUXRabUZ0YVd4NU9pQlVZV2h2YldFN0lqNG1ibUp6Y0RzZ0ptNWljM0E3Sm01aWMzQTdQSE4wY205dVp6NG9QQzl6ZEhKdmJtYytQQzl6Y0dGdVBqeHpjR0Z1SUhOMGVXeGxQU0ptYjI1MExYTnBlbVU2SURFMmNIZzdJR1p2Ym5RdFptRnRhV3g1T2lCVVlXaHZiV0U3SWo0OGMzUnliMjVuUGpFNFp5d2dNVEV2TURJdk1qQXlNand2YzNSeWIyNW5Qand2YzNCaGJqNDhjM1J5YjI1bklITjBlV3hsUFNKbWIyNTBMV1poYldsc2VUb2dWR0ZvYjIxaE95Qm1iMjUwTFhOcGVtVTZJREUyY0hnN0lqNHBKbTVpYzNBN1BDOXpkSEp2Ym1jK1BITndZVzRnYzNSNWJHVTlJbVp2Ym5RdGMybDZaVG9nTVRad2VEc2dabTl1ZEMxbVlXMXBiSGs2SUZSaGFHOXRZVHNpUGp4emRISnZibWMrUStHNnJYQWdibWpodXExMElGUkxRaUIydzZBZ2FPRzdqV01nY0dqRHJTQjBjc2F3NGJ1Yll5QnJhR2tnWXVHNnIzUWd4SkhodXFkMUlHamh1NDFqSUd2RHJEd3ZjM1J5YjI1blBqeHpkSEp2Ym1jK1BHSnlJQzgrUEM5emRISnZibWMrUEM5emNHRnVQanh6Y0dGdUlITjBlV3hsUFNKbWIyNTBMWE5wZW1VNklERTJjSGc3SUdadmJuUXRabUZ0YVd4NU9pQlVZV2h2YldFN0lqNG1ibUp6Y0RzZ0ptNWljM0E3SUNadVluTndPend2YzNCaGJqNDhjM0JoYmlCemRIbHNaVDBpWm05dWRDMXphWHBsT2lBeE5YQjRPeUIzYUdsMFpTMXpjR0ZqWlRvZ2NISmxMWGR5WVhBN0lHSmhZMnRuY205MWJtUXRZMjlzYjNJNklDTmxOV1ZtWm1ZN0lHWnZiblF0Wm1GdGFXeDVPaUFtY1hWdmREdFRaV2R2WlNCVlNTWnhkVzkwT3l3Z1UyVm5iMlYxYVZCakxDQW1jWFZ2ZER0VFlXNGdSbkpoYm1OcGMyTnZKbkYxYjNRN0xDQW1jWFZ2ZER0SVpXeDJaWFJwWTJFZ1RtVjFaU1p4ZFc5ME95d2dTR1ZzZG1WMGFXTmhMQ0FtY1hWdmREdE1kV05wWkdFZ1IzSmhibVJsSm5GMWIzUTdMQ0JTYjJKdmRHOHNJRlZpZFc1MGRTd2dWR0ZvYjIxaExDQW1jWFZ2ZER0TmFXTnliM052Wm5RZ1UyRnVjeUJUWlhKcFppWnhkVzkwT3l3Z1FYSnBZV3dzSUhOaGJuTXRjMlZ5YVdZN0lqNHJJRWpodTQxaklIQm93NjBnZHNPZ0lHdmh1cjkwSUhGMTRicWpJTVNRUzAxSU9pQmo0YnF0Y0NCdWFPRzZyWFFnS0dMaHU1VWdjM1Z1WnlCMnc2QWdjR2podTZWaklHamh1NU5wS1NCcjRicS9kQ0J4ZGVHNm95REVrRXROU0NERWtjT2pJTVNSeHJEaHU2TmpJSFJwNGJxL2NDQnVhT0c2clc0Z3hKSGh1cjl1SURFMVp5d2dNVEV2TURJdk1qQXlNZ284TDNOd1lXNCtQSE53WVc0Z2MzUjViR1U5SW1KaFkydG5jbTkxYm1RdFkyOXNiM0k2SUNObE5XVm1abVk3SUdadmJuUXRjMmw2WlRvZ01UVndlRHNnZDJocGRHVXRjM0JoWTJVNklIQnlaUzEzY21Gd095Qm1iMjUwTFdaaGJXbHNlVG9nSm5GMWIzUTdVMlZuYjJVZ1ZVa21jWFZ2ZERzc0lGTmxaMjlsZFdsUVl5d2dKbkYxYjNRN1UyRnVJRVp5WVc1amFYTmpieVp4ZFc5ME95d2dKbkYxYjNRN1NHVnNkbVYwYVdOaElFNWxkV1VtY1hWdmREc3NJRWhsYkhabGRHbGpZU3dnSm5GMWIzUTdUSFZqYVdSaElFZHlZVzVrWlNaeGRXOTBPeXdnVW05aWIzUnZMQ0JWWW5WdWRIVXNJRlJoYUc5dFlTd2dKbkYxYjNRN1RXbGpjbTl6YjJaMElGTmhibk1nVTJWeWFXWW1jWFZ2ZERzc0lFRnlhV0ZzTENCellXNXpMWE5sY21sbU95SStJQ0FnSUNBZ0t5QlVhT0c3bldrZ2EyakRzMkVnWW1uaHU0TjFPaUFLUEM5emNHRnVQanh6Y0dGdUlITjBlV3hsUFNKaVlXTnJaM0p2ZFc1a0xXTnZiRzl5T2lBalpUVmxabVptT3lCbWIyNTBMWE5wZW1VNklERTFjSGc3SUhkb2FYUmxMWE53WVdObE9pQndjbVV0ZDNKaGNEc2dabTl1ZEMxbVlXMXBiSGs2SUNaeGRXOTBPMU5sWjI5bElGVkpKbkYxYjNRN0xDQlRaV2R2WlhWcFVHTXNJQ1p4ZFc5ME8xTmhiaUJHY21GdVkybHpZMjhtY1hWdmREc3NJQ1p4ZFc5ME8waGxiSFpsZEdsallTQk9aWFZsSm5GMWIzUTdMQ0JJWld4MlpYUnBZMkVzSUNaeGRXOTBPMHgxWTJsa1lTQkhjbUZ1WkdVbWNYVnZkRHNzSUZKdlltOTBieXdnVldKMWJuUjFMQ0JVWVdodmJXRXNJQ1p4ZFc5ME8wMXBZM0p2YzI5bWRDQlRZVzV6SUZObGNtbG1KbkYxYjNRN0xDQkJjbWxoYkN3Z2MyRnVjeTF6WlhKcFpqc2lQaUFnSUNBZ0lDQWdJREVwSUNqRWtlRzdsV2tnUjFZcElHUERvV01nYm1qRHMyMGdiT0c3bTNBZ1IwUlJVQ0JzYWNPcWJpQnhkV0Z1SU1TUjRicS9iaUJIVmlCUWFPRzZvVzBnVkdoaGJtZ2dWc1dwQ2p3dmMzQmhiajQ4YzNCaGJpQnpkSGxzWlQwaVltRmphMmR5YjNWdVpDMWpiMnh2Y2pvZ0kyVTFaV1ptWmpzZ1ptOXVkQzF6YVhwbE9pQXhOWEI0T3lCM2FHbDBaUzF6Y0dGalpUb2djSEpsTFhkeVlYQTdJR1p2Ym5RdFptRnRhV3g1T2lBbWNYVnZkRHRUWldkdlpTQlZTU1p4ZFc5ME95d2dVMlZuYjJWMWFWQmpMQ0FtY1hWdmREdFRZVzRnUm5KaGJtTnBjMk52Sm5GMWIzUTdMQ0FtY1hWdmREdElaV3gyWlhScFkyRWdUbVYxWlNaeGRXOTBPeXdnU0dWc2RtVjBhV05oTENBbWNYVnZkRHRNZFdOcFpHRWdSM0poYm1SbEpuRjFiM1E3TENCU2IySnZkRzhzSUZWaWRXNTBkU3dnVkdGb2IyMWhMQ0FtY1hWdmREdE5hV055YjNOdlpuUWdVMkZ1Y3lCVFpYSnBaaVp4ZFc5ME95d2dRWEpwWVd3c0lITmhibk10YzJWeWFXWTdJajRnSUNBZ0lDQWdJQ0F5S1NBb3hKRnA0YnVCZFNCamFPRzdpVzVvSUczRHRHNGd4SkhFZzI1bklHdkRyU2tnVE9HN20zQWdSRkZITVRJeGVDQW9VMVlnYkduRHFtNGdhT0c3aHlCMjRidWJhU0JMYUc5aElNU1I0YnVESUdKcDRicS9kQ0JqYUdrZ2RHbmh1cjkwS1FvOEwzTndZVzQrUEhOd1lXNGdjM1I1YkdVOUltWnZiblF0Wm1GdGFXeDVPaUFtY1hWdmREdFRaV2R2WlNCVlNTWnhkVzkwT3l3Z1UyVm5iMlYxYVZCakxDQW1jWFZ2ZER0VFlXNGdSbkpoYm1OcGMyTnZKbkYxYjNRN0xDQW1jWFZ2ZER0SVpXeDJaWFJwWTJFZ1RtVjFaU1p4ZFc5ME95d2dTR1ZzZG1WMGFXTmhMQ0FtY1hWdmREdE1kV05wWkdFZ1IzSmhibVJsSm5GMWIzUTdMQ0JTYjJKdmRHOHNJRlZpZFc1MGRTd2dWR0ZvYjIxaExDQW1jWFZ2ZER0TmFXTnliM052Wm5RZ1UyRnVjeUJUWlhKcFppWnhkVzkwT3l3Z1FYSnBZV3dzSUhOaGJuTXRjMlZ5YVdZN0lqNDhjM0JoYmlCemRIbHNaVDBpWm05dWRDMXphWHBsT2lBeE5YQjRPeUIzYUdsMFpTMXpjR0ZqWlRvZ2NISmxMWGR5WVhBN0lHSmhZMnRuY205MWJtUXRZMjlzYjNJNklDTmxOV1ZtWm1ZN0lqNGdJQ0FnSUNBZ0lDQXpLU0FveEpGcDRidUJkU0JqYUhWNTRidURiaUJ3YU1PeWJtY3BJTVNSNGJxM1l5QmlhZUc3aDNRZ1krRzdwMkVnWThPaFl5QnM0YnViY0NCTGFHOWhJRU5PVkZRN0lDakVrV25odTRGMUlHTm80YnVKYm1nZ2RHamh1NTFwSUd0b3c3TmhJR0pwNGJ1RGRTa2diZUc3bVhRZ2MrRzdrU0JzNGJ1YmNDQkRURU1nS0VOT1ZGUXBDand2YzNCaGJqNDhMM053WVc0K1BITndZVzRnYzNSNWJHVTlJbVp2Ym5RdGMybDZaVG9nTVRad2VEc2dabTl1ZEMxbVlXMXBiSGs2SUZSaGFHOXRZVHNpUGladVluTndPeUFtYm1KemNEc2dVR2pEc201bklHamh1NDFqSU1TUnhyRGh1Nk5qSUhMRG9DQnpiOE9oZENCczRicW5iaUJqZGVHN2tXa3NKbTVpYzNBN1BITjBjbTl1Wno1MDRicWxkQ0JqNGJxaklGTldJR3RwNGJ1RGJTQjBjbUVtYm1KemNEczhMM04wY205dVp6NDhMM053WVc0K1BITndZVzRnYzNSNWJHVTlJbVp2Ym5RdGMybDZaVG9nTVRad2VEc2dabTl1ZEMxbVlXMXBiSGs2SUZSaGFHOXRZVHNpUGp4emRISnZibWMrVkV0Q0lDaGs0YnFoYm1jZ1NFc2dZOE9oSUc1b3c2SnVQSE53WVc0Z2MzUjViR1U5SW5SbGVIUXRaR1ZqYjNKaGRHbHZiaTFzYVc1bE9pQjFibVJsY214cGJtVTdJajRwUEM5emNHRnVQand2YzNSeWIyNW5Qand2YzNCaGJqNDhjM0JoYmlCemRIbHNaVDBpWm05dWRDMXphWHBsT2lBeE5uQjRPeUJtYjI1MExXWmhiV2xzZVRvZ1ZHRm9iMjFoT3lJK1BITjBjbTl1Wno0bWJtSnpjRHQydzZBZ2JNYXdkU0REdlNCMjRidUJJSEJvdzdKdVp5Qm80YnVOWXp3dmMzUnliMjVuUGk0OFluSWdMejQ4TDNOd1lXNCtQSE53WVc0Z2MzUjViR1U5SW1admJuUXRjMmw2WlRvZ01UWndlRHNnWm05dWRDMW1ZVzFwYkhrNklGUmhhRzl0WVRzaVBpWnVZbk53T3lBbWJtSnpjRHNnS0ZOV0lIQm80YnFqYVNCWVpXMGdWRXRDSUdUaHVxRnVaeUFpVkV0Q0lHamh1NDFqSUd2aHU3TWdZOE9oSUc1b3c2SnVJaXdnYTJqRHRHNW5JRmhsYlNBaVZFSkxJR1RodXFGdVp5QjBkZUc2cDI0aU95REVrZUc3Z3lCVFZpQjBhT0c2cFhrZ2RPRzZwWFFnWStHNm95QnI0YnEvZENCeGRlRzZveURFa0VzZ3hKSGh1cmRqSUdKcDRidUhkQ0IyNGJ1YmFTQmp3NkZqSUc1b3c3TnRJR3podTV0d0lHdG93N1J1WnlCaTRicXZkQ0RFa2VHNnAzVWdhT0c3aldNZ2RPRzdxeUJVZGVHNnAyNGdNU0F0SURFMEx6QXlMekl3TWpJZ0xTQjJ3NkFnWThPaFl5QnVhTU96YlNCczRidWJjQ0JyYU1PMGJtY2dlT0c2djNBZ1ZFdENJRzVveHJBZ1ZHamh1N0ZqSUhUaHVyOHNJQzR1TGlrbWJtSnpjRHM4WW5JZ0x6NDhMM053WVc0K1BITndZVzRnYzNSNWJHVTlJbVp2Ym5RdGMybDZaVG9nTVRad2VEc2dabTl1ZEMxbVlXMXBiSGs2SUZSaGFHOXRZVHNpUGladVluTndPeUFtYm1KemNEc2dVMkYxSUhSbzRidWRhU0RFa1duaHU0TnRJRzdEb0hrc0lHN2h1cjkxSUZOV0lIYmh1cXR1SUdOb3hyQmhJR3ZodTR0d0lIQm80YnFqYmlCbzRidVRhU0IwYU9HNnIyTWdiZUc2cjJNZ2FHL2h1cmRqSUhuRHFuVWdZK0c2cDNVZ2R1RzdnU0JvNGJ1Tll5QndhTU90SU1TUjRicS9iaUJRSUV0SVZFTWdkR2pEckNCMGFlRzZ2M0FnZE9HN3BXTWdaK0c3cldrZ2RHaGxieUJveHJEaHU1dHVaeUJrNGJxcmJpRGh1NThnZEhMRHFtNGdkc09nSUhSb1pXOGdaTU8xYVNCcjRicS9kQ0J4ZGVHNm95QjQ0YnV0SUd6RHJTQjBjbTl1WnlCdVo4T2dlU0IwYU9HN3FTQm9ZV2tnTVRRdk1ESXZNakF5TWk0bWJtSnpjRHNvTVRkbk16QXNJREUwTHpBeUx6SXdNaklwSUVQaHVxMXdJRzVvNGJxdGRDQlVTMElnZHNPZ0lHamh1NDFqSUhCb3c2MHVKbTVpYzNBN1BDOXpjR0Z1UGp4emNHRnVJSE4wZVd4bFBTSm1iMjUwTFhOcGVtVTZJREUyY0hnN0lHWnZiblF0Wm1GdGFXeDVPaUJVWVdodmJXRTdJajRvTVRkbkxDQXhPQzh3TWk4eU1ESXlLU0JENGJxdGNDQnVhT0c2clhRZ1ZFdENJSGJEb0NCbzRidU5ZeUJ3YU1PdFBDOXpjR0Z1UGp4emNHRnVJSE4wZVd4bFBTSm1iMjUwTFhOcGVtVTZJREUyY0hnN0lHWnZiblF0Wm1GdGFXeDVPaUJVWVdodmJXRTdJajR1UEM5emNHRnVQanh6Y0dGdUlITjBlV3hsUFNKbWIyNTBMWE5wZW1VNklERTJjSGc3SUdadmJuUXRabUZ0YVd4NU9pQlVZV2h2YldFN0lqNDhjM1J5YjI1blBpWnVZbk53T3lBbWJtSnpjRHM4WW5JZ0x6NDhjM0JoYmlCemRIbHNaVDBpWTI5c2IzSTZJQ013TURBd1ptWTdJajRtYm1KemNEc2dKbTVpYzNBN0lDZ3hPR2NzSURJMUx6QXlMekl3TWpJcElFUGh1cTF3SUc1bzRicXRkQ0JVUzBJZ2RzT2dJR2podTQxaklIQm93NjBneEpIaHU2TjBJR04xNGJ1UmFTREVrZUc3Z3lCd2FNT2hkQ0JvdzZCdWFDQkVVeUJ1YU1PemJTQnM0YnViY0NCamFNT3RibWdnZEdqaHU2bGpQQzl6Y0dGdVBqd3ZjM1J5YjI1blBqd3ZjM0JoYmo0OGMzQmhiaUJ6ZEhsc1pUMGlZMjlzYjNJNklDTXdNREF3Wm1ZN0lqNDhjM0JoYmlCemRIbHNaVDBpWm05dWRDMXphWHBsT2lBeE5uQjRPeUJtYjI1MExXWmhiV2xzZVRvZ1ZHRm9iMjFoT3lJK0xqd3ZjM0JoYmo0OGMzQmhiaUJ6ZEhsc1pUMGlZbUZqYTJkeWIzVnVaQzFqYjJ4dmNqb2dJMlUxWldabVpqc2dabTl1ZEMxemFYcGxPaUF4TlhCNE95QjNhR2wwWlMxemNHRmpaVG9nY0hKbExYZHlZWEE3SUdadmJuUXRabUZ0YVd4NU9pQW1jWFZ2ZER0VFpXZHZaU0JWU1NaeGRXOTBPeXdnVTJWbmIyVjFhVkJqTENBbWNYVnZkRHRUWVc0Z1JuSmhibU5wYzJOdkpuRjFiM1E3TENBbWNYVnZkRHRJWld4MlpYUnBZMkVnVG1WMVpTWnhkVzkwT3l3Z1NHVnNkbVYwYVdOaExDQW1jWFZ2ZER0TWRXTnBaR0VnUjNKaGJtUmxKbkYxYjNRN0xDQlNiMkp2ZEc4c0lGVmlkVzUwZFN3Z1ZHRm9iMjFoTENBbWNYVnZkRHROYVdOeWIzTnZablFnVTJGdWN5QlRaWEpwWmlaeGRXOTBPeXdnUVhKcFlXd3NJSE5oYm5NdGMyVnlhV1k3SWo0Z0lDQWdQQzl6Y0dGdVBqd3ZjM0JoYmo0OEwzQStQSEErUEhOd1lXNGdjM1I1YkdVOUltWnZiblF0YzJsNlpUb2dNVFp3ZURzZ1ptOXVkQzFtWVcxcGJIazZJRlJoYUc5dFlUc2lQanh6Y0dGdVBqeHpkSEp2Ym1jK0tpREVrTVNEYm1jZ2E4T3RJR2podTQxaklHemh1cUZwTHlCajRicWphU0IwYUduaHU0ZHVJSE5oZFNCcmFHa2dZOE96SUd2aHVyOTBJSEYxNGJxaklHamh1NDFqSUd2RHJDQW9jMkYxSUd2RHJDQjBhR2tnYStHNnYzUWdkR2pEdW1NZ2FPRzdqV01nY0dqaHVxZHVJR1BodTZkaElFaExJSEJvNGJ1bEtUeGljaUF2UGp3dmMzUnliMjVuUGp3dmMzQmhiajQ4TDNOd1lXNCtQSE53WVc0Z2MzUjViR1U5SW1admJuUXRjMmw2WlRvZ01UWndlRHNnWm05dWRDMW1ZVzFwYkhrNklGUmhhRzl0WVRzaVBpWnVZbk53T3lBbWJtSnpjRHNxSUZSbzRidWRhU0JuYVdGdU9pQlU0YnVySURFMEx6QXlJTVNSNGJxL2JpQXhObWNzSURFM0x6QXlMekl3TWpJc0lIRjFZU0J0WVdsc0lGQm93N0p1WnlERWtNT2dieUIwNGJxaGJ5NGdWR2pEdEc1bklIUnBiaUJqNGJxdGNDQnVhT0c2clhRZ01UaG5MQ0F4Tnk4d01pOHlNREl5TGp4aWNpQXZQand2YzNCaGJqNDhjM0JoYmlCemRIbHNaVDBpWm05dWRDMXphWHBsT2lBeE5uQjRPeUJtYjI1MExXWmhiV2xzZVRvZ1ZHRm9iMjFoT3lJK0ptNWljM0E3SUNadVluTndPeW9neEpEaHU1RnBJSFRHc09HN28yNW5PaUJUVmlCdXhJTnRJR04xNGJ1UmFTQmp3N01nYm1oMUlHUGh1cWQxSUdqaHU0MWpJR3podXFGcEx5Qmo0YnFqYVNCMGFHbmh1NGR1SUhiaHU1dHBJR2podTQxaklIQm80YnFuYmlCMjRidXJZU0JqdzdNZ3hKRnA0YnVEYlNBb1krRzdwMkVnU0VzZ1NTa2d4SkhodXFGMElNU1JhZUc3ZzIwZ1JDQm9iK0c2dDJNZ1l1RzdpeURFa1duaHU0TnRJRVl1UEdKeUlDOCtQQzl6Y0dGdVBqeHpjR0Z1SUhOMGVXeGxQU0ptYjI1MExYTnBlbVU2SURFMmNIZzdJR1p2Ym5RdFptRnRhV3g1T2lCVVlXaHZiV0U3SWo0bWJtSnpjRHNnSm01aWMzQTdLaURFa01PemJtY2dhT0c3aldNZ2NHakRyVG9nYm1mRG9Ia2dNVGd2TURJdk1qQXlNaUFvZEhMaHU3RmpJSFJwNGJxL2NDQjA0YnFoYVNCUUxpQkxTRlJESUdodjRicTNZeUJqYUhWNTRidURiaUJyYUcvaHVxTnVLVHhpY2lBdlBqd3ZjM0JoYmo0OGMzQmhiaUJ6ZEhsc1pUMGlZMjlzYjNJNklDTXdNREF3Wm1ZN0lqNDhjM0JoYmlCemRIbHNaVDBpWm05dWRDMW1ZVzFwYkhrNklGUmhhRzl0WVRzaVBqeHpjR0Z1SUhOMGVXeGxQU0ptYjI1MExYTnBlbVU2SURFMmNIZzdJajQ4YzNSeWIyNW5QaW9nV09HN3JTQnN3NjBnZE1hd3hxRnVaeURFa2Nhd3hxRnVaeUJ0dzdSdUlHamh1NDFqSUNodWFPRzZyMk1neEpIaHU2TjBJR04xNGJ1UmFTQmphRzhnVTFZZ2JtZHZ3NkJwSUhQR3NDQndhT0c2b1cwcFBHSnlJQzgrUEM5emRISnZibWMrUEM5emNHRnVQand2YzNCaGJqNDhjM0JoYmlCemRIbHNaVDBpWm05dWRDMW1ZVzFwYkhrNklGUmhhRzl0WVRzaVBqeHpjR0Z1SUhOMGVXeGxQU0ptYjI1MExYTnBlbVU2SURFMmNIZzdJajRtYm1KemNEc2dKbTVpYzNBN1UxWWdidUc3bVhBZ3hKSEdvVzRnWXNPaGJ5Qmp3NkZ2SU1TUnc2TWd4SkhFZzI1bklHdkRyU0J0dzZNZ2FPRzdqV01nY0dqaHVxZHVJR3RvdzZGaklIYmh1NXRwSUczRG95Qm80YnVOWXlCd2FPRzZwMjRnY1hWNUlNU1I0YnVMYm1nZ1kyaHZJRU5VeEpCVUlDaGphT0c3cHlCNTRicS9kU0JrYnlCVFZpQnJhTU96WVNCMGNzYXc0YnViWXlCbzRidU5ZeUJzNGJxaGFTOGdhT0c3aldNZ1krRzZvMmtnZEdocDRidUhiaThnYU9HN2pXTWdZc081SUhiaHU1dHBJRXRvdzdOaElESXdJSFJ5NGJ1ZklNU1JhU2tnWTJqaHVxMXRJRzVvNGJxbGRDQnN3NkFnZEhKdmJtY2dkSFhodXFkdUlIUm80YnVwSURNZ1krRzdwMkVnU0VzZ0tHN2h1NWx3SUhSeTRidXhZeUIwYWVHNnYzQWdkT0c2b1drZ1VHakRzbTVuSU1TUXc2QnZJSFRodXFGdklFTXVRekF3Tnl3Z2FHL2h1cmRqSUhGMVlTQnRZV2xzSUhCZlpHRnZkR0Z2UUhObmRTNWxaSFV1ZG00cExqd3ZjM0JoYmo0OEwzTndZVzQrUEM5emNHRnVQand2Y0Q0OGNENDhjM0JoYmlCemRIbHNaVDBpWTI5c2IzSTZJQ05tWmpBd01EQTdJajQ4YzNCaGJpQnpkSGxzWlQwaVptOXVkQzEzWldsbmFIUTZJR0p2YkdRN0lHWnZiblF0YzJsNlpUb2dNVFp3ZURzZ1ptOXVkQzFtWVcxcGJIazZJRlJoYUc5dFlUc2lQaW9nVXNPNmRDQnR3N1J1SUdqaHU0MWpKbTVpYzNBN0tIVGh1NnNnZEhYaHVxZHVJSFJvNGJ1cElETWdZK0c3cDJFZ2FPRzdqV01nYThPc0tUeGljaUF2UGp3dmMzQmhiajQ4TDNOd1lXNCtQSE53WVc0Z2MzUjViR1U5SW1OdmJHOXlPaUFqWm1Zd01EQXdPeUkrUEhOd1lXNGdjM1I1YkdVOUltWnZiblF0Wm1GdGFXeDVPaUJVWVdodmJXRTdJajQ4YzNCaGJpQnpkSGxzWlQwaVptOXVkQzF6YVhwbE9pQXhObkI0T3lJK0ptNWljM0E3SUNneEtTQlRWaUJ1NGJ1WmNDREVrY2FoYmlCU3c3cDBJRzNEdEc0Z2FPRzdqV01nZE9HN3F5QnVaOE9nZVNBeU9DOHdNaTh5TURJeUlNU1I0YnEvYmlCbzRicS9kQ0J1WjhPZ2VTQXdNUzh3TkM4eU1ESXlMQ0IwNGJxaGFTQlFhTU95Ym1jZ3hKRERvRzhnZE9HNm9XOGdLRU11UXpBd055azhMM053WVc0K1BHSnlJQzgrUEhOd1lXNGdjM1I1YkdVOUltWnZiblF0YzJsNlpUb2dNVEp3ZERzaVBpWnVZbk53T3lBbWJtSnpjRHM4TDNOd1lXNCtQQzl6Y0dGdVBqd3ZjM0JoYmo0OGMzQmhiaUJ6ZEhsc1pUMGlabTl1ZEMxemFYcGxPaUF4TW5CME95SStQSE53WVc0Z2MzUjViR1U5SW1admJuUXRabUZ0YVd4NU9pQkRZV3hwWW5KcExDQW1jWFZ2ZER0ellXNXpMWE5sY21sbUpuRjFiM1E3T3lJK0ptNWljM0E3SUR3dmMzQmhiajQ4YzNCaGJpQnpkSGxzWlQwaVptOXVkQzFtWVcxcGJIazZJRU5oYkdsaWNta3NJQ1p4ZFc5ME8zTmhibk10YzJWeWFXWW1jWFZ2ZERzN0lqNU80YnVaYVNCa2RXNW5JTVNSeHFGdU9qeGljaUF2UGp3dmMzQmhiajQ4YzNCaGJpQnpkSGxzWlQwaVptOXVkQzFtWVcxcGJIazZJRU5oYkdsaWNta3NJQ1p4ZFc5ME8zTmhibk10YzJWeWFXWW1jWFZ2ZERzN0lqNG1ibUp6Y0RzZ0ptNWljM0E3UEM5emNHRnVQanh6Y0dGdUlITjBlV3hsUFNKbWIyNTBMV1poYldsc2VUb2dRMkZzYVdKeWFTd2dKbkYxYjNRN2MyRnVjeTF6WlhKcFppWnhkVzkwT3pzaVBpWnVZbk53T3dvOEwzTndZVzQrUEhOd1lXNGdjM1I1YkdVOUltWnZiblF0Wm1GdGFXeDVPaUJEWVd4cFluSnBMQ0FtY1hWdmREdHpZVzV6TFhObGNtbG1KbkYxYjNRN095SStLeUJVYU1PMGJtY2dkR2x1SUZOV09pQk53Nk1nYytHN2tTQlRWaXdnU09HN2pTQjB3NnB1SUZOV0xDQk9aOE9nYm1nc0lFemh1NXR3UEdKeUlDOCtQQzl6Y0dGdVBqeHpjR0Z1SUhOMGVXeGxQU0ptYjI1MExXWmhiV2xzZVRvZ1EyRnNhV0p5YVN3Z0puRjFiM1E3YzJGdWN5MXpaWEpwWmlaeGRXOTBPenNpUGladVluTndPend2YzNCaGJqNDhjM0JoYmlCemRIbHNaVDBpWm05dWRDMW1ZVzFwYkhrNklFTmhiR2xpY21rc0lDWnhkVzkwTzNOaGJuTXRjMlZ5YVdZbWNYVnZkRHM3SWo0bWJtSnpjRHNnSm01aWMzQTdKbTVpYzNBN1BDOXpjR0Z1UGp4emNHRnVJSE4wZVd4bFBTSm1iMjUwTFdaaGJXbHNlVG9nUTJGc2FXSnlhU3dnSm5GMWIzUTdjMkZ1Y3kxelpYSnBaaVp4ZFc5ME96c2lQaXNnUThPaFl5Qm80YnVOWXlCd2FPRzZwMjRnZUdsdUlITER1blE2SUUzRG95QklVQ3dnVk1PcWJpQklVQ3dnVGNPaklHNW93N050TENCVDRidVJJSFREclc0Z1kyamh1NGtnS0czaHU1ZHBJRWhRSURFS1pNT3libWNwUEdKeUlDOCtQQzl6Y0dGdVBqeHpjR0Z1SUhOMGVXeGxQU0ptYjI1MExXWmhiV2xzZVRvZ1EyRnNhV0p5YVN3Z0puRjFiM1E3YzJGdWN5MXpaWEpwWmlaeGRXOTBPenNpUGladVluTndPeVp1WW5Od096d3ZjM0JoYmo0OGMzQmhiaUJ6ZEhsc1pUMGlabTl1ZEMxbVlXMXBiSGs2SUVOaGJHbGljbWtzSUNaeGRXOTBPM05oYm5NdGMyVnlhV1ltY1hWdmREczdJajRtYm1KemNEc2dKbTVpYzNBN1BDOXpjR0Z1UGp4emNHRnVJSE4wZVd4bFBTSm1iMjUwTFdaaGJXbHNlVG9nUTJGc2FXSnlhU3dnSm5GMWIzUTdjMkZ1Y3kxelpYSnBaaVp4ZFc5ME96c2lQaXNLVk9HN2xXNW5JSFBodTVFZ2RNT3RiaUJqYU9HN2lTQlRWaURFa2NTRGJtY2dhOE85SUNoanc3SnVJR3podXFGcElITmhkU0JyYUdrZ2NzTzZkQ0J0dzdSdUlHamh1NDFqS1NCMGNtOXVaeUJvNGJ1Tll5QnI0YnV6TGp4aWNpQXZQand2YzNCaGJqNDhjM0JoYmlCemRIbHNaVDBpWm05dWRDMW1ZVzFwYkhrNklFTmhiR2xpY21rc0lDWnhkVzkwTzNOaGJuTXRjMlZ5YVdZbWNYVnZkRHM3SWo0bWJtSnpjRHNnSm01aWMzQTdJQ1p1WW5Od096d3ZjM0JoYmo0OGMzQmhiaUJ6ZEhsc1pUMGlabTl1ZEMxbVlXMXBiSGs2SUVOaGJHbGljbWtzSUNaeGRXOTBPM05oYm5NdGMyVnlhV1ltY1hWdmREczdJajRySUV6RHZTQmtieUI0YVc0Z2NzTzZkQ0J0dzdSdUlHamh1NDFqSUNodXc2cDFJSExEdFNCc3c3MGdaRzhwUEdKeUlDOCtQQzl6Y0dGdVBqeHpjR0Z1SUhOMGVXeGxQU0ptYjI1MExXWmhiV2xzZVRvZ1EyRnNhV0p5YVN3Z0puRjFiM1E3YzJGdWN5MXpaWEpwWmlaeGRXOTBPenNpUGladVluTndPeUFtYm1KemNEc2dKbTVpYzNBN0lDWnVZbk53T3ladVluTndPend2YzNCaGJqNDhjM0JoYmlCemRIbHNaVDBpWm05dWRDMW1ZVzFwYkhrNklFTmhiR2xpY21rc0lDWnhkVzkwTzNOaGJuTXRjMlZ5YVdZbWNYVnZkRHM3SWo0b1R1RzZ2M1VnZHNPc0lHemh1NWRwSUdObzRidW5JSEYxWVc0Z1krRzdwMkVnVTFZZ2RHakRyQ0JUVmlCd2FPRzZvMmtLY3NPNmRDQnJhVzVvSUc1bmFHbmh1NGR0SUdQaHU2VWdkR2podTRNZ3hKSGh1NE1nYTJqRHRHNW5JSEJvNGJxaGJTQnM0YnVYYVNEaHU1OGdZOE9oWXlERWtlRzdvM1FneEpCTElITmhkU2s4WW5JZ0x6NDhMM053WVc0K1BITndZVzRnYzNSNWJHVTlJbVp2Ym5RdFptRnRhV3g1T2lCRFlXeHBZbkpwTENBbWNYVnZkRHR6WVc1ekxYTmxjbWxtSm5GMWIzUTdPeUkrSm01aWMzQTdJQ1p1WW5Od095QW1ibUp6Y0RzOEwzTndZVzQrUEhOd1lXNGdjM1I1YkdVOUltWnZiblF0Wm1GdGFXeDVPaUJEWVd4cFluSnBMQ0FtY1hWdmREdHpZVzV6TFhObGNtbG1KbkYxYjNRN095SStLeUREblNCcmFlRzZ2MjRnS0dQaHU2VWdkR2podTRNcElHUGh1NmRoSUdQaHU1RWdkdUc2cFc0Z2FPRzdqV01nZE9HNnJYQXVQQzl6Y0dGdVBqeHpjR0Z1SUhOMGVXeGxQU0pqYjJ4dmNqb2dJMlptTURBd01Ec2lQanh6Y0dGdUlITjBlV3hsUFNKbWIyNTBMV1poYldsc2VUb2dWR0ZvYjIxaE95SStQR0p5SUM4K1BDOXpjR0Z1UGp3dmMzQmhiajQ4TDNOd1lXNCtQSE53WVc0Z2MzUjViR1U5SW1admJuUXRjMmw2WlRvZ01UWndlRHNnWm05dWRDMW1ZVzFwYkhrNklGUmhhRzl0WVRzZ1kyOXNiM0k2SUNObVpqQXdNREE3SWo0bWJtSnpjRHNnS0RJcElGTldJSFJvWlc4Z1pNTzFhU0JFWVc1b0lIUERvV05vSUhOcGJtZ2dkbW5EcW00Z2VHbHVJSExEdW5RZ2JjTzBiaUJvNGJ1Tll5REVrY09qSU1TUnhyRGh1Nk5qSUdkb2FTQnVhT0c2clc0Z2RPRzZvV2tnZDJWaUlGQm93N0p1WnlERWtNT2dieUIwNGJxaGJ5REVrZUc3Z3lCcmFlRzdnMjBnZEhKaElIUm93N1J1WnlCMGFXNHVQR0p5SUM4K1BDOXpjR0Z1UGp4emNHRnVJSE4wZVd4bFBTSmpiMnh2Y2pvZ0kyWm1NREF3TURzaVBqeHpjR0Z1SUhOMGVXeGxQU0ptYjI1MExXWmhiV2xzZVRvZ1ZHRm9iMjFoT3lJK1BITndZVzRnYzNSNWJHVTlJbVp2Ym5RdGMybDZaVG9nTVRad2VEc2lQaVp1WW5Od095QW9NeWtnVTFZZ2Jtamh1cTF1SUZSb3c3UnVaeUJpdzZGdklITER1blFnYmNPMGJpQm80YnVOWXlERWtlRzdneUIwY3NPc2JtZ2dZMmh2SUVkcDRicWpibWNnZG1uRHFtNGdjMkYxSUc1bnc2QjVJREUxTHpBMEx6SXdNaklnZE9HNm9Xa21ibUp6Y0RzOEwzTndZVzQrUEM5emNHRnVQand2YzNCaGJqNDhjM0JoYmlCemRIbHNaVDBpWm05dWRDMXphWHBsT2lBeE5uQjRPeUJtYjI1MExXWmhiV2xzZVRvZ1ZHRm9iMjFoT3lCamIyeHZjam9nSTJabU1EQXdNRHNpUGxBdUlNU1F3NkJ2SUhUaHVxRnZJQ2hETGtNd01EY3BKbTVpYzNBN1BDOXpjR0Z1UGp3dmNENDhjQ0J6ZEhsc1pUMGlabTl1ZEMxbVlXMXBiSGs2SUZSaGFHOXRZVHNpUGp4emNHRnVJSE4wZVd4bFBTSm1iMjUwTFhOcGVtVTZJREUyY0hnN0lqNDhjM0JoYmlCemRIbHNaVDBpWTI5c2IzSTZJQ013TURnd01EQTdJajR0TFMwdExTMHRMUzB0TFMwdExTMHRMUzB0TFMwdExUd3ZjM0JoYmo0OGMzQmhiaUJ6ZEhsc1pUMGlabTl1ZEMxemFYcGxPaUF4TUM0Mk5qWTNjSGc3SUdOdmJHOXlPaUFqTURBd01EQmhPeUkrSm01aWMzQTdQQzl6Y0dGdVBqeHpjR0Z1SUhOMGVXeGxQU0pqYjJ4dmNqb2dJMlptTURBd01Ec2lQanh6ZEhKdmJtY2djM1I1YkdVOUltTnZiRzl5T2lBak1EQXdNREJoT3lJK1E4T0JReUJVU01PVVRrY2dWRWxPSUV0SXc0RkRQQzl6ZEhKdmJtYytQSE4wY205dVp6NDhZbklnTHo0OEwzTjBjbTl1Wno0OEwzTndZVzQrUEM5emNHRnVQanh6Y0dGdUlITjBlV3hsUFNKbWIyNTBMWE5wZW1VNklERTJjSGc3SWo0cklGTER1blFnYmNPMGJpQm80YnVOWXlCSVN5QkpMQ0F5TURJeElDMGdNakF5TWp4aWNpQXZQand2YzNCaGJqNDhjM0JoYmlCemRIbHNaVDBpWm05dWRDMXphWHBsT2lBeE5uQjRPeUkrUEhOMGNtOXVaejRySUV2aHU3TWdkR2hwSUd2aHVyOTBJSFJvdzdwaklHamh1NDFqSUhCbzRicW5iaUJJNGJ1Tll5QnJ3NndnU1N3Z2JzU0RiU0JvNGJ1Tll5QXlNREl4TFRJd01qSThMM04wY205dVp6NDhMM053WVc0K1BHSnlJSE4wZVd4bFBTSm1iMjUwTFhOcGVtVTZJREUyY0hnN0lpQXZQanh6Y0dGdUlITjBlV3hsUFNKbWIyNTBMWE5wZW1VNklERTJjSGc3SWo0bWJtSnpjRHNnSm01aWMzQTdLREV3THpFeUx6SXdNakVwSUZSb3c3UnVaeUJpdzZGdklIVGh1NVVnWTJqaHU2bGpJSFJvYVNCcjRicS9kQ0IwYU1PNll5Qm80YnVOWXlCd2FPRzZwMjRnS0R3dmMzQmhiajQ4WVNCb2NtVm1QU0pvZEhSd09pOHZkR2h2Ym1kMGFXNWtZVzkwWVc4dWMyZDFMbVZrZFM1MmJpOVZjR3h2WVdRdlptbHNaUzh5TlRZNFgxUkNKVEl3ZGlWRk1TVkNRaVU0TVNVeU1IWnBKVVV4SlVKQ0pUZzNZeVV5TUhRbFJURWxRa0lsT1RVbE1qQmphQ1ZGTVNWQ1FpVkJPV01sTWpCMGFHa2xNakJySlVVeEpVSkJKVUpHZENVeU1IUm9KVU16SlVKQll5VXlNRWhRSlRJd1NDVkZNU1ZDUWlVNFJHTWxNakJySlVNekpVRkRKVEl3U1NVeU1HNGxRelFsT0ROdEpUSXdhQ1ZGTVNWQ1FpVTRSR01sTWpBeU1ESXhMVEl3TWpJdUxuQmtaaUlnYzNSNWJHVTlJbVp2Ym5RdGMybDZaVG9nTVRad2VEc2lQbFJDSURJMU5qZ3ZWRUl0eEpCSVUwY3NJREV3THpFeUx6SXdNakU4TDJFK1BITndZVzRnYzNSNWJHVTlJbVp2Ym5RdGMybDZaVG9nTVRad2VEc2lQaWs4WW5JZ0x6NDhMM053WVc0K1BITndZVzRnYzNSNWJHVTlJbVp2Ym5RdGMybDZaVG9nTVRad2VEc2lQanh6ZEhKdmJtYytLeUJMNGJxL2RDQnhkZUc2b3lCbzRidU5ZeUIwNGJxdGNDQm80YnVOWXlCcnc2d2dTT0c3aldNZ2E4T3NJRWtzSUc3RWcyMGdhT0c3aldNZ01qQXlNUzB5TURJeVBDOXpkSEp2Ym1jK1BHSnlJQzgrSm01aWMzQTdJQ1p1WW5Od096eHpkSEp2Ym1jK0tpREVrR25odTROdElIRjF3NkVnZEhMRHJHNW9QQzl6ZEhKdmJtYytJQ2pFa0ZGVUtTWnVZbk53TzhTUnhyRGh1Nk5qSUhSb3c3UnVaeUIwYVc0Z2RPRzdxeUF4Tm1jc0lERXhMekF4THpJd01qSW1ibUp6Y0RzZ0ptNWljM0E3Sm01aWMzQTdQR0p5SUM4K1BITjBjbTl1Wno0bWJtSnpjRHNnSm01aWMzQTdKbTVpYzNBN1BDOXpkSEp2Ym1jK1F1RzdsU0J6ZFc1bklNU1FVVlFnYmNPMGJpQkhSQ0IwYU9HN2d5QmphT0c2cFhRZ2RzT2dJR1BodXExd0lHNW80YnF0ZENCanc2RmpJTVNSYWVHN2dYVWdZMmpodTRsdWFDQjI0YnVCSU1TUVVWUWdLSFJvWlc4Z2RPRzduU0IwY3NPc2JtZ2dkT0c3cXlCSFZpa2dkT0c3cXlBeU9TOHdNUzh5TURJeUxqeGljaUF2UGp3dmMzQmhiajQ4YzNCaGJpQnpkSGxzWlQwaVptOXVkQzF6YVhwbE9pQXhObkI0T3lJK0ptNWljM0E3SUNadVluTndPenh6ZEhKdmJtYytLaURFa0duaHU0TnRJSFJvYVNCcjRicS9kQ0IwYU1PNll5Qm80YnVOWXlCd2FPRzZwMjRnUEM5emRISnZibWMreEpIR3NPRzdvMk1nZEdqRHRHNW5JSFJwYmlCMDRidXJJRGhuTENBeU9TOHdNUzh5TURJeVBHSnlJQzgrSm01aWMzQTdJQ1p1WW5Od095WnVZbk53TzhTUXhyRGh1Nk5qSUdQaHVxMXdJRzVvNGJxdGRDQm9iOE9nYmlCamFPRzdpVzVvSUhUaHU2c2dNVGRuTENBd055OHdNaTh5TURJeUxpWnVZbk53T3p3dmMzQmhiajQ4YzNCaGJpQnpkSGxzWlQwaVptOXVkQzF6YVhwbE9pQXhObkI0T3lJK0ptNWljM0E3SUNadVluTndPeUFtYm1KemNEczhZbklnTHo0OEwzTndZVzQrUEhOMGNtOXVaeUJ6ZEhsc1pUMGlabTl1ZEMxemFYcGxPaUF4Tm5CNE95SStKbTVpYzNBN0lDWnVZbk53T3lBOEwzTjBjbTl1Wno0OGMzQmhiaUJ6ZEhsc1pUMGlabTl1ZEMxemFYcGxPaUF4Tm5CNE95SStRdUc3bFNCemRXNW5MeUJqNGJxdGNDQnVhT0c2clhRZ2ErRzZ2M1FnY1hYaHVxTWdhT0c3aldNZ2RPRzZyWEFnYU9HN2pXTWdhK0c3c3lCMDRidXJQQzl6Y0dGdVBqeHpjR0Z1SUhOMGVXeGxQU0ptYjI1MExYTnBlbVU2SURFMmNIZzdJajRtYm1KemNEczhMM053WVc0K1BITndZVzRnYzNSNWJHVTlJbVp2Ym5RdGMybDZaVG9nTVRad2VEc2lQakUyWnl3Z01URXZNREl2TWpBeU1qeGljaUF2UGp3dmMzQmhiajQ4YzNCaGJpQnpkSGxzWlQwaVptOXVkQzF6YVhwbE9pQXhObkI0T3lJK1BITjBjbTl1Wno1UWFNTzZZeUJyYU9HNm8yOGd4SkZwNGJ1RGJTQjBhR2tnYStHNnYzUWdkR2pEdW1NZ2FPRzdqV01nY0dqaHVxZHVQR0p5SUM4K1BDOXpkSEp2Ym1jK1BDOXpjR0Z1UGp4emNHRnVJSE4wZVd4bFBTSm1iMjUwTFhOcGVtVTZJREUyY0hnN0lqNG1ibUp6Y0RzZ0ptNWljM0E3TFNCVWFPRzduV2tnWjJsaGJpQnVhT0c2clc0Z3hKSEdvVzRnZUdsdUlIQm93N3BqSUd0bzRicWpieUIydzZBZ1kyaDFlZUc3ZzI0Z2EyaHY0YnFqYmlCczRidUhJSEJvdzYwNklIVGh1NnNnTURndk1ESXZNakF5TWlERWtlRzZ2MjRnTVRVdk1ESXZNakF5TWk0OFluSWdMejQ4TDNOd1lXNCtQSE53WVc0Z2MzUjViR1U5SW1admJuUXRjMmw2WlRvZ01UWndlRHNnWm05dWRDMW1ZVzFwYkhrNklGUmhhRzl0WVRzaVBpWnVZbk53T3lBbWJtSnpjRHN0Sm01aWMzQTdLRHd2YzNCaGJqNDhjM0JoYmlCemRIbHNaVDBpWm05dWRDMXphWHBsT2lBeE5uQjRPeUJtYjI1MExXWmhiV2xzZVRvZ1ZHRm9iMjFoT3lJK01UQm5MQ0F5T0M4d01pOHlNREl5S1NadVluTndPend2YzNCaGJqNDhjM0JoYmlCemRIbHNaVDBpWm05dWRDMXphWHBsT2lBeE5uQjRPeUJtYjI1MExXWmhiV2xzZVRvZ1ZHRm9iMjFoT3lJK1MrRzZ2M1FnY1hYaHVxTWdjR2pEdW1NZ2Eyamh1cU52SU1TUnc2TWd4SkhHc09HN28yTWdkR2pEdEc1bklIUnBiaURFa2VHNnYyNGdZOE9oWXlCcmFHOWhMeUJ1WjhPZ2JtZ3VKbTVpYzNBN1BHSnlJQzgrUEM5emNHRnVQanh6Y0dGdUlITjBlV3hsUFNKbWIyNTBMWE5wZW1VNklERTJjSGc3SUdOdmJHOXlPaUFqTURBd01EQmhPeUkrTFMwdExTMHRMUzB0TFMwdExTMHRMUzB0TFMwdExTMHRMUzB0TFR3dmMzQmhiajQ4TDNBK1BIQWdjM1I1YkdVOUltWnZiblF0Wm1GdGFXeDVPaUJVWVdodmJXRTdJR1p2Ym5RdGMybDZaVG9nTVRBdU5qWTJOM0I0T3lJK1BITndZVzQrUEhOd1lXNGdjM1I1YkdVOUltWnZiblF0YzJsNlpUb2dNVFp3ZURzZ1kyOXNiM0k2SUNObVpqQXdNREE3SWo0OGMzUnliMjVuUGxUaHU1Uk9SeUJMNGJxK1ZDQkk0YnVNUXlCTHc0d2dTU3dnVHNTQ1RTQkk0YnVNUXlBeU1ESXhJQzBnTWpBeU1qd3ZjM1J5YjI1blBqd3ZjM0JoYmo0OFluSWdMejQ4TDNOd1lXNCtQSE53WVc0Z2MzUjViR1U5SW1admJuUXRjMmw2WlRvZ01UWndlRHNpUGp4emRISnZibWMrS3lCQzRicWpibWNneEpGcDRidURiU0IwNGJ1VmJtY2dhT0c3bzNBZ2FPRzdqV01nYThPc1BHSnlJQzgrUEM5emRISnZibWMrUEM5emNHRnVQanh6Y0dGdUlITjBlV3hsUFNKbWIyNTBMWE5wZW1VNklERTJjSGc3SWo0bWJtSnpjRHNnSm01aWMzQTdJREUzWnl3Z01UWXZNREl2TWpBeU1pd2dVR2pEb1hRZ2FNT2dibWdnUXVHNm8yNW5JTVNSYWVHN2cyMGdkT0c3bFc1bklHamh1Nk53SUd6aHU1dHdJR2podTQxaklHdmh1N01neEpIaHVyOXVJR1BEb1dNZ1MyaHZZUzhnYm1mRG9HNW9QR0p5SUM4K1BDOXpjR0Z1UGp4emNHRnVJSE4wZVd4bFBTSm1iMjUwTFhOcGVtVTZJREUyY0hnN0lHTnZiRzl5T2lBak1EQXdNR1ptT3lJK0t5WnVZbk53T3p4emRISnZibWMrV01PcGRDQmo0YnFsY0NCamFPRzdxVzVuSUdObzRidUpJRWRwdzZGdklHVGh1NlZqSUZGMTRidVJZeUJ3YU1PeWJtY2dkc09nSUVGdUlHNXBibWc3SU1TUjRicWhkQ0J0dzdSdUlHamh1NDFqSUVkcHc2RnZJR1RodTZWaklIUm80YnVESUdObzRicWxkRHd2YzNSeWIyNW5QanhpY2lBdlBpWnVZbk53T3lBbWJtSnpjRHNnSm01aWMzQTdSRk1neEpIR3NPRzdvMk1nZEdqRHRHNW5JSFJwYmlCMDRicWhhU0IzWldJZ1VHakRzbTVuSU1TUXc2QnZJSFRodXFGdklITmhkU0J1WjhPZ2VTQXdNUzh3TXk4eU1ESXlQR0p5SUM4K1BDOXpjR0Z1UGp4emNHRnVJSE4wZVd4bFBTSmpiMnh2Y2pvZ0l6QXdNREJtWmpzaVBqeHpjR0Z1SUhOMGVXeGxQU0ptYjI1MExYTnBlbVU2SURFMmNIZzdJajRtYm1KemNEc21ibUp6Y0Rzb01URXZNRE12TWpBeU1pa21ibUp6Y0R0RVV5QmphTU90Ym1nZ2RHamh1NmxqSU1TUnhyRGh1Nk5qSUhSb3c3UnVaeUIwYVc0Z2RPRzZvV2tnZDJWaUlGQm93N0p1WnlERWtNT2dieUIwNGJxaGJ5NDhZbklnTHo0bWJtSnpjRHNnSm01aWMzQTdJTVNRNGJxM1l5QmlhZUc3aDNRc0ptNWljM0E3UEhOMGNtOXVaejVUVmlCTGFNT3pZU0F4T0NadVluTndPend2YzNSeWIyNW5QaWpFa2NhdzRidWpZeUI0dzZsMElITmhkU0JJU3lCSkxDQXlNREl4SUMwZ01qQXlNaXdnZE9HN3FXTWdTRXNnZEdqaHU2a2dOeUJqNGJ1bllTQnJhTU96WVNERWtjT2dieUIwNGJxaGJ5a2diTWF3ZFNERHZTQnJhZUc3ZzIwZ2RISmhJR3ZodXI5MElIRjE0YnFqSUhqRHFYUWdkc09zSU1TUnc2SjVJR3pEb0NERWtXbmh1NEYxSUd0cDRidUhiaURFa2VHN2d5QlRWaURFa2NhdzRidWpZeUI0dzZsMElIVGh1NUYwSUc1bmFHbmh1NGR3SUhSb1pXOGdkR25odXI5dUlNU1I0YnVaSUhOaGRTQklTeUJKU1N3Z01qQXlNU0F0SURJd01qSXVJRk5XSUhCbzRicWpiaUJvNGJ1VGFTQjBhT0c2cjJNZ2JlRzZyMk1nS0c3aHVyOTFJR1BEc3lrZ3hKSGh1cjl1SUZCb3c3SnVaeURFa01PZ2J5QjA0YnFoYnl3bWJtSnpjRHM4TDNOd1lXNCtQSE53WVc0Z2MzUjViR1U5SW1admJuUXRjMmw2WlRvZ01UWndlRHNpUG5SeXhyRGh1NXRqSUc1bnc2QjVJREkzTHpBekx6SXdNaklzSm01aWMzQTdQQzl6Y0dGdVBqeHpjR0Z1SUhOMGVXeGxQU0ptYjI1MExYTnBlbVU2SURFMmNIZzdJajdFa2VHN2d5REVrY2F3NGJ1all5QjR3NmwwSUdMaHU1VWdjM1Z1WnlCMnc2QnZJR04xNGJ1UmFTQklTeUJKU1M0OFluSWdMejQ4TDNOd1lXNCtQQzl6Y0dGdVBqeHpjR0Z1SUhOMGVXeGxQU0ptYjI1MExYTnBlbVU2SURFMmNIZzdJR052Ykc5eU9pQWpNREF3TUdabU95SStLeVp1WW5Od096d3ZjM0JoYmo0OGMzUnliMjVuSUhOMGVXeGxQU0pqYjJ4dmNqb2dJekF3TURCbVpqc2dabTl1ZEMxemFYcGxPaUF4Tm5CNE95SStXTU9wZENCajRicWpibWdnWXNPaGJ5QnI0YnEvZENCeGRlRzZveUJvNGJ1Tll5QjA0YnF0Y0N3Z1luWGh1NWxqSUhSb3c3UnBJR2podTQxaklNU1I0YnVqZENBeElHN0VnMjBnTWpBeU1pWnVZbk53T3p3dmMzUnliMjVuUGp4emNHRnVJSE4wZVd4bFBTSm1iMjUwTFhOcGVtVTZJREUyY0hnN0lHTnZiRzl5T2lBak1EQXdNR1ptT3lJK0tITmhkU0JJU3lCSkxDREVrZUc3bzNRZ2VNT3BkQ0J1WjhPZ2VTQXdNUzh3TXk4eU1ESXlLVHhpY2lBdlBqd3ZjM0JoYmo0OGMzQmhiaUJ6ZEhsc1pUMGlabTl1ZEMxemFYcGxPaUF4TW5CNE95QmpiMnh2Y2pvZ0l6QXdNREJtWmpzaVBqeHpjR0Z1SUhOMGVXeGxQU0ptYjI1MExYTnBlbVU2SURFMmNIZzdJajRtYm1KemNEc2dKbTVpYzNBN1BDOXpjR0Z1UGp4emNHRnVJSE4wZVd4bFBTSm1iMjUwTFhOcGVtVTZJREUyY0hnN0lqNG9NalF2TURJdk1qQXlNaWs4YzNSeWIyNW5QaVp1WW5Od096d3ZjM1J5YjI1blBqd3ZjM0JoYmo0OGMzQmhiaUJ6ZEhsc1pUMGlabTl1ZEMxemFYcGxPaUF4Tm5CNE95SStTK0c2djNRZ2NYWGh1cU1nZU1PcGRDQW9aT0c3c1NCcmFlRzZ2MjRwSU1TUnhyRGh1Nk5qSUhSb3c3UnVaeUIwYVc0Z3hKSGh1cjl1SUdQRG9XTWdhMmh2WVM4Z2JtZkRvRzVvTGlCVFZpQnNhY09xYmlCbzRidUhJSGJodTV0cElHUGh1NUVnZHVHNnBXNGdhT0c3aldNZ2RPRzZyWEFneEpIaHU0TWdZbW5odXI5MElIUm93N1J1WnlCMGFXNHVKbTVpYzNBN1BDOXpjR0Z1UGp3dmMzQmhiajQ4YzNCaGJpQnpkSGxzWlQwaVptOXVkQzF6YVhwbE9pQXhObkI0T3lJK1BITndZVzRnYzNSNWJHVTlJbU52Ykc5eU9pQWpNREF3TUdabU95SStVMVlnY0dqaHVxTnVJR2podTVOcElDaHU0YnEvZFNCanc3TXBJSFJvdzdSdVp5QnhkV0VnUzJodllTQjBjc2F3NGJ1Yll5QXhNR2NzSURJNEx6QXlMekl3TWpJdVBHSnlJQzgrUEM5emNHRnVQand2YzNCaGJqNDhjM0JoYmlCemRIbHNaVDBpWm05dWRDMXphWHBsT2lBeE5uQjRPeUJqYjJ4dmNqb2dJMlptTURBd01Ec2lQaVp1WW5Od095QW1ibUp6Y0RzOEwzTndZVzQrUEhOMGNtOXVaeUJ6ZEhsc1pUMGlabTl1ZEMxemFYcGxPaUF4Tm5CNE95QmpiMnh2Y2pvZ0kyWm1NREF3TURzaVBpZ3hNQzh3TXk4eU1ESXlLU1p1WW5Od096d3ZjM1J5YjI1blBqeHpjR0Z1SUhOMGVXeGxQU0ptYjI1MExYTnBlbVU2SURFMmNIZzdJR052Ykc5eU9pQWpabVl3TURBd095SStSR0Z1YUNCenc2RmphQ0JEUWt0UlNGUXNJRUpVU0NBb1kyakRyVzVvSUhSbzRidXBZeWtneEpIR3NPRzdvMk1nWitHN3JXa2d4SkhodXI5dUlIVGh1NnR1WnlCTGFHOWhMeUJ1WjhPZ2JtZzhMM053WVc0K1BITndZVzRnYzNSNWJHVTlJbVp2Ym5RdGMybDZaVG9nTVRad2VEc2dZMjlzYjNJNklDTm1aakF3TURBN0lqNHVQR0p5SUM4K1BDOXpjR0Z1UGp4emNHRnVJSE4wZVd4bFBTSm1iMjUwTFhOcGVtVTZJREUyY0hnN0lHTnZiRzl5T2lBak1EQXdNR1ptT3lJK0t5WnVZbk53T3p3dmMzQmhiajQ4YzNSeWIyNW5JSE4wZVd4bFBTSm1iMjUwTFhOcGVtVTZJREUyY0hnN0lHTnZiRzl5T2lBak1EQXdNR1ptT3lJK1dNT3BkQ0JpZGVHN21XTWdkR2pEdEdrZ2FPRzdqV01nWkc4Z2RzYXc0YnVqZENCeGRjT2hJSFJvNGJ1ZGFTQm5hV0Z1SU1TUnc2QnZJSFRodXFGdkxDREVrZUc3bzNRZ01TQnV4SU50SURJd01qSW1ibUp6Y0RzOEwzTjBjbTl1Wno0OGMzQmhiaUJ6ZEhsc1pUMGlabTl1ZEMxemFYcGxPaUF4Tm5CNE95QmpiMnh2Y2pvZ0l6QXdNREJtWmpzaVBpaHpZWFVnU0VzZ1NTd2d4SkhodTZOMElIakRxWFFnYm1mRG9Ia2dNREV2TURNdk1qQXlNaWs4WW5JZ0x6NDhMM053WVc0K1BITndZVzRnYzNSNWJHVTlJbVp2Ym5RdGMybDZaVG9nTVRKd2VEc2dZMjlzYjNJNklDTXdNREF3Wm1ZN0lqNDhjM0JoYmlCemRIbHNaVDBpWm05dWRDMXphWHBsT2lBeE5uQjRPeUkrSm01aWMzQTdJQ1p1WW5Od096d3ZjM0JoYmo0OGMzQmhiaUJ6ZEhsc1pUMGlabTl1ZEMxemFYcGxPaUF4Tm5CNE95SStLREkwTHpBeUx6SXdNaklwUEhOMGNtOXVaejRtYm1KemNEczhMM04wY205dVp6NDhMM053WVc0K1BITndZVzRnYzNSNWJHVTlJbVp2Ym5RdGMybDZaVG9nTVRad2VEc2lQa3ZodXI5MElIRjE0YnFqSUhqRHFYUWdLR1RodTdFZ2Eybmh1cjl1S1NERWtjYXc0YnVqWXlCMGFNTzBibWNnZEdsdUlNU1I0YnEvYmlCanc2RmpJR3RvYjJFdklHNW53NkJ1YUM0Z1UxWWdiR25EcW00Z2FPRzdoeUIyNGJ1YmFTQmo0YnVSSUhiaHVxVnVJR2podTQxaklIVGh1cTF3SU1TUjRidURJR0pwNGJxL2RDQjBhTU8wYm1jZ2RHbHVMaVp1WW5Od096d3ZjM0JoYmo0OEwzTndZVzQrUEhOd1lXNGdjM1I1YkdVOUltWnZiblF0YzJsNlpUb2dNVFp3ZURzZ1kyOXNiM0k2SUNNd01EQXdabVk3SWo1VFZpQndhT0c2bzI0Z2FPRzdrMmtnS0c3aHVyOTFJR1BEc3lrZ2RHakR0RzVuSUhGMVlTQkxhRzloSUhSeXhyRGh1NXRqSURFNFp5d2dNRE12TURNdk1qQXlNaTQ4WW5JZ0x6NDhMM053WVc0K1BITndZVzRnYzNSNWJHVTlJbVp2Ym5RdGMybDZaVG9nTVRad2VEc2dZMjlzYjNJNklDTm1aakF3TURBN0lqNG1ibUp6Y0RzZ0ptNWljM0E3UEM5emNHRnVQanh6ZEhKdmJtY2djM1I1YkdVOUltWnZiblF0YzJsNlpUb2dNVFp3ZURzZ1kyOXNiM0k2SUNObVpqQXdNREE3SWo0b01UQXZNRE12TWpBeU1pa21ibUp6Y0RzOEwzTjBjbTl1Wno0OGMzQmhiaUJ6ZEhsc1pUMGlabTl1ZEMxemFYcGxPaUF4Tm5CNE95QmpiMnh2Y2pvZ0kyWm1NREF3TURzaVBrUmhibWdnYzhPaFkyZ2dRbFJJSUdSdklIYkdzT0c3bzNRZ2NYWERvU0IwYU9HN25Xa2daMmxoYmlERWtjT2dieUIwNGJxaGJ5QW9ZMmpEclc1b0lIUm80YnVwWXlrZ3hKSEdzT0c3bzJNZ1orRzdyV2tneEpIaHVyOXVJSFRodTZ0dVp5QkxhRzloTHlCdVo4T2dibWc4TDNOd1lXNCtQSE53WVc0Z2MzUjViR1U5SW1admJuUXRjMmw2WlRvZ01UWndlRHNnWTI5c2IzSTZJQ05tWmpBd01EQTdJajR1UEM5emNHRnVQand2Y0Q0OGNDQnpkSGxzWlQwaVkyOXNiM0k2SUNNd01EQXdNR0U3SUdadmJuUXRabUZ0YVd4NU9pQlVZV2h2YldFN0lHWnZiblF0YzJsNlpUb2dNVEF1TmpZMk4zQjRPeUkrUEhOd1lXNGdjM1I1YkdVOUltWnZiblF0YzJsNlpUb2dNVFp3ZURzaVBqeHpkSEp2Ym1jZ2MzUjViR1U5SW1OdmJHOXlPaUFqWm1Zd01EQXdPeUkrTFMwdExTMHRMUzB0TFMwdExTMHRMUzB0TFMwdExUeGljaUF2UGxqRGlWUWdROE9VVGtjZ1Rramh1cXhPSUZUaHU1QlVJRTVIU0VuaHU0WlFJRTdFZ2swZ01qQXlNand2YzNSeWIyNW5Qand2YzNCaGJqNDhMM0ErUEhBZ2MzUjViR1U5SW1admJuUXRabUZ0YVd4NU9pQlVZV2h2YldFN0lHWnZiblF0YzJsNlpUb2dNVEF1TmpZMk4zQjRPeUkrUEhOd1lXNGdjM1I1YkdVOUltWnZiblF0YzJsNlpUb2dNVFp3ZURzZ1kyOXNiM0k2SUNNd01EQXdNR0U3SWo0OGMzQmhiaUJ6ZEhsc1pUMGlZMjlzYjNJNklDTXdNREF3Wm1ZN0lqNUR3NkZqSUhGMWVTREVrZUc3aTI1b0lNT2hjQ0JrNGJ1bGJtY2dkT0c3cXlCdXhJTnRJREl3TWpFZ2RITGh1NThneEpGcFBHSnlJQzgrUEhOMGNtOXVaejRySm01aWMzQTdVWFY1SU1TUjRidUxibWdnZHVHN2dTQjR3NmwwSUdQRHRHNW5JRzVvNGJxdGJpQjA0YnVSZENCdVoyaHA0YnVIY0NCb3c2eHVhQ0IwYU9HN3FXTWd4SkhEb0c4Z2RPRzZvVzhnWTJqRHJXNW9JSEYxZVR3dmMzUnliMjVuUGp3dmMzQmhiajQ4WW5JZ0x6NDhjM0JoYmlCemRIbHNaVDBpWTI5c2IzSTZJQ013TURBd1ptWTdJajRvZUdWdElIVGh1cUZwSUhkbFlpQlFhTU95Ym1jZ3hKRERvRzhnZE9HNm9XOHNJRzNodTZWaklGUnlZU0JqNGJ1cGRTQjJ4SU51SUdMaHVxTnVLU1p1WW5Od096d3ZjM0JoYmo0OFluSWdMejQ4YzNCaGJpQnpkSGxzWlQwaVkyOXNiM0k2SUNNd01EQXdabVk3SWo0bWJtSnpjRHNnSm01aWMzQTdJQzBnU09HN2h5QmphTU90Ym1nZ2NYVjVJQ1p1WW5Od096d3ZjM0JoYmo0OFluSWdMejQ4WlcwZ2MzUjViR1U5SW1OdmJHOXlPaUFqTURBd01HWm1PeUkrSm01aWMzQTdJQ1p1WW5Od095QW9VWFY1SU1TUjRidUxibWdnTWpnd01DOVJlY1NRTGNTUVNGTkhMY1NRVkNCMkwzWWdlTU9wZENCanc3UnVaeUJ1YU9HNnJXNGdkT0c3a1hRZ2JtZG9hZUc3aDNBZ3hKSGh1NUZwSUhiaHU1dHBJSFJ5dzZ4dWFDREVrZUc3bVNERWtFZ3NJRVBFa0NCMGFHVnZJR2podTRjZ2RHamh1NUZ1WnlCMHc2MXVJR05vNGJ1SktUeGljaUF2UGp3dlpXMCtQSE53WVc0Z2MzUjViR1U5SW1OdmJHOXlPaUFqTURBd01HWm1PeUkrSm01aWMzQTdJQ1p1WW5Od095QXRJRWpodTRjZ2JHbkRxbTRnZEdqRHRHNW5JSGJEb0NCaTRicXhibWNneEpIaHVxRnBJR2podTQxaklIUm80YnVwSUdoaGFTWnVZbk53T3p3dmMzQmhiajQ4WW5JZ0x6NDhaVzBnYzNSNWJHVTlJbU52Ykc5eU9pQWpNREF3TUdabU95SStKbTVpYzNBN0lDWnVZbk53T3lBb1ZHakR0RzVuSUdMRG9XOGdNalUwTlM5VVFpM0VrRWhUUnlCMjRidUJJSFpwNGJ1SFl5QjR3NmwwSUdQRHRHNW5JRzVvNGJxdGJpQjA0YnVSZENCdVoyaHA0YnVIY0NCdXhJTnRJREl3TVRrZ2FPRzdoeURFa2VHNm9Xa2dhT0c3aldNZ1l1RzZzVzVuSUhSbzRidXBJR2hoYVNCMnc2QWdhT0c3aHlCc2FjT3FiaUIwYU1PMGJtY3NJR2pEckc1b0lIUm80YnVwWXlCamFNT3RibWdnY1hWNUtUd3ZaVzArUEdKeUlDOCtQSE4wY205dVp5QnpkSGxzWlQwaVkyOXNiM0k2SUNNd01EQXdabVk3SWo0cklGRjFlU0RFa2VHN2kyNW9JSGJodTRFZ2VNT3BkQ0JqdzdSdVp5QnVhT0c2clc0Z2RPRzdrWFFnYm1kb2FlRzdoM0FnYU1Pc2JtZ2dkR2podTZsaklNU1J3NkJ2SUhUaHVxRnZJSGJodTZ0aElHekRvRzBnZHVHN3EyRWdhT0c3aldNbWJtSnpjRHM4TDNOMGNtOXVaejQ4WW5JZ0x6NDhjM0JoYmlCemRIbHNaVDBpZEdWNGRDMWtaV052Y21GMGFXOXVMV3hwYm1VNklIVnVaR1Z5YkdsdVpUc2dZMjlzYjNJNklDTXdNREF3Wm1ZN0lqNG9ZdUc2cjNRZ3hKSGh1cWQxSU1PaGNDQms0YnVsYm1jZ2RPRzdxeUJ1eElOdElESXdNakFwUEM5emNHRnVQanh6Y0dGdUlITjBlV3hsUFNKamIyeHZjam9nSXpBd01EQm1aanNpUGladVluTndPend2YzNCaGJqNDhZbklnTHo0OGMzQmhiaUJ6ZEhsc1pUMGlZMjlzYjNJNklDTXdNREF3Wm1ZN0lqNG9lR1Z0SUhUaHVxRnBJSGRsWWlCUWFNT3libWNneEpERG9HOGdkT0c2b1c4c0lHM2h1NlZqSUZSeVlTQmo0YnVwZFNCMnhJTnVJR0xodXFOdUtUd3ZjM0JoYmo0OFluSWdMejQ4YzNCaGJpQnpkSGxzWlQwaVkyOXNiM0k2SUNNd01EQXdabVk3SWo0bWJtSnpjRHNnSm01aWMzQTdJQzBtYm1KemNEdEk0YnVISU1TUjRicWhhU0JvNGJ1Tll5QjI0YnVyWVNCc3c2QnRJSGJodTZ0aElHamh1NDFqUEM5emNHRnVQanhpY2lBdlBqeGxiU0J6ZEhsc1pUMGlZMjlzYjNJNklDTXdNREF3Wm1ZN0lqNG1ibUp6Y0RzZ0ptNWljM0E3SUNoUmRYa2d4SkhodTR0dWFDQXlOamsxTDFGNXhKQXR4SkJJVTBjc0lESXhMekV3THpJd01Ua3NJSGJodTRFZ2Rtbmh1NGRqSUhqRHFYUWdZOE8wYm1jZ2Jtamh1cTF1SUhUaHU1RjBJRzVuYUduaHU0ZHdJTVNSNGJ1UmFTQjI0YnViYVNCMGNzT3NibWdneEpIaHU1a2d4SkhodXFGcElHamh1NDFqSUdqRHJHNW9JSFJvNGJ1cFl5QjI0YnVyWVNCc3c2QnRJSGJodTZ0aElHamh1NDFqS1R3dlpXMCtQR0p5SUM4K1BITndZVzRnYzNSNWJHVTlJbU52Ykc5eU9pQWpNREF3TUdabU95SStKbTVpYzNBN0lDWnVZbk53T3lBdElFamh1NGNnYkduRHFtNGdkR2pEdEc1bklIVGh1NnNnZEhMRHJHNW9JTVNSNGJ1WklHTmhieURFa2VHNnMyNW5JR3pEcW00Z3hKSGh1cUZwSUdqaHU0MWpJSGJodTZ0aElHekRvRzBnZHVHN3EyRWdhT0c3aldNOEwzTndZVzQrUEdKeUlDOCtQR1Z0SUhOMGVXeGxQU0pqYjJ4dmNqb2dJekF3TURCbVpqc2lQaVp1WW5Od095QW1ibUp6Y0RzZ0tGUm93N1J1WnlCaXc2RnZJREkyT1RZdlZFSXR4SkJJVTBjc0lESXhMekV3THpJd01Ua3NJSGJodTRFZ2Rtbmh1NGRqSUhqRHFYUWdZOE8wYm1jZ2Jtamh1cTF1SUhUaHU1RjBJRzVuYUduaHU0ZHdJTVNSNGJ1UmFTQjI0YnViYVNCbzRidUhJR3hwdzZwdUlIUm93N1J1WnlCMDRidXJJSFJ5dzZ4dWFDREVrZUc3bVNCallXOGd4SkhodXJOdVp5QnN3NnB1SUhSeXc2eHVhQ0RFa2VHN21TREVrZUc2b1drZ2FPRzdqV01zSUdqRHJHNW9JSFJvNGJ1cFl5QjI0YnVyWVNCc3c2QnRJSGJodTZ0aElHamh1NDFqS1R4aWNpQXZQand2WlcwK1BDOXpjR0Z1UGp4emRISnZibWNnYzNSNWJHVTlJbU52Ykc5eU9pQWpNREF3TURCaE95Qm1iMjUwTFhOcGVtVTZJREUyY0hnN0lqNDhjM0JoYmlCemRIbHNaVDBpWTI5c2IzSTZJQ013TURBd1ptWTdJajRySUVOb2RlRzZxVzRneEpIaHVxZDFJSEpoSUc1bmIrRzZvV2tnYm1maHU2OGdkSEp2Ym1jZ2VNT3BkQ0JqdzdSdVp5QnVhT0c2clc0Z2RPRzdrWFFnYm1kb2FlRzdoM0FnS01PaGNDQms0YnVsYm1jZ2RPRzdxeUJ1eElOdElESXdNakVwUEdKeUlDOCtQQzl6Y0dGdVBqd3ZjM1J5YjI1blBqeHpjR0Z1SUhOMGVXeGxQU0ptYjI1MExYTnBlbVU2SURFMmNIZzdJajQ4YzNCaGJpQnpkSGxzWlQwaVkyOXNiM0k2SUNNd01EQXdabVk3SWo0bWJtSnpjRHNnSm01aWMzQTdJQ2hVYU1PMGJtY2dZc09oYnlBMU16WXZ4SkJJVTBjdHhKQlVMQ0F6TUM4d015OHlNREl3T3lCNFpXMGdkT0c2b1drZ2QyVmlJRkJvdzdKdVp5REVrTU9nYnlCMDRicWhieXdnYmVHN3BXTWdWSEpoSUdQaHU2bDFJSGJFZzI0Z1l1RzZvMjRwUEM5emNHRnVQanhpY2lBdlBqeHpjR0Z1SUhOMGVXeGxQU0pqYjJ4dmNqb2dJekF3TURCbVpqc2lQanh6ZEhKdmJtYytLeUJEdzZGaklNU1I0YnVqZENCNHc2bDBJR1BEdEc1bklHNW80YnF0YmlCMDRidVJkQ0J1WjJocDRidUhjQ0J1eElOdElESXdNakltYm1KemNEczhMM04wY205dVp6NDhZbklnTHo0OEwzTndZVzQrUEM5emNHRnVQanh6Y0dGdUlITjBlV3hsUFNKbWIyNTBMWE5wZW1VNklERTJjSGc3SUdOdmJHOXlPaUFqTURBd01HWm1PeUkrSm01aWMzQTdJQ1p1WW5Od096d3ZjM0JoYmo0OGMzQmhiaUJ6ZEhsc1pUMGlabTl1ZEMxemFYcGxPaUF4Tm5CNE95SStQSE53WVc0Z2MzUjViR1U5SW1OdmJHOXlPaUFqTURBd01HWm1PeUkrUThTRGJpQmo0YnVwSUVKcHc2cHVJR05vNGJxL0lHN0VnMjBnYU9HN2pXTWdNakF5TVMweU1ESXlJQ2hpWVc0Z2FNT2dibWdnYm1mRG9Ia2dNREl2TURndk1qQXlNU2s4WW5JZ0x6NG1ibUp6Y0RzZ0ptNWljM0E3eEpEaHU2TjBJREU2SUc1bnc2QjVJREF4THpBekx6SXdNakk3Sm01aWMzQTd4SkRodTZOMElESTZJREkwTHpBMkx6SXdNakk3Sm01aWMzQTd4SkRodTZOMElETTZJREV5THpBM0x6SXdNakk3Sm01aWMzQTd4SkRodTZOMElEUTZKbTVpYzNBN01EWXZNRGt2TWpBeU1qeGljaUF2UGkwdExTMHRQR0p5SUM4K1BDOXpjR0Z1UGp3dmMzQmhiajQ4YzNCaGJpQnpkSGxzWlQwaVptOXVkQzF6YVhwbE9pQXhObkI0T3lJK1BITjBjbTl1Wno1WXc2bDBJSFRodTVGMElHNW5hR25odTRkd0lNU1I0YnVqZENBeElHN0VnMjBnTWpBeU1qbzhMM04wY205dVp6NDhMM053WVc0K1BITndZVzRnYzNSNWJHVTlJbVp2Ym5RdGMybDZaVG9nTVRad2VEc2lQaVp1WW5Od095Qk9aOE9nZVNCNHc2bDBPaUF3TVM4d015OHlNREl5UEdKeUlDOCtQQzl6Y0dGdVBqeHpjR0Z1SUhOMGVXeGxQU0ptYjI1MExYTnBlbVU2SURFMmNIZzdJajRtYm1KemNEc2dKbTVpYzNBN1Rtamh1cTF1SUdqaHU1TWdjOGFoSUVQRWtGSWdkc09nSU1TUnhxRnVJSGpEcVhRZ1ZFNGdjK0c3bTIwdklIUnk0YnVGSUdqaHVxRnVPaUIwNGJ1cklERTNMekF4SU1TUjRicS9iaUF5TWk4d01pOHlNREl5TGp4aWNpQXZQand2YzNCaGJqNDhjM0JoYmlCemRIbHNaVDBpWm05dWRDMXphWHBsT2lBeE1uQjRPeUkrUEhOd1lXNGdjM1I1YkdVOUltWnZiblF0YzJsNlpUb2dNVFp3ZURzaVBpWnVZbk53T3lBbWJtSnpjRHM4TDNOd1lXNCtQSE53WVc0Z2MzUjViR1U5SW1admJuUXRjMmw2WlRvZ01UWndlRHNpUGlneU5DOHdNaTh5TURJeUtUd3ZjM0JoYmo0OEwzTndZVzQrUEhOd1lXNGdjM1I1YkdVOUltWnZiblF0YzJsNlpUb2dNVFp3ZURzaVBpWnVZbk53TzB2aHVyOTBJSEYxNGJxaklIakRxWFFnZE9HN2tYUWdibWRvYWVHN2gzQWdLR1RodTdFZ2Eybmh1cjl1S1NERWtjYXc0YnVqWXlCbjRidXRhU0RFa2VHNnYyNGdZOE9oWXlCcmFHOWhMeUJ1WjhPZ2JtZ3VJRk5XSUd4cHc2cHVJR2podTRjZ2R1RzdtMmtnYTJodllTOGdibWZEb0c1b0lNU1I0YnVESUdKcDRicS9kQ0JqYUdrZ2RHbmh1cjkwSUNoRVV5QjA0YnVSZENCdVoyaHA0YnVIY0NCMnc2QWdSRk1nWTJqR3NHRWdkT0c3a1hRZ2JtZG9hZUc3aDNBZ2E4T29iU0JzdzYwZ1pHOGdZMmpHc0dFZ2RPRzdrWFFnYm1kb2FlRzdoM0FwTGlCVFZpQndhT0c2bzI0Z2FPRzdrMmtnS0c3aHVyOTFJR1BEc3lrZ2RHakR0RzVuSUhGMVlTQkxhRzloSUhSeXhyRGh1NXRqSURFd1p5d2dNamd2TURJdk1qQXlNaTQ4WW5JZ0x6NDhMM053WVc0K1BITndZVzRnYzNSNWJHVTlJbVp2Ym5RdGMybDZaVG9nTVRad2VEc2lQaVp1WW5Od095QW9NVEV2TURNdk1qQXlNaWs4TDNOd1lXNCtQSE53WVc0Z2MzUjViR1U5SW1admJuUXRjMmw2WlRvZ01UWndlRHNpUGladVluTndPMFJoYm1nZ2M4T2hZMmdneEpIR3NPRzdvMk1nWThPMGJtY2dibWpodXExdUlIVGh1NUYwSUc1bmFHbmh1NGR3SUdOb3c2MXVhQ0IwYU9HN3FXTWd4SkhodTZOMElERWdic1NEYlNBeU1ESXlJTVNSeHJEaHU2TmpJTVNSeElOdVp5QjA0YnFoYVNCM1pXSWdVR2pEc201bklNU1F3NkJ2SUhUaHVxRnZJQ2c4TDNOd1lXNCtQR0VnYUhKbFpqMGlhSFIwY0RvdkwzUm9iMjVuZEdsdVpHRnZkR0Z2TG5ObmRTNWxaSFV1ZG00dlZYQnNiMkZrTDJacGJHVXZTRXN5TVRGZlJGTlRWbDlVYjNST1oyaHBaWEJmUkc5ME1TNXlZWElpSUhOMGVXeGxQU0ptYjI1MExYTnBlbVU2SURFMmNIZzdJajUwNGJxamFTQmtZVzVvSUhQRG9XTm9QQzloUGp4emNHRnVJSE4wZVd4bFBTSm1iMjUwTFhOcGVtVTZJREUyY0hnN0lqNHBMaVp1WW5Od08xTldJR1BEc3lCdWFIVWdZK0c2cDNVZ1krRzZwWEFnUjJuaHVxVjVJR05vNGJ1cGJtY2dibWpodXExdUlIVGh1NUYwSUc1bmFHbmh1NGR3SUhUaHVxRnRJSFJvNGJ1ZGFTd2diR25EcW00Z2FPRzdoeUIyNGJ1YmFTQlFhTU95Ym1jZ3hKRERvRzhnZE9HNm9XOGdLTVNSNGJxL2JpQjBjdUc3c1dNZ2RHbmh1cjl3SUhCb3c3SnVaeUJETGtNd01EZ2dhRy9odXJkaklHZmh1NjFwSUcxaGFXd2djRjlrWVc5MFlXOUFjMmQxTG1Wa2RTNTJiaWt1UEM5emNHRnVQand2Y0Q0OGNDQnpkSGxzWlQwaVkyOXNiM0k2SUNNd01EQXdNR0U3SUdadmJuUXRabUZ0YVd4NU9pQlVZV2h2YldFN0lHWnZiblF0YzJsNlpUb2dNVEF1TmpZMk4zQjRPeUkrUEhOd1lXNGdjM1I1YkdVOUltWnZiblF0YzJsNlpUb2dNVFp3ZURzaVBpMHRMUzB0TFMwdExTMHRMUzB0TFMwdExTMHRJRmhsYlNCamFHa2dkR25odXI5MElDMHRMUzB0TFMwdExTMHRMUzB0TFMwdExTMHRMUzB0TFNabmREczhMM053WVc0K1BDOXdQand2YzNCaGJqNDhaR2wySUhOMGVXeGxQU2QwWlhoMExXRnNhV2R1T25KcFoyaDBKeUErUEdScGRpQmpiR0Z6Y3owblEyaHBWR2xsZENjK1BHbHRaeUJ6Y21NOUowRndjRjlVYUdWdFpYTXZVM1JoYm1SaGNtUXZTVzFoWjJWekwyRnljbTkzWDNJdVoybG1KeUJoYkhROUp5Y3ZQaUE4WVNCamJHRnpjejBuVkdWNGRGUm9iMjVuVkdsdUp5Qm9jbVZtUFNka1pXWmhkV3gwTG1GemNIZy9jR0ZuWlQxamFHbDBhV1YwZEdodmJtZDBhVzRtYVdROU1URW5QbGhsYlNCRGFHa2dWR25odXI5MFBDOWhQand2WkdsMlBqd3ZaR2wyUGg4RUFvQ0FCR1JrQWdJUFpCWUNaZzhQRmdZZkNBc3JCQUVmQWdYZUFqeDBZV0pzWlNCM2FXUjBhRDBuTXpBd2NIZ25JSE4wZVd4bFBTZDBaWGgwTFdGc2FXZHVPbXhsWm5RblBqeDBjajQ4ZEdRZ2NtOTNjM0JoYmowbk1pY2dkMmxrZEdnOUp6RTFjSGduUGp4cGJXY2djM0pqUFNjdUxpOHZRWEJ3WDFSb1pXMWxjeTlUZEdGdVpHRnlaQzlKYldGblpYTXZhVzFoWjJWekxtcHdaeWNOQ2lBZ0lDQWdJQ0FnSUNBZ0lDQWdJQ0FnSUNBZ0lDQWdJQ0FnSUNBZ0lDQWdJQ0FnSUhkcFpIUm9QU2N4TlhCNEp5QmhiSFE5SnljdlBqd3ZkR1ErUEhSa0lHRnNhV2R1UFNkc1pXWjBKeUIzYVdSMGFEMG5Namd3Y0hnblBpQkM0YnFqYmlCMGFXNGdZOFdwUEM5MFpENDhkR1FnWVd4cFoyNDlKMnhsWm5RblBqeHpjR0Z1SUdOc1lYTnpQU2QwWVhSallXSmhiblJwYmljK1BDOTBaRDQ4TDNSeVBqeDBjajQ4ZEdRZ1kyOXNjM0JoYmowbk1pY2dZMnhoYzNNOUoydGxZMmhoYlNjK1BDOTBaRDQ4TDNSeVBqd3ZkR0ZpYkdVK0h3UUNnSUFFWkdRQ0F3OWtGZ0ptRHc4V0JoOElDeXNFQVI4Q0JZa0NQR2x0WnlCemNtTTlKMEZ3Y0Y5VWFHVnRaWE12VTNSaGJtUmhjbVF2U1cxaFoyVnpMMEoxYkd3NUxtZHBaaWNnWVd4MFBTY25MejQ4WVNCamJHRnpjejBuVkdWNGRGUnBkR3hsSnlCb2NtVm1QU2RrWldaaGRXeDBMbUZ6Y0hnL2NHRm5aVDFqYUdsMGFXVjBkR2h2Ym1kMGFXNG1hV1E5TVRBblBqeHpkSEp2Ym1jK1ZHakR0RzVuSUhScGJpREVrY09nYnlCMDRicWhieUJqZGVHN2tXa2dTRXNnY0dqaHU2VXNJREl3TWpBdE1qQXlNVHNneEpIaHVxZDFJRWhMSUVrc0lESXdNakV0TWpBeU1qd3ZjM1J5YjI1blBpNHVMaUE4YzNCaGJpQmpiR0Z6Y3owblRtZGhlVlJwZEd4bEp6NG9NVFF2TURndk1qQXlNU2s4TDNOd1lXNCtQQzloUGg4RUFvQ0FCR1JrQWdRUFpCWUNaZzhQRmdZZkNBc3JCQUVmQWdXTEFqeHBiV2NnYzNKalBTZEJjSEJmVkdobGJXVnpMMU4wWVc1a1lYSmtMMGx0WVdkbGN5OUNkV3hzT1M1bmFXWW5JR0ZzZEQwbkp5OCtQR0VnWTJ4aGMzTTlKMVJsZUhSVWFYUnNaU2NnYUhKbFpqMG5aR1ZtWVhWc2RDNWhjM0I0UDNCaFoyVTlZMmhwZEdsbGRIUm9iMjVuZEdsdUptbGtQVGtuUGp4emRISnZibWMrVkdqRHRHNW5JSFJwYmlERWtjT2dieUIwNGJxaGJ5QmpkZUc3a1drZ1NFc2dTVWtzSU1TUjRicW5kU0JJU3lCd2FPRzdwU3dnYnNTRGJTQm80YnVOWXlBeU1ESXdJQzBnTWpBeU1Ud3ZjM1J5YjI1blBpNHVMaUE4YzNCaGJpQmpiR0Z6Y3owblRtZGhlVlJwZEd4bEp6NG9NakF2TURRdk1qQXlNU2s4TDNOd1lXNCtQQzloUGg4RUFvQ0FCR1JrQWdVUFpCWUNaZzhQRmdZZkNBc3JCQUVmQWdXSUFqeHBiV2NnYzNKalBTZEJjSEJmVkdobGJXVnpMMU4wWVc1a1lYSmtMMGx0WVdkbGN5OUNkV3hzT1M1bmFXWW5JR0ZzZEQwbkp5OCtQR0VnWTJ4aGMzTTlKMVJsZUhSVWFYUnNaU2NnYUhKbFpqMG5aR1ZtWVhWc2RDNWhjM0I0UDNCaFoyVTlZMmhwZEdsbGRIUm9iMjVuZEdsdUptbGtQVGduUGp4emRISnZibWMrVkdqRHRHNW5JSFJwYmlERWtjT2dieUIwNGJxaGJ5QmpkZUc3a1drZ1NFc2dTU3dneEpIaHVxZDFJRWhMSUVsSklDMGdUc1NEYlNCbzRidU5ZeUF5TURJd0lDMGdNakF5TVR3dmMzUnliMjVuUGk0dUxpQThjM0JoYmlCamJHRnpjejBuVG1kaGVWUnBkR3hsSno0b01UY3ZNVEV2TWpBeU1DazhMM053WVc0K1BDOWhQaDhFQW9DQUJHUmtBZ1lQWkJZQ1pnOFBGZ1lmQ0FzckJBRWZBZ1dPQWp4cGJXY2djM0pqUFNkQmNIQmZWR2hsYldWekwxTjBZVzVrWVhKa0wwbHRZV2RsY3k5Q2RXeHNPUzVuYVdZbklHRnNkRDBuSnk4K1BHRWdZMnhoYzNNOUoxUmxlSFJVYVhSc1pTY2dhSEpsWmowblpHVm1ZWFZzZEM1aGMzQjRQM0JoWjJVOVkyaHBkR2xsZEhSb2IyNW5kR2x1Sm1sa1BUWW5Qanh6ZEhKdmJtYytWR2pEdEc1bklIUnBiaURFa2NPZ2J5QjA0YnFoYnlCamRlRzdrV2tnU0VzZ2NHamh1NlVnVGtnZ01qQXhPUzB5TURJd0xDREVrZUc2cDNVZ1NFc2dNU0JPU0NBeU1ESXdJQzBnTWpBeU1Ud3ZjM1J5YjI1blBpNHVMaUE4YzNCaGJpQmpiR0Z6Y3owblRtZGhlVlJwZEd4bEp6NG9NRGd2TURndk1qQXlNQ2s4TDNOd1lXNCtQQzloUGg4RUFvQ0FCR1JrQWdjUFpCWUNaZzhQRmdZZkNBc3JCQUVmQWdXRUFqeHBiV2NnYzNKalBTZEJjSEJmVkdobGJXVnpMMU4wWVc1a1lYSmtMMGx0WVdkbGN5OUNkV3hzT1M1bmFXWW5JR0ZzZEQwbkp5OCtQR0VnWTJ4aGMzTTlKMVJsZUhSVWFYUnNaU2NnYUhKbFpqMG5aR1ZtWVhWc2RDNWhjM0I0UDNCaFoyVTlZMmhwZEdsbGRIUm9iMjVuZEdsdUptbGtQVFVuUGp4emRISnZibWMrVkdqRHRHNW5JSFJwYmlERWtjT2dieUIwNGJxaGJ5QmpkZUc3a1drZ1NFc3lMQ0RFa2VHNnAzVWdTRXN6TENCdXhJTnRJR2podTQxaklESXdNVGtnTFNBeU1ESXdQQzl6ZEhKdmJtYytMaTR1SUR4emNHRnVJR05zWVhOelBTZE9aMkY1VkdsMGJHVW5QaWd3TkM4d05pOHlNREl3S1R3dmMzQmhiajQ4TDJFK0h3UUNnSUFFWkdRQ0NBOWtGZ0ptRHc4V0JoOElDeXNFQVI4Q0JZUUNQR2x0WnlCemNtTTlKMEZ3Y0Y5VWFHVnRaWE12VTNSaGJtUmhjbVF2U1cxaFoyVnpMMEoxYkd3NUxtZHBaaWNnWVd4MFBTY25MejQ4WVNCamJHRnpjejBuVkdWNGRGUnBkR3hsSnlCb2NtVm1QU2RrWldaaGRXeDBMbUZ6Y0hnL2NHRm5aVDFqYUdsMGFXVjBkR2h2Ym1kMGFXNG1hV1E5TkNjK1BITjBjbTl1Wno1VWFNTzBibWNnZEdsdUlNU1J3NkJ2SUhUaHVxRnZJR04xNGJ1UmFTQklTekVzSU1TUjRicW5kU0JJU3pJc0lHN0VnMjBnYU9HN2pXTWdNakF4T1NBdElESXdNakE4TDNOMGNtOXVaejR1TGk0Z1BITndZVzRnWTJ4aGMzTTlKMDVuWVhsVWFYUnNaU2MrS0RJNUx6RXdMekl3TVRrcFBDOXpjR0Z1UGp3dllUNGZCQUtBZ0FSa1pBSUpEMlFXQW1ZUER4WUdId2dMS3dRQkh3SUZtQUk4YVcxbklITnlZejBuUVhCd1gxUm9aVzFsY3k5VGRHRnVaR0Z5WkM5SmJXRm5aWE12UW5Wc2JEa3VaMmxtSnlCaGJIUTlKeWN2UGp4aElHTnNZWE56UFNkVVpYaDBWR2wwYkdVbklHaHlaV1k5SjJSbFptRjFiSFF1WVhOd2VEOXdZV2RsUFdOb2FYUnBaWFIwYUc5dVozUnBiaVpwWkQwekp6NDhjM1J5YjI1blBsUm93N1J1WnlCMGFXNGd4SkhEb0c4Z2RPRzZvVzhnWTNYaHU1RnBJRWhMTXl3Z2JzU0RiU0JvNGJ1Tll5QXlNREU0TFRJd01UazdJTVNSNGJxbmRTQklTekVzSUc3RWcyMGdhT0c3aldNZ01qQXhPUzB5TURJd1BDOXpkSEp2Ym1jK0xpNHVJRHh6Y0dGdUlHTnNZWE56UFNkT1oyRjVWR2wwYkdVblBpZ3lOQzh3Tnk4eU1ERTVLVHd2YzNCaGJqNDhMMkUrSHdRQ2dJQUVaR1FDQ2c5a0ZnSm1EdzhXQmg4SUN5c0VBUjhDQllRQ1BHbHRaeUJ6Y21NOUowRndjRjlVYUdWdFpYTXZVM1JoYm1SaGNtUXZTVzFoWjJWekwwSjFiR3c1TG1kcFppY2dZV3gwUFNjbkx6NDhZU0JqYkdGemN6MG5WR1Y0ZEZScGRHeGxKeUJvY21WbVBTZGtaV1poZFd4MExtRnpjSGcvY0dGblpUMWphR2wwYVdWMGRHaHZibWQwYVc0bWFXUTlNU2MrUEhOMGNtOXVaejVVYU1PMGJtY2dkR2x1SU1TUnc2QnZJSFRodXFGdklHTjE0YnVSYVNCSVN6SXNJTVNSNGJxbmRTQklTek1zSUc3RWcyMGdhT0c3aldNZ01qQXhPQ0F0SURJd01UazhMM04wY205dVp6NHVMaTRnUEhOd1lXNGdZMnhoYzNNOUowNW5ZWGxVYVhSc1pTYytLREl3THpBMEx6SXdNVGtwUEM5emNHRnVQand2WVQ0ZkJBS0FnQVJrWkFJTEQyUVdBbVlQRHhZR0h3Z0xLd1FCSHdJRmhBSThhVzFuSUhOeVl6MG5RWEJ3WDFSb1pXMWxjeTlUZEdGdVpHRnlaQzlKYldGblpYTXZRblZzYkRrdVoybG1KeUJoYkhROUp5Y3ZQanhoSUdOc1lYTnpQU2RVWlhoMFZHbDBiR1VuSUdoeVpXWTlKMlJsWm1GMWJIUXVZWE53ZUQ5d1lXZGxQV05vYVhScFpYUjBhRzl1WjNScGJpWnBaRDB3Sno0OGMzUnliMjVuUGxSb3c3UnVaeUIwYVc0Z3hKSERvRzhnZE9HNm9XOGdZM1hodTVGcElFaExNU3dneEpIaHVxZDFJRWhMTWl3Z2JzU0RiU0JvNGJ1Tll5QXlNREU0SUMwZ01qQXhPVHd2YzNSeWIyNW5QaTR1TGlBOGMzQmhiaUJqYkdGemN6MG5UbWRoZVZScGRHeGxKejRvTWpJdk1URXZNakF4T0NrOEwzTndZVzQrUEM5aFBoOEVBb0NBQkdSa0Fnd1BaQllDWmc4UEZnWWZDQXNyQkFNZkFnVm5QSE53WVc0Z1kyeGhjM005SjNSaGRHTmhZbUZ1ZEdsdUp6NDhZU0JvY21WbVBTZGtaV1poZFd4MExtRnpjSGcvY0dGblpUMWtZVzVvYzJGamFIUm9iMjVuZEdsdUpuUjVjR1U5TVNjK1dHVnRJSFRodXFWMElHUGh1cU04TDJFK1BDOXpjR0Z1UGg4RUFvQ0FCR1JrQWdnUEZnSWZBZ1VPUEM5MFpENDhMM1J5UGp4MGNqNWtBZ29QRmdJZkFnVUVQSFJrUG1RQ0N3OFBGZ0lmQWdVbVZFakRsRTVISUZSSlRpQkk0YnVHSUZiaHU2cEJJRWpodTR4RElGYmh1NnBCSUV6RGdFMWtaQUlNRDJRV0JtWVBaQllDWmc4UEZnZ2ZBZ1h6QVR4aElHTnNZWE56UFNkVVpYaDBWR2wwYkdVbklHaHlaV1k5SjJSbFptRjFiSFF1WVhOd2VEOXdZV2RsUFdOb2FYUnBaWFIwYUc5dVozUnBiaVpwWkQweUp6NDhjM1J5YjI1blBsUm93N1J1WnlCMGFXNGd4SkhEb0c4Z2RPRzZvVzhnWThPaFl5QnM0YnViY0NCTWFjT3FiaUIwYU1PMGJtY2dLR05vdzYxdWFDQnhkWGtzSUhiaHU2dGhJR3pEb0cwZ2R1RzdxMkVnYU9HN2pXTXBMQ0JXeElOdUlHTGh1ckZ1WnlBeUlDaGphTU90Ym1nZ2NYVjVLVHd2YzNSeWIyNW5Qand2WVQ0OGMzQmhiaUJqYkdGemN6MG5UbWRoZVZScGRHeGxKejRnS0RJd0x6QTBMekl3TVRrcFBDOXpjR0Z1UGg4RENpVWZDQXNyQkFFZkJBS0VnQVJrWkFJQkQyUVdBbVlQRHhZR0h3Z0xLd1FCSHdJRm5oWThjM0JoYmlCamJHRnpjejBuVkdWNGRGUm9iMjVuVkdsdUp5QnpkSGxzWlQwbmRHVjRkQzFoYkdsbmJqcHNaV1owSno0OGNENDhMM0ErUEhOMGNtOXVaeUJ6ZEhsc1pUMGlabTl1ZEMxemFYcGxPaUF4TW5CME95Qm1iMjUwTFdaaGJXbHNlVG9nVkdGb2IyMWhPeUkrVkVqRGxFNUhJRlJKVGlCRHc0RkRJRXRJdzVOQklNU1F3NE1neEpERGdFOGdWT0c2b0U4OEwzTjBjbTl1Wno0OGMzUnliMjVuSUhOMGVXeGxQU0ptYjI1MExYTnBlbVU2SURFeWNIUTdJR1p2Ym5RdFptRnRhV3g1T2lCVVlXaHZiV0U3SWo0OFluSWdMejQ4TDNOMGNtOXVaejQ4YzNSeWIyNW5JSE4wZVd4bFBTSm1iMjUwTFhOcGVtVTZJREV5Y0hRN0lHWnZiblF0Wm1GdGFXeDVPaUJVWVdodmJXRTdJajR0SUVqaHU0WWdURW5EaWs0Z1ZFakRsRTVISUMwZ1NNT01Ua2dnVkVqaHU2aERJRmJodTZwQklFekRnRTBnVnVHN3FrRWdTT0c3akVNOFluSWdMejQ4TDNOMGNtOXVaejQ4YzNCaGJpQnpkSGxzWlQwaVkyOXNiM0k2SUNNd01EZ3dNREE3SWo0OGMzUnliMjVuSUhOMGVXeGxQU0ptYjI1MExYTnBlbVU2SURFeWNIUTdJR1p2Ym5RdFptRnRhV3g1T2lCVVlXaHZiV0U3SWo0cklFdG93N05oSURFNUlDaGp3NkZqSUd6aHU1dHdJRVJUUVRNeE9URXNJRVJIVkRNeE9URXNJRVJIVkRNeE9USXBQQzl6ZEhKdmJtYytQSE53WVc0Z2MzUjViR1U5SW1admJuUXRjMmw2WlRvZ01USndkRHNnWm05dWRDMW1ZVzFwYkhrNklGUmhhRzl0WVRzaVBqeGljaUF2UGp4emRISnZibWMrSm01aWMzQTdJQ1p1WW5Od095WnVZbk53T3p3dmMzUnliMjVuUGxqRHFYUWdkT0c3a1hRZ2JtZG9hZUc3aDNBZ3hKSER1bTVuSUhScDRicS9iaURFa2VHN21TQjJ3NkJ2SU1TUTRidWpkQ0F4TENCdXhJTnRJREl3TWpFZ0tIYkRvRzhnYm1mRG9Ia2dNREl2TURNdk1qQXlNU2s4WW5JZ0x6NDhMM053WVc0K1BDOXpjR0Z1UGp4emRISnZibWNnYzNSNWJHVTlJbVp2Ym5RdGMybDZaVG9nTVRKd2REc2dabTl1ZEMxbVlXMXBiSGs2SUZSaGFHOXRZVHNpUGkwZ1NPRzdoaURFa09HNm9Fa2dTT0c3akVNZ1F1RzZzRTVISUZSSTRidW9JRElnTFNCSXc0eE9TQ0JVU09HN3FFTWdRMGpEalU1SUlGRlZXVHhpY2lBdlBqd3ZjM1J5YjI1blBqeHpjR0Z1SUhOMGVXeGxQU0pqYjJ4dmNqb2dJekF3T0RBd01Ec2lQanh6ZEhKdmJtY2djM1I1YkdVOUltWnZiblF0YzJsNlpUb2dNVEp3ZERzZ1ptOXVkQzFtWVcxcGJIazZJRlJoYUc5dFlUc2lQaXNnUzJqRHMyRWdNVGNnS0d6aHU1dHdJRVJCVGpVeE56RWdLVHd2YzNSeWIyNW5QanhpY2lCemRIbHNaVDBpWm05dWRDMXphWHBsT2lBeE1uQjBPeUJtYjI1MExXWmhiV2xzZVRvZ1ZHRm9iMjFoT3lJZ0x6NDhjM0JoYmlCemRIbHNaVDBpWm05dWRDMXphWHBsT2lBeE1uQjBPeUJtYjI1MExXWmhiV2xzZVRvZ1ZHRm9iMjFoT3lJK0ptNWljM0E3SUNadVluTndPend2YzNCaGJqNDhjM1J5YjI1bklITjBlV3hsUFNKbWIyNTBMWE5wZW1VNklERXljSFE3SUdadmJuUXRabUZ0YVd4NU9pQlVZV2h2YldFN0lqNVl3NmwwSUhUaHU1RjBJRzVuYUduaHU0ZHdJTVNSdzdwdVp5QjBhZUc2djI0Z3hKSGh1NWs4TDNOMGNtOXVaejQ4YzNCaGJpQnpkSGxzWlQwaVptOXVkQzF6YVhwbE9pQXhNbkIwT3lCbWIyNTBMV1poYldsc2VUb2dWR0ZvYjIxaE95SStJSGJEb0c4Z3hKRGh1Nk4wSURFc0lFN0VnMjBnTWpBeU1DQW9NalV2TURJdk1qQXlNQ2t1Sm01aWMzQTdQQzl6Y0dGdVBqd3ZjM0JoYmo0OFpXMGdjM1I1YkdVOUltWnZiblF0YzJsNlpUb2dNVEp3ZERzZ1ptOXVkQzFtWVcxcGJIazZJRlJoYUc5dFlUc2dZMjlzYjNJNklDTXdNREF3Wm1ZN0lqNDhZbklnTHo0OEwyVnRQanh6Y0dGdUlITjBlV3hsUFNKamIyeHZjam9nSXpBd09EQXdNRHNpUGp4emRISnZibWNnYzNSNWJHVTlJbVp2Ym5RdGMybDZaVG9nTVRKd2REc2dabTl1ZEMxbVlXMXBiSGs2SUZSaGFHOXRZVHNpUGlzZ1MyakRzMkVnTVRnZ0tHemh1NXR3SUVSQlRqVXhPREVwUEM5emRISnZibWMrUEhOd1lXNGdjM1I1YkdVOUltWnZiblF0YzJsNlpUb2dNVEp3ZERzZ1ptOXVkQzFtWVcxcGJIazZJRlJoYUc5dFlUc2lQanhpY2lBdlBpWnVZbk53T3lBbWJtSnpjRHRZdzZsMElIVGh1NUYwSUc1bmFHbmh1NGR3SU1TUnc3cHVaeUIwYWVHNnYyNGd4SkhodTVrZ2RzT2dieURFa09HN28zUWdNU3dnYnNTRGJTQXlNREl4SUNoMnc2QnZJRzVudzZCNUlEQXlMekF6THpJd01qRXBQR0p5SUM4K1BDOXpjR0Z1UGp3dmMzQmhiajQ4YzNSeWIyNW5JSE4wZVd4bFBTSm1iMjUwTFhOcGVtVTZJREV5Y0hRN0lHWnZiblF0Wm1GdGFXeDVPaUJVWVdodmJXRTdJR052Ykc5eU9pQWpabVl3TURBd095SStLeUJMYU1PellTQXlNQ0FvYk9HN20zQWdSRUZPTlRJd01Ta2dQQzl6ZEhKdmJtYytQR0p5SUhOMGVXeGxQU0ptYjI1MExYTnBlbVU2SURFeWNIUTdJR1p2Ym5RdFptRnRhV3g1T2lCVVlXaHZiV0U3SWlBdlBqeHpjR0Z1SUhOMGVXeGxQU0ptYjI1MExYTnBlbVU2SURFeWNIUTdJR1p2Ym5RdFptRnRhV3g1T2lCVVlXaHZiV0U3SWo0bWJtSnpjRHNnSm01aWMzQTdTT0c3aldNZ2E4T3NJSFJvNGJ1cElERWdZK0c3cDJFZ2EyakRzMkVneEpIRG9HOGdkT0c2b1c4Z0tNU1J3Nk1nWThPeklHdmh1cjkwSUhGMTRicWpJR2podTQxaklIVGh1cTF3SUVoTElIVGh1NnNnZEdqRG9XNW5JREF4THpJd01qRXBQR0p5SUM4K0ptNWljM0E3SUNadVluTndPMGpodTQxaklHdkRyQ0IwYU9HN3FTQXlJR1BodTZkaElHdG93N05oSU1TUnc2QnZJSFRodXFGdklDamh1Nmx1WnlCMjRidWJhU0JJU3pFc0lESXdNakFnTFNBeU1ESXhLVHhpY2lBdlBqeHpjR0Z1SUhOMGVXeGxQU0pqYjJ4dmNqb2dJekF3TURCbVpqc2lQaVp1WW5Od095QW1ibUp6Y0R0STRidU5ZeUJydzZ3Z2RHamh1NmtnTXlCajRidW5ZU0JyYU1PellTREVrY09nYnlCMDRicWhieUFvNGJ1cGJtY2dkdUc3bTJrZ1NFc3lMQ0F5TURJd0lDMGdNakF5TVNrbWJtSnpjRHM4TDNOd1lXNCtQQzl6Y0dGdVBqeHpjR0Z1SUhOMGVXeGxQU0ptYjI1MExXWmhiV2xzZVRvZ1ZHRm9iMjFoT3lCbWIyNTBMWE5wZW1VNklERTJjSGc3SWo0OGMzQmhiaUJ6ZEhsc1pUMGlZMjlzYjNJNklDTm1aakF3TURBN0lqNG9Ua1ZYT2lERWtjT2pJR1BEc3lCcjRicS9kQ0J4ZGVHNm95Qm80YnVOWXlCMDRicXRjQ0JJU3lCMDRidXJJREV4THpBeEx6SXdNaklwUEM5emNHRnVQand2YzNCaGJqNDhjM0JoYmlCemRIbHNaVDBpWm05dWRDMXphWHBsT2lBeE1uQjBPeUJtYjI1MExXWmhiV2xzZVRvZ1ZHRm9iMjFoT3lJK1BITndZVzRnYzNSNWJHVTlJbU52Ykc5eU9pQWpNREF3TUdabU95SStQR0p5SUM4K0ptNWljM0E3SUNadVluTndPMGpodTQxaklHdkRyU0IwYU9HN3FTQTBJR1BodTZkaElHdG93N05oSU1TUnc2QnZJSFRodXFGdklDamh1Nmx1WnlCMjRidWJhU0JJU3pFc0lESXdNakVnTFNBeU1ESXlLU1p1WW5Od095Z3hOUzh3Tnk4eU1ESXhLU0JUVmlCNFpXMGdWRXRDSUVoTElIUm80YnVwSURRc0lNU1I0YnVqZENBeElDaG80YnVOWXlCMDRidXJJREl5THpFeEx6SXdNakVwUEM5emNHRnVQand2YzNCaGJqNDhMM053WVc0K1BHUnBkaUJ6ZEhsc1pUMG5kR1Y0ZEMxaGJHbG5ianB5YVdkb2RDY2dQanhrYVhZZ1kyeGhjM005SjBOb2FWUnBaWFFuUGp4cGJXY2djM0pqUFNkQmNIQmZWR2hsYldWekwxTjBZVzVrWVhKa0wwbHRZV2RsY3k5aGNuSnZkMTl5TG1kcFppY2dZV3gwUFNjbkx6NGdQR0VnWTJ4aGMzTTlKMVJsZUhSVWFHOXVaMVJwYmljZ2FISmxaajBuWkdWbVlYVnNkQzVoYzNCNFAzQmhaMlU5WTJocGRHbGxkSFJvYjI1bmRHbHVKbWxrUFRJblBsaGxiU0JEYUdrZ1ZHbmh1cjkwUEM5aFBqd3ZaR2wyUGp3dlpHbDJQaDhFQW9DQUJHUmtBZ0lQWkJZQ1pnOFBGZ1lmQ0FzckJBTWZBZ1ZuUEhOd1lXNGdZMnhoYzNNOUozUmhkR05oWW1GdWRHbHVKejQ4WVNCb2NtVm1QU2RrWldaaGRXeDBMbUZ6Y0hnL2NHRm5aVDFrWVc1b2MyRmphSFJvYjI1bmRHbHVKblI1Y0dVOU15YytXR1Z0SUhUaHVxVjBJR1BodXFNOEwyRStQQzl6Y0dGdVBoOEVBb0NBQkdSa0FnMFBGZ0lmQWdVRlBDOTBaRDVrQWc0UER4WUNId1ZuWkJZU0FnRVBEeFlDSHdJRkVVamh1NVlnVkZMaHU2SWdUMDVNU1U1RlpHUUNBZzhXQWg4Q1pXUUNBdzhXQWg4Q1pXUUNCQThXQWg4Q1pXUUNCUThXQWg4Q1pXUUNCZzhXQWg4Q1pXUUNCdzlrRmdwbUR3OFdBaDhDQlJOVWFNU0RiU0JrdzdJZ3c3MGdhMm5odXI5dVpHUUNBZzhRWkdRV0FHUUNBdzhRWkdRV0FHUUNCQThQRmdJZkFnVU9RbW5odTROMUlIRjFlZUc2djNSa1pBSUZEdzhXQWg4Q0JRWllaVzBnUzFGa1pBSUlEdzhXQWg4Q0JScFQ0YnVSSU1TUllXNW5JSFJ5ZFhrZ1krRzZyWEE2SURJME9XUmtBZ29QRHhZQ0h3SUZHbFBodTVFZ3hKSERveURFa2NTRGJtY2dibWpodXExd09qRTBaR1FDRHc4V0FoOENCU004TDNSa1BpQThkR1FnZDJsa2RHZzlKelF6SlNjZ2RtRnNhV2R1UFNkMGIzQW5QbVFDRUE4UEZnSWZBZ1VRVkVqRGxFNUhJRlJKVGlCRFNGVk9SMlJrQWhFUFpCWUdaZzlrRmdKbUR3OFdDQjhDQmJzQlBHRWdZMnhoYzNNOUoxUmxlSFJVYVhSc1pTY2dhSEpsWmowblpHVm1ZWFZzZEM1aGMzQjRQM0JoWjJVOVkyaHBkR2xsZEhSb2IyNW5kR2x1Sm1sa1BUY25Qanh6ZEhKdmJtYytUbWpodTY5dVp5REVrV25odTROdElHUGh1cWR1SUd6R3NIVWd3NzBnYTJocElNU1J4SU51WnlCcnc2MGdiY08wYmlCbzRidU5Zend2YzNSeWIyNW5Qand2WVQ0OGMzQmhiaUJqYkdGemN6MG5UbWRoZVZScGRHeGxKejRnS0RNeEx6QTRMekl3TWpBcFBDOXpjR0Z1UGg4RENpVWZDQXNyQkFFZkJBS0VnQVJrWkFJQkQyUVdBbVlQRHhZQ0h3SUZxZ004YzNCaGJpQmpiR0Z6Y3owblZHVjRkRlJvYjI1blZHbHVKeUJ6ZEhsc1pUMG5kR1Y0ZEMxaGJHbG5ianBzWldaMEp6NDhjM0JoYmlCemRIbHNaVDBpWm05dWRDMW1ZVzFwYkhrNklGUmhhRzl0WVRzaVBqeHpjR0Z1SUhOMGVXeGxQU0ptYjI1MExYTnBlbVU2SURFMmNIZzdJajVPYU9HN3IyNW5JTVNSYWVHN2cyMGdjMmx1YUNCMmFjT3FiaUJqNGJxbmJpQnN4ckIxSU1POUlHdG9hU0RFa2NTRGJtY2dhOE90SUczRHRHNGdhT0c3aldNZ2NYVmhJRzNodXFGdVp6d3ZjM0JoYmo0OEwzTndZVzQrUEM5emNHRnVQanhrYVhZZ2MzUjViR1U5SjNSbGVIUXRZV3hwWjI0NmNtbG5hSFFuSUQ0OFpHbDJJR05zWVhOelBTZERhR2xVYVdWMEp6NDhhVzFuSUhOeVl6MG5RWEJ3WDFSb1pXMWxjeTlUZEdGdVpHRnlaQzlKYldGblpYTXZZWEp5YjNkZmNpNW5hV1luSUdGc2REMG5KeTgrSUR4aElHTnNZWE56UFNkVVpYaDBWR2h2Ym1kVWFXNG5JR2h5WldZOUoyUmxabUYxYkhRdVlYTndlRDl3WVdkbFBXTm9hWFJwWlhSMGFHOXVaM1JwYmlacFpEMDNKejVZWlcwZ1EyaHBJRlJwNGJxL2REd3ZZVDQ4TDJScGRqNDhMMlJwZGo1a1pBSUREMlFXQW1ZUER4WUdId2dMS3dRREh3SUZaenh6Y0dGdUlHTnNZWE56UFNkMFlYUmpZV0poYm5ScGJpYytQR0VnYUhKbFpqMG5aR1ZtWVhWc2RDNWhjM0I0UDNCaFoyVTlaR0Z1YUhOaFkyaDBhRzl1WjNScGJpWjBlWEJsUFRBblBsaGxiU0IwNGJxbGRDQmo0YnFqUEM5aFBqd3ZjM0JoYmo0ZkJBS0FnQVJrWkFJU0R4WUNId0lGSXp3dmRHUStJRHgwWkNCM2FXUjBhRDBuTkRNbEp5QjJZV3hwWjI0OUozUnZjQ2MrWkFJVER3OFdBaDhDQlJsVVNVNGdWT0c3cUVNZ1ZzT0FJRlBodTdBZ1Mwbmh1NFpPWkdRQ0ZBOWtGZ0lDQWc5a0ZnSm1EdzhXQmg4SUN5c0VBeDhDQldjOGMzQmhiaUJqYkdGemN6MG5kR0YwWTJGaVlXNTBhVzRuUGp4aElHaHlaV1k5SjJSbFptRjFiSFF1WVhOd2VEOXdZV2RsUFdSaGJtaHpZV05vZEdodmJtZDBhVzRtZEhsd1pUMHlKejVZWlcwZ2RPRzZwWFFnWStHNm96d3ZZVDQ4TDNOd1lXNCtId1FDZ0lBRVpHUUNGUTlrRmdJQ0FROFdBaDhDWldRQ0ZnOFdBaDhDQlNBOEwzUmtQaUE4ZEdRZ0lITjBlV3hsUFNka2FYTndiR0Y1T201dmJtVW5QbVFDR1E4V0FoOENCU0E4TDNSa1BpQThkR1FnSUhOMGVXeGxQU2RrYVhOd2JHRjVPbTV2Ym1VblBtUUNDUTlrRmdnQ0FROFBGZ0lmQWdWNVEyOXdlWEpwWjJoMElNS3BNakF3T1NCVWNzYXc0YnVkYm1jZ3hKQklJRlBEb0drZ1I4T3liaTNFa09HNm9Xa2dhT0c3aldNZ1kyakRyVzVvSUhGMWVTNGdVWFhodXFOdUlHekR2U0JpNGJ1ZmFTRGh1Nlo1SUdKaGJpQnVhTU9pYmlCa3c2SnVJRlJRTGlCSTRidVRJRU5vdzYwZ1RXbHVhR1JrQWdNUER4WUNId0lGQzFSeVlXNW5JRU5vNGJ1blpHUUNCUThQRmdJZkFnVXRWR2hwNGJxL2RDQnI0YnEvSUdMaHU1OXBJR04wZVNCUWFPRzZwMjRnYmVHN2dXMGdRVzVvSUZGMXc2SnVaR1FDQnc4UEZnSWZBZ1VNeEpEaHVxZDFJRlJ5WVc1blpHUVlBUVVlWDE5RGIyNTBjbTlzYzFKbGNYVnBjbVZRYjNOMFFtRmphMHRsZVY5ZkZnSUZPbU4wYkRBd0pFTnZiblJsYm5SUWJHRmpaVWh2YkdSbGNqRWtZM1JzTURBa1RXVnpjMkZuWlVKdmVERWthVzFuUTJ4dmMyVkNkWFIwYjI0Rk1XTjBiREF3SkVOdmJuUmxiblJRYkdGalpVaHZiR1JsY2pFa1kzUnNNREFrVFdWemMyRm5aVUp2ZURFa1luUnVUMnZOdGorWHRoWUxLajk4QTVDYWo3UUpIRStnc0E9PSIgQ29ycmVsYXRpb25CaW5kaW5nPSJ7e0Zvcm1Qb3N0UGFyYW0zNS5fX1ZJRVdTVEFURX19IiBVcmxFbmNvZGU9IlRydWUiIC8+DQogICAgICAgIDxGb3JtUG9zdFBhcmFtZXRlciBOYW1lPSJfX1ZJRVdTVEFURUdFTkVSQVRPUiIgVmFsdWU9IkNBMEIwMzM0IiBSZWNvcmRlZFZhbHVlPSJDQTBCMDMzNCIgQ29ycmVsYXRpb25CaW5kaW5nPSJ7e0Zvcm1Qb3N0UGFyYW0zNi5fX1ZJRVdTVEFURUdFTkVSQVRPUn19IiBVcmxFbmNvZGU9IlRydWUiIC8+DQogICAgICA8L0Zvcm1Qb3N0SHR0cEJvZHk+DQogICAgPC9SZXF1ZXN0Pg0KICAgIDxSZXF1ZXN0IE1ldGhvZD0iUE9TVCIgR3VpZD0iNzJiZGM4MzItMWYyOS00MTAzLTk3NDUtYTgzMjBiZDFjZGExIiBWZXJzaW9uPSIxLjEiIFVybD0iaHR0cDovL3Rob25ndGluZGFvdGFvLnNndS5lZHUudm4vZGVmYXVsdC5hc3B4IiBUaGlua1RpbWU9IjAiIFRpbWVvdXQ9IjMwMCIgUGFyc2VEZXBlbmRlbnRSZXF1ZXN0cz0iVHJ1ZSIgRm9sbG93UmVkaXJlY3RzPSJUcnVlIiBSZWNvcmRSZXN1bHQ9IlRydWUiIENhY2hlPSJGYWxzZSIgUmVzcG9uc2VUaW1lR29hbD0iMCIgRW5jb2Rpbmc9InV0Zi04IiBFeHBlY3RlZEh0dHBTdGF0dXNDb2RlPSIwIiBFeHBlY3RlZFJlc3BvbnNlVXJsPSJodHRwOi8vdGhvbmd0aW5kYW90YW8uc2d1LmVkdS52bi9kZWZhdWx0LmFzcHg/cGFnZT10aGF5ZG9pdHRjbiIgUmVwb3J0aW5nTmFtZT0iIiBJZ25vcmVIdHRwU3RhdHVzQ29kZT0iRmFsc2UiPg0KICAgICAgPEhlYWRlcnM+DQogICAgICAgIDxIZWFkZXIgTmFtZT0iUmVmZXJlciIgVmFsdWU9Imh0dHA6Ly90aG9uZ3RpbmRhb3Rhby5zZ3UuZWR1LnZuL2RlZmF1bHQuYXNweD9wYWdlPWdpb2l0aGlldSIgLz4NCiAgICAgIDwvSGVhZGVycz4NCiAgICAgIDxRdWVyeVN0cmluZ1BhcmFtZXRlcnM+DQogICAgICAgIDxRdWVyeVN0cmluZ1BhcmFtZXRlciBOYW1lPSJwYWdlIiBWYWx1ZT0iZ2lvaXRoaWV1IiBSZWNvcmRlZFZhbHVlPSJnaW9pdGhpZXUiIENvcnJlbGF0aW9uQmluZGluZz0ie3tRdWVyeVN0cmluZ1BhcmFtNDgucGFnZX19IiBVcmxFbmNvZGU9IkZhbHNlIiBVc2VUb0dyb3VwUmVzdWx0cz0iRmFsc2UiIC8+DQogICAgICA8L1F1ZXJ5U3RyaW5nUGFyYW1ldGVycz4NCiAgICAgIDxGb3JtUG9zdEh0dHBCb2R5Pg0KICAgICAgICA8Rm9ybVBvc3RQYXJhbWV0ZXIgTmFtZT0iX19FVkVOVFRBUkdFVCIgVmFsdWU9ImN0bDAwJEhlYWRlcjEkTG9nb3V0MSRsYnRuQ2hhbmdlUGFzcyIgUmVjb3JkZWRWYWx1ZT0iY3RsMDAkSGVhZGVyMSRMb2dvdXQxJGxidG5DaGFuZ2VQYXNzIiBDb3JyZWxhdGlvbkJpbmRpbmc9IiIgVXJsRW5jb2RlPSJUcnVlIiAvPg0KICAgICAgICA8Rm9ybVBvc3RQYXJhbWV0ZXIgTmFtZT0iX19FVkVOVEFSR1VNRU5UIiBWYWx1ZT0ie3skSElEREVOMS5fX0VWRU5UQVJHVU1FTlR9fSIgUmVjb3JkZWRWYWx1ZT0iIiBDb3JyZWxhdGlvbkJpbmRpbmc9IiIgVXJsRW5jb2RlPSJUcnVlIiAvPg0KICAgICAgICA8Rm9ybVBvc3RQYXJhbWV0ZXIgTmFtZT0iX19WSUVXU1RBVEUiIFZhbHVlPSJ7eyRISURERU4xLl9fVklFV1NUQVRFfX0iIFJlY29yZGVkVmFsdWU9Ii93RVBEd1VLTFRNeE5qYzNOVE0zTlE5a0ZnSm1EMlFXQkdZUFpCWUVBZ0VQRmdJZUIyTnZiblJsYm5Sa1pBSUNEeFlDSGdSb2NtVm1CU2t1TDAxbGMzTmhaMlZHYVd4bEwyWmhkbWxqYjI0dFpHRnBMV2h2WXkxellXa3RaMjl1TG1wd1oyUUNBUTlrRmdnQ0F3OWtGZ0ptRDJRV0FnSUJEMlFXREdZUER4WUNIZ1JVWlhoMEJTNURhTU9nYnlCaTRicWhiaUJPWjNWNTRidUZiaUJJNGJ1dmRTQk9aMmpFcVdFZ0tETXhNVGswTVRFd05ESXBaR1FDQVE4UEZnZ2ZBZ1VQV0dWdElIUm93N1J1WnlCaXc2RnZIZ2xHYjNKbFEyOXNiM0lKQURQLy94NEVYeUZUUWdJRUhnZFdhWE5wWW14bFoyUmtBZ0lQRHhZR0h3TUpBRFAvL3g4RUFnUWZCV2RrWkFJRER3OFdDQjhDQlJoVWFHRjVJTVNSNGJ1VmFTQnQ0YnF0ZENCcmFPRzZxWFVmQXdrQU0vLy9Id1FDQkI4RloyUmtBZ1FQRHhZR0h3TUpBRFAvL3g4RUFnUWZCV2RrWkFJRkR3OFdCaDhDQlFaVWFHL0RvWFFmQXdrQU0vLy9Id1FDQkdSa0FnVVBaQmJDQVFJQkR3OFdCQjRJUTNOelEyeGhjM01GQ0c5MWRDMXRaVzUxSHdRQ0FtUVdBbVlQRHhZQ0h3SUZDMVJTUVU1SElFTkk0YnVtWkdRQ0F3OFBGZ1FmQmdVSWIzVjBMVzFsYm5VZkJBSUNaQllDQWdFUER4WUNId0lGRjBSQlRrZ2dUZUc3cEVNZ1Ewamh1NmhESUU3RWdrNUhaR1FDQlE4UEZnUWZCZ1VJYjNWMExXMWxiblVmQkFJQ1pCWUNBZ0VQRHhZQ0h3SUZHMFJOSUVOSTRidW9ReUJPeElKT1J5REVrTU9CVGtnZ1IwbkRnV1JrQWdjUER4WUVId1lGQ0c5MWRDMXRaVzUxSHdRQ0FtUVdBZ0lCRHc4V0FoOENCU05SVmVHNm9rNGdUTU9kSU1TUXc0Rk9TQ0JIU2NPQklGTERpRTRnVEZWWjRidUdUbVJrQWdrUER4WUVId1lGQ0c5MWRDMXRaVzUxSHdRQ0FtUVdBZ0lCRHc4V0FoOENCUlhFa01TQ1RrY2dTOE9kSUUzRGxFNGdTT0c3akVOa1pBSUxEdzhXQkI4R0JRaHZkWFF0YldWdWRSOEVBZ0prWkFJTkR3OFdCQjhHQlFodmRYUXRiV1Z1ZFI4RUFnSmtGZ0lDQVE4UEZnSWZBZ1VIV0VWTklGUkxRbVJrQWc4UER4WUVId1lGQ0c5MWRDMXRaVzUxSHdRQ0FtUVdBZ0lCRHc4V0FoOENCUkJZUlUwZ3hKQko0YnVDVFNCRVFVNUlaR1FDRVE4UEZnUWZCZ1VJYjNWMExXMWxiblVmQkFJQ1pCWUNaZzhQRmdJZkFnVU9XRVZOSUV6aHU0cERTQ0JVU0Vsa1pBSVREdzhXQmg4R0JRaHZkWFF0YldWdWRSOEVBZ0lmQldoa0ZnSUNBUThQRmdJZkFnVVVXRVZOSUV6aHU0cERTQ0JVU0VrZ1RPRzZvRWxrWkFJVkR3OFdCaDhHQlFodmRYUXRiV1Z1ZFI4RUFnSWZCV2hrRmdJQ0FROFBGZ0lmQWdVUldFVk5JRXpodTRwRFNDQlVTRWtnUjB0a1pBSVhEdzhXQmg4R0JRaHZkWFF0YldWdWRSOEVBZ0lmQldoa0ZnSUNBUThQRmdJZkFnVWhSMGhKSUZURGswMGdWT0c2cmxRZ1RjT1VUaUJIU2VHNm9rNUhJRVRodXFCWlpHUUNHUThQRmdRZkJnVUliM1YwTFcxbGJuVWZCQUlDWkdRQ0d3OFBGZ1FmQmdVSWIzVjBMVzFsYm5VZkJBSUNaQllDQWdFUER4WUNId0lGRGxoRlRTQkk0YnVNUXlCUVNNT05aR1FDSFE4UEZnUWZCZ1VJYjNWMExXMWxiblVmQkFJQ1pHUUNIdzhQRmdRZkJnVUliM1YwTFcxbGJuVWZCQUlDWkJZQ0FnRVBEeFlDSHdJRkMxaEZUU0RFa0VuaHU0Sk5aR1FDSVE4UEZnWWZCZ1VJYjNWMExXMWxiblVmQkFJQ0h3Vm9aQllDQWdFUER4WUNId0lGRThTUVNlRzdnazBnUytHN3NpQlc0YnVNVGtka1pBSWpEdzhXQkI4R0JRaHZkWFF0YldWdWRSOEVBZ0prRmdJQ0FROFBGZ0lmQWdVWVMrRzZ2bFFnVVZYaHVxSWd4SkJKNGJ1Q1RTQkVRVTVJWkdRQ0pROFBGZ1FmQmdVSWIzVjBMVzFsYm5VZkJBSUNaQllDQWdFUER4WUNId0lGRmt0UklNU1FTZUc3Z2swZ1JFRk9TQ0JQVGt4SlRrVmtaQUluRHc4V0JCOEdCUWh2ZFhRdGJXVnVkUjhFQWdKa0ZnSUNBUThQRmdJZkFnVWJXRVZOSU1TUVNlRzdnazBnUkVGT1NDQlRTVTVJSUZaSnc0cE9aR1FDS1E4UEZnUWZCZ1VJYjNWMExXMWxiblVmQkFJQ1pCWUNBZ0VQRHhZQ0h3SUZIMGRKNGJxaVRrY2dWa25EaWs0Z1ZPRzdzQ0RFa0VuaHU0Sk5JRVJCVGtoa1pBSXJEdzhXQmg4R0JRaHZkWFF0YldWdWRSOEVBZ0lmQldka0ZnSUNBUThQRmdJZkFnVUpXRVZOSUVOVXhKQlVaR1FDTFE4UEZnWWZCZ1VJYjNWMExXMWxiblVmQkFJQ0h3Vm5aQllDQWdFUER4WUNId0lGQzFoRlRTQk53NVJPSUZSUlpHUUNMdzhQRmdRZkJnVUliM1YwTFcxbGJuVWZCQUlDWkJZQ0FnRVBEeFlDSHdJRkpNU1F3NEZPU0NCSFNjT0JJRXZodXI1VUlGRlY0YnFpSUZMRGlFNGdURlZaNGJ1R1RtUmtBakVQRHhZRUh3WUZDRzkxZEMxdFpXNTFId1FDQW1RV0FnSUJEdzhXQWg4Q0JTYkVrTU9CVGtnZ1IwbkRnU0JMVVNCU3c0aE9JRXhWV2VHN2hrNGdVMGxPU0NCV1NjT0tUbVJrQWpNUER4WUVId1lGQ0c5MWRDMXRaVzUxSHdRQ0FtUVdBZ0lCRHc4V0FoOENCUkpUNGJ1c1FTQlVWQ0JEdzRFZ1RrakRnazVrWkFJMUR3OFdCQjhHQlFodmRYUXRiV1Z1ZFI4RUFnSmtGZ0lDQVE4UEZnSWZBZ1VPUjhPVFVDRERuU0JMU2VHNnZrNWtaQUkzRHc4V0JoOEdCUWh2ZFhRdGJXVnVkUjhFQWdJZkJXaGtGZ0ptRHc4V0FoOENCUkJUNGJ1c1FTQk13NTBnVE9HN2lrTklaR1FDT1E4UEZnUWZCZ1VJYjNWMExXMWxiblVmQkFJQ1pCWUNBZ0VQRHhZQ0h3SUZGVkZWNGJxaVRpQk13NTBnVTBsT1NDQldTY09LVG1Sa0Fqc1BEeFlFSHdZRkNHOTFkQzF0Wlc1MUh3UUNBbVFXQWdJQkR3OFdBaDhDQlNKTDRicStWQ0JSVmVHNm9pQlRTVTVJSUZaSnc0cE9JTVNRdzRGT1NDQkhTY09CWkdRQ1BROFBGZ1FmQmdVSWIzVjBMVzFsYm5VZkJBSUNaR1FDUHc4UEZnWWZCZ1VJYjNWMExXMWxiblVmQkFJQ0h3Vm5aQllDQWdFUFpCWUNaZzhQRmdJZkFnVVp4SkREZ1U1SUlFZEp3NEVnUjBuaHVxSk9SeUJFNGJxZ1dXUmtBa0VQRHhZRUh3WUZDRzkxZEMxdFpXNTFId1FDQW1RV0FnSUJEdzhXQWg4Q0JSVEVrTVNDVGtjZ1M4T2RJRlJJU1NCTTRicWdTV1JrQWtNUER4WUVId1lGQ0c5MWRDMXRaVzUxSHdRQ0FtUmtBa1VQRHhZRUh3WUZDRzkxZEMxdFpXNTFId1FDQW1RV0FnSUJEdzhXQWg4Q0JSTEVrRXNnUTBoVldjT0tUaUJPUjhPQVRraGtaQUpIRHc4V0JCOEdCUWh2ZFhRdGJXVnVkUjhFQWdKa1pBSkpEdzhXQkI4R0JRaHZkWFF0YldWdWRSOEVBZ0prRmdJQ0FROFBGZ0lmQWdVV1MxRWdXTU9KVkNCVTRidVFWQ0JPUjBoSjRidUdVR1JrQWtzUER4WUVId1lGQ0c5MWRDMXRaVzUxSHdRQ0FtUVdBZ0lCRHc4V0FoOENCUjFMVVNCWXc0bFVJRlJKNGJ1QVRpQlU0YnVRVkNCT1IwaEo0YnVHVUdSa0FrMFBEeFlFSHdZRkNHOTFkQzF0Wlc1MUh3UUNBbVFXQWdJQkR3OFdBaDhDQlJwRHc0SlZJRWpodTQ1SklGUkl4cS9odTV4T1J5Qkg0YnEyVUdSa0FrOFBEeFlFSHdZRkNHOTFkQzF0Wlc1MUh3UUNBbVFXQWdJQkR3OFdBaDhDQlJQRWtFc2dTMGpEazBFZ1RGWGh1cXhPSUZST1pHUUNVUThQRmdRZkJnVUliM1YwTFcxbGJuVWZCQUlDWkJZQ0FnRVBEeFlDSHdJRkRrNUk0YnFzVUNERWtFbmh1NEpOWkdRQ1V3OFBGZ1FmQmdVSWIzVjBMVzFsYm5VZkJBSUNaR1FDVlE4UEZnUWZCZ1VJYjNWMExXMWxiblVmQkFJQ1pHUUNWdzhQRmdRZkJnVUliM1YwTFcxbGJuVWZCQUlDWkdRQ1dROFBGZ1FmQmdVSWIzVjBMVzFsYm5VZkJBSUNaQllDQWdFUER4WUNId0lGSGxoRlRTREVrRW5odTRKTklFM0RsRTRnUjBuaHVxSk9SeUJFNGJxZ1dXUmtBbHNQRHhZRUh3WUZDRzkxZEMxdFpXNTFId1FDQW1RV0FnSUJEdzhXQWg4Q0JSNVlSVTBneEpCSjRidUNUU0JVNGJ1VVRrY2dTT0c3b2xBZ1RPRzdtbEJrWkFKZER3OFdCQjhHQlFodmRYUXRiV1Z1ZFI4RUFnSmtGZ0lDQVE4UEZnSWZBZ1VWU1U0Z1Mwamh1NUJKSUV6R3IrRzdvazVISUVkRVpHUUNYdzhQRmdRZkJnVUliM1YwTFcxbGJuVWZCQUlDWkJZQ0FnRVBEeFlDSHdJRkRsVlFURTlCUkNERWtFbmh1NEpOWkdRQ1lROFBGZ1FmQmdVSWIzVjBMVzFsYm5VZkJBSUNaQllDQWdFUER4WUNId0lGRFZSTFFpQkM0YnVZSUUzRGxFNWtaQUpqRHc4V0JCOEdCUWh2ZFhRdGJXVnVkUjhFQWdKa0ZnSUNBUThQRmdJZkFnVVVUT0c3aWtOSUlGUklTU0JDNGJ1WUlFM0RsRTVrWkFKbER3OFdCQjhHQlFodmRYUXRiV1Z1ZFI4RUFnSmtGZ0lDQVE4UEZnSWZBZ1VtVkVqaHU1Qk9SeUJMdzRvZ1Iwbmh1cUpPUnlCV1NjT0tUaUJFVlZuaHU0WlVJRXRSUkV0a1pBSm5EdzhXQkI4R0JRaHZkWFF0YldWdWRSOEVBZ0prRmdJQ0FROFBGZ0lmQWdVaVdFVk5JRlRodTVST1J5Qkk0YnVpVUNCTFVTQkk0YnVNUXlCVTRicXNVQ0JUVm1Sa0Fta1BEeFlFSHdZRkNHOTFkQzF0Wlc1MUh3UUNBbVJrQW1zUER4WUVId1lGQ0c5MWRDMXRaVzUxSHdRQ0FtUVdBbVlQRHhZQ0h3SUZHRXZodXI0Z1NFL2h1cUJEU0NCSTRidU1ReUJVNGJxc1VHUmtBbTBQRHhZRUh3WUZDRzkxZEMxdFpXNTFId1FDQW1Sa0FtOFBEeFlFSHdZRkNHOTFkQzF0Wlc1MUh3UUNBbVFXQWdJQkR3OFdBaDhDQlJSSXhxL2h1NXBPUnlCRTRicXFUaURFa0V0TlNHUmtBbkVQRHhZRUh3WUZDRzkxZEMxdFpXNTFId1FDQW1RV0FnSUJEdzhXQWg4Q0JTQk9TT0c2ckZBZ3hKRGh1NHBCSUVOSTRidUlJRTVJNGJxc1RpQlR3NEZEU0dSa0FuTVBEeFlFSHdZRkNHOTFkQzF0Wlc1MUh3UUNBbVFXQWdJQkR3OFdBaDhDQlNURWtNU0NUa2NnUzhPZElFNUk0YnFzVGlCVHc0RkRTQ0JPUjAvRGdFa2dSMG5odTV4a1pBSjFEdzhXQkI4R0JRaHZkWFF0YldWdWRSOEVBZ0prRmdJQ0FROFBGZ0lmQWdVYnhKRERnVTVJSUVkSnc0RWdRMGpodXFSVUlFekdyK0c3b2s1SFpHUUNkdzhQRmdRZkJnVUliM1YwTFcxbGJuVWZCQUlDWkJZQ0FnRVBEeFlDSHdJRkg4U1FMa3ZEblNCRTRidXdJRXpodTRRZ1ZPRzdrRlFnVGtkSVNlRzdobEJrWkFKNUR3OFdCQjhHQlFodmRYUXRiV1Z1ZFI4RUFnSmtGZ0lDQVE4UEZnSWZBZ1VUVHVHN21GQWdRMGpodTZoT1J5QkRTT0c3aUdSa0Fuc1BEeFlFSHdZRkNHOTFkQzF0Wlc1MUh3UUNBbVFXQWdJQkR3OFdBaDhDQlNGWVJVMGd4SkRodTRBZ1E4YXZ4cUJPUnlCVVVrOU9SeUJDNGJ1WUlFM0RsRTVrWkFKOUR3OFdCQjhHQlFodmRYUXRiV1Z1ZFI4RUFnSmtGZ0lDQVE4UEZnSWZBZ1VaUkVGT1NDQlR3NEZEU0NERWtDNUx3NTBnV01PSlZDQlVUbVJrQW44UER4WUVId1lGQ0c5MWRDMXRaVzUxSHdRQ0FtUVdBZ0lCRHc4V0FoOENCUjVFUVU1SUlGUERnVU5JSU1TUUxrdkRuU0JFNGJ1d0lFemh1NFFnVkU1a1pBS0JBUThQRmdRZkJnVUliM1YwTFcxbGJuVWZCQUlDWkJZQ0FnRVBEeFlDSHdJRkZsUkl3NVJPUnlCVVNVNGdURlhodXF4T0lGYkVnazVrWkFLREFROFBGZ1FmQmdVSWIzVjBMVzFsYm5VZkJBSUNaQllDQWdFUER4WUNId0lGSTFSU1FTQkQ0YnVvVlNCVVNNT1VUa2NnVkVsT0lGVGh1NUJVSUU1SFNFbmh1NFpRWkdRQ2hRRVBEeFlFSHdZRkNHOTFkQzF0Wlc1MUh3UUNBbVFXQWdJQkR3OFdBaDhDQlJCRDRidXdWU0JUU1U1SUlGWkp3NHBPWkdRQ2h3RVBEeFlFSHdZRkNHOTFkQzF0Wlc1MUh3UUNBbVFXQWdJQkR3OFdBaDhDQlJmRWtNU0NUa2NnUzhPZElGakRpVlFnVkZWWjRidUNUbVJrQW9rQkR3OFdCQjhHQlFodmRYUXRiV1Z1ZFI4RUFnSmtGZ0lDQVE4UEZnSWZBZ1VnVkVqRGxFNUhJRlJKVGlCSTRidVNJRlBHb0NCVVZWbmh1NEpPSUZOSlRraGtaQUtMQVE4UEZnUWZCZ1VJYjNWMExXMWxiblVmQkFJQ1pHUUNqUUVQRHhZR0h3WUZDRzkxZEMxdFpXNTFId1FDQWg4RloyUVdBZ0lCRHc4V0FoOENCUmRJdzVOQklNU1F4cUJPSU1TUVNlRzdoazRnVk9HN3JHUmtBbzhCRHc4V0JCOEdCUWh2ZFhRdGJXVnVkUjhFQWdKa0ZnSUNBUThQRmdJZkFnVVdUa2RJNGJ1SUlFVGh1cUJaSUVUaHVxQlpJRUxEbVdSa0FwRUJEdzhXQkI4R0JRaHZkWFF0YldWdWRSOEVBZ0prRmdJQ0FROFBGZ0lmQWdVWHhKREVnazVISUV2RG5TQk9SMGpodTRnZ1VFakRpVkJrWkFLVEFROFBGZ1FmQmdVSWIzVjBMVzFsYm5VZkJBSUNaQllDQWdFUER4WUNId0lGRXNTUXhJSk9SeUJMdzUwZ1EwOUpJRlJJU1dSa0FwVUJEdzhXQkI4R0JRaHZkWFF0YldWdWRSOEVBZ0prRmdJQ0FROFBGZ0lmQWdVU1dFVk5JRXpodTRwRFNDQkRUMGtnVkVoSlpHUUNsd0VQRHhZRUh3WUZDRzkxZEMxdFpXNTFId1FDQW1RV0FnSUJEdzhXQWg4Q0JSdExVU0JPUjBoSnc0cE9JRVBodTZoVklFdElUMEVnU09HN2pFTmtaQUtaQVE4UEZnUWZCZ1VJYjNWMExXMWxiblVmQkFJQ1pCWUNBZ0VQRHhZQ0h3SUZIRmhGVFNERWtPRzdnQ0JVdzRCSklFNURTMGdnVkVoQlRTQkhTVUZrWkFLYkFROFBGZ1FmQmdVSWIzVjBMVzFsYm5VZkJBSUNaQllDQWdFUFpCWUNaZzhQRmdJZkFnVWt4SkRFZ2s1SElFdkRuU0JZU1U0Z1Iwbmh1cVJaSUVOSTRidW9Ua2NnVGtqaHVxeE9aR1FDblFFUER4WUVId1lGQ0c5MWRDMXRaVzUxSHdRQ0FtUVdBZ0lCRDJRV0FtWVBEeFlDSHdJRkdVUGh1cXhRSUU1STRicXNWQ0JPUjAvaHVxQkpJRlJTdzVwa1pBS2ZBUThQRmdRZkJnVUliM1YwTFcxbGJuVWZCQUlDWkJZQ0FnRVBEeFlDSHdJRkcwUGh1cXhRSUU1STRicXNWQ0JVU01hdjRidWNUa2NnVkZMRG1tUmtBcUVCRHc4V0JCOEdCUWh2ZFhRdGJXVnVkUjhFQWdKa0ZnSUNBUThQRmdJZkFnVVZRK0c2cUUwZ1RrRk9SeUJUU1U1SUlGWkp3NHBPWkdRQ293RVBEeFlFSHdZRkNHOTFkQzF0Wlc1MUh3UUNBbVFXQWdJQkR3OFdBaDhDQlI1WVJVMGdURlhodXF4T0lGYkVnazRnVk9HN2tGUWdUa2RJU2VHN2hsQmtaQUtsQVE4UEZnUWZCZ1VJYjNWMExXMWxiblVmQkFJQ1pCWUNBZ0VQRHhZQ0h3SUZIbGhGVFNCTVZlRzZyRTRnVnNTQ1RpQkl4cS9odTVwT1J5QkU0YnFxVG1Sa0FxY0JEdzhXQkI4R0JRaHZkWFF0YldWdWRSOEVBZ0prRmdJQ0FROFBGZ0lmQWdVZFdFVk5JRXhWNGJxc1RpQld4SUpPSUZCSTRicWlUaUJDU2VHN2hrNWtaQUtwQVE4UEZnUWZCZ1VJYjNWMExXMWxiblVmQkFJQ1pCWUNBZ0VQRHhZQ0h3SUZKRUxEZ1U4Z1Frbmh1NEpWSUZCSTRidWtReUJXNGJ1a0lFekRnMDVJSU1TUTRicWdUMlJrQXFzQkR3OFdCQjhHQlFodmRYUXRiV1Z1ZFI4RUFnSmtGZ0lDQVE4UEZnSWZBZ1VjVkVqaHU1Qk9SeUJMdzRvZ3hKRERrMDVISUVoUUlFOU9URWxPUldSa0FxMEJEdzhXQkI4R0JRaHZkWFF0YldWdWRSOEVBZ0prRmdJQ0FROFBGZ0lmQWdVWHhKREVnazVISUV2RG5TQkx3NTBnVk1PYVF5Qll3NEZrWkFLdkFROFBGZ1FmQmdVSWIzVjBMVzFsYm5VZkJBSUNaQllDQWdFUER4WUNId0lGR0ZSSVFVNUlJRlJQdzRGT0lFdkRuU0JVdzVwRElGakRnV1JrQXJFQkR3OFdCQjhHQlFodmRYUXRiV1Z1ZFI4RUFnSmtGZ0lDQVE4UEZnSWZBZ1VpUStHNnJGQWdUa2podXF4VUlFekRuU0JNNGJ1S1EwZ2dTMGhQUVNCSTRidU1RMlJrQXJNQkR3OFdCQjhHQlFodmRYUXRiV1Z1ZFI4RUFnSmtGZ0lDQVE4UEZnSWZBZ1VYUStHNnJGQWdUa2podXF4VUlGUXVWRWxPSUVKSVdWUmtaQUsxQVE4UEZnUWZCZ1VJYjNWMExXMWxiblVmQkFJQ1pCWUNBZ0VQRHhZQ0h3SUZGbGhGVFNERWtFbmh1NEpOSU1TUXc0TWdST0c2b0Zsa1pBSzNBUThQRmdRZkJnVUliM1YwTFcxbGJuVWZCQUlDWkJZQ0FnRVBEeFlDSHdJRkdVbE9JRXZEaWlCTFNFRkpJRWRKNGJ1Y0lFZEo0YnFpVGtka1pBSzVBUThQRmdRZkJnVUliM1YwTFcxbGJuVWZCQUlDWkdRQ3V3RVBEeFlFSHdZRkNHOTFkQzF0Wlc1MUh3UUNBbVJrQXIwQkR3OFdCQjhHQlFodmRYUXRiV1Z1ZFI4RUFnSmtaQUsvQVE4UEZnUWZCZ1VJYjNWMExXMWxiblVmQkFJQ1pHUUN3UUVQRHhZRUh3WUZDRzkxZEMxdFpXNTFId1FDQW1Sa0FnY1BaQllDQWdFUFpCWUNaZzlrRmlnQ0FROWtGZ0lDQXc4UEZnSWZCV2hrRmhBQ0FROFBGZ0lmQWdVVFVYWERxbTRnYmVHNnJYUWdhMmpodXFsMUlXUmtBZ01QRHhZQ0h3SUZFbFREcW00Z3hKREVnMjVuSUU1bzRicXRjR1JrQWdVUEQyUVdBaDRLYjI1clpYbHdjbVZ6Y3dWTFluVjBkRzl1WDJOc2FXTnJLSFJvYVhNc0oyTjBiREF3WDBOdmJuUmxiblJRYkdGalpVaHZiR1JsY2pGZlkzUnNNREJmZFdORVlXNW5UbWhoY0Y5aWRHNUVZVzVuVG1oaGNDY3BaQUlIRHc4V0FoOENCUXhONGJxdGRDQkxhT0c2cVhWa1pBSUpEdzlrRmdJZkJ3VkxZblYwZEc5dVgyTnNhV05yS0hSb2FYTXNKMk4wYkRBd1gwTnZiblJsYm5SUWJHRmpaVWh2YkdSbGNqRmZZM1JzTURCZmRXTkVZVzVuVG1oaGNGOWlkRzVFWVc1blRtaGhjQ2NwWkFJTER3OFdBaDhDQlEzRWtNU0RibWNnVG1qaHVxMXdaR1FDRFE4UEZnSWZCV2hrWkFJUER3OFdBaDhGYUdSa0FnTVBGZ0lmQWdVblBIUmtJSE4wZVd4bFBTZGthWE53YkdGNU9tNXZibVVuSUNCM2FXUjBhQ0E5SnpBbEp6NGdaQUlGRHhZQ0h3SUZDand2ZEdRK0lEeDBaRDVrQWdZUER4WUNId0lGQzFSSXc1Uk9SeUJDdzRGUFpHUUNCdzlrRmhwbUQyUVdBbVlQRHhZSUh3SUZ1d0k4WVNCamJHRnpjejBuVkdWNGRGUnBkR3hsSnlCb2NtVm1QU2RrWldaaGRXeDBMbUZ6Y0hnL2NHRm5aVDFqYUdsMGFXVjBkR2h2Ym1kMGFXNG1hV1E5TVRFblBqeHpkSEp2Ym1jK1ZHakR0RzVuSUhScGJpREVrY09nYnlCMDRicWhieUJqZGVHN2tXa2dTRXNnU1N3Z3hKSGh1cWQxSUVoTElFbEpMQ0J1eElOdElHamh1NDFqSURJd01qRWdMU0F5TURJeVBDOXpkSEp2Ym1jK1BHbHRaeUJ6ZEhsc1pUMG5JR0p2Y21SbGNqb3dKeUFnYzNKalBTY3VMMGx0WVdkbGN5OXVaWGN1WjJsbUp5QjNhV1IwYUQwbk16QndlQ2NnYUdWcFoyaDBQU2N6TUhCNEp5QmhiSFE5SjFScGJpQjA0YnVwWXlCdDRidWJhU0JqNGJxdGNDQnVhT0c2clhRbkx6NDhMMkUrUEhOd1lXNGdZMnhoYzNNOUowNW5ZWGxVYVhSc1pTYytJQ2d3TkM4eE1pOHlNREl4S1R3dmMzQmhiajRmQXdvbEhnOUliM0pwZW05dWRHRnNRV3hwWjI0TEtpbFRlWE4wWlcwdVYyVmlMbFZKTGxkbFlrTnZiblJ5YjJ4ekxraHZjbWw2YjI1MFlXeEJiR2xuYmdFZkJBS0VnQVJrWkFJQkQyUVdBbVlQRHhZR0h3Z0xLd1FCSHdJRnVwY0NQSE53WVc0Z1kyeGhjM005SjFSbGVIUlVhRzl1WjFScGJpY2djM1I1YkdVOUozUmxlSFF0WVd4cFoyNDZiR1ZtZENjK1BIQWdjM1I1YkdVOUltWnZiblF0Wm1GdGFXeDVPaUJVWVdodmJXRTdJajQ4YzNCaGJpQnpkSGxzWlQwaVptOXVkQzF6YVhwbE9pQXhNbkIwT3lCamIyeHZjam9nSXpBd01EQXdZVHNpUGp4emRISnZibWMrS3lCVWFNTzBibWNnZEdsdUlIYmh1NEVnYUcvaHVxRjBJTVNSNGJ1WmJtY2d4SkhEb0c4Z2RPRzZvVzhnWStHN3AyRWdWSExHc09HN25XNW5PaVp1WW5Od096d3ZjM1J5YjI1blBtM2h1NTFwSUhSeWRYa2dZK0c2clhBZ2RISmhibWNnZDJWaUlGQm93N0p1WnlERWtNT2dieUIwNGJxaGJ5QW9aR0Z2ZEdGdkxuTm5kUzVsWkhVdWRtNHBJQ2hqdzZGaklIRjFlU0RFa2VHN2kyNW9MQ0IyeElOdUlHTGh1cU51TENCMGFNTzBibWNnWXNPaGJ5d2dkR2pEdEc1bklIUnBiaUIwZFhuaHU0TnVJSE5wYm1nc0lIUm93N1J1WnlCaXc2RnZJSGpEcVhRZ2RPRzdrWFFnYm1kb2FlRzdoM0FnZHNPZ0lHdmh1cjkwSUhGMTRicWpJSGpEcVhRZ2RPRzdrWFFnYm1kb2FlRzdoM0FzSUM0dUxpazhZbklnTHo0OGMzUnliMjVuUGlzZ1MyaHBJR1BEc3lCMGFPRzZyMk1nYmVHNnIyTWdkdUc3Z1NERWtFdE5TQ3dnZHVHN2dTQm80YnVOWXlCd2FNT3RMQ0IyNGJ1QklHemh1NHRqYUNCMGFHa3NJQzR1TGp3dmMzUnliMjVuUGladVluTndPMU5XSUd4cHc2cHVJR2podTRjZ2R1RzdtMmtnWStHN2tTQjI0YnFsYmlCbzRidU5ZeUIwNGJxdGNDREVrZUc3Z3lERWtjYXc0YnVqWXlCamFNT3RibWdnZEdqaHU2bGpJR2pHc09HN20yNW5JR1RodXF0dUxDQm5hZUc2bzJrZ2RHakRyV05vSUhiaHU0RWdjWFY1SUdObzRicS9MQ0J4ZFhrZ3hKSGh1NHR1YUM0Z1R1RzZ2M1VnWThPeWJpQmphTWF3WVNCMGFPRzdqMkVneEpIRG9XNW5MQ0JUVmlERWtjU0RibWNnYm1qaHVxMXdJSGJEb0NCbjRidXRhU0REdlNCcmFlRzZ2MjRnZHNPZ2J5QnQ0YnVsWXlCSHc3TndJTU85SUd0cDRicS9iaURFa2VHN2d5QnhkZUc2bzI0Z2RITGh1NHNnZG1uRHFtNGdidUc2cjIwZ2RNT3NibWdnYU1Pc2JtZ2dZK0c3cFNCMGFPRzdneUJqNGJ1bllTQlRWaURFa2VHN2d5Qmp3N01nZEdqaHU0TWdhMm5odTROdElIUnlZU3dnWjJuaHVxTnBJSFJvdzYxamFDQjJ3NkFnYnVHNnYzVWdZK0c2cDI0Z2FNYXc0YnViYm1jZ1pPRzZxMjRnWThPaFkyZ2dlT0c3clNCc3c2MGdhK0c3aTNBZ2RHamh1NTFwTENERWtjTzZibWNneEpIR29XNGdkdUc3aXlCamFPRzdxV01nYnNTRGJtY2dLSFJ5dzZGdWFDQjA0YnVUYmlERWtlRzdqVzVuSUdmRG9ua2djdUc2cjJNZ2N1RzdrV2tnZHVHN2dTQnpZWFVwTGladVluTndPenhpY2lBdlBqeHpkSEp2Ym1jK0t5Qk80YnEvZFNCcmFNTzBibWNneEpIRWcyNW5JRzVvNGJxdGNDREVrY2F3NGJ1all5QW9kc09nYnlCM1pXSWdWR2pEdEc1bklIUnBiaURFa2NPZ2J5QjA0YnFoYnlrZ1pHOGdjMkZwSUczaHVxMTBJR3RvNGJxcGRTREVrY1NEYm1jZ2Jtamh1cTF3UEM5emRISnZibWMrTENCVFZpREVrZUc2djI0Z2RITGh1N0ZqSUhScDRicS9jQ0JRTGlERWtNT2dieUIwNGJxaGJ5QW9ReTVETURBM0tTQW94SkZsYlNCMGFHVnZJSFJvNGJxN0lGTldJTVNSNGJ1RElIakRvV01nZEdqaHU3RmpLU1p1WW5Od096d3ZjM0JoYmo0OGMzQmhiaUJ6ZEhsc1pUMGlabTl1ZEMxemFYcGxPaUF4TW5CME95QmpiMnh2Y2pvZ0kyWm1NREF3TURzaVBpaG40YnV0YVNCdFlXbHNJSGJodTRFZ2NGOWtZVzkwWVc5QWMyZDFMbVZrZFM1MmJpd2dhOE9vYlNCMGFPRzZ1eUJUVmlrOEwzTndZVzQrUEhOd1lXNGdjM1I1YkdVOUltWnZiblF0YzJsNlpUb2dNVEp3ZERzaVBqeHpjR0Z1SUhOMGVXeGxQU0pqYjJ4dmNqb2dJekF3TURBd1lUc2lQaTRnUTJqaHU2bGpJRzdFZzI1bklIVGh1N0VneEpIaHU1bHVaeUJ3YU9HN3BXTWdhT0c3azJrZ2JlRzZyWFFnYTJqaHVxbDFJR0xodXJGdVp5QmxiV0ZwYkNCajRidW5ZU0IwY21GdVp5QjNaV0lnYUduaHU0ZHVJR3RvdzdSdVp5Qm9iK0c2b1hRZ3hKSGh1NWx1WnlERWtjYXc0YnVqWXlBb1pHOGdaMm5odTV0cElHamh1cUZ1SUdQaHU2ZGhJR2podTVsd0lIUm94ckFnUjI5dloyeGxLUzQ4TDNOd1lXNCtQR0p5SUM4K1BITndZVzRnYzNSNWJHVTlJbU52Ykc5eU9pQWpNREF3TURCaE95SStLeURFa09HN2d5Qmp3N01nYm1ocDRidUJkU0JyYU1PMGJtY2daMmxoYmlCamFHOGdjR2podXFkdUlHTm93NjF1YUN3Z1k4T2hZeUJqYUdrZ2RHbmh1cjkwSU1TUnc2TWd4SkhFZzI1bklIUGh1cjBneEpIR3NPRzdvMk1nZEhKMWVTQmo0YnF0Y0NEaHU1OGdjR2podXFkdUlGaGxiU0JqYUdrZ2RHbmh1cjkwSUNqaHU1OGdZM1hodTVGcElHM2h1NlZqSUhScGJpazhMM053WVc0K1BHSnlJQzgrUEdKeUlDOCtQSE4wY205dVp6NDhjM0JoYmlCemRIbHNaVDBpWTI5c2IzSTZJQ05tWmpBd01EQTdJajR0TFMwZ1ZFakRsRTVISUZSSlRpQk40YnVhU1NCT1NPRzZwRlFnTFMwdFBDOXpjR0Z1UGp4emNHRnVJSE4wZVd4bFBTSmpiMnh2Y2pvZ0l6QXdNREJtWmpzaVBqeGljaUF2UGp3dmMzQmhiajQ4TDNOMGNtOXVaejQ4TDNOd1lXNCtQSE53WVc0Z2MzUjViR1U5SW1admJuUXRjMmw2WlRvZ01UWndlRHNpUGp4emNHRnVJSE4wZVd4bFBTSmpiMnh2Y2pvZ0kyWm1NREF3TURzaVBqeHpkSEp2Ym1jK0t5QlVhTU8wYm1jZ1lzT2hieURFa0V0TlNDQkk0YnVOWXlCcjRidXpJSEJvNGJ1bExDQnV4SU50SUdqaHU0MWpJREl3TWpFZ0xTQXlNREl5UEM5emRISnZibWMrUEdKeUlDOCtKbTVpYzNBN0lDWnVZbk53T3p4emRISnZibWMrS0U1RlZ5d2dNRGN2TURRdk1qQXlNaWs4TDNOMGNtOXVaejRnVkdqRHRHNW5JR0xEb1c4Z3hKSEdzT0c3bzJNZ1orRzdyV2tneEpIaHVyOXVJR1BEb1dNZ1MyaHZZU0IwNGJ1cklEQTNMekEwTHpJd01qSWdLRHhoSUdoeVpXWTlJbFZ3Ykc5aFpDOW1hV3hsTDBoTE1qRXpYMVJDTmpReFgwUkxUVWd1Y0dSbUlqNTRaVzBnZEdqRHRHNW5JR0xEb1c4OEwyRStLVHhpY2lBdlBqeHpkSEp2Ym1jK0t5Qkk0YnVuZVNERWtFdE5TQ0JJU3lCSlNTd2dNakF5TVNBdElESXdNaklneEpIaHU1RnBJSGJodTV0cElGTldJR0xodTRzZ2RPRzZvVzBnWk9HN3EyNW5JR2podTQxakxDQmk0YnVMSUdKMTRidVpZeUIwYU1PMGFTQm80YnVOWXlCMnc2d2dhK0c2djNRZ2NYWGh1cU1neEpCcDRidURiU0J5NGJxN2JpQnNkWG5odTRkdVBDOXpkSEp2Ym1jK1BHSnlJQzgrSm01aWMzQTdJQ1p1WW5Od096eHpkSEp2Ym1jK0tFNUZWeXdnTURFdk1EUXZNakF5TWlrZ1BDOXpkSEp2Ym1jK1E4U0RiaUJqNGJ1cElFdmh1cjkwSUhGMTRicWpJSGpEcVhRZ2RPRzZvVzBnWk9HN3EyNW5MQ0JpZGVHN21XTWdkR2pEdEdrZ2FPRzdqV01nZHNPc0lNU1FVa3dnS0hOaGRTQklTeUJKTENBeU1ESXhJQzBnTWpBeU1pa2dLTVNSdzZNZ3hKSEdzT0c3bzJNZ2RHakR0RzVuSUdMRG9XOGd4SkhodXI5dUlHUERvV01nUzJodllTOGdibWZEb0c1b0tTd2dVR2pEc201bklNU1F3NkJ2SUhUaHVxRnZJSFJwNGJxL2JpQm93NkJ1YUNCbzRidW5lU0RFa0V0TlNDQklTeUJyNGJxL0lDaElTeUJKU1N3Z01qQXlNU0F0SURJd01qSXBJR1BEb1dNZ1UxWWdZOE96SUhSeWIyNW5JRXZodXI5MElIRjE0YnFqSUhqRHFYUXVJRlJvNGJ1ZGFTQnJhTU96WVNCaWFlRzdnM1VnZHNPZ0lHamh1NDFqSUhCb3c2MGd4SkhHc09HN28yTWdZK0c2clhBZ2Jtamh1cTEwSUhUaHU2c2dNVFZuTENBd01TOHdOQzh5TURJeUxpWnVZbk53T3p4aWNpQXZQaVp1WW5Od095QW1ibUp6Y0R0TXhyQjFJTU85SUdQRHN5QXhOaUJUVmlCMDRicWhiU0JrNGJ1cmJtY2dLRHhoSUdoeVpXWTlJbFZ3Ykc5aFpDOW1hV3hsTDBoTE1qRXlYMU5XZEdGdFpIVnVaMFJTVEY5amIwUkxUVWd1Y0dSbUlqNTRaVzBnWkdGdWFDQnp3NkZqYUR3dllUNHBJSGJEb0NBeElGTldJRUpVU0NCanc3TWdhK0c2djNRZ2NYWGh1cU1neEpCTFRVZ3VQR0p5SUM4K1BDOXpjR0Z1UGp4emNHRnVJSE4wZVd4bFBTSmpiMnh2Y2pvZ0kyWm1NREF3TURzaVBpWnVZbk53T3lBbWJtSnpjRHRUVmlCc2FjT3FiaUJvNGJ1SElIYmh1NXRwSUV0b2IyRWd4SkhodTRNZ2Jtamh1cTF1SUhGMWVlRzZ2M1FneEpIaHU0dHVhQ0IydzZBZ2JHbkRxbTRnYU9HN2h5QjI0YnViYVNCUWFNT3libWNnUThPMGJtY2dkTU9oWXlCVFZpREVrZUc3Z3lERWtjYXc0YnVqWXlCb3hyRGh1NXR1WnlCazRicXJiaUJqdzZGaklIYmh1cVZ1SU1TUjRidUJJR3RvdzZGaklDaDJ3NjBnWk9HN3BUb2dhT0c3aldNZ2NHakRyU0JJU3pJZ2JjT2dJRk5XSU1TUnc2TWd4SkhEczI1bkxDQjBhT0c3cHlCMDRidWxZeUIydzZCdklHamh1NDFqSUd6aHVxRnBJSE5oZFNCcmFHa2dZdUc3aXlCaWRlRzdtV01nZE9HNm9XMGdaT0c3cTI1bkxDQXVMaTRwTGp4aWNpQXZQand2YzNCaGJqNDhjM0JoYmlCemRIbHNaVDBpWm05dWRDMTNaV2xuYUhRNklHSnZiR1E3SUdOdmJHOXlPaUFqTURBd01HWm1PeUkrS3lCU3c3cDBJRzNEdEc0Z2FPRzdqV01tYm1KemNEc29kT0c3cXlCMGRlRzZwMjRnZEdqaHU2a2dNeUJqNGJ1bllTQm80YnVOWXlCcnc2d3BKbTVpYzNBN1BDOXpjR0Z1UGp3dmMzQmhiajQ4YzNCaGJpQnpkSGxzWlQwaVptOXVkQzF6YVhwbE9pQXhObkI0T3lCamIyeHZjam9nSXpBd01EQm1aanNpUGloVFZpQjRaVzBnWTJocElIUnA0YnEvZENCellYVWdRc2F3NGJ1Yll5QTNJR1BodTZkaElGRjFlU0IwY3NPc2JtZ2d4SkJMVFVncFBHSnlJQzgrUEM5emNHRnVQanh6ZEhKdmJtY2djM1I1YkdVOUltWnZiblF0YzJsNlpUb2dNVFp3ZURzZ1kyOXNiM0k2SUNObVpqQXdNREE3SWo0dExTMHRMUzB0TFMwdExTMHRMVHd2YzNSeWIyNW5Qand2Y0Q0OGNDQnpkSGxzWlQwaVptOXVkQzFtWVcxcGJIazZJRlJoYUc5dFlUc2lQanh6Y0dGdUlITjBlV3hsUFNKbWIyNTBMWE5wZW1VNklERTJjSGc3SWo0OGMzUnliMjVuUHNTUXhJSk9SeUJMdzUwZ1RjT1VUaUJJNGJ1TVF5Qkk0YnVNUXlCTDRidXlJRWxKTENCT3hJSk5JRWpodTR4RElESXdNakVnTFNBeU1ESXlQR0p5SUM4K1BDOXpkSEp2Ym1jK1BDOXpjR0Z1UGp4emRISnZibWNnYzNSNWJHVTlJbVp2Ym5RdGMybDZaVG9nTVRad2VEc2lQbVREb0c1b0lHTm9ieUJUYVc1b0lIWnB3NnB1SUdOb3c2MXVhQ0J4ZFhrZ2RzT2dJRk5wYm1nZ2RtbkRxbTRnYU9HN2h5QjI0YnVyWVNCc3c2QnRJSGJodTZ0aElHamh1NDFqSU1TUnc2QnZJSFRodXFGdklIUm9aVzhnZE1PdGJpQmphT0c3aVR3dmMzUnliMjVuUGp3dmNENDhjRDQ4YzNCaGJpQnpkSGxzWlQwaVptOXVkQzFtWVcxcGJIazZJRlJoYUc5dFlUc2lQanh6Y0dGdUlITjBlV3hsUFNKbWIyNTBMWE5wZW1VNklERTJjSGc3SWo0bWJtSnpjRHNySUZOV0lHTm93N29ndzcwZ2RHamh1N0ZqSUdocDRidUhiaURFa2VHN3B5QTNJR0xHc09HN20yTWdZK0c3cDJFZ3hKQkxUVWdzSUhSb1pXOGdUT0c3aTJOb0lNU1FTMDFJSUdQaHU2ZGhJRlJ5eHJEaHU1MXVaeXdnYytHNnZTQmp3N01nWThPaFl5QnVhT0c2cjJNZ2Jtamh1NThnWStHN3BTQjBhT0c3Z3lEaHU1OGdkT0c3cTI1bklHTEdzT0c3bTJNcFBHSnlJQzgrUEM5emNHRnVQand2YzNCaGJqNDhjM0JoYmlCemRIbHNaVDBpWm05dWRDMXphWHBsT2lBeE5uQjRPeUJtYjI1MExXWmhiV2xzZVRvZ1ZHRm9iMjFoT3lJK0ptNWljM0E3S3lCVFZpQjRaVzBnYStHN3VTQThjM1J5YjI1blB1S0FuRTVvNGJ1dmJtY2d4SkZwNGJ1RGJTQmo0YnFuYmlCc3hyQjFJTU85SUd0b2FTREVrY1NEYm1jZ2E4T3RJRzNEdEc0Z2FPRzdqV1BpZ0owOEwzTjBjbTl1Wno0ZzRidWZJSEJvNGJxbmJpRGlnSnhVYU1PMGJtY2dkR2x1SUdOb2RXNW40b0NkSUNoamRlRzdrV2tnYmNPZ2JpQm93Nnh1YUNCamFNT3RibWdwUEdKeUlDOCtQQzl6Y0dGdVBqeHpjR0Z1SUhOMGVXeGxQU0ptYjI1MExYTnBlbVU2SURFMmNIZzdJR1p2Ym5RdFptRnRhV3g1T2lCVVlXaHZiV0U3SWo0bWJtSnpjRHNnUEhOMGNtOXVaejVNeHJCMUlNTzlJR1BEb1dNZ2NYVjVJTVNSNGJ1TGJtZ2dkdUc3Z1NCdHc2TWdhT0c3aldNZ2NHamh1cWR1SUdQaHU2ZGhJRkZRTFVGT0lIYkRvQ0JzdzYwZ2JIWGh1cTF1SUdOb3c2MXVhQ0IwY3VHN2l5WnVZbk53T3p3dmMzUnliMjVuUGloMGNzT3RZMmdneEpIRWcyNW5LU0FvZUdWdElPRzdueUJ3YU9HNnAyNGdXR1Z0SUdOb2FTQjBhZUc2djNRcFBDOXpjR0Z1UGp4aWNpQXZQand2Y0Q0OGNENDhjM0JoYmlCemRIbHNaVDBpWm05dWRDMW1ZVzFwYkhrNklGUmhhRzl0WVRzaVBqeHpjR0Z1SUhOMGVXeGxQU0ptYjI1MExYTnBlbVU2SURFMmNIZzdJajQ4TDNOd1lXNCtQQzl6Y0dGdVBqeHpkSEp2Ym1jK1BITndZVzRnYzNSNWJHVTlJbVp2Ym5RdGMybDZaVG9nTVRad2VEc2dabTl1ZEMxbVlXMXBiSGs2SUZSaGFHOXRZVHNpUGpBdUlFTm9kZUc2cVc0Z1l1Rzdpend2YzNCaGJqNDhjM0JoYmlCemRIbHNaVDBpWm05dWRDMXphWHBsT2lBeE5uQjRPeUIzYUdsMFpTMXpjR0ZqWlRvZ2NISmxPeUJtYjI1MExXWmhiV2xzZVRvZ1ZHRm9iMjFoT3lJK0NUd3ZjM0JoYmo0OFluSWdMejQ4TDNOMGNtOXVaejQ4YzNCaGJpQnpkSGxzWlQwaVptOXVkQzF6YVhwbE9pQXhObkI0T3lCbWIyNTBMV1poYldsc2VUb2dWR0ZvYjIxaE95SStLeVp1WW5Od08wamh1NDFqSUd2RHJDQkpTU0F0SURJd01qRXRNakF5TWlCaTRicXZkQ0RFa2VHNnAzVWdkT0c3cXlCdVo4T2dlU0F4TkM4d01pOHlNREl5UEdKeUlDOCtQQzl6Y0dGdVBqeHpjR0Z1SUhOMGVXeGxQU0ptYjI1MExYTnBlbVU2SURFMmNIZzdJR1p2Ym5RdFptRnRhV3g1T2lCVVlXaHZiV0U3SWo0OGMzUnliMjVuUGlzZ1ZHakR0RzVuSUdMRG9XOGd4SkRFZzI1bklHdkRyU0J0dzdSdUlHamh1NDFqSm01aWMzQTdQQzl6ZEhKdmJtYytQQzl6Y0dGdVBqeHpjR0Z1SUhOMGVXeGxQU0ptYjI1MExYTnBlbVU2SURFMmNIZzdJR1p2Ym5RdFptRnRhV3g1T2lCVVlXaHZiV0U3SWo3RWtjYXc0YnVqWXlCMGFNTzBibWNnZEdsdUlNU1I0YnEvYmlCanc2RmpJR3RvYjJFdklHNW53NkJ1YUNBb2RzT2dJSFRodXFGcElIZGxZaUJRYU1PeWJtY2d4SkREb0c4Z2RPRzZvVzhwUEM5emNHRnVQanh6Y0dGdUlITjBlV3hsUFNKbWIyNTBMWE5wZW1VNklERTJjSGc3SUdadmJuUXRabUZ0YVd4NU9pQlVZV2h2YldFN0lqNG1ibUp6Y0Rzb1BDOXpjR0Z1UGp4aElHaHlaV1k5SW1oMGRIQTZMeTkwYUc5dVozUnBibVJoYjNSaGJ5NXpaM1V1WldSMUxuWnVMMVZ3Ykc5aFpDOW1hV3hsTDBoTE1qRXlYMVJDWDBSTFRVZ3VjR1JtSWlCemRIbHNaVDBpWm05dWRDMW1ZVzFwYkhrNklGUmhhRzl0WVRzZ1ptOXVkQzF6YVhwbE9pQXhObkI0T3lCMFpYaDBMV1JsWTI5eVlYUnBiMjR0YkdsdVpUb2dibTl1WlRzaVBuaGxiU0IwYU1PMGJtY2dZc09oYnp3dllUNDhjM0JoYmlCemRIbHNaVDBpWm05dWRDMXphWHBsT2lBeE5uQjRPeUJtYjI1MExXWmhiV2xzZVRvZ1ZHRm9iMjFoT3lJK0tUeGljaUF2UGp3dmMzQmhiajQ4YzNCaGJpQnpkSGxzWlQwaVptOXVkQzF6YVhwbE9pQXhObkI0T3lCbWIyNTBMV1poYldsc2VUb2dWR0ZvYjIxaE95SStQSE4wY205dVp6NG1ibUp6Y0RzZ1EyakdzTWFoYm1jZ2RITERyRzVvSUdObzRicWxkQ0JzeHJEaHU2TnVaeUJqWVc4Z0tHNW53NkJ1YUNCRFRsUlVLU1p1WW5Od096d3ZjM1J5YjI1blBqd3ZjM0JoYmo0OGMzQmhiaUJ6ZEhsc1pUMGlabTl1ZEMxemFYcGxPaUF4Tm5CNE95Qm1iMjUwTFdaaGJXbHNlVG9nVkdGb2IyMWhPeUkrWkc4Z1MyaHZZU0IydzZBZ1VHakRzbTVuSU1TUXc2QnZJSFRodXFGdklNU1J4SU51WnlCcnc3MGdZK0c3a1NERWtlRzdpMjVvSUhSb1pXOGdkR25odXI5dUlNU1I0YnVaTGlBOFluSWdMejQ4TDNOd1lXNCtQSE53WVc0Z2MzUjViR1U5SW1admJuUXRjMmw2WlRvZ01UWndlRHNnWm05dWRDMW1ZVzFwYkhrNklGUmhhRzl0WVRzaVBpWnVZbk53T3lBdElGUm9hU0JyYU9HNm8yOGdjOE9oZENERWtlRzZwM1VnZHNPZ2J5QlVhZUc2djI1bklFRnVhQ0JyYU1PMGJtY2dZMmgxZWNPcWJpREVrZUc3bzNRZ01Td2dic1NEYlNCbzRidU5ZeUF5TURJeElPS0FreUF5TURJeUlDaHVaOE9nZVNBeE1TOHhNaTh5TURJeEtUeGljaUF2UGp3dmMzQmhiajQ4YzNCaGJpQnpkSGxzWlQwaVptOXVkQzF6YVhwbE9pQXhObkI0T3lCbWIyNTBMV1poYldsc2VUb2dWR0ZvYjIxaE95SStKbTVpYzNBN0lDMGdTMm5odTROdElIUnlZU0JvNGJ1Tll5QndhTU90SUVqaHU0MWpJR3ZEckNCSklDakVrZUc3a1drZ2R1RzdtMmtnVTFZZ2JzU0RiU0IwYU9HN3FTQnVhT0c2cFhRc0lFdG93N05oSURJeEtUeGljaUF2UGp3dmMzQmhiajQ4YzNCaGJpQnpkSGxzWlQwaVptOXVkQzF6YVhwbE9pQXhObkI0T3lCbWIyNTBMV1poYldsc2VUb2dWR0ZvYjIxaE95SStQSE53WVc0Z2MzUjViR1U5SW5SbGVIUXRaR1ZqYjNKaGRHbHZiam9nYkdsdVpTMTBhSEp2ZFdkb095SStKbTVpYzNBN0ptNWljM0E3TFNCRVlXNW9JSFBEb1dOb0lGTldJTVNSdzZNZ3hKQkxUVWdnYm1qR3NHNW5JR3RvdzdSdVp5REVrY096Ym1jZ2FPRzdqV01nY0dqRHJTRGh1NThnU0VzZ2RITEdzT0c3bTJNOEwzTndZVzQrSm01aWMzQTdMU0JVNGJxaGJTQjBhT0c3bldrZ2EyakR0RzVuSUhqRHFYUThZbklnTHo0OEwzTndZVzQrUEhOd1lXNGdjM1I1YkdVOUltWnZiblF0YzJsNlpUb2dNVFp3ZURzZ1ptOXVkQzFtWVcxcGJIazZJRlJoYUc5dFlUc2lQanh6Y0dGdUlITjBlV3hsUFNKMFpYaDBMV1JsWTI5eVlYUnBiMjQ2SUd4cGJtVXRkR2h5YjNWbmFEc2lQaVp1WW5Od095QXRJRVJoYm1nZ2M4T2hZMmdnVTFZZ1kyakdzR0VnYUcvRG9HNGdkT0c2cFhRZ2FPRzdqV01nY0dqRHJTQkk0YnVOWXlCcnc2d2dTU3dnTWpBeU1TRGlnSk1nTWpBeU1pWnVZbk53T3p3dmMzQmhiajRtYm1KemNEc3RJRlRodXFGdElIUm80YnVkYVNCcmFNTzBibWNnZU1PcGRDWnVZbk53T3p4aWNpQXZQand2YzNCaGJqNDhjM0JoYmlCemRIbHNaVDBpWm05dWRDMXphWHBsT2lBeE5uQjRPeUJtYjI1MExXWmhiV2xzZVRvZ1ZHRm9iMjFoT3lCamIyeHZjam9nSXpBd01EQm1aanNpUGp4emRISnZibWMrSm01aWMzQTdJQ1p1WW5Od095MGdSR0Z1YUNCenc2RmphQ0JUVmlCcmFNTzBibWNnWTJqaHVxVndJR2pEb0c1b0lIWnA0YnVIWXlCdTRidVpjQ0JpNGJxamJpQnpZVzhnWXVHNnNXNW5JSFRodTVGMElHNW5hR25odTRkd0lGUklVRlE4TDNOMGNtOXVaejQ4TDNOd1lXNCtQSE53WVc0Z2MzUjViR1U5SW1admJuUXRabUZ0YVd4NU9pQlVZV2h2YldFN0lHTnZiRzl5T2lBak1EQXdNR1ptT3lJK1BHSnlJQzgrUEM5emNHRnVQanh6Y0dGdUlITjBlV3hsUFNKbWIyNTBMWE5wZW1VNklERTJjSGc3SUdadmJuUXRabUZ0YVd4NU9pQlVZV2h2YldFN0lqNG1ibUp6Y0RzZ0ptNWljM0E3TFNCTGFlRzdnMjBnZEhKaElIVERvR2tnYTJodjRicWpiaUIydzZBZ2JlRzZyWFFnYTJqaHVxbDFQR0p5SUM4K1BDOXpjR0Z1UGp4emNHRnVJSE4wZVd4bFBTSm1iMjUwTFhOcGVtVTZJREUyY0hnN0lHWnZiblF0Wm1GdGFXeDVPaUJVWVdodmJXRTdJajRtYm1KemNEc2dKbTVpYzNBN0xTQkQ0YnF0Y0NCdWFPRzZyWFFnZE1Pc2JtZ2dkSExodXFGdVp5QlRWaURFa2VHN2tXa2dkdUc3bTJrZ1UxWWdkT0c2b1cwZ1pPRzdxMjVuSUhiRG9HOGdhT0c3aldNZ2JPRzZvV2tnNGJ1ZklFaExJRzNodTV0cFBHSnlJQzgrUEM5emNHRnVQanh6Y0dGdUlITjBlV3hsUFNKbWIyNTBMWE5wZW1VNklERTJjSGc3SUdadmJuUXRabUZ0YVd4NU9pQlVZV2h2YldFN0lqNDhjM0JoYmlCemRIbHNaVDBpWTI5c2IzSTZJQ013TURBd1ptWTdJajRtYm1KemNEc2dKbTVpYzNBN0xTQlVhTU8wYm1jZ1lzT2hieURFa2NPemJtY2dhT0c3aldNZ2NHakRyU0FvWStHN3AyRWdVR2pEc201bklFdmh1cjhnYUcvaHVxRmphQ0F0SUZURG9Ha2dZMmpEclc1b0tTQW9lR1Z0SUV6aHU0dGphQ0RFa0V0TlNDQXRJRzNodTZWaklEVXNJSEJvdzYxaElHVEdzT0c3bTJrcFBDOXpjR0Z1UGp4aWNpQXZQand2YzNCaGJqNDhjM0JoYmlCemRIbHNaVDBpWm05dWRDMXphWHBsT2lBeE5uQjRPeUJtYjI1MExXWmhiV2xzZVRvZ1ZHRm9iMjFoT3lJK0ptNWljM0E3SUNadVluTndPeTBnVk9HNnJYQWd4SkhFZzI1bklHdkRyU0J0dzdSdUlHamh1NDFqSUdURG9HNW9JR05vYnlCVFZpREVrZUc2cDNVZ2EyakRzMkVtYm1KemNEczhMM053WVc0K1BHSnlJQzgrUEM5d1BqeHdQanh6ZEhKdmJtY2djM1I1YkdVOUltWnZiblF0Wm1GdGFXeDVPaUJVWVdodmJXRTdJR1p2Ym5RdGMybDZaVG9nTVRad2VEc2lQa3podTRwRFNDREVrTVNDVGtjZ1M4T05JRTNEbEU0Z1NPRzdqRU1nU09HN2pFTWdTOE9NSUVsSkxDQk94SUpOSUVqaHU0eERJREl3TWpFZ0xTQXlNREl5UEdKeUlDOCtQQzl6ZEhKdmJtYytQSE4wY205dVp5QnpkSGxzWlQwaVptOXVkQzFtWVcxcGJIazZJRlJoYUc5dFlUc2dabTl1ZEMxemFYcGxPaUF4TW5CME95SStNUzRnV0dWdElGUGh1NVVnZEdGNUlNU1FTMDFJSUNoMnc2QWdkR2pEdEc1bklIUnBiaUJ1YU1PemJTQnM0YnViY0NrZ0tEQXpMekV5THpJd01qRXBQR0p5SUM4K1BDOXpkSEp2Ym1jK1BITndZVzRnYzNSNWJHVTlJbVp2Ym5RdGMybDZaVG9nTVRKd2VEc2dabTl1ZEMxM1pXbG5hSFE2SUdKdmJHUTdJR1p2Ym5RdFptRnRhV3g1T2lCVVlXaHZiV0U3SWo0OGMzQmhiaUJ6ZEhsc1pUMGlabTl1ZEMxemFYcGxPaUF4Tm5CNE95SStNaTRneEpERWcyNW5JR3ZEclNCdHc3UnVJR2podTQxaklDakVrZUc3bzNRZ1kyakRyVzVvS1NadVluTndPend2YzNCaGJqNDhMM053WVc0K1BITndZVzRnYzNSNWJHVTlJbVp2Ym5RdGMybDZaVG9nTVRad2VEc2dabTl1ZEMxM1pXbG5hSFE2SUdKdmJHUTdJSFJsZUhRdFpHVmpiM0poZEdsdmJpMXNhVzVsT2lCMWJtUmxjbXhwYm1VN0lHWnZiblF0Wm1GdGFXeDVPaUJVWVdodmJXRTdJajRvZE9HN3EyNW5JR3RvdzdOaExDQjBhR1Z2SUd6aHU0dGphQ0JVYU1PMGJtY2dZc09oYnlERWtFdE5TQ2s4TDNOd1lXNCtQSE53WVc0Z2MzUjViR1U5SW1admJuUXRjMmw2WlRvZ01USndlRHNnWm05dWRDMW1ZVzFwYkhrNklGUmhhRzl0WVRzaVBqeHpjR0Z1SUhOMGVXeGxQU0ptYjI1MExYTnBlbVU2SURFMmNIZzdJajQ4YzNSeWIyNW5QaVp1WW5Od095Z3dOaTh4TWlBdElERTBMekV5THpJd01qRXBQR0p5SUM4K1BDOXpkSEp2Ym1jK1BDOXpjR0Z1UGp3dmMzQmhiajQ4YzNCaGJpQnpkSGxzWlQwaVptOXVkQzF6YVhwbE9pQXhNbkIwT3lCbWIyNTBMV1poYldsc2VUb2dWR0ZvYjIxaE95SStLREEzTHpFeUx6SXdNakVwSUV4MWFTQjBhT0c3bldrZ1oybGhiaURFa0V0TlNDQmt3NkJ1YUNCamFHOGdTMmpEczJFZ01qRWdjMkZ1WnlCdVo4T2dlU1p1WW5Od096RTFJSGJEb0NBeE5pOHhNaTh5TURJeExqeGljaUF2UGp3dmMzQmhiajQ4YzNCaGJpQnpkSGxzWlQwaVptOXVkQzF6YVhwbE9pQXhObkI0T3lCbWIyNTBMV1poYldsc2VUb2dWR0ZvYjIxaE95SStLREUwTHpFeUx6SXdNakVwSUZqaHU2MGdiTU90SUd2aHVyOTBJSEYxNGJxaklHdmh1N01nZEdocElFdG80YnFqYnlCenc2RjBJRlJwNGJxL2JtY2dRVzVvSU1TUjRicW5kU0IydzZCdklNU1I0YnVqZENBeElHN0VnMjBnYU9HN2pXTWdNakF5TVNBdElESXdNakk4WW5JZ0x6NDhMM053WVc0K1BITndZVzRnYzNSNWJHVTlJbVp2Ym5RdGMybDZaVG9nTVRKd2VEc2dabTl1ZEMxbVlXMXBiSGs2SUVGeWFXRnNPeUkrUEhOd1lXNGdjM1I1YkdVOUltWnZiblF0ZDJWcFoyaDBPaUJpYjJ4a095Qm1iMjUwTFhOcGVtVTZJREUyY0hnN0lHWnZiblF0Wm1GdGFXeDVPaUJVWVdodmJXRTdJajR6TGlCWVpXMGdWR2pEdEc1bklHTERvVzhneEpCTFRVZ2dZdUc3bFNCemRXNW5JSGJEb0NCRVlXNW9JSFBEb1dOb0lHNW93N050SUd6aHU1dHdJR0xodTRzZ2FPRzdwM2tnS0dSdklIUGh1NUVnYk1hdzRidWpibWNneEpCTElIRjF3NkVndzYxMEtUd3ZjM0JoYmo0OGMzQmhiaUJ6ZEhsc1pUMGlabTl1ZEMxemFYcGxPaUF4Tm5CNE95Qm1iMjUwTFdaaGJXbHNlVG9nVkdGb2IyMWhPeUkrUEhOMGNtOXVaejRtYm1KemNEc29NVGN2TVRJdk1qQXlNU2s4WW5JZ0x6NDhMM04wY205dVp6NDhMM053WVc0K1BDOXpjR0Z1UGp4emNHRnVJSE4wZVd4bFBTSm1iMjUwTFhOcGVtVTZJREUyY0hnN0lHWnZiblF0Wm1GdGFXeDVPaUJVWVdodmJXRTdJajRtYm1KemNEc2dKbTVpYzNBN0ptNWljM0E3UEM5emNHRnVQanh6ZEhKdmJtY2djM1I1YkdVOUltWnZiblF0Wm1GdGFXeDVPaUJVWVdodmJXRTdJR1p2Ym5RdGMybDZaVG9nTVRad2VEc2lQaWd4TW1jc0lESXdMekV5THpJd01qRXBJRlJvdzdSdVp5Qml3NkZ2SU1TUVMwMUlJR0xodTVVZ2MzVnVaeUIydzZBZ1JGTWdibWpEczIwZ2JPRzdtM0FnWXVHN2l5Qm80YnVuZVNBOEwzTjBjbTl1Wno0OGMzQmhiaUJ6ZEhsc1pUMGlabTl1ZEMxemFYcGxPaUF4Tm5CNE95Qm1iMjUwTFdaaGJXbHNlVG9nVkdGb2IyMWhPeUkrS0R3dmMzQmhiajQ4WVNCb2NtVm1QU0pWY0d4dllXUXZabWxzWlM5SVN6SXhNbDlVUWtSTFRVaGZRbE11Y0dSbUlpQnpkSGxzWlQwaVptOXVkQzFtWVcxcGJIazZJRlJoYUc5dFlUc2dabTl1ZEMxemFYcGxPaUF4Tm5CNE95SStlR1Z0SUZSQ0lIYkRvQ0JFVXp3dllUNDhjM0JoYmlCemRIbHNaVDBpWm05dWRDMXphWHBsT2lBeE5uQjRPeUJtYjI1MExXWmhiV2xzZVRvZ1ZHRm9iMjFoT3lJK0tUeGljaUF2UGp3dmMzQmhiajQ4YzNCaGJpQnpkSGxzWlQwaVptOXVkQzF6YVhwbE9pQXhObkI0T3lCbWIyNTBMV1poYldsc2VUb2dWR0ZvYjIxaE95SStKbTVpYzNBN0lDWnVZbk53T3ladVluTndPend2YzNCaGJqNDhjM1J5YjI1bklITjBlV3hsUFNKbWIyNTBMV1poYldsc2VUb2dRWEpwWVd3N0lHWnZiblF0YzJsNlpUb2dNVEp3ZURzaVBqeHpjR0Z1SUhOMGVXeGxQU0ptYjI1MExYTnBlbVU2SURFMmNIZzdJR1p2Ym5RdFptRnRhV3g1T2lCVVlXaHZiV0U3SWo1RDRicXRjQ0J1YU9HNnJYUWdaT0c3cnlCc2FlRzdoM1VtYm1KemNEczhMM053WVc0K1BITndZVzRnYzNSNWJHVTlJbVp2Ym5RdGMybDZaVG9nTVRad2VEc2dabTl1ZEMxbVlXMXBiSGs2SUZSaGFHOXRZVHNpUGxSTFFqd3ZjM0JoYmo0OEwzTjBjbTl1Wno0OGMzQmhiaUJ6ZEhsc1pUMGlabTl1ZEMxemFYcGxPaUF4Tm5CNE95Qm1iMjUwTFdaaGJXbHNlVG9nVkdGb2IyMWhPeUkrUEhOMGNtOXVaejRtYm1KemNEczhMM04wY205dVp6NG9kT0c3cXlBeE5tY3pNQ3dnTWpBdk1USXZNakF5TVNrZ0xTQThjM1J5YjI1blBramh1NDFqSUhCb3c2MGdQQzl6ZEhKdmJtYytZOFdwYm1jZ3hKSEdzT0c3bzJNZ2RNT3RibWdnZHNPZ0lHUGh1cTF3SUc1bzRicXRkRHhpY2lBdlBqd3ZjM0JoYmo0OGMzQmhiaUJ6ZEhsc1pUMGlabTl1ZEMxemFYcGxPaUF4Tm5CNE95Qm1iMjUwTFhkbGFXZG9kRG9nWW05c1pEc2dabTl1ZEMxbVlXMXBiSGs2SUZSaGFHOXRZVHNpUGpRdUlNU1F4SU51WnlCcnc2MGdiY08wYmlCbzRidU5ZeUFveEpIaHU2TjBJR0xodTVVZ2MzVnVaeWttYm1KemNEczhMM053WVc0K1BITndZVzRnYzNSNWJHVTlJbVp2Ym5RdGMybDZaVG9nTVRad2VEc2dabTl1ZEMxM1pXbG5hSFE2SUdKdmJHUTdJSFJsZUhRdFpHVmpiM0poZEdsdmJpMXNhVzVsT2lCMWJtUmxjbXhwYm1VN0lHWnZiblF0Wm1GdGFXeDVPaUJVWVdodmJXRTdJajRvYk9HN2kyTm9JTVNSeElOdVp5QnJ3NjBnZEdobGJ5QjA0YnVyYm1jZ2EyakRzMkVwUEM5emNHRnVQanh6Y0dGdUlITjBlV3hsUFNKbWIyNTBMWE5wZW1VNklERTJjSGc3SUdadmJuUXRabUZ0YVd4NU9pQlVZV2h2YldFN0lqNDhjM1J5YjI1blBpWnVZbk53T3lneU1TOHhNaUF0SURJMEx6RXlMekl3TWpFcFBHSnlJQzgrUEM5emRISnZibWMrUEM5emNHRnVQanh6Y0dGdUlITjBlV3hsUFNKbWIyNTBMWE5wZW1VNklERTJjSGc3SUdadmJuUXRabUZ0YVd4NU9pQlVZV2h2YldFN0lHTnZiRzl5T2lBak1EQXdNR1ptT3lJK1BITjBjbTl1Wno0bWJtSnpjRHNnS3lCRHc2RmpJSFJ5eHJEaHU1MXVaeUJvNGJ1amNDREVrZUc2dDJNZ1ltbmh1NGQwSUdMaHVxTnZJTVNSNGJxamJTQjBhZUc2djI0Z3hKSGh1NWtnYU9HN2pXTWdZOE9oWXlCdHc3UnVJR05vZFhuRHFtNGdiY08wYmlCajRidW5ZU0JUVmladVluTndPend2YzNSeWIyNW5Qand2YzNCaGJqNDhjM0JoYmlCemRIbHNaVDBpWm05dWRDMXphWHBsT2lBeE5uQjRPeUJtYjI1MExXWmhiV2xzZVRvZ1ZHRm9iMjFoT3lCamIyeHZjam9nSXpBd01EQm1aanNpUGloNFpXMGc0YnVmSUhCbzRicW5iaUJZWlcwZ1kyaHBJSFJwNGJxL2RDazhZbklnTHo0OEwzTndZVzQrUEhOMGNtOXVaeUJ6ZEhsc1pUMGlabTl1ZEMxbVlXMXBiSGs2SUZSaGFHOXRZVHNnWm05dWRDMXphWHBsT2lBeE5uQjRPeUJqYjJ4dmNqb2dJekF3TURCbVpqc2lQaVp1WW5Od095QXJJRXRvWVdrZ1lzT2hieUJvNGJ1Tll5QnM0YnFoYVNCcmFNT2hZeUJ0dzZNZ1ltRnVJTVNSNGJxbmRTQThMM04wY205dVp6NDhjM0JoYmlCemRIbHNaVDBpWm05dWRDMXphWHBsT2lBeE5uQjRPeUJtYjI1MExXWmhiV2xzZVRvZ1ZHRm9iMjFoT3lCamIyeHZjam9nSXpBd01EQm1aanNpUGloNFpXMGc0YnVmSUhCbzRicW5iaUJZWlcwZ1kyaHBJSFJwNGJxL2RDazhZbklnTHo0OEwzTndZVzQrUEhOd1lXNGdjM1I1YkdVOUltWnZiblF0YzJsNlpUb2dNVFp3ZURzZ1ptOXVkQzFtWVcxcGJIazZJRlJoYUc5dFlUc2dZMjlzYjNJNklDTXdNREF3Wm1ZN0lqNDhjM1J5YjI1blBpWnVZbk53T3lBcklNU1F4SU51WnlCcnc2MGdaTWF3NGJ1YmFTQno0YnVSSUhURHJXNGdZMmpodTRrZ2NYVjVJTVNSNGJ1TGJtZ2dLREUwSUhURHJXNGdZMmpodTRrcEptNWljM0E3UEM5emRISnZibWMrUEM5emNHRnVQanh6Y0dGdUlITjBlV3hsUFNKbWIyNTBMWE5wZW1VNklERTJjSGc3SUdadmJuUXRabUZ0YVd4NU9pQlVZV2h2YldFN0lqNDhjM0JoYmlCemRIbHNaVDBpWTI5c2IzSTZJQ013TURBd1ptWTdJajRvZUdWdElPRzdueUJ3YU9HNnAyNGdXR1Z0SUdOb2FTQjBhZUc2djNRcFBHSnlJQzgrUEM5emNHRnVQand2YzNCaGJqNDhjM0JoYmlCemRIbHNaVDBpWm05dWRDMXphWHBsT2lBeE5uQjRPeUJtYjI1MExXWmhiV2xzZVRvZ1ZHRm9iMjFoT3lJK0tERXhaeXdnTWpjdk1USXZNakF5TVNrZ1MrRzZ2M1FnY1hYaHVxTWdjc09nSUhOdnc2RjBJR1RodTY4Z2JHbmh1NGQxSU1TUVMwMUlJTVNSNGJ1amRDQmk0YnVWSUhOMWJtY2dLSGhsYlNEaHU1OGdjR2podXFkdUlGaGxiU0JqYUdrZ2RHbmh1cjkwS1R4aWNpQXZQand2YzNCaGJqNDhjM0JoYmlCemRIbHNaVDBpWm05dWRDMXphWHBsT2lBeE5uQjRPeUJtYjI1MExXWmhiV2xzZVRvZ1ZHRm9iMjFoT3lJK0tEQTVaeXdnTVRNdk1ERXZNakF5TWlrbWJtSnpjRHM4TDNOd1lXNCtQSE53WVc0Z2MzUjViR1U5SW1admJuUXRjMmw2WlRvZ01UWndlRHNnWm05dWRDMW1ZVzFwYkhrNklGUmhhRzl0WVRzaVBrUGh1cTF3SUc1bzRicXRkQ0JVUzBJZ2RzT2dJR2podTQxaklIQm93NjBneEpIaHU2TjBJR04xNGJ1UmFTQmphSFhodXFsdUlHTGh1NHNnWTJodklNU1I0YnVqZENERWtjT3pibWNnYU9HN2pXTWdjR2pEclNCeGRXRWdibWZEb200Z2FNT2dibWM4WW5JZ0x6NDhMM053WVc0K1BITjBjbTl1WnlCemRIbHNaVDBpWm05dWRDMW1ZVzFwYkhrNklGUmhhRzl0WVRzZ1ptOXVkQzF6YVhwbE9pQXhObkI0T3lJK05TNGd4SkREczI1bklHamh1NDFqSUhCb3c2MGdLSFJvWlc4Z2RHakR0RzVuSUdMRG9XOGdZK0c3cDJFZ1VHakRzbTVuSUV2aHVyOGdhRy9odXFGamFDQXRJRlREb0drZ1kyakRyVzVvS1NBb1krRzZyWEFnYm1qaHVxMTBMQ0F4Tnk4d01TQXRJREl4THpBeEx6SXdNaklwUEdKeUlDOCtQQzl6ZEhKdmJtYytQSE4wY205dVp5QnpkSGxzWlQwaVptOXVkQzFtWVcxcGJIazZJRlJoYUc5dFlUc2dabTl1ZEMxemFYcGxPaUF4Tm5CNE95SStKbTVpYzNBN0ptNWljM0E3UEM5emRISnZibWMrUEhOd1lXNGdjM1I1YkdVOUltWnZiblF0YzJsNlpUb2dNVFp3ZURzZ1ptOXVkQzFtWVcxcGJIazZJRlJoYUc5dFlUc2lQanh6ZEhKdmJtYytLRE13THpFeUx6SXdNakVwSUZSb3c3UnVaeUJpdzZGdklFemh1NHRqYUNCMGFIVWdhT0c3aldNZ2NHakRyU0JJU3lCSlNTd2dNakF5TVNBdElESXdNakk4TDNOMGNtOXVaejRnS0R4aElHaHlaV1k5SWxWd2JHOWhaQzltYVd4bEwwaExNakV5WDFSQ2RHaDFTRkJmVGxOUUxuQmtaaUkrZUdWdElIUm93N1J1WnlCaXc2RnZQQzloUGlrc0lNU1I0YnVSYVNCMjRidWJhVG84WW5JZ0x6NDhMM053WVc0K1BITndZVzRnYzNSNWJHVTlJbVp2Ym5RdGMybDZaVG9nTVRad2VEc2dabTl1ZEMxbVlXMXBiSGs2SUZSaGFHOXRZVHNpUGladVluTndPeUFtYm1KemNEc2dKbTVpYzNBN0t5QlRWaUJ1WjIvRG9Ha2djOGF3SUhCbzRicWhiU0FvZE9HNnBYUWdZK0c2b3lCanc2RmpJR3RvdzdOaEtUeGljaUF2UGp3dmMzQmhiajQ4YzNCaGJpQnpkSGxzWlQwaVptOXVkQzF6YVhwbE9pQXhObkI0T3lCbWIyNTBMV1poYldsc2VUb2dWR0ZvYjIxaE95SStKbTVpYzNBN0lDWnVZbk53T3lBbWJtSnpjRHNySUZOV0lIUEdzQ0J3YU9HNm9XMGdLR1BEc3lCbzRidU5ZeUJzNGJxaGFTa2dhMmpEczJFZ01qQWdkSExodTU4Z2R1RzdnU0IwY3NhdzRidWJZeUFvUEM5emNHRnVQanh6ZEhKdmJtY2djM1I1YkdVOUltWnZiblF0Wm1GdGFXeDVPaUJVWVdodmJXRTdJR1p2Ym5RdGMybDZaVG9nTVRad2VEc2lQa3RvdzdOaElESXhJSFBHc0NCd2FPRzZvVzBnYytHNnZTQmp3N01nZEdqRHRHNW5JR0xEb1c4Z2MyRjFQQzl6ZEhKdmJtYytQSE53WVc0Z2MzUjViR1U5SW1admJuUXRjMmw2WlRvZ01UWndlRHNnWm05dWRDMW1ZVzFwYkhrNklGUmhhRzl0WVRzaVBpa3VQR0p5SUM4K1BDOXpjR0Z1UGp4emNHRnVJSE4wZVd4bFBTSm1iMjUwTFhOcGVtVTZJREUyY0hnN0lHWnZiblF0Wm1GdGFXeDVPaUJVWVdodmJXRTdJajQ4YzNSeWIyNW5QaVp1WW5Od095QW9Nall2TVRJdk1qQXlNU2s4TDNOMGNtOXVaejRtYm1KemNEczhjM1J5YjI1blBrNW80YnF2WXlCczRicWhhU0IyNGJ1QkptNWljM0E3UEM5emRISnZibWMrUEM5emNHRnVQanh6Y0dGdUlITjBlV3hsUFNKbWIyNTBMV1poYldsc2VUb2dWR0ZvYjIxaE95SStQSE53WVc0K1BITjBjbTl1WnlCemRIbHNaVDBpWm05dWRDMXphWHBsT2lBeE5uQjRPeUkrUzJoaGFTQml3NkZ2SUdqaHU0MWpJR3podXFGcElHdG93NkZqSUczRG95QmlZVzRneEpIaHVxZDFJQ2pFa2VHNnQyTWdZbW5odTRkMElIYmh1NXRwSUZOV0lIUEdzQ0J3YU9HNm9XMHBQQzl6ZEhKdmJtYytQSE53WVc0Z2MzUjViR1U5SW1admJuUXRjMmw2WlRvZ01UWndlRHNpUGp4emRISnZibWMrUEdKeUlDOCtQQzl6ZEhKdmJtYytQQzl6Y0dGdVBqd3ZjM0JoYmo0OEwzTndZVzQrUEhOd1lXNGdjM1I1YkdVOUltWnZiblF0Wm1GdGFXeDVPaUJVWVdodmJXRTdJajQ4YzNSeWIyNW5JSE4wZVd4bFBTSm1iMjUwTFhOcGVtVTZJREUyY0hnN0lqNDJMaUJZWlcwZ1JHRnVhQ0J6dzZGamFDQnU0YnVqSUdqaHU0MWpJSEJvdzYwZ0tGQm93N0p1WnlCTDRicS9JR2h2NGJxaFkyZ2dMU0JVdzZCcElHTm93NjF1YUNrOFluSWdMejQ4TDNOMGNtOXVaejQ4YzNSeWIyNW5JSE4wZVd4bFBTSm1iMjUwTFhOcGVtVTZJREUyY0hnN0lqNDNMaUJZWlcwZ1ZHamh1NTFwSUd0b3c3TmhJR0pwNGJ1RGRTQmphTU90Ym1nZ2RHamh1NmxqSUNneU55OHdNUzh5TURJeUtUeGljaUF2UGp3dmMzUnliMjVuUGp4emRISnZibWNnYzNSNWJHVTlJbVp2Ym5RdGMybDZaVG9nTVRad2VEc2lQaVp1WW5Od095QW1ibUp6Y0RzZ1ZPRzdxeUF4T0djc0lESTFMekF4THpJd01qSXNJSFRodXFWMElHUGh1cU1nVTFZZ2JNYXdkU0REdlNCMGFHVnZJR1REdFdrNlBHSnlJQzgrUEM5emRISnZibWMrUEhOMGNtOXVaeUJ6ZEhsc1pUMGlabTl1ZEMxemFYcGxPaUF4Tm5CNE95SStKbTVpYzNBN0lDc2dRK0c2clhBZ2Jtamh1cTEwSUNKSTRidU5ZeUJ3YU1PdElNU1J3Nk1neEpIRHMyNW5JaVp1WW5Od096d3ZjM1J5YjI1blBqeHpjR0Z1SUhOMGVXeGxQU0ptYjI1MExYTnBlbVU2SURFMmNIZzdJajV6WVhVZ3hKSGh1Nk4wSU1TUnc3TnVaeUJvNGJ1Tll5QndhTU90SUhGMVlTQnVaOE9pYmlCb3c2QnVaenhpY2lBdlBqd3ZjM0JoYmo0OGMzQmhiaUJ6ZEhsc1pUMGlabTl1ZEMxemFYcGxPaUF4Tm5CNE95SStQSE4wY205dVp6NG1ibUp6Y0RzZ0t5QlVhTU8wYm1jZ1lzT2hieUJFWVc1b0lIUERvV05vSUc3aHU2TWdhT0c3aldNZ2NHakRyU0FvWStHN3AyRWdVQzRnUzBoVVF5azhZbklnTHo0OEwzTjBjbTl1Wno0OEwzTndZVzQrUEhOd1lXNGdjM1I1YkdVOUltWnZiblF0YzJsNlpUb2dNVFp3ZURzaVBpWnVZbk53T3lBbWJtSnpjRHNnSm01aWMzQTdJQ1p1WW5Od08wUlRVMVlnYnVHN295Qm80YnVOWXlCd2FNT3RJRzVuYjhPZ2FTQnp4ckFnY0dqaHVxRnRJQ2c4TDNOd1lXNCtQR0VnYUhKbFpqMGlhSFIwY0RvdkwzUm9iMjVuZEdsdVpHRnZkR0Z2TG5ObmRTNWxaSFV1ZG00dlZYQnNiMkZrTDJacGJHVXZTRXN5TVRKZlJGTlRWbDl1YjJodlkzQm9hVjl1WjI5aGFWTlFMbkJrWmlJZ2MzUjViR1U5SW1admJuUXRjMmw2WlRvZ01UWndlRHNpUG5obGJTQmtZVzVvSUhQRG9XTm9QQzloUGp4emNHRnVJSE4wZVd4bFBTSm1iMjUwTFhOcGVtVTZJREUyY0hnN0lqNHBPaUJUVmlCejRicTlJR0xodTRzZ2FPRzdwM2tnZE9HNnBYUWdZK0c2b3lCcjRicS9kQ0J4ZGVHNm95REVrRXROU0R4aWNpQXZQand2YzNCaGJqNDhjM0JoYmlCemRIbHNaVDBpWm05dWRDMXphWHBsT2lBeE5uQjRPeUkrSm01aWMzQTdJQ1p1WW5Od095QW1ibUp6Y0RzZ0ptNWljM0E3UkZOVFZpQnU0YnVqSUdqaHU0MWpJSEJvdzYwZ2FPRzdqV01nYk9HNm9Xa2djOGF3SUhCbzRicWhiU0FvUEM5emNHRnVQanhoSUdoeVpXWTlJbWgwZEhBNkx5OTBhRzl1WjNScGJtUmhiM1JoYnk1elozVXVaV1IxTG5adUwxVndiRzloWkM5bWFXeGxMMGhMTWpFeVgwUlRVMVpmYm05b2IyTndhR2xvYjJOc1lXbGZVMUF1Y0dSbUlpQnpkSGxzWlQwaVptOXVkQzF6YVhwbE9pQXhObkI0T3lJK2VHVnRJR1JoYm1nZ2M4T2hZMmc4TDJFK1BITndZVzRnYzNSNWJHVTlJbVp2Ym5RdGMybDZaVG9nTVRad2VEc2lQaWs2SUZOV0lIUGh1cjBnWXVHN2l5Qm80YnVuZVNCMDRicWxkQ0JqNGJxaklHdmh1cjkwSUhGMTRicWpJTVNRU3lCbzRidU5ZeUJzNGJxaGFUeGljaUF2UGp3dmMzQmhiajQ4YzNSeWIyNW5JSE4wZVd4bFBTSm1iMjUwTFhOcGVtVTZJREUyY0hnN0lqNG1ibUp6Y0RzZ0t5QkQ0YnF0Y0NCdWFPRzZyWFFnVkV0Q0ptNWljM0E3UEM5emRISnZibWMrUEhOd1lXNGdjM1I1YkdVOUltWnZiblF0YzJsNlpUb2dNVFp3ZURzaVBuTmhkU0JyYUdrZ2VPRzdyU0JzdzYwZ2FPRzdwM2tneEpCTElHUERvV01nVTFZZ2J1RzdveUJvNGJ1Tll5QndhTU90SUNnOEwzTndZVzQrUEhOMGNtOXVaeUJ6ZEhsc1pUMGlabTl1ZEMxemFYcGxPaUF4Tm5CNE95SStaMm5odTY4Z2JtZDFlY09xYmlCMGFNTzBibWNnZEdsdUlDSk80YnVqSUdqaHU0MWpJSEJvdzYwaVBDOXpkSEp2Ym1jK1BITndZVzRnYzNSNWJHVTlJbVp2Ym5RdGMybDZaVG9nTVRad2VEc2lQaVp1WW5Od084U1I0YnVESUZOV0lHSnA0YnEvZENrOFluSWdMejQ4TDNOd1lXNCtQSE4wY205dVp5QnpkSGxzWlQwaVptOXVkQzF6YVhwbE9pQXhObkI0T3lJK0ptNWljM0E3SUNzbWJtSnpjRHM4TDNOMGNtOXVaejQ4YzNSeWIyNW5JSE4wZVd4bFBTSm1iMjUwTFhOcGVtVTZJREUyY0hnN0lqNVVhZUc2djNBZ2Jtamh1cTF1SUhSbzRicXZZeUJ0NGJxdll5Qm9iK0c2dDJNZ2VjT3FkU0JqNGJxbmRTQW9idUc2djNVZ1k4T3pLU0JqNGJ1bllTQlRWaUIyNGJ1QklHamh1NDFqSUhCb3c2MG1ibUp6Y0RzOEwzTjBjbTl1Wno0OGMzQmhiaUJ6ZEhsc1pUMGlabTl1ZEMxemFYcGxPaUF4Tm5CNE95SStjWFZoSUcxaGFXd2djRjlyWldodllXTm9kR0ZwWTJocGJtaEFjMmQxTG1Wa2RTNTJianhpY2lBdlBqd3ZjM0JoYmo0OGMzQmhiaUJ6ZEhsc1pUMGlabTl1ZEMxemFYcGxPaUF4Tm5CNE95Qm1iMjUwTFdaaGJXbHNlVG9nVkdGb2IyMWhPeUkrSm01aWMzQTdJQ1p1WW5Od095QW1ibUp6Y0RzOEwzTndZVzQrUEhOd1lXNGdjM1I1YkdVOUltWnZiblF0YzJsNlpUb2dNVFp3ZURzZ1ptOXVkQzFtWVcxcGJIazZJRlJoYUc5dFlUc2lQaW9neEpEaHU2TjBJREVneEpIaHVyOXVJREUxWnl3Z01qZ3ZNREV2TWpBeU1qc2dZK0c2clhBZ2Jtamh1cTEwSUd2aHVyOTBJSEYxNGJxaklIamh1NjBnYk1PdElIVGh1NnNnTVRkbkxDQXlPQzh3TVM4eU1ESXlManhpY2lBdlBqd3ZjM0JoYmo0OGMzQmhiaUJ6ZEhsc1pUMGlabTl1ZEMxemFYcGxPaUF4Tm5CNE95SStKbTVpYzNBN0lDWnVZbk53T3lBbWJtSnpjRHNxSU1TUTRidWpkQ0F5SUNoellYVWdkR2podTUxcElHZHBZVzRnYm1kbzRidUpJRlRodXI5MEtTQjA0YnVySURBM0x6QXlJTVNSNGJxL2JpQXhOV2NzSURFeEx6QXlMekl3TWpJN0lHUGh1cTF3SUc1bzRicXRkQ0JyNGJxL2RDQnhkZUc2b3lCNDRidXRJR3pEclNCMDRidXJJREUzWnl3Z01URXZNREl2TWpBeU1pNDhZbklnTHo0OEwzTndZVzQrUEM5emNHRnVQanh6Y0dGdUlITjBlV3hsUFNKbWIyNTBMWE5wZW1VNklERTJjSGc3SUdadmJuUXRabUZ0YVd4NU9pQlVZV2h2YldFN0lqNG1ibUp6Y0RzZ0ptNWljM0E3Sm01aWMzQTdQSE4wY205dVp6NG9QQzl6ZEhKdmJtYytQQzl6Y0dGdVBqeHpjR0Z1SUhOMGVXeGxQU0ptYjI1MExYTnBlbVU2SURFMmNIZzdJR1p2Ym5RdFptRnRhV3g1T2lCVVlXaHZiV0U3SWo0OGMzUnliMjVuUGpFNFp5d2dNVEV2TURJdk1qQXlNand2YzNSeWIyNW5Qand2YzNCaGJqNDhjM1J5YjI1bklITjBlV3hsUFNKbWIyNTBMV1poYldsc2VUb2dWR0ZvYjIxaE95Qm1iMjUwTFhOcGVtVTZJREUyY0hnN0lqNHBKbTVpYzNBN1BDOXpkSEp2Ym1jK1BITndZVzRnYzNSNWJHVTlJbVp2Ym5RdGMybDZaVG9nTVRad2VEc2dabTl1ZEMxbVlXMXBiSGs2SUZSaGFHOXRZVHNpUGp4emRISnZibWMrUStHNnJYQWdibWpodXExMElGUkxRaUIydzZBZ2FPRzdqV01nY0dqRHJTQjBjc2F3NGJ1Yll5QnJhR2tnWXVHNnIzUWd4SkhodXFkMUlHamh1NDFqSUd2RHJEd3ZjM1J5YjI1blBqeHpkSEp2Ym1jK1BHSnlJQzgrUEM5emRISnZibWMrUEM5emNHRnVQanh6Y0dGdUlITjBlV3hsUFNKbWIyNTBMWE5wZW1VNklERTJjSGc3SUdadmJuUXRabUZ0YVd4NU9pQlVZV2h2YldFN0lqNG1ibUp6Y0RzZ0ptNWljM0E3SUNadVluTndPend2YzNCaGJqNDhjM0JoYmlCemRIbHNaVDBpWm05dWRDMXphWHBsT2lBeE5YQjRPeUIzYUdsMFpTMXpjR0ZqWlRvZ2NISmxMWGR5WVhBN0lHSmhZMnRuY205MWJtUXRZMjlzYjNJNklDTmxOV1ZtWm1ZN0lHWnZiblF0Wm1GdGFXeDVPaUFtY1hWdmREdFRaV2R2WlNCVlNTWnhkVzkwT3l3Z1UyVm5iMlYxYVZCakxDQW1jWFZ2ZER0VFlXNGdSbkpoYm1OcGMyTnZKbkYxYjNRN0xDQW1jWFZ2ZER0SVpXeDJaWFJwWTJFZ1RtVjFaU1p4ZFc5ME95d2dTR1ZzZG1WMGFXTmhMQ0FtY1hWdmREdE1kV05wWkdFZ1IzSmhibVJsSm5GMWIzUTdMQ0JTYjJKdmRHOHNJRlZpZFc1MGRTd2dWR0ZvYjIxaExDQW1jWFZ2ZER0TmFXTnliM052Wm5RZ1UyRnVjeUJUWlhKcFppWnhkVzkwT3l3Z1FYSnBZV3dzSUhOaGJuTXRjMlZ5YVdZN0lqNHJJRWpodTQxaklIQm93NjBnZHNPZ0lHdmh1cjkwSUhGMTRicWpJTVNRUzAxSU9pQmo0YnF0Y0NCdWFPRzZyWFFnS0dMaHU1VWdjM1Z1WnlCMnc2QWdjR2podTZWaklHamh1NU5wS1NCcjRicS9kQ0J4ZGVHNm95REVrRXROU0NERWtjT2pJTVNSeHJEaHU2TmpJSFJwNGJxL2NDQnVhT0c2clc0Z3hKSGh1cjl1SURFMVp5d2dNVEV2TURJdk1qQXlNZ284TDNOd1lXNCtQSE53WVc0Z2MzUjViR1U5SW1KaFkydG5jbTkxYm1RdFkyOXNiM0k2SUNObE5XVm1abVk3SUdadmJuUXRjMmw2WlRvZ01UVndlRHNnZDJocGRHVXRjM0JoWTJVNklIQnlaUzEzY21Gd095Qm1iMjUwTFdaaGJXbHNlVG9nSm5GMWIzUTdVMlZuYjJVZ1ZVa21jWFZ2ZERzc0lGTmxaMjlsZFdsUVl5d2dKbkYxYjNRN1UyRnVJRVp5WVc1amFYTmpieVp4ZFc5ME95d2dKbkYxYjNRN1NHVnNkbVYwYVdOaElFNWxkV1VtY1hWdmREc3NJRWhsYkhabGRHbGpZU3dnSm5GMWIzUTdUSFZqYVdSaElFZHlZVzVrWlNaeGRXOTBPeXdnVW05aWIzUnZMQ0JWWW5WdWRIVXNJRlJoYUc5dFlTd2dKbkYxYjNRN1RXbGpjbTl6YjJaMElGTmhibk1nVTJWeWFXWW1jWFZ2ZERzc0lFRnlhV0ZzTENCellXNXpMWE5sY21sbU95SStJQ0FnSUNBZ0t5QlVhT0c3bldrZ2EyakRzMkVnWW1uaHU0TjFPaUFLUEM5emNHRnVQanh6Y0dGdUlITjBlV3hsUFNKaVlXTnJaM0p2ZFc1a0xXTnZiRzl5T2lBalpUVmxabVptT3lCbWIyNTBMWE5wZW1VNklERTFjSGc3SUhkb2FYUmxMWE53WVdObE9pQndjbVV0ZDNKaGNEc2dabTl1ZEMxbVlXMXBiSGs2SUNaeGRXOTBPMU5sWjI5bElGVkpKbkYxYjNRN0xDQlRaV2R2WlhWcFVHTXNJQ1p4ZFc5ME8xTmhiaUJHY21GdVkybHpZMjhtY1hWdmREc3NJQ1p4ZFc5ME8waGxiSFpsZEdsallTQk9aWFZsSm5GMWIzUTdMQ0JJWld4MlpYUnBZMkVzSUNaeGRXOTBPMHgxWTJsa1lTQkhjbUZ1WkdVbWNYVnZkRHNzSUZKdlltOTBieXdnVldKMWJuUjFMQ0JVWVdodmJXRXNJQ1p4ZFc5ME8wMXBZM0p2YzI5bWRDQlRZVzV6SUZObGNtbG1KbkYxYjNRN0xDQkJjbWxoYkN3Z2MyRnVjeTF6WlhKcFpqc2lQaUFnSUNBZ0lDQWdJREVwSUNqRWtlRzdsV2tnUjFZcElHUERvV01nYm1qRHMyMGdiT0c3bTNBZ1IwUlJVQ0JzYWNPcWJpQnhkV0Z1SU1TUjRicS9iaUJIVmlCUWFPRzZvVzBnVkdoaGJtZ2dWc1dwQ2p3dmMzQmhiajQ4YzNCaGJpQnpkSGxzWlQwaVltRmphMmR5YjNWdVpDMWpiMnh2Y2pvZ0kyVTFaV1ptWmpzZ1ptOXVkQzF6YVhwbE9pQXhOWEI0T3lCM2FHbDBaUzF6Y0dGalpUb2djSEpsTFhkeVlYQTdJR1p2Ym5RdFptRnRhV3g1T2lBbWNYVnZkRHRUWldkdlpTQlZTU1p4ZFc5ME95d2dVMlZuYjJWMWFWQmpMQ0FtY1hWdmREdFRZVzRnUm5KaGJtTnBjMk52Sm5GMWIzUTdMQ0FtY1hWdmREdElaV3gyWlhScFkyRWdUbVYxWlNaeGRXOTBPeXdnU0dWc2RtVjBhV05oTENBbWNYVnZkRHRNZFdOcFpHRWdSM0poYm1SbEpuRjFiM1E3TENCU2IySnZkRzhzSUZWaWRXNTBkU3dnVkdGb2IyMWhMQ0FtY1hWdmREdE5hV055YjNOdlpuUWdVMkZ1Y3lCVFpYSnBaaVp4ZFc5ME95d2dRWEpwWVd3c0lITmhibk10YzJWeWFXWTdJajRnSUNBZ0lDQWdJQ0F5S1NBb3hKRnA0YnVCZFNCamFPRzdpVzVvSUczRHRHNGd4SkhFZzI1bklHdkRyU2tnVE9HN20zQWdSRkZITVRJeGVDQW9VMVlnYkduRHFtNGdhT0c3aHlCMjRidWJhU0JMYUc5aElNU1I0YnVESUdKcDRicS9kQ0JqYUdrZ2RHbmh1cjkwS1FvOEwzTndZVzQrUEhOd1lXNGdjM1I1YkdVOUltWnZiblF0Wm1GdGFXeDVPaUFtY1hWdmREdFRaV2R2WlNCVlNTWnhkVzkwT3l3Z1UyVm5iMlYxYVZCakxDQW1jWFZ2ZER0VFlXNGdSbkpoYm1OcGMyTnZKbkYxYjNRN0xDQW1jWFZ2ZER0SVpXeDJaWFJwWTJFZ1RtVjFaU1p4ZFc5ME95d2dTR1ZzZG1WMGFXTmhMQ0FtY1hWdmREdE1kV05wWkdFZ1IzSmhibVJsSm5GMWIzUTdMQ0JTYjJKdmRHOHNJRlZpZFc1MGRTd2dWR0ZvYjIxaExDQW1jWFZ2ZER0TmFXTnliM052Wm5RZ1UyRnVjeUJUWlhKcFppWnhkVzkwT3l3Z1FYSnBZV3dzSUhOaGJuTXRjMlZ5YVdZN0lqNDhjM0JoYmlCemRIbHNaVDBpWm05dWRDMXphWHBsT2lBeE5YQjRPeUIzYUdsMFpTMXpjR0ZqWlRvZ2NISmxMWGR5WVhBN0lHSmhZMnRuY205MWJtUXRZMjlzYjNJNklDTmxOV1ZtWm1ZN0lqNGdJQ0FnSUNBZ0lDQXpLU0FveEpGcDRidUJkU0JqYUhWNTRidURiaUJ3YU1PeWJtY3BJTVNSNGJxM1l5QmlhZUc3aDNRZ1krRzdwMkVnWThPaFl5QnM0YnViY0NCTGFHOWhJRU5PVkZRN0lDakVrV25odTRGMUlHTm80YnVKYm1nZ2RHamh1NTFwSUd0b3c3TmhJR0pwNGJ1RGRTa2diZUc3bVhRZ2MrRzdrU0JzNGJ1YmNDQkRURU1nS0VOT1ZGUXBDand2YzNCaGJqNDhMM053WVc0K1BITndZVzRnYzNSNWJHVTlJbVp2Ym5RdGMybDZaVG9nTVRad2VEc2dabTl1ZEMxbVlXMXBiSGs2SUZSaGFHOXRZVHNpUGladVluTndPeUFtYm1KemNEc2dVR2pEc201bklHamh1NDFqSU1TUnhyRGh1Nk5qSUhMRG9DQnpiOE9oZENCczRicW5iaUJqZGVHN2tXa3NKbTVpYzNBN1BITjBjbTl1Wno1MDRicWxkQ0JqNGJxaklGTldJR3RwNGJ1RGJTQjBjbUVtYm1KemNEczhMM04wY205dVp6NDhMM053WVc0K1BITndZVzRnYzNSNWJHVTlJbVp2Ym5RdGMybDZaVG9nTVRad2VEc2dabTl1ZEMxbVlXMXBiSGs2SUZSaGFHOXRZVHNpUGp4emRISnZibWMrVkV0Q0lDaGs0YnFoYm1jZ1NFc2dZOE9oSUc1b3c2SnVQSE53WVc0Z2MzUjViR1U5SW5SbGVIUXRaR1ZqYjNKaGRHbHZiaTFzYVc1bE9pQjFibVJsY214cGJtVTdJajRwUEM5emNHRnVQand2YzNSeWIyNW5Qand2YzNCaGJqNDhjM0JoYmlCemRIbHNaVDBpWm05dWRDMXphWHBsT2lBeE5uQjRPeUJtYjI1MExXWmhiV2xzZVRvZ1ZHRm9iMjFoT3lJK1BITjBjbTl1Wno0bWJtSnpjRHQydzZBZ2JNYXdkU0REdlNCMjRidUJJSEJvdzdKdVp5Qm80YnVOWXp3dmMzUnliMjVuUGk0OFluSWdMejQ4TDNOd1lXNCtQSE53WVc0Z2MzUjViR1U5SW1admJuUXRjMmw2WlRvZ01UWndlRHNnWm05dWRDMW1ZVzFwYkhrNklGUmhhRzl0WVRzaVBpWnVZbk53T3lBbWJtSnpjRHNnS0ZOV0lIQm80YnFqYVNCWVpXMGdWRXRDSUdUaHVxRnVaeUFpVkV0Q0lHamh1NDFqSUd2aHU3TWdZOE9oSUc1b3c2SnVJaXdnYTJqRHRHNW5JRmhsYlNBaVZFSkxJR1RodXFGdVp5QjBkZUc2cDI0aU95REVrZUc3Z3lCVFZpQjBhT0c2cFhrZ2RPRzZwWFFnWStHNm95QnI0YnEvZENCeGRlRzZveURFa0VzZ3hKSGh1cmRqSUdKcDRidUhkQ0IyNGJ1YmFTQmp3NkZqSUc1b3c3TnRJR3podTV0d0lHdG93N1J1WnlCaTRicXZkQ0RFa2VHNnAzVWdhT0c3aldNZ2RPRzdxeUJVZGVHNnAyNGdNU0F0SURFMEx6QXlMekl3TWpJZ0xTQjJ3NkFnWThPaFl5QnVhTU96YlNCczRidWJjQ0JyYU1PMGJtY2dlT0c2djNBZ1ZFdENJRzVveHJBZ1ZHamh1N0ZqSUhUaHVyOHNJQzR1TGlrbWJtSnpjRHM4WW5JZ0x6NDhMM053WVc0K1BITndZVzRnYzNSNWJHVTlJbVp2Ym5RdGMybDZaVG9nTVRad2VEc2dabTl1ZEMxbVlXMXBiSGs2SUZSaGFHOXRZVHNpUGladVluTndPeUFtYm1KemNEc2dVMkYxSUhSbzRidWRhU0RFa1duaHU0TnRJRzdEb0hrc0lHN2h1cjkxSUZOV0lIYmh1cXR1SUdOb3hyQmhJR3ZodTR0d0lIQm80YnFqYmlCbzRidVRhU0IwYU9HNnIyTWdiZUc2cjJNZ2FHL2h1cmRqSUhuRHFuVWdZK0c2cDNVZ2R1RzdnU0JvNGJ1Tll5QndhTU90SU1TUjRicS9iaUJRSUV0SVZFTWdkR2pEckNCMGFlRzZ2M0FnZE9HN3BXTWdaK0c3cldrZ2RHaGxieUJveHJEaHU1dHVaeUJrNGJxcmJpRGh1NThnZEhMRHFtNGdkc09nSUhSb1pXOGdaTU8xYVNCcjRicS9kQ0J4ZGVHNm95QjQ0YnV0SUd6RHJTQjBjbTl1WnlCdVo4T2dlU0IwYU9HN3FTQm9ZV2tnTVRRdk1ESXZNakF5TWk0bWJtSnpjRHNvTVRkbk16QXNJREUwTHpBeUx6SXdNaklwSUVQaHVxMXdJRzVvNGJxdGRDQlVTMElnZHNPZ0lHamh1NDFqSUhCb3c2MHVKbTVpYzNBN1BDOXpjR0Z1UGp4emNHRnVJSE4wZVd4bFBTSm1iMjUwTFhOcGVtVTZJREUyY0hnN0lHWnZiblF0Wm1GdGFXeDVPaUJVWVdodmJXRTdJajRvTVRkbkxDQXhPQzh3TWk4eU1ESXlLU0JENGJxdGNDQnVhT0c2clhRZ1ZFdENJSGJEb0NCbzRidU5ZeUJ3YU1PdFBDOXpjR0Z1UGp4emNHRnVJSE4wZVd4bFBTSm1iMjUwTFhOcGVtVTZJREUyY0hnN0lHWnZiblF0Wm1GdGFXeDVPaUJVWVdodmJXRTdJajR1UEM5emNHRnVQanh6Y0dGdUlITjBlV3hsUFNKbWIyNTBMWE5wZW1VNklERTJjSGc3SUdadmJuUXRabUZ0YVd4NU9pQlVZV2h2YldFN0lqNDhjM1J5YjI1blBpWnVZbk53T3lBbWJtSnpjRHM4WW5JZ0x6NDhjM0JoYmlCemRIbHNaVDBpWTI5c2IzSTZJQ013TURBd1ptWTdJajRtYm1KemNEc2dKbTVpYzNBN0lDZ3hPR2NzSURJMUx6QXlMekl3TWpJcElFUGh1cTF3SUc1bzRicXRkQ0JVUzBJZ2RzT2dJR2podTQxaklIQm93NjBneEpIaHU2TjBJR04xNGJ1UmFTREVrZUc3Z3lCd2FNT2hkQ0JvdzZCdWFDQkVVeUJ1YU1PemJTQnM0YnViY0NCamFNT3RibWdnZEdqaHU2bGpQQzl6Y0dGdVBqd3ZjM1J5YjI1blBqd3ZjM0JoYmo0OGMzQmhiaUJ6ZEhsc1pUMGlZMjlzYjNJNklDTXdNREF3Wm1ZN0lqNDhjM0JoYmlCemRIbHNaVDBpWm05dWRDMXphWHBsT2lBeE5uQjRPeUJtYjI1MExXWmhiV2xzZVRvZ1ZHRm9iMjFoT3lJK0xqd3ZjM0JoYmo0OGMzQmhiaUJ6ZEhsc1pUMGlZbUZqYTJkeWIzVnVaQzFqYjJ4dmNqb2dJMlUxWldabVpqc2dabTl1ZEMxemFYcGxPaUF4TlhCNE95QjNhR2wwWlMxemNHRmpaVG9nY0hKbExYZHlZWEE3SUdadmJuUXRabUZ0YVd4NU9pQW1jWFZ2ZER0VFpXZHZaU0JWU1NaeGRXOTBPeXdnVTJWbmIyVjFhVkJqTENBbWNYVnZkRHRUWVc0Z1JuSmhibU5wYzJOdkpuRjFiM1E3TENBbWNYVnZkRHRJWld4MlpYUnBZMkVnVG1WMVpTWnhkVzkwT3l3Z1NHVnNkbVYwYVdOaExDQW1jWFZ2ZER0TWRXTnBaR0VnUjNKaGJtUmxKbkYxYjNRN0xDQlNiMkp2ZEc4c0lGVmlkVzUwZFN3Z1ZHRm9iMjFoTENBbWNYVnZkRHROYVdOeWIzTnZablFnVTJGdWN5QlRaWEpwWmlaeGRXOTBPeXdnUVhKcFlXd3NJSE5oYm5NdGMyVnlhV1k3SWo0Z0lDQWdQQzl6Y0dGdVBqd3ZjM0JoYmo0OEwzQStQSEErUEhOd1lXNGdjM1I1YkdVOUltWnZiblF0YzJsNlpUb2dNVFp3ZURzZ1ptOXVkQzFtWVcxcGJIazZJRlJoYUc5dFlUc2lQanh6Y0dGdVBqeHpkSEp2Ym1jK0tpREVrTVNEYm1jZ2E4T3RJR2podTQxaklHemh1cUZwTHlCajRicWphU0IwYUduaHU0ZHVJSE5oZFNCcmFHa2dZOE96SUd2aHVyOTBJSEYxNGJxaklHamh1NDFqSUd2RHJDQW9jMkYxSUd2RHJDQjBhR2tnYStHNnYzUWdkR2pEdW1NZ2FPRzdqV01nY0dqaHVxZHVJR1BodTZkaElFaExJSEJvNGJ1bEtUeGljaUF2UGp3dmMzUnliMjVuUGp3dmMzQmhiajQ4TDNOd1lXNCtQSE53WVc0Z2MzUjViR1U5SW1admJuUXRjMmw2WlRvZ01UWndlRHNnWm05dWRDMW1ZVzFwYkhrNklGUmhhRzl0WVRzaVBpWnVZbk53T3lBbWJtSnpjRHNxSUZSbzRidWRhU0JuYVdGdU9pQlU0YnVySURFMEx6QXlJTVNSNGJxL2JpQXhObWNzSURFM0x6QXlMekl3TWpJc0lIRjFZU0J0WVdsc0lGQm93N0p1WnlERWtNT2dieUIwNGJxaGJ5NGdWR2pEdEc1bklIUnBiaUJqNGJxdGNDQnVhT0c2clhRZ01UaG5MQ0F4Tnk4d01pOHlNREl5TGp4aWNpQXZQand2YzNCaGJqNDhjM0JoYmlCemRIbHNaVDBpWm05dWRDMXphWHBsT2lBeE5uQjRPeUJtYjI1MExXWmhiV2xzZVRvZ1ZHRm9iMjFoT3lJK0ptNWljM0E3SUNadVluTndPeW9neEpEaHU1RnBJSFRHc09HN28yNW5PaUJUVmlCdXhJTnRJR04xNGJ1UmFTQmp3N01nYm1oMUlHUGh1cWQxSUdqaHU0MWpJR3podXFGcEx5Qmo0YnFqYVNCMGFHbmh1NGR1SUhiaHU1dHBJR2podTQxaklIQm80YnFuYmlCMjRidXJZU0JqdzdNZ3hKRnA0YnVEYlNBb1krRzdwMkVnU0VzZ1NTa2d4SkhodXFGMElNU1JhZUc3ZzIwZ1JDQm9iK0c2dDJNZ1l1RzdpeURFa1duaHU0TnRJRVl1UEdKeUlDOCtQQzl6Y0dGdVBqeHpjR0Z1SUhOMGVXeGxQU0ptYjI1MExYTnBlbVU2SURFMmNIZzdJR1p2Ym5RdFptRnRhV3g1T2lCVVlXaHZiV0U3SWo0bWJtSnpjRHNnSm01aWMzQTdLaURFa01PemJtY2dhT0c3aldNZ2NHakRyVG9nYm1mRG9Ia2dNVGd2TURJdk1qQXlNaUFvZEhMaHU3RmpJSFJwNGJxL2NDQjA0YnFoYVNCUUxpQkxTRlJESUdodjRicTNZeUJqYUhWNTRidURiaUJyYUcvaHVxTnVLVHhpY2lBdlBqd3ZjM0JoYmo0OGMzQmhiaUJ6ZEhsc1pUMGlZMjlzYjNJNklDTXdNREF3Wm1ZN0lqNDhjM0JoYmlCemRIbHNaVDBpWm05dWRDMW1ZVzFwYkhrNklGUmhhRzl0WVRzaVBqeHpjR0Z1SUhOMGVXeGxQU0ptYjI1MExYTnBlbVU2SURFMmNIZzdJajQ4YzNSeWIyNW5QaW9nV09HN3JTQnN3NjBnZE1hd3hxRnVaeURFa2Nhd3hxRnVaeUJ0dzdSdUlHamh1NDFqSUNodWFPRzZyMk1neEpIaHU2TjBJR04xNGJ1UmFTQmphRzhnVTFZZ2JtZHZ3NkJwSUhQR3NDQndhT0c2b1cwcFBHSnlJQzgrUEM5emRISnZibWMrUEM5emNHRnVQand2YzNCaGJqNDhjM0JoYmlCemRIbHNaVDBpWm05dWRDMW1ZVzFwYkhrNklGUmhhRzl0WVRzaVBqeHpjR0Z1SUhOMGVXeGxQU0ptYjI1MExYTnBlbVU2SURFMmNIZzdJajRtYm1KemNEc2dKbTVpYzNBN1UxWWdidUc3bVhBZ3hKSEdvVzRnWXNPaGJ5Qmp3NkZ2SU1TUnc2TWd4SkhFZzI1bklHdkRyU0J0dzZNZ2FPRzdqV01nY0dqaHVxZHVJR3RvdzZGaklIYmh1NXRwSUczRG95Qm80YnVOWXlCd2FPRzZwMjRnY1hWNUlNU1I0YnVMYm1nZ1kyaHZJRU5VeEpCVUlDaGphT0c3cHlCNTRicS9kU0JrYnlCVFZpQnJhTU96WVNCMGNzYXc0YnViWXlCbzRidU5ZeUJzNGJxaGFTOGdhT0c3aldNZ1krRzZvMmtnZEdocDRidUhiaThnYU9HN2pXTWdZc081SUhiaHU1dHBJRXRvdzdOaElESXdJSFJ5NGJ1ZklNU1JhU2tnWTJqaHVxMXRJRzVvNGJxbGRDQnN3NkFnZEhKdmJtY2dkSFhodXFkdUlIUm80YnVwSURNZ1krRzdwMkVnU0VzZ0tHN2h1NWx3SUhSeTRidXhZeUIwYWVHNnYzQWdkT0c2b1drZ1VHakRzbTVuSU1TUXc2QnZJSFRodXFGdklFTXVRekF3Tnl3Z2FHL2h1cmRqSUhGMVlTQnRZV2xzSUhCZlpHRnZkR0Z2UUhObmRTNWxaSFV1ZG00cExqd3ZjM0JoYmo0OEwzTndZVzQrUEM5emNHRnVQand2Y0Q0OGNENDhjM0JoYmlCemRIbHNaVDBpWTI5c2IzSTZJQ05tWmpBd01EQTdJajQ4YzNCaGJpQnpkSGxzWlQwaVptOXVkQzEzWldsbmFIUTZJR0p2YkdRN0lHWnZiblF0YzJsNlpUb2dNVFp3ZURzZ1ptOXVkQzFtWVcxcGJIazZJRlJoYUc5dFlUc2lQaW9nVXNPNmRDQnR3N1J1SUdqaHU0MWpKbTVpYzNBN0tIVGh1NnNnZEhYaHVxZHVJSFJvNGJ1cElETWdZK0c3cDJFZ2FPRzdqV01nYThPc0tUeGljaUF2UGp3dmMzQmhiajQ4TDNOd1lXNCtQSE53WVc0Z2MzUjViR1U5SW1OdmJHOXlPaUFqWm1Zd01EQXdPeUkrUEhOd1lXNGdjM1I1YkdVOUltWnZiblF0Wm1GdGFXeDVPaUJVWVdodmJXRTdJajQ4YzNCaGJpQnpkSGxzWlQwaVptOXVkQzF6YVhwbE9pQXhObkI0T3lJK0ptNWljM0E3SUNneEtTQlRWaUJ1NGJ1WmNDREVrY2FoYmlCU3c3cDBJRzNEdEc0Z2FPRzdqV01nZE9HN3F5QnVaOE9nZVNBeU9DOHdNaTh5TURJeUlNU1I0YnEvYmlCbzRicS9kQ0J1WjhPZ2VTQXdNUzh3TkM4eU1ESXlMQ0IwNGJxaGFTQlFhTU95Ym1jZ3hKRERvRzhnZE9HNm9XOGdLRU11UXpBd055azhMM053WVc0K1BHSnlJQzgrUEhOd1lXNGdjM1I1YkdVOUltWnZiblF0YzJsNlpUb2dNVEp3ZERzaVBpWnVZbk53T3lBbWJtSnpjRHM4TDNOd1lXNCtQQzl6Y0dGdVBqd3ZjM0JoYmo0OGMzQmhiaUJ6ZEhsc1pUMGlabTl1ZEMxemFYcGxPaUF4TW5CME95SStQSE53WVc0Z2MzUjViR1U5SW1admJuUXRabUZ0YVd4NU9pQkRZV3hwWW5KcExDQW1jWFZ2ZER0ellXNXpMWE5sY21sbUpuRjFiM1E3T3lJK0ptNWljM0E3SUR3dmMzQmhiajQ4YzNCaGJpQnpkSGxzWlQwaVptOXVkQzFtWVcxcGJIazZJRU5oYkdsaWNta3NJQ1p4ZFc5ME8zTmhibk10YzJWeWFXWW1jWFZ2ZERzN0lqNU80YnVaYVNCa2RXNW5JTVNSeHFGdU9qeGljaUF2UGp3dmMzQmhiajQ4YzNCaGJpQnpkSGxzWlQwaVptOXVkQzFtWVcxcGJIazZJRU5oYkdsaWNta3NJQ1p4ZFc5ME8zTmhibk10YzJWeWFXWW1jWFZ2ZERzN0lqNG1ibUp6Y0RzZ0ptNWljM0E3UEM5emNHRnVQanh6Y0dGdUlITjBlV3hsUFNKbWIyNTBMV1poYldsc2VUb2dRMkZzYVdKeWFTd2dKbkYxYjNRN2MyRnVjeTF6WlhKcFppWnhkVzkwT3pzaVBpWnVZbk53T3dvOEwzTndZVzQrUEhOd1lXNGdjM1I1YkdVOUltWnZiblF0Wm1GdGFXeDVPaUJEWVd4cFluSnBMQ0FtY1hWdmREdHpZVzV6TFhObGNtbG1KbkYxYjNRN095SStLeUJVYU1PMGJtY2dkR2x1SUZOV09pQk53Nk1nYytHN2tTQlRWaXdnU09HN2pTQjB3NnB1SUZOV0xDQk9aOE9nYm1nc0lFemh1NXR3UEdKeUlDOCtQQzl6Y0dGdVBqeHpjR0Z1SUhOMGVXeGxQU0ptYjI1MExXWmhiV2xzZVRvZ1EyRnNhV0p5YVN3Z0puRjFiM1E3YzJGdWN5MXpaWEpwWmlaeGRXOTBPenNpUGladVluTndPend2YzNCaGJqNDhjM0JoYmlCemRIbHNaVDBpWm05dWRDMW1ZVzFwYkhrNklFTmhiR2xpY21rc0lDWnhkVzkwTzNOaGJuTXRjMlZ5YVdZbWNYVnZkRHM3SWo0bWJtSnpjRHNnSm01aWMzQTdKbTVpYzNBN1BDOXpjR0Z1UGp4emNHRnVJSE4wZVd4bFBTSm1iMjUwTFdaaGJXbHNlVG9nUTJGc2FXSnlhU3dnSm5GMWIzUTdjMkZ1Y3kxelpYSnBaaVp4ZFc5ME96c2lQaXNnUThPaFl5Qm80YnVOWXlCd2FPRzZwMjRnZUdsdUlITER1blE2SUUzRG95QklVQ3dnVk1PcWJpQklVQ3dnVGNPaklHNW93N050TENCVDRidVJJSFREclc0Z1kyamh1NGtnS0czaHU1ZHBJRWhRSURFS1pNT3libWNwUEdKeUlDOCtQQzl6Y0dGdVBqeHpjR0Z1SUhOMGVXeGxQU0ptYjI1MExXWmhiV2xzZVRvZ1EyRnNhV0p5YVN3Z0puRjFiM1E3YzJGdWN5MXpaWEpwWmlaeGRXOTBPenNpUGladVluTndPeVp1WW5Od096d3ZjM0JoYmo0OGMzQmhiaUJ6ZEhsc1pUMGlabTl1ZEMxbVlXMXBiSGs2SUVOaGJHbGljbWtzSUNaeGRXOTBPM05oYm5NdGMyVnlhV1ltY1hWdmREczdJajRtYm1KemNEc2dKbTVpYzNBN1BDOXpjR0Z1UGp4emNHRnVJSE4wZVd4bFBTSm1iMjUwTFdaaGJXbHNlVG9nUTJGc2FXSnlhU3dnSm5GMWIzUTdjMkZ1Y3kxelpYSnBaaVp4ZFc5ME96c2lQaXNLVk9HN2xXNW5JSFBodTVFZ2RNT3RiaUJqYU9HN2lTQlRWaURFa2NTRGJtY2dhOE85SUNoanc3SnVJR3podXFGcElITmhkU0JyYUdrZ2NzTzZkQ0J0dzdSdUlHamh1NDFqS1NCMGNtOXVaeUJvNGJ1Tll5QnI0YnV6TGp4aWNpQXZQand2YzNCaGJqNDhjM0JoYmlCemRIbHNaVDBpWm05dWRDMW1ZVzFwYkhrNklFTmhiR2xpY21rc0lDWnhkVzkwTzNOaGJuTXRjMlZ5YVdZbWNYVnZkRHM3SWo0bWJtSnpjRHNnSm01aWMzQTdJQ1p1WW5Od096d3ZjM0JoYmo0OGMzQmhiaUJ6ZEhsc1pUMGlabTl1ZEMxbVlXMXBiSGs2SUVOaGJHbGljbWtzSUNaeGRXOTBPM05oYm5NdGMyVnlhV1ltY1hWdmREczdJajRySUV6RHZTQmtieUI0YVc0Z2NzTzZkQ0J0dzdSdUlHamh1NDFqSUNodXc2cDFJSExEdFNCc3c3MGdaRzhwUEdKeUlDOCtQQzl6Y0dGdVBqeHpjR0Z1SUhOMGVXeGxQU0ptYjI1MExXWmhiV2xzZVRvZ1EyRnNhV0p5YVN3Z0puRjFiM1E3YzJGdWN5MXpaWEpwWmlaeGRXOTBPenNpUGladVluTndPeUFtYm1KemNEc2dKbTVpYzNBN0lDWnVZbk53T3ladVluTndPend2YzNCaGJqNDhjM0JoYmlCemRIbHNaVDBpWm05dWRDMW1ZVzFwYkhrNklFTmhiR2xpY21rc0lDWnhkVzkwTzNOaGJuTXRjMlZ5YVdZbWNYVnZkRHM3SWo0b1R1RzZ2M1VnZHNPc0lHemh1NWRwSUdObzRidW5JSEYxWVc0Z1krRzdwMkVnVTFZZ2RHakRyQ0JUVmlCd2FPRzZvMmtLY3NPNmRDQnJhVzVvSUc1bmFHbmh1NGR0SUdQaHU2VWdkR2podTRNZ3hKSGh1NE1nYTJqRHRHNW5JSEJvNGJxaGJTQnM0YnVYYVNEaHU1OGdZOE9oWXlERWtlRzdvM1FneEpCTElITmhkU2s4WW5JZ0x6NDhMM053WVc0K1BITndZVzRnYzNSNWJHVTlJbVp2Ym5RdFptRnRhV3g1T2lCRFlXeHBZbkpwTENBbWNYVnZkRHR6WVc1ekxYTmxjbWxtSm5GMWIzUTdPeUkrSm01aWMzQTdJQ1p1WW5Od095QW1ibUp6Y0RzOEwzTndZVzQrUEhOd1lXNGdjM1I1YkdVOUltWnZiblF0Wm1GdGFXeDVPaUJEWVd4cFluSnBMQ0FtY1hWdmREdHpZVzV6TFhObGNtbG1KbkYxYjNRN095SStLeUREblNCcmFlRzZ2MjRnS0dQaHU2VWdkR2podTRNcElHUGh1NmRoSUdQaHU1RWdkdUc2cFc0Z2FPRzdqV01nZE9HNnJYQXVQQzl6Y0dGdVBqeHpjR0Z1SUhOMGVXeGxQU0pqYjJ4dmNqb2dJMlptTURBd01Ec2lQanh6Y0dGdUlITjBlV3hsUFNKbWIyNTBMV1poYldsc2VUb2dWR0ZvYjIxaE95SStQR0p5SUM4K1BDOXpjR0Z1UGp3dmMzQmhiajQ4TDNOd1lXNCtQSE53WVc0Z2MzUjViR1U5SW1admJuUXRjMmw2WlRvZ01UWndlRHNnWm05dWRDMW1ZVzFwYkhrNklGUmhhRzl0WVRzZ1kyOXNiM0k2SUNObVpqQXdNREE3SWo0bWJtSnpjRHNnS0RJcElGTldJSFJvWlc4Z1pNTzFhU0JFWVc1b0lIUERvV05vSUhOcGJtZ2dkbW5EcW00Z2VHbHVJSExEdW5RZ2JjTzBiaUJvNGJ1Tll5REVrY09qSU1TUnhyRGh1Nk5qSUdkb2FTQnVhT0c2clc0Z2RPRzZvV2tnZDJWaUlGQm93N0p1WnlERWtNT2dieUIwNGJxaGJ5REVrZUc3Z3lCcmFlRzdnMjBnZEhKaElIUm93N1J1WnlCMGFXNHVQR0p5SUM4K1BDOXpjR0Z1UGp4emNHRnVJSE4wZVd4bFBTSmpiMnh2Y2pvZ0kyWm1NREF3TURzaVBqeHpjR0Z1SUhOMGVXeGxQU0ptYjI1MExXWmhiV2xzZVRvZ1ZHRm9iMjFoT3lJK1BITndZVzRnYzNSNWJHVTlJbVp2Ym5RdGMybDZaVG9nTVRad2VEc2lQaVp1WW5Od095QW9NeWtnVTFZZ2Jtamh1cTF1SUZSb3c3UnVaeUJpdzZGdklITER1blFnYmNPMGJpQm80YnVOWXlERWtlRzdneUIwY3NPc2JtZ2dZMmh2SUVkcDRicWpibWNnZG1uRHFtNGdjMkYxSUc1bnc2QjVJREUxTHpBMEx6SXdNaklnZE9HNm9Xa21ibUp6Y0RzOEwzTndZVzQrUEM5emNHRnVQand2YzNCaGJqNDhjM0JoYmlCemRIbHNaVDBpWm05dWRDMXphWHBsT2lBeE5uQjRPeUJtYjI1MExXWmhiV2xzZVRvZ1ZHRm9iMjFoT3lCamIyeHZjam9nSTJabU1EQXdNRHNpUGxBdUlNU1F3NkJ2SUhUaHVxRnZJQ2hETGtNd01EY3BKbTVpYzNBN1BDOXpjR0Z1UGp3dmNENDhjQ0J6ZEhsc1pUMGlabTl1ZEMxbVlXMXBiSGs2SUZSaGFHOXRZVHNpUGp4emNHRnVJSE4wZVd4bFBTSm1iMjUwTFhOcGVtVTZJREUyY0hnN0lqNDhjM0JoYmlCemRIbHNaVDBpWTI5c2IzSTZJQ013TURnd01EQTdJajR0TFMwdExTMHRMUzB0TFMwdExTMHRMUzB0TFMwdExUd3ZjM0JoYmo0OGMzQmhiaUJ6ZEhsc1pUMGlabTl1ZEMxemFYcGxPaUF4TUM0Mk5qWTNjSGc3SUdOdmJHOXlPaUFqTURBd01EQmhPeUkrSm01aWMzQTdQQzl6Y0dGdVBqeHpjR0Z1SUhOMGVXeGxQU0pqYjJ4dmNqb2dJMlptTURBd01Ec2lQanh6ZEhKdmJtY2djM1I1YkdVOUltTnZiRzl5T2lBak1EQXdNREJoT3lJK1E4T0JReUJVU01PVVRrY2dWRWxPSUV0SXc0RkRQQzl6ZEhKdmJtYytQSE4wY205dVp6NDhZbklnTHo0OEwzTjBjbTl1Wno0OEwzTndZVzQrUEM5emNHRnVQanh6Y0dGdUlITjBlV3hsUFNKbWIyNTBMWE5wZW1VNklERTJjSGc3SWo0cklGTER1blFnYmNPMGJpQm80YnVOWXlCSVN5QkpMQ0F5TURJeElDMGdNakF5TWp4aWNpQXZQand2YzNCaGJqNDhjM0JoYmlCemRIbHNaVDBpWm05dWRDMXphWHBsT2lBeE5uQjRPeUkrUEhOMGNtOXVaejRySUV2aHU3TWdkR2hwSUd2aHVyOTBJSFJvdzdwaklHamh1NDFqSUhCbzRicW5iaUJJNGJ1Tll5QnJ3NndnU1N3Z2JzU0RiU0JvNGJ1Tll5QXlNREl4TFRJd01qSThMM04wY205dVp6NDhMM053WVc0K1BHSnlJSE4wZVd4bFBTSm1iMjUwTFhOcGVtVTZJREUyY0hnN0lpQXZQanh6Y0dGdUlITjBlV3hsUFNKbWIyNTBMWE5wZW1VNklERTJjSGc3SWo0bWJtSnpjRHNnSm01aWMzQTdLREV3THpFeUx6SXdNakVwSUZSb3c3UnVaeUJpdzZGdklIVGh1NVVnWTJqaHU2bGpJSFJvYVNCcjRicS9kQ0IwYU1PNll5Qm80YnVOWXlCd2FPRzZwMjRnS0R3dmMzQmhiajQ4WVNCb2NtVm1QU0pvZEhSd09pOHZkR2h2Ym1kMGFXNWtZVzkwWVc4dWMyZDFMbVZrZFM1MmJpOVZjR3h2WVdRdlptbHNaUzh5TlRZNFgxUkNKVEl3ZGlWRk1TVkNRaVU0TVNVeU1IWnBKVVV4SlVKQ0pUZzNZeVV5TUhRbFJURWxRa0lsT1RVbE1qQmphQ1ZGTVNWQ1FpVkJPV01sTWpCMGFHa2xNakJySlVVeEpVSkJKVUpHZENVeU1IUm9KVU16SlVKQll5VXlNRWhRSlRJd1NDVkZNU1ZDUWlVNFJHTWxNakJySlVNekpVRkRKVEl3U1NVeU1HNGxRelFsT0ROdEpUSXdhQ1ZGTVNWQ1FpVTRSR01sTWpBeU1ESXhMVEl3TWpJdUxuQmtaaUlnYzNSNWJHVTlJbVp2Ym5RdGMybDZaVG9nTVRad2VEc2lQbFJDSURJMU5qZ3ZWRUl0eEpCSVUwY3NJREV3THpFeUx6SXdNakU4TDJFK1BITndZVzRnYzNSNWJHVTlJbVp2Ym5RdGMybDZaVG9nTVRad2VEc2lQaWs4WW5JZ0x6NDhMM053WVc0K1BITndZVzRnYzNSNWJHVTlJbVp2Ym5RdGMybDZaVG9nTVRad2VEc2lQanh6ZEhKdmJtYytLeUJMNGJxL2RDQnhkZUc2b3lCbzRidU5ZeUIwNGJxdGNDQm80YnVOWXlCcnc2d2dTT0c3aldNZ2E4T3NJRWtzSUc3RWcyMGdhT0c3aldNZ01qQXlNUzB5TURJeVBDOXpkSEp2Ym1jK1BHSnlJQzgrSm01aWMzQTdJQ1p1WW5Od096eHpkSEp2Ym1jK0tpREVrR25odTROdElIRjF3NkVnZEhMRHJHNW9QQzl6ZEhKdmJtYytJQ2pFa0ZGVUtTWnVZbk53TzhTUnhyRGh1Nk5qSUhSb3c3UnVaeUIwYVc0Z2RPRzdxeUF4Tm1jc0lERXhMekF4THpJd01qSW1ibUp6Y0RzZ0ptNWljM0E3Sm01aWMzQTdQR0p5SUM4K1BITjBjbTl1Wno0bWJtSnpjRHNnSm01aWMzQTdKbTVpYzNBN1BDOXpkSEp2Ym1jK1F1RzdsU0J6ZFc1bklNU1FVVlFnYmNPMGJpQkhSQ0IwYU9HN2d5QmphT0c2cFhRZ2RzT2dJR1BodXExd0lHNW80YnF0ZENCanc2RmpJTVNSYWVHN2dYVWdZMmpodTRsdWFDQjI0YnVCSU1TUVVWUWdLSFJvWlc4Z2RPRzduU0IwY3NPc2JtZ2dkT0c3cXlCSFZpa2dkT0c3cXlBeU9TOHdNUzh5TURJeUxqeGljaUF2UGp3dmMzQmhiajQ4YzNCaGJpQnpkSGxzWlQwaVptOXVkQzF6YVhwbE9pQXhObkI0T3lJK0ptNWljM0E3SUNadVluTndPenh6ZEhKdmJtYytLaURFa0duaHU0TnRJSFJvYVNCcjRicS9kQ0IwYU1PNll5Qm80YnVOWXlCd2FPRzZwMjRnUEM5emRISnZibWMreEpIR3NPRzdvMk1nZEdqRHRHNW5JSFJwYmlCMDRidXJJRGhuTENBeU9TOHdNUzh5TURJeVBHSnlJQzgrSm01aWMzQTdJQ1p1WW5Od095WnVZbk53TzhTUXhyRGh1Nk5qSUdQaHVxMXdJRzVvNGJxdGRDQm9iOE9nYmlCamFPRzdpVzVvSUhUaHU2c2dNVGRuTENBd055OHdNaTh5TURJeUxpWnVZbk53T3p3dmMzQmhiajQ4YzNCaGJpQnpkSGxzWlQwaVptOXVkQzF6YVhwbE9pQXhObkI0T3lJK0ptNWljM0E3SUNadVluTndPeUFtYm1KemNEczhZbklnTHo0OEwzTndZVzQrUEhOMGNtOXVaeUJ6ZEhsc1pUMGlabTl1ZEMxemFYcGxPaUF4Tm5CNE95SStKbTVpYzNBN0lDWnVZbk53T3lBOEwzTjBjbTl1Wno0OGMzQmhiaUJ6ZEhsc1pUMGlabTl1ZEMxemFYcGxPaUF4Tm5CNE95SStRdUc3bFNCemRXNW5MeUJqNGJxdGNDQnVhT0c2clhRZ2ErRzZ2M1FnY1hYaHVxTWdhT0c3aldNZ2RPRzZyWEFnYU9HN2pXTWdhK0c3c3lCMDRidXJQQzl6Y0dGdVBqeHpjR0Z1SUhOMGVXeGxQU0ptYjI1MExYTnBlbVU2SURFMmNIZzdJajRtYm1KemNEczhMM053WVc0K1BITndZVzRnYzNSNWJHVTlJbVp2Ym5RdGMybDZaVG9nTVRad2VEc2lQakUyWnl3Z01URXZNREl2TWpBeU1qeGljaUF2UGp3dmMzQmhiajQ4YzNCaGJpQnpkSGxzWlQwaVptOXVkQzF6YVhwbE9pQXhObkI0T3lJK1BITjBjbTl1Wno1UWFNTzZZeUJyYU9HNm8yOGd4SkZwNGJ1RGJTQjBhR2tnYStHNnYzUWdkR2pEdW1NZ2FPRzdqV01nY0dqaHVxZHVQR0p5SUM4K1BDOXpkSEp2Ym1jK1BDOXpjR0Z1UGp4emNHRnVJSE4wZVd4bFBTSm1iMjUwTFhOcGVtVTZJREUyY0hnN0lqNG1ibUp6Y0RzZ0ptNWljM0E3TFNCVWFPRzduV2tnWjJsaGJpQnVhT0c2clc0Z3hKSEdvVzRnZUdsdUlIQm93N3BqSUd0bzRicWpieUIydzZBZ1kyaDFlZUc3ZzI0Z2EyaHY0YnFqYmlCczRidUhJSEJvdzYwNklIVGh1NnNnTURndk1ESXZNakF5TWlERWtlRzZ2MjRnTVRVdk1ESXZNakF5TWk0OFluSWdMejQ4TDNOd1lXNCtQSE53WVc0Z2MzUjViR1U5SW1admJuUXRjMmw2WlRvZ01UWndlRHNnWm05dWRDMW1ZVzFwYkhrNklGUmhhRzl0WVRzaVBpWnVZbk53T3lBbWJtSnpjRHN0Sm01aWMzQTdLRHd2YzNCaGJqNDhjM0JoYmlCemRIbHNaVDBpWm05dWRDMXphWHBsT2lBeE5uQjRPeUJtYjI1MExXWmhiV2xzZVRvZ1ZHRm9iMjFoT3lJK01UQm5MQ0F5T0M4d01pOHlNREl5S1NadVluTndPend2YzNCaGJqNDhjM0JoYmlCemRIbHNaVDBpWm05dWRDMXphWHBsT2lBeE5uQjRPeUJtYjI1MExXWmhiV2xzZVRvZ1ZHRm9iMjFoT3lJK1MrRzZ2M1FnY1hYaHVxTWdjR2pEdW1NZ2Eyamh1cU52SU1TUnc2TWd4SkhHc09HN28yTWdkR2pEdEc1bklIUnBiaURFa2VHNnYyNGdZOE9oWXlCcmFHOWhMeUJ1WjhPZ2JtZ3VKbTVpYzNBN1BHSnlJQzgrUEM5emNHRnVQanh6Y0dGdUlITjBlV3hsUFNKbWIyNTBMWE5wZW1VNklERTJjSGc3SUdOdmJHOXlPaUFqTURBd01EQmhPeUkrTFMwdExTMHRMUzB0TFMwdExTMHRMUzB0TFMwdExTMHRMUzB0TFR3dmMzQmhiajQ4TDNBK1BIQWdjM1I1YkdVOUltWnZiblF0Wm1GdGFXeDVPaUJVWVdodmJXRTdJR1p2Ym5RdGMybDZaVG9nTVRBdU5qWTJOM0I0T3lJK1BITndZVzQrUEhOd1lXNGdjM1I1YkdVOUltWnZiblF0YzJsNlpUb2dNVFp3ZURzZ1kyOXNiM0k2SUNObVpqQXdNREE3SWo0OGMzUnliMjVuUGxUaHU1Uk9SeUJMNGJxK1ZDQkk0YnVNUXlCTHc0d2dTU3dnVHNTQ1RTQkk0YnVNUXlBeU1ESXhJQzBnTWpBeU1qd3ZjM1J5YjI1blBqd3ZjM0JoYmo0OFluSWdMejQ4TDNOd1lXNCtQSE53WVc0Z2MzUjViR1U5SW1admJuUXRjMmw2WlRvZ01UWndlRHNpUGp4emRISnZibWMrS3lCQzRicWpibWNneEpGcDRidURiU0IwNGJ1VmJtY2dhT0c3bzNBZ2FPRzdqV01nYThPc1BHSnlJQzgrUEM5emRISnZibWMrUEM5emNHRnVQanh6Y0dGdUlITjBlV3hsUFNKbWIyNTBMWE5wZW1VNklERTJjSGc3SWo0bWJtSnpjRHNnSm01aWMzQTdJREUzWnl3Z01UWXZNREl2TWpBeU1pd2dVR2pEb1hRZ2FNT2dibWdnUXVHNm8yNW5JTVNSYWVHN2cyMGdkT0c3bFc1bklHamh1Nk53SUd6aHU1dHdJR2podTQxaklHdmh1N01neEpIaHVyOXVJR1BEb1dNZ1MyaHZZUzhnYm1mRG9HNW9QR0p5SUM4K1BDOXpjR0Z1UGp4emNHRnVJSE4wZVd4bFBTSm1iMjUwTFhOcGVtVTZJREUyY0hnN0lHTnZiRzl5T2lBak1EQXdNR1ptT3lJK0t5WnVZbk53T3p4emRISnZibWMrV01PcGRDQmo0YnFsY0NCamFPRzdxVzVuSUdObzRidUpJRWRwdzZGdklHVGh1NlZqSUZGMTRidVJZeUJ3YU1PeWJtY2dkc09nSUVGdUlHNXBibWc3SU1TUjRicWhkQ0J0dzdSdUlHamh1NDFqSUVkcHc2RnZJR1RodTZWaklIUm80YnVESUdObzRicWxkRHd2YzNSeWIyNW5QanhpY2lBdlBpWnVZbk53T3lBbWJtSnpjRHNnSm01aWMzQTdSRk1neEpIR3NPRzdvMk1nZEdqRHRHNW5JSFJwYmlCMDRicWhhU0IzWldJZ1VHakRzbTVuSU1TUXc2QnZJSFRodXFGdklITmhkU0J1WjhPZ2VTQXdNUzh3TXk4eU1ESXlQR0p5SUM4K1BDOXpjR0Z1UGp4emNHRnVJSE4wZVd4bFBTSmpiMnh2Y2pvZ0l6QXdNREJtWmpzaVBqeHpjR0Z1SUhOMGVXeGxQU0ptYjI1MExYTnBlbVU2SURFMmNIZzdJajRtYm1KemNEc21ibUp6Y0Rzb01URXZNRE12TWpBeU1pa21ibUp6Y0R0RVV5QmphTU90Ym1nZ2RHamh1NmxqSU1TUnhyRGh1Nk5qSUhSb3c3UnVaeUIwYVc0Z2RPRzZvV2tnZDJWaUlGQm93N0p1WnlERWtNT2dieUIwNGJxaGJ5NDhZbklnTHo0bWJtSnpjRHNnSm01aWMzQTdJTVNRNGJxM1l5QmlhZUc3aDNRc0ptNWljM0E3UEhOMGNtOXVaejVUVmlCTGFNT3pZU0F4T0NadVluTndPend2YzNSeWIyNW5QaWpFa2NhdzRidWpZeUI0dzZsMElITmhkU0JJU3lCSkxDQXlNREl4SUMwZ01qQXlNaXdnZE9HN3FXTWdTRXNnZEdqaHU2a2dOeUJqNGJ1bllTQnJhTU96WVNERWtjT2dieUIwNGJxaGJ5a2diTWF3ZFNERHZTQnJhZUc3ZzIwZ2RISmhJR3ZodXI5MElIRjE0YnFqSUhqRHFYUWdkc09zSU1TUnc2SjVJR3pEb0NERWtXbmh1NEYxSUd0cDRidUhiaURFa2VHN2d5QlRWaURFa2NhdzRidWpZeUI0dzZsMElIVGh1NUYwSUc1bmFHbmh1NGR3SUhSb1pXOGdkR25odXI5dUlNU1I0YnVaSUhOaGRTQklTeUJKU1N3Z01qQXlNU0F0SURJd01qSXVJRk5XSUhCbzRicWpiaUJvNGJ1VGFTQjBhT0c2cjJNZ2JlRzZyMk1nS0c3aHVyOTFJR1BEc3lrZ3hKSGh1cjl1SUZCb3c3SnVaeURFa01PZ2J5QjA0YnFoYnl3bWJtSnpjRHM4TDNOd1lXNCtQSE53WVc0Z2MzUjViR1U5SW1admJuUXRjMmw2WlRvZ01UWndlRHNpUG5SeXhyRGh1NXRqSUc1bnc2QjVJREkzTHpBekx6SXdNaklzSm01aWMzQTdQQzl6Y0dGdVBqeHpjR0Z1SUhOMGVXeGxQU0ptYjI1MExYTnBlbVU2SURFMmNIZzdJajdFa2VHN2d5REVrY2F3NGJ1all5QjR3NmwwSUdMaHU1VWdjM1Z1WnlCMnc2QnZJR04xNGJ1UmFTQklTeUJKU1M0OFluSWdMejQ4TDNOd1lXNCtQQzl6Y0dGdVBqeHpjR0Z1SUhOMGVXeGxQU0ptYjI1MExYTnBlbVU2SURFMmNIZzdJR052Ykc5eU9pQWpNREF3TUdabU95SStLeVp1WW5Od096d3ZjM0JoYmo0OGMzUnliMjVuSUhOMGVXeGxQU0pqYjJ4dmNqb2dJekF3TURCbVpqc2dabTl1ZEMxemFYcGxPaUF4Tm5CNE95SStXTU9wZENCajRicWpibWdnWXNPaGJ5QnI0YnEvZENCeGRlRzZveUJvNGJ1Tll5QjA0YnF0Y0N3Z1luWGh1NWxqSUhSb3c3UnBJR2podTQxaklNU1I0YnVqZENBeElHN0VnMjBnTWpBeU1pWnVZbk53T3p3dmMzUnliMjVuUGp4emNHRnVJSE4wZVd4bFBTSm1iMjUwTFhOcGVtVTZJREUyY0hnN0lHTnZiRzl5T2lBak1EQXdNR1ptT3lJK0tITmhkU0JJU3lCSkxDREVrZUc3bzNRZ2VNT3BkQ0J1WjhPZ2VTQXdNUzh3TXk4eU1ESXlLVHhpY2lBdlBqd3ZjM0JoYmo0OGMzQmhiaUJ6ZEhsc1pUMGlabTl1ZEMxemFYcGxPaUF4TW5CNE95QmpiMnh2Y2pvZ0l6QXdNREJtWmpzaVBqeHpjR0Z1SUhOMGVXeGxQU0ptYjI1MExYTnBlbVU2SURFMmNIZzdJajRtYm1KemNEc2dKbTVpYzNBN1BDOXpjR0Z1UGp4emNHRnVJSE4wZVd4bFBTSm1iMjUwTFhOcGVtVTZJREUyY0hnN0lqNG9NalF2TURJdk1qQXlNaWs4YzNSeWIyNW5QaVp1WW5Od096d3ZjM1J5YjI1blBqd3ZjM0JoYmo0OGMzQmhiaUJ6ZEhsc1pUMGlabTl1ZEMxemFYcGxPaUF4Tm5CNE95SStTK0c2djNRZ2NYWGh1cU1nZU1PcGRDQW9aT0c3c1NCcmFlRzZ2MjRwSU1TUnhyRGh1Nk5qSUhSb3c3UnVaeUIwYVc0Z3hKSGh1cjl1SUdQRG9XTWdhMmh2WVM4Z2JtZkRvRzVvTGlCVFZpQnNhY09xYmlCbzRidUhJSGJodTV0cElHUGh1NUVnZHVHNnBXNGdhT0c3aldNZ2RPRzZyWEFneEpIaHU0TWdZbW5odXI5MElIUm93N1J1WnlCMGFXNHVKbTVpYzNBN1BDOXpjR0Z1UGp3dmMzQmhiajQ4YzNCaGJpQnpkSGxzWlQwaVptOXVkQzF6YVhwbE9pQXhObkI0T3lJK1BITndZVzRnYzNSNWJHVTlJbU52Ykc5eU9pQWpNREF3TUdabU95SStVMVlnY0dqaHVxTnVJR2podTVOcElDaHU0YnEvZFNCanc3TXBJSFJvdzdSdVp5QnhkV0VnUzJodllTQjBjc2F3NGJ1Yll5QXhNR2NzSURJNEx6QXlMekl3TWpJdVBHSnlJQzgrUEM5emNHRnVQand2YzNCaGJqNDhjM0JoYmlCemRIbHNaVDBpWm05dWRDMXphWHBsT2lBeE5uQjRPeUJqYjJ4dmNqb2dJMlptTURBd01Ec2lQaVp1WW5Od095QW1ibUp6Y0RzOEwzTndZVzQrUEhOMGNtOXVaeUJ6ZEhsc1pUMGlabTl1ZEMxemFYcGxPaUF4Tm5CNE95QmpiMnh2Y2pvZ0kyWm1NREF3TURzaVBpZ3hNQzh3TXk4eU1ESXlLU1p1WW5Od096d3ZjM1J5YjI1blBqeHpjR0Z1SUhOMGVXeGxQU0ptYjI1MExYTnBlbVU2SURFMmNIZzdJR052Ykc5eU9pQWpabVl3TURBd095SStSR0Z1YUNCenc2RmphQ0JEUWt0UlNGUXNJRUpVU0NBb1kyakRyVzVvSUhSbzRidXBZeWtneEpIR3NPRzdvMk1nWitHN3JXa2d4SkhodXI5dUlIVGh1NnR1WnlCTGFHOWhMeUJ1WjhPZ2JtZzhMM053WVc0K1BITndZVzRnYzNSNWJHVTlJbVp2Ym5RdGMybDZaVG9nTVRad2VEc2dZMjlzYjNJNklDTm1aakF3TURBN0lqNHVQR0p5SUM4K1BDOXpjR0Z1UGp4emNHRnVJSE4wZVd4bFBTSm1iMjUwTFhOcGVtVTZJREUyY0hnN0lHTnZiRzl5T2lBak1EQXdNR1ptT3lJK0t5WnVZbk53T3p3dmMzQmhiajQ4YzNSeWIyNW5JSE4wZVd4bFBTSm1iMjUwTFhOcGVtVTZJREUyY0hnN0lHTnZiRzl5T2lBak1EQXdNR1ptT3lJK1dNT3BkQ0JpZGVHN21XTWdkR2pEdEdrZ2FPRzdqV01nWkc4Z2RzYXc0YnVqZENCeGRjT2hJSFJvNGJ1ZGFTQm5hV0Z1SU1TUnc2QnZJSFRodXFGdkxDREVrZUc3bzNRZ01TQnV4SU50SURJd01qSW1ibUp6Y0RzOEwzTjBjbTl1Wno0OGMzQmhiaUJ6ZEhsc1pUMGlabTl1ZEMxemFYcGxPaUF4Tm5CNE95QmpiMnh2Y2pvZ0l6QXdNREJtWmpzaVBpaHpZWFVnU0VzZ1NTd2d4SkhodTZOMElIakRxWFFnYm1mRG9Ia2dNREV2TURNdk1qQXlNaWs4WW5JZ0x6NDhMM053WVc0K1BITndZVzRnYzNSNWJHVTlJbVp2Ym5RdGMybDZaVG9nTVRKd2VEc2dZMjlzYjNJNklDTXdNREF3Wm1ZN0lqNDhjM0JoYmlCemRIbHNaVDBpWm05dWRDMXphWHBsT2lBeE5uQjRPeUkrSm01aWMzQTdJQ1p1WW5Od096d3ZjM0JoYmo0OGMzQmhiaUJ6ZEhsc1pUMGlabTl1ZEMxemFYcGxPaUF4Tm5CNE95SStLREkwTHpBeUx6SXdNaklwUEhOMGNtOXVaejRtYm1KemNEczhMM04wY205dVp6NDhMM053WVc0K1BITndZVzRnYzNSNWJHVTlJbVp2Ym5RdGMybDZaVG9nTVRad2VEc2lQa3ZodXI5MElIRjE0YnFqSUhqRHFYUWdLR1RodTdFZ2Eybmh1cjl1S1NERWtjYXc0YnVqWXlCMGFNTzBibWNnZEdsdUlNU1I0YnEvYmlCanc2RmpJR3RvYjJFdklHNW53NkJ1YUM0Z1UxWWdiR25EcW00Z2FPRzdoeUIyNGJ1YmFTQmo0YnVSSUhiaHVxVnVJR2podTQxaklIVGh1cTF3SU1TUjRidURJR0pwNGJxL2RDQjBhTU8wYm1jZ2RHbHVMaVp1WW5Od096d3ZjM0JoYmo0OEwzTndZVzQrUEhOd1lXNGdjM1I1YkdVOUltWnZiblF0YzJsNlpUb2dNVFp3ZURzZ1kyOXNiM0k2SUNNd01EQXdabVk3SWo1VFZpQndhT0c2bzI0Z2FPRzdrMmtnS0c3aHVyOTFJR1BEc3lrZ2RHakR0RzVuSUhGMVlTQkxhRzloSUhSeXhyRGh1NXRqSURFNFp5d2dNRE12TURNdk1qQXlNaTQ4WW5JZ0x6NDhMM053WVc0K1BITndZVzRnYzNSNWJHVTlJbVp2Ym5RdGMybDZaVG9nTVRad2VEc2dZMjlzYjNJNklDTm1aakF3TURBN0lqNG1ibUp6Y0RzZ0ptNWljM0E3UEM5emNHRnVQanh6ZEhKdmJtY2djM1I1YkdVOUltWnZiblF0YzJsNlpUb2dNVFp3ZURzZ1kyOXNiM0k2SUNObVpqQXdNREE3SWo0b01UQXZNRE12TWpBeU1pa21ibUp6Y0RzOEwzTjBjbTl1Wno0OGMzQmhiaUJ6ZEhsc1pUMGlabTl1ZEMxemFYcGxPaUF4Tm5CNE95QmpiMnh2Y2pvZ0kyWm1NREF3TURzaVBrUmhibWdnYzhPaFkyZ2dRbFJJSUdSdklIYkdzT0c3bzNRZ2NYWERvU0IwYU9HN25Xa2daMmxoYmlERWtjT2dieUIwNGJxaGJ5QW9ZMmpEclc1b0lIUm80YnVwWXlrZ3hKSEdzT0c3bzJNZ1orRzdyV2tneEpIaHVyOXVJSFRodTZ0dVp5QkxhRzloTHlCdVo4T2dibWc4TDNOd1lXNCtQSE53WVc0Z2MzUjViR1U5SW1admJuUXRjMmw2WlRvZ01UWndlRHNnWTI5c2IzSTZJQ05tWmpBd01EQTdJajR1UEM5emNHRnVQand2Y0Q0OGNDQnpkSGxzWlQwaVkyOXNiM0k2SUNNd01EQXdNR0U3SUdadmJuUXRabUZ0YVd4NU9pQlVZV2h2YldFN0lHWnZiblF0YzJsNlpUb2dNVEF1TmpZMk4zQjRPeUkrUEhOd1lXNGdjM1I1YkdVOUltWnZiblF0YzJsNlpUb2dNVFp3ZURzaVBqeHpkSEp2Ym1jZ2MzUjViR1U5SW1OdmJHOXlPaUFqWm1Zd01EQXdPeUkrTFMwdExTMHRMUzB0TFMwdExTMHRMUzB0TFMwdExUeGljaUF2UGxqRGlWUWdROE9VVGtjZ1Rramh1cXhPSUZUaHU1QlVJRTVIU0VuaHU0WlFJRTdFZ2swZ01qQXlNand2YzNSeWIyNW5Qand2YzNCaGJqNDhMM0ErUEhBZ2MzUjViR1U5SW1admJuUXRabUZ0YVd4NU9pQlVZV2h2YldFN0lHWnZiblF0YzJsNlpUb2dNVEF1TmpZMk4zQjRPeUkrUEhOd1lXNGdjM1I1YkdVOUltWnZiblF0YzJsNlpUb2dNVFp3ZURzZ1kyOXNiM0k2SUNNd01EQXdNR0U3SWo0OGMzQmhiaUJ6ZEhsc1pUMGlZMjlzYjNJNklDTXdNREF3Wm1ZN0lqNUR3NkZqSUhGMWVTREVrZUc3aTI1b0lNT2hjQ0JrNGJ1bGJtY2dkT0c3cXlCdXhJTnRJREl3TWpFZ2RITGh1NThneEpGcFBHSnlJQzgrUEhOMGNtOXVaejRySm01aWMzQTdVWFY1SU1TUjRidUxibWdnZHVHN2dTQjR3NmwwSUdQRHRHNW5JRzVvNGJxdGJpQjA0YnVSZENCdVoyaHA0YnVIY0NCb3c2eHVhQ0IwYU9HN3FXTWd4SkhEb0c4Z2RPRzZvVzhnWTJqRHJXNW9JSEYxZVR3dmMzUnliMjVuUGp3dmMzQmhiajQ4WW5JZ0x6NDhjM0JoYmlCemRIbHNaVDBpWTI5c2IzSTZJQ013TURBd1ptWTdJajRvZUdWdElIVGh1cUZwSUhkbFlpQlFhTU95Ym1jZ3hKRERvRzhnZE9HNm9XOHNJRzNodTZWaklGUnlZU0JqNGJ1cGRTQjJ4SU51SUdMaHVxTnVLU1p1WW5Od096d3ZjM0JoYmo0OFluSWdMejQ4YzNCaGJpQnpkSGxzWlQwaVkyOXNiM0k2SUNNd01EQXdabVk3SWo0bWJtSnpjRHNnSm01aWMzQTdJQzBnU09HN2h5QmphTU90Ym1nZ2NYVjVJQ1p1WW5Od096d3ZjM0JoYmo0OFluSWdMejQ4WlcwZ2MzUjViR1U5SW1OdmJHOXlPaUFqTURBd01HWm1PeUkrSm01aWMzQTdJQ1p1WW5Od095QW9VWFY1SU1TUjRidUxibWdnTWpnd01DOVJlY1NRTGNTUVNGTkhMY1NRVkNCMkwzWWdlTU9wZENCanc3UnVaeUJ1YU9HNnJXNGdkT0c3a1hRZ2JtZG9hZUc3aDNBZ3hKSGh1NUZwSUhiaHU1dHBJSFJ5dzZ4dWFDREVrZUc3bVNERWtFZ3NJRVBFa0NCMGFHVnZJR2podTRjZ2RHamh1NUZ1WnlCMHc2MXVJR05vNGJ1SktUeGljaUF2UGp3dlpXMCtQSE53WVc0Z2MzUjViR1U5SW1OdmJHOXlPaUFqTURBd01HWm1PeUkrSm01aWMzQTdJQ1p1WW5Od095QXRJRWpodTRjZ2JHbkRxbTRnZEdqRHRHNW5JSGJEb0NCaTRicXhibWNneEpIaHVxRnBJR2podTQxaklIUm80YnVwSUdoaGFTWnVZbk53T3p3dmMzQmhiajQ4WW5JZ0x6NDhaVzBnYzNSNWJHVTlJbU52Ykc5eU9pQWpNREF3TUdabU95SStKbTVpYzNBN0lDWnVZbk53T3lBb1ZHakR0RzVuSUdMRG9XOGdNalUwTlM5VVFpM0VrRWhUUnlCMjRidUJJSFpwNGJ1SFl5QjR3NmwwSUdQRHRHNW5JRzVvNGJxdGJpQjA0YnVSZENCdVoyaHA0YnVIY0NCdXhJTnRJREl3TVRrZ2FPRzdoeURFa2VHNm9Xa2dhT0c3aldNZ1l1RzZzVzVuSUhSbzRidXBJR2hoYVNCMnc2QWdhT0c3aHlCc2FjT3FiaUIwYU1PMGJtY3NJR2pEckc1b0lIUm80YnVwWXlCamFNT3RibWdnY1hWNUtUd3ZaVzArUEdKeUlDOCtQSE4wY205dVp5QnpkSGxzWlQwaVkyOXNiM0k2SUNNd01EQXdabVk3SWo0cklGRjFlU0RFa2VHN2kyNW9JSGJodTRFZ2VNT3BkQ0JqdzdSdVp5QnVhT0c2clc0Z2RPRzdrWFFnYm1kb2FlRzdoM0FnYU1Pc2JtZ2dkR2podTZsaklNU1J3NkJ2SUhUaHVxRnZJSGJodTZ0aElHekRvRzBnZHVHN3EyRWdhT0c3aldNbWJtSnpjRHM4TDNOMGNtOXVaejQ4WW5JZ0x6NDhjM0JoYmlCemRIbHNaVDBpZEdWNGRDMWtaV052Y21GMGFXOXVMV3hwYm1VNklIVnVaR1Z5YkdsdVpUc2dZMjlzYjNJNklDTXdNREF3Wm1ZN0lqNG9ZdUc2cjNRZ3hKSGh1cWQxSU1PaGNDQms0YnVsYm1jZ2RPRzdxeUJ1eElOdElESXdNakFwUEM5emNHRnVQanh6Y0dGdUlITjBlV3hsUFNKamIyeHZjam9nSXpBd01EQm1aanNpUGladVluTndPend2YzNCaGJqNDhZbklnTHo0OGMzQmhiaUJ6ZEhsc1pUMGlZMjlzYjNJNklDTXdNREF3Wm1ZN0lqNG9lR1Z0SUhUaHVxRnBJSGRsWWlCUWFNT3libWNneEpERG9HOGdkT0c2b1c4c0lHM2h1NlZqSUZSeVlTQmo0YnVwZFNCMnhJTnVJR0xodXFOdUtUd3ZjM0JoYmo0OFluSWdMejQ4YzNCaGJpQnpkSGxzWlQwaVkyOXNiM0k2SUNNd01EQXdabVk3SWo0bWJtSnpjRHNnSm01aWMzQTdJQzBtYm1KemNEdEk0YnVISU1TUjRicWhhU0JvNGJ1Tll5QjI0YnVyWVNCc3c2QnRJSGJodTZ0aElHamh1NDFqUEM5emNHRnVQanhpY2lBdlBqeGxiU0J6ZEhsc1pUMGlZMjlzYjNJNklDTXdNREF3Wm1ZN0lqNG1ibUp6Y0RzZ0ptNWljM0E3SUNoUmRYa2d4SkhodTR0dWFDQXlOamsxTDFGNXhKQXR4SkJJVTBjc0lESXhMekV3THpJd01Ua3NJSGJodTRFZ2Rtbmh1NGRqSUhqRHFYUWdZOE8wYm1jZ2Jtamh1cTF1SUhUaHU1RjBJRzVuYUduaHU0ZHdJTVNSNGJ1UmFTQjI0YnViYVNCMGNzT3NibWdneEpIaHU1a2d4SkhodXFGcElHamh1NDFqSUdqRHJHNW9JSFJvNGJ1cFl5QjI0YnVyWVNCc3c2QnRJSGJodTZ0aElHamh1NDFqS1R3dlpXMCtQR0p5SUM4K1BITndZVzRnYzNSNWJHVTlJbU52Ykc5eU9pQWpNREF3TUdabU95SStKbTVpYzNBN0lDWnVZbk53T3lBdElFamh1NGNnYkduRHFtNGdkR2pEdEc1bklIVGh1NnNnZEhMRHJHNW9JTVNSNGJ1WklHTmhieURFa2VHNnMyNW5JR3pEcW00Z3hKSGh1cUZwSUdqaHU0MWpJSGJodTZ0aElHekRvRzBnZHVHN3EyRWdhT0c3aldNOEwzTndZVzQrUEdKeUlDOCtQR1Z0SUhOMGVXeGxQU0pqYjJ4dmNqb2dJekF3TURCbVpqc2lQaVp1WW5Od095QW1ibUp6Y0RzZ0tGUm93N1J1WnlCaXc2RnZJREkyT1RZdlZFSXR4SkJJVTBjc0lESXhMekV3THpJd01Ua3NJSGJodTRFZ2Rtbmh1NGRqSUhqRHFYUWdZOE8wYm1jZ2Jtamh1cTF1SUhUaHU1RjBJRzVuYUduaHU0ZHdJTVNSNGJ1UmFTQjI0YnViYVNCbzRidUhJR3hwdzZwdUlIUm93N1J1WnlCMDRidXJJSFJ5dzZ4dWFDREVrZUc3bVNCallXOGd4SkhodXJOdVp5QnN3NnB1SUhSeXc2eHVhQ0RFa2VHN21TREVrZUc2b1drZ2FPRzdqV01zSUdqRHJHNW9JSFJvNGJ1cFl5QjI0YnVyWVNCc3c2QnRJSGJodTZ0aElHamh1NDFqS1R4aWNpQXZQand2WlcwK1BDOXpjR0Z1UGp4emRISnZibWNnYzNSNWJHVTlJbU52Ykc5eU9pQWpNREF3TURCaE95Qm1iMjUwTFhOcGVtVTZJREUyY0hnN0lqNDhjM0JoYmlCemRIbHNaVDBpWTI5c2IzSTZJQ013TURBd1ptWTdJajRySUVOb2RlRzZxVzRneEpIaHVxZDFJSEpoSUc1bmIrRzZvV2tnYm1maHU2OGdkSEp2Ym1jZ2VNT3BkQ0JqdzdSdVp5QnVhT0c2clc0Z2RPRzdrWFFnYm1kb2FlRzdoM0FnS01PaGNDQms0YnVsYm1jZ2RPRzdxeUJ1eElOdElESXdNakVwUEdKeUlDOCtQQzl6Y0dGdVBqd3ZjM1J5YjI1blBqeHpjR0Z1SUhOMGVXeGxQU0ptYjI1MExYTnBlbVU2SURFMmNIZzdJajQ4YzNCaGJpQnpkSGxzWlQwaVkyOXNiM0k2SUNNd01EQXdabVk3SWo0bWJtSnpjRHNnSm01aWMzQTdJQ2hVYU1PMGJtY2dZc09oYnlBMU16WXZ4SkJJVTBjdHhKQlVMQ0F6TUM4d015OHlNREl3T3lCNFpXMGdkT0c2b1drZ2QyVmlJRkJvdzdKdVp5REVrTU9nYnlCMDRicWhieXdnYmVHN3BXTWdWSEpoSUdQaHU2bDFJSGJFZzI0Z1l1RzZvMjRwUEM5emNHRnVQanhpY2lBdlBqeHpjR0Z1SUhOMGVXeGxQU0pqYjJ4dmNqb2dJekF3TURCbVpqc2lQanh6ZEhKdmJtYytLeUJEdzZGaklNU1I0YnVqZENCNHc2bDBJR1BEdEc1bklHNW80YnF0YmlCMDRidVJkQ0J1WjJocDRidUhjQ0J1eElOdElESXdNakltYm1KemNEczhMM04wY205dVp6NDhZbklnTHo0OEwzTndZVzQrUEM5emNHRnVQanh6Y0dGdUlITjBlV3hsUFNKbWIyNTBMWE5wZW1VNklERTJjSGc3SUdOdmJHOXlPaUFqTURBd01HWm1PeUkrSm01aWMzQTdJQ1p1WW5Od096d3ZjM0JoYmo0OGMzQmhiaUJ6ZEhsc1pUMGlabTl1ZEMxemFYcGxPaUF4Tm5CNE95SStQSE53WVc0Z2MzUjViR1U5SW1OdmJHOXlPaUFqTURBd01HWm1PeUkrUThTRGJpQmo0YnVwSUVKcHc2cHVJR05vNGJxL0lHN0VnMjBnYU9HN2pXTWdNakF5TVMweU1ESXlJQ2hpWVc0Z2FNT2dibWdnYm1mRG9Ia2dNREl2TURndk1qQXlNU2s4WW5JZ0x6NG1ibUp6Y0RzZ0ptNWljM0E3eEpEaHU2TjBJREU2SUc1bnc2QjVJREF4THpBekx6SXdNakk3Sm01aWMzQTd4SkRodTZOMElESTZJREkwTHpBMkx6SXdNakk3Sm01aWMzQTd4SkRodTZOMElETTZJREV5THpBM0x6SXdNakk3Sm01aWMzQTd4SkRodTZOMElEUTZKbTVpYzNBN01EWXZNRGt2TWpBeU1qeGljaUF2UGkwdExTMHRQR0p5SUM4K1BDOXpjR0Z1UGp3dmMzQmhiajQ4YzNCaGJpQnpkSGxzWlQwaVptOXVkQzF6YVhwbE9pQXhObkI0T3lJK1BITjBjbTl1Wno1WXc2bDBJSFRodTVGMElHNW5hR25odTRkd0lNU1I0YnVqZENBeElHN0VnMjBnTWpBeU1qbzhMM04wY205dVp6NDhMM053WVc0K1BITndZVzRnYzNSNWJHVTlJbVp2Ym5RdGMybDZaVG9nTVRad2VEc2lQaVp1WW5Od095Qk9aOE9nZVNCNHc2bDBPaUF3TVM4d015OHlNREl5UEdKeUlDOCtQQzl6Y0dGdVBqeHpjR0Z1SUhOMGVXeGxQU0ptYjI1MExYTnBlbVU2SURFMmNIZzdJajRtYm1KemNEc2dKbTVpYzNBN1Rtamh1cTF1SUdqaHU1TWdjOGFoSUVQRWtGSWdkc09nSU1TUnhxRnVJSGpEcVhRZ1ZFNGdjK0c3bTIwdklIUnk0YnVGSUdqaHVxRnVPaUIwNGJ1cklERTNMekF4SU1TUjRicS9iaUF5TWk4d01pOHlNREl5TGp4aWNpQXZQand2YzNCaGJqNDhjM0JoYmlCemRIbHNaVDBpWm05dWRDMXphWHBsT2lBeE1uQjRPeUkrUEhOd1lXNGdjM1I1YkdVOUltWnZiblF0YzJsNlpUb2dNVFp3ZURzaVBpWnVZbk53T3lBbWJtSnpjRHM4TDNOd1lXNCtQSE53WVc0Z2MzUjViR1U5SW1admJuUXRjMmw2WlRvZ01UWndlRHNpUGlneU5DOHdNaTh5TURJeUtUd3ZjM0JoYmo0OEwzTndZVzQrUEhOd1lXNGdjM1I1YkdVOUltWnZiblF0YzJsNlpUb2dNVFp3ZURzaVBpWnVZbk53TzB2aHVyOTBJSEYxNGJxaklIakRxWFFnZE9HN2tYUWdibWRvYWVHN2gzQWdLR1RodTdFZ2Eybmh1cjl1S1NERWtjYXc0YnVqWXlCbjRidXRhU0RFa2VHNnYyNGdZOE9oWXlCcmFHOWhMeUJ1WjhPZ2JtZ3VJRk5XSUd4cHc2cHVJR2podTRjZ2R1RzdtMmtnYTJodllTOGdibWZEb0c1b0lNU1I0YnVESUdKcDRicS9kQ0JqYUdrZ2RHbmh1cjkwSUNoRVV5QjA0YnVSZENCdVoyaHA0YnVIY0NCMnc2QWdSRk1nWTJqR3NHRWdkT0c3a1hRZ2JtZG9hZUc3aDNBZ2E4T29iU0JzdzYwZ1pHOGdZMmpHc0dFZ2RPRzdrWFFnYm1kb2FlRzdoM0FwTGlCVFZpQndhT0c2bzI0Z2FPRzdrMmtnS0c3aHVyOTFJR1BEc3lrZ2RHakR0RzVuSUhGMVlTQkxhRzloSUhSeXhyRGh1NXRqSURFd1p5d2dNamd2TURJdk1qQXlNaTQ4WW5JZ0x6NDhMM053WVc0K1BITndZVzRnYzNSNWJHVTlJbVp2Ym5RdGMybDZaVG9nTVRad2VEc2lQaVp1WW5Od095QW9NVEV2TURNdk1qQXlNaWs4TDNOd1lXNCtQSE53WVc0Z2MzUjViR1U5SW1admJuUXRjMmw2WlRvZ01UWndlRHNpUGladVluTndPMFJoYm1nZ2M4T2hZMmdneEpIR3NPRzdvMk1nWThPMGJtY2dibWpodXExdUlIVGh1NUYwSUc1bmFHbmh1NGR3SUdOb3c2MXVhQ0IwYU9HN3FXTWd4SkhodTZOMElERWdic1NEYlNBeU1ESXlJTVNSeHJEaHU2TmpJTVNSeElOdVp5QjA0YnFoYVNCM1pXSWdVR2pEc201bklNU1F3NkJ2SUhUaHVxRnZJQ2c4TDNOd1lXNCtQR0VnYUhKbFpqMGlhSFIwY0RvdkwzUm9iMjVuZEdsdVpHRnZkR0Z2TG5ObmRTNWxaSFV1ZG00dlZYQnNiMkZrTDJacGJHVXZTRXN5TVRGZlJGTlRWbDlVYjNST1oyaHBaWEJmUkc5ME1TNXlZWElpSUhOMGVXeGxQU0ptYjI1MExYTnBlbVU2SURFMmNIZzdJajUwNGJxamFTQmtZVzVvSUhQRG9XTm9QQzloUGp4emNHRnVJSE4wZVd4bFBTSm1iMjUwTFhOcGVtVTZJREUyY0hnN0lqNHBMaVp1WW5Od08xTldJR1BEc3lCdWFIVWdZK0c2cDNVZ1krRzZwWEFnUjJuaHVxVjVJR05vNGJ1cGJtY2dibWpodXExdUlIVGh1NUYwSUc1bmFHbmh1NGR3SUhUaHVxRnRJSFJvNGJ1ZGFTd2diR25EcW00Z2FPRzdoeUIyNGJ1YmFTQlFhTU95Ym1jZ3hKRERvRzhnZE9HNm9XOGdLTVNSNGJxL2JpQjBjdUc3c1dNZ2RHbmh1cjl3SUhCb3c3SnVaeUJETGtNd01EZ2dhRy9odXJkaklHZmh1NjFwSUcxaGFXd2djRjlrWVc5MFlXOUFjMmQxTG1Wa2RTNTJiaWt1UEM5emNHRnVQand2Y0Q0OGNDQnpkSGxzWlQwaVkyOXNiM0k2SUNNd01EQXdNR0U3SUdadmJuUXRabUZ0YVd4NU9pQlVZV2h2YldFN0lHWnZiblF0YzJsNlpUb2dNVEF1TmpZMk4zQjRPeUkrUEhOd1lXNGdjM1I1YkdVOUltWnZiblF0YzJsNlpUb2dNVFp3ZURzaVBpMHRMUzB0TFMwdExTMHRMUzB0TFMwdExTMHRJRmhsYlNCamFHa2dkR25odXI5MElDMHRMUzB0TFMwdExTMHRMUzB0TFMwdExTMHRMUzB0TFNabmREczhMM053WVc0K1BDOXdQand2YzNCaGJqNDhaR2wySUhOMGVXeGxQU2QwWlhoMExXRnNhV2R1T25KcFoyaDBKeUErUEdScGRpQmpiR0Z6Y3owblEyaHBWR2xsZENjK1BHbHRaeUJ6Y21NOUowRndjRjlVYUdWdFpYTXZVM1JoYm1SaGNtUXZTVzFoWjJWekwyRnljbTkzWDNJdVoybG1KeUJoYkhROUp5Y3ZQaUE4WVNCamJHRnpjejBuVkdWNGRGUm9iMjVuVkdsdUp5Qm9jbVZtUFNka1pXWmhkV3gwTG1GemNIZy9jR0ZuWlQxamFHbDBhV1YwZEdodmJtZDBhVzRtYVdROU1URW5QbGhsYlNCRGFHa2dWR25odXI5MFBDOWhQand2WkdsMlBqd3ZaR2wyUGg4RUFvQ0FCR1JrQWdJUFpCWUNaZzhQRmdZZkNBc3JCQUVmQWdYZUFqeDBZV0pzWlNCM2FXUjBhRDBuTXpBd2NIZ25JSE4wZVd4bFBTZDBaWGgwTFdGc2FXZHVPbXhsWm5RblBqeDBjajQ4ZEdRZ2NtOTNjM0JoYmowbk1pY2dkMmxrZEdnOUp6RTFjSGduUGp4cGJXY2djM0pqUFNjdUxpOHZRWEJ3WDFSb1pXMWxjeTlUZEdGdVpHRnlaQzlKYldGblpYTXZhVzFoWjJWekxtcHdaeWNOQ2lBZ0lDQWdJQ0FnSUNBZ0lDQWdJQ0FnSUNBZ0lDQWdJQ0FnSUNBZ0lDQWdJQ0FnSUhkcFpIUm9QU2N4TlhCNEp5QmhiSFE5SnljdlBqd3ZkR1ErUEhSa0lHRnNhV2R1UFNkc1pXWjBKeUIzYVdSMGFEMG5Namd3Y0hnblBpQkM0YnFqYmlCMGFXNGdZOFdwUEM5MFpENDhkR1FnWVd4cFoyNDlKMnhsWm5RblBqeHpjR0Z1SUdOc1lYTnpQU2QwWVhSallXSmhiblJwYmljK1BDOTBaRDQ4TDNSeVBqeDBjajQ4ZEdRZ1kyOXNjM0JoYmowbk1pY2dZMnhoYzNNOUoydGxZMmhoYlNjK1BDOTBaRDQ4TDNSeVBqd3ZkR0ZpYkdVK0h3UUNnSUFFWkdRQ0F3OWtGZ0ptRHc4V0JoOElDeXNFQVI4Q0JZa0NQR2x0WnlCemNtTTlKMEZ3Y0Y5VWFHVnRaWE12VTNSaGJtUmhjbVF2U1cxaFoyVnpMMEoxYkd3NUxtZHBaaWNnWVd4MFBTY25MejQ4WVNCamJHRnpjejBuVkdWNGRGUnBkR3hsSnlCb2NtVm1QU2RrWldaaGRXeDBMbUZ6Y0hnL2NHRm5aVDFqYUdsMGFXVjBkR2h2Ym1kMGFXNG1hV1E5TVRBblBqeHpkSEp2Ym1jK1ZHakR0RzVuSUhScGJpREVrY09nYnlCMDRicWhieUJqZGVHN2tXa2dTRXNnY0dqaHU2VXNJREl3TWpBdE1qQXlNVHNneEpIaHVxZDFJRWhMSUVrc0lESXdNakV0TWpBeU1qd3ZjM1J5YjI1blBpNHVMaUE4YzNCaGJpQmpiR0Z6Y3owblRtZGhlVlJwZEd4bEp6NG9NVFF2TURndk1qQXlNU2s4TDNOd1lXNCtQQzloUGg4RUFvQ0FCR1JrQWdRUFpCWUNaZzhQRmdZZkNBc3JCQUVmQWdXTEFqeHBiV2NnYzNKalBTZEJjSEJmVkdobGJXVnpMMU4wWVc1a1lYSmtMMGx0WVdkbGN5OUNkV3hzT1M1bmFXWW5JR0ZzZEQwbkp5OCtQR0VnWTJ4aGMzTTlKMVJsZUhSVWFYUnNaU2NnYUhKbFpqMG5aR1ZtWVhWc2RDNWhjM0I0UDNCaFoyVTlZMmhwZEdsbGRIUm9iMjVuZEdsdUptbGtQVGtuUGp4emRISnZibWMrVkdqRHRHNW5JSFJwYmlERWtjT2dieUIwNGJxaGJ5QmpkZUc3a1drZ1NFc2dTVWtzSU1TUjRicW5kU0JJU3lCd2FPRzdwU3dnYnNTRGJTQm80YnVOWXlBeU1ESXdJQzBnTWpBeU1Ud3ZjM1J5YjI1blBpNHVMaUE4YzNCaGJpQmpiR0Z6Y3owblRtZGhlVlJwZEd4bEp6NG9NakF2TURRdk1qQXlNU2s4TDNOd1lXNCtQQzloUGg4RUFvQ0FCR1JrQWdVUFpCWUNaZzhQRmdZZkNBc3JCQUVmQWdXSUFqeHBiV2NnYzNKalBTZEJjSEJmVkdobGJXVnpMMU4wWVc1a1lYSmtMMGx0WVdkbGN5OUNkV3hzT1M1bmFXWW5JR0ZzZEQwbkp5OCtQR0VnWTJ4aGMzTTlKMVJsZUhSVWFYUnNaU2NnYUhKbFpqMG5aR1ZtWVhWc2RDNWhjM0I0UDNCaFoyVTlZMmhwZEdsbGRIUm9iMjVuZEdsdUptbGtQVGduUGp4emRISnZibWMrVkdqRHRHNW5JSFJwYmlERWtjT2dieUIwNGJxaGJ5QmpkZUc3a1drZ1NFc2dTU3dneEpIaHVxZDFJRWhMSUVsSklDMGdUc1NEYlNCbzRidU5ZeUF5TURJd0lDMGdNakF5TVR3dmMzUnliMjVuUGk0dUxpQThjM0JoYmlCamJHRnpjejBuVG1kaGVWUnBkR3hsSno0b01UY3ZNVEV2TWpBeU1DazhMM053WVc0K1BDOWhQaDhFQW9DQUJHUmtBZ1lQWkJZQ1pnOFBGZ1lmQ0FzckJBRWZBZ1dPQWp4cGJXY2djM0pqUFNkQmNIQmZWR2hsYldWekwxTjBZVzVrWVhKa0wwbHRZV2RsY3k5Q2RXeHNPUzVuYVdZbklHRnNkRDBuSnk4K1BHRWdZMnhoYzNNOUoxUmxlSFJVYVhSc1pTY2dhSEpsWmowblpHVm1ZWFZzZEM1aGMzQjRQM0JoWjJVOVkyaHBkR2xsZEhSb2IyNW5kR2x1Sm1sa1BUWW5Qanh6ZEhKdmJtYytWR2pEdEc1bklIUnBiaURFa2NPZ2J5QjA0YnFoYnlCamRlRzdrV2tnU0VzZ2NHamh1NlVnVGtnZ01qQXhPUzB5TURJd0xDREVrZUc2cDNVZ1NFc2dNU0JPU0NBeU1ESXdJQzBnTWpBeU1Ud3ZjM1J5YjI1blBpNHVMaUE4YzNCaGJpQmpiR0Z6Y3owblRtZGhlVlJwZEd4bEp6NG9NRGd2TURndk1qQXlNQ2s4TDNOd1lXNCtQQzloUGg4RUFvQ0FCR1JrQWdjUFpCWUNaZzhQRmdZZkNBc3JCQUVmQWdXRUFqeHBiV2NnYzNKalBTZEJjSEJmVkdobGJXVnpMMU4wWVc1a1lYSmtMMGx0WVdkbGN5OUNkV3hzT1M1bmFXWW5JR0ZzZEQwbkp5OCtQR0VnWTJ4aGMzTTlKMVJsZUhSVWFYUnNaU2NnYUhKbFpqMG5aR1ZtWVhWc2RDNWhjM0I0UDNCaFoyVTlZMmhwZEdsbGRIUm9iMjVuZEdsdUptbGtQVFVuUGp4emRISnZibWMrVkdqRHRHNW5JSFJwYmlERWtjT2dieUIwNGJxaGJ5QmpkZUc3a1drZ1NFc3lMQ0RFa2VHNnAzVWdTRXN6TENCdXhJTnRJR2podTQxaklESXdNVGtnTFNBeU1ESXdQQzl6ZEhKdmJtYytMaTR1SUR4emNHRnVJR05zWVhOelBTZE9aMkY1VkdsMGJHVW5QaWd3TkM4d05pOHlNREl3S1R3dmMzQmhiajQ4TDJFK0h3UUNnSUFFWkdRQ0NBOWtGZ0ptRHc4V0JoOElDeXNFQVI4Q0JZUUNQR2x0WnlCemNtTTlKMEZ3Y0Y5VWFHVnRaWE12VTNSaGJtUmhjbVF2U1cxaFoyVnpMMEoxYkd3NUxtZHBaaWNnWVd4MFBTY25MejQ4WVNCamJHRnpjejBuVkdWNGRGUnBkR3hsSnlCb2NtVm1QU2RrWldaaGRXeDBMbUZ6Y0hnL2NHRm5aVDFqYUdsMGFXVjBkR2h2Ym1kMGFXNG1hV1E5TkNjK1BITjBjbTl1Wno1VWFNTzBibWNnZEdsdUlNU1J3NkJ2SUhUaHVxRnZJR04xNGJ1UmFTQklTekVzSU1TUjRicW5kU0JJU3pJc0lHN0VnMjBnYU9HN2pXTWdNakF4T1NBdElESXdNakE4TDNOMGNtOXVaejR1TGk0Z1BITndZVzRnWTJ4aGMzTTlKMDVuWVhsVWFYUnNaU2MrS0RJNUx6RXdMekl3TVRrcFBDOXpjR0Z1UGp3dllUNGZCQUtBZ0FSa1pBSUpEMlFXQW1ZUER4WUdId2dMS3dRQkh3SUZtQUk4YVcxbklITnlZejBuUVhCd1gxUm9aVzFsY3k5VGRHRnVaR0Z5WkM5SmJXRm5aWE12UW5Wc2JEa3VaMmxtSnlCaGJIUTlKeWN2UGp4aElHTnNZWE56UFNkVVpYaDBWR2wwYkdVbklHaHlaV1k5SjJSbFptRjFiSFF1WVhOd2VEOXdZV2RsUFdOb2FYUnBaWFIwYUc5dVozUnBiaVpwWkQwekp6NDhjM1J5YjI1blBsUm93N1J1WnlCMGFXNGd4SkhEb0c4Z2RPRzZvVzhnWTNYaHU1RnBJRWhMTXl3Z2JzU0RiU0JvNGJ1Tll5QXlNREU0TFRJd01UazdJTVNSNGJxbmRTQklTekVzSUc3RWcyMGdhT0c3aldNZ01qQXhPUzB5TURJd1BDOXpkSEp2Ym1jK0xpNHVJRHh6Y0dGdUlHTnNZWE56UFNkT1oyRjVWR2wwYkdVblBpZ3lOQzh3Tnk4eU1ERTVLVHd2YzNCaGJqNDhMMkUrSHdRQ2dJQUVaR1FDQ2c5a0ZnSm1EdzhXQmg4SUN5c0VBUjhDQllRQ1BHbHRaeUJ6Y21NOUowRndjRjlVYUdWdFpYTXZVM1JoYm1SaGNtUXZTVzFoWjJWekwwSjFiR3c1TG1kcFppY2dZV3gwUFNjbkx6NDhZU0JqYkdGemN6MG5WR1Y0ZEZScGRHeGxKeUJvY21WbVBTZGtaV1poZFd4MExtRnpjSGcvY0dGblpUMWphR2wwYVdWMGRHaHZibWQwYVc0bWFXUTlNU2MrUEhOMGNtOXVaejVVYU1PMGJtY2dkR2x1SU1TUnc2QnZJSFRodXFGdklHTjE0YnVSYVNCSVN6SXNJTVNSNGJxbmRTQklTek1zSUc3RWcyMGdhT0c3aldNZ01qQXhPQ0F0SURJd01UazhMM04wY205dVp6NHVMaTRnUEhOd1lXNGdZMnhoYzNNOUowNW5ZWGxVYVhSc1pTYytLREl3THpBMEx6SXdNVGtwUEM5emNHRnVQand2WVQ0ZkJBS0FnQVJrWkFJTEQyUVdBbVlQRHhZR0h3Z0xLd1FCSHdJRmhBSThhVzFuSUhOeVl6MG5RWEJ3WDFSb1pXMWxjeTlUZEdGdVpHRnlaQzlKYldGblpYTXZRblZzYkRrdVoybG1KeUJoYkhROUp5Y3ZQanhoSUdOc1lYTnpQU2RVWlhoMFZHbDBiR1VuSUdoeVpXWTlKMlJsWm1GMWJIUXVZWE53ZUQ5d1lXZGxQV05vYVhScFpYUjBhRzl1WjNScGJpWnBaRDB3Sno0OGMzUnliMjVuUGxSb3c3UnVaeUIwYVc0Z3hKSERvRzhnZE9HNm9XOGdZM1hodTVGcElFaExNU3dneEpIaHVxZDFJRWhMTWl3Z2JzU0RiU0JvNGJ1Tll5QXlNREU0SUMwZ01qQXhPVHd2YzNSeWIyNW5QaTR1TGlBOGMzQmhiaUJqYkdGemN6MG5UbWRoZVZScGRHeGxKejRvTWpJdk1URXZNakF4T0NrOEwzTndZVzQrUEM5aFBoOEVBb0NBQkdSa0Fnd1BaQllDWmc4UEZnWWZDQXNyQkFNZkFnVm5QSE53WVc0Z1kyeGhjM005SjNSaGRHTmhZbUZ1ZEdsdUp6NDhZU0JvY21WbVBTZGtaV1poZFd4MExtRnpjSGcvY0dGblpUMWtZVzVvYzJGamFIUm9iMjVuZEdsdUpuUjVjR1U5TVNjK1dHVnRJSFRodXFWMElHUGh1cU04TDJFK1BDOXpjR0Z1UGg4RUFvQ0FCR1JrQWdnUEZnSWZBZ1VPUEM5MFpENDhMM1J5UGp4MGNqNWtBZ29QRmdJZkFnVUVQSFJrUG1RQ0N3OFBGZ0lmQWdVbVZFakRsRTVISUZSSlRpQkk0YnVHSUZiaHU2cEJJRWpodTR4RElGYmh1NnBCSUV6RGdFMWtaQUlNRDJRV0JtWVBaQllDWmc4UEZnZ2ZBZ1h6QVR4aElHTnNZWE56UFNkVVpYaDBWR2wwYkdVbklHaHlaV1k5SjJSbFptRjFiSFF1WVhOd2VEOXdZV2RsUFdOb2FYUnBaWFIwYUc5dVozUnBiaVpwWkQweUp6NDhjM1J5YjI1blBsUm93N1J1WnlCMGFXNGd4SkhEb0c4Z2RPRzZvVzhnWThPaFl5QnM0YnViY0NCTWFjT3FiaUIwYU1PMGJtY2dLR05vdzYxdWFDQnhkWGtzSUhiaHU2dGhJR3pEb0cwZ2R1RzdxMkVnYU9HN2pXTXBMQ0JXeElOdUlHTGh1ckZ1WnlBeUlDaGphTU90Ym1nZ2NYVjVLVHd2YzNSeWIyNW5Qand2WVQ0OGMzQmhiaUJqYkdGemN6MG5UbWRoZVZScGRHeGxKejRnS0RJd0x6QTBMekl3TVRrcFBDOXpjR0Z1UGg4RENpVWZDQXNyQkFFZkJBS0VnQVJrWkFJQkQyUVdBbVlQRHhZR0h3Z0xLd1FCSHdJRm5oWThjM0JoYmlCamJHRnpjejBuVkdWNGRGUm9iMjVuVkdsdUp5QnpkSGxzWlQwbmRHVjRkQzFoYkdsbmJqcHNaV1owSno0OGNENDhMM0ErUEhOMGNtOXVaeUJ6ZEhsc1pUMGlabTl1ZEMxemFYcGxPaUF4TW5CME95Qm1iMjUwTFdaaGJXbHNlVG9nVkdGb2IyMWhPeUkrVkVqRGxFNUhJRlJKVGlCRHc0RkRJRXRJdzVOQklNU1F3NE1neEpERGdFOGdWT0c2b0U4OEwzTjBjbTl1Wno0OGMzUnliMjVuSUhOMGVXeGxQU0ptYjI1MExYTnBlbVU2SURFeWNIUTdJR1p2Ym5RdFptRnRhV3g1T2lCVVlXaHZiV0U3SWo0OFluSWdMejQ4TDNOMGNtOXVaejQ4YzNSeWIyNW5JSE4wZVd4bFBTSm1iMjUwTFhOcGVtVTZJREV5Y0hRN0lHWnZiblF0Wm1GdGFXeDVPaUJVWVdodmJXRTdJajR0SUVqaHU0WWdURW5EaWs0Z1ZFakRsRTVISUMwZ1NNT01Ua2dnVkVqaHU2aERJRmJodTZwQklFekRnRTBnVnVHN3FrRWdTT0c3akVNOFluSWdMejQ4TDNOMGNtOXVaejQ4YzNCaGJpQnpkSGxzWlQwaVkyOXNiM0k2SUNNd01EZ3dNREE3SWo0OGMzUnliMjVuSUhOMGVXeGxQU0ptYjI1MExYTnBlbVU2SURFeWNIUTdJR1p2Ym5RdFptRnRhV3g1T2lCVVlXaHZiV0U3SWo0cklFdG93N05oSURFNUlDaGp3NkZqSUd6aHU1dHdJRVJUUVRNeE9URXNJRVJIVkRNeE9URXNJRVJIVkRNeE9USXBQQzl6ZEhKdmJtYytQSE53WVc0Z2MzUjViR1U5SW1admJuUXRjMmw2WlRvZ01USndkRHNnWm05dWRDMW1ZVzFwYkhrNklGUmhhRzl0WVRzaVBqeGljaUF2UGp4emRISnZibWMrSm01aWMzQTdJQ1p1WW5Od095WnVZbk53T3p3dmMzUnliMjVuUGxqRHFYUWdkT0c3a1hRZ2JtZG9hZUc3aDNBZ3hKSER1bTVuSUhScDRicS9iaURFa2VHN21TQjJ3NkJ2SU1TUTRidWpkQ0F4TENCdXhJTnRJREl3TWpFZ0tIYkRvRzhnYm1mRG9Ia2dNREl2TURNdk1qQXlNU2s4WW5JZ0x6NDhMM053WVc0K1BDOXpjR0Z1UGp4emRISnZibWNnYzNSNWJHVTlJbVp2Ym5RdGMybDZaVG9nTVRKd2REc2dabTl1ZEMxbVlXMXBiSGs2SUZSaGFHOXRZVHNpUGkwZ1NPRzdoaURFa09HNm9Fa2dTT0c3akVNZ1F1RzZzRTVISUZSSTRidW9JRElnTFNCSXc0eE9TQ0JVU09HN3FFTWdRMGpEalU1SUlGRlZXVHhpY2lBdlBqd3ZjM1J5YjI1blBqeHpjR0Z1SUhOMGVXeGxQU0pqYjJ4dmNqb2dJekF3T0RBd01Ec2lQanh6ZEhKdmJtY2djM1I1YkdVOUltWnZiblF0YzJsNlpUb2dNVEp3ZERzZ1ptOXVkQzFtWVcxcGJIazZJRlJoYUc5dFlUc2lQaXNnUzJqRHMyRWdNVGNnS0d6aHU1dHdJRVJCVGpVeE56RWdLVHd2YzNSeWIyNW5QanhpY2lCemRIbHNaVDBpWm05dWRDMXphWHBsT2lBeE1uQjBPeUJtYjI1MExXWmhiV2xzZVRvZ1ZHRm9iMjFoT3lJZ0x6NDhjM0JoYmlCemRIbHNaVDBpWm05dWRDMXphWHBsT2lBeE1uQjBPeUJtYjI1MExXWmhiV2xzZVRvZ1ZHRm9iMjFoT3lJK0ptNWljM0E3SUNadVluTndPend2YzNCaGJqNDhjM1J5YjI1bklITjBlV3hsUFNKbWIyNTBMWE5wZW1VNklERXljSFE3SUdadmJuUXRabUZ0YVd4NU9pQlVZV2h2YldFN0lqNVl3NmwwSUhUaHU1RjBJRzVuYUduaHU0ZHdJTVNSdzdwdVp5QjBhZUc2djI0Z3hKSGh1NWs4TDNOMGNtOXVaejQ4YzNCaGJpQnpkSGxzWlQwaVptOXVkQzF6YVhwbE9pQXhNbkIwT3lCbWIyNTBMV1poYldsc2VUb2dWR0ZvYjIxaE95SStJSGJEb0c4Z3hKRGh1Nk4wSURFc0lFN0VnMjBnTWpBeU1DQW9NalV2TURJdk1qQXlNQ2t1Sm01aWMzQTdQQzl6Y0dGdVBqd3ZjM0JoYmo0OFpXMGdjM1I1YkdVOUltWnZiblF0YzJsNlpUb2dNVEp3ZERzZ1ptOXVkQzFtWVcxcGJIazZJRlJoYUc5dFlUc2dZMjlzYjNJNklDTXdNREF3Wm1ZN0lqNDhZbklnTHo0OEwyVnRQanh6Y0dGdUlITjBlV3hsUFNKamIyeHZjam9nSXpBd09EQXdNRHNpUGp4emRISnZibWNnYzNSNWJHVTlJbVp2Ym5RdGMybDZaVG9nTVRKd2REc2dabTl1ZEMxbVlXMXBiSGs2SUZSaGFHOXRZVHNpUGlzZ1MyakRzMkVnTVRnZ0tHemh1NXR3SUVSQlRqVXhPREVwUEM5emRISnZibWMrUEhOd1lXNGdjM1I1YkdVOUltWnZiblF0YzJsNlpUb2dNVEp3ZERzZ1ptOXVkQzFtWVcxcGJIazZJRlJoYUc5dFlUc2lQanhpY2lBdlBpWnVZbk53T3lBbWJtSnpjRHRZdzZsMElIVGh1NUYwSUc1bmFHbmh1NGR3SU1TUnc3cHVaeUIwYWVHNnYyNGd4SkhodTVrZ2RzT2dieURFa09HN28zUWdNU3dnYnNTRGJTQXlNREl4SUNoMnc2QnZJRzVudzZCNUlEQXlMekF6THpJd01qRXBQR0p5SUM4K1BDOXpjR0Z1UGp3dmMzQmhiajQ4YzNSeWIyNW5JSE4wZVd4bFBTSm1iMjUwTFhOcGVtVTZJREV5Y0hRN0lHWnZiblF0Wm1GdGFXeDVPaUJVWVdodmJXRTdJR052Ykc5eU9pQWpabVl3TURBd095SStLeUJMYU1PellTQXlNQ0FvYk9HN20zQWdSRUZPTlRJd01Ta2dQQzl6ZEhKdmJtYytQR0p5SUhOMGVXeGxQU0ptYjI1MExYTnBlbVU2SURFeWNIUTdJR1p2Ym5RdFptRnRhV3g1T2lCVVlXaHZiV0U3SWlBdlBqeHpjR0Z1SUhOMGVXeGxQU0ptYjI1MExYTnBlbVU2SURFeWNIUTdJR1p2Ym5RdFptRnRhV3g1T2lCVVlXaHZiV0U3SWo0bWJtSnpjRHNnSm01aWMzQTdTT0c3aldNZ2E4T3NJSFJvNGJ1cElERWdZK0c3cDJFZ2EyakRzMkVneEpIRG9HOGdkT0c2b1c4Z0tNU1J3Nk1nWThPeklHdmh1cjkwSUhGMTRicWpJR2podTQxaklIVGh1cTF3SUVoTElIVGh1NnNnZEdqRG9XNW5JREF4THpJd01qRXBQR0p5SUM4K0ptNWljM0E3SUNadVluTndPMGpodTQxaklHdkRyQ0IwYU9HN3FTQXlJR1BodTZkaElHdG93N05oSU1TUnc2QnZJSFRodXFGdklDamh1Nmx1WnlCMjRidWJhU0JJU3pFc0lESXdNakFnTFNBeU1ESXhLVHhpY2lBdlBqeHpjR0Z1SUhOMGVXeGxQU0pqYjJ4dmNqb2dJekF3TURCbVpqc2lQaVp1WW5Od095QW1ibUp6Y0R0STRidU5ZeUJydzZ3Z2RHamh1NmtnTXlCajRidW5ZU0JyYU1PellTREVrY09nYnlCMDRicWhieUFvNGJ1cGJtY2dkdUc3bTJrZ1NFc3lMQ0F5TURJd0lDMGdNakF5TVNrbWJtSnpjRHM4TDNOd1lXNCtQQzl6Y0dGdVBqeHpjR0Z1SUhOMGVXeGxQU0ptYjI1MExXWmhiV2xzZVRvZ1ZHRm9iMjFoT3lCbWIyNTBMWE5wZW1VNklERTJjSGc3SWo0OGMzQmhiaUJ6ZEhsc1pUMGlZMjlzYjNJNklDTm1aakF3TURBN0lqNG9Ua1ZYT2lERWtjT2pJR1BEc3lCcjRicS9kQ0J4ZGVHNm95Qm80YnVOWXlCMDRicXRjQ0JJU3lCMDRidXJJREV4THpBeEx6SXdNaklwUEM5emNHRnVQand2YzNCaGJqNDhjM0JoYmlCemRIbHNaVDBpWm05dWRDMXphWHBsT2lBeE1uQjBPeUJtYjI1MExXWmhiV2xzZVRvZ1ZHRm9iMjFoT3lJK1BITndZVzRnYzNSNWJHVTlJbU52Ykc5eU9pQWpNREF3TUdabU95SStQR0p5SUM4K0ptNWljM0E3SUNadVluTndPMGpodTQxaklHdkRyU0IwYU9HN3FTQTBJR1BodTZkaElHdG93N05oSU1TUnc2QnZJSFRodXFGdklDamh1Nmx1WnlCMjRidWJhU0JJU3pFc0lESXdNakVnTFNBeU1ESXlLU1p1WW5Od095Z3hOUzh3Tnk4eU1ESXhLU0JUVmlCNFpXMGdWRXRDSUVoTElIUm80YnVwSURRc0lNU1I0YnVqZENBeElDaG80YnVOWXlCMDRidXJJREl5THpFeEx6SXdNakVwUEM5emNHRnVQand2YzNCaGJqNDhMM053WVc0K1BHUnBkaUJ6ZEhsc1pUMG5kR1Y0ZEMxaGJHbG5ianB5YVdkb2RDY2dQanhrYVhZZ1kyeGhjM005SjBOb2FWUnBaWFFuUGp4cGJXY2djM0pqUFNkQmNIQmZWR2hsYldWekwxTjBZVzVrWVhKa0wwbHRZV2RsY3k5aGNuSnZkMTl5TG1kcFppY2dZV3gwUFNjbkx6NGdQR0VnWTJ4aGMzTTlKMVJsZUhSVWFHOXVaMVJwYmljZ2FISmxaajBuWkdWbVlYVnNkQzVoYzNCNFAzQmhaMlU5WTJocGRHbGxkSFJvYjI1bmRHbHVKbWxrUFRJblBsaGxiU0JEYUdrZ1ZHbmh1cjkwUEM5aFBqd3ZaR2wyUGp3dlpHbDJQaDhFQW9DQUJHUmtBZ0lQWkJZQ1pnOFBGZ1lmQ0FzckJBTWZBZ1ZuUEhOd1lXNGdZMnhoYzNNOUozUmhkR05oWW1GdWRHbHVKejQ4WVNCb2NtVm1QU2RrWldaaGRXeDBMbUZ6Y0hnL2NHRm5aVDFrWVc1b2MyRmphSFJvYjI1bmRHbHVKblI1Y0dVOU15YytXR1Z0SUhUaHVxVjBJR1BodXFNOEwyRStQQzl6Y0dGdVBoOEVBb0NBQkdSa0FnMFBGZ0lmQWdVRlBDOTBaRDVrQWc0UER4WUNId1ZuWkJZU0FnRVBEeFlDSHdJRkVVamh1NVlnVkZMaHU2SWdUMDVNU1U1RlpHUUNBZzhXQWg4Q1pXUUNBdzhXQWg4Q1pXUUNCQThXQWg4Q1pXUUNCUThXQWg4Q1pXUUNCZzhXQWg4Q1pXUUNCdzlrRmdwbUR3OFdBaDhDQlJOVWFNU0RiU0JrdzdJZ3c3MGdhMm5odXI5dVpHUUNBZzhRWkdRV0FHUUNBdzhRWkdRV0FHUUNCQThQRmdJZkFnVU9RbW5odTROMUlIRjFlZUc2djNSa1pBSUZEdzhXQWg4Q0JRWllaVzBnUzFGa1pBSUlEdzhXQWg4Q0JScFQ0YnVSSU1TUllXNW5JSFJ5ZFhrZ1krRzZyWEE2SURJME9XUmtBZ29QRHhZQ0h3SUZHbFBodTVFZ3hKSERveURFa2NTRGJtY2dibWpodXExd09qRTBaR1FDRHc4V0FoOENCU004TDNSa1BpQThkR1FnZDJsa2RHZzlKelF6SlNjZ2RtRnNhV2R1UFNkMGIzQW5QbVFDRUE4UEZnSWZBZ1VRVkVqRGxFNUhJRlJKVGlCRFNGVk9SMlJrQWhFUFpCWUdaZzlrRmdKbUR3OFdDQjhDQmJzQlBHRWdZMnhoYzNNOUoxUmxlSFJVYVhSc1pTY2dhSEpsWmowblpHVm1ZWFZzZEM1aGMzQjRQM0JoWjJVOVkyaHBkR2xsZEhSb2IyNW5kR2x1Sm1sa1BUY25Qanh6ZEhKdmJtYytUbWpodTY5dVp5REVrV25odTROdElHUGh1cWR1SUd6R3NIVWd3NzBnYTJocElNU1J4SU51WnlCcnc2MGdiY08wYmlCbzRidU5Zend2YzNSeWIyNW5Qand2WVQ0OGMzQmhiaUJqYkdGemN6MG5UbWRoZVZScGRHeGxKejRnS0RNeEx6QTRMekl3TWpBcFBDOXpjR0Z1UGg4RENpVWZDQXNyQkFFZkJBS0VnQVJrWkFJQkQyUVdBbVlQRHhZQ0h3SUZxZ004YzNCaGJpQmpiR0Z6Y3owblZHVjRkRlJvYjI1blZHbHVKeUJ6ZEhsc1pUMG5kR1Y0ZEMxaGJHbG5ianBzWldaMEp6NDhjM0JoYmlCemRIbHNaVDBpWm05dWRDMW1ZVzFwYkhrNklGUmhhRzl0WVRzaVBqeHpjR0Z1SUhOMGVXeGxQU0ptYjI1MExYTnBlbVU2SURFMmNIZzdJajVPYU9HN3IyNW5JTVNSYWVHN2cyMGdjMmx1YUNCMmFjT3FiaUJqNGJxbmJpQnN4ckIxSU1POUlHdG9hU0RFa2NTRGJtY2dhOE90SUczRHRHNGdhT0c3aldNZ2NYVmhJRzNodXFGdVp6d3ZjM0JoYmo0OEwzTndZVzQrUEM5emNHRnVQanhrYVhZZ2MzUjViR1U5SjNSbGVIUXRZV3hwWjI0NmNtbG5hSFFuSUQ0OFpHbDJJR05zWVhOelBTZERhR2xVYVdWMEp6NDhhVzFuSUhOeVl6MG5RWEJ3WDFSb1pXMWxjeTlUZEdGdVpHRnlaQzlKYldGblpYTXZZWEp5YjNkZmNpNW5hV1luSUdGc2REMG5KeTgrSUR4aElHTnNZWE56UFNkVVpYaDBWR2h2Ym1kVWFXNG5JR2h5WldZOUoyUmxabUYxYkhRdVlYTndlRDl3WVdkbFBXTm9hWFJwWlhSMGFHOXVaM1JwYmlacFpEMDNKejVZWlcwZ1EyaHBJRlJwNGJxL2REd3ZZVDQ4TDJScGRqNDhMMlJwZGo1a1pBSUREMlFXQW1ZUER4WUdId2dMS3dRREh3SUZaenh6Y0dGdUlHTnNZWE56UFNkMFlYUmpZV0poYm5ScGJpYytQR0VnYUhKbFpqMG5aR1ZtWVhWc2RDNWhjM0I0UDNCaFoyVTlaR0Z1YUhOaFkyaDBhRzl1WjNScGJpWjBlWEJsUFRBblBsaGxiU0IwNGJxbGRDQmo0YnFqUEM5aFBqd3ZjM0JoYmo0ZkJBS0FnQVJrWkFJU0R4WUNId0lGSXp3dmRHUStJRHgwWkNCM2FXUjBhRDBuTkRNbEp5QjJZV3hwWjI0OUozUnZjQ2MrWkFJVER3OFdBaDhDQlJsVVNVNGdWT0c3cUVNZ1ZzT0FJRlBodTdBZ1Mwbmh1NFpPWkdRQ0ZBOWtGZ0lDQWc5a0ZnSm1EdzhXQmg4SUN5c0VBeDhDQldjOGMzQmhiaUJqYkdGemN6MG5kR0YwWTJGaVlXNTBhVzRuUGp4aElHaHlaV1k5SjJSbFptRjFiSFF1WVhOd2VEOXdZV2RsUFdSaGJtaHpZV05vZEdodmJtZDBhVzRtZEhsd1pUMHlKejVZWlcwZ2RPRzZwWFFnWStHNm96d3ZZVDQ4TDNOd1lXNCtId1FDZ0lBRVpHUUNGUTlrRmdJQ0FROFdBaDhDWldRQ0ZnOFdBaDhDQlNBOEwzUmtQaUE4ZEdRZ0lITjBlV3hsUFNka2FYTndiR0Y1T201dmJtVW5QbVFDR1E4V0FoOENCU0E4TDNSa1BpQThkR1FnSUhOMGVXeGxQU2RrYVhOd2JHRjVPbTV2Ym1VblBtUUNDUTlrRmdnQ0FROFBGZ0lmQWdWNVEyOXdlWEpwWjJoMElNS3BNakF3T1NCVWNzYXc0YnVkYm1jZ3hKQklJRlBEb0drZ1I4T3liaTNFa09HNm9Xa2dhT0c3aldNZ1kyakRyVzVvSUhGMWVTNGdVWFhodXFOdUlHekR2U0JpNGJ1ZmFTRGh1Nlo1SUdKaGJpQnVhTU9pYmlCa3c2SnVJRlJRTGlCSTRidVRJRU5vdzYwZ1RXbHVhR1JrQWdNUER4WUNId0lGQzFSeVlXNW5JRU5vNGJ1blpHUUNCUThQRmdJZkFnVXRWR2hwNGJxL2RDQnI0YnEvSUdMaHU1OXBJR04wZVNCUWFPRzZwMjRnYmVHN2dXMGdRVzVvSUZGMXc2SnVaR1FDQnc4UEZnSWZBZ1VNeEpEaHVxZDFJRlJ5WVc1blpHUVlBUVVlWDE5RGIyNTBjbTlzYzFKbGNYVnBjbVZRYjNOMFFtRmphMHRsZVY5ZkZnSUZPbU4wYkRBd0pFTnZiblJsYm5SUWJHRmpaVWh2YkdSbGNqRWtZM1JzTURBa1RXVnpjMkZuWlVKdmVERWthVzFuUTJ4dmMyVkNkWFIwYjI0Rk1XTjBiREF3SkVOdmJuUmxiblJRYkdGalpVaHZiR1JsY2pFa1kzUnNNREFrVFdWemMyRm5aVUp2ZURFa1luUnVUMnZOdGorWHRoWUxLajk4QTVDYWo3UUpIRStnc0E9PSIgQ29ycmVsYXRpb25CaW5kaW5nPSIiIFVybEVuY29kZT0iVHJ1ZSIgLz4NCiAgICAgICAgPEZvcm1Qb3N0UGFyYW1ldGVyIE5hbWU9Il9fVklFV1NUQVRFR0VORVJBVE9SIiBWYWx1ZT0ie3skSElEREVOMS5fX1ZJRVdTVEFURUdFTkVSQVRPUn19IiBSZWNvcmRlZFZhbHVlPSJDQTBCMDMzNCIgQ29ycmVsYXRpb25CaW5kaW5nPSIiIFVybEVuY29kZT0iVHJ1ZSIgLz4NCiAgICAgIDwvRm9ybVBvc3RIdHRwQm9keT4NCiAgICA8L1JlcXVlc3Q+DQogIDwvSXRlbXM+DQogIDxWYWxpZGF0aW9uUnVsZXM+DQogICAgPFZhbGlkYXRpb25SdWxlIENsYXNzbmFtZT0iTWljcm9zb2Z0LlZpc3VhbFN0dWRpby5UZXN0VG9vbHMuV2ViVGVzdGluZy5SdWxlcy5WYWxpZGF0ZVJlc3BvbnNlVXJsLCBNaWNyb3NvZnQuVmlzdWFsU3R1ZGlvLlF1YWxpdHlUb29scy5XZWJUZXN0RnJhbWV3b3JrLCBWZXJzaW9uPTEwLjAuMC4wLCBDdWx0dXJlPW5ldXRyYWwsIFB1YmxpY0tleVRva2VuPWIwM2Y1ZjdmMTFkNTBhM2EiIERpc3BsYXlOYW1lPSJSZXNwb25zZSBVUkwiIERlc2NyaXB0aW9uPSJWYWxpZGF0ZXMgdGhhdCB0aGUgcmVzcG9uc2UgVVJMIGFmdGVyIHJlZGlyZWN0cyBhcmUgZm9sbG93ZWQgaXMgdGhlIHNhbWUgYXMgdGhlIHJlY29yZGVkIHJlc3BvbnNlIFVSTC4gIFF1ZXJ5U3RyaW5nIHBhcmFtZXRlcnMgYXJlIGlnbm9yZWQuIiBMZXZlbD0iTG93IiBFeGVjdHVpb25PcmRlcj0iQmVmb3JlRGVwZW5kZW50cyIgLz4NCiAgICA8VmFsaWRhdGlvblJ1bGUgQ2xhc3NuYW1lPSJNaWNyb3NvZnQuVmlzdWFsU3R1ZGlvLlRlc3RUb29scy5XZWJUZXN0aW5nLlJ1bGVzLlZhbGlkYXRpb25SdWxlUmVzcG9uc2VUaW1lR29hbCwgTWljcm9zb2Z0LlZpc3VhbFN0dWRpby5RdWFsaXR5VG9vbHMuV2ViVGVzdEZyYW1ld29yaywgVmVyc2lvbj0xMC4wLjAuMCwgQ3VsdHVyZT1uZXV0cmFsLCBQdWJsaWNLZXlUb2tlbj1iMDNmNWY3ZjExZDUwYTNhIiBEaXNwbGF5TmFtZT0iUmVzcG9uc2UgVGltZSBHb2FsIiBEZXNjcmlwdGlvbj0iVmFsaWRhdGVzIHRoYXQgdGhlIHJlc3BvbnNlIHRpbWUgZm9yIHRoZSByZXF1ZXN0IGlzIGxlc3MgdGhhbiBvciBlcXVhbCB0byB0aGUgcmVzcG9uc2UgdGltZSBnb2FsIGFzIHNwZWNpZmllZCBvbiB0aGUgcmVxdWVzdC4gIFJlc3BvbnNlIHRpbWUgZ29hbHMgb2YgemVybyB3aWxsIGJlIGlnbm9yZWQuIiBMZXZlbD0iTG93IiBFeGVjdHVpb25PcmRlcj0iQWZ0ZXJEZXBlbmRlbnRzIj4NCiAgICAgIDxSdWxlUGFyYW1ldGVycz4NCiAgICAgICAgPFJ1bGVQYXJhbWV0ZXIgTmFtZT0iVG9sZXJhbmNlIiBWYWx1ZT0iMCIgLz4NCiAgICAgIDwvUnVsZVBhcmFtZXRlcnM+DQogICAgPC9WYWxpZGF0aW9uUnVsZT4NCiAgPC9WYWxpZGF0aW9uUnVsZXM+DQo8L1dlYlRlc3Q+">
      <Execution id="873c8821-6fd4-4a53-88b5-d67e5dc7b6ea" />
    </WebTest>
  </TestDefinitions>
  <TestLists>
    <TestList name="Results Not in a List" id="8c84fa94-04c1-424b-9868-57a2d4851a1d" />
    <TestList name="All Loaded Results" id="19431567-8539-422a-85d7-44ee4e166bda" />
  </TestLists>
  <TestEntries>
    <TestEntry isTransparent="false" testId="3f720212-d7d8-4838-8a95-c7bdc4cbb1ef" executionId="873c8821-6fd4-4a53-88b5-d67e5dc7b6ea" testListId="8c84fa94-04c1-424b-9868-57a2d4851a1d" />
  </TestEntries>
  <Results>
    <WebTestResult executionId="873c8821-6fd4-4a53-88b5-d67e5dc7b6ea" testId="3f720212-d7d8-4838-8a95-c7bdc4cbb1ef" testName="WebTest1" computerName="LAPTOP-A3HHO4HD" duration="00:00:32.8453695" startTime="2022-04-12T13:48:14.1834061+07:00" endTime="2022-04-12T13:48:57.6696733+07:00" testType="4e7599fa-5ecb-43e9-a887-cd63cf72d207" outcome="Failed" testListId="8c84fa94-04c1-424b-9868-57a2d4851a1d" relativeResultsDirectory="873c8821-6fd4-4a53-88b5-d67e5dc7b6ea">
      <Output>
        <ErrorInfo>
          <Message>10 primary requests, 0 dependant requests and 0 conditional rules failed</Message>
        </ErrorInfo>
      </Output>
      <ResultFiles>
        <ResultFile path="WebTest1.webtestResult" />
      </ResultFiles>
      <TestSettings name="Local" id="a8e0cb6a-baa9-45ff-8db4-a9edfcb72e0f">
        <Description>These are default test settings for a local test run.</Description>
        <Execution hostProcessPlatform="MSIL">
          <TestTypeSpecific>
            <WebTestRunConfiguration testTypeId="4e7599fa-5ecb-43e9-a887-cd63cf72d207">
              <Browser name="Internet Explorer 9.0" MaxConnections="6">
                <Headers>
                  <Header name="User-Agent" value="Mozilla/5.0 (compatible; MSIE 9.0; Windows NT 6.1; Trident/5.0)" />
                  <Header name="Accept" value="*/*" />
                  <Header name="Accept-Language" value="{{$IEAcceptLanguage}}" />
                  <Header name="Accept-Encoding" value="GZIP" />
                </Headers>
              </Browser>
            </WebTestRunConfiguration>
          </TestTypeSpecific>
          <AgentRule name="Execution Agents">
          </AgentRule>
        </Execution>
        <Deployment runDeploymentRoot="Nghia_LAPTOP-A3HHO4HD 2022-04-12 13_48_13" />
        <Properties>
          <Property name="TestSettingsUIType" value="LoadTest" />
        </Properties>
      </TestSettings>
      <WebTestResultFilePath>Nghia_LAPTOP-A3HHO4HD 2022-04-12 13_48_13\In\873c8821-6fd4-4a53-88b5-d67e5dc7b6ea\WebTest1.webtestResult</WebTestResultFilePath>
    </WebTestResult>
  </Results>
</TestRun>