<?xml version="1.0" encoding="UTF-8"?>
<TestRun id="b36a0bc4-fd7f-4963-bc7f-3ab2fc567acc" name="Nghia@LAPTOP-A3HHO4HD 2022-04-12 14:04:05" runUser="LAPTOP-A3HHO4HD\Nghia" xmlns="http://microsoft.com/schemas/VisualStudio/TeamTest/2010">
  <TestSettings name="Local" id="a8e0cb6a-baa9-45ff-8db4-a9edfcb72e0f">
    <Description>These are default test settings for a local test run.</Description>
    <Execution hostProcessPlatform="MSIL">
      <TestTypeSpecific />
      <AgentRule name="Execution Agents">
      </AgentRule>
    </Execution>
    <Deployment runDeploymentRoot="Nghia_LAPTOP-A3HHO4HD 2022-04-12 14_04_05" />
    <Properties>
      <Property name="TestSettingsUIType" value="LoadTest" />
    </Properties>
  </TestSettings>
  <Times creation="2022-04-12T14:04:05.9042604+07:00" queuing="2022-04-12T14:04:06.2051712+07:00" start="2022-04-12T14:04:06.2899498+07:00" finish="2022-04-12T14:04:20.6695725+07:00" />
  <ResultSummary outcome="Failed">
    <Counters total="1" executed="1" error="0" failed="1" timeout="0" aborted="0" inconclusive="0" passedButRunAborted="0" notRunnable="0" notExecuted="0" disconnected="0" warning="0" passed="0" completed="0" inProgress="0" pending="0" />
  </ResultSummary>
  <TestDefinitions>
    <WebTest name="WebTest1" storage="c:\users\nghia\source\repos\webandloadtestproject2\webandloadtestproject2\webtest1.webtest" id="9e71bc35-ef76-4a1e-ab7a-3e36fe3a2897" persistedWebTest="77u/PD94bWwgdmVyc2lvbj0iMS4wIiBlbmNvZGluZz0iVVRGLTgiIHN0YW5kYWxvbmU9InllcyI/Pg0KPFdlYlRlc3QgTmFtZT0iV2ViVGVzdDEiIElkPSI5ZTcxYmMzNS1lZjc2LTRhMWUtYWI3YS0zZTM2ZmUzYTI4OTciIE93bmVyPSIiIFByaW9yaXR5PSIyMTQ3NDgzNjQ3IiBFbmFibGVkPSJUcnVlIiBDc3NQcm9qZWN0U3RydWN0dXJlPSIiIENzc0l0ZXJhdGlvbj0iIiBUaW1lb3V0PSIwIiBXb3JrSXRlbUlkcz0iIiB4bWxucz0iaHR0cDovL21pY3Jvc29mdC5jb20vc2NoZW1hcy9WaXN1YWxTdHVkaW8vVGVhbVRlc3QvMjAxMCIgRGVzY3JpcHRpb249IiIgQ3JlZGVudGlhbFVzZXJOYW1lPSIiIENyZWRlbnRpYWxQYXNzd29yZD0iIiBQcmVBdXRoZW50aWNhdGU9IlRydWUiIFByb3h5PSJkZWZhdWx0IiBTdG9wT25FcnJvcj0iRmFsc2UiIFJlY29yZGVkUmVzdWx0RmlsZT0iV2ViVGVzdDEuYWZiMzdiZGQtOGNlOS00ZTM2LWI0ODUtZDAzZDAzYTczNTE0LnJlYy53ZWJ0ZXN0cmVzdWx0IiBSZXN1bHRzTG9jYWxlPSIiPg0KICA8SXRlbXM+DQogICAgPFJlcXVlc3QgTWV0aG9kPSJHRVQiIEd1aWQ9IjMwZGY1ZmJmLWYxZmMtNDM5My1iYWY3LWQ1NzliMGMzNDExMiIgVmVyc2lvbj0iMS4xIiBVcmw9Imh0dHBzOi8vYXBpLmJpbmcuY29tL3FzbWwuYXNweCIgVGhpbmtUaW1lPSIxIiBUaW1lb3V0PSIzMDAiIFBhcnNlRGVwZW5kZW50UmVxdWVzdHM9IlRydWUiIEZvbGxvd1JlZGlyZWN0cz0iVHJ1ZSIgUmVjb3JkUmVzdWx0PSJUcnVlIiBDYWNoZT0iRmFsc2UiIFJlc3BvbnNlVGltZUdvYWw9IjAiIEVuY29kaW5nPSJ1dGYtOCIgRXhwZWN0ZWRIdHRwU3RhdHVzQ29kZT0iMCIgRXhwZWN0ZWRSZXNwb25zZVVybD0iIiBSZXBvcnRpbmdOYW1lPSIiIElnbm9yZUh0dHBTdGF0dXNDb2RlPSJGYWxzZSIgLz4NCiAgICA8UmVxdWVzdCBNZXRob2Q9IkdFVCIgR3VpZD0iYzZhY2M5YjMtMWM3NC00YWE5LWE3MWMtNWEwODQyNGJlMzNjIiBWZXJzaW9uPSIxLjEiIFVybD0iaHR0cHM6Ly9hcGkuYmluZy5jb20vcXNtbC5hc3B4IiBUaGlua1RpbWU9IjEiIFRpbWVvdXQ9IjMwMCIgUGFyc2VEZXBlbmRlbnRSZXF1ZXN0cz0iVHJ1ZSIgRm9sbG93UmVkaXJlY3RzPSJUcnVlIiBSZWNvcmRSZXN1bHQ9IlRydWUiIENhY2hlPSJGYWxzZSIgUmVzcG9uc2VUaW1lR29hbD0iMCIgRW5jb2Rpbmc9InV0Zi04IiBFeHBlY3RlZEh0dHBTdGF0dXNDb2RlPSIwIiBFeHBlY3RlZFJlc3BvbnNlVXJsPSIiIFJlcG9ydGluZ05hbWU9IiIgSWdub3JlSHR0cFN0YXR1c0NvZGU9IkZhbHNlIj4NCiAgICAgIDxDb3JyZWxhdGlvbkV4dHJhY3Rpb25SdWxlcz4NCiAgICAgICAgPEV4dHJhY3Rpb25SdWxlIENsYXNzbmFtZT0iTWljcm9zb2Z0LlZpc3VhbFN0dWRpby5UZXN0VG9vbHMuV2ViVGVzdGluZy5SdWxlcy5FeHRyYWN0VGV4dCwgTWljcm9zb2Z0LlZpc3VhbFN0dWRpby5RdWFsaXR5VG9vbHMuV2ViVGVzdEZyYW1ld29yaywgVmVyc2lvbj0xMC4wLjAuMCwgQ3VsdHVyZT1uZXV0cmFsLCBQdWJsaWNLZXlUb2tlbj1iMDNmNWY3ZjExZDUwYTNhIiBWYXJpYWJsZU5hbWU9IkZvcm1Qb3N0UGFyYW0xLnpjaCIgRGlzcGxheU5hbWU9IiIgRGVzY3JpcHRpb249IiI+DQogICAgICAgICAgPFJ1bGVQYXJhbWV0ZXJzPg0KICAgICAgICAgICAgPFJ1bGVQYXJhbWV0ZXIgTmFtZT0iU3RhcnRzV2l0aCIgVmFsdWU9ImluZz0mcXVvdDsiIC8+DQogICAgICAgICAgICA8UnVsZVBhcmFtZXRlciBOYW1lPSJFbmRzV2l0aCIgVmFsdWU9IiZxdW90OyA/Jmd0OyZsdDsiIC8+DQogICAgICAgICAgICA8UnVsZVBhcmFtZXRlciBOYW1lPSJJbmRleCIgVmFsdWU9IjAiIC8+DQogICAgICAgICAgICA8UnVsZVBhcmFtZXRlciBOYW1lPSJJZ25vcmVDYXNlIiBWYWx1ZT0iRmFsc2UiIC8+DQogICAgICAgICAgICA8UnVsZVBhcmFtZXRlciBOYW1lPSJVc2VSZWd1bGFyRXhwcmVzc2lvbiIgVmFsdWU9IkZhbHNlIiAvPg0KICAgICAgICAgICAgPFJ1bGVQYXJhbWV0ZXIgTmFtZT0iSHRtbERlY29kZSIgVmFsdWU9IlRydWUiIC8+DQogICAgICAgICAgICA8UnVsZVBhcmFtZXRlciBOYW1lPSJSZXF1aXJlZCIgVmFsdWU9IkZhbHNlIiAvPg0KICAgICAgICAgIDwvUnVsZVBhcmFtZXRlcnM+DQogICAgICAgIDwvRXh0cmFjdGlvblJ1bGU+DQogICAgICAgIDxFeHRyYWN0aW9uUnVsZSBDbGFzc25hbWU9Ik1pY3Jvc29mdC5WaXN1YWxTdHVkaW8uVGVzdFRvb2xzLldlYlRlc3RpbmcuUnVsZXMuRXh0cmFjdFRleHQsIE1pY3Jvc29mdC5WaXN1YWxTdHVkaW8uUXVhbGl0eVRvb2xzLldlYlRlc3RGcmFtZXdvcmssIFZlcnNpb249MTAuMC4wLjAsIEN1bHR1cmU9bmV1dHJhbCwgUHVibGljS2V5VG9rZW49YjAzZjVmN2YxMWQ1MGEzYSIgVmFyaWFibGVOYW1lPSJGb3JtUG9zdFBhcmFtMi56Y2giIERpc3BsYXlOYW1lPSIiIERlc2NyaXB0aW9uPSIiPg0KICAgICAgICAgIDxSdWxlUGFyYW1ldGVycz4NCiAgICAgICAgICAgIDxSdWxlUGFyYW1ldGVyIE5hbWU9IlN0YXJ0c1dpdGgiIFZhbHVlPSJpbmc9JnF1b3Q7IiAvPg0KICAgICAgICAgICAgPFJ1bGVQYXJhbWV0ZXIgTmFtZT0iRW5kc1dpdGgiIFZhbHVlPSImcXVvdDsgPyZndDsmbHQ7IiAvPg0KICAgICAgICAgICAgPFJ1bGVQYXJhbWV0ZXIgTmFtZT0iSW5kZXgiIFZhbHVlPSIwIiAvPg0KICAgICAgICAgICAgPFJ1bGVQYXJhbWV0ZXIgTmFtZT0iSWdub3JlQ2FzZSIgVmFsdWU9IkZhbHNlIiAvPg0KICAgICAgICAgICAgPFJ1bGVQYXJhbWV0ZXIgTmFtZT0iVXNlUmVndWxhckV4cHJlc3Npb24iIFZhbHVlPSJGYWxzZSIgLz4NCiAgICAgICAgICAgIDxSdWxlUGFyYW1ldGVyIE5hbWU9Ikh0bWxEZWNvZGUiIFZhbHVlPSJUcnVlIiAvPg0KICAgICAgICAgICAgPFJ1bGVQYXJhbWV0ZXIgTmFtZT0iUmVxdWlyZWQiIFZhbHVlPSJGYWxzZSIgLz4NCiAgICAgICAgICA8L1J1bGVQYXJhbWV0ZXJzPg0KICAgICAgICA8L0V4dHJhY3Rpb25SdWxlPg0KICAgICAgICA8RXh0cmFjdGlvblJ1bGUgQ2xhc3NuYW1lPSJNaWNyb3NvZnQuVmlzdWFsU3R1ZGlvLlRlc3RUb29scy5XZWJUZXN0aW5nLlJ1bGVzLkV4dHJhY3RUZXh0LCBNaWNyb3NvZnQuVmlzdWFsU3R1ZGlvLlF1YWxpdHlUb29scy5XZWJUZXN0RnJhbWV3b3JrLCBWZXJzaW9uPTEwLjAuMC4wLCBDdWx0dXJlPW5ldXRyYWwsIFB1YmxpY0tleVRva2VuPWIwM2Y1ZjdmMTFkNTBhM2EiIFZhcmlhYmxlTmFtZT0iRm9ybVBvc3RQYXJhbTMuemNoIiBEaXNwbGF5TmFtZT0iIiBEZXNjcmlwdGlvbj0iIj4NCiAgICAgICAgICA8UnVsZVBhcmFtZXRlcnM+DQogICAgICAgICAgICA8UnVsZVBhcmFtZXRlciBOYW1lPSJTdGFydHNXaXRoIiBWYWx1ZT0iaW5nPSZxdW90OyIgLz4NCiAgICAgICAgICAgIDxSdWxlUGFyYW1ldGVyIE5hbWU9IkVuZHNXaXRoIiBWYWx1ZT0iJnF1b3Q7ID8mZ3Q7Jmx0OyIgLz4NCiAgICAgICAgICAgIDxSdWxlUGFyYW1ldGVyIE5hbWU9IkluZGV4IiBWYWx1ZT0iMCIgLz4NCiAgICAgICAgICAgIDxSdWxlUGFyYW1ldGVyIE5hbWU9Iklnbm9yZUNhc2UiIFZhbHVlPSJGYWxzZSIgLz4NCiAgICAgICAgICAgIDxSdWxlUGFyYW1ldGVyIE5hbWU9IlVzZVJlZ3VsYXJFeHByZXNzaW9uIiBWYWx1ZT0iRmFsc2UiIC8+DQogICAgICAgICAgICA8UnVsZVBhcmFtZXRlciBOYW1lPSJIdG1sRGVjb2RlIiBWYWx1ZT0iVHJ1ZSIgLz4NCiAgICAgICAgICAgIDxSdWxlUGFyYW1ldGVyIE5hbWU9IlJlcXVpcmVkIiBWYWx1ZT0iRmFsc2UiIC8+DQogICAgICAgICAgPC9SdWxlUGFyYW1ldGVycz4NCiAgICAgICAgPC9FeHRyYWN0aW9uUnVsZT4NCiAgICAgICAgPEV4dHJhY3Rpb25SdWxlIENsYXNzbmFtZT0iTWljcm9zb2Z0LlZpc3VhbFN0dWRpby5UZXN0VG9vbHMuV2ViVGVzdGluZy5SdWxlcy5FeHRyYWN0VGV4dCwgTWljcm9zb2Z0LlZpc3VhbFN0dWRpby5RdWFsaXR5VG9vbHMuV2ViVGVzdEZyYW1ld29yaywgVmVyc2lvbj0xMC4wLjAuMCwgQ3VsdHVyZT1uZXV0cmFsLCBQdWJsaWNLZXlUb2tlbj1iMDNmNWY3ZjExZDUwYTNhIiBWYXJpYWJsZU5hbWU9IkZvcm1Qb3N0UGFyYW00LnpjaCIgRGlzcGxheU5hbWU9IiIgRGVzY3JpcHRpb249IiI+DQogICAgICAgICAgPFJ1bGVQYXJhbWV0ZXJzPg0KICAgICAgICAgICAgPFJ1bGVQYXJhbWV0ZXIgTmFtZT0iU3RhcnRzV2l0aCIgVmFsdWU9ImluZz0mcXVvdDsiIC8+DQogICAgICAgICAgICA8UnVsZVBhcmFtZXRlciBOYW1lPSJFbmRzV2l0aCIgVmFsdWU9IiZxdW90OyA/Jmd0OyZsdDsiIC8+DQogICAgICAgICAgICA8UnVsZVBhcmFtZXRlciBOYW1lPSJJbmRleCIgVmFsdWU9IjAiIC8+DQogICAgICAgICAgICA8UnVsZVBhcmFtZXRlciBOYW1lPSJJZ25vcmVDYXNlIiBWYWx1ZT0iRmFsc2UiIC8+DQogICAgICAgICAgICA8UnVsZVBhcmFtZXRlciBOYW1lPSJVc2VSZWd1bGFyRXhwcmVzc2lvbiIgVmFsdWU9IkZhbHNlIiAvPg0KICAgICAgICAgICAgPFJ1bGVQYXJhbWV0ZXIgTmFtZT0iSHRtbERlY29kZSIgVmFsdWU9IlRydWUiIC8+DQogICAgICAgICAgICA8UnVsZVBhcmFtZXRlciBOYW1lPSJSZXF1aXJlZCIgVmFsdWU9IkZhbHNlIiAvPg0KICAgICAgICAgIDwvUnVsZVBhcmFtZXRlcnM+DQogICAgICAgIDwvRXh0cmFjdGlvblJ1bGU+DQogICAgICA8L0NvcnJlbGF0aW9uRXh0cmFjdGlvblJ1bGVzPg0KICAgICAgPFF1ZXJ5U3RyaW5nUGFyYW1ldGVycz4NCiAgICAgICAgPFF1ZXJ5U3RyaW5nUGFyYW1ldGVyIE5hbWU9InF1ZXJ5IiBWYWx1ZT0idGgiIFJlY29yZGVkVmFsdWU9InRoIiBDb3JyZWxhdGlvbkJpbmRpbmc9IiIgVXJsRW5jb2RlPSJGYWxzZSIgVXNlVG9Hcm91cFJlc3VsdHM9IkZhbHNlIiAvPg0KICAgICAgICA8UXVlcnlTdHJpbmdQYXJhbWV0ZXIgTmFtZT0ibWFya2V0IiBWYWx1ZT0iZW4tVVMiIFJlY29yZGVkVmFsdWU9ImVuLVVTIiBDb3JyZWxhdGlvbkJpbmRpbmc9IiIgVXJsRW5jb2RlPSJGYWxzZSIgVXNlVG9Hcm91cFJlc3VsdHM9IkZhbHNlIiAvPg0KICAgICAgICA8UXVlcnlTdHJpbmdQYXJhbWV0ZXIgTmFtZT0ibWF4d2lkdGgiIFZhbHVlPSIzMjc2NSIgUmVjb3JkZWRWYWx1ZT0iMzI3NjUiIENvcnJlbGF0aW9uQmluZGluZz0iIiBVcmxFbmNvZGU9IkZhbHNlIiBVc2VUb0dyb3VwUmVzdWx0cz0iRmFsc2UiIC8+DQogICAgICAgIDxRdWVyeVN0cmluZ1BhcmFtZXRlciBOYW1lPSJyb3doZWlnaHQiIFZhbHVlPSIzMSIgUmVjb3JkZWRWYWx1ZT0iMzEiIENvcnJlbGF0aW9uQmluZGluZz0iIiBVcmxFbmNvZGU9IkZhbHNlIiBVc2VUb0dyb3VwUmVzdWx0cz0iRmFsc2UiIC8+DQogICAgICAgIDxRdWVyeVN0cmluZ1BhcmFtZXRlciBOYW1lPSJzZWN0aW9uSGVpZ2h0IiBWYWx1ZT0iMjQ4IiBSZWNvcmRlZFZhbHVlPSIyNDgiIENvcnJlbGF0aW9uQmluZGluZz0iIiBVcmxFbmNvZGU9IkZhbHNlIiBVc2VUb0dyb3VwUmVzdWx0cz0iRmFsc2UiIC8+DQogICAgICAgIDxRdWVyeVN0cmluZ1BhcmFtZXRlciBOYW1lPSJGT1JNIiBWYWx1ZT0iSUVTUzRBIiBSZWNvcmRlZFZhbHVlPSJJRVNTNEEiIENvcnJlbGF0aW9uQmluZGluZz0iIiBVcmxFbmNvZGU9IkZhbHNlIiBVc2VUb0dyb3VwUmVzdWx0cz0iRmFsc2UiIC8+DQogICAgICAgIDxRdWVyeVN0cmluZ1BhcmFtZXRlciBOYW1lPSJwYyIgVmFsdWU9IkVVUFBfVUUwNCIgUmVjb3JkZWRWYWx1ZT0iRVVQUF9VRTA0IiBDb3JyZWxhdGlvbkJpbmRpbmc9IiIgVXJsRW5jb2RlPSJGYWxzZSIgVXNlVG9Hcm91cFJlc3VsdHM9IkZhbHNlIiAvPg0KICAgICAgPC9RdWVyeVN0cmluZ1BhcmFtZXRlcnM+DQogICAgPC9SZXF1ZXN0Pg0KICAgIDxSZXF1ZXN0IE1ldGhvZD0iR0VUIiBHdWlkPSI5N2Q4NDRlZi1hMGE0LTQ5MzktODhhNi1lMzQxZTQwN2QzZDQiIFZlcnNpb249IjEuMSIgVXJsPSJodHRwOi8vdGhvbmd0aW5kYW90YW8uc2d1LmVkdS52bi8iIFRoaW5rVGltZT0iMCIgVGltZW91dD0iMzAwIiBQYXJzZURlcGVuZGVudFJlcXVlc3RzPSJUcnVlIiBGb2xsb3dSZWRpcmVjdHM9IlRydWUiIFJlY29yZFJlc3VsdD0iVHJ1ZSIgQ2FjaGU9IkZhbHNlIiBSZXNwb25zZVRpbWVHb2FsPSIwIiBFbmNvZGluZz0idXRmLTgiIEV4cGVjdGVkSHR0cFN0YXR1c0NvZGU9IjAiIEV4cGVjdGVkUmVzcG9uc2VVcmw9IiIgUmVwb3J0aW5nTmFtZT0iIiBJZ25vcmVIdHRwU3RhdHVzQ29kZT0iRmFsc2UiPg0KICAgICAgPERlcGVuZGVudFJlcXVlc3RzPg0KICAgICAgICA8UmVxdWVzdCBNZXRob2Q9IlBPU1QiIEd1aWQ9IjNiNDJjM2I5LTE0NjMtNDE0Yy04Yjc0LTg4YzE0YzBiYWFhYiIgVmVyc2lvbj0iMS4xIiBVcmw9Imh0dHBzOi8vemEuemFsby5tZS92My93L3QiIFRoaW5rVGltZT0iMyIgVGltZW91dD0iMzAwIiBQYXJzZURlcGVuZGVudFJlcXVlc3RzPSJUcnVlIiBGb2xsb3dSZWRpcmVjdHM9IlRydWUiIFJlY29yZFJlc3VsdD0iVHJ1ZSIgQ2FjaGU9IkZhbHNlIiBSZXNwb25zZVRpbWVHb2FsPSIwIiBFbmNvZGluZz0idXRmLTgiIEV4cGVjdGVkSHR0cFN0YXR1c0NvZGU9IjAiIEV4cGVjdGVkUmVzcG9uc2VVcmw9IiIgUmVwb3J0aW5nTmFtZT0iIiBJZ25vcmVIdHRwU3RhdHVzQ29kZT0iRmFsc2UiPg0KICAgICAgICAgIDxIZWFkZXJzPg0KICAgICAgICAgICAgPEhlYWRlciBOYW1lPSJSZWZlcmVyIiBWYWx1ZT0iaHR0cDovL3Rob25ndGluZGFvdGFvLnNndS5lZHUudm4vIiAvPg0KICAgICAgICAgIDwvSGVhZGVycz4NCiAgICAgICAgICA8Rm9ybVBvc3RIdHRwQm9keT4NCiAgICAgICAgICAgIDxGb3JtUG9zdFBhcmFtZXRlciBOYW1lPSJ6bCIgVmFsdWU9Imh0dHA6Ly90aG9uZ3RpbmRhb3Rhby5zZ3UuZWR1LnZuLyIgUmVjb3JkZWRWYWx1ZT0iaHR0cDovL3Rob25ndGluZGFvdGFvLnNndS5lZHUudm4vIiBDb3JyZWxhdGlvbkJpbmRpbmc9IiIgVXJsRW5jb2RlPSJUcnVlIiAvPg0KICAgICAgICAgICAgPEZvcm1Qb3N0UGFyYW1ldGVyIE5hbWU9InpyZiIgVmFsdWU9IiIgUmVjb3JkZWRWYWx1ZT0iIiBDb3JyZWxhdGlvbkJpbmRpbmc9IiIgVXJsRW5jb2RlPSJUcnVlIiAvPg0KICAgICAgICAgICAgPEZvcm1Qb3N0UGFyYW1ldGVyIE5hbWU9InpjaCIgVmFsdWU9InV0Zi04IiBSZWNvcmRlZFZhbHVlPSJ1dGYtOCIgQ29ycmVsYXRpb25CaW5kaW5nPSJ7e0Zvcm1Qb3N0UGFyYW0xLnpjaH19IiBVcmxFbmNvZGU9IlRydWUiIC8+DQogICAgICAgICAgICA8Rm9ybVBvc3RQYXJhbWV0ZXIgTmFtZT0ienRzIiBWYWx1ZT0iMTY0OTc0Njk1NDE5OSIgUmVjb3JkZWRWYWx1ZT0iMTY0OTc0Njk1NDE5OSIgQ29ycmVsYXRpb25CaW5kaW5nPSIiIFVybEVuY29kZT0iVHJ1ZSIgLz4NCiAgICAgICAgICAgIDxGb3JtUG9zdFBhcmFtZXRlciBOYW1lPSJ6b3MiIFZhbHVlPSJXaW5kb3dzIiBSZWNvcmRlZFZhbHVlPSJXaW5kb3dzIiBDb3JyZWxhdGlvbkJpbmRpbmc9IiIgVXJsRW5jb2RlPSJUcnVlIiAvPg0KICAgICAgICAgICAgPEZvcm1Qb3N0UGFyYW1ldGVyIE5hbWU9InpsYSIgVmFsdWU9ImVuLVVTLCIgUmVjb3JkZWRWYWx1ZT0iZW4tVVMsIiBDb3JyZWxhdGlvbkJpbmRpbmc9IiIgVXJsRW5jb2RlPSJUcnVlIiAvPg0KICAgICAgICAgICAgPEZvcm1Qb3N0UGFyYW1ldGVyIE5hbWU9Il9femkiIFZhbHVlPSIyMDAwLlNTWnplanlEMnphLW5Fa1h0bXFPcXNkNmx4LUgwbTJIRFRJcmVPRDE0ZVNkcy1rZ1ltSFNaWVZNeEFVMDBYTUE4ajZmZU84MjU4dVhyQWNXLjEiIFJlY29yZGVkVmFsdWU9IjIwMDAuU1NaemVqeUQyemEtbkVrWHRtcU9xc2Q2bHgtSDBtMkhEVElyZU9EMTRlU2RzLWtnWW1IU1pZVk14QVUwMFhNQThqNmZlTzgyNTh1WHJBY1cuMSIgQ29ycmVsYXRpb25CaW5kaW5nPSIiIFVybEVuY29kZT0iVHJ1ZSIgLz4NCiAgICAgICAgICAgIDxGb3JtUG9zdFBhcmFtZXRlciBOYW1lPSJ2IiBWYWx1ZT0iMjIwMTEwMTYwMyIgUmVjb3JkZWRWYWx1ZT0iMjIwMTEwMTYwMyIgQ29ycmVsYXRpb25CaW5kaW5nPSIiIFVybEVuY29kZT0iVHJ1ZSIgLz4NCiAgICAgICAgICAgIDxGb3JtUG9zdFBhcmFtZXRlciBOYW1lPSJpbmNvZyIgVmFsdWU9ImZhbHNlIiBSZWNvcmRlZFZhbHVlPSJmYWxzZSIgQ29ycmVsYXRpb25CaW5kaW5nPSIiIFVybEVuY29kZT0iVHJ1ZSIgLz4NCiAgICAgICAgICAgIDxGb3JtUG9zdFBhcmFtZXRlciBOYW1lPSJ6YWN0IiBWYWx1ZT0icHYiIFJlY29yZGVkVmFsdWU9InB2IiBDb3JyZWxhdGlvbkJpbmRpbmc9IiIgVXJsRW5jb2RlPSJUcnVlIiAvPg0KICAgICAgICAgICAgPEZvcm1Qb3N0UGFyYW1ldGVyIE5hbWU9Il96YXBwIiBWYWx1ZT0ibnVsbCIgUmVjb3JkZWRWYWx1ZT0ibnVsbCIgQ29ycmVsYXRpb25CaW5kaW5nPSIiIFVybEVuY29kZT0iVHJ1ZSIgLz4NCiAgICAgICAgICAgIDxGb3JtUG9zdFBhcmFtZXRlciBOYW1lPSJfemlkbmJhaWQiIFZhbHVlPSJudWxsIiBSZWNvcmRlZFZhbHVlPSJudWxsIiBDb3JyZWxhdGlvbkJpbmRpbmc9IiIgVXJsRW5jb2RlPSJUcnVlIiAvPg0KICAgICAgICAgIDwvRm9ybVBvc3RIdHRwQm9keT4NCiAgICAgICAgPC9SZXF1ZXN0Pg0KICAgICAgPC9EZXBlbmRlbnRSZXF1ZXN0cz4NCiAgICAgIDxDb3JyZWxhdGlvbkV4dHJhY3Rpb25SdWxlcz4NCiAgICAgICAgPEV4dHJhY3Rpb25SdWxlIENsYXNzbmFtZT0iTWljcm9zb2Z0LlZpc3VhbFN0dWRpby5UZXN0VG9vbHMuV2ViVGVzdGluZy5SdWxlcy5FeHRyYWN0VGV4dCwgTWljcm9zb2Z0LlZpc3VhbFN0dWRpby5RdWFsaXR5VG9vbHMuV2ViVGVzdEZyYW1ld29yaywgVmVyc2lvbj0xMC4wLjAuMCwgQ3VsdHVyZT1uZXV0cmFsLCBQdWJsaWNLZXlUb2tlbj1iMDNmNWY3ZjExZDUwYTNhIiBWYXJpYWJsZU5hbWU9IlF1ZXJ5U3RyaW5nUGFyYW0xNS5wYWdlIiBEaXNwbGF5TmFtZT0iIiBEZXNjcmlwdGlvbj0iIj4NCiAgICAgICAgICA8UnVsZVBhcmFtZXRlcnM+DQogICAgICAgICAgICA8UnVsZVBhcmFtZXRlciBOYW1lPSJTdGFydHNXaXRoIiBWYWx1ZT0iP3BhZ2U9IiAvPg0KICAgICAgICAgICAgPFJ1bGVQYXJhbWV0ZXIgTmFtZT0iRW5kc1dpdGgiIFZhbHVlPSImcXVvdDsiIC8+DQogICAgICAgICAgICA8UnVsZVBhcmFtZXRlciBOYW1lPSJJbmRleCIgVmFsdWU9IjEiIC8+DQogICAgICAgICAgICA8UnVsZVBhcmFtZXRlciBOYW1lPSJJZ25vcmVDYXNlIiBWYWx1ZT0iRmFsc2UiIC8+DQogICAgICAgICAgICA8UnVsZVBhcmFtZXRlciBOYW1lPSJVc2VSZWd1bGFyRXhwcmVzc2lvbiIgVmFsdWU9IkZhbHNlIiAvPg0KICAgICAgICAgICAgPFJ1bGVQYXJhbWV0ZXIgTmFtZT0iSHRtbERlY29kZSIgVmFsdWU9IlRydWUiIC8+DQogICAgICAgICAgICA8UnVsZVBhcmFtZXRlciBOYW1lPSJSZXF1aXJlZCIgVmFsdWU9IkZhbHNlIiAvPg0KICAgICAgICAgIDwvUnVsZVBhcmFtZXRlcnM+DQogICAgICAgIDwvRXh0cmFjdGlvblJ1bGU+DQogICAgICA8L0NvcnJlbGF0aW9uRXh0cmFjdGlvblJ1bGVzPg0KICAgIDwvUmVxdWVzdD4NCiAgICA8UmVxdWVzdCBNZXRob2Q9IkdFVCIgR3VpZD0iMTkyMzI0MzktNTAxYy00OWE0LTk1YzYtNjc1MjQxODY2ODU1IiBWZXJzaW9uPSIxLjEiIFVybD0iaHR0cDovL3Rob25ndGluZGFvdGFvLnNndS5lZHUudm4vRGVmYXVsdC5hc3B4IiBUaGlua1RpbWU9IjAiIFRpbWVvdXQ9IjMwMCIgUGFyc2VEZXBlbmRlbnRSZXF1ZXN0cz0iVHJ1ZSIgRm9sbG93UmVkaXJlY3RzPSJUcnVlIiBSZWNvcmRSZXN1bHQ9IlRydWUiIENhY2hlPSJGYWxzZSIgUmVzcG9uc2VUaW1lR29hbD0iMCIgRW5jb2Rpbmc9InV0Zi04IiBFeHBlY3RlZEh0dHBTdGF0dXNDb2RlPSIwIiBFeHBlY3RlZFJlc3BvbnNlVXJsPSIiIFJlcG9ydGluZ05hbWU9IiIgSWdub3JlSHR0cFN0YXR1c0NvZGU9IkZhbHNlIj4NCiAgICAgIDxEZXBlbmRlbnRSZXF1ZXN0cz4NCiAgICAgICAgPFJlcXVlc3QgTWV0aG9kPSJQT1NUIiBHdWlkPSI3N2RhZWY0OS03ODIzLTRlMDItYTA0Yy0yOGQwMTkyOTQxMjUiIFZlcnNpb249IjEuMSIgVXJsPSJodHRwczovL3phLnphbG8ubWUvdjMvdy90IiBUaGlua1RpbWU9IjIiIFRpbWVvdXQ9IjMwMCIgUGFyc2VEZXBlbmRlbnRSZXF1ZXN0cz0iVHJ1ZSIgRm9sbG93UmVkaXJlY3RzPSJUcnVlIiBSZWNvcmRSZXN1bHQ9IlRydWUiIENhY2hlPSJGYWxzZSIgUmVzcG9uc2VUaW1lR29hbD0iMCIgRW5jb2Rpbmc9InV0Zi04IiBFeHBlY3RlZEh0dHBTdGF0dXNDb2RlPSIwIiBFeHBlY3RlZFJlc3BvbnNlVXJsPSIiIFJlcG9ydGluZ05hbWU9IiIgSWdub3JlSHR0cFN0YXR1c0NvZGU9IkZhbHNlIj4NCiAgICAgICAgICA8SGVhZGVycz4NCiAgICAgICAgICAgIDxIZWFkZXIgTmFtZT0iUmVmZXJlciIgVmFsdWU9Imh0dHA6Ly90aG9uZ3RpbmRhb3Rhby5zZ3UuZWR1LnZuL0RlZmF1bHQuYXNweD9wYWdlPWdpb2l0aGlldSIgLz4NCiAgICAgICAgICA8L0hlYWRlcnM+DQogICAgICAgICAgPEZvcm1Qb3N0SHR0cEJvZHk+DQogICAgICAgICAgICA8Rm9ybVBvc3RQYXJhbWV0ZXIgTmFtZT0iemwiIFZhbHVlPSJodHRwOi8vdGhvbmd0aW5kYW90YW8uc2d1LmVkdS52bi9EZWZhdWx0LmFzcHg/cGFnZT1naW9pdGhpZXUiIFJlY29yZGVkVmFsdWU9Imh0dHA6Ly90aG9uZ3RpbmRhb3Rhby5zZ3UuZWR1LnZuL0RlZmF1bHQuYXNweD9wYWdlPWdpb2l0aGlldSIgQ29ycmVsYXRpb25CaW5kaW5nPSIiIFVybEVuY29kZT0iVHJ1ZSIgLz4NCiAgICAgICAgICAgIDxGb3JtUG9zdFBhcmFtZXRlciBOYW1lPSJ6cmYiIFZhbHVlPSJodHRwOi8vdGhvbmd0aW5kYW90YW8uc2d1LmVkdS52bi8iIFJlY29yZGVkVmFsdWU9Imh0dHA6Ly90aG9uZ3RpbmRhb3Rhby5zZ3UuZWR1LnZuLyIgQ29ycmVsYXRpb25CaW5kaW5nPSIiIFVybEVuY29kZT0iVHJ1ZSIgLz4NCiAgICAgICAgICAgIDxGb3JtUG9zdFBhcmFtZXRlciBOYW1lPSJ6Y2giIFZhbHVlPSJ1dGYtOCIgUmVjb3JkZWRWYWx1ZT0idXRmLTgiIENvcnJlbGF0aW9uQmluZGluZz0ie3tGb3JtUG9zdFBhcmFtMi56Y2h9fSIgVXJsRW5jb2RlPSJUcnVlIiAvPg0KICAgICAgICAgICAgPEZvcm1Qb3N0UGFyYW1ldGVyIE5hbWU9Inp0cyIgVmFsdWU9IjE2NDk3NDY5NTc1NDEiIFJlY29yZGVkVmFsdWU9IjE2NDk3NDY5NTc1NDEiIENvcnJlbGF0aW9uQmluZGluZz0iIiBVcmxFbmNvZGU9IlRydWUiIC8+DQogICAgICAgICAgICA8Rm9ybVBvc3RQYXJhbWV0ZXIgTmFtZT0iem9zIiBWYWx1ZT0iV2luZG93cyIgUmVjb3JkZWRWYWx1ZT0iV2luZG93cyIgQ29ycmVsYXRpb25CaW5kaW5nPSIiIFVybEVuY29kZT0iVHJ1ZSIgLz4NCiAgICAgICAgICAgIDxGb3JtUG9zdFBhcmFtZXRlciBOYW1lPSJ6bGEiIFZhbHVlPSJlbi1VUywiIFJlY29yZGVkVmFsdWU9ImVuLVVTLCIgQ29ycmVsYXRpb25CaW5kaW5nPSIiIFVybEVuY29kZT0iVHJ1ZSIgLz4NCiAgICAgICAgICAgIDxGb3JtUG9zdFBhcmFtZXRlciBOYW1lPSJfX3ppIiBWYWx1ZT0iMjAwMC5TU1p6ZWp5RDJ6YS1uRWtYdG1xT3FzZDZseC1IMG0ySERUSXJlT0QxNGVTZHMta2dZbUhTWllWTXhBVTAwWE1BOGo2ZmVPODI1OHVYckFjVy4xIiBSZWNvcmRlZFZhbHVlPSIyMDAwLlNTWnplanlEMnphLW5Fa1h0bXFPcXNkNmx4LUgwbTJIRFRJcmVPRDE0ZVNkcy1rZ1ltSFNaWVZNeEFVMDBYTUE4ajZmZU84MjU4dVhyQWNXLjEiIENvcnJlbGF0aW9uQmluZGluZz0iIiBVcmxFbmNvZGU9IlRydWUiIC8+DQogICAgICAgICAgICA8Rm9ybVBvc3RQYXJhbWV0ZXIgTmFtZT0idiIgVmFsdWU9IjIyMDExMDE2MDMiIFJlY29yZGVkVmFsdWU9IjIyMDExMDE2MDMiIENvcnJlbGF0aW9uQmluZGluZz0iIiBVcmxFbmNvZGU9IlRydWUiIC8+DQogICAgICAgICAgICA8Rm9ybVBvc3RQYXJhbWV0ZXIgTmFtZT0iaW5jb2ciIFZhbHVlPSJmYWxzZSIgUmVjb3JkZWRWYWx1ZT0iZmFsc2UiIENvcnJlbGF0aW9uQmluZGluZz0iIiBVcmxFbmNvZGU9IlRydWUiIC8+DQogICAgICAgICAgICA8Rm9ybVBvc3RQYXJhbWV0ZXIgTmFtZT0iemFjdCIgVmFsdWU9InB2IiBSZWNvcmRlZFZhbHVlPSJwdiIgQ29ycmVsYXRpb25CaW5kaW5nPSIiIFVybEVuY29kZT0iVHJ1ZSIgLz4NCiAgICAgICAgICAgIDxGb3JtUG9zdFBhcmFtZXRlciBOYW1lPSJfemFwcCIgVmFsdWU9Im51bGwiIFJlY29yZGVkVmFsdWU9Im51bGwiIENvcnJlbGF0aW9uQmluZGluZz0iIiBVcmxFbmNvZGU9IlRydWUiIC8+DQogICAgICAgICAgICA8Rm9ybVBvc3RQYXJhbWV0ZXIgTmFtZT0iX3ppZG5iYWlkIiBWYWx1ZT0ibnVsbCIgUmVjb3JkZWRWYWx1ZT0ibnVsbCIgQ29ycmVsYXRpb25CaW5kaW5nPSIiIFVybEVuY29kZT0iVHJ1ZSIgLz4NCiAgICAgICAgICA8L0Zvcm1Qb3N0SHR0cEJvZHk+DQogICAgICAgIDwvUmVxdWVzdD4NCiAgICAgIDwvRGVwZW5kZW50UmVxdWVzdHM+DQogICAgICA8SGVhZGVycz4NCiAgICAgICAgPEhlYWRlciBOYW1lPSJSZWZlcmVyIiBWYWx1ZT0iaHR0cDovL3Rob25ndGluZGFvdGFvLnNndS5lZHUudm4vIiAvPg0KICAgICAgPC9IZWFkZXJzPg0KICAgICAgPENvcnJlbGF0aW9uRXh0cmFjdGlvblJ1bGVzPg0KICAgICAgICA8RXh0cmFjdGlvblJ1bGUgQ2xhc3NuYW1lPSJNaWNyb3NvZnQuVmlzdWFsU3R1ZGlvLlRlc3RUb29scy5XZWJUZXN0aW5nLlJ1bGVzLkV4dHJhY3RUZXh0LCBNaWNyb3NvZnQuVmlzdWFsU3R1ZGlvLlF1YWxpdHlUb29scy5XZWJUZXN0RnJhbWV3b3JrLCBWZXJzaW9uPTEwLjAuMC4wLCBDdWx0dXJlPW5ldXRyYWwsIFB1YmxpY0tleVRva2VuPWIwM2Y1ZjdmMTFkNTBhM2EiIFZhcmlhYmxlTmFtZT0iUXVlcnlTdHJpbmdQYXJhbTE0LnBhZ2UiIERpc3BsYXlOYW1lPSIiIERlc2NyaXB0aW9uPSIiPg0KICAgICAgICAgIDxSdWxlUGFyYW1ldGVycz4NCiAgICAgICAgICAgIDxSdWxlUGFyYW1ldGVyIE5hbWU9IlN0YXJ0c1dpdGgiIFZhbHVlPSI/cGFnZT0iIC8+DQogICAgICAgICAgICA8UnVsZVBhcmFtZXRlciBOYW1lPSJFbmRzV2l0aCIgVmFsdWU9IiZxdW90OyIgLz4NCiAgICAgICAgICAgIDxSdWxlUGFyYW1ldGVyIE5hbWU9IkluZGV4IiBWYWx1ZT0iMyIgLz4NCiAgICAgICAgICAgIDxSdWxlUGFyYW1ldGVyIE5hbWU9Iklnbm9yZUNhc2UiIFZhbHVlPSJGYWxzZSIgLz4NCiAgICAgICAgICAgIDxSdWxlUGFyYW1ldGVyIE5hbWU9IlVzZVJlZ3VsYXJFeHByZXNzaW9uIiBWYWx1ZT0iRmFsc2UiIC8+DQogICAgICAgICAgICA8UnVsZVBhcmFtZXRlciBOYW1lPSJIdG1sRGVjb2RlIiBWYWx1ZT0iVHJ1ZSIgLz4NCiAgICAgICAgICAgIDxSdWxlUGFyYW1ldGVyIE5hbWU9IlJlcXVpcmVkIiBWYWx1ZT0iRmFsc2UiIC8+DQogICAgICAgICAgPC9SdWxlUGFyYW1ldGVycz4NCiAgICAgICAgPC9FeHRyYWN0aW9uUnVsZT4NCiAgICAgIDwvQ29ycmVsYXRpb25FeHRyYWN0aW9uUnVsZXM+DQogICAgICA8UXVlcnlTdHJpbmdQYXJhbWV0ZXJzPg0KICAgICAgICA8UXVlcnlTdHJpbmdQYXJhbWV0ZXIgTmFtZT0icGFnZSIgVmFsdWU9Imdpb2l0aGlldSIgUmVjb3JkZWRWYWx1ZT0iZ2lvaXRoaWV1IiBDb3JyZWxhdGlvbkJpbmRpbmc9Int7UXVlcnlTdHJpbmdQYXJhbTE1LnBhZ2V9fSIgVXJsRW5jb2RlPSJGYWxzZSIgVXNlVG9Hcm91cFJlc3VsdHM9IkZhbHNlIiAvPg0KICAgICAgPC9RdWVyeVN0cmluZ1BhcmFtZXRlcnM+DQogICAgPC9SZXF1ZXN0Pg0KICAgIDxSZXF1ZXN0IE1ldGhvZD0iR0VUIiBHdWlkPSI5Y2U3ODg4ZC0wYzNlLTQ0NTUtODM0Zi02MTRmOGUzZDEzOGEiIFZlcnNpb249IjEuMSIgVXJsPSJodHRwOi8vdGhvbmd0aW5kYW90YW8uc2d1LmVkdS52bi9EZWZhdWx0LmFzcHgiIFRoaW5rVGltZT0iMTYiIFRpbWVvdXQ9IjMwMCIgUGFyc2VEZXBlbmRlbnRSZXF1ZXN0cz0iVHJ1ZSIgRm9sbG93UmVkaXJlY3RzPSJUcnVlIiBSZWNvcmRSZXN1bHQ9IlRydWUiIENhY2hlPSJGYWxzZSIgUmVzcG9uc2VUaW1lR29hbD0iMCIgRW5jb2Rpbmc9InV0Zi04IiBFeHBlY3RlZEh0dHBTdGF0dXNDb2RlPSIwIiBFeHBlY3RlZFJlc3BvbnNlVXJsPSJodHRwOi8vdGhvbmd0aW5kYW90YW8uc2d1LmVkdS52bi9kZWZhdWx0LmFzcHg/cGFnZT1uaGFwbWFzdiZhbXA7ZmxhZz1UaG9pS2hvYUJpZXUiIFJlcG9ydGluZ05hbWU9IiIgSWdub3JlSHR0cFN0YXR1c0NvZGU9IkZhbHNlIj4NCiAgICAgIDxIZWFkZXJzPg0KICAgICAgICA8SGVhZGVyIE5hbWU9IlJlZmVyZXIiIFZhbHVlPSJodHRwOi8vdGhvbmd0aW5kYW90YW8uc2d1LmVkdS52bi9EZWZhdWx0LmFzcHg/cGFnZT1naW9pdGhpZXUiIC8+DQogICAgICA8L0hlYWRlcnM+DQogICAgICA8Q29ycmVsYXRpb25FeHRyYWN0aW9uUnVsZXM+DQogICAgICAgIDxFeHRyYWN0aW9uUnVsZSBDbGFzc25hbWU9Ik1pY3Jvc29mdC5WaXN1YWxTdHVkaW8uVGVzdFRvb2xzLldlYlRlc3RpbmcuUnVsZXMuRXh0cmFjdFRleHQsIE1pY3Jvc29mdC5WaXN1YWxTdHVkaW8uUXVhbGl0eVRvb2xzLldlYlRlc3RGcmFtZXdvcmssIFZlcnNpb249MTAuMC4wLjAsIEN1bHR1cmU9bmV1dHJhbCwgUHVibGljS2V5VG9rZW49YjAzZjVmN2YxMWQ1MGEzYSIgVmFyaWFibGVOYW1lPSJRdWVyeVN0cmluZ1BhcmFtMTIucGFnZSIgRGlzcGxheU5hbWU9IiIgRGVzY3JpcHRpb249IiI+DQogICAgICAgICAgPFJ1bGVQYXJhbWV0ZXJzPg0KICAgICAgICAgICAgPFJ1bGVQYXJhbWV0ZXIgTmFtZT0iU3RhcnRzV2l0aCIgVmFsdWU9Ij9wYWdlPSIgLz4NCiAgICAgICAgICAgIDxSdWxlUGFyYW1ldGVyIE5hbWU9IkVuZHNXaXRoIiBWYWx1ZT0iJmFtcDsiIC8+DQogICAgICAgICAgICA8UnVsZVBhcmFtZXRlciBOYW1lPSJJbmRleCIgVmFsdWU9IjQiIC8+DQogICAgICAgICAgICA8UnVsZVBhcmFtZXRlciBOYW1lPSJJZ25vcmVDYXNlIiBWYWx1ZT0iRmFsc2UiIC8+DQogICAgICAgICAgICA8UnVsZVBhcmFtZXRlciBOYW1lPSJVc2VSZWd1bGFyRXhwcmVzc2lvbiIgVmFsdWU9IkZhbHNlIiAvPg0KICAgICAgICAgICAgPFJ1bGVQYXJhbWV0ZXIgTmFtZT0iSHRtbERlY29kZSIgVmFsdWU9IlRydWUiIC8+DQogICAgICAgICAgICA8UnVsZVBhcmFtZXRlciBOYW1lPSJSZXF1aXJlZCIgVmFsdWU9IkZhbHNlIiAvPg0KICAgICAgICAgIDwvUnVsZVBhcmFtZXRlcnM+DQogICAgICAgIDwvRXh0cmFjdGlvblJ1bGU+DQogICAgICAgIDxFeHRyYWN0aW9uUnVsZSBDbGFzc25hbWU9Ik1pY3Jvc29mdC5WaXN1YWxTdHVkaW8uVGVzdFRvb2xzLldlYlRlc3RpbmcuUnVsZXMuRXh0cmFjdFRleHQsIE1pY3Jvc29mdC5WaXN1YWxTdHVkaW8uUXVhbGl0eVRvb2xzLldlYlRlc3RGcmFtZXdvcmssIFZlcnNpb249MTAuMC4wLjAsIEN1bHR1cmU9bmV1dHJhbCwgUHVibGljS2V5VG9rZW49YjAzZjVmN2YxMWQ1MGEzYSIgVmFyaWFibGVOYW1lPSJRdWVyeVN0cmluZ1BhcmFtMTMuZmxhZyIgRGlzcGxheU5hbWU9IiIgRGVzY3JpcHRpb249IiI+DQogICAgICAgICAgPFJ1bGVQYXJhbWV0ZXJzPg0KICAgICAgICAgICAgPFJ1bGVQYXJhbWV0ZXIgTmFtZT0iU3RhcnRzV2l0aCIgVmFsdWU9IiZhbXA7ZmxhZz0iIC8+DQogICAgICAgICAgICA8UnVsZVBhcmFtZXRlciBOYW1lPSJFbmRzV2l0aCIgVmFsdWU9IiZxdW90OyIgLz4NCiAgICAgICAgICAgIDxSdWxlUGFyYW1ldGVyIE5hbWU9IkluZGV4IiBWYWx1ZT0iMCIgLz4NCiAgICAgICAgICAgIDxSdWxlUGFyYW1ldGVyIE5hbWU9Iklnbm9yZUNhc2UiIFZhbHVlPSJGYWxzZSIgLz4NCiAgICAgICAgICAgIDxSdWxlUGFyYW1ldGVyIE5hbWU9IlVzZVJlZ3VsYXJFeHByZXNzaW9uIiBWYWx1ZT0iRmFsc2UiIC8+DQogICAgICAgICAgICA8UnVsZVBhcmFtZXRlciBOYW1lPSJIdG1sRGVjb2RlIiBWYWx1ZT0iVHJ1ZSIgLz4NCiAgICAgICAgICAgIDxSdWxlUGFyYW1ldGVyIE5hbWU9IlJlcXVpcmVkIiBWYWx1ZT0iRmFsc2UiIC8+DQogICAgICAgICAgPC9SdWxlUGFyYW1ldGVycz4NCiAgICAgICAgPC9FeHRyYWN0aW9uUnVsZT4NCiAgICAgIDwvQ29ycmVsYXRpb25FeHRyYWN0aW9uUnVsZXM+DQogICAgICA8UXVlcnlTdHJpbmdQYXJhbWV0ZXJzPg0KICAgICAgICA8UXVlcnlTdHJpbmdQYXJhbWV0ZXIgTmFtZT0icGFnZSIgVmFsdWU9InRob2lraG9hYmlldSIgUmVjb3JkZWRWYWx1ZT0idGhvaWtob2FiaWV1IiBDb3JyZWxhdGlvbkJpbmRpbmc9Int7UXVlcnlTdHJpbmdQYXJhbTE0LnBhZ2V9fSIgVXJsRW5jb2RlPSJGYWxzZSIgVXNlVG9Hcm91cFJlc3VsdHM9IkZhbHNlIiAvPg0KICAgICAgPC9RdWVyeVN0cmluZ1BhcmFtZXRlcnM+DQogICAgPC9SZXF1ZXN0Pg0KICAgIDxSZXF1ZXN0IE1ldGhvZD0iR0VUIiBHdWlkPSI5M2JiOTRjMi1kNzA5LTQ2ZDQtYWEzOC1iZjcwNzI2M2Q5YzMiIFZlcnNpb249IjEuMSIgVXJsPSJodHRwOi8vdGhvbmd0aW5kYW90YW8uc2d1LmVkdS52bi9EZWZhdWx0LmFzcHgiIFRoaW5rVGltZT0iMiIgVGltZW91dD0iMzAwIiBQYXJzZURlcGVuZGVudFJlcXVlc3RzPSJUcnVlIiBGb2xsb3dSZWRpcmVjdHM9IlRydWUiIFJlY29yZFJlc3VsdD0iVHJ1ZSIgQ2FjaGU9IkZhbHNlIiBSZXNwb25zZVRpbWVHb2FsPSIwIiBFbmNvZGluZz0idXRmLTgiIEV4cGVjdGVkSHR0cFN0YXR1c0NvZGU9IjAiIEV4cGVjdGVkUmVzcG9uc2VVcmw9IiIgUmVwb3J0aW5nTmFtZT0iIiBJZ25vcmVIdHRwU3RhdHVzQ29kZT0iRmFsc2UiPg0KICAgICAgPEhlYWRlcnM+DQogICAgICAgIDxIZWFkZXIgTmFtZT0iUmVmZXJlciIgVmFsdWU9Imh0dHA6Ly90aG9uZ3RpbmRhb3Rhby5zZ3UuZWR1LnZuL2RlZmF1bHQuYXNweD9wYWdlPW5oYXBtYXN2JmFtcDtmbGFnPVRob2lLaG9hQmlldSIgLz4NCiAgICAgIDwvSGVhZGVycz4NCiAgICAgIDxDb3JyZWxhdGlvbkV4dHJhY3Rpb25SdWxlcz4NCiAgICAgICAgPEV4dHJhY3Rpb25SdWxlIENsYXNzbmFtZT0iTWljcm9zb2Z0LlZpc3VhbFN0dWRpby5UZXN0VG9vbHMuV2ViVGVzdGluZy5SdWxlcy5FeHRyYWN0VGV4dCwgTWljcm9zb2Z0LlZpc3VhbFN0dWRpby5RdWFsaXR5VG9vbHMuV2ViVGVzdEZyYW1ld29yaywgVmVyc2lvbj0xMC4wLjAuMCwgQ3VsdHVyZT1uZXV0cmFsLCBQdWJsaWNLZXlUb2tlbj1iMDNmNWY3ZjExZDUwYTNhIiBWYXJpYWJsZU5hbWU9IlF1ZXJ5U3RyaW5nUGFyYW0xMS5wYWdlIiBEaXNwbGF5TmFtZT0iIiBEZXNjcmlwdGlvbj0iIj4NCiAgICAgICAgICA8UnVsZVBhcmFtZXRlcnM+DQogICAgICAgICAgICA8UnVsZVBhcmFtZXRlciBOYW1lPSJTdGFydHNXaXRoIiBWYWx1ZT0iP3BhZ2U9IiAvPg0KICAgICAgICAgICAgPFJ1bGVQYXJhbWV0ZXIgTmFtZT0iRW5kc1dpdGgiIFZhbHVlPSImcXVvdDsiIC8+DQogICAgICAgICAgICA8UnVsZVBhcmFtZXRlciBOYW1lPSJJbmRleCIgVmFsdWU9IjUiIC8+DQogICAgICAgICAgICA8UnVsZVBhcmFtZXRlciBOYW1lPSJJZ25vcmVDYXNlIiBWYWx1ZT0iRmFsc2UiIC8+DQogICAgICAgICAgICA8UnVsZVBhcmFtZXRlciBOYW1lPSJVc2VSZWd1bGFyRXhwcmVzc2lvbiIgVmFsdWU9IkZhbHNlIiAvPg0KICAgICAgICAgICAgPFJ1bGVQYXJhbWV0ZXIgTmFtZT0iSHRtbERlY29kZSIgVmFsdWU9IlRydWUiIC8+DQogICAgICAgICAgICA8UnVsZVBhcmFtZXRlciBOYW1lPSJSZXF1aXJlZCIgVmFsdWU9IkZhbHNlIiAvPg0KICAgICAgICAgIDwvUnVsZVBhcmFtZXRlcnM+DQogICAgICAgIDwvRXh0cmFjdGlvblJ1bGU+DQogICAgICA8L0NvcnJlbGF0aW9uRXh0cmFjdGlvblJ1bGVzPg0KICAgICAgPFF1ZXJ5U3RyaW5nUGFyYW1ldGVycz4NCiAgICAgICAgPFF1ZXJ5U3RyaW5nUGFyYW1ldGVyIE5hbWU9InBhZ2UiIFZhbHVlPSJuaGFwbWFzdiIgUmVjb3JkZWRWYWx1ZT0ibmhhcG1hc3YiIENvcnJlbGF0aW9uQmluZGluZz0ie3tRdWVyeVN0cmluZ1BhcmFtMTIucGFnZX19IiBVcmxFbmNvZGU9IkZhbHNlIiBVc2VUb0dyb3VwUmVzdWx0cz0iRmFsc2UiIC8+DQogICAgICAgIDxRdWVyeVN0cmluZ1BhcmFtZXRlciBOYW1lPSJmbGFnIiBWYWx1ZT0iWGVtTGljaFRoaSIgUmVjb3JkZWRWYWx1ZT0iWGVtTGljaFRoaSIgQ29ycmVsYXRpb25CaW5kaW5nPSJ7e1F1ZXJ5U3RyaW5nUGFyYW0xMy5mbGFnfX0iIFVybEVuY29kZT0iRmFsc2UiIFVzZVRvR3JvdXBSZXN1bHRzPSJGYWxzZSIgLz4NCiAgICAgIDwvUXVlcnlTdHJpbmdQYXJhbWV0ZXJzPg0KICAgIDwvUmVxdWVzdD4NCiAgICA8UmVxdWVzdCBNZXRob2Q9IkdFVCIgR3VpZD0iZjI0MGMwZmQtNGI0ZS00ZmFiLTg0NjYtNmQ5MGE3OTNlZThhIiBWZXJzaW9uPSIxLjEiIFVybD0iaHR0cDovL3Rob25ndGluZGFvdGFvLnNndS5lZHUudm4vRGVmYXVsdC5hc3B4IiBUaGlua1RpbWU9IjIiIFRpbWVvdXQ9IjMwMCIgUGFyc2VEZXBlbmRlbnRSZXF1ZXN0cz0iVHJ1ZSIgRm9sbG93UmVkaXJlY3RzPSJUcnVlIiBSZWNvcmRSZXN1bHQ9IlRydWUiIENhY2hlPSJGYWxzZSIgUmVzcG9uc2VUaW1lR29hbD0iMCIgRW5jb2Rpbmc9InV0Zi04IiBFeHBlY3RlZEh0dHBTdGF0dXNDb2RlPSIwIiBFeHBlY3RlZFJlc3BvbnNlVXJsPSJodHRwOi8vdGhvbmd0aW5kYW90YW8uc2d1LmVkdS52bi9kZWZhdWx0LmFzcHg/cGFnZT1uaGFwbWFzdiZhbXA7ZmxhZz1YZW1Ib2NQaGkiIFJlcG9ydGluZ05hbWU9IiIgSWdub3JlSHR0cFN0YXR1c0NvZGU9IkZhbHNlIj4NCiAgICAgIDxIZWFkZXJzPg0KICAgICAgICA8SGVhZGVyIE5hbWU9IlJlZmVyZXIiIFZhbHVlPSJodHRwOi8vdGhvbmd0aW5kYW90YW8uc2d1LmVkdS52bi9EZWZhdWx0LmFzcHg/cGFnZT1uaGFwbWFzdiZhbXA7ZmxhZz1YZW1MaWNoVGhpIiAvPg0KICAgICAgPC9IZWFkZXJzPg0KICAgICAgPENvcnJlbGF0aW9uRXh0cmFjdGlvblJ1bGVzPg0KICAgICAgICA8RXh0cmFjdGlvblJ1bGUgQ2xhc3NuYW1lPSJNaWNyb3NvZnQuVmlzdWFsU3R1ZGlvLlRlc3RUb29scy5XZWJUZXN0aW5nLlJ1bGVzLkV4dHJhY3RUZXh0LCBNaWNyb3NvZnQuVmlzdWFsU3R1ZGlvLlF1YWxpdHlUb29scy5XZWJUZXN0RnJhbWV3b3JrLCBWZXJzaW9uPTEwLjAuMC4wLCBDdWx0dXJlPW5ldXRyYWwsIFB1YmxpY0tleVRva2VuPWIwM2Y1ZjdmMTFkNTBhM2EiIFZhcmlhYmxlTmFtZT0iUXVlcnlTdHJpbmdQYXJhbTEwLnBhZ2UiIERpc3BsYXlOYW1lPSIiIERlc2NyaXB0aW9uPSIiPg0KICAgICAgICAgIDxSdWxlUGFyYW1ldGVycz4NCiAgICAgICAgICAgIDxSdWxlUGFyYW1ldGVyIE5hbWU9IlN0YXJ0c1dpdGgiIFZhbHVlPSI/cGFnZT0iIC8+DQogICAgICAgICAgICA8UnVsZVBhcmFtZXRlciBOYW1lPSJFbmRzV2l0aCIgVmFsdWU9IiZxdW90OyIgLz4NCiAgICAgICAgICAgIDxSdWxlUGFyYW1ldGVyIE5hbWU9IkluZGV4IiBWYWx1ZT0iNiIgLz4NCiAgICAgICAgICAgIDxSdWxlUGFyYW1ldGVyIE5hbWU9Iklnbm9yZUNhc2UiIFZhbHVlPSJGYWxzZSIgLz4NCiAgICAgICAgICAgIDxSdWxlUGFyYW1ldGVyIE5hbWU9IlVzZVJlZ3VsYXJFeHByZXNzaW9uIiBWYWx1ZT0iRmFsc2UiIC8+DQogICAgICAgICAgICA8UnVsZVBhcmFtZXRlciBOYW1lPSJIdG1sRGVjb2RlIiBWYWx1ZT0iVHJ1ZSIgLz4NCiAgICAgICAgICAgIDxSdWxlUGFyYW1ldGVyIE5hbWU9IlJlcXVpcmVkIiBWYWx1ZT0iRmFsc2UiIC8+DQogICAgICAgICAgPC9SdWxlUGFyYW1ldGVycz4NCiAgICAgICAgPC9FeHRyYWN0aW9uUnVsZT4NCiAgICAgIDwvQ29ycmVsYXRpb25FeHRyYWN0aW9uUnVsZXM+DQogICAgICA8UXVlcnlTdHJpbmdQYXJhbWV0ZXJzPg0KICAgICAgICA8UXVlcnlTdHJpbmdQYXJhbWV0ZXIgTmFtZT0icGFnZSIgVmFsdWU9InhlbWhvY3BoaSIgUmVjb3JkZWRWYWx1ZT0ieGVtaG9jcGhpIiBDb3JyZWxhdGlvbkJpbmRpbmc9Int7UXVlcnlTdHJpbmdQYXJhbTExLnBhZ2V9fSIgVXJsRW5jb2RlPSJGYWxzZSIgVXNlVG9Hcm91cFJlc3VsdHM9IkZhbHNlIiAvPg0KICAgICAgPC9RdWVyeVN0cmluZ1BhcmFtZXRlcnM+DQogICAgPC9SZXF1ZXN0Pg0KICAgIDxSZXF1ZXN0IE1ldGhvZD0iR0VUIiBHdWlkPSJjNTNiNjU1Ni00MDE3LTRkMDItOTYzOS04Mzk3ODZhMjE5MjMiIFZlcnNpb249IjEuMSIgVXJsPSJodHRwOi8vdGhvbmd0aW5kYW90YW8uc2d1LmVkdS52bi9EZWZhdWx0LmFzcHgiIFRoaW5rVGltZT0iMyIgVGltZW91dD0iMzAwIiBQYXJzZURlcGVuZGVudFJlcXVlc3RzPSJUcnVlIiBGb2xsb3dSZWRpcmVjdHM9IlRydWUiIFJlY29yZFJlc3VsdD0iVHJ1ZSIgQ2FjaGU9IkZhbHNlIiBSZXNwb25zZVRpbWVHb2FsPSIwIiBFbmNvZGluZz0idXRmLTgiIEV4cGVjdGVkSHR0cFN0YXR1c0NvZGU9IjAiIEV4cGVjdGVkUmVzcG9uc2VVcmw9Imh0dHA6Ly90aG9uZ3RpbmRhb3Rhby5zZ3UuZWR1LnZuL2RlZmF1bHQuYXNweD9wYWdlPW5oYXBtYXN2JmFtcDtmbGFnPVhlbURpZW1UaGkiIFJlcG9ydGluZ05hbWU9IiIgSWdub3JlSHR0cFN0YXR1c0NvZGU9IkZhbHNlIj4NCiAgICAgIDxIZWFkZXJzPg0KICAgICAgICA8SGVhZGVyIE5hbWU9IlJlZmVyZXIiIFZhbHVlPSJodHRwOi8vdGhvbmd0aW5kYW90YW8uc2d1LmVkdS52bi9kZWZhdWx0LmFzcHg/cGFnZT1uaGFwbWFzdiZhbXA7ZmxhZz1YZW1Ib2NQaGkiIC8+DQogICAgICA8L0hlYWRlcnM+DQogICAgICA8Q29ycmVsYXRpb25FeHRyYWN0aW9uUnVsZXM+DQogICAgICAgIDxFeHRyYWN0aW9uUnVsZSBDbGFzc25hbWU9Ik1pY3Jvc29mdC5WaXN1YWxTdHVkaW8uVGVzdFRvb2xzLldlYlRlc3RpbmcuUnVsZXMuRXh0cmFjdFRleHQsIE1pY3Jvc29mdC5WaXN1YWxTdHVkaW8uUXVhbGl0eVRvb2xzLldlYlRlc3RGcmFtZXdvcmssIFZlcnNpb249MTAuMC4wLjAsIEN1bHR1cmU9bmV1dHJhbCwgUHVibGljS2V5VG9rZW49YjAzZjVmN2YxMWQ1MGEzYSIgVmFyaWFibGVOYW1lPSJRdWVyeVN0cmluZ1BhcmFtOS5wYWdlIiBEaXNwbGF5TmFtZT0iIiBEZXNjcmlwdGlvbj0iIj4NCiAgICAgICAgICA8UnVsZVBhcmFtZXRlcnM+DQogICAgICAgICAgICA8UnVsZVBhcmFtZXRlciBOYW1lPSJTdGFydHNXaXRoIiBWYWx1ZT0iP3BhZ2U9IiAvPg0KICAgICAgICAgICAgPFJ1bGVQYXJhbWV0ZXIgTmFtZT0iRW5kc1dpdGgiIFZhbHVlPSImcXVvdDsiIC8+DQogICAgICAgICAgICA8UnVsZVBhcmFtZXRlciBOYW1lPSJJbmRleCIgVmFsdWU9IjciIC8+DQogICAgICAgICAgICA8UnVsZVBhcmFtZXRlciBOYW1lPSJJZ25vcmVDYXNlIiBWYWx1ZT0iRmFsc2UiIC8+DQogICAgICAgICAgICA8UnVsZVBhcmFtZXRlciBOYW1lPSJVc2VSZWd1bGFyRXhwcmVzc2lvbiIgVmFsdWU9IkZhbHNlIiAvPg0KICAgICAgICAgICAgPFJ1bGVQYXJhbWV0ZXIgTmFtZT0iSHRtbERlY29kZSIgVmFsdWU9IlRydWUiIC8+DQogICAgICAgICAgICA8UnVsZVBhcmFtZXRlciBOYW1lPSJSZXF1aXJlZCIgVmFsdWU9IkZhbHNlIiAvPg0KICAgICAgICAgIDwvUnVsZVBhcmFtZXRlcnM+DQogICAgICAgIDwvRXh0cmFjdGlvblJ1bGU+DQogICAgICA8L0NvcnJlbGF0aW9uRXh0cmFjdGlvblJ1bGVzPg0KICAgICAgPFF1ZXJ5U3RyaW5nUGFyYW1ldGVycz4NCiAgICAgICAgPFF1ZXJ5U3RyaW5nUGFyYW1ldGVyIE5hbWU9InBhZ2UiIFZhbHVlPSJ4ZW1kaWVtdGhpIiBSZWNvcmRlZFZhbHVlPSJ4ZW1kaWVtdGhpIiBDb3JyZWxhdGlvbkJpbmRpbmc9Int7UXVlcnlTdHJpbmdQYXJhbTEwLnBhZ2V9fSIgVXJsRW5jb2RlPSJGYWxzZSIgVXNlVG9Hcm91cFJlc3VsdHM9IkZhbHNlIiAvPg0KICAgICAgPC9RdWVyeVN0cmluZ1BhcmFtZXRlcnM+DQogICAgPC9SZXF1ZXN0Pg0KICAgIDxSZXF1ZXN0IE1ldGhvZD0iR0VUIiBHdWlkPSIwNjIyOGQ4ZS0wNWEyLTRjNGYtYWJhNC1lZDM5ZTc2OTllMzAiIFZlcnNpb249IjEuMSIgVXJsPSJodHRwOi8vdGhvbmd0aW5kYW90YW8uc2d1LmVkdS52bi9EZWZhdWx0LmFzcHgiIFRoaW5rVGltZT0iNiIgVGltZW91dD0iMzAwIiBQYXJzZURlcGVuZGVudFJlcXVlc3RzPSJUcnVlIiBGb2xsb3dSZWRpcmVjdHM9IlRydWUiIFJlY29yZFJlc3VsdD0iVHJ1ZSIgQ2FjaGU9IkZhbHNlIiBSZXNwb25zZVRpbWVHb2FsPSIwIiBFbmNvZGluZz0idXRmLTgiIEV4cGVjdGVkSHR0cFN0YXR1c0NvZGU9IjAiIEV4cGVjdGVkUmVzcG9uc2VVcmw9Imh0dHA6Ly90aG9uZ3RpbmRhb3Rhby5zZ3UuZWR1LnZuL0RlZmF1bHQuYXNweD9wYWdlPWRhbmduaGFwIiBSZXBvcnRpbmdOYW1lPSIiIElnbm9yZUh0dHBTdGF0dXNDb2RlPSJGYWxzZSI+DQogICAgICA8SGVhZGVycz4NCiAgICAgICAgPEhlYWRlciBOYW1lPSJSZWZlcmVyIiBWYWx1ZT0iaHR0cDovL3Rob25ndGluZGFvdGFvLnNndS5lZHUudm4vZGVmYXVsdC5hc3B4P3BhZ2U9bmhhcG1hc3YmYW1wO2ZsYWc9WGVtRGllbVRoaSIgLz4NCiAgICAgIDwvSGVhZGVycz4NCiAgICAgIDxFeHRyYWN0aW9uUnVsZXM+DQogICAgICAgIDxFeHRyYWN0aW9uUnVsZSBDbGFzc25hbWU9Ik1pY3Jvc29mdC5WaXN1YWxTdHVkaW8uVGVzdFRvb2xzLldlYlRlc3RpbmcuUnVsZXMuRXh0cmFjdEhpZGRlbkZpZWxkcywgTWljcm9zb2Z0LlZpc3VhbFN0dWRpby5RdWFsaXR5VG9vbHMuV2ViVGVzdEZyYW1ld29yaywgVmVyc2lvbj0xMC4wLjAuMCwgQ3VsdHVyZT1uZXV0cmFsLCBQdWJsaWNLZXlUb2tlbj1iMDNmNWY3ZjExZDUwYTNhIiBWYXJpYWJsZU5hbWU9IjEiIERpc3BsYXlOYW1lPSJFeHRyYWN0IEhpZGRlbiBGaWVsZHMiIERlc2NyaXB0aW9uPSJFeHRyYWN0IGFsbCBoaWRkZW4gZmllbGRzIGZyb20gdGhlIHJlc3BvbnNlIGFuZCBwbGFjZSB0aGVtIGludG8gdGhlIHRlc3QgY29udGV4dC4iPg0KICAgICAgICAgIDxSdWxlUGFyYW1ldGVycz4NCiAgICAgICAgICAgIDxSdWxlUGFyYW1ldGVyIE5hbWU9IlJlcXVpcmVkIiBWYWx1ZT0iVHJ1ZSIgLz4NCiAgICAgICAgICAgIDxSdWxlUGFyYW1ldGVyIE5hbWU9Ikh0bWxEZWNvZGUiIFZhbHVlPSJUcnVlIiAvPg0KICAgICAgICAgIDwvUnVsZVBhcmFtZXRlcnM+DQogICAgICAgIDwvRXh0cmFjdGlvblJ1bGU+DQogICAgICA8L0V4dHJhY3Rpb25SdWxlcz4NCiAgICAgIDxDb3JyZWxhdGlvbkV4dHJhY3Rpb25SdWxlcz4NCiAgICAgICAgPEV4dHJhY3Rpb25SdWxlIENsYXNzbmFtZT0iTWljcm9zb2Z0LlZpc3VhbFN0dWRpby5UZXN0VG9vbHMuV2ViVGVzdGluZy5SdWxlcy5FeHRyYWN0VGV4dCwgTWljcm9zb2Z0LlZpc3VhbFN0dWRpby5RdWFsaXR5VG9vbHMuV2ViVGVzdEZyYW1ld29yaywgVmVyc2lvbj0xMC4wLjAuMCwgQ3VsdHVyZT1uZXV0cmFsLCBQdWJsaWNLZXlUb2tlbj1iMDNmNWY3ZjExZDUwYTNhIiBWYXJpYWJsZU5hbWU9IlF1ZXJ5U3RyaW5nUGFyYW04LnBhZ2UiIERpc3BsYXlOYW1lPSIiIERlc2NyaXB0aW9uPSIiPg0KICAgICAgICAgIDxSdWxlUGFyYW1ldGVycz4NCiAgICAgICAgICAgIDxSdWxlUGFyYW1ldGVyIE5hbWU9IlN0YXJ0c1dpdGgiIFZhbHVlPSI/cGFnZT0iIC8+DQogICAgICAgICAgICA8UnVsZVBhcmFtZXRlciBOYW1lPSJFbmRzV2l0aCIgVmFsdWU9IiZxdW90OyIgLz4NCiAgICAgICAgICAgIDxSdWxlUGFyYW1ldGVyIE5hbWU9IkluZGV4IiBWYWx1ZT0iMCIgLz4NCiAgICAgICAgICAgIDxSdWxlUGFyYW1ldGVyIE5hbWU9Iklnbm9yZUNhc2UiIFZhbHVlPSJGYWxzZSIgLz4NCiAgICAgICAgICAgIDxSdWxlUGFyYW1ldGVyIE5hbWU9IlVzZVJlZ3VsYXJFeHByZXNzaW9uIiBWYWx1ZT0iRmFsc2UiIC8+DQogICAgICAgICAgICA8UnVsZVBhcmFtZXRlciBOYW1lPSJIdG1sRGVjb2RlIiBWYWx1ZT0iVHJ1ZSIgLz4NCiAgICAgICAgICAgIDxSdWxlUGFyYW1ldGVyIE5hbWU9IlJlcXVpcmVkIiBWYWx1ZT0iRmFsc2UiIC8+DQogICAgICAgICAgPC9SdWxlUGFyYW1ldGVycz4NCiAgICAgICAgPC9FeHRyYWN0aW9uUnVsZT4NCiAgICAgICAgPEV4dHJhY3Rpb25SdWxlIENsYXNzbmFtZT0iTWljcm9zb2Z0LlZpc3VhbFN0dWRpby5UZXN0VG9vbHMuV2ViVGVzdGluZy5SdWxlcy5FeHRyYWN0VGV4dCwgTWljcm9zb2Z0LlZpc3VhbFN0dWRpby5RdWFsaXR5VG9vbHMuV2ViVGVzdEZyYW1ld29yaywgVmVyc2lvbj0xMC4wLjAuMCwgQ3VsdHVyZT1uZXV0cmFsLCBQdWJsaWNLZXlUb2tlbj1iMDNmNWY3ZjExZDUwYTNhIiBWYXJpYWJsZU5hbWU9IlF1ZXJ5U3RyaW5nUGFyYW0yMy5wYWdlIiBEaXNwbGF5TmFtZT0iIiBEZXNjcmlwdGlvbj0iIj4NCiAgICAgICAgICA8UnVsZVBhcmFtZXRlcnM+DQogICAgICAgICAgICA8UnVsZVBhcmFtZXRlciBOYW1lPSJTdGFydHNXaXRoIiBWYWx1ZT0iP3BhZ2U9IiAvPg0KICAgICAgICAgICAgPFJ1bGVQYXJhbWV0ZXIgTmFtZT0iRW5kc1dpdGgiIFZhbHVlPSImcXVvdDsiIC8+DQogICAgICAgICAgICA8UnVsZVBhcmFtZXRlciBOYW1lPSJJbmRleCIgVmFsdWU9IjAiIC8+DQogICAgICAgICAgICA8UnVsZVBhcmFtZXRlciBOYW1lPSJJZ25vcmVDYXNlIiBWYWx1ZT0iRmFsc2UiIC8+DQogICAgICAgICAgICA8UnVsZVBhcmFtZXRlciBOYW1lPSJVc2VSZWd1bGFyRXhwcmVzc2lvbiIgVmFsdWU9IkZhbHNlIiAvPg0KICAgICAgICAgICAgPFJ1bGVQYXJhbWV0ZXIgTmFtZT0iSHRtbERlY29kZSIgVmFsdWU9IlRydWUiIC8+DQogICAgICAgICAgICA8UnVsZVBhcmFtZXRlciBOYW1lPSJSZXF1aXJlZCIgVmFsdWU9IkZhbHNlIiAvPg0KICAgICAgICAgIDwvUnVsZVBhcmFtZXRlcnM+DQogICAgICAgIDwvRXh0cmFjdGlvblJ1bGU+DQogICAgICA8L0NvcnJlbGF0aW9uRXh0cmFjdGlvblJ1bGVzPg0KICAgICAgPFF1ZXJ5U3RyaW5nUGFyYW1ldGVycz4NCiAgICAgICAgPFF1ZXJ5U3RyaW5nUGFyYW1ldGVyIE5hbWU9InBhZ2UiIFZhbHVlPSJ5a2llbnNpbmh2aWVuIiBSZWNvcmRlZFZhbHVlPSJ5a2llbnNpbmh2aWVuIiBDb3JyZWxhdGlvbkJpbmRpbmc9Int7UXVlcnlTdHJpbmdQYXJhbTkucGFnZX19IiBVcmxFbmNvZGU9IkZhbHNlIiBVc2VUb0dyb3VwUmVzdWx0cz0iRmFsc2UiIC8+DQogICAgICA8L1F1ZXJ5U3RyaW5nUGFyYW1ldGVycz4NCiAgICA8L1JlcXVlc3Q+DQogICAgPFJlcXVlc3QgTWV0aG9kPSJHRVQiIEd1aWQ9ImRkOGEwOTMzLTQ2ZDUtNDlmZi05YTdiLWZiZjlkZGM0NWM5MSIgVmVyc2lvbj0iMS4xIiBVcmw9Imh0dHA6Ly90aG9uZ3RpbmRhb3Rhby5zZ3UuZWR1LnZuL0RlZmF1bHQuYXNweCIgVGhpbmtUaW1lPSIwIiBUaW1lb3V0PSIzMDAiIFBhcnNlRGVwZW5kZW50UmVxdWVzdHM9IlRydWUiIEZvbGxvd1JlZGlyZWN0cz0iVHJ1ZSIgUmVjb3JkUmVzdWx0PSJUcnVlIiBDYWNoZT0iRmFsc2UiIFJlc3BvbnNlVGltZUdvYWw9IjAiIEVuY29kaW5nPSJ1dGYtOCIgRXhwZWN0ZWRIdHRwU3RhdHVzQ29kZT0iMCIgRXhwZWN0ZWRSZXNwb25zZVVybD0iaHR0cDovL3Rob25ndGluZGFvdGFvLnNndS5lZHUudm4vRGVmYXVsdC5hc3B4P3BhZ2U9cXVlbm1hdGtoYXUiIFJlcG9ydGluZ05hbWU9IiIgSWdub3JlSHR0cFN0YXR1c0NvZGU9IkZhbHNlIj4NCiAgICAgIDxRdWVyeVN0cmluZ1BhcmFtZXRlcnM+DQogICAgICAgIDxRdWVyeVN0cmluZ1BhcmFtZXRlciBOYW1lPSJwYWdlIiBWYWx1ZT0iZGFuZ25oYXAiIFJlY29yZGVkVmFsdWU9ImRhbmduaGFwIiBDb3JyZWxhdGlvbkJpbmRpbmc9Int7UXVlcnlTdHJpbmdQYXJhbTgucGFnZX19IiBVcmxFbmNvZGU9IkZhbHNlIiBVc2VUb0dyb3VwUmVzdWx0cz0iRmFsc2UiIC8+DQogICAgICA8L1F1ZXJ5U3RyaW5nUGFyYW1ldGVycz4NCiAgICAgIDxGb3JtUG9zdEh0dHBCb2R5Pg0KICAgICAgICA8Rm9ybVBvc3RQYXJhbWV0ZXIgTmFtZT0iX19FVkVOVFRBUkdFVCIgVmFsdWU9ImN0bDAwJENvbnRlbnRQbGFjZUhvbGRlcjEkY3RsMDAkbG5rQnRuUXVlbk1LIiBSZWNvcmRlZFZhbHVlPSJjdGwwMCRDb250ZW50UGxhY2VIb2xkZXIxJGN0bDAwJGxua0J0blF1ZW5NSyIgQ29ycmVsYXRpb25CaW5kaW5nPSIiIFVybEVuY29kZT0iVHJ1ZSIgLz4NCiAgICAgICAgPEZvcm1Qb3N0UGFyYW1ldGVyIE5hbWU9Il9fRVZFTlRBUkdVTUVOVCIgVmFsdWU9Int7JEhJRERFTjEuX19FVkVOVEFSR1VNRU5UfX0iIFJlY29yZGVkVmFsdWU9IiIgQ29ycmVsYXRpb25CaW5kaW5nPSIiIFVybEVuY29kZT0iVHJ1ZSIgLz4NCiAgICAgICAgPEZvcm1Qb3N0UGFyYW1ldGVyIE5hbWU9Il9fVklFV1NUQVRFIiBWYWx1ZT0ie3skSElEREVOMS5fX1ZJRVdTVEFURX19IiBSZWNvcmRlZFZhbHVlPSIvd0VQRHdVS0xUTXhOamMzTlRNM05ROWtGZ0ptRDJRV0JHWVBaQllFQWdFUEZnSWVCMk52Ym5SbGJuUmtaQUlDRHhZQ0hnUm9jbVZtQlNrdUwwMWxjM05oWjJWR2FXeGxMMlpoZG1samIyNHRaR0ZwTFdodll5MXpZV2t0WjI5dUxtcHdaMlFDQVE5a0ZnZ0NBdzlrRmdKbUQyUVdBZ0lCRDJRV0RHWVBEeFlDSGdSVVpYaDBCUXhEYU1PZ2J5Qmk0YnFoYmlCa1pBSUJEdzhXQkI0SlJtOXlaVU52Ykc5eUNRQXovLzhlQkY4aFUwSUNCR1JrQWdJUER4WUVId01KQURQLy94OEVBZ1JrWkFJRER3OFdCaDhDQlJoVWFHRjVJTVNSNGJ1VmFTQnQ0YnF0ZENCcmFPRzZxWFVmQXdrQU0vLy9Id1FDQkdSa0FnUVBEeFlFSHdNSkFEUC8veDhFQWdSa1pBSUZEdzhXQmg4Q0JRM0VrTVNEYm1jZ1Rtamh1cTF3SHdNSkFEUC8veDhFQWdSa1pBSUZEMlFXd2dFQ0FROFBGZ1FlQ0VOemMwTnNZWE56QlFodmRYUXRiV1Z1ZFI4RUFnSmtGZ0ptRHc4V0FoOENCUXRVVWtGT1J5QkRTT0c3cG1Sa0FnTVBEeFlFSHdVRkNHOTFkQzF0Wlc1MUh3UUNBbVFXQWdJQkR3OFdBaDhDQlJkRVFVNUlJRTNodTZSRElFTkk0YnVvUXlCT3hJSk9SMlJrQWdVUER4WUVId1VGQ0c5MWRDMXRaVzUxSHdRQ0FtUVdBZ0lCRHc4V0FoOENCUnRFVFNCRFNPRzdxRU1nVHNTQ1RrY2d4SkREZ1U1SUlFZEp3NEZrWkFJSER3OFdCQjhGQlFodmRYUXRiV1Z1ZFI4RUFnSmtGZ0lDQVE4UEZnSWZBZ1VqVVZYaHVxSk9JRXpEblNERWtNT0JUa2dnUjBuRGdTQlN3NGhPSUV4VldlRzdoazVrWkFJSkR3OFdCaDhGQlFodmRYUXRiV1Z1ZFI4RUFnSWVCMVpwYzJsaWJHVm9aQllDQWdFUER4WUNId0lGRmNTUXhJSk9SeUJMdzUwZ1RjT1VUaUJJNGJ1TVEyUmtBZ3NQRHhZRUh3VUZDRzkxZEMxdFpXNTFId1FDQW1Sa0FnMFBEeFlFSHdVRkNHOTFkQzF0Wlc1MUh3UUNBbVFXQWdJQkR3OFdBaDhDQlFkWVJVMGdWRXRDWkdRQ0R3OFBGZ1FmQlFVSWIzVjBMVzFsYm5VZkJBSUNaQllDQWdFUER4WUNId0lGRUZoRlRTREVrRW5odTRKTklFUkJUa2hrWkFJUkR3OFdCQjhGQlFodmRYUXRiV1Z1ZFI4RUFnSmtGZ0ptRHc4V0FoOENCUTVZUlUwZ1RPRzdpa05JSUZSSVNXUmtBaE1QRHhZR0h3VUZDRzkxZEMxdFpXNTFId1FDQWg4R2FHUVdBZ0lCRHc4V0FoOENCUlJZUlUwZ1RPRzdpa05JSUZSSVNTQk00YnFnU1dSa0FoVVBEeFlHSHdVRkNHOTFkQzF0Wlc1MUh3UUNBaDhHYUdRV0FnSUJEdzhXQWg4Q0JSRllSVTBnVE9HN2lrTklJRlJJU1NCSFMyUmtBaGNQRHhZR0h3VUZDRzkxZEMxdFpXNTFId1FDQWg4R2FHUVdBZ0lCRHc4V0FoOENCU0ZIU0VrZ1ZNT1RUU0JVNGJxdVZDQk53NVJPSUVkSjRicWlUa2NnUk9HNm9GbGtaQUlaRHc4V0JCOEZCUWh2ZFhRdGJXVnVkUjhFQWdKa1pBSWJEdzhXQkI4RkJRaHZkWFF0YldWdWRSOEVBZ0prRmdJQ0FROFBGZ0lmQWdVT1dFVk5JRWpodTR4RElGQkl3NDFrWkFJZER3OFdCQjhGQlFodmRYUXRiV1Z1ZFI4RUFnSmtaQUlmRHc4V0JCOEZCUWh2ZFhRdGJXVnVkUjhFQWdKa0ZnSUNBUThQRmdJZkFnVUxXRVZOSU1TUVNlRzdnazFrWkFJaER3OFdCaDhGQlFodmRYUXRiV1Z1ZFI4RUFnSWZCbWhrRmdJQ0FROFBGZ0lmQWdVVHhKQko0YnVDVFNCTDRidXlJRmJodTR4T1IyUmtBaU1QRHhZRUh3VUZDRzkxZEMxdFpXNTFId1FDQW1RV0FnSUJEdzhXQWg4Q0JSaEw0YnErVkNCUlZlRzZvaURFa0VuaHU0Sk5JRVJCVGtoa1pBSWxEdzhXQkI4RkJRaHZkWFF0YldWdWRSOEVBZ0prRmdJQ0FROFBGZ0lmQWdVV1MxRWd4SkJKNGJ1Q1RTQkVRVTVJSUU5T1RFbE9SV1JrQWljUER4WUVId1VGQ0c5MWRDMXRaVzUxSHdRQ0FtUVdBZ0lCRHc4V0FoOENCUnRZUlUwZ3hKQko0YnVDVFNCRVFVNUlJRk5KVGtnZ1ZrbkRpazVrWkFJcER3OFdCQjhGQlFodmRYUXRiV1Z1ZFI4RUFnSmtGZ0lDQVE4UEZnSWZBZ1VmUjBuaHVxSk9SeUJXU2NPS1RpQlU0YnV3SU1TUVNlRzdnazBnUkVGT1NHUmtBaXNQRHhZRUh3VUZDRzkxZEMxdFpXNTFId1FDQW1RV0FnSUJEdzhXQWg4Q0JRbFlSVTBnUTFURWtGUmtaQUl0RHc4V0JCOEZCUWh2ZFhRdGJXVnVkUjhFQWdKa0ZnSUNBUThQRmdJZkFnVUxXRVZOSUUzRGxFNGdWRkZrWkFJdkR3OFdCQjhGQlFodmRYUXRiV1Z1ZFI4RUFnSmtGZ0lDQVE4UEZnSWZBZ1VreEpERGdVNUlJRWRKdzRFZ1MrRzZ2bFFnVVZYaHVxSWdVc09JVGlCTVZWbmh1NFpPWkdRQ01ROFBGZ1FmQlFVSWIzVjBMVzFsYm5VZkJBSUNaQllDQWdFUER4WUNId0lGSnNTUXc0Rk9TQ0JIU2NPQklFdFJJRkxEaUU0Z1RGVlo0YnVHVGlCVFNVNUlJRlpKdzRwT1pHUUNNdzhQRmdZZkJRVUliM1YwTFcxbGJuVWZCQUlDSHdab1pCWUNBZ0VQRHhZQ0h3SUZFbFBodTZ4QklGUlVJRVBEZ1NCT1NNT0NUbVJrQWpVUER4WUdId1VGQ0c5MWRDMXRaVzUxSHdRQ0FoOEdaMlFXQWdJQkR3OFdBaDhDQlE1SHc1TlFJTU9kSUV0SjRicStUbVJrQWpjUER4WUdId1VGQ0c5MWRDMXRaVzUxSHdRQ0FoOEdhR1FXQW1ZUER4WUNId0lGRUZQaHU2eEJJRXpEblNCTTRidUtRMGhrWkFJNUR3OFdCQjhGQlFodmRYUXRiV1Z1ZFI4RUFnSmtGZ0lDQVE4UEZnSWZBZ1VWVVZYaHVxSk9JRXpEblNCVFNVNUlJRlpKdzRwT1pHUUNPdzhQRmdRZkJRVUliM1YwTFcxbGJuVWZCQUlDWkJZQ0FnRVBEeFlDSHdJRklrdmh1cjVVSUZGVjRicWlJRk5KVGtnZ1ZrbkRpazRneEpERGdVNUlJRWRKdzRGa1pBSTlEdzhXQkI4RkJRaHZkWFF0YldWdWRSOEVBZ0prWkFJL0R3OFdCQjhGQlFodmRYUXRiV1Z1ZFI4RUFnSmtGZ0lDQVE5a0ZnSm1EdzhXQWg4Q0JSbkVrTU9CVGtnZ1IwbkRnU0JIU2VHNm9rNUhJRVRodXFCWlpHUUNRUThQRmdRZkJRVUliM1YwTFcxbGJuVWZCQUlDWkJZQ0FnRVBEeFlDSHdJRkZNU1F4SUpPUnlCTHc1MGdWRWhKSUV6aHVxQkpaR1FDUXc4UEZnUWZCUVVJYjNWMExXMWxiblVmQkFJQ1pHUUNSUThQRmdRZkJRVUliM1YwTFcxbGJuVWZCQUlDWkJZQ0FnRVBEeFlDSHdJRkVzU1FTeUJEU0ZWWnc0cE9JRTVIdzRCT1NHUmtBa2NQRHhZRUh3VUZDRzkxZEMxdFpXNTFId1FDQW1Sa0Fra1BEeFlFSHdVRkNHOTFkQzF0Wlc1MUh3UUNBbVFXQWdJQkR3OFdBaDhDQlJaTFVTQll3NGxVSUZUaHU1QlVJRTVIU0VuaHU0WlFaR1FDU3c4UEZnUWZCUVVJYjNWMExXMWxiblVmQkFJQ1pCWUNBZ0VQRHhZQ0h3SUZIVXRSSUZqRGlWUWdWRW5odTRCT0lGVGh1NUJVSUU1SFNFbmh1NFpRWkdRQ1RROFBGZ1FmQlFVSWIzVjBMVzFsYm5VZkJBSUNaQllDQWdFUER4WUNId0lGR2tQRGdsVWdTT0c3amtrZ1ZFakdyK0c3bkU1SElFZmh1clpRWkdRQ1R3OFBGZ1FmQlFVSWIzVjBMVzFsYm5VZkJBSUNaQllDQWdFUER4WUNId0lGRThTUVN5QkxTTU9UUVNCTVZlRzZyRTRnVkU1a1pBSlJEdzhXQkI4RkJRaHZkWFF0YldWdWRSOEVBZ0prRmdJQ0FROFBGZ0lmQWdVT1Rramh1cXhRSU1TUVNlRzdnazFrWkFKVER3OFdCQjhGQlFodmRYUXRiV1Z1ZFI4RUFnSmtaQUpWRHc4V0JCOEZCUWh2ZFhRdGJXVnVkUjhFQWdKa1pBSlhEdzhXQkI4RkJRaHZkWFF0YldWdWRSOEVBZ0prWkFKWkR3OFdCQjhGQlFodmRYUXRiV1Z1ZFI4RUFnSmtGZ0lDQVE4UEZnSWZBZ1VlV0VWTklNU1FTZUc3Z2swZ1RjT1VUaUJIU2VHNm9rNUhJRVRodXFCWlpHUUNXdzhQRmdRZkJRVUliM1YwTFcxbGJuVWZCQUlDWkJZQ0FnRVBEeFlDSHdJRkhsaEZUU0RFa0VuaHU0Sk5JRlRodTVST1J5Qkk0YnVpVUNCTTRidWFVR1JrQWwwUER4WUVId1VGQ0c5MWRDMXRaVzUxSHdRQ0FtUVdBZ0lCRHc4V0FoOENCUlZKVGlCTFNPRzdrRWtnVE1hdjRidWlUa2NnUjBSa1pBSmZEdzhXQkI4RkJRaHZkWFF0YldWdWRSOEVBZ0prRmdJQ0FROFBGZ0lmQWdVT1ZWQk1UMEZFSU1TUVNlRzdnazFrWkFKaER3OFdCQjhGQlFodmRYUXRiV1Z1ZFI4RUFnSmtGZ0lDQVE4UEZnSWZBZ1VOVkV0Q0lFTGh1NWdnVGNPVVRtUmtBbU1QRHhZRUh3VUZDRzkxZEMxdFpXNTFId1FDQW1RV0FnSUJEdzhXQWg4Q0JSUk00YnVLUTBnZ1ZFaEpJRUxodTVnZ1RjT1VUbVJrQW1VUER4WUVId1VGQ0c5MWRDMXRaVzUxSHdRQ0FtUVdBZ0lCRHc4V0FoOENCU1pVU09HN2tFNUhJRXZEaWlCSFNlRzZvazVISUZaSnc0cE9JRVJWV2VHN2hsUWdTMUZFUzJSa0FtY1BEeFlFSHdVRkNHOTFkQzF0Wlc1MUh3UUNBbVFXQWdJQkR3OFdBaDhDQlNKWVJVMGdWT0c3bEU1SElFamh1NkpRSUV0UklFamh1NHhESUZUaHVxeFFJRk5XWkdRQ2FROFBGZ1FmQlFVSWIzVjBMVzFsYm5VZkJBSUNaR1FDYXc4UEZnUWZCUVVJYjNWMExXMWxiblVmQkFJQ1pCWUNaZzhQRmdJZkFnVVlTK0c2dmlCSVQrRzZvRU5JSUVqaHU0eERJRlRodXF4UVpHUUNiUThQRmdRZkJRVUliM1YwTFcxbGJuVWZCQUlDWkdRQ2J3OFBGZ1FmQlFVSWIzVjBMVzFsYm5VZkJBSUNaQllDQWdFUER4WUNId0lGRkVqR3IrRzdtazVISUVUaHVxcE9JTVNRUzAxSVpHUUNjUThQRmdRZkJRVUliM1YwTFcxbGJuVWZCQUlDWkJZQ0FnRVBEeFlDSHdJRklFNUk0YnFzVUNERWtPRzdpa0VnUTBqaHU0Z2dUa2podXF4T0lGUERnVU5JWkdRQ2N3OFBGZ1FmQlFVSWIzVjBMVzFsYm5VZkJBSUNaQllDQWdFUER4WUNId0lGSk1TUXhJSk9SeUJMdzUwZ1Rramh1cXhPSUZQRGdVTklJRTVIVDhPQVNTQkhTZUc3bkdSa0FuVVBEeFlFSHdVRkNHOTFkQzF0Wlc1MUh3UUNBbVFXQWdJQkR3OFdBaDhDQlJ2RWtNT0JUa2dnUjBuRGdTQkRTT0c2cEZRZ1RNYXY0YnVpVGtka1pBSjNEdzhXQkI4RkJRaHZkWFF0YldWdWRSOEVBZ0prRmdJQ0FROFBGZ0lmQWdVZnhKQXVTOE9kSUVUaHU3QWdUT0c3aENCVTRidVFWQ0JPUjBoSjRidUdVR1JrQW5rUER4WUVId1VGQ0c5MWRDMXRaVzUxSHdRQ0FtUVdBZ0lCRHc4V0FoOENCUk5PNGJ1WVVDQkRTT0c3cUU1SElFTkk0YnVJWkdRQ2V3OFBGZ1FmQlFVSWIzVjBMVzFsYm5VZkJBSUNaQllDQWdFUER4WUNId0lGSVZoRlRTREVrT0c3Z0NCRHhxL0dvRTVISUZSU1QwNUhJRUxodTVnZ1RjT1VUbVJrQW4wUER4WUVId1VGQ0c5MWRDMXRaVzUxSHdRQ0FtUVdBZ0lCRHc4V0FoOENCUmxFUVU1SUlGUERnVU5JSU1TUUxrdkRuU0JZdzRsVUlGUk9aR1FDZnc4UEZnUWZCUVVJYjNWMExXMWxiblVmQkFJQ1pCWUNBZ0VQRHhZQ0h3SUZIa1JCVGtnZ1U4T0JRMGdneEpBdVM4T2RJRVRodTdBZ1RPRzdoQ0JVVG1Sa0FvRUJEdzhXQkI4RkJRaHZkWFF0YldWdWRSOEVBZ0prRmdJQ0FROFBGZ0lmQWdVV1ZFakRsRTVISUZSSlRpQk1WZUc2ckU0Z1ZzU0NUbVJrQW9NQkR3OFdCQjhGQlFodmRYUXRiV1Z1ZFI4RUFnSmtGZ0lDQVE4UEZnSWZBZ1VqVkZKQklFUGh1NmhWSUZSSXc1Uk9SeUJVU1U0Z1ZPRzdrRlFnVGtkSVNlRzdobEJrWkFLRkFROFBGZ1FmQlFVSWIzVjBMVzFsYm5VZkJBSUNaQllDQWdFUER4WUNId0lGRUVQaHU3QlZJRk5KVGtnZ1ZrbkRpazVrWkFLSEFROFBGZ1FmQlFVSWIzVjBMVzFsYm5VZkJBSUNaQllDQWdFUER4WUNId0lGRjhTUXhJSk9SeUJMdzUwZ1dNT0pWQ0JVVlZuaHU0Sk9aR1FDaVFFUER4WUVId1VGQ0c5MWRDMXRaVzUxSHdRQ0FtUVdBZ0lCRHc4V0FoOENCU0JVU01PVVRrY2dWRWxPSUVqaHU1SWdVOGFnSUZSVldlRzdnazRnVTBsT1NHUmtBb3NCRHc4V0JCOEZCUWh2ZFhRdGJXVnVkUjhFQWdKa1pBS05BUThQRmdRZkJRVUliM1YwTFcxbGJuVWZCQUlDWkJZQ0FnRVBEeFlDSHdJRkYwakRrMEVneEpER29FNGd4SkJKNGJ1R1RpQlU0YnVzWkdRQ2p3RVBEeFlFSHdVRkNHOTFkQzF0Wlc1MUh3UUNBbVFXQWdJQkR3OFdBaDhDQlJaT1Iwamh1NGdnUk9HNm9Ga2dST0c2b0ZrZ1FzT1paR1FDa1FFUER4WUVId1VGQ0c5MWRDMXRaVzUxSHdRQ0FtUVdBZ0lCRHc4V0FoOENCUmZFa01TQ1RrY2dTOE9kSUU1SFNPRzdpQ0JRU01PSlVHUmtBcE1CRHc4V0JCOEZCUWh2ZFhRdGJXVnVkUjhFQWdKa0ZnSUNBUThQRmdJZkFnVVN4SkRFZ2s1SElFdkRuU0JEVDBrZ1ZFaEpaR1FDbFFFUER4WUVId1VGQ0c5MWRDMXRaVzUxSHdRQ0FtUVdBZ0lCRHc4V0FoOENCUkpZUlUwZ1RPRzdpa05JSUVOUFNTQlVTRWxrWkFLWEFROFBGZ1FmQlFVSWIzVjBMVzFsYm5VZkJBSUNaQllDQWdFUER4WUNId0lGRzB0UklFNUhTRW5EaWs0Z1ErRzdxRlVnUzBoUFFTQkk0YnVNUTJSa0Fwa0JEdzhXQkI4RkJRaHZkWFF0YldWdWRSOEVBZ0prRmdJQ0FROFBGZ0lmQWdVY1dFVk5JTVNRNGJ1QUlGVERnRWtnVGtOTFNDQlVTRUZOSUVkSlFXUmtBcHNCRHc4V0JCOEZCUWh2ZFhRdGJXVnVkUjhFQWdKa0ZnSUNBUTlrRmdKbUR3OFdBaDhDQlNURWtNU0NUa2NnUzhPZElGaEpUaUJIU2VHNnBGa2dRMGpodTZoT1J5Qk9TT0c2ckU1a1pBS2RBUThQRmdRZkJRVUliM1YwTFcxbGJuVWZCQUlDWkJZQ0FnRVBaQllDWmc4UEZnSWZBZ1VaUStHNnJGQWdUa2podXF4VUlFNUhUK0c2b0VrZ1ZGTERtbVJrQXA4QkR3OFdCQjhGQlFodmRYUXRiV1Z1ZFI4RUFnSmtGZ0lDQVE4UEZnSWZBZ1ViUStHNnJGQWdUa2podXF4VUlGUkl4cS9odTV4T1J5QlVVc09hWkdRQ29RRVBEeFlFSHdVRkNHOTFkQzF0Wlc1MUh3UUNBbVFXQWdJQkR3OFdBaDhDQlJWRDRicW9UU0JPUVU1SElGTkpUa2dnVmtuRGlrNWtaQUtqQVE4UEZnUWZCUVVJYjNWMExXMWxiblVmQkFJQ1pCWUNBZ0VQRHhZQ0h3SUZIbGhGVFNCTVZlRzZyRTRnVnNTQ1RpQlU0YnVRVkNCT1IwaEo0YnVHVUdSa0FxVUJEdzhXQkI4RkJRaHZkWFF0YldWdWRSOEVBZ0prRmdJQ0FROFBGZ0lmQWdVZVdFVk5JRXhWNGJxc1RpQld4SUpPSUVqR3IrRzdtazVISUVUaHVxcE9aR1FDcHdFUER4WUVId1VGQ0c5MWRDMXRaVzUxSHdRQ0FtUVdBZ0lCRHc4V0FoOENCUjFZUlUwZ1RGWGh1cXhPSUZiRWdrNGdVRWpodXFKT0lFSko0YnVHVG1Sa0Fxa0JEdzhXQkI4RkJRaHZkWFF0YldWdWRSOEVBZ0prRmdJQ0FROFBGZ0lmQWdVa1FzT0JUeUJDU2VHN2dsVWdVRWpodTZSRElGYmh1NlFnVE1PRFRrZ2d4SkRodXFCUFpHUUNxd0VQRHhZRUh3VUZDRzkxZEMxdFpXNTFId1FDQW1RV0FnSUJEdzhXQWg4Q0JSeFVTT0c3a0U1SElFdkRpaURFa01PVFRrY2dTRkFnVDA1TVNVNUZaR1FDclFFUER4WUVId1VGQ0c5MWRDMXRaVzUxSHdRQ0FtUVdBZ0lCRHc4V0FoOENCUmZFa01TQ1RrY2dTOE9kSUV2RG5TQlV3NXBESUZqRGdXUmtBcThCRHc4V0JCOEZCUWh2ZFhRdGJXVnVkUjhFQWdKa0ZnSUNBUThQRmdJZkFnVVlWRWhCVGtnZ1ZFL0RnVTRnUzhPZElGVERta01nV01PQlpHUUNzUUVQRHhZRUh3VUZDRzkxZEMxdFpXNTFId1FDQW1RV0FnSUJEdzhXQWg4Q0JTSkQ0YnFzVUNCT1NPRzZyRlFnVE1PZElFemh1NHBEU0NCTFNFOUJJRWpodTR4RFpHUUNzd0VQRHhZRUh3VUZDRzkxZEMxdFpXNTFId1FDQW1RV0FnSUJEdzhXQWg4Q0JSZEQ0YnFzVUNCT1NPRzZyRlFnVkM1VVNVNGdRa2haVkdSa0FyVUJEdzhXQkI4RkJRaHZkWFF0YldWdWRSOEVBZ0prRmdJQ0FROFBGZ0lmQWdVV1dFVk5JTVNRU2VHN2drMGd4SkREZ3lCRTRicWdXV1JrQXJjQkR3OFdCQjhGQlFodmRYUXRiV1Z1ZFI4RUFnSmtGZ0lDQVE4UEZnSWZBZ1VaU1U0Z1M4T0tJRXRJUVVrZ1Iwbmh1NXdnUjBuaHVxSk9SMlJrQXJrQkR3OFdCQjhGQlFodmRYUXRiV1Z1ZFI4RUFnSmtaQUs3QVE4UEZnUWZCUVVJYjNWMExXMWxiblVmQkFJQ1pHUUN2UUVQRHhZRUh3VUZDRzkxZEMxdFpXNTFId1FDQW1Sa0FyOEJEdzhXQkI4RkJRaHZkWFF0YldWdWRSOEVBZ0prWkFMQkFROFBGZ1FmQlFVSWIzVjBMVzFsYm5VZkJBSUNaR1FDQnc5a0ZnSUNBUTlrRmdKbUQyUVdBZ0lERDJRV0VBSUJEdzhXQWg4Q0JSTlJkY09xYmlCdDRicXRkQ0JyYU9HNnFYVWhaR1FDQXc4UEZnSWZBZ1VTVk1PcWJpREVrTVNEYm1jZ1Rtamh1cTF3WkdRQ0JROFBaQllDSGdwdmJtdGxlWEJ5WlhOekJVQmlkWFIwYjI1ZlkyeHBZMnNvZEdocGN5d25ZM1JzTURCZlEyOXVkR1Z1ZEZCc1lXTmxTRzlzWkdWeU1WOWpkR3d3TUY5aWRHNUVZVzVuVG1oaGNDY3BaQUlIRHc4V0FoOENCUXhONGJxdGRDQkxhT0c2cVhWa1pBSUpEdzlrRmdJZkJ3VkFZblYwZEc5dVgyTnNhV05yS0hSb2FYTXNKMk4wYkRBd1gwTnZiblJsYm5SUWJHRmpaVWh2YkdSbGNqRmZZM1JzTURCZlluUnVSR0Z1WjA1b1lYQW5LV1FDQ3c4UEZnSWZBZ1VOeEpERWcyNW5JRTVvNGJxdGNHUmtBZzBQRHhZQ0h3Wm9aR1FDRHc4UEZnSWZCbWhrWkFJSkQyUVdDQUlCRHc4V0FoOENCWGxEYjNCNWNtbG5hSFFnd3FreU1EQTVJRlJ5eHJEaHU1MXVaeURFa0VnZ1U4T2dhU0JIdzdKdUxjU1E0YnFoYVNCbzRidU5ZeUJqYU1PdGJtZ2djWFY1TGlCUmRlRzZvMjRnYk1POUlHTGh1NTlwSU9HN3Bua2dZbUZ1SUc1b3c2SnVJR1REb200Z1ZGQXVJRWpodTVNZ1EyakRyU0JOYVc1b1pHUUNBdzhQRmdJZkFnVUxWSEpoYm1jZ1Eyamh1NmRrWkFJRkR3OFdBaDhDQlMxVWFHbmh1cjkwSUd2aHVyOGdZdUc3bjJrZ1kzUjVJRkJvNGJxbmJpQnQ0YnVCYlNCQmJtZ2dVWFhEb201a1pBSUhEdzhXQWg4Q0JRekVrT0c2cDNVZ1ZISmhibWRrWkdSSDA4U25vWExPM3lZdUVtRHUzc2tzdDhiT3JnPT0iIENvcnJlbGF0aW9uQmluZGluZz0iIiBVcmxFbmNvZGU9IlRydWUiIC8+DQogICAgICAgIDxGb3JtUG9zdFBhcmFtZXRlciBOYW1lPSJfX1ZJRVdTVEFURUdFTkVSQVRPUiIgVmFsdWU9Int7JEhJRERFTjEuX19WSUVXU1RBVEVHRU5FUkFUT1J9fSIgUmVjb3JkZWRWYWx1ZT0iQ0EwQjAzMzQiIENvcnJlbGF0aW9uQmluZGluZz0iIiBVcmxFbmNvZGU9IlRydWUiIC8+DQogICAgICAgIDxGb3JtUG9zdFBhcmFtZXRlciBOYW1lPSJjdGwwMCRDb250ZW50UGxhY2VIb2xkZXIxJGN0bDAwJHR4dFRhaUtob2EiIFZhbHVlPSIiIFJlY29yZGVkVmFsdWU9IiIgQ29ycmVsYXRpb25CaW5kaW5nPSIiIFVybEVuY29kZT0iVHJ1ZSIgLz4NCiAgICAgICAgPEZvcm1Qb3N0UGFyYW1ldGVyIE5hbWU9ImN0bDAwJENvbnRlbnRQbGFjZUhvbGRlcjEkY3RsMDAkdHh0TWF0S2hhdSIgVmFsdWU9IiIgUmVjb3JkZWRWYWx1ZT0iIiBDb3JyZWxhdGlvbkJpbmRpbmc9IiIgVXJsRW5jb2RlPSJUcnVlIiAvPg0KICAgICAgPC9Gb3JtUG9zdEh0dHBCb2R5Pg0KICAgIDwvUmVxdWVzdD4NCiAgICA8UmVxdWVzdCBNZXRob2Q9IlBPU1QiIEd1aWQ9IjFjMzdjZWY3LWZlNjktNGQ4OS1hMDQ1LWU5MmY3MjM0ZjgwMiIgVmVyc2lvbj0iMS4xIiBVcmw9Imh0dHA6Ly90aG9uZ3RpbmRhb3Rhby5zZ3UuZWR1LnZuL0RlZmF1bHQuYXNweCIgVGhpbmtUaW1lPSI0IiBUaW1lb3V0PSIzMDAiIFBhcnNlRGVwZW5kZW50UmVxdWVzdHM9IlRydWUiIEZvbGxvd1JlZGlyZWN0cz0iVHJ1ZSIgUmVjb3JkUmVzdWx0PSJUcnVlIiBDYWNoZT0iRmFsc2UiIFJlc3BvbnNlVGltZUdvYWw9IjAiIEVuY29kaW5nPSJ1dGYtOCIgRXhwZWN0ZWRIdHRwU3RhdHVzQ29kZT0iMCIgRXhwZWN0ZWRSZXNwb25zZVVybD0iaHR0cDovL3Rob25ndGluZGFvdGFvLnNndS5lZHUudm4vRGVmYXVsdC5hc3B4P3BhZ2U9cXVlbm1hdGtoYXUiIFJlcG9ydGluZ05hbWU9IiIgSWdub3JlSHR0cFN0YXR1c0NvZGU9IkZhbHNlIj4NCiAgICAgIDxIZWFkZXJzPg0KICAgICAgICA8SGVhZGVyIE5hbWU9IlJlZmVyZXIiIFZhbHVlPSJodHRwOi8vdGhvbmd0aW5kYW90YW8uc2d1LmVkdS52bi9EZWZhdWx0LmFzcHg/cGFnZT1kYW5nbmhhcCIgLz4NCiAgICAgIDwvSGVhZGVycz4NCiAgICAgIDxDb3JyZWxhdGlvbkV4dHJhY3Rpb25SdWxlcz4NCiAgICAgICAgPEV4dHJhY3Rpb25SdWxlIENsYXNzbmFtZT0iTWljcm9zb2Z0LlZpc3VhbFN0dWRpby5UZXN0VG9vbHMuV2ViVGVzdGluZy5SdWxlcy5FeHRyYWN0VGV4dCwgTWljcm9zb2Z0LlZpc3VhbFN0dWRpby5RdWFsaXR5VG9vbHMuV2ViVGVzdEZyYW1ld29yaywgVmVyc2lvbj0xMC4wLjAuMCwgQ3VsdHVyZT1uZXV0cmFsLCBQdWJsaWNLZXlUb2tlbj1iMDNmNWY3ZjExZDUwYTNhIiBWYXJpYWJsZU5hbWU9IlF1ZXJ5U3RyaW5nUGFyYW0yNC5wYWdlIiBEaXNwbGF5TmFtZT0iIiBEZXNjcmlwdGlvbj0iIj4NCiAgICAgICAgICA8UnVsZVBhcmFtZXRlcnM+DQogICAgICAgICAgICA8UnVsZVBhcmFtZXRlciBOYW1lPSJTdGFydHNXaXRoIiBWYWx1ZT0iP3BhZ2U9IiAvPg0KICAgICAgICAgICAgPFJ1bGVQYXJhbWV0ZXIgTmFtZT0iRW5kc1dpdGgiIFZhbHVlPSImcXVvdDsiIC8+DQogICAgICAgICAgICA8UnVsZVBhcmFtZXRlciBOYW1lPSJJbmRleCIgVmFsdWU9IjIiIC8+DQogICAgICAgICAgICA8UnVsZVBhcmFtZXRlciBOYW1lPSJJZ25vcmVDYXNlIiBWYWx1ZT0iRmFsc2UiIC8+DQogICAgICAgICAgICA8UnVsZVBhcmFtZXRlciBOYW1lPSJVc2VSZWd1bGFyRXhwcmVzc2lvbiIgVmFsdWU9IkZhbHNlIiAvPg0KICAgICAgICAgICAgPFJ1bGVQYXJhbWV0ZXIgTmFtZT0iSHRtbERlY29kZSIgVmFsdWU9IlRydWUiIC8+DQogICAgICAgICAgICA8UnVsZVBhcmFtZXRlciBOYW1lPSJSZXF1aXJlZCIgVmFsdWU9IkZhbHNlIiAvPg0KICAgICAgICAgIDwvUnVsZVBhcmFtZXRlcnM+DQogICAgICAgIDwvRXh0cmFjdGlvblJ1bGU+DQogICAgICA8L0NvcnJlbGF0aW9uRXh0cmFjdGlvblJ1bGVzPg0KICAgICAgPFF1ZXJ5U3RyaW5nUGFyYW1ldGVycz4NCiAgICAgICAgPFF1ZXJ5U3RyaW5nUGFyYW1ldGVyIE5hbWU9InBhZ2UiIFZhbHVlPSJkYW5nbmhhcCIgUmVjb3JkZWRWYWx1ZT0iZGFuZ25oYXAiIENvcnJlbGF0aW9uQmluZGluZz0ie3tRdWVyeVN0cmluZ1BhcmFtMjMucGFnZX19IiBVcmxFbmNvZGU9IkZhbHNlIiBVc2VUb0dyb3VwUmVzdWx0cz0iRmFsc2UiIC8+DQogICAgICA8L1F1ZXJ5U3RyaW5nUGFyYW1ldGVycz4NCiAgICAgIDxGb3JtUG9zdEh0dHBCb2R5Pg0KICAgICAgICA8Rm9ybVBvc3RQYXJhbWV0ZXIgTmFtZT0iX19FVkVOVFRBUkdFVCIgVmFsdWU9ImN0bDAwJENvbnRlbnRQbGFjZUhvbGRlcjEkY3RsMDAkbG5rQnRuUXVlbk1LIiBSZWNvcmRlZFZhbHVlPSJjdGwwMCRDb250ZW50UGxhY2VIb2xkZXIxJGN0bDAwJGxua0J0blF1ZW5NSyIgQ29ycmVsYXRpb25CaW5kaW5nPSIiIFVybEVuY29kZT0iVHJ1ZSIgLz4NCiAgICAgICAgPEZvcm1Qb3N0UGFyYW1ldGVyIE5hbWU9Il9fRVZFTlRBUkdVTUVOVCIgVmFsdWU9Int7JEhJRERFTjEuX19FVkVOVEFSR1VNRU5UfX0iIFJlY29yZGVkVmFsdWU9IiIgQ29ycmVsYXRpb25CaW5kaW5nPSIiIFVybEVuY29kZT0iVHJ1ZSIgLz4NCiAgICAgICAgPEZvcm1Qb3N0UGFyYW1ldGVyIE5hbWU9Il9fVklFV1NUQVRFIiBWYWx1ZT0ie3skSElEREVOMS5fX1ZJRVdTVEFURX19IiBSZWNvcmRlZFZhbHVlPSIvd0VQRHdVS0xUTXhOamMzTlRNM05ROWtGZ0ptRDJRV0JHWVBaQllFQWdFUEZnSWVCMk52Ym5SbGJuUmtaQUlDRHhZQ0hnUm9jbVZtQlNrdUwwMWxjM05oWjJWR2FXeGxMMlpoZG1samIyNHRaR0ZwTFdodll5MXpZV2t0WjI5dUxtcHdaMlFDQVE5a0ZnZ0NBdzlrRmdKbUQyUVdBZ0lCRDJRV0RHWVBEeFlDSGdSVVpYaDBCUXhEYU1PZ2J5Qmk0YnFoYmlCa1pBSUJEdzhXQkI0SlJtOXlaVU52Ykc5eUNRQXovLzhlQkY4aFUwSUNCR1JrQWdJUER4WUVId01KQURQLy94OEVBZ1JrWkFJRER3OFdCaDhDQlJoVWFHRjVJTVNSNGJ1VmFTQnQ0YnF0ZENCcmFPRzZxWFVmQXdrQU0vLy9Id1FDQkdSa0FnUVBEeFlFSHdNSkFEUC8veDhFQWdSa1pBSUZEdzhXQmg4Q0JRM0VrTVNEYm1jZ1Rtamh1cTF3SHdNSkFEUC8veDhFQWdSa1pBSUZEMlFXd2dFQ0FROFBGZ1FlQ0VOemMwTnNZWE56QlFodmRYUXRiV1Z1ZFI4RUFnSmtGZ0ptRHc4V0FoOENCUXRVVWtGT1J5QkRTT0c3cG1Sa0FnTVBEeFlFSHdVRkNHOTFkQzF0Wlc1MUh3UUNBbVFXQWdJQkR3OFdBaDhDQlJkRVFVNUlJRTNodTZSRElFTkk0YnVvUXlCT3hJSk9SMlJrQWdVUER4WUVId1VGQ0c5MWRDMXRaVzUxSHdRQ0FtUVdBZ0lCRHc4V0FoOENCUnRFVFNCRFNPRzdxRU1nVHNTQ1RrY2d4SkREZ1U1SUlFZEp3NEZrWkFJSER3OFdCQjhGQlFodmRYUXRiV1Z1ZFI4RUFnSmtGZ0lDQVE4UEZnSWZBZ1VqVVZYaHVxSk9JRXpEblNERWtNT0JUa2dnUjBuRGdTQlN3NGhPSUV4VldlRzdoazVrWkFJSkR3OFdCaDhGQlFodmRYUXRiV1Z1ZFI4RUFnSWVCMVpwYzJsaWJHVm9aQllDQWdFUER4WUNId0lGRmNTUXhJSk9SeUJMdzUwZ1RjT1VUaUJJNGJ1TVEyUmtBZ3NQRHhZRUh3VUZDRzkxZEMxdFpXNTFId1FDQW1Sa0FnMFBEeFlFSHdVRkNHOTFkQzF0Wlc1MUh3UUNBbVFXQWdJQkR3OFdBaDhDQlFkWVJVMGdWRXRDWkdRQ0R3OFBGZ1FmQlFVSWIzVjBMVzFsYm5VZkJBSUNaQllDQWdFUER4WUNId0lGRUZoRlRTREVrRW5odTRKTklFUkJUa2hrWkFJUkR3OFdCQjhGQlFodmRYUXRiV1Z1ZFI4RUFnSmtGZ0ptRHc4V0FoOENCUTVZUlUwZ1RPRzdpa05JSUZSSVNXUmtBaE1QRHhZR0h3VUZDRzkxZEMxdFpXNTFId1FDQWg4R2FHUVdBZ0lCRHc4V0FoOENCUlJZUlUwZ1RPRzdpa05JSUZSSVNTQk00YnFnU1dSa0FoVVBEeFlHSHdVRkNHOTFkQzF0Wlc1MUh3UUNBaDhHYUdRV0FnSUJEdzhXQWg4Q0JSRllSVTBnVE9HN2lrTklJRlJJU1NCSFMyUmtBaGNQRHhZR0h3VUZDRzkxZEMxdFpXNTFId1FDQWg4R2FHUVdBZ0lCRHc4V0FoOENCU0ZIU0VrZ1ZNT1RUU0JVNGJxdVZDQk53NVJPSUVkSjRicWlUa2NnUk9HNm9GbGtaQUlaRHc4V0JCOEZCUWh2ZFhRdGJXVnVkUjhFQWdKa1pBSWJEdzhXQkI4RkJRaHZkWFF0YldWdWRSOEVBZ0prRmdJQ0FROFBGZ0lmQWdVT1dFVk5JRWpodTR4RElGQkl3NDFrWkFJZER3OFdCQjhGQlFodmRYUXRiV1Z1ZFI4RUFnSmtaQUlmRHc4V0JCOEZCUWh2ZFhRdGJXVnVkUjhFQWdKa0ZnSUNBUThQRmdJZkFnVUxXRVZOSU1TUVNlRzdnazFrWkFJaER3OFdCaDhGQlFodmRYUXRiV1Z1ZFI4RUFnSWZCbWhrRmdJQ0FROFBGZ0lmQWdVVHhKQko0YnVDVFNCTDRidXlJRmJodTR4T1IyUmtBaU1QRHhZRUh3VUZDRzkxZEMxdFpXNTFId1FDQW1RV0FnSUJEdzhXQWg4Q0JSaEw0YnErVkNCUlZlRzZvaURFa0VuaHU0Sk5JRVJCVGtoa1pBSWxEdzhXQkI4RkJRaHZkWFF0YldWdWRSOEVBZ0prRmdJQ0FROFBGZ0lmQWdVV1MxRWd4SkJKNGJ1Q1RTQkVRVTVJSUU5T1RFbE9SV1JrQWljUER4WUVId1VGQ0c5MWRDMXRaVzUxSHdRQ0FtUVdBZ0lCRHc4V0FoOENCUnRZUlUwZ3hKQko0YnVDVFNCRVFVNUlJRk5KVGtnZ1ZrbkRpazVrWkFJcER3OFdCQjhGQlFodmRYUXRiV1Z1ZFI4RUFnSmtGZ0lDQVE4UEZnSWZBZ1VmUjBuaHVxSk9SeUJXU2NPS1RpQlU0YnV3SU1TUVNlRzdnazBnUkVGT1NHUmtBaXNQRHhZRUh3VUZDRzkxZEMxdFpXNTFId1FDQW1RV0FnSUJEdzhXQWg4Q0JRbFlSVTBnUTFURWtGUmtaQUl0RHc4V0JCOEZCUWh2ZFhRdGJXVnVkUjhFQWdKa0ZnSUNBUThQRmdJZkFnVUxXRVZOSUUzRGxFNGdWRkZrWkFJdkR3OFdCQjhGQlFodmRYUXRiV1Z1ZFI4RUFnSmtGZ0lDQVE4UEZnSWZBZ1VreEpERGdVNUlJRWRKdzRFZ1MrRzZ2bFFnVVZYaHVxSWdVc09JVGlCTVZWbmh1NFpPWkdRQ01ROFBGZ1FmQlFVSWIzVjBMVzFsYm5VZkJBSUNaQllDQWdFUER4WUNId0lGSnNTUXc0Rk9TQ0JIU2NPQklFdFJJRkxEaUU0Z1RGVlo0YnVHVGlCVFNVNUlJRlpKdzRwT1pHUUNNdzhQRmdZZkJRVUliM1YwTFcxbGJuVWZCQUlDSHdab1pCWUNBZ0VQRHhZQ0h3SUZFbFBodTZ4QklGUlVJRVBEZ1NCT1NNT0NUbVJrQWpVUER4WUdId1VGQ0c5MWRDMXRaVzUxSHdRQ0FoOEdaMlFXQWdJQkR3OFdBaDhDQlE1SHc1TlFJTU9kSUV0SjRicStUbVJrQWpjUER4WUdId1VGQ0c5MWRDMXRaVzUxSHdRQ0FoOEdhR1FXQW1ZUER4WUNId0lGRUZQaHU2eEJJRXpEblNCTTRidUtRMGhrWkFJNUR3OFdCQjhGQlFodmRYUXRiV1Z1ZFI4RUFnSmtGZ0lDQVE4UEZnSWZBZ1VWVVZYaHVxSk9JRXpEblNCVFNVNUlJRlpKdzRwT1pHUUNPdzhQRmdRZkJRVUliM1YwTFcxbGJuVWZCQUlDWkJZQ0FnRVBEeFlDSHdJRklrdmh1cjVVSUZGVjRicWlJRk5KVGtnZ1ZrbkRpazRneEpERGdVNUlJRWRKdzRGa1pBSTlEdzhXQkI4RkJRaHZkWFF0YldWdWRSOEVBZ0prWkFJL0R3OFdCQjhGQlFodmRYUXRiV1Z1ZFI4RUFnSmtGZ0lDQVE5a0ZnSm1EdzhXQWg4Q0JSbkVrTU9CVGtnZ1IwbkRnU0JIU2VHNm9rNUhJRVRodXFCWlpHUUNRUThQRmdRZkJRVUliM1YwTFcxbGJuVWZCQUlDWkJZQ0FnRVBEeFlDSHdJRkZNU1F4SUpPUnlCTHc1MGdWRWhKSUV6aHVxQkpaR1FDUXc4UEZnUWZCUVVJYjNWMExXMWxiblVmQkFJQ1pHUUNSUThQRmdRZkJRVUliM1YwTFcxbGJuVWZCQUlDWkJZQ0FnRVBEeFlDSHdJRkVzU1FTeUJEU0ZWWnc0cE9JRTVIdzRCT1NHUmtBa2NQRHhZRUh3VUZDRzkxZEMxdFpXNTFId1FDQW1Sa0Fra1BEeFlFSHdVRkNHOTFkQzF0Wlc1MUh3UUNBbVFXQWdJQkR3OFdBaDhDQlJaTFVTQll3NGxVSUZUaHU1QlVJRTVIU0VuaHU0WlFaR1FDU3c4UEZnUWZCUVVJYjNWMExXMWxiblVmQkFJQ1pCWUNBZ0VQRHhZQ0h3SUZIVXRSSUZqRGlWUWdWRW5odTRCT0lGVGh1NUJVSUU1SFNFbmh1NFpRWkdRQ1RROFBGZ1FmQlFVSWIzVjBMVzFsYm5VZkJBSUNaQllDQWdFUER4WUNId0lGR2tQRGdsVWdTT0c3amtrZ1ZFakdyK0c3bkU1SElFZmh1clpRWkdRQ1R3OFBGZ1FmQlFVSWIzVjBMVzFsYm5VZkJBSUNaQllDQWdFUER4WUNId0lGRThTUVN5QkxTTU9UUVNCTVZlRzZyRTRnVkU1a1pBSlJEdzhXQkI4RkJRaHZkWFF0YldWdWRSOEVBZ0prRmdJQ0FROFBGZ0lmQWdVT1Rramh1cXhRSU1TUVNlRzdnazFrWkFKVER3OFdCQjhGQlFodmRYUXRiV1Z1ZFI4RUFnSmtaQUpWRHc4V0JCOEZCUWh2ZFhRdGJXVnVkUjhFQWdKa1pBSlhEdzhXQkI4RkJRaHZkWFF0YldWdWRSOEVBZ0prWkFKWkR3OFdCQjhGQlFodmRYUXRiV1Z1ZFI4RUFnSmtGZ0lDQVE4UEZnSWZBZ1VlV0VWTklNU1FTZUc3Z2swZ1RjT1VUaUJIU2VHNm9rNUhJRVRodXFCWlpHUUNXdzhQRmdRZkJRVUliM1YwTFcxbGJuVWZCQUlDWkJZQ0FnRVBEeFlDSHdJRkhsaEZUU0RFa0VuaHU0Sk5JRlRodTVST1J5Qkk0YnVpVUNCTTRidWFVR1JrQWwwUER4WUVId1VGQ0c5MWRDMXRaVzUxSHdRQ0FtUVdBZ0lCRHc4V0FoOENCUlZKVGlCTFNPRzdrRWtnVE1hdjRidWlUa2NnUjBSa1pBSmZEdzhXQkI4RkJRaHZkWFF0YldWdWRSOEVBZ0prRmdJQ0FROFBGZ0lmQWdVT1ZWQk1UMEZFSU1TUVNlRzdnazFrWkFKaER3OFdCQjhGQlFodmRYUXRiV1Z1ZFI4RUFnSmtGZ0lDQVE4UEZnSWZBZ1VOVkV0Q0lFTGh1NWdnVGNPVVRtUmtBbU1QRHhZRUh3VUZDRzkxZEMxdFpXNTFId1FDQW1RV0FnSUJEdzhXQWg4Q0JSUk00YnVLUTBnZ1ZFaEpJRUxodTVnZ1RjT1VUbVJrQW1VUER4WUVId1VGQ0c5MWRDMXRaVzUxSHdRQ0FtUVdBZ0lCRHc4V0FoOENCU1pVU09HN2tFNUhJRXZEaWlCSFNlRzZvazVISUZaSnc0cE9JRVJWV2VHN2hsUWdTMUZFUzJSa0FtY1BEeFlFSHdVRkNHOTFkQzF0Wlc1MUh3UUNBbVFXQWdJQkR3OFdBaDhDQlNKWVJVMGdWT0c3bEU1SElFamh1NkpRSUV0UklFamh1NHhESUZUaHVxeFFJRk5XWkdRQ2FROFBGZ1FmQlFVSWIzVjBMVzFsYm5VZkJBSUNaR1FDYXc4UEZnUWZCUVVJYjNWMExXMWxiblVmQkFJQ1pCWUNaZzhQRmdJZkFnVVlTK0c2dmlCSVQrRzZvRU5JSUVqaHU0eERJRlRodXF4UVpHUUNiUThQRmdRZkJRVUliM1YwTFcxbGJuVWZCQUlDWkdRQ2J3OFBGZ1FmQlFVSWIzVjBMVzFsYm5VZkJBSUNaQllDQWdFUER4WUNId0lGRkVqR3IrRzdtazVISUVUaHVxcE9JTVNRUzAxSVpHUUNjUThQRmdRZkJRVUliM1YwTFcxbGJuVWZCQUlDWkJZQ0FnRVBEeFlDSHdJRklFNUk0YnFzVUNERWtPRzdpa0VnUTBqaHU0Z2dUa2podXF4T0lGUERnVU5JWkdRQ2N3OFBGZ1FmQlFVSWIzVjBMVzFsYm5VZkJBSUNaQllDQWdFUER4WUNId0lGSk1TUXhJSk9SeUJMdzUwZ1Rramh1cXhPSUZQRGdVTklJRTVIVDhPQVNTQkhTZUc3bkdSa0FuVVBEeFlFSHdVRkNHOTFkQzF0Wlc1MUh3UUNBbVFXQWdJQkR3OFdBaDhDQlJ2RWtNT0JUa2dnUjBuRGdTQkRTT0c2cEZRZ1RNYXY0YnVpVGtka1pBSjNEdzhXQkI4RkJRaHZkWFF0YldWdWRSOEVBZ0prRmdJQ0FROFBGZ0lmQWdVZnhKQXVTOE9kSUVUaHU3QWdUT0c3aENCVTRidVFWQ0JPUjBoSjRidUdVR1JrQW5rUER4WUVId1VGQ0c5MWRDMXRaVzUxSHdRQ0FtUVdBZ0lCRHc4V0FoOENCUk5PNGJ1WVVDQkRTT0c3cUU1SElFTkk0YnVJWkdRQ2V3OFBGZ1FmQlFVSWIzVjBMVzFsYm5VZkJBSUNaQllDQWdFUER4WUNId0lGSVZoRlRTREVrT0c3Z0NCRHhxL0dvRTVISUZSU1QwNUhJRUxodTVnZ1RjT1VUbVJrQW4wUER4WUVId1VGQ0c5MWRDMXRaVzUxSHdRQ0FtUVdBZ0lCRHc4V0FoOENCUmxFUVU1SUlGUERnVU5JSU1TUUxrdkRuU0JZdzRsVUlGUk9aR1FDZnc4UEZnUWZCUVVJYjNWMExXMWxiblVmQkFJQ1pCWUNBZ0VQRHhZQ0h3SUZIa1JCVGtnZ1U4T0JRMGdneEpBdVM4T2RJRVRodTdBZ1RPRzdoQ0JVVG1Sa0FvRUJEdzhXQkI4RkJRaHZkWFF0YldWdWRSOEVBZ0prRmdJQ0FROFBGZ0lmQWdVV1ZFakRsRTVISUZSSlRpQk1WZUc2ckU0Z1ZzU0NUbVJrQW9NQkR3OFdCQjhGQlFodmRYUXRiV1Z1ZFI4RUFnSmtGZ0lDQVE4UEZnSWZBZ1VqVkZKQklFUGh1NmhWSUZSSXc1Uk9SeUJVU1U0Z1ZPRzdrRlFnVGtkSVNlRzdobEJrWkFLRkFROFBGZ1FmQlFVSWIzVjBMVzFsYm5VZkJBSUNaQllDQWdFUER4WUNId0lGRUVQaHU3QlZJRk5KVGtnZ1ZrbkRpazVrWkFLSEFROFBGZ1FmQlFVSWIzVjBMVzFsYm5VZkJBSUNaQllDQWdFUER4WUNId0lGRjhTUXhJSk9SeUJMdzUwZ1dNT0pWQ0JVVlZuaHU0Sk9aR1FDaVFFUER4WUVId1VGQ0c5MWRDMXRaVzUxSHdRQ0FtUVdBZ0lCRHc4V0FoOENCU0JVU01PVVRrY2dWRWxPSUVqaHU1SWdVOGFnSUZSVldlRzdnazRnVTBsT1NHUmtBb3NCRHc4V0JCOEZCUWh2ZFhRdGJXVnVkUjhFQWdKa1pBS05BUThQRmdRZkJRVUliM1YwTFcxbGJuVWZCQUlDWkJZQ0FnRVBEeFlDSHdJRkYwakRrMEVneEpER29FNGd4SkJKNGJ1R1RpQlU0YnVzWkdRQ2p3RVBEeFlFSHdVRkNHOTFkQzF0Wlc1MUh3UUNBbVFXQWdJQkR3OFdBaDhDQlJaT1Iwamh1NGdnUk9HNm9Ga2dST0c2b0ZrZ1FzT1paR1FDa1FFUER4WUVId1VGQ0c5MWRDMXRaVzUxSHdRQ0FtUVdBZ0lCRHc4V0FoOENCUmZFa01TQ1RrY2dTOE9kSUU1SFNPRzdpQ0JRU01PSlVHUmtBcE1CRHc4V0JCOEZCUWh2ZFhRdGJXVnVkUjhFQWdKa0ZnSUNBUThQRmdJZkFnVVN4SkRFZ2s1SElFdkRuU0JEVDBrZ1ZFaEpaR1FDbFFFUER4WUVId1VGQ0c5MWRDMXRaVzUxSHdRQ0FtUVdBZ0lCRHc4V0FoOENCUkpZUlUwZ1RPRzdpa05JSUVOUFNTQlVTRWxrWkFLWEFROFBGZ1FmQlFVSWIzVjBMVzFsYm5VZkJBSUNaQllDQWdFUER4WUNId0lGRzB0UklFNUhTRW5EaWs0Z1ErRzdxRlVnUzBoUFFTQkk0YnVNUTJSa0Fwa0JEdzhXQkI4RkJRaHZkWFF0YldWdWRSOEVBZ0prRmdJQ0FROFBGZ0lmQWdVY1dFVk5JTVNRNGJ1QUlGVERnRWtnVGtOTFNDQlVTRUZOSUVkSlFXUmtBcHNCRHc4V0JCOEZCUWh2ZFhRdGJXVnVkUjhFQWdKa0ZnSUNBUTlrRmdKbUR3OFdBaDhDQlNURWtNU0NUa2NnUzhPZElGaEpUaUJIU2VHNnBGa2dRMGpodTZoT1J5Qk9TT0c2ckU1a1pBS2RBUThQRmdRZkJRVUliM1YwTFcxbGJuVWZCQUlDWkJZQ0FnRVBaQllDWmc4UEZnSWZBZ1VaUStHNnJGQWdUa2podXF4VUlFNUhUK0c2b0VrZ1ZGTERtbVJrQXA4QkR3OFdCQjhGQlFodmRYUXRiV1Z1ZFI4RUFnSmtGZ0lDQVE4UEZnSWZBZ1ViUStHNnJGQWdUa2podXF4VUlGUkl4cS9odTV4T1J5QlVVc09hWkdRQ29RRVBEeFlFSHdVRkNHOTFkQzF0Wlc1MUh3UUNBbVFXQWdJQkR3OFdBaDhDQlJWRDRicW9UU0JPUVU1SElGTkpUa2dnVmtuRGlrNWtaQUtqQVE4UEZnUWZCUVVJYjNWMExXMWxiblVmQkFJQ1pCWUNBZ0VQRHhZQ0h3SUZIbGhGVFNCTVZlRzZyRTRnVnNTQ1RpQlU0YnVRVkNCT1IwaEo0YnVHVUdSa0FxVUJEdzhXQkI4RkJRaHZkWFF0YldWdWRSOEVBZ0prRmdJQ0FROFBGZ0lmQWdVZVdFVk5JRXhWNGJxc1RpQld4SUpPSUVqR3IrRzdtazVISUVUaHVxcE9aR1FDcHdFUER4WUVId1VGQ0c5MWRDMXRaVzUxSHdRQ0FtUVdBZ0lCRHc4V0FoOENCUjFZUlUwZ1RGWGh1cXhPSUZiRWdrNGdVRWpodXFKT0lFSko0YnVHVG1Sa0Fxa0JEdzhXQkI4RkJRaHZkWFF0YldWdWRSOEVBZ0prRmdJQ0FROFBGZ0lmQWdVa1FzT0JUeUJDU2VHN2dsVWdVRWpodTZSRElGYmh1NlFnVE1PRFRrZ2d4SkRodXFCUFpHUUNxd0VQRHhZRUh3VUZDRzkxZEMxdFpXNTFId1FDQW1RV0FnSUJEdzhXQWg4Q0JSeFVTT0c3a0U1SElFdkRpaURFa01PVFRrY2dTRkFnVDA1TVNVNUZaR1FDclFFUER4WUVId1VGQ0c5MWRDMXRaVzUxSHdRQ0FtUVdBZ0lCRHc4V0FoOENCUmZFa01TQ1RrY2dTOE9kSUV2RG5TQlV3NXBESUZqRGdXUmtBcThCRHc4V0JCOEZCUWh2ZFhRdGJXVnVkUjhFQWdKa0ZnSUNBUThQRmdJZkFnVVlWRWhCVGtnZ1ZFL0RnVTRnUzhPZElGVERta01nV01PQlpHUUNzUUVQRHhZRUh3VUZDRzkxZEMxdFpXNTFId1FDQW1RV0FnSUJEdzhXQWg4Q0JTSkQ0YnFzVUNCT1NPRzZyRlFnVE1PZElFemh1NHBEU0NCTFNFOUJJRWpodTR4RFpHUUNzd0VQRHhZRUh3VUZDRzkxZEMxdFpXNTFId1FDQW1RV0FnSUJEdzhXQWg4Q0JSZEQ0YnFzVUNCT1NPRzZyRlFnVkM1VVNVNGdRa2haVkdSa0FyVUJEdzhXQkI4RkJRaHZkWFF0YldWdWRSOEVBZ0prRmdJQ0FROFBGZ0lmQWdVV1dFVk5JTVNRU2VHN2drMGd4SkREZ3lCRTRicWdXV1JrQXJjQkR3OFdCQjhGQlFodmRYUXRiV1Z1ZFI4RUFnSmtGZ0lDQVE4UEZnSWZBZ1VaU1U0Z1M4T0tJRXRJUVVrZ1Iwbmh1NXdnUjBuaHVxSk9SMlJrQXJrQkR3OFdCQjhGQlFodmRYUXRiV1Z1ZFI4RUFnSmtaQUs3QVE4UEZnUWZCUVVJYjNWMExXMWxiblVmQkFJQ1pHUUN2UUVQRHhZRUh3VUZDRzkxZEMxdFpXNTFId1FDQW1Sa0FyOEJEdzhXQkI4RkJRaHZkWFF0YldWdWRSOEVBZ0prWkFMQkFROFBGZ1FmQlFVSWIzVjBMVzFsYm5VZkJBSUNaR1FDQnc5a0ZnSUNBUTlrRmdKbUQyUVdBZ0lERDJRV0VBSUJEdzhXQWg4Q0JSTlJkY09xYmlCdDRicXRkQ0JyYU9HNnFYVWhaR1FDQXc4UEZnSWZBZ1VTVk1PcWJpREVrTVNEYm1jZ1Rtamh1cTF3WkdRQ0JROFBaQllDSGdwdmJtdGxlWEJ5WlhOekJVQmlkWFIwYjI1ZlkyeHBZMnNvZEdocGN5d25ZM1JzTURCZlEyOXVkR1Z1ZEZCc1lXTmxTRzlzWkdWeU1WOWpkR3d3TUY5aWRHNUVZVzVuVG1oaGNDY3BaQUlIRHc4V0FoOENCUXhONGJxdGRDQkxhT0c2cVhWa1pBSUpEdzlrRmdJZkJ3VkFZblYwZEc5dVgyTnNhV05yS0hSb2FYTXNKMk4wYkRBd1gwTnZiblJsYm5SUWJHRmpaVWh2YkdSbGNqRmZZM1JzTURCZlluUnVSR0Z1WjA1b1lYQW5LV1FDQ3c4UEZnSWZBZ1VOeEpERWcyNW5JRTVvNGJxdGNHUmtBZzBQRHhZQ0h3Wm9aR1FDRHc4UEZnSWZCbWhrWkFJSkQyUVdDQUlCRHc4V0FoOENCWGxEYjNCNWNtbG5hSFFnd3FreU1EQTVJRlJ5eHJEaHU1MXVaeURFa0VnZ1U4T2dhU0JIdzdKdUxjU1E0YnFoYVNCbzRidU5ZeUJqYU1PdGJtZ2djWFY1TGlCUmRlRzZvMjRnYk1POUlHTGh1NTlwSU9HN3Bua2dZbUZ1SUc1b3c2SnVJR1REb200Z1ZGQXVJRWpodTVNZ1EyakRyU0JOYVc1b1pHUUNBdzhQRmdJZkFnVUxWSEpoYm1jZ1Eyamh1NmRrWkFJRkR3OFdBaDhDQlMxVWFHbmh1cjkwSUd2aHVyOGdZdUc3bjJrZ1kzUjVJRkJvNGJxbmJpQnQ0YnVCYlNCQmJtZ2dVWFhEb201a1pBSUhEdzhXQWg4Q0JRekVrT0c2cDNVZ1ZISmhibWRrWkdSSDA4U25vWExPM3lZdUVtRHUzc2tzdDhiT3JnPT0iIENvcnJlbGF0aW9uQmluZGluZz0iIiBVcmxFbmNvZGU9IlRydWUiIC8+DQogICAgICAgIDxGb3JtUG9zdFBhcmFtZXRlciBOYW1lPSJfX1ZJRVdTVEFURUdFTkVSQVRPUiIgVmFsdWU9Int7JEhJRERFTjEuX19WSUVXU1RBVEVHRU5FUkFUT1J9fSIgUmVjb3JkZWRWYWx1ZT0iQ0EwQjAzMzQiIENvcnJlbGF0aW9uQmluZGluZz0iIiBVcmxFbmNvZGU9IlRydWUiIC8+DQogICAgICAgIDxGb3JtUG9zdFBhcmFtZXRlciBOYW1lPSJjdGwwMCRDb250ZW50UGxhY2VIb2xkZXIxJGN0bDAwJHR4dFRhaUtob2EiIFZhbHVlPSIiIFJlY29yZGVkVmFsdWU9IiIgQ29ycmVsYXRpb25CaW5kaW5nPSIiIFVybEVuY29kZT0iVHJ1ZSIgLz4NCiAgICAgICAgPEZvcm1Qb3N0UGFyYW1ldGVyIE5hbWU9ImN0bDAwJENvbnRlbnRQbGFjZUhvbGRlcjEkY3RsMDAkdHh0TWF0S2hhdSIgVmFsdWU9IiIgUmVjb3JkZWRWYWx1ZT0iIiBDb3JyZWxhdGlvbkJpbmRpbmc9IiIgVXJsRW5jb2RlPSJUcnVlIiAvPg0KICAgICAgPC9Gb3JtUG9zdEh0dHBCb2R5Pg0KICAgIDwvUmVxdWVzdD4NCiAgICA8UmVxdWVzdCBNZXRob2Q9IkdFVCIgR3VpZD0iY2QyZTY4NTctNDFkNC00N2VlLWEwODgtZWJmMzFiM2Y1MzAxIiBWZXJzaW9uPSIxLjEiIFVybD0iaHR0cDovL3Rob25ndGluZGFvdGFvLnNndS5lZHUudm4vRGVmYXVsdC5hc3B4IiBUaGlua1RpbWU9IjAiIFRpbWVvdXQ9IjMwMCIgUGFyc2VEZXBlbmRlbnRSZXF1ZXN0cz0iVHJ1ZSIgRm9sbG93UmVkaXJlY3RzPSJUcnVlIiBSZWNvcmRSZXN1bHQ9IlRydWUiIENhY2hlPSJGYWxzZSIgUmVzcG9uc2VUaW1lR29hbD0iMCIgRW5jb2Rpbmc9InV0Zi04IiBFeHBlY3RlZEh0dHBTdGF0dXNDb2RlPSIwIiBFeHBlY3RlZFJlc3BvbnNlVXJsPSIiIFJlcG9ydGluZ05hbWU9IiIgSWdub3JlSHR0cFN0YXR1c0NvZGU9IkZhbHNlIj4NCiAgICAgIDxEZXBlbmRlbnRSZXF1ZXN0cz4NCiAgICAgICAgPFJlcXVlc3QgTWV0aG9kPSJQT1NUIiBHdWlkPSJmYTU3MGI1MS1hMTE0LTQ4MTEtODRlYi1kNjQ5NDVhZDU0N2YiIFZlcnNpb249IjEuMSIgVXJsPSJodHRwczovL3phLnphbG8ubWUvdjMvdy90IiBUaGlua1RpbWU9IjEwIiBUaW1lb3V0PSIzMDAiIFBhcnNlRGVwZW5kZW50UmVxdWVzdHM9IlRydWUiIEZvbGxvd1JlZGlyZWN0cz0iVHJ1ZSIgUmVjb3JkUmVzdWx0PSJUcnVlIiBDYWNoZT0iRmFsc2UiIFJlc3BvbnNlVGltZUdvYWw9IjAiIEVuY29kaW5nPSJ1dGYtOCIgRXhwZWN0ZWRIdHRwU3RhdHVzQ29kZT0iMCIgRXhwZWN0ZWRSZXNwb25zZVVybD0iIiBSZXBvcnRpbmdOYW1lPSIiIElnbm9yZUh0dHBTdGF0dXNDb2RlPSJGYWxzZSI+DQogICAgICAgICAgPEhlYWRlcnM+DQogICAgICAgICAgICA8SGVhZGVyIE5hbWU9IlJlZmVyZXIiIFZhbHVlPSJodHRwOi8vdGhvbmd0aW5kYW90YW8uc2d1LmVkdS52bi9EZWZhdWx0LmFzcHg/cGFnZT1naW9pdGhpZXUiIC8+DQogICAgICAgICAgPC9IZWFkZXJzPg0KICAgICAgICAgIDxGb3JtUG9zdEh0dHBCb2R5Pg0KICAgICAgICAgICAgPEZvcm1Qb3N0UGFyYW1ldGVyIE5hbWU9InpsIiBWYWx1ZT0iaHR0cDovL3Rob25ndGluZGFvdGFvLnNndS5lZHUudm4vRGVmYXVsdC5hc3B4P3BhZ2U9Z2lvaXRoaWV1IiBSZWNvcmRlZFZhbHVlPSJodHRwOi8vdGhvbmd0aW5kYW90YW8uc2d1LmVkdS52bi9EZWZhdWx0LmFzcHg/cGFnZT1naW9pdGhpZXUiIENvcnJlbGF0aW9uQmluZGluZz0iIiBVcmxFbmNvZGU9IlRydWUiIC8+DQogICAgICAgICAgICA8Rm9ybVBvc3RQYXJhbWV0ZXIgTmFtZT0ienJmIiBWYWx1ZT0iaHR0cDovL3Rob25ndGluZGFvdGFvLnNndS5lZHUudm4vRGVmYXVsdC5hc3B4P3BhZ2U9cXVlbm1hdGtoYXUiIFJlY29yZGVkVmFsdWU9Imh0dHA6Ly90aG9uZ3RpbmRhb3Rhby5zZ3UuZWR1LnZuL0RlZmF1bHQuYXNweD9wYWdlPXF1ZW5tYXRraGF1IiBDb3JyZWxhdGlvbkJpbmRpbmc9IiIgVXJsRW5jb2RlPSJUcnVlIiAvPg0KICAgICAgICAgICAgPEZvcm1Qb3N0UGFyYW1ldGVyIE5hbWU9InpjaCIgVmFsdWU9InV0Zi04IiBSZWNvcmRlZFZhbHVlPSJ1dGYtOCIgQ29ycmVsYXRpb25CaW5kaW5nPSJ7e0Zvcm1Qb3N0UGFyYW0zLnpjaH19IiBVcmxFbmNvZGU9IlRydWUiIC8+DQogICAgICAgICAgICA8Rm9ybVBvc3RQYXJhbWV0ZXIgTmFtZT0ienRzIiBWYWx1ZT0iMTY0OTc0Njk5Njg0MSIgUmVjb3JkZWRWYWx1ZT0iMTY0OTc0Njk5Njg0MSIgQ29ycmVsYXRpb25CaW5kaW5nPSIiIFVybEVuY29kZT0iVHJ1ZSIgLz4NCiAgICAgICAgICAgIDxGb3JtUG9zdFBhcmFtZXRlciBOYW1lPSJ6b3MiIFZhbHVlPSJXaW5kb3dzIiBSZWNvcmRlZFZhbHVlPSJXaW5kb3dzIiBDb3JyZWxhdGlvbkJpbmRpbmc9IiIgVXJsRW5jb2RlPSJUcnVlIiAvPg0KICAgICAgICAgICAgPEZvcm1Qb3N0UGFyYW1ldGVyIE5hbWU9InpsYSIgVmFsdWU9ImVuLVVTLCIgUmVjb3JkZWRWYWx1ZT0iZW4tVVMsIiBDb3JyZWxhdGlvbkJpbmRpbmc9IiIgVXJsRW5jb2RlPSJUcnVlIiAvPg0KICAgICAgICAgICAgPEZvcm1Qb3N0UGFyYW1ldGVyIE5hbWU9Il9femkiIFZhbHVlPSIyMDAwLlNTWnplanlEMnphLW5Fa1h0bXFPcXNkNmx4LUgwbTJIRFRJcmVPRDE0ZVNkcy1rZ1ltSFNaWVZNeEFVMDBYTUE4ajZmZU84MjU4dVhyQWNXLjEiIFJlY29yZGVkVmFsdWU9IjIwMDAuU1NaemVqeUQyemEtbkVrWHRtcU9xc2Q2bHgtSDBtMkhEVElyZU9EMTRlU2RzLWtnWW1IU1pZVk14QVUwMFhNQThqNmZlTzgyNTh1WHJBY1cuMSIgQ29ycmVsYXRpb25CaW5kaW5nPSIiIFVybEVuY29kZT0iVHJ1ZSIgLz4NCiAgICAgICAgICAgIDxGb3JtUG9zdFBhcmFtZXRlciBOYW1lPSJ2IiBWYWx1ZT0iMjIwMTEwMTYwMyIgUmVjb3JkZWRWYWx1ZT0iMjIwMTEwMTYwMyIgQ29ycmVsYXRpb25CaW5kaW5nPSIiIFVybEVuY29kZT0iVHJ1ZSIgLz4NCiAgICAgICAgICAgIDxGb3JtUG9zdFBhcmFtZXRlciBOYW1lPSJpbmNvZyIgVmFsdWU9ImZhbHNlIiBSZWNvcmRlZFZhbHVlPSJmYWxzZSIgQ29ycmVsYXRpb25CaW5kaW5nPSIiIFVybEVuY29kZT0iVHJ1ZSIgLz4NCiAgICAgICAgICAgIDxGb3JtUG9zdFBhcmFtZXRlciBOYW1lPSJ6YWN0IiBWYWx1ZT0icHYiIFJlY29yZGVkVmFsdWU9InB2IiBDb3JyZWxhdGlvbkJpbmRpbmc9IiIgVXJsRW5jb2RlPSJUcnVlIiAvPg0KICAgICAgICAgICAgPEZvcm1Qb3N0UGFyYW1ldGVyIE5hbWU9Il96YXBwIiBWYWx1ZT0ibnVsbCIgUmVjb3JkZWRWYWx1ZT0ibnVsbCIgQ29ycmVsYXRpb25CaW5kaW5nPSIiIFVybEVuY29kZT0iVHJ1ZSIgLz4NCiAgICAgICAgICAgIDxGb3JtUG9zdFBhcmFtZXRlciBOYW1lPSJfemlkbmJhaWQiIFZhbHVlPSJudWxsIiBSZWNvcmRlZFZhbHVlPSJudWxsIiBDb3JyZWxhdGlvbkJpbmRpbmc9IiIgVXJsRW5jb2RlPSJUcnVlIiAvPg0KICAgICAgICAgIDwvRm9ybVBvc3RIdHRwQm9keT4NCiAgICAgICAgPC9SZXF1ZXN0Pg0KICAgICAgPC9EZXBlbmRlbnRSZXF1ZXN0cz4NCiAgICAgIDxIZWFkZXJzPg0KICAgICAgICA8SGVhZGVyIE5hbWU9IlJlZmVyZXIiIFZhbHVlPSJodHRwOi8vdGhvbmd0aW5kYW90YW8uc2d1LmVkdS52bi9EZWZhdWx0LmFzcHg/cGFnZT1xdWVubWF0a2hhdSIgLz4NCiAgICAgIDwvSGVhZGVycz4NCiAgICAgIDxDb3JyZWxhdGlvbkV4dHJhY3Rpb25SdWxlcz4NCiAgICAgICAgPEV4dHJhY3Rpb25SdWxlIENsYXNzbmFtZT0iTWljcm9zb2Z0LlZpc3VhbFN0dWRpby5UZXN0VG9vbHMuV2ViVGVzdGluZy5SdWxlcy5FeHRyYWN0VGV4dCwgTWljcm9zb2Z0LlZpc3VhbFN0dWRpby5RdWFsaXR5VG9vbHMuV2ViVGVzdEZyYW1ld29yaywgVmVyc2lvbj0xMC4wLjAuMCwgQ3VsdHVyZT1uZXV0cmFsLCBQdWJsaWNLZXlUb2tlbj1iMDNmNWY3ZjExZDUwYTNhIiBWYXJpYWJsZU5hbWU9IlF1ZXJ5U3RyaW5nUGFyYW02LnBhZ2UiIERpc3BsYXlOYW1lPSIiIERlc2NyaXB0aW9uPSIiPg0KICAgICAgICAgIDxSdWxlUGFyYW1ldGVycz4NCiAgICAgICAgICAgIDxSdWxlUGFyYW1ldGVyIE5hbWU9IlN0YXJ0c1dpdGgiIFZhbHVlPSI/cGFnZT0iIC8+DQogICAgICAgICAgICA8UnVsZVBhcmFtZXRlciBOYW1lPSJFbmRzV2l0aCIgVmFsdWU9IiZhbXA7IiAvPg0KICAgICAgICAgICAgPFJ1bGVQYXJhbWV0ZXIgTmFtZT0iSW5kZXgiIFZhbHVlPSI5IiAvPg0KICAgICAgICAgICAgPFJ1bGVQYXJhbWV0ZXIgTmFtZT0iSWdub3JlQ2FzZSIgVmFsdWU9IkZhbHNlIiAvPg0KICAgICAgICAgICAgPFJ1bGVQYXJhbWV0ZXIgTmFtZT0iVXNlUmVndWxhckV4cHJlc3Npb24iIFZhbHVlPSJGYWxzZSIgLz4NCiAgICAgICAgICAgIDxSdWxlUGFyYW1ldGVyIE5hbWU9Ikh0bWxEZWNvZGUiIFZhbHVlPSJUcnVlIiAvPg0KICAgICAgICAgICAgPFJ1bGVQYXJhbWV0ZXIgTmFtZT0iUmVxdWlyZWQiIFZhbHVlPSJGYWxzZSIgLz4NCiAgICAgICAgICA8L1J1bGVQYXJhbWV0ZXJzPg0KICAgICAgICA8L0V4dHJhY3Rpb25SdWxlPg0KICAgICAgICA8RXh0cmFjdGlvblJ1bGUgQ2xhc3NuYW1lPSJNaWNyb3NvZnQuVmlzdWFsU3R1ZGlvLlRlc3RUb29scy5XZWJUZXN0aW5nLlJ1bGVzLkV4dHJhY3RUZXh0LCBNaWNyb3NvZnQuVmlzdWFsU3R1ZGlvLlF1YWxpdHlUb29scy5XZWJUZXN0RnJhbWV3b3JrLCBWZXJzaW9uPTEwLjAuMC4wLCBDdWx0dXJlPW5ldXRyYWwsIFB1YmxpY0tleVRva2VuPWIwM2Y1ZjdmMTFkNTBhM2EiIFZhcmlhYmxlTmFtZT0iUXVlcnlTdHJpbmdQYXJhbTcuaWQiIERpc3BsYXlOYW1lPSIiIERlc2NyaXB0aW9uPSIiPg0KICAgICAgICAgIDxSdWxlUGFyYW1ldGVycz4NCiAgICAgICAgICAgIDxSdWxlUGFyYW1ldGVyIE5hbWU9IlN0YXJ0c1dpdGgiIFZhbHVlPSImYW1wO2lkPSIgLz4NCiAgICAgICAgICAgIDxSdWxlUGFyYW1ldGVyIE5hbWU9IkVuZHNXaXRoIiBWYWx1ZT0iMSIgLz4NCiAgICAgICAgICAgIDxSdWxlUGFyYW1ldGVyIE5hbWU9IkluZGV4IiBWYWx1ZT0iMCIgLz4NCiAgICAgICAgICAgIDxSdWxlUGFyYW1ldGVyIE5hbWU9Iklnbm9yZUNhc2UiIFZhbHVlPSJGYWxzZSIgLz4NCiAgICAgICAgICAgIDxSdWxlUGFyYW1ldGVyIE5hbWU9IlVzZVJlZ3VsYXJFeHByZXNzaW9uIiBWYWx1ZT0iRmFsc2UiIC8+DQogICAgICAgICAgICA8UnVsZVBhcmFtZXRlciBOYW1lPSJIdG1sRGVjb2RlIiBWYWx1ZT0iVHJ1ZSIgLz4NCiAgICAgICAgICAgIDxSdWxlUGFyYW1ldGVyIE5hbWU9IlJlcXVpcmVkIiBWYWx1ZT0iRmFsc2UiIC8+DQogICAgICAgICAgPC9SdWxlUGFyYW1ldGVycz4NCiAgICAgICAgPC9FeHRyYWN0aW9uUnVsZT4NCiAgICAgIDwvQ29ycmVsYXRpb25FeHRyYWN0aW9uUnVsZXM+DQogICAgICA8UXVlcnlTdHJpbmdQYXJhbWV0ZXJzPg0KICAgICAgICA8UXVlcnlTdHJpbmdQYXJhbWV0ZXIgTmFtZT0icGFnZSIgVmFsdWU9Imdpb2l0aGlldSIgUmVjb3JkZWRWYWx1ZT0iZ2lvaXRoaWV1IiBDb3JyZWxhdGlvbkJpbmRpbmc9Int7UXVlcnlTdHJpbmdQYXJhbTI0LnBhZ2V9fSIgVXJsRW5jb2RlPSJGYWxzZSIgVXNlVG9Hcm91cFJlc3VsdHM9IkZhbHNlIiAvPg0KICAgICAgPC9RdWVyeVN0cmluZ1BhcmFtZXRlcnM+DQogICAgPC9SZXF1ZXN0Pg0KICAgIDxSZXF1ZXN0IE1ldGhvZD0iR0VUIiBHdWlkPSJhMWZhNzZkNy0xMDliLTQ5YmItOTUzYS0yN2EzZTYxMGFmODEiIFZlcnNpb249IjEuMSIgVXJsPSJodHRwOi8vdGhvbmd0aW5kYW90YW8uc2d1LmVkdS52bi9kZWZhdWx0LmFzcHgiIFRoaW5rVGltZT0iMTEiIFRpbWVvdXQ9IjMwMCIgUGFyc2VEZXBlbmRlbnRSZXF1ZXN0cz0iVHJ1ZSIgRm9sbG93UmVkaXJlY3RzPSJUcnVlIiBSZWNvcmRSZXN1bHQ9IlRydWUiIENhY2hlPSJGYWxzZSIgUmVzcG9uc2VUaW1lR29hbD0iMCIgRW5jb2Rpbmc9InV0Zi04IiBFeHBlY3RlZEh0dHBTdGF0dXNDb2RlPSIwIiBFeHBlY3RlZFJlc3BvbnNlVXJsPSIiIFJlcG9ydGluZ05hbWU9IiIgSWdub3JlSHR0cFN0YXR1c0NvZGU9IkZhbHNlIj4NCiAgICAgIDxIZWFkZXJzPg0KICAgICAgICA8SGVhZGVyIE5hbWU9IlJlZmVyZXIiIFZhbHVlPSJodHRwOi8vdGhvbmd0aW5kYW90YW8uc2d1LmVkdS52bi9EZWZhdWx0LmFzcHg/cGFnZT1naW9pdGhpZXUiIC8+DQogICAgICA8L0hlYWRlcnM+DQogICAgICA8Q29ycmVsYXRpb25FeHRyYWN0aW9uUnVsZXM+DQogICAgICAgIDxFeHRyYWN0aW9uUnVsZSBDbGFzc25hbWU9Ik1pY3Jvc29mdC5WaXN1YWxTdHVkaW8uVGVzdFRvb2xzLldlYlRlc3RpbmcuUnVsZXMuRXh0cmFjdFRleHQsIE1pY3Jvc29mdC5WaXN1YWxTdHVkaW8uUXVhbGl0eVRvb2xzLldlYlRlc3RGcmFtZXdvcmssIFZlcnNpb249MTAuMC4wLjAsIEN1bHR1cmU9bmV1dHJhbCwgUHVibGljS2V5VG9rZW49YjAzZjVmN2YxMWQ1MGEzYSIgVmFyaWFibGVOYW1lPSJRdWVyeVN0cmluZ1BhcmFtNS5wYWdlIiBEaXNwbGF5TmFtZT0iIiBEZXNjcmlwdGlvbj0iIj4NCiAgICAgICAgICA8UnVsZVBhcmFtZXRlcnM+DQogICAgICAgICAgICA8UnVsZVBhcmFtZXRlciBOYW1lPSJTdGFydHNXaXRoIiBWYWx1ZT0iP3BhZ2U9IiAvPg0KICAgICAgICAgICAgPFJ1bGVQYXJhbWV0ZXIgTmFtZT0iRW5kc1dpdGgiIFZhbHVlPSImcXVvdDsiIC8+DQogICAgICAgICAgICA8UnVsZVBhcmFtZXRlciBOYW1lPSJJbmRleCIgVmFsdWU9IjIiIC8+DQogICAgICAgICAgICA8UnVsZVBhcmFtZXRlciBOYW1lPSJJZ25vcmVDYXNlIiBWYWx1ZT0iRmFsc2UiIC8+DQogICAgICAgICAgICA8UnVsZVBhcmFtZXRlciBOYW1lPSJVc2VSZWd1bGFyRXhwcmVzc2lvbiIgVmFsdWU9IkZhbHNlIiAvPg0KICAgICAgICAgICAgPFJ1bGVQYXJhbWV0ZXIgTmFtZT0iSHRtbERlY29kZSIgVmFsdWU9IlRydWUiIC8+DQogICAgICAgICAgICA8UnVsZVBhcmFtZXRlciBOYW1lPSJSZXF1aXJlZCIgVmFsdWU9IkZhbHNlIiAvPg0KICAgICAgICAgIDwvUnVsZVBhcmFtZXRlcnM+DQogICAgICAgIDwvRXh0cmFjdGlvblJ1bGU+DQogICAgICA8L0NvcnJlbGF0aW9uRXh0cmFjdGlvblJ1bGVzPg0KICAgICAgPFF1ZXJ5U3RyaW5nUGFyYW1ldGVycz4NCiAgICAgICAgPFF1ZXJ5U3RyaW5nUGFyYW1ldGVyIE5hbWU9InBhZ2UiIFZhbHVlPSJjaGl0aWV0dGhvbmd0aW4iIFJlY29yZGVkVmFsdWU9ImNoaXRpZXR0aG9uZ3RpbiIgQ29ycmVsYXRpb25CaW5kaW5nPSJ7e1F1ZXJ5U3RyaW5nUGFyYW02LnBhZ2V9fSIgVXJsRW5jb2RlPSJGYWxzZSIgVXNlVG9Hcm91cFJlc3VsdHM9IkZhbHNlIiAvPg0KICAgICAgICA8UXVlcnlTdHJpbmdQYXJhbWV0ZXIgTmFtZT0iaWQiIFZhbHVlPSIxIiBSZWNvcmRlZFZhbHVlPSIxIiBDb3JyZWxhdGlvbkJpbmRpbmc9Int7UXVlcnlTdHJpbmdQYXJhbTcuaWR9fSIgVXJsRW5jb2RlPSJGYWxzZSIgVXNlVG9Hcm91cFJlc3VsdHM9IkZhbHNlIiAvPg0KICAgICAgPC9RdWVyeVN0cmluZ1BhcmFtZXRlcnM+DQogICAgPC9SZXF1ZXN0Pg0KICAgIDxSZXF1ZXN0IE1ldGhvZD0iR0VUIiBHdWlkPSIwODdmZDM3OS1lYmU1LTQ5MTAtYTBmZi0yN2Y5YmE0ODEyNTMiIFZlcnNpb249IjEuMSIgVXJsPSJodHRwOi8vdGhvbmd0aW5kYW90YW8uc2d1LmVkdS52bi9EZWZhdWx0LmFzcHgiIFRoaW5rVGltZT0iMCIgVGltZW91dD0iMzAwIiBQYXJzZURlcGVuZGVudFJlcXVlc3RzPSJUcnVlIiBGb2xsb3dSZWRpcmVjdHM9IlRydWUiIFJlY29yZFJlc3VsdD0iVHJ1ZSIgQ2FjaGU9IkZhbHNlIiBSZXNwb25zZVRpbWVHb2FsPSIwIiBFbmNvZGluZz0idXRmLTgiIEV4cGVjdGVkSHR0cFN0YXR1c0NvZGU9IjAiIEV4cGVjdGVkUmVzcG9uc2VVcmw9IiIgUmVwb3J0aW5nTmFtZT0iIiBJZ25vcmVIdHRwU3RhdHVzQ29kZT0iRmFsc2UiPg0KICAgICAgPERlcGVuZGVudFJlcXVlc3RzPg0KICAgICAgICA8UmVxdWVzdCBNZXRob2Q9IlBPU1QiIEd1aWQ9ImE4NTZjNjM1LWEzN2YtNDliMC04MjBlLWUzNzlhZjEwYWYyMSIgVmVyc2lvbj0iMS4xIiBVcmw9Imh0dHBzOi8vemEuemFsby5tZS92My93L3QiIFRoaW5rVGltZT0iNiIgVGltZW91dD0iMzAwIiBQYXJzZURlcGVuZGVudFJlcXVlc3RzPSJUcnVlIiBGb2xsb3dSZWRpcmVjdHM9IlRydWUiIFJlY29yZFJlc3VsdD0iVHJ1ZSIgQ2FjaGU9IkZhbHNlIiBSZXNwb25zZVRpbWVHb2FsPSIwIiBFbmNvZGluZz0idXRmLTgiIEV4cGVjdGVkSHR0cFN0YXR1c0NvZGU9IjAiIEV4cGVjdGVkUmVzcG9uc2VVcmw9IiIgUmVwb3J0aW5nTmFtZT0iIiBJZ25vcmVIdHRwU3RhdHVzQ29kZT0iRmFsc2UiPg0KICAgICAgICAgIDxIZWFkZXJzPg0KICAgICAgICAgICAgPEhlYWRlciBOYW1lPSJSZWZlcmVyIiBWYWx1ZT0iaHR0cDovL3Rob25ndGluZGFvdGFvLnNndS5lZHUudm4vRGVmYXVsdC5hc3B4P3BhZ2U9Z2lvaXRoaWV1IiAvPg0KICAgICAgICAgIDwvSGVhZGVycz4NCiAgICAgICAgICA8Rm9ybVBvc3RIdHRwQm9keT4NCiAgICAgICAgICAgIDxGb3JtUG9zdFBhcmFtZXRlciBOYW1lPSJ6bCIgVmFsdWU9Imh0dHA6Ly90aG9uZ3RpbmRhb3Rhby5zZ3UuZWR1LnZuL0RlZmF1bHQuYXNweD9wYWdlPWdpb2l0aGlldSIgUmVjb3JkZWRWYWx1ZT0iaHR0cDovL3Rob25ndGluZGFvdGFvLnNndS5lZHUudm4vRGVmYXVsdC5hc3B4P3BhZ2U9Z2lvaXRoaWV1IiBDb3JyZWxhdGlvbkJpbmRpbmc9IiIgVXJsRW5jb2RlPSJUcnVlIiAvPg0KICAgICAgICAgICAgPEZvcm1Qb3N0UGFyYW1ldGVyIE5hbWU9InpyZiIgVmFsdWU9Imh0dHA6Ly90aG9uZ3RpbmRhb3Rhby5zZ3UuZWR1LnZuL2RlZmF1bHQuYXNweD9wYWdlPWNoaXRpZXR0aG9uZ3RpbiZhbXA7aWQ9MSIgUmVjb3JkZWRWYWx1ZT0iaHR0cDovL3Rob25ndGluZGFvdGFvLnNndS5lZHUudm4vZGVmYXVsdC5hc3B4P3BhZ2U9Y2hpdGlldHRob25ndGluJmFtcDtpZD0xIiBDb3JyZWxhdGlvbkJpbmRpbmc9IiIgVXJsRW5jb2RlPSJUcnVlIiAvPg0KICAgICAgICAgICAgPEZvcm1Qb3N0UGFyYW1ldGVyIE5hbWU9InpjaCIgVmFsdWU9InV0Zi04IiBSZWNvcmRlZFZhbHVlPSJ1dGYtOCIgQ29ycmVsYXRpb25CaW5kaW5nPSJ7e0Zvcm1Qb3N0UGFyYW00LnpjaH19IiBVcmxFbmNvZGU9IlRydWUiIC8+DQogICAgICAgICAgICA8Rm9ybVBvc3RQYXJhbWV0ZXIgTmFtZT0ienRzIiBWYWx1ZT0iMTY0OTc0NzAxODc0MSIgUmVjb3JkZWRWYWx1ZT0iMTY0OTc0NzAxODc0MSIgQ29ycmVsYXRpb25CaW5kaW5nPSIiIFVybEVuY29kZT0iVHJ1ZSIgLz4NCiAgICAgICAgICAgIDxGb3JtUG9zdFBhcmFtZXRlciBOYW1lPSJ6b3MiIFZhbHVlPSJXaW5kb3dzIiBSZWNvcmRlZFZhbHVlPSJXaW5kb3dzIiBDb3JyZWxhdGlvbkJpbmRpbmc9IiIgVXJsRW5jb2RlPSJUcnVlIiAvPg0KICAgICAgICAgICAgPEZvcm1Qb3N0UGFyYW1ldGVyIE5hbWU9InpsYSIgVmFsdWU9ImVuLVVTLCIgUmVjb3JkZWRWYWx1ZT0iZW4tVVMsIiBDb3JyZWxhdGlvbkJpbmRpbmc9IiIgVXJsRW5jb2RlPSJUcnVlIiAvPg0KICAgICAgICAgICAgPEZvcm1Qb3N0UGFyYW1ldGVyIE5hbWU9Il9femkiIFZhbHVlPSIyMDAwLlNTWnplanlEMnphLW5Fa1h0bXFPcXNkNmx4LUgwbTJIRFRJcmVPRDE0ZVNkcy1rZ1ltSFNaWVZNeEFVMDBYTUE4ajZmZU84MjU4dVhyQWNXLjEiIFJlY29yZGVkVmFsdWU9IjIwMDAuU1NaemVqeUQyemEtbkVrWHRtcU9xc2Q2bHgtSDBtMkhEVElyZU9EMTRlU2RzLWtnWW1IU1pZVk14QVUwMFhNQThqNmZlTzgyNTh1WHJBY1cuMSIgQ29ycmVsYXRpb25CaW5kaW5nPSIiIFVybEVuY29kZT0iVHJ1ZSIgLz4NCiAgICAgICAgICAgIDxGb3JtUG9zdFBhcmFtZXRlciBOYW1lPSJ2IiBWYWx1ZT0iMjIwMTEwMTYwMyIgUmVjb3JkZWRWYWx1ZT0iMjIwMTEwMTYwMyIgQ29ycmVsYXRpb25CaW5kaW5nPSIiIFVybEVuY29kZT0iVHJ1ZSIgLz4NCiAgICAgICAgICAgIDxGb3JtUG9zdFBhcmFtZXRlciBOYW1lPSJpbmNvZyIgVmFsdWU9ImZhbHNlIiBSZWNvcmRlZFZhbHVlPSJmYWxzZSIgQ29ycmVsYXRpb25CaW5kaW5nPSIiIFVybEVuY29kZT0iVHJ1ZSIgLz4NCiAgICAgICAgICAgIDxGb3JtUG9zdFBhcmFtZXRlciBOYW1lPSJ6YWN0IiBWYWx1ZT0icHYiIFJlY29yZGVkVmFsdWU9InB2IiBDb3JyZWxhdGlvbkJpbmRpbmc9IiIgVXJsRW5jb2RlPSJUcnVlIiAvPg0KICAgICAgICAgICAgPEZvcm1Qb3N0UGFyYW1ldGVyIE5hbWU9Il96YXBwIiBWYWx1ZT0ibnVsbCIgUmVjb3JkZWRWYWx1ZT0ibnVsbCIgQ29ycmVsYXRpb25CaW5kaW5nPSIiIFVybEVuY29kZT0iVHJ1ZSIgLz4NCiAgICAgICAgICAgIDxGb3JtUG9zdFBhcmFtZXRlciBOYW1lPSJfemlkbmJhaWQiIFZhbHVlPSJudWxsIiBSZWNvcmRlZFZhbHVlPSJudWxsIiBDb3JyZWxhdGlvbkJpbmRpbmc9IiIgVXJsRW5jb2RlPSJUcnVlIiAvPg0KICAgICAgICAgIDwvRm9ybVBvc3RIdHRwQm9keT4NCiAgICAgICAgPC9SZXF1ZXN0Pg0KICAgICAgPC9EZXBlbmRlbnRSZXF1ZXN0cz4NCiAgICAgIDxIZWFkZXJzPg0KICAgICAgICA8SGVhZGVyIE5hbWU9IlJlZmVyZXIiIFZhbHVlPSJodHRwOi8vdGhvbmd0aW5kYW90YW8uc2d1LmVkdS52bi9kZWZhdWx0LmFzcHg/cGFnZT1jaGl0aWV0dGhvbmd0aW4mYW1wO2lkPTEiIC8+DQogICAgICA8L0hlYWRlcnM+DQogICAgICA8Q29ycmVsYXRpb25FeHRyYWN0aW9uUnVsZXM+DQogICAgICAgIDxFeHRyYWN0aW9uUnVsZSBDbGFzc25hbWU9Ik1pY3Jvc29mdC5WaXN1YWxTdHVkaW8uVGVzdFRvb2xzLldlYlRlc3RpbmcuUnVsZXMuRXh0cmFjdFRleHQsIE1pY3Jvc29mdC5WaXN1YWxTdHVkaW8uUXVhbGl0eVRvb2xzLldlYlRlc3RGcmFtZXdvcmssIFZlcnNpb249MTAuMC4wLjAsIEN1bHR1cmU9bmV1dHJhbCwgUHVibGljS2V5VG9rZW49YjAzZjVmN2YxMWQ1MGEzYSIgVmFyaWFibGVOYW1lPSJRdWVyeVN0cmluZ1BhcmFtMy5wYWdlIiBEaXNwbGF5TmFtZT0iIiBEZXNjcmlwdGlvbj0iIj4NCiAgICAgICAgICA8UnVsZVBhcmFtZXRlcnM+DQogICAgICAgICAgICA8UnVsZVBhcmFtZXRlciBOYW1lPSJTdGFydHNXaXRoIiBWYWx1ZT0iP3BhZ2U9IiAvPg0KICAgICAgICAgICAgPFJ1bGVQYXJhbWV0ZXIgTmFtZT0iRW5kc1dpdGgiIFZhbHVlPSImYW1wOyIgLz4NCiAgICAgICAgICAgIDxSdWxlUGFyYW1ldGVyIE5hbWU9IkluZGV4IiBWYWx1ZT0iMjEiIC8+DQogICAgICAgICAgICA8UnVsZVBhcmFtZXRlciBOYW1lPSJJZ25vcmVDYXNlIiBWYWx1ZT0iRmFsc2UiIC8+DQogICAgICAgICAgICA8UnVsZVBhcmFtZXRlciBOYW1lPSJVc2VSZWd1bGFyRXhwcmVzc2lvbiIgVmFsdWU9IkZhbHNlIiAvPg0KICAgICAgICAgICAgPFJ1bGVQYXJhbWV0ZXIgTmFtZT0iSHRtbERlY29kZSIgVmFsdWU9IlRydWUiIC8+DQogICAgICAgICAgICA8UnVsZVBhcmFtZXRlciBOYW1lPSJSZXF1aXJlZCIgVmFsdWU9IkZhbHNlIiAvPg0KICAgICAgICAgIDwvUnVsZVBhcmFtZXRlcnM+DQogICAgICAgIDwvRXh0cmFjdGlvblJ1bGU+DQogICAgICAgIDxFeHRyYWN0aW9uUnVsZSBDbGFzc25hbWU9Ik1pY3Jvc29mdC5WaXN1YWxTdHVkaW8uVGVzdFRvb2xzLldlYlRlc3RpbmcuUnVsZXMuRXh0cmFjdFRleHQsIE1pY3Jvc29mdC5WaXN1YWxTdHVkaW8uUXVhbGl0eVRvb2xzLldlYlRlc3RGcmFtZXdvcmssIFZlcnNpb249MTAuMC4wLjAsIEN1bHR1cmU9bmV1dHJhbCwgUHVibGljS2V5VG9rZW49YjAzZjVmN2YxMWQ1MGEzYSIgVmFyaWFibGVOYW1lPSJRdWVyeVN0cmluZ1BhcmFtNC5pZCIgRGlzcGxheU5hbWU9IiIgRGVzY3JpcHRpb249IiI+DQogICAgICAgICAgPFJ1bGVQYXJhbWV0ZXJzPg0KICAgICAgICAgICAgPFJ1bGVQYXJhbWV0ZXIgTmFtZT0iU3RhcnRzV2l0aCIgVmFsdWU9IiZhbXA7aWQ9IiAvPg0KICAgICAgICAgICAgPFJ1bGVQYXJhbWV0ZXIgTmFtZT0iRW5kc1dpdGgiIFZhbHVlPSInIiAvPg0KICAgICAgICAgICAgPFJ1bGVQYXJhbWV0ZXIgTmFtZT0iSW5kZXgiIFZhbHVlPSIxMSIgLz4NCiAgICAgICAgICAgIDxSdWxlUGFyYW1ldGVyIE5hbWU9Iklnbm9yZUNhc2UiIFZhbHVlPSJGYWxzZSIgLz4NCiAgICAgICAgICAgIDxSdWxlUGFyYW1ldGVyIE5hbWU9IlVzZVJlZ3VsYXJFeHByZXNzaW9uIiBWYWx1ZT0iRmFsc2UiIC8+DQogICAgICAgICAgICA8UnVsZVBhcmFtZXRlciBOYW1lPSJIdG1sRGVjb2RlIiBWYWx1ZT0iVHJ1ZSIgLz4NCiAgICAgICAgICAgIDxSdWxlUGFyYW1ldGVyIE5hbWU9IlJlcXVpcmVkIiBWYWx1ZT0iRmFsc2UiIC8+DQogICAgICAgICAgPC9SdWxlUGFyYW1ldGVycz4NCiAgICAgICAgPC9FeHRyYWN0aW9uUnVsZT4NCiAgICAgIDwvQ29ycmVsYXRpb25FeHRyYWN0aW9uUnVsZXM+DQogICAgICA8UXVlcnlTdHJpbmdQYXJhbWV0ZXJzPg0KICAgICAgICA8UXVlcnlTdHJpbmdQYXJhbWV0ZXIgTmFtZT0icGFnZSIgVmFsdWU9Imdpb2l0aGlldSIgUmVjb3JkZWRWYWx1ZT0iZ2lvaXRoaWV1IiBDb3JyZWxhdGlvbkJpbmRpbmc9Int7UXVlcnlTdHJpbmdQYXJhbTUucGFnZX19IiBVcmxFbmNvZGU9IkZhbHNlIiBVc2VUb0dyb3VwUmVzdWx0cz0iRmFsc2UiIC8+DQogICAgICA8L1F1ZXJ5U3RyaW5nUGFyYW1ldGVycz4NCiAgICA8L1JlcXVlc3Q+DQogICAgPFJlcXVlc3QgTWV0aG9kPSJHRVQiIEd1aWQ9IjFjNWY2OGUwLTJlN2YtNDE0MS05ZWFkLTg5ZTc2NGNiMzU0NiIgVmVyc2lvbj0iMS4xIiBVcmw9Imh0dHA6Ly90aG9uZ3RpbmRhb3Rhby5zZ3UuZWR1LnZuL2RlZmF1bHQuYXNweCIgVGhpbmtUaW1lPSIxMSIgVGltZW91dD0iMzAwIiBQYXJzZURlcGVuZGVudFJlcXVlc3RzPSJUcnVlIiBGb2xsb3dSZWRpcmVjdHM9IlRydWUiIFJlY29yZFJlc3VsdD0iVHJ1ZSIgQ2FjaGU9IkZhbHNlIiBSZXNwb25zZVRpbWVHb2FsPSIwIiBFbmNvZGluZz0idXRmLTgiIEV4cGVjdGVkSHR0cFN0YXR1c0NvZGU9IjAiIEV4cGVjdGVkUmVzcG9uc2VVcmw9IiIgUmVwb3J0aW5nTmFtZT0iIiBJZ25vcmVIdHRwU3RhdHVzQ29kZT0iRmFsc2UiPg0KICAgICAgPEhlYWRlcnM+DQogICAgICAgIDxIZWFkZXIgTmFtZT0iUmVmZXJlciIgVmFsdWU9Imh0dHA6Ly90aG9uZ3RpbmRhb3Rhby5zZ3UuZWR1LnZuL0RlZmF1bHQuYXNweD9wYWdlPWdpb2l0aGlldSIgLz4NCiAgICAgIDwvSGVhZGVycz4NCiAgICAgIDxFeHRyYWN0aW9uUnVsZXM+DQogICAgICAgIDxFeHRyYWN0aW9uUnVsZSBDbGFzc25hbWU9Ik1pY3Jvc29mdC5WaXN1YWxTdHVkaW8uVGVzdFRvb2xzLldlYlRlc3RpbmcuUnVsZXMuRXh0cmFjdEhpZGRlbkZpZWxkcywgTWljcm9zb2Z0LlZpc3VhbFN0dWRpby5RdWFsaXR5VG9vbHMuV2ViVGVzdEZyYW1ld29yaywgVmVyc2lvbj0xMC4wLjAuMCwgQ3VsdHVyZT1uZXV0cmFsLCBQdWJsaWNLZXlUb2tlbj1iMDNmNWY3ZjExZDUwYTNhIiBWYXJpYWJsZU5hbWU9IjEiIERpc3BsYXlOYW1lPSJFeHRyYWN0IEhpZGRlbiBGaWVsZHMiIERlc2NyaXB0aW9uPSJFeHRyYWN0IGFsbCBoaWRkZW4gZmllbGRzIGZyb20gdGhlIHJlc3BvbnNlIGFuZCBwbGFjZSB0aGVtIGludG8gdGhlIHRlc3QgY29udGV4dC4iPg0KICAgICAgICAgIDxSdWxlUGFyYW1ldGVycz4NCiAgICAgICAgICAgIDxSdWxlUGFyYW1ldGVyIE5hbWU9IlJlcXVpcmVkIiBWYWx1ZT0iVHJ1ZSIgLz4NCiAgICAgICAgICAgIDxSdWxlUGFyYW1ldGVyIE5hbWU9Ikh0bWxEZWNvZGUiIFZhbHVlPSJUcnVlIiAvPg0KICAgICAgICAgIDwvUnVsZVBhcmFtZXRlcnM+DQogICAgICAgIDwvRXh0cmFjdGlvblJ1bGU+DQogICAgICA8L0V4dHJhY3Rpb25SdWxlcz4NCiAgICAgIDxDb3JyZWxhdGlvbkV4dHJhY3Rpb25SdWxlcz4NCiAgICAgICAgPEV4dHJhY3Rpb25SdWxlIENsYXNzbmFtZT0iTWljcm9zb2Z0LlZpc3VhbFN0dWRpby5UZXN0VG9vbHMuV2ViVGVzdGluZy5SdWxlcy5FeHRyYWN0VGV4dCwgTWljcm9zb2Z0LlZpc3VhbFN0dWRpby5RdWFsaXR5VG9vbHMuV2ViVGVzdEZyYW1ld29yaywgVmVyc2lvbj0xMC4wLjAuMCwgQ3VsdHVyZT1uZXV0cmFsLCBQdWJsaWNLZXlUb2tlbj1iMDNmNWY3ZjExZDUwYTNhIiBWYXJpYWJsZU5hbWU9IlF1ZXJ5U3RyaW5nUGFyYW0xLnBhZ2UiIERpc3BsYXlOYW1lPSIiIERlc2NyaXB0aW9uPSIiPg0KICAgICAgICAgIDxSdWxlUGFyYW1ldGVycz4NCiAgICAgICAgICAgIDxSdWxlUGFyYW1ldGVyIE5hbWU9IlN0YXJ0c1dpdGgiIFZhbHVlPSI/cGFnZT0iIC8+DQogICAgICAgICAgICA8UnVsZVBhcmFtZXRlciBOYW1lPSJFbmRzV2l0aCIgVmFsdWU9IiZhbXA7IiAvPg0KICAgICAgICAgICAgPFJ1bGVQYXJhbWV0ZXIgTmFtZT0iSW5kZXgiIFZhbHVlPSIwIiAvPg0KICAgICAgICAgICAgPFJ1bGVQYXJhbWV0ZXIgTmFtZT0iSWdub3JlQ2FzZSIgVmFsdWU9IkZhbHNlIiAvPg0KICAgICAgICAgICAgPFJ1bGVQYXJhbWV0ZXIgTmFtZT0iVXNlUmVndWxhckV4cHJlc3Npb24iIFZhbHVlPSJGYWxzZSIgLz4NCiAgICAgICAgICAgIDxSdWxlUGFyYW1ldGVyIE5hbWU9Ikh0bWxEZWNvZGUiIFZhbHVlPSJUcnVlIiAvPg0KICAgICAgICAgICAgPFJ1bGVQYXJhbWV0ZXIgTmFtZT0iUmVxdWlyZWQiIFZhbHVlPSJGYWxzZSIgLz4NCiAgICAgICAgICA8L1J1bGVQYXJhbWV0ZXJzPg0KICAgICAgICA8L0V4dHJhY3Rpb25SdWxlPg0KICAgICAgICA8RXh0cmFjdGlvblJ1bGUgQ2xhc3NuYW1lPSJNaWNyb3NvZnQuVmlzdWFsU3R1ZGlvLlRlc3RUb29scy5XZWJUZXN0aW5nLlJ1bGVzLkV4dHJhY3RUZXh0LCBNaWNyb3NvZnQuVmlzdWFsU3R1ZGlvLlF1YWxpdHlUb29scy5XZWJUZXN0RnJhbWV3b3JrLCBWZXJzaW9uPTEwLjAuMC4wLCBDdWx0dXJlPW5ldXRyYWwsIFB1YmxpY0tleVRva2VuPWIwM2Y1ZjdmMTFkNTBhM2EiIFZhcmlhYmxlTmFtZT0iUXVlcnlTdHJpbmdQYXJhbTIuaWQiIERpc3BsYXlOYW1lPSIiIERlc2NyaXB0aW9uPSIiPg0KICAgICAgICAgIDxSdWxlUGFyYW1ldGVycz4NCiAgICAgICAgICAgIDxSdWxlUGFyYW1ldGVyIE5hbWU9IlN0YXJ0c1dpdGgiIFZhbHVlPSImYW1wO2FtcDtpZD0iIC8+DQogICAgICAgICAgICA8UnVsZVBhcmFtZXRlciBOYW1lPSJFbmRzV2l0aCIgVmFsdWU9IiZxdW90OyIgLz4NCiAgICAgICAgICAgIDxSdWxlUGFyYW1ldGVyIE5hbWU9IkluZGV4IiBWYWx1ZT0iMCIgLz4NCiAgICAgICAgICAgIDxSdWxlUGFyYW1ldGVyIE5hbWU9Iklnbm9yZUNhc2UiIFZhbHVlPSJGYWxzZSIgLz4NCiAgICAgICAgICAgIDxSdWxlUGFyYW1ldGVyIE5hbWU9IlVzZVJlZ3VsYXJFeHByZXNzaW9uIiBWYWx1ZT0iRmFsc2UiIC8+DQogICAgICAgICAgICA8UnVsZVBhcmFtZXRlciBOYW1lPSJIdG1sRGVjb2RlIiBWYWx1ZT0iVHJ1ZSIgLz4NCiAgICAgICAgICAgIDxSdWxlUGFyYW1ldGVyIE5hbWU9IlJlcXVpcmVkIiBWYWx1ZT0iRmFsc2UiIC8+DQogICAgICAgICAgPC9SdWxlUGFyYW1ldGVycz4NCiAgICAgICAgPC9FeHRyYWN0aW9uUnVsZT4NCiAgICAgICAgPEV4dHJhY3Rpb25SdWxlIENsYXNzbmFtZT0iTWljcm9zb2Z0LlZpc3VhbFN0dWRpby5UZXN0VG9vbHMuV2ViVGVzdGluZy5SdWxlcy5FeHRyYWN0VGV4dCwgTWljcm9zb2Z0LlZpc3VhbFN0dWRpby5RdWFsaXR5VG9vbHMuV2ViVGVzdEZyYW1ld29yaywgVmVyc2lvbj0xMC4wLjAuMCwgQ3VsdHVyZT1uZXV0cmFsLCBQdWJsaWNLZXlUb2tlbj1iMDNmNWY3ZjExZDUwYTNhIiBWYXJpYWJsZU5hbWU9IlF1ZXJ5U3RyaW5nUGFyYW0yNS5wYWdlIiBEaXNwbGF5TmFtZT0iIiBEZXNjcmlwdGlvbj0iIj4NCiAgICAgICAgICA8UnVsZVBhcmFtZXRlcnM+DQogICAgICAgICAgICA8UnVsZVBhcmFtZXRlciBOYW1lPSJTdGFydHNXaXRoIiBWYWx1ZT0iP3BhZ2U9IiAvPg0KICAgICAgICAgICAgPFJ1bGVQYXJhbWV0ZXIgTmFtZT0iRW5kc1dpdGgiIFZhbHVlPSImYW1wOyIgLz4NCiAgICAgICAgICAgIDxSdWxlUGFyYW1ldGVyIE5hbWU9IkluZGV4IiBWYWx1ZT0iMCIgLz4NCiAgICAgICAgICAgIDxSdWxlUGFyYW1ldGVyIE5hbWU9Iklnbm9yZUNhc2UiIFZhbHVlPSJGYWxzZSIgLz4NCiAgICAgICAgICAgIDxSdWxlUGFyYW1ldGVyIE5hbWU9IlVzZVJlZ3VsYXJFeHByZXNzaW9uIiBWYWx1ZT0iRmFsc2UiIC8+DQogICAgICAgICAgICA8UnVsZVBhcmFtZXRlciBOYW1lPSJIdG1sRGVjb2RlIiBWYWx1ZT0iVHJ1ZSIgLz4NCiAgICAgICAgICAgIDxSdWxlUGFyYW1ldGVyIE5hbWU9IlJlcXVpcmVkIiBWYWx1ZT0iRmFsc2UiIC8+DQogICAgICAgICAgPC9SdWxlUGFyYW1ldGVycz4NCiAgICAgICAgPC9FeHRyYWN0aW9uUnVsZT4NCiAgICAgICAgPEV4dHJhY3Rpb25SdWxlIENsYXNzbmFtZT0iTWljcm9zb2Z0LlZpc3VhbFN0dWRpby5UZXN0VG9vbHMuV2ViVGVzdGluZy5SdWxlcy5FeHRyYWN0VGV4dCwgTWljcm9zb2Z0LlZpc3VhbFN0dWRpby5RdWFsaXR5VG9vbHMuV2ViVGVzdEZyYW1ld29yaywgVmVyc2lvbj0xMC4wLjAuMCwgQ3VsdHVyZT1uZXV0cmFsLCBQdWJsaWNLZXlUb2tlbj1iMDNmNWY3ZjExZDUwYTNhIiBWYXJpYWJsZU5hbWU9IlF1ZXJ5U3RyaW5nUGFyYW0yNi5pZCIgRGlzcGxheU5hbWU9IiIgRGVzY3JpcHRpb249IiI+DQogICAgICAgICAgPFJ1bGVQYXJhbWV0ZXJzPg0KICAgICAgICAgICAgPFJ1bGVQYXJhbWV0ZXIgTmFtZT0iU3RhcnRzV2l0aCIgVmFsdWU9IiZhbXA7YW1wO2lkPSIgLz4NCiAgICAgICAgICAgIDxSdWxlUGFyYW1ldGVyIE5hbWU9IkVuZHNXaXRoIiBWYWx1ZT0iJnF1b3Q7IiAvPg0KICAgICAgICAgICAgPFJ1bGVQYXJhbWV0ZXIgTmFtZT0iSW5kZXgiIFZhbHVlPSIwIiAvPg0KICAgICAgICAgICAgPFJ1bGVQYXJhbWV0ZXIgTmFtZT0iSWdub3JlQ2FzZSIgVmFsdWU9IkZhbHNlIiAvPg0KICAgICAgICAgICAgPFJ1bGVQYXJhbWV0ZXIgTmFtZT0iVXNlUmVndWxhckV4cHJlc3Npb24iIFZhbHVlPSJGYWxzZSIgLz4NCiAgICAgICAgICAgIDxSdWxlUGFyYW1ldGVyIE5hbWU9Ikh0bWxEZWNvZGUiIFZhbHVlPSJUcnVlIiAvPg0KICAgICAgICAgICAgPFJ1bGVQYXJhbWV0ZXIgTmFtZT0iUmVxdWlyZWQiIFZhbHVlPSJGYWxzZSIgLz4NCiAgICAgICAgICA8L1J1bGVQYXJhbWV0ZXJzPg0KICAgICAgICA8L0V4dHJhY3Rpb25SdWxlPg0KICAgICAgPC9Db3JyZWxhdGlvbkV4dHJhY3Rpb25SdWxlcz4NCiAgICAgIDxRdWVyeVN0cmluZ1BhcmFtZXRlcnM+DQogICAgICAgIDxRdWVyeVN0cmluZ1BhcmFtZXRlciBOYW1lPSJwYWdlIiBWYWx1ZT0iY2hpdGlldHRob25ndGluIiBSZWNvcmRlZFZhbHVlPSJjaGl0aWV0dGhvbmd0aW4iIENvcnJlbGF0aW9uQmluZGluZz0ie3tRdWVyeVN0cmluZ1BhcmFtMy5wYWdlfX0iIFVybEVuY29kZT0iRmFsc2UiIFVzZVRvR3JvdXBSZXN1bHRzPSJGYWxzZSIgLz4NCiAgICAgICAgPFF1ZXJ5U3RyaW5nUGFyYW1ldGVyIE5hbWU9ImlkIiBWYWx1ZT0iMiIgUmVjb3JkZWRWYWx1ZT0iMiIgQ29ycmVsYXRpb25CaW5kaW5nPSJ7e1F1ZXJ5U3RyaW5nUGFyYW00LmlkfX0iIFVybEVuY29kZT0iRmFsc2UiIFVzZVRvR3JvdXBSZXN1bHRzPSJGYWxzZSIgLz4NCiAgICAgIDwvUXVlcnlTdHJpbmdQYXJhbWV0ZXJzPg0KICAgIDwvUmVxdWVzdD4NCiAgICA8UmVxdWVzdCBNZXRob2Q9IkdFVCIgR3VpZD0iZjJjMWE0YjMtMTdjYi00NWEyLWIwM2QtMzUxZDAyM2Y5YWUxIiBWZXJzaW9uPSIxLjEiIFVybD0iaHR0cDovL3Rob25ndGluZGFvdGFvLnNndS5lZHUudm4vZGVmYXVsdC5hc3B4IiBUaGlua1RpbWU9IjAiIFRpbWVvdXQ9IjMwMCIgUGFyc2VEZXBlbmRlbnRSZXF1ZXN0cz0iVHJ1ZSIgRm9sbG93UmVkaXJlY3RzPSJUcnVlIiBSZWNvcmRSZXN1bHQ9IlRydWUiIENhY2hlPSJGYWxzZSIgUmVzcG9uc2VUaW1lR29hbD0iMCIgRW5jb2Rpbmc9InV0Zi04IiBFeHBlY3RlZEh0dHBTdGF0dXNDb2RlPSIwIiBFeHBlY3RlZFJlc3BvbnNlVXJsPSJodHRwOi8vdGhvbmd0aW5kYW90YW8uc2d1LmVkdS52bi9kZWZhdWx0LmFzcHg/cGFnZT1kYW5nbmhhcCIgUmVwb3J0aW5nTmFtZT0iIiBJZ25vcmVIdHRwU3RhdHVzQ29kZT0iRmFsc2UiPg0KICAgICAgPFF1ZXJ5U3RyaW5nUGFyYW1ldGVycz4NCiAgICAgICAgPFF1ZXJ5U3RyaW5nUGFyYW1ldGVyIE5hbWU9InBhZ2UiIFZhbHVlPSJjaGl0aWV0dGhvbmd0aW4iIFJlY29yZGVkVmFsdWU9ImNoaXRpZXR0aG9uZ3RpbiIgQ29ycmVsYXRpb25CaW5kaW5nPSJ7e1F1ZXJ5U3RyaW5nUGFyYW0xLnBhZ2V9fSIgVXJsRW5jb2RlPSJGYWxzZSIgVXNlVG9Hcm91cFJlc3VsdHM9IkZhbHNlIiAvPg0KICAgICAgICA8UXVlcnlTdHJpbmdQYXJhbWV0ZXIgTmFtZT0iaWQiIFZhbHVlPSIyIiBSZWNvcmRlZFZhbHVlPSIyIiBDb3JyZWxhdGlvbkJpbmRpbmc9Int7UXVlcnlTdHJpbmdQYXJhbTIuaWR9fSIgVXJsRW5jb2RlPSJGYWxzZSIgVXNlVG9Hcm91cFJlc3VsdHM9IkZhbHNlIiAvPg0KICAgICAgPC9RdWVyeVN0cmluZ1BhcmFtZXRlcnM+DQogICAgICA8Rm9ybVBvc3RIdHRwQm9keT4NCiAgICAgICAgPEZvcm1Qb3N0UGFyYW1ldGVyIE5hbWU9Il9fRVZFTlRUQVJHRVQiIFZhbHVlPSJjdGwwMCRIZWFkZXIxJExvZ291dDEkbGJ0bkxvZ091dCIgUmVjb3JkZWRWYWx1ZT0iY3RsMDAkSGVhZGVyMSRMb2dvdXQxJGxidG5Mb2dPdXQiIENvcnJlbGF0aW9uQmluZGluZz0iIiBVcmxFbmNvZGU9IlRydWUiIC8+DQogICAgICAgIDxGb3JtUG9zdFBhcmFtZXRlciBOYW1lPSJfX0VWRU5UQVJHVU1FTlQiIFZhbHVlPSJ7eyRISURERU4xLl9fRVZFTlRBUkdVTUVOVH19IiBSZWNvcmRlZFZhbHVlPSIiIENvcnJlbGF0aW9uQmluZGluZz0iIiBVcmxFbmNvZGU9IlRydWUiIC8+DQogICAgICAgIDxGb3JtUG9zdFBhcmFtZXRlciBOYW1lPSJfX1ZJRVdTVEFURSIgVmFsdWU9Int7JEhJRERFTjEuX19WSUVXU1RBVEV9fSIgUmVjb3JkZWRWYWx1ZT0iL3dFUER3VUtMVE14TmpjM05UTTNOUTlrRmdKbUQyUVdCR1lQWkJZRUFnRVBGZ0llQjJOdmJuUmxiblJrWkFJQ0R4WUNIZ1JvY21WbUJTa3VMMDFsYzNOaFoyVkdhV3hsTDJaaGRtbGpiMjR0WkdGcExXaHZZeTF6WVdrdFoyOXVMbXB3WjJRQ0FROWtGZ2dDQXc5a0ZnSm1EMlFXQWdJQkQyUVdER1lQRHhZQ0hnUlVaWGgwQlF4RGFNT2dieUJpNGJxaGJpQmtaQUlCRHc4V0JCNEpSbTl5WlVOdmJHOXlDUUF6Ly84ZUJGOGhVMElDQkdSa0FnSVBEeFlFSHdNSkFEUC8veDhFQWdSa1pBSUREdzhXQmg4Q0JSaFVhR0Y1SU1TUjRidVZhU0J0NGJxdGRDQnJhT0c2cVhVZkF3a0FNLy8vSHdRQ0JHUmtBZ1FQRHhZRUh3TUpBRFAvL3g4RUFnUmtaQUlGRHc4V0JoOENCUTNFa01TRGJtY2dUbWpodXExd0h3TUpBRFAvL3g4RUFnUmtaQUlGRDJRV3dnRUNBUThQRmdRZUNFTnpjME5zWVhOekJRaHZkWFF0YldWdWRSOEVBZ0prRmdKbUR3OFdBaDhDQlF0VVVrRk9SeUJEU09HN3BtUmtBZ01QRHhZRUh3VUZDRzkxZEMxdFpXNTFId1FDQW1RV0FnSUJEdzhXQWg4Q0JSZEVRVTVJSUUzaHU2UkRJRU5JNGJ1b1F5Qk94SUpPUjJSa0FnVVBEeFlFSHdVRkNHOTFkQzF0Wlc1MUh3UUNBbVFXQWdJQkR3OFdBaDhDQlJ0RVRTQkRTT0c3cUVNZ1RzU0NUa2NneEpERGdVNUlJRWRKdzRGa1pBSUhEdzhXQkI4RkJRaHZkWFF0YldWdWRSOEVBZ0prRmdJQ0FROFBGZ0lmQWdValVWWGh1cUpPSUV6RG5TREVrTU9CVGtnZ1IwbkRnU0JTdzRoT0lFeFZXZUc3aGs1a1pBSUpEdzhXQmg4RkJRaHZkWFF0YldWdWRSOEVBZ0llQjFacGMybGliR1ZvWkJZQ0FnRVBEeFlDSHdJRkZjU1F4SUpPUnlCTHc1MGdUY09VVGlCSTRidU1RMlJrQWdzUER4WUVId1VGQ0c5MWRDMXRaVzUxSHdRQ0FtUmtBZzBQRHhZRUh3VUZDRzkxZEMxdFpXNTFId1FDQW1RV0FnSUJEdzhXQWg4Q0JRZFlSVTBnVkV0Q1pHUUNEdzhQRmdRZkJRVUliM1YwTFcxbGJuVWZCQUlDWkJZQ0FnRVBEeFlDSHdJRkVGaEZUU0RFa0VuaHU0Sk5JRVJCVGtoa1pBSVJEdzhXQkI4RkJRaHZkWFF0YldWdWRSOEVBZ0prRmdKbUR3OFdBaDhDQlE1WVJVMGdUT0c3aWtOSUlGUklTV1JrQWhNUER4WUdId1VGQ0c5MWRDMXRaVzUxSHdRQ0FoOEdhR1FXQWdJQkR3OFdBaDhDQlJSWVJVMGdUT0c3aWtOSUlGUklTU0JNNGJxZ1NXUmtBaFVQRHhZR0h3VUZDRzkxZEMxdFpXNTFId1FDQWg4R2FHUVdBZ0lCRHc4V0FoOENCUkZZUlUwZ1RPRzdpa05JSUZSSVNTQkhTMlJrQWhjUER4WUdId1VGQ0c5MWRDMXRaVzUxSHdRQ0FoOEdhR1FXQWdJQkR3OFdBaDhDQlNGSFNFa2dWTU9UVFNCVTRicXVWQ0JOdzVST0lFZEo0YnFpVGtjZ1JPRzZvRmxrWkFJWkR3OFdCQjhGQlFodmRYUXRiV1Z1ZFI4RUFnSmtaQUliRHc4V0JCOEZCUWh2ZFhRdGJXVnVkUjhFQWdKa0ZnSUNBUThQRmdJZkFnVU9XRVZOSUVqaHU0eERJRkJJdzQxa1pBSWREdzhXQkI4RkJRaHZkWFF0YldWdWRSOEVBZ0prWkFJZkR3OFdCQjhGQlFodmRYUXRiV1Z1ZFI4RUFnSmtGZ0lDQVE4UEZnSWZBZ1VMV0VWTklNU1FTZUc3Z2sxa1pBSWhEdzhXQmg4RkJRaHZkWFF0YldWdWRSOEVBZ0lmQm1oa0ZnSUNBUThQRmdJZkFnVVR4SkJKNGJ1Q1RTQkw0YnV5SUZiaHU0eE9SMlJrQWlNUER4WUVId1VGQ0c5MWRDMXRaVzUxSHdRQ0FtUVdBZ0lCRHc4V0FoOENCUmhMNGJxK1ZDQlJWZUc2b2lERWtFbmh1NEpOSUVSQlRraGtaQUlsRHc4V0JCOEZCUWh2ZFhRdGJXVnVkUjhFQWdKa0ZnSUNBUThQRmdJZkFnVVdTMUVneEpCSjRidUNUU0JFUVU1SUlFOU9URWxPUldSa0FpY1BEeFlFSHdVRkNHOTFkQzF0Wlc1MUh3UUNBbVFXQWdJQkR3OFdBaDhDQlJ0WVJVMGd4SkJKNGJ1Q1RTQkVRVTVJSUZOSlRrZ2dWa25EaWs1a1pBSXBEdzhXQkI4RkJRaHZkWFF0YldWdWRSOEVBZ0prRmdJQ0FROFBGZ0lmQWdVZlIwbmh1cUpPUnlCV1NjT0tUaUJVNGJ1d0lNU1FTZUc3Z2swZ1JFRk9TR1JrQWlzUER4WUVId1VGQ0c5MWRDMXRaVzUxSHdRQ0FtUVdBZ0lCRHc4V0FoOENCUWxZUlUwZ1ExVEVrRlJrWkFJdER3OFdCQjhGQlFodmRYUXRiV1Z1ZFI4RUFnSmtGZ0lDQVE4UEZnSWZBZ1VMV0VWTklFM0RsRTRnVkZGa1pBSXZEdzhXQkI4RkJRaHZkWFF0YldWdWRSOEVBZ0prRmdJQ0FROFBGZ0lmQWdVa3hKRERnVTVJSUVkSnc0RWdTK0c2dmxRZ1VWWGh1cUlnVXNPSVRpQk1WVm5odTRaT1pHUUNNUThQRmdRZkJRVUliM1YwTFcxbGJuVWZCQUlDWkJZQ0FnRVBEeFlDSHdJRkpzU1F3NEZPU0NCSFNjT0JJRXRSSUZMRGlFNGdURlZaNGJ1R1RpQlRTVTVJSUZaSnc0cE9aR1FDTXc4UEZnWWZCUVVJYjNWMExXMWxiblVmQkFJQ0h3Wm9aQllDQWdFUER4WUNId0lGRWxQaHU2eEJJRlJVSUVQRGdTQk9TTU9DVG1Sa0FqVVBEeFlHSHdVRkNHOTFkQzF0Wlc1MUh3UUNBaDhHWjJRV0FnSUJEdzhXQWg4Q0JRNUh3NU5RSU1PZElFdEo0YnErVG1Sa0FqY1BEeFlHSHdVRkNHOTFkQzF0Wlc1MUh3UUNBaDhHYUdRV0FtWVBEeFlDSHdJRkVGUGh1NnhCSUV6RG5TQk00YnVLUTBoa1pBSTVEdzhXQkI4RkJRaHZkWFF0YldWdWRSOEVBZ0prRmdJQ0FROFBGZ0lmQWdVVlVWWGh1cUpPSUV6RG5TQlRTVTVJSUZaSnc0cE9aR1FDT3c4UEZnUWZCUVVJYjNWMExXMWxiblVmQkFJQ1pCWUNBZ0VQRHhZQ0h3SUZJa3ZodXI1VUlGRlY0YnFpSUZOSlRrZ2dWa25EaWs0Z3hKRERnVTVJSUVkSnc0RmtaQUk5RHc4V0JCOEZCUWh2ZFhRdGJXVnVkUjhFQWdKa1pBSS9EdzhXQkI4RkJRaHZkWFF0YldWdWRSOEVBZ0prRmdJQ0FROWtGZ0ptRHc4V0FoOENCUm5Fa01PQlRrZ2dSMG5EZ1NCSFNlRzZvazVISUVUaHVxQlpaR1FDUVE4UEZnUWZCUVVJYjNWMExXMWxiblVmQkFJQ1pCWUNBZ0VQRHhZQ0h3SUZGTVNReElKT1J5Qkx3NTBnVkVoSklFemh1cUJKWkdRQ1F3OFBGZ1FmQlFVSWIzVjBMVzFsYm5VZkJBSUNaR1FDUlE4UEZnUWZCUVVJYjNWMExXMWxiblVmQkFJQ1pCWUNBZ0VQRHhZQ0h3SUZFc1NRU3lCRFNGVlp3NHBPSUU1SHc0Qk9TR1JrQWtjUER4WUVId1VGQ0c5MWRDMXRaVzUxSHdRQ0FtUmtBa2tQRHhZRUh3VUZDRzkxZEMxdFpXNTFId1FDQW1RV0FnSUJEdzhXQWg4Q0JSWkxVU0JZdzRsVUlGVGh1NUJVSUU1SFNFbmh1NFpRWkdRQ1N3OFBGZ1FmQlFVSWIzVjBMVzFsYm5VZkJBSUNaQllDQWdFUER4WUNId0lGSFV0UklGakRpVlFnVkVuaHU0Qk9JRlRodTVCVUlFNUhTRW5odTRaUVpHUUNUUThQRmdRZkJRVUliM1YwTFcxbGJuVWZCQUlDWkJZQ0FnRVBEeFlDSHdJRkdrUERnbFVnU09HN2pra2dWRWpHcitHN25FNUhJRWZodXJaUVpHUUNUdzhQRmdRZkJRVUliM1YwTFcxbGJuVWZCQUlDWkJZQ0FnRVBEeFlDSHdJRkU4U1FTeUJMU01PVFFTQk1WZUc2ckU0Z1ZFNWtaQUpSRHc4V0JCOEZCUWh2ZFhRdGJXVnVkUjhFQWdKa0ZnSUNBUThQRmdJZkFnVU9Ua2podXF4UUlNU1FTZUc3Z2sxa1pBSlREdzhXQkI4RkJRaHZkWFF0YldWdWRSOEVBZ0prWkFKVkR3OFdCQjhGQlFodmRYUXRiV1Z1ZFI4RUFnSmtaQUpYRHc4V0JCOEZCUWh2ZFhRdGJXVnVkUjhFQWdKa1pBSlpEdzhXQkI4RkJRaHZkWFF0YldWdWRSOEVBZ0prRmdJQ0FROFBGZ0lmQWdVZVdFVk5JTVNRU2VHN2drMGdUY09VVGlCSFNlRzZvazVISUVUaHVxQlpaR1FDV3c4UEZnUWZCUVVJYjNWMExXMWxiblVmQkFJQ1pCWUNBZ0VQRHhZQ0h3SUZIbGhGVFNERWtFbmh1NEpOSUZUaHU1Uk9SeUJJNGJ1aVVDQk00YnVhVUdSa0FsMFBEeFlFSHdVRkNHOTFkQzF0Wlc1MUh3UUNBbVFXQWdJQkR3OFdBaDhDQlJWSlRpQkxTT0c3a0VrZ1RNYXY0YnVpVGtjZ1IwUmtaQUpmRHc4V0JCOEZCUWh2ZFhRdGJXVnVkUjhFQWdKa0ZnSUNBUThQRmdJZkFnVU9WVkJNVDBGRUlNU1FTZUc3Z2sxa1pBSmhEdzhXQkI4RkJRaHZkWFF0YldWdWRSOEVBZ0prRmdJQ0FROFBGZ0lmQWdVTlZFdENJRUxodTVnZ1RjT1VUbVJrQW1NUER4WUVId1VGQ0c5MWRDMXRaVzUxSHdRQ0FtUVdBZ0lCRHc4V0FoOENCUlJNNGJ1S1EwZ2dWRWhKSUVMaHU1Z2dUY09VVG1Sa0FtVVBEeFlFSHdVRkNHOTFkQzF0Wlc1MUh3UUNBbVFXQWdJQkR3OFdBaDhDQlNaVVNPRzdrRTVISUV2RGlpQkhTZUc2b2s1SElGWkp3NHBPSUVSVldlRzdobFFnUzFGRVMyUmtBbWNQRHhZRUh3VUZDRzkxZEMxdFpXNTFId1FDQW1RV0FnSUJEdzhXQWg4Q0JTSllSVTBnVk9HN2xFNUhJRWpodTZKUUlFdFJJRWpodTR4RElGVGh1cXhRSUZOV1pHUUNhUThQRmdRZkJRVUliM1YwTFcxbGJuVWZCQUlDWkdRQ2F3OFBGZ1FmQlFVSWIzVjBMVzFsYm5VZkJBSUNaQllDWmc4UEZnSWZBZ1VZUytHNnZpQklUK0c2b0VOSUlFamh1NHhESUZUaHVxeFFaR1FDYlE4UEZnUWZCUVVJYjNWMExXMWxiblVmQkFJQ1pHUUNidzhQRmdRZkJRVUliM1YwTFcxbGJuVWZCQUlDWkJZQ0FnRVBEeFlDSHdJRkZFakdyK0c3bWs1SElFVGh1cXBPSU1TUVMwMUlaR1FDY1E4UEZnUWZCUVVJYjNWMExXMWxiblVmQkFJQ1pCWUNBZ0VQRHhZQ0h3SUZJRTVJNGJxc1VDREVrT0c3aWtFZ1Ewamh1NGdnVGtqaHVxeE9JRlBEZ1VOSVpHUUNjdzhQRmdRZkJRVUliM1YwTFcxbGJuVWZCQUlDWkJZQ0FnRVBEeFlDSHdJRkpNU1F4SUpPUnlCTHc1MGdUa2podXF4T0lGUERnVU5JSUU1SFQ4T0FTU0JIU2VHN25HUmtBblVQRHhZRUh3VUZDRzkxZEMxdFpXNTFId1FDQW1RV0FnSUJEdzhXQWg4Q0JSdkVrTU9CVGtnZ1IwbkRnU0JEU09HNnBGUWdUTWF2NGJ1aVRrZGtaQUozRHc4V0JCOEZCUWh2ZFhRdGJXVnVkUjhFQWdKa0ZnSUNBUThQRmdJZkFnVWZ4SkF1UzhPZElFVGh1N0FnVE9HN2hDQlU0YnVRVkNCT1IwaEo0YnVHVUdSa0Fua1BEeFlFSHdVRkNHOTFkQzF0Wlc1MUh3UUNBbVFXQWdJQkR3OFdBaDhDQlJOTzRidVlVQ0JEU09HN3FFNUhJRU5JNGJ1SVpHUUNldzhQRmdRZkJRVUliM1YwTFcxbGJuVWZCQUlDWkJZQ0FnRVBEeFlDSHdJRklWaEZUU0RFa09HN2dDQkR4cS9Hb0U1SElGUlNUMDVISUVMaHU1Z2dUY09VVG1Sa0FuMFBEeFlFSHdVRkNHOTFkQzF0Wlc1MUh3UUNBbVFXQWdJQkR3OFdBaDhDQlJsRVFVNUlJRlBEZ1VOSUlNU1FMa3ZEblNCWXc0bFVJRlJPWkdRQ2Z3OFBGZ1FmQlFVSWIzVjBMVzFsYm5VZkJBSUNaQllDQWdFUER4WUNId0lGSGtSQlRrZ2dVOE9CUTBnZ3hKQXVTOE9kSUVUaHU3QWdUT0c3aENCVVRtUmtBb0VCRHc4V0JCOEZCUWh2ZFhRdGJXVnVkUjhFQWdKa0ZnSUNBUThQRmdJZkFnVVdWRWpEbEU1SElGUkpUaUJNVmVHNnJFNGdWc1NDVG1Sa0FvTUJEdzhXQkI4RkJRaHZkWFF0YldWdWRSOEVBZ0prRmdJQ0FROFBGZ0lmQWdValZGSkJJRVBodTZoVklGUkl3NVJPUnlCVVNVNGdWT0c3a0ZRZ1RrZElTZUc3aGxCa1pBS0ZBUThQRmdRZkJRVUliM1YwTFcxbGJuVWZCQUlDWkJZQ0FnRVBEeFlDSHdJRkVFUGh1N0JWSUZOSlRrZ2dWa25EaWs1a1pBS0hBUThQRmdRZkJRVUliM1YwTFcxbGJuVWZCQUlDWkJZQ0FnRVBEeFlDSHdJRkY4U1F4SUpPUnlCTHc1MGdXTU9KVkNCVVZWbmh1NEpPWkdRQ2lRRVBEeFlFSHdVRkNHOTFkQzF0Wlc1MUh3UUNBbVFXQWdJQkR3OFdBaDhDQlNCVVNNT1VUa2NnVkVsT0lFamh1NUlnVThhZ0lGUlZXZUc3Z2s0Z1UwbE9TR1JrQW9zQkR3OFdCQjhGQlFodmRYUXRiV1Z1ZFI4RUFnSmtaQUtOQVE4UEZnUWZCUVVJYjNWMExXMWxiblVmQkFJQ1pCWUNBZ0VQRHhZQ0h3SUZGMGpEazBFZ3hKREdvRTRneEpCSjRidUdUaUJVNGJ1c1pHUUNqd0VQRHhZRUh3VUZDRzkxZEMxdFpXNTFId1FDQW1RV0FnSUJEdzhXQWg4Q0JSWk9SMGpodTRnZ1JPRzZvRmtnUk9HNm9Ga2dRc09aWkdRQ2tRRVBEeFlFSHdVRkNHOTFkQzF0Wlc1MUh3UUNBbVFXQWdJQkR3OFdBaDhDQlJmRWtNU0NUa2NnUzhPZElFNUhTT0c3aUNCUVNNT0pVR1JrQXBNQkR3OFdCQjhGQlFodmRYUXRiV1Z1ZFI4RUFnSmtGZ0lDQVE4UEZnSWZBZ1VTeEpERWdrNUhJRXZEblNCRFQwa2dWRWhKWkdRQ2xRRVBEeFlFSHdVRkNHOTFkQzF0Wlc1MUh3UUNBbVFXQWdJQkR3OFdBaDhDQlJKWVJVMGdUT0c3aWtOSUlFTlBTU0JVU0Vsa1pBS1hBUThQRmdRZkJRVUliM1YwTFcxbGJuVWZCQUlDWkJZQ0FnRVBEeFlDSHdJRkcwdFJJRTVIU0VuRGlrNGdRK0c3cUZVZ1MwaFBRU0JJNGJ1TVEyUmtBcGtCRHc4V0JCOEZCUWh2ZFhRdGJXVnVkUjhFQWdKa0ZnSUNBUThQRmdJZkFnVWNXRVZOSU1TUTRidUFJRlREZ0VrZ1RrTkxTQ0JVU0VGTklFZEpRV1JrQXBzQkR3OFdCQjhGQlFodmRYUXRiV1Z1ZFI4RUFnSmtGZ0lDQVE5a0ZnSm1EdzhXQWg4Q0JTVEVrTVNDVGtjZ1M4T2RJRmhKVGlCSFNlRzZwRmtnUTBqaHU2aE9SeUJPU09HNnJFNWtaQUtkQVE4UEZnUWZCUVVJYjNWMExXMWxiblVmQkFJQ1pCWUNBZ0VQWkJZQ1pnOFBGZ0lmQWdVWlErRzZyRkFnVGtqaHVxeFVJRTVIVCtHNm9Fa2dWRkxEbW1Sa0FwOEJEdzhXQkI4RkJRaHZkWFF0YldWdWRSOEVBZ0prRmdJQ0FROFBGZ0lmQWdVYlErRzZyRkFnVGtqaHVxeFVJRlJJeHEvaHU1eE9SeUJVVXNPYVpHUUNvUUVQRHhZRUh3VUZDRzkxZEMxdFpXNTFId1FDQW1RV0FnSUJEdzhXQWg4Q0JSVkQ0YnFvVFNCT1FVNUhJRk5KVGtnZ1ZrbkRpazVrWkFLakFROFBGZ1FmQlFVSWIzVjBMVzFsYm5VZkJBSUNaQllDQWdFUER4WUNId0lGSGxoRlRTQk1WZUc2ckU0Z1ZzU0NUaUJVNGJ1UVZDQk9SMGhKNGJ1R1VHUmtBcVVCRHc4V0JCOEZCUWh2ZFhRdGJXVnVkUjhFQWdKa0ZnSUNBUThQRmdJZkFnVWVXRVZOSUV4VjRicXNUaUJXeElKT0lFakdyK0c3bWs1SElFVGh1cXBPWkdRQ3B3RVBEeFlFSHdVRkNHOTFkQzF0Wlc1MUh3UUNBbVFXQWdJQkR3OFdBaDhDQlIxWVJVMGdURlhodXF4T0lGYkVnazRnVUVqaHVxSk9JRUpKNGJ1R1RtUmtBcWtCRHc4V0JCOEZCUWh2ZFhRdGJXVnVkUjhFQWdKa0ZnSUNBUThQRmdJZkFnVWtRc09CVHlCQ1NlRzdnbFVnVUVqaHU2UkRJRmJodTZRZ1RNT0RUa2dneEpEaHVxQlBaR1FDcXdFUER4WUVId1VGQ0c5MWRDMXRaVzUxSHdRQ0FtUVdBZ0lCRHc4V0FoOENCUnhVU09HN2tFNUhJRXZEaWlERWtNT1RUa2NnU0ZBZ1QwNU1TVTVGWkdRQ3JRRVBEeFlFSHdVRkNHOTFkQzF0Wlc1MUh3UUNBbVFXQWdJQkR3OFdBaDhDQlJmRWtNU0NUa2NnUzhPZElFdkRuU0JVdzVwRElGakRnV1JrQXE4QkR3OFdCQjhGQlFodmRYUXRiV1Z1ZFI4RUFnSmtGZ0lDQVE4UEZnSWZBZ1VZVkVoQlRrZ2dWRS9EZ1U0Z1M4T2RJRlREbWtNZ1dNT0JaR1FDc1FFUER4WUVId1VGQ0c5MWRDMXRaVzUxSHdRQ0FtUVdBZ0lCRHc4V0FoOENCU0pENGJxc1VDQk9TT0c2ckZRZ1RNT2RJRXpodTRwRFNDQkxTRTlCSUVqaHU0eERaR1FDc3dFUER4WUVId1VGQ0c5MWRDMXRaVzUxSHdRQ0FtUVdBZ0lCRHc4V0FoOENCUmRENGJxc1VDQk9TT0c2ckZRZ1ZDNVVTVTRnUWtoWlZHUmtBclVCRHc4V0JCOEZCUWh2ZFhRdGJXVnVkUjhFQWdKa0ZnSUNBUThQRmdJZkFnVVdXRVZOSU1TUVNlRzdnazBneEpERGd5QkU0YnFnV1dSa0FyY0JEdzhXQkI4RkJRaHZkWFF0YldWdWRSOEVBZ0prRmdJQ0FROFBGZ0lmQWdVWlNVNGdTOE9LSUV0SVFVa2dSMG5odTV3Z1Iwbmh1cUpPUjJSa0Fya0JEdzhXQkI4RkJRaHZkWFF0YldWdWRSOEVBZ0prWkFLN0FROFBGZ1FmQlFVSWIzVjBMVzFsYm5VZkJBSUNaR1FDdlFFUER4WUVId1VGQ0c5MWRDMXRaVzUxSHdRQ0FtUmtBcjhCRHc4V0JCOEZCUWh2ZFhRdGJXVnVkUjhFQWdKa1pBTEJBUThQRmdRZkJRVUliM1YwTFcxbGJuVWZCQUlDWkdRQ0J3OWtGZ0lDQVE5a0ZnSm1EMlFXQkFJQkR3OFdBaDhDQlFwRGFHa2dkR25odXI5MFpHUUNBdzlrRmdSbUQyUVdBbVlQRHhZQ0h3SUZnQUU4YzNSeWIyNW5QbFJvdzdSdVp5QjBhVzRneEpIRG9HOGdkT0c2b1c4Z1k4T2hZeUJzNGJ1YmNDQk1hY09xYmlCMGFNTzBibWNnS0dOb3c2MXVhQ0J4ZFhrc0lIYmh1NnRoSUd6RG9HMGdkdUc3cTJFZ2FPRzdqV01wTENCV3hJTnVJR0xodXJGdVp5QXlJQ2hqYU1PdGJtZ2djWFY1S1R3dmMzUnliMjVuUG1Sa0FnRVBaQllDWmc4UEZnSWZBZ1d5Tnp4emRISnZibWNnYzNSNWJHVTlJbVp2Ym5RdGMybDZaVG9nTVRKd2REc2dabTl1ZEMxbVlXMXBiSGs2SUZSaGFHOXRZVHNpUGtQRG9XTWdiT0c3bTNBZ2FPRzdoeUIyNGJ1cllTQnN3NkJ0SUhiaHU2dGhJR2podTQxakxDQm80YnVOWXlCamFIVnVaeUIwYWVHNnYyNGd4SkhodTVrZ2R1RzdtMmtnVTFZZ1kyakRyVzVvSUhGMWVTWnVZbk53T3p4aWNpQXZQand2YzNSeWIyNW5Qanh6Y0dGdUlITjBlV3hsUFNKbWIyNTBMWE5wZW1VNklERXljSFE3SUdadmJuUXRabUZ0YVd4NU9pQlVZV2h2YldFN0lqNTRaVzBnZEdqRHRHNW5JR0xEb1c4Z1kyaDFibWNnZHVHN20ya2dhT0c3aHlCamFNT3RibWdnY1hWNVBDOXpjR0Z1UGp4aWNpQXZQanh6ZEhKdmJtY2djM1I1YkdVOUltWnZiblF0YzJsNlpUb2dNVEp3ZERzZ1ptOXVkQzFtWVcxcGJIazZJRlJoYUc5dFlUc2lQaTBnU09HN2hpQk1TY09LVGlCVVNNT1VUa2NnTFNCSXc0eE9TQ0JVU09HN3FFTWdRMGpEalU1SUlGRlZXVHhpY2lBdlBpc2dTMmpEczJFZ01UY2dLR3podTV0d0lFUkJUalF4TnpFcFBDOXpkSEp2Ym1jK1BHSnlJSE4wZVd4bFBTSm1iMjUwTFhOcGVtVTZJREV5Y0hRN0lHWnZiblF0Wm1GdGFXeDVPaUJVWVdodmJXRTdJaUF2UGp4emNHRnVJSE4wZVd4bFBTSm1iMjUwTFhOcGVtVTZJREV5Y0hRN0lHWnZiblF0Wm1GdGFXeDVPaUJVWVdodmJXRTdJajRtYm1KemNEc2dKbTVpYzNBN3hKREdzT0c3bzJNZ2VNT3BkQ0IwNGJ1UmRDQnVaMmhwNGJ1SGNDREVrY082Ym1jZ2RHbmh1cjl1SU1TUjRidVpJSGJEb0c4Z3hKRGh1Nk4wSURJc0lFN0VnMjBnTWpBeE9TQW9Namd2TURZdk1qQXhPU2s4TDNOd1lXNCtQR0p5SUhOMGVXeGxQU0ptYjI1MExYTnBlbVU2SURFeWNIUTdJR1p2Ym5RdFptRnRhV3g1T2lCVVlXaHZiV0U3SWlBdlBqeHpkSEp2Ym1jZ2MzUjViR1U5SW1admJuUXRjMmw2WlRvZ01USndkRHNnWm05dWRDMW1ZVzFwYkhrNklGUmhhRzl0WVRzaVBpc2dTMmpEczJFZ01UZ2dLR1BEb1dNZ2JPRzdtM0FnUkZOQk5ERTRNU3dnUkVkVU5ERTRNU3dnUkVkTk5ERTRNU2s4TDNOMGNtOXVaejQ4WW5JZ2MzUjViR1U5SW1admJuUXRjMmw2WlRvZ01USndkRHNnWm05dWRDMW1ZVzFwYkhrNklGUmhhRzl0WVRzaUlDOCtQSE53WVc0Z2MzUjViR1U5SW1admJuUXRjMmw2WlRvZ01USndkRHNnWm05dWRDMW1ZVzFwYkhrNklGUmhhRzl0WVRzaVBpWnVZbk53T3lBbWJtSnpjRHZFa01hdzRidWpZeUI0dzZsMElIVGh1NUYwSUc1bmFHbmh1NGR3SU1TUnc3cHVaeUIwYWVHNnYyNGd4SkhodTVrZ2RzT2dieURFa09HN28zUWdOQ3dnVHNTRGJTQXlNREU1SUNneE1DOHdPUzh5TURFNUtUd3ZjM0JoYmo0OFluSWdMejQ4YzNSeWIyNW5JSE4wZVd4bFBTSm1iMjUwTFhOcGVtVTZJREV5Y0hRN0lHWnZiblF0Wm1GdGFXeDVPaUJVWVdodmJXRTdJajR0SUVqaHU0WWdURW5EaWs0Z1ZFakRsRTVISUMwZ1NNT01Ua2dnVkVqaHU2aERJRmJodTZwQklFekRnRTBnVnVHN3FrRWdTT0c3akVNOFluSWdMejQ4TDNOMGNtOXVaejQ4YzNSeWIyNW5JSE4wZVd4bFBTSm1iMjUwTFhOcGVtVTZJREV5Y0hRN0lHWnZiblF0Wm1GdGFXeDVPaUJVWVdodmJXRTdJajRySUV0b3c3TmhJREUzSUNoanc2RmpJR3podTV0d0lFUkhWQ3dnUkVkTkxDQkVWRThzSUVSTVNTd2dSRWhQTENCRVUwa3NJRVJXUVN3Z1JFUkpMQ0JFVTBFc0lFUkhSQ3dnUkUxSk16RTNlQ2s4TDNOMGNtOXVaejQ4WW5JZ2MzUjViR1U5SW1admJuUXRjMmw2WlRvZ01USndkRHNnWm05dWRDMW1ZVzFwYkhrNklGUmhhRzl0WVRzaUlDOCtQSE53WVc0Z2MzUjViR1U5SW1admJuUXRjMmw2WlRvZ01USndkRHNnWm05dWRDMW1ZVzFwYkhrNklGUmhhRzl0WVRzaVBpWnVZbk53T3lBbWJtSnpjRHZFa01hdzRidWpZeUI0dzZsMElIVGh1NUYwSUc1bmFHbmh1NGR3SU1TUnc3cHVaeUIwYWVHNnYyNGd4SkhodTVrZ2RzT2dieURFa09HN28zUWdNU3dnVHNTRGJTQXlNREU1SUNneU5pOHdNaTh5TURFNUtTWnVZbk53T3p3dmMzQmhiajQ4WlcwZ2MzUjViR1U5SW1admJuUXRjMmw2WlRvZ01USndkRHNnWm05dWRDMW1ZVzFwYkhrNklGUmhhRzl0WVRzaVBqeGljaUF2UGp3dlpXMCtQSE4wY205dVp5QnpkSGxzWlQwaVptOXVkQzF6YVhwbE9pQXhNbkIwT3lCbWIyNTBMV1poYldsc2VUb2dWR0ZvYjIxaE95SStLeUJMYU1PellTQXhOeUFvUTJGdklNU1I0YnF6Ym1jZ2JHbkRxbTRnZEdqRHRHNW5MQ0JzNGJ1YmNDQkRSMDB6TVRjeEtUd3ZjM1J5YjI1blBqeGljaUJ6ZEhsc1pUMGlabTl1ZEMxemFYcGxPaUF4TW5CME95Qm1iMjUwTFdaaGJXbHNlVG9nVkdGb2IyMWhPeUlnTHo0OGMzQmhiaUJ6ZEhsc1pUMGlabTl1ZEMxemFYcGxPaUF4TW5CME95Qm1iMjUwTFdaaGJXbHNlVG9nVkdGb2IyMWhPeUkrSm01aWMzQTdJQ1p1WW5Od084U1F4ckRodTZOaklIakRxWFFnZE9HN2tYUWdibWRvYWVHN2gzQWdkc09nYnlERWtPRzdvM1FnTXl3Z1RzU0RiU0F5TURFNUlDZ3hOaTh3Tnk4eU1ERTVLVHd2YzNCaGJqNDhZbklnYzNSNWJHVTlJbVp2Ym5RdGMybDZaVG9nTVRKd2REc2dabTl1ZEMxbVlXMXBiSGs2SUZSaGFHOXRZVHNpSUM4K1BITjBjbTl1WnlCemRIbHNaVDBpWm05dWRDMXphWHBsT2lBeE1uQjBPeUJtYjI1MExXWmhiV2xzZVRvZ1ZHRm9iMjFoT3lJK0t5QkxhTU96WVNBeE9DQW9ZOE9oWXlCczRidWJjQ0JFVTBFek1UZ3hMQ0JFUjFRek1UZ3hMQ0JFUjAwek1UZ3hMQ0JFUjAwek1UZ3lLVHd2YzNSeWIyNW5QanhpY2lCemRIbHNaVDBpWm05dWRDMXphWHBsT2lBeE1uQjBPeUJtYjI1MExXWmhiV2xzZVRvZ1ZHRm9iMjFoT3lJZ0x6NDhjM0JoYmlCemRIbHNaVDBpWm05dWRDMXphWHBsT2lBeE1uQjBPeUJtYjI1MExXWmhiV2xzZVRvZ1ZHRm9iMjFoT3lJK0ptNWljM0E3SUNadVluTndPMGpodTQxaklHdkRyQ0IwYU9HN3FTQXhJR1BodTZkaElHdG93N05oSU1TUnc2QnZJSFRodXFGdklDaDA0YnVySURFMUx6RXdMekl3TVRncElDMG1ibUp6Y0R0RHc3TWdhK0c2djNRZ2NYWGh1cU1nYU9HN2pXTWdkT0c2clhBZ2RPRzdxeUF4TkM4d05TOHlNREU1UEM5emNHRnVQanhpY2lCemRIbHNaVDBpWm05dWRDMXphWHBsT2lBeE1uQjBPeUJtYjI1MExXWmhiV2xzZVRvZ1ZHRm9iMjFoT3lJZ0x6NDhjM0JoYmlCemRIbHNaVDBpWm05dWRDMXphWHBsT2lBeE1uQjBPeUJtYjI1MExXWmhiV2xzZVRvZ1ZHRm9iMjFoT3lJK0ptNWljM0E3SUNadVluTndPMGpodTQxaklHdkRyQ0IwYU9HN3FTQXlJR1BodTZkaElHdG93N05oSU1TUnc2QnZJSFRodXFGdklDaDA0YnVySURJMUx6QXpMekl3TVRrcEptNWljM0E3UEM5emNHRnVQanhpY2lCemRIbHNaVDBpWm05dWRDMXphWHBsT2lBeE1uQjBPeUJtYjI1MExXWmhiV2xzZVRvZ1ZHRm9iMjFoT3lJZ0x6NDhjM0JoYmlCemRIbHNaVDBpWm05dWRDMXphWHBsT2lBeE1uQjBPeUJtYjI1MExXWmhiV2xzZVRvZ1ZHRm9iMjFoT3lJK0ptNWljM0E3SUNadVluTndPMGpodTQxaklHdkRyQ0IwYU9HN3FTQXpJR1BodTZkaElHdG93N05oSU1TUnc2QnZJSFRodXFGdklDaDA0YnVySURJMkx6QTRMekl3TVRrcElDMG1ibUp6Y0R2RWtNT2pJR1BEc3lCcjRicS9kQ0J4ZGVHNm95Qm80YnVOWXlCMDRicXRjQ0JvNGJ1Tll5QnJ3Nnc4TDNOd1lXNCtQR0p5SUhOMGVXeGxQU0ptYjI1MExYTnBlbVU2SURFeWNIUTdJR1p2Ym5RdFptRnRhV3g1T2lCVVlXaHZiV0U3SWlBdlBqeHpjR0Z1SUhOMGVXeGxQU0ptYjI1MExYTnBlbVU2SURFeWNIUTdJR1p2Ym5RdFptRnRhV3g1T2lCVVlXaHZiV0U3SWo0bWJtSnpjRHNnSm01aWMzQTdQQzl6Y0dGdVBqeHpjR0Z1SUhOMGVXeGxQU0ptYjI1MExYTnBlbVU2SURFeWNIUTdJR1p2Ym5RdFptRnRhV3g1T2lCVVlXaHZiV0U3SWo1WXc2bDBJSFRodTVGMElHNW5hR25odTRkd0lNU1J3N3B1WnlCMGFlRzZ2MjRneEpIaHU1a21ibUp6Y0RzOEwzTndZVzQrUEhOd1lXNGdjM1I1YkdVOUltWnZiblF0YzJsNlpUb2dNVEp3ZERzZ1ptOXVkQzFtWVcxcGJIazZJRlJoYUc5dFlUc2lQbmJEb0c4Z3hKRGh1Nk4wSURFc0lFN0VnMjBnTWpBeU1DQW9NalV2TURJdk1qQXlNQ2t1UEM5emNHRnVQanhsYlNCemRIbHNaVDBpWm05dWRDMXphWHBsT2lBeE1uQjBPeUJtYjI1MExXWmhiV2xzZVRvZ1ZHRm9iMjFoT3lCamIyeHZjam9nSTJabU1EQXdNRHNpUGp4aWNpQXZQand2WlcwK1BITjBjbTl1WnlCemRIbHNaVDBpWm05dWRDMXphWHBsT2lBeE1uQjBPeUJtYjI1MExXWmhiV2xzZVRvZ1ZHRm9iMjFoT3lCamIyeHZjam9nSTJabU1EQXdNRHNpUGlzZ1MyakRzMkVnTVRrZ0tHUERvV01nYk9HN20zQWdSRk5CTXpFNU1Td2dSRWRVTXpFNU1Td2dSRWRVTXpFNU1pazhMM04wY205dVp6NDhZbklnYzNSNWJHVTlJbVp2Ym5RdGMybDZaVG9nTVRKd2REc2dabTl1ZEMxbVlXMXBiSGs2SUZSaGFHOXRZVHNpSUM4K1BITndZVzRnYzNSNWJHVTlJbVp2Ym5RdGMybDZaVG9nTVRKd2REc2dabTl1ZEMxbVlXMXBiSGs2SUZSaGFHOXRZVHNpUGladVluTndPeUFtYm1KemNEc2dTT0c3aldNZ2E4T3NJSFJvNGJ1cElERWdZK0c3cDJFZ2EyakRzMkVneEpIRG9HOGdkT0c2b1c4Z0tIVGh1NnNnTURRdk1URXZNakF4T1NrOFluSWdMejRtYm1KemNEc2dKbTVpYzNBN0lFUERvV01nYU9HN2pXTWdjR2podXFkdUlHUGh1NmRoSUVoTElIUm80YnVwSURFZ1krRzdwMkVnYTJqRHMyRWd4SkhEb0c4Z2RPRzZvVzhnYytHNnZTREVrY2F3NGJ1all5QjA0YnVWSUdObzRidXBZeUIwYUdrZ1k4TzVibWNnZHVHN20ya2dTRXNnZEdqaHU2a2dNaUJqNGJ1bllTQnJhTU96WVNERWtjT2dieUIwNGJxaGJ5NDhZbklnTHo0OEwzTndZVzQrUEhOd1lXNGdjM1I1YkdVOUltWnZiblF0YzJsNlpUb2dNVEp3ZERzZ1ptOXVkQzFtWVcxcGJIazZJRlJoYUc5dFlUc2lQaVp1WW5Od095QW1ibUp6Y0RzZ1NPRzdqV01nYThPc0lIUm80YnVwSURJZ1krRzdwMkVnYTJqRHMyRWd4SkhEb0c4Z2RPRzZvVzhnS09HN3FXNW5JSGJodTV0cElFaExNaXdnTWpBeE9TQXRJREl3TWpBcFBHSnlJQzgrUEM5emNHRnVQanh6ZEhKdmJtY2djM1I1YkdVOUltWnZiblF0Wm1GdGFXeDVPaUJVWVdodmJXRTdJR1p2Ym5RdGMybDZaVG9nTVRad2VEc2lQaVp1WW5Od095QW1ibUp6Y0RzbWJtSnpjRHM4TDNOMGNtOXVaejQ4YzNCaGJpQnpkSGxzWlQwaVptOXVkQzF6YVhwbE9pQXhObkI0T3lCbWIyNTBMV1poYldsc2VUb2dWR0ZvYjIxaE95SStXTU9wZENCMDRidVJkQ0J1WjJocDRidUhjQ0RFa2NPNmJtY2dkR25odXI5dUlNU1I0YnVaSUhiRG9HOGd4SkRodTZOMElERXNJRzdFZzIwZ01qQXlNU0FvZHNPZ2J5QnVaOE9nZVNBd01pOHdNeTh5TURJeEtUd3ZjM0JoYmo0OFluSWdMejQ4YzNSeWIyNW5JSE4wZVd4bFBTSm1iMjUwTFhOcGVtVTZJREV5Y0hRN0lHWnZiblF0Wm1GdGFXeDVPaUJVWVdodmJXRTdJajR0SUVqaHU0WWd4SkRodXFCSklFamh1NHhESUVMaHVyQk9SeUJVU09HN3FDQXlJQzBnU01PTVRrZ2dWRWpodTZoRElFTkl3NDFPU0NCUlZWazhZbklnTHo0OEwzTjBjbTl1Wno0OGMzUnliMjVuSUhOMGVXeGxQU0ptYjI1MExYTnBlbVU2SURFeWNIUTdJR1p2Ym5RdFptRnRhV3g1T2lCVVlXaHZiV0U3SWo0cklFdG93N05oSURFMklDaHM0YnViY0NCRVFVNDFNVFl4S1R3dmMzUnliMjVuUGp4aWNpQnpkSGxzWlQwaVptOXVkQzF6YVhwbE9pQXhNbkIwT3lCbWIyNTBMV1poYldsc2VUb2dWR0ZvYjIxaE95SWdMejQ4YzNCaGJpQnpkSGxzWlQwaVptOXVkQzF6YVhwbE9pQXhNbkIwT3lCbWIyNTBMV1poYldsc2VUb2dWR0ZvYjIxaE95SStKbTVpYzNBN0lDWnVZbk53TzBqaHU0MWpJR3ZEckNCMGFPRzdxU0EwSUdQaHU2ZGhJR3RvdzdOaElNU1J3NkJ2SUhUaHVxRnZJQ2gwNGJ1cklESXpMekEzTHpJd01UZ3BJQ2hJU3lCamRlRzdrV2twSm01aWMzQTdQQzl6Y0dGdVBqeGljaUJ6ZEhsc1pUMGlabTl1ZEMxemFYcGxPaUF4TW5CME95Qm1iMjUwTFdaaGJXbHNlVG9nVkdGb2IyMWhPeUlnTHo0OGMzQmhiaUJ6ZEhsc1pUMGlabTl1ZEMxemFYcGxPaUF4TW5CME95Qm1iMjUwTFdaaGJXbHNlVG9nVkdGb2IyMWhPeUkrSm01aWMzQTdJQ1p1WW5Od084U1F4ckRodTZOaklIakRxWFFnZE9HN2tYUWdibWRvYWVHN2gzQWd4SkhEdW01bklIUnA0YnEvYmlERWtlRzdtU0IydzZCdklNU1E0YnVqZENBeExDQk94SU50SURJd01Ua3NJRzVudzZCNUlESTJMekF5THpJd01Ua3BQQzl6Y0dGdVBqeGljaUJ6ZEhsc1pUMGlabTl1ZEMxemFYcGxPaUF4TW5CME95Qm1iMjUwTFdaaGJXbHNlVG9nVkdGb2IyMWhPeUlnTHo0OGMzUnliMjVuSUhOMGVXeGxQU0ptYjI1MExYTnBlbVU2SURFeWNIUTdJR1p2Ym5RdFptRnRhV3g1T2lCVVlXaHZiV0U3SUdOdmJHOXlPaUFqWm1Zd01EQXdPeUkrS3lCTGFNT3pZU0F4TnlBb2JPRzdtM0FnUkVGT05URTNNU0FwUEdKeUlDOCtQQzl6ZEhKdmJtYytQSE53WVc0Z2MzUjViR1U5SW1admJuUXRjMmw2WlRvZ01USndkRHNnWm05dWRDMW1ZVzFwYkhrNklGUmhhRzl0WVRzaVBpWnVZbk53T3lBbWJtSnpjRHRJNGJ1Tll5QnJ3NndnZEdqaHU2a2dNeUJqNGJ1bllTQnJhTU96WVNERWtjT2dieUIwNGJxaGJ5QW9kT0c3cXlBeU9TOHhNQzh5TURFNEtUd3ZjM0JoYmo0OFluSWdjM1I1YkdVOUltWnZiblF0YzJsNlpUb2dNVEp3ZERzZ1ptOXVkQzFtWVcxcGJIazZJRlJoYUc5dFlUc2lJQzgrUEhOd1lXNGdjM1I1YkdVOUltWnZiblF0YzJsNlpUb2dNVEp3ZERzZ1ptOXVkQzFtWVcxcGJIazZJRlJoYUc5dFlUc2lQaVp1WW5Od095QW1ibUp6Y0R0STRidU5ZeUJydzZ3Z2RHamh1NmtnTkNCajRidW5ZU0JyYU1PellTREVrY09nYnlCMDRicWhieUFvZE9HN3F5QXhOUzh3Tnk4eU1ERTVLU0F0Sm01aWMzQTd4SkREb3lCanc3TWdhK0c2djNRZ2NYWGh1cU1nYU9HN2pXTWdkT0c2clhBZ2FPRzdqV01nYThPc1BDOXpjR0Z1UGp4aWNpQnpkSGxzWlQwaVptOXVkQzF6YVhwbE9pQXhNbkIwT3lCbWIyNTBMV1poYldsc2VUb2dWR0ZvYjIxaE95SWdMejQ4YzNCaGJpQnpkSGxzWlQwaVptOXVkQzF6YVhwbE9pQXhNbkIwT3lCbWIyNTBMV1poYldsc2VUb2dWR0ZvYjIxaE95SStKbTVpYzNBN0lDWnVZbk53T3p3dmMzQmhiajQ4YzNCaGJpQnpkSGxzWlQwaVptOXVkQzF6YVhwbE9pQXhNbkIwT3lCbWIyNTBMV1poYldsc2VUb2dWR0ZvYjIxaE95SStXTU9wZENCMDRidVJkQ0J1WjJocDRidUhjQ0RFa2NPNmJtY2dkR25odXI5dUlNU1I0YnVaUEM5emNHRnVQanh6Y0dGdUlITjBlV3hsUFNKbWIyNTBMWE5wZW1VNklERXljSFE3SUdadmJuUXRabUZ0YVd4NU9pQlVZV2h2YldFN0lqNG1ibUp6Y0R0Mnc2QnZJTVNRNGJ1amRDQXhMQ0JPeElOdElESXdNakFnS0RJMUx6QXlMekl3TWpBcExpQlRWaUIwYUdWdklHVER0V2tnYStHNnYzUWdjWFhodXFNZ2VNT3BkQ0FvYytHNnZTQmphSFY1NGJ1RGJpQnI0YnEvZENCeGRlRzZveUJrNGJ1eElHdHA0YnEvYmlCamFHOGdhMmh2WVM4Z2JtZkRvRzVvSUhOaGRTQnVaOE9nZVNCbzRidU5jQ0I0dzZsMEtUd3ZjM0JoYmo0OFluSWdjM1I1YkdVOUltWnZiblF0YzJsNlpUb2dNVEp3ZERzZ1ptOXVkQzFtWVcxcGJIazZJRlJoYUc5dFlUc2lJQzgrUEhOMGNtOXVaeUJ6ZEhsc1pUMGlabTl1ZEMxemFYcGxPaUF4TW5CME95Qm1iMjUwTFdaaGJXbHNlVG9nVkdGb2IyMWhPeUJqYjJ4dmNqb2dJMlptTURBd01Ec2lQaXNnUzJqRHMyRWdNVGdnS0d6aHU1dHdJRVJCVGpVeE9ERXBQQzl6ZEhKdmJtYytQR0p5SUhOMGVXeGxQU0ptYjI1MExYTnBlbVU2SURFeWNIUTdJR1p2Ym5RdFptRnRhV3g1T2lCVVlXaHZiV0U3SWlBdlBqeHpjR0Z1SUhOMGVXeGxQU0ptYjI1MExYTnBlbVU2SURFeWNIUTdJR1p2Ym5RdFptRnRhV3g1T2lCVVlXaHZiV0U3SWo0bWJtSnpjRHNnSm01aWMzQTdTT0c3aldNZ2E4T3NJSFJvNGJ1cElESWdZK0c3cDJFZ2EyakRzMkVneEpIRG9HOGdkT0c2b1c4Z0tIVGh1NnNnTWpjdk1EVXZNakF4T1NrOEwzTndZVzQrUEdKeUlITjBlV3hsUFNKbWIyNTBMWE5wZW1VNklERXljSFE3SUdadmJuUXRabUZ0YVd4NU9pQlVZV2h2YldFN0lpQXZQanh6Y0dGdUlITjBlV3hsUFNKbWIyNTBMWE5wZW1VNklERXljSFE3SUdadmJuUXRabUZ0YVd4NU9pQlVZV2h2YldFN0lqNG1ibUp6Y0RzZ0ptNWljM0E3U09HN2pXTWdhOE9zSUhSbzRidXBJRE1nWStHN3AyRWdhMmpEczJFZ3hKSERvRzhnZE9HNm9XOGdLSFRodTZzZ01USXZNRGN2TWpBeE9Ta21ibUp6Y0R2RWtNT2pJR1BEc3lCcjRicS9kQ0J4ZGVHNm95Qm80YnVOWXlCMDRicXRjQ0JvNGJ1Tll5QnJ3Nnc4TDNOd1lXNCtQR0p5SUhOMGVXeGxQU0ptYjI1MExYTnBlbVU2SURFeWNIUTdJR1p2Ym5RdFptRnRhV3g1T2lCVVlXaHZiV0U3SWlBdlBqeHpjR0Z1SUhOMGVXeGxQU0ptYjI1MExYTnBlbVU2SURFeWNIUTdJR1p2Ym5RdFptRnRhV3g1T2lCVVlXaHZiV0U3SWo0bWJtSnpjRHNnSm01aWMzQTdTT0c3aldNZ2E4T3NJSFJvNGJ1cElEUWdZK0c3cDJFZ2EyakRzMkVneEpIRG9HOGdkT0c2b1c4Z0tPRzdxVzVuSUhiaHU1dHBJRWhMTWl3Z01qQXlNVGtnTFNBeU1ESXdLU0FtYm1KemNEc29ZdUc2cjNRZ3hKSGh1cWQxSUhUaHU2c2dNamN2TURRdk1qQXlNQ2s4WW5JZ0x6NDhMM053WVc0K1BITndZVzRnYzNSNWJHVTlJbVp2Ym5RdGMybDZaVG9nTVRKd2REc2dabTl1ZEMxbVlXMXBiSGs2SUZSaGFHOXRZVHNpUGladVluTndPeUFtYm1KemNEdFl3NmwwSUhUaHU1RjBJRzVuYUduaHU0ZHdJTVNSdzdwdVp5QjBhZUc2djI0Z3hKSGh1NWtnZHNPZ2J5REVrT0c3bzNRZ01Td2dic1NEYlNBeU1ESXhJQ2gydzZCdklHNW53NkI1SURBeUx6QXpMekl3TWpFcFBDOXpjR0Z1UGp4aWNpQnpkSGxzWlQwaVptOXVkQzF6YVhwbE9pQXhNbkIwT3lCbWIyNTBMV1poYldsc2VUb2dWR0ZvYjIxaE95SWdMejQ4YzNSeWIyNW5JSE4wZVd4bFBTSm1iMjUwTFhOcGVtVTZJREV5Y0hRN0lHWnZiblF0Wm1GdGFXeDVPaUJVWVdodmJXRTdJR052Ykc5eU9pQWpabVl3TURBd095SStLeUJMYU1PellTQXlNQ0FvYk9HN20zQWdSRUZPTlRJd01Ta21ibUp6Y0RzOEwzTjBjbTl1Wno0OFluSWdjM1I1YkdVOUltWnZiblF0YzJsNlpUb2dNVEp3ZERzZ1ptOXVkQzFtWVcxcGJIazZJRlJoYUc5dFlUc2lJQzgrUEhOd1lXNGdjM1I1YkdVOUltWnZiblF0YzJsNlpUb2dNVEp3ZERzZ1ptOXVkQzFtWVcxcGJIazZJRlJoYUc5dFlUc2lQaVp1WW5Od095QW1ibUp6Y0R2RWtHRnVaeUJzdzZCdElIUm80YnVuSUhUaHU2VmpJRzVvNGJxdGNDQm80YnVOWXk0bWJtSnpjRHNtYm1KemNEdEw0YnEvZENCMGFNTzZZeUIwYU9HN25Xa2daMmxoYmlCdWFPRzZyWEFnYU9HN2pXTWdLREEyTHpBekx6SXdNakFwUEM5emNHRnVQanhpY2lCemRIbHNaVDBpWm05dWRDMXphWHBsT2lBeE1uQjBPeUJtYjI1MExXWmhiV2xzZVRvZ1ZHRm9iMjFoT3lJZ0x6NDhjM0JoYmlCemRIbHNaVDBpWm05dWRDMXphWHBsT2lBeE1uQjBPeUJtYjI1MExXWmhiV2xzZVRvZ1ZHRm9iMjFoT3lCamIyeHZjam9nSTJabU1EQXdNRHNpUGladVluTndPeUFtYm1KemNEdEk0YnVOWXlCcnc2d2dkR2podTZrZ01TQmo0YnVuWVNCcmFNT3pZU0RFa2NPZ2J5QjA0YnFoYnlBb2RPRzdxeUF3Tmk4d05DOHlNREl3S1R3dmMzQmhiajVrWkFJSkQyUVdDQUlCRHc4V0FoOENCWGxEYjNCNWNtbG5hSFFnd3FreU1EQTVJRlJ5eHJEaHU1MXVaeURFa0VnZ1U4T2dhU0JIdzdKdUxjU1E0YnFoYVNCbzRidU5ZeUJqYU1PdGJtZ2djWFY1TGlCUmRlRzZvMjRnYk1POUlHTGh1NTlwSU9HN3Bua2dZbUZ1SUc1b3c2SnVJR1REb200Z1ZGQXVJRWpodTVNZ1EyakRyU0JOYVc1b1pHUUNBdzhQRmdJZkFnVUxWSEpoYm1jZ1Eyamh1NmRrWkFJRkR3OFdBaDhDQlMxVWFHbmh1cjkwSUd2aHVyOGdZdUc3bjJrZ1kzUjVJRkJvNGJxbmJpQnQ0YnVCYlNCQmJtZ2dVWFhEb201a1pBSUhEdzhXQWg4Q0JRekVrT0c2cDNVZ1ZISmhibWRrWkdSRFpaa3RaOXpXTzVkY0ljdXhXeUppTlgxTkV3PT0iIENvcnJlbGF0aW9uQmluZGluZz0iIiBVcmxFbmNvZGU9IlRydWUiIC8+DQogICAgICAgIDxGb3JtUG9zdFBhcmFtZXRlciBOYW1lPSJfX1ZJRVdTVEFURUdFTkVSQVRPUiIgVmFsdWU9Int7JEhJRERFTjEuX19WSUVXU1RBVEVHRU5FUkFUT1J9fSIgUmVjb3JkZWRWYWx1ZT0iQ0EwQjAzMzQiIENvcnJlbGF0aW9uQmluZGluZz0iIiBVcmxFbmNvZGU9IlRydWUiIC8+DQogICAgICA8L0Zvcm1Qb3N0SHR0cEJvZHk+DQogICAgPC9SZXF1ZXN0Pg0KICAgIDxSZXF1ZXN0IE1ldGhvZD0iUE9TVCIgR3VpZD0iNjM4Y2RlZjQtMzU2ZC00MmM5LWE5NjktYzYzYzdhNzM3YjdlIiBWZXJzaW9uPSIxLjEiIFVybD0iaHR0cDovL3Rob25ndGluZGFvdGFvLnNndS5lZHUudm4vZGVmYXVsdC5hc3B4IiBUaGlua1RpbWU9IjAiIFRpbWVvdXQ9IjMwMCIgUGFyc2VEZXBlbmRlbnRSZXF1ZXN0cz0iVHJ1ZSIgRm9sbG93UmVkaXJlY3RzPSJUcnVlIiBSZWNvcmRSZXN1bHQ9IlRydWUiIENhY2hlPSJGYWxzZSIgUmVzcG9uc2VUaW1lR29hbD0iMCIgRW5jb2Rpbmc9InV0Zi04IiBFeHBlY3RlZEh0dHBTdGF0dXNDb2RlPSIwIiBFeHBlY3RlZFJlc3BvbnNlVXJsPSJodHRwOi8vdGhvbmd0aW5kYW90YW8uc2d1LmVkdS52bi9kZWZhdWx0LmFzcHg/cGFnZT1kYW5nbmhhcCIgUmVwb3J0aW5nTmFtZT0iIiBJZ25vcmVIdHRwU3RhdHVzQ29kZT0iRmFsc2UiPg0KICAgICAgPEhlYWRlcnM+DQogICAgICAgIDxIZWFkZXIgTmFtZT0iUmVmZXJlciIgVmFsdWU9Imh0dHA6Ly90aG9uZ3RpbmRhb3Rhby5zZ3UuZWR1LnZuL2RlZmF1bHQuYXNweD9wYWdlPWNoaXRpZXR0aG9uZ3RpbiZhbXA7aWQ9MiIgLz4NCiAgICAgIDwvSGVhZGVycz4NCiAgICAgIDxRdWVyeVN0cmluZ1BhcmFtZXRlcnM+DQogICAgICAgIDxRdWVyeVN0cmluZ1BhcmFtZXRlciBOYW1lPSJwYWdlIiBWYWx1ZT0iY2hpdGlldHRob25ndGluIiBSZWNvcmRlZFZhbHVlPSJjaGl0aWV0dGhvbmd0aW4iIENvcnJlbGF0aW9uQmluZGluZz0ie3tRdWVyeVN0cmluZ1BhcmFtMjUucGFnZX19IiBVcmxFbmNvZGU9IkZhbHNlIiBVc2VUb0dyb3VwUmVzdWx0cz0iRmFsc2UiIC8+DQogICAgICAgIDxRdWVyeVN0cmluZ1BhcmFtZXRlciBOYW1lPSJpZCIgVmFsdWU9IjIiIFJlY29yZGVkVmFsdWU9IjIiIENvcnJlbGF0aW9uQmluZGluZz0ie3tRdWVyeVN0cmluZ1BhcmFtMjYuaWR9fSIgVXJsRW5jb2RlPSJGYWxzZSIgVXNlVG9Hcm91cFJlc3VsdHM9IkZhbHNlIiAvPg0KICAgICAgPC9RdWVyeVN0cmluZ1BhcmFtZXRlcnM+DQogICAgICA8Rm9ybVBvc3RIdHRwQm9keT4NCiAgICAgICAgPEZvcm1Qb3N0UGFyYW1ldGVyIE5hbWU9Il9fRVZFTlRUQVJHRVQiIFZhbHVlPSJjdGwwMCRIZWFkZXIxJExvZ291dDEkbGJ0bkxvZ091dCIgUmVjb3JkZWRWYWx1ZT0iY3RsMDAkSGVhZGVyMSRMb2dvdXQxJGxidG5Mb2dPdXQiIENvcnJlbGF0aW9uQmluZGluZz0iIiBVcmxFbmNvZGU9IlRydWUiIC8+DQogICAgICAgIDxGb3JtUG9zdFBhcmFtZXRlciBOYW1lPSJfX0VWRU5UQVJHVU1FTlQiIFZhbHVlPSJ7eyRISURERU4xLl9fRVZFTlRBUkdVTUVOVH19IiBSZWNvcmRlZFZhbHVlPSIiIENvcnJlbGF0aW9uQmluZGluZz0iIiBVcmxFbmNvZGU9IlRydWUiIC8+DQogICAgICAgIDxGb3JtUG9zdFBhcmFtZXRlciBOYW1lPSJfX1ZJRVdTVEFURSIgVmFsdWU9Int7JEhJRERFTjEuX19WSUVXU1RBVEV9fSIgUmVjb3JkZWRWYWx1ZT0iL3dFUER3VUtMVE14TmpjM05UTTNOUTlrRmdKbUQyUVdCR1lQWkJZRUFnRVBGZ0llQjJOdmJuUmxiblJrWkFJQ0R4WUNIZ1JvY21WbUJTa3VMMDFsYzNOaFoyVkdhV3hsTDJaaGRtbGpiMjR0WkdGcExXaHZZeTF6WVdrdFoyOXVMbXB3WjJRQ0FROWtGZ2dDQXc5a0ZnSm1EMlFXQWdJQkQyUVdER1lQRHhZQ0hnUlVaWGgwQlF4RGFNT2dieUJpNGJxaGJpQmtaQUlCRHc4V0JCNEpSbTl5WlVOdmJHOXlDUUF6Ly84ZUJGOGhVMElDQkdSa0FnSVBEeFlFSHdNSkFEUC8veDhFQWdSa1pBSUREdzhXQmg4Q0JSaFVhR0Y1SU1TUjRidVZhU0J0NGJxdGRDQnJhT0c2cVhVZkF3a0FNLy8vSHdRQ0JHUmtBZ1FQRHhZRUh3TUpBRFAvL3g4RUFnUmtaQUlGRHc4V0JoOENCUTNFa01TRGJtY2dUbWpodXExd0h3TUpBRFAvL3g4RUFnUmtaQUlGRDJRV3dnRUNBUThQRmdRZUNFTnpjME5zWVhOekJRaHZkWFF0YldWdWRSOEVBZ0prRmdKbUR3OFdBaDhDQlF0VVVrRk9SeUJEU09HN3BtUmtBZ01QRHhZRUh3VUZDRzkxZEMxdFpXNTFId1FDQW1RV0FnSUJEdzhXQWg4Q0JSZEVRVTVJSUUzaHU2UkRJRU5JNGJ1b1F5Qk94SUpPUjJSa0FnVVBEeFlFSHdVRkNHOTFkQzF0Wlc1MUh3UUNBbVFXQWdJQkR3OFdBaDhDQlJ0RVRTQkRTT0c3cUVNZ1RzU0NUa2NneEpERGdVNUlJRWRKdzRGa1pBSUhEdzhXQkI4RkJRaHZkWFF0YldWdWRSOEVBZ0prRmdJQ0FROFBGZ0lmQWdValVWWGh1cUpPSUV6RG5TREVrTU9CVGtnZ1IwbkRnU0JTdzRoT0lFeFZXZUc3aGs1a1pBSUpEdzhXQmg4RkJRaHZkWFF0YldWdWRSOEVBZ0llQjFacGMybGliR1ZvWkJZQ0FnRVBEeFlDSHdJRkZjU1F4SUpPUnlCTHc1MGdUY09VVGlCSTRidU1RMlJrQWdzUER4WUVId1VGQ0c5MWRDMXRaVzUxSHdRQ0FtUmtBZzBQRHhZRUh3VUZDRzkxZEMxdFpXNTFId1FDQW1RV0FnSUJEdzhXQWg4Q0JRZFlSVTBnVkV0Q1pHUUNEdzhQRmdRZkJRVUliM1YwTFcxbGJuVWZCQUlDWkJZQ0FnRVBEeFlDSHdJRkVGaEZUU0RFa0VuaHU0Sk5JRVJCVGtoa1pBSVJEdzhXQkI4RkJRaHZkWFF0YldWdWRSOEVBZ0prRmdKbUR3OFdBaDhDQlE1WVJVMGdUT0c3aWtOSUlGUklTV1JrQWhNUER4WUdId1VGQ0c5MWRDMXRaVzUxSHdRQ0FoOEdhR1FXQWdJQkR3OFdBaDhDQlJSWVJVMGdUT0c3aWtOSUlGUklTU0JNNGJxZ1NXUmtBaFVQRHhZR0h3VUZDRzkxZEMxdFpXNTFId1FDQWg4R2FHUVdBZ0lCRHc4V0FoOENCUkZZUlUwZ1RPRzdpa05JSUZSSVNTQkhTMlJrQWhjUER4WUdId1VGQ0c5MWRDMXRaVzUxSHdRQ0FoOEdhR1FXQWdJQkR3OFdBaDhDQlNGSFNFa2dWTU9UVFNCVTRicXVWQ0JOdzVST0lFZEo0YnFpVGtjZ1JPRzZvRmxrWkFJWkR3OFdCQjhGQlFodmRYUXRiV1Z1ZFI4RUFnSmtaQUliRHc4V0JCOEZCUWh2ZFhRdGJXVnVkUjhFQWdKa0ZnSUNBUThQRmdJZkFnVU9XRVZOSUVqaHU0eERJRkJJdzQxa1pBSWREdzhXQkI4RkJRaHZkWFF0YldWdWRSOEVBZ0prWkFJZkR3OFdCQjhGQlFodmRYUXRiV1Z1ZFI4RUFnSmtGZ0lDQVE4UEZnSWZBZ1VMV0VWTklNU1FTZUc3Z2sxa1pBSWhEdzhXQmg4RkJRaHZkWFF0YldWdWRSOEVBZ0lmQm1oa0ZnSUNBUThQRmdJZkFnVVR4SkJKNGJ1Q1RTQkw0YnV5SUZiaHU0eE9SMlJrQWlNUER4WUVId1VGQ0c5MWRDMXRaVzUxSHdRQ0FtUVdBZ0lCRHc4V0FoOENCUmhMNGJxK1ZDQlJWZUc2b2lERWtFbmh1NEpOSUVSQlRraGtaQUlsRHc4V0JCOEZCUWh2ZFhRdGJXVnVkUjhFQWdKa0ZnSUNBUThQRmdJZkFnVVdTMUVneEpCSjRidUNUU0JFUVU1SUlFOU9URWxPUldSa0FpY1BEeFlFSHdVRkNHOTFkQzF0Wlc1MUh3UUNBbVFXQWdJQkR3OFdBaDhDQlJ0WVJVMGd4SkJKNGJ1Q1RTQkVRVTVJSUZOSlRrZ2dWa25EaWs1a1pBSXBEdzhXQkI4RkJRaHZkWFF0YldWdWRSOEVBZ0prRmdJQ0FROFBGZ0lmQWdVZlIwbmh1cUpPUnlCV1NjT0tUaUJVNGJ1d0lNU1FTZUc3Z2swZ1JFRk9TR1JrQWlzUER4WUVId1VGQ0c5MWRDMXRaVzUxSHdRQ0FtUVdBZ0lCRHc4V0FoOENCUWxZUlUwZ1ExVEVrRlJrWkFJdER3OFdCQjhGQlFodmRYUXRiV1Z1ZFI4RUFnSmtGZ0lDQVE4UEZnSWZBZ1VMV0VWTklFM0RsRTRnVkZGa1pBSXZEdzhXQkI4RkJRaHZkWFF0YldWdWRSOEVBZ0prRmdJQ0FROFBGZ0lmQWdVa3hKRERnVTVJSUVkSnc0RWdTK0c2dmxRZ1VWWGh1cUlnVXNPSVRpQk1WVm5odTRaT1pHUUNNUThQRmdRZkJRVUliM1YwTFcxbGJuVWZCQUlDWkJZQ0FnRVBEeFlDSHdJRkpzU1F3NEZPU0NCSFNjT0JJRXRSSUZMRGlFNGdURlZaNGJ1R1RpQlRTVTVJSUZaSnc0cE9aR1FDTXc4UEZnWWZCUVVJYjNWMExXMWxiblVmQkFJQ0h3Wm9aQllDQWdFUER4WUNId0lGRWxQaHU2eEJJRlJVSUVQRGdTQk9TTU9DVG1Sa0FqVVBEeFlHSHdVRkNHOTFkQzF0Wlc1MUh3UUNBaDhHWjJRV0FnSUJEdzhXQWg4Q0JRNUh3NU5RSU1PZElFdEo0YnErVG1Sa0FqY1BEeFlHSHdVRkNHOTFkQzF0Wlc1MUh3UUNBaDhHYUdRV0FtWVBEeFlDSHdJRkVGUGh1NnhCSUV6RG5TQk00YnVLUTBoa1pBSTVEdzhXQkI4RkJRaHZkWFF0YldWdWRSOEVBZ0prRmdJQ0FROFBGZ0lmQWdVVlVWWGh1cUpPSUV6RG5TQlRTVTVJSUZaSnc0cE9aR1FDT3c4UEZnUWZCUVVJYjNWMExXMWxiblVmQkFJQ1pCWUNBZ0VQRHhZQ0h3SUZJa3ZodXI1VUlGRlY0YnFpSUZOSlRrZ2dWa25EaWs0Z3hKRERnVTVJSUVkSnc0RmtaQUk5RHc4V0JCOEZCUWh2ZFhRdGJXVnVkUjhFQWdKa1pBSS9EdzhXQkI4RkJRaHZkWFF0YldWdWRSOEVBZ0prRmdJQ0FROWtGZ0ptRHc4V0FoOENCUm5Fa01PQlRrZ2dSMG5EZ1NCSFNlRzZvazVISUVUaHVxQlpaR1FDUVE4UEZnUWZCUVVJYjNWMExXMWxiblVmQkFJQ1pCWUNBZ0VQRHhZQ0h3SUZGTVNReElKT1J5Qkx3NTBnVkVoSklFemh1cUJKWkdRQ1F3OFBGZ1FmQlFVSWIzVjBMVzFsYm5VZkJBSUNaR1FDUlE4UEZnUWZCUVVJYjNWMExXMWxiblVmQkFJQ1pCWUNBZ0VQRHhZQ0h3SUZFc1NRU3lCRFNGVlp3NHBPSUU1SHc0Qk9TR1JrQWtjUER4WUVId1VGQ0c5MWRDMXRaVzUxSHdRQ0FtUmtBa2tQRHhZRUh3VUZDRzkxZEMxdFpXNTFId1FDQW1RV0FnSUJEdzhXQWg4Q0JSWkxVU0JZdzRsVUlGVGh1NUJVSUU1SFNFbmh1NFpRWkdRQ1N3OFBGZ1FmQlFVSWIzVjBMVzFsYm5VZkJBSUNaQllDQWdFUER4WUNId0lGSFV0UklGakRpVlFnVkVuaHU0Qk9JRlRodTVCVUlFNUhTRW5odTRaUVpHUUNUUThQRmdRZkJRVUliM1YwTFcxbGJuVWZCQUlDWkJZQ0FnRVBEeFlDSHdJRkdrUERnbFVnU09HN2pra2dWRWpHcitHN25FNUhJRWZodXJaUVpHUUNUdzhQRmdRZkJRVUliM1YwTFcxbGJuVWZCQUlDWkJZQ0FnRVBEeFlDSHdJRkU4U1FTeUJMU01PVFFTQk1WZUc2ckU0Z1ZFNWtaQUpSRHc4V0JCOEZCUWh2ZFhRdGJXVnVkUjhFQWdKa0ZnSUNBUThQRmdJZkFnVU9Ua2podXF4UUlNU1FTZUc3Z2sxa1pBSlREdzhXQkI4RkJRaHZkWFF0YldWdWRSOEVBZ0prWkFKVkR3OFdCQjhGQlFodmRYUXRiV1Z1ZFI4RUFnSmtaQUpYRHc4V0JCOEZCUWh2ZFhRdGJXVnVkUjhFQWdKa1pBSlpEdzhXQkI4RkJRaHZkWFF0YldWdWRSOEVBZ0prRmdJQ0FROFBGZ0lmQWdVZVdFVk5JTVNRU2VHN2drMGdUY09VVGlCSFNlRzZvazVISUVUaHVxQlpaR1FDV3c4UEZnUWZCUVVJYjNWMExXMWxiblVmQkFJQ1pCWUNBZ0VQRHhZQ0h3SUZIbGhGVFNERWtFbmh1NEpOSUZUaHU1Uk9SeUJJNGJ1aVVDQk00YnVhVUdSa0FsMFBEeFlFSHdVRkNHOTFkQzF0Wlc1MUh3UUNBbVFXQWdJQkR3OFdBaDhDQlJWSlRpQkxTT0c3a0VrZ1RNYXY0YnVpVGtjZ1IwUmtaQUpmRHc4V0JCOEZCUWh2ZFhRdGJXVnVkUjhFQWdKa0ZnSUNBUThQRmdJZkFnVU9WVkJNVDBGRUlNU1FTZUc3Z2sxa1pBSmhEdzhXQkI4RkJRaHZkWFF0YldWdWRSOEVBZ0prRmdJQ0FROFBGZ0lmQWdVTlZFdENJRUxodTVnZ1RjT1VUbVJrQW1NUER4WUVId1VGQ0c5MWRDMXRaVzUxSHdRQ0FtUVdBZ0lCRHc4V0FoOENCUlJNNGJ1S1EwZ2dWRWhKSUVMaHU1Z2dUY09VVG1Sa0FtVVBEeFlFSHdVRkNHOTFkQzF0Wlc1MUh3UUNBbVFXQWdJQkR3OFdBaDhDQlNaVVNPRzdrRTVISUV2RGlpQkhTZUc2b2s1SElGWkp3NHBPSUVSVldlRzdobFFnUzFGRVMyUmtBbWNQRHhZRUh3VUZDRzkxZEMxdFpXNTFId1FDQW1RV0FnSUJEdzhXQWg4Q0JTSllSVTBnVk9HN2xFNUhJRWpodTZKUUlFdFJJRWpodTR4RElGVGh1cXhRSUZOV1pHUUNhUThQRmdRZkJRVUliM1YwTFcxbGJuVWZCQUlDWkdRQ2F3OFBGZ1FmQlFVSWIzVjBMVzFsYm5VZkJBSUNaQllDWmc4UEZnSWZBZ1VZUytHNnZpQklUK0c2b0VOSUlFamh1NHhESUZUaHVxeFFaR1FDYlE4UEZnUWZCUVVJYjNWMExXMWxiblVmQkFJQ1pHUUNidzhQRmdRZkJRVUliM1YwTFcxbGJuVWZCQUlDWkJZQ0FnRVBEeFlDSHdJRkZFakdyK0c3bWs1SElFVGh1cXBPSU1TUVMwMUlaR1FDY1E4UEZnUWZCUVVJYjNWMExXMWxiblVmQkFJQ1pCWUNBZ0VQRHhZQ0h3SUZJRTVJNGJxc1VDREVrT0c3aWtFZ1Ewamh1NGdnVGtqaHVxeE9JRlBEZ1VOSVpHUUNjdzhQRmdRZkJRVUliM1YwTFcxbGJuVWZCQUlDWkJZQ0FnRVBEeFlDSHdJRkpNU1F4SUpPUnlCTHc1MGdUa2podXF4T0lGUERnVU5JSUU1SFQ4T0FTU0JIU2VHN25HUmtBblVQRHhZRUh3VUZDRzkxZEMxdFpXNTFId1FDQW1RV0FnSUJEdzhXQWg4Q0JSdkVrTU9CVGtnZ1IwbkRnU0JEU09HNnBGUWdUTWF2NGJ1aVRrZGtaQUozRHc4V0JCOEZCUWh2ZFhRdGJXVnVkUjhFQWdKa0ZnSUNBUThQRmdJZkFnVWZ4SkF1UzhPZElFVGh1N0FnVE9HN2hDQlU0YnVRVkNCT1IwaEo0YnVHVUdSa0Fua1BEeFlFSHdVRkNHOTFkQzF0Wlc1MUh3UUNBbVFXQWdJQkR3OFdBaDhDQlJOTzRidVlVQ0JEU09HN3FFNUhJRU5JNGJ1SVpHUUNldzhQRmdRZkJRVUliM1YwTFcxbGJuVWZCQUlDWkJZQ0FnRVBEeFlDSHdJRklWaEZUU0RFa09HN2dDQkR4cS9Hb0U1SElGUlNUMDVISUVMaHU1Z2dUY09VVG1Sa0FuMFBEeFlFSHdVRkNHOTFkQzF0Wlc1MUh3UUNBbVFXQWdJQkR3OFdBaDhDQlJsRVFVNUlJRlBEZ1VOSUlNU1FMa3ZEblNCWXc0bFVJRlJPWkdRQ2Z3OFBGZ1FmQlFVSWIzVjBMVzFsYm5VZkJBSUNaQllDQWdFUER4WUNId0lGSGtSQlRrZ2dVOE9CUTBnZ3hKQXVTOE9kSUVUaHU3QWdUT0c3aENCVVRtUmtBb0VCRHc4V0JCOEZCUWh2ZFhRdGJXVnVkUjhFQWdKa0ZnSUNBUThQRmdJZkFnVVdWRWpEbEU1SElGUkpUaUJNVmVHNnJFNGdWc1NDVG1Sa0FvTUJEdzhXQkI4RkJRaHZkWFF0YldWdWRSOEVBZ0prRmdJQ0FROFBGZ0lmQWdValZGSkJJRVBodTZoVklGUkl3NVJPUnlCVVNVNGdWT0c3a0ZRZ1RrZElTZUc3aGxCa1pBS0ZBUThQRmdRZkJRVUliM1YwTFcxbGJuVWZCQUlDWkJZQ0FnRVBEeFlDSHdJRkVFUGh1N0JWSUZOSlRrZ2dWa25EaWs1a1pBS0hBUThQRmdRZkJRVUliM1YwTFcxbGJuVWZCQUlDWkJZQ0FnRVBEeFlDSHdJRkY4U1F4SUpPUnlCTHc1MGdXTU9KVkNCVVZWbmh1NEpPWkdRQ2lRRVBEeFlFSHdVRkNHOTFkQzF0Wlc1MUh3UUNBbVFXQWdJQkR3OFdBaDhDQlNCVVNNT1VUa2NnVkVsT0lFamh1NUlnVThhZ0lGUlZXZUc3Z2s0Z1UwbE9TR1JrQW9zQkR3OFdCQjhGQlFodmRYUXRiV1Z1ZFI4RUFnSmtaQUtOQVE4UEZnUWZCUVVJYjNWMExXMWxiblVmQkFJQ1pCWUNBZ0VQRHhZQ0h3SUZGMGpEazBFZ3hKREdvRTRneEpCSjRidUdUaUJVNGJ1c1pHUUNqd0VQRHhZRUh3VUZDRzkxZEMxdFpXNTFId1FDQW1RV0FnSUJEdzhXQWg4Q0JSWk9SMGpodTRnZ1JPRzZvRmtnUk9HNm9Ga2dRc09aWkdRQ2tRRVBEeFlFSHdVRkNHOTFkQzF0Wlc1MUh3UUNBbVFXQWdJQkR3OFdBaDhDQlJmRWtNU0NUa2NnUzhPZElFNUhTT0c3aUNCUVNNT0pVR1JrQXBNQkR3OFdCQjhGQlFodmRYUXRiV1Z1ZFI4RUFnSmtGZ0lDQVE4UEZnSWZBZ1VTeEpERWdrNUhJRXZEblNCRFQwa2dWRWhKWkdRQ2xRRVBEeFlFSHdVRkNHOTFkQzF0Wlc1MUh3UUNBbVFXQWdJQkR3OFdBaDhDQlJKWVJVMGdUT0c3aWtOSUlFTlBTU0JVU0Vsa1pBS1hBUThQRmdRZkJRVUliM1YwTFcxbGJuVWZCQUlDWkJZQ0FnRVBEeFlDSHdJRkcwdFJJRTVIU0VuRGlrNGdRK0c3cUZVZ1MwaFBRU0JJNGJ1TVEyUmtBcGtCRHc4V0JCOEZCUWh2ZFhRdGJXVnVkUjhFQWdKa0ZnSUNBUThQRmdJZkFnVWNXRVZOSU1TUTRidUFJRlREZ0VrZ1RrTkxTQ0JVU0VGTklFZEpRV1JrQXBzQkR3OFdCQjhGQlFodmRYUXRiV1Z1ZFI4RUFnSmtGZ0lDQVE5a0ZnSm1EdzhXQWg4Q0JTVEVrTVNDVGtjZ1M4T2RJRmhKVGlCSFNlRzZwRmtnUTBqaHU2aE9SeUJPU09HNnJFNWtaQUtkQVE4UEZnUWZCUVVJYjNWMExXMWxiblVmQkFJQ1pCWUNBZ0VQWkJZQ1pnOFBGZ0lmQWdVWlErRzZyRkFnVGtqaHVxeFVJRTVIVCtHNm9Fa2dWRkxEbW1Sa0FwOEJEdzhXQkI4RkJRaHZkWFF0YldWdWRSOEVBZ0prRmdJQ0FROFBGZ0lmQWdVYlErRzZyRkFnVGtqaHVxeFVJRlJJeHEvaHU1eE9SeUJVVXNPYVpHUUNvUUVQRHhZRUh3VUZDRzkxZEMxdFpXNTFId1FDQW1RV0FnSUJEdzhXQWg4Q0JSVkQ0YnFvVFNCT1FVNUhJRk5KVGtnZ1ZrbkRpazVrWkFLakFROFBGZ1FmQlFVSWIzVjBMVzFsYm5VZkJBSUNaQllDQWdFUER4WUNId0lGSGxoRlRTQk1WZUc2ckU0Z1ZzU0NUaUJVNGJ1UVZDQk9SMGhKNGJ1R1VHUmtBcVVCRHc4V0JCOEZCUWh2ZFhRdGJXVnVkUjhFQWdKa0ZnSUNBUThQRmdJZkFnVWVXRVZOSUV4VjRicXNUaUJXeElKT0lFakdyK0c3bWs1SElFVGh1cXBPWkdRQ3B3RVBEeFlFSHdVRkNHOTFkQzF0Wlc1MUh3UUNBbVFXQWdJQkR3OFdBaDhDQlIxWVJVMGdURlhodXF4T0lGYkVnazRnVUVqaHVxSk9JRUpKNGJ1R1RtUmtBcWtCRHc4V0JCOEZCUWh2ZFhRdGJXVnVkUjhFQWdKa0ZnSUNBUThQRmdJZkFnVWtRc09CVHlCQ1NlRzdnbFVnVUVqaHU2UkRJRmJodTZRZ1RNT0RUa2dneEpEaHVxQlBaR1FDcXdFUER4WUVId1VGQ0c5MWRDMXRaVzUxSHdRQ0FtUVdBZ0lCRHc4V0FoOENCUnhVU09HN2tFNUhJRXZEaWlERWtNT1RUa2NnU0ZBZ1QwNU1TVTVGWkdRQ3JRRVBEeFlFSHdVRkNHOTFkQzF0Wlc1MUh3UUNBbVFXQWdJQkR3OFdBaDhDQlJmRWtNU0NUa2NnUzhPZElFdkRuU0JVdzVwRElGakRnV1JrQXE4QkR3OFdCQjhGQlFodmRYUXRiV1Z1ZFI4RUFnSmtGZ0lDQVE4UEZnSWZBZ1VZVkVoQlRrZ2dWRS9EZ1U0Z1M4T2RJRlREbWtNZ1dNT0JaR1FDc1FFUER4WUVId1VGQ0c5MWRDMXRaVzUxSHdRQ0FtUVdBZ0lCRHc4V0FoOENCU0pENGJxc1VDQk9TT0c2ckZRZ1RNT2RJRXpodTRwRFNDQkxTRTlCSUVqaHU0eERaR1FDc3dFUER4WUVId1VGQ0c5MWRDMXRaVzUxSHdRQ0FtUVdBZ0lCRHc4V0FoOENCUmRENGJxc1VDQk9TT0c2ckZRZ1ZDNVVTVTRnUWtoWlZHUmtBclVCRHc4V0JCOEZCUWh2ZFhRdGJXVnVkUjhFQWdKa0ZnSUNBUThQRmdJZkFnVVdXRVZOSU1TUVNlRzdnazBneEpERGd5QkU0YnFnV1dSa0FyY0JEdzhXQkI4RkJRaHZkWFF0YldWdWRSOEVBZ0prRmdJQ0FROFBGZ0lmQWdVWlNVNGdTOE9LSUV0SVFVa2dSMG5odTV3Z1Iwbmh1cUpPUjJSa0Fya0JEdzhXQkI4RkJRaHZkWFF0YldWdWRSOEVBZ0prWkFLN0FROFBGZ1FmQlFVSWIzVjBMVzFsYm5VZkJBSUNaR1FDdlFFUER4WUVId1VGQ0c5MWRDMXRaVzUxSHdRQ0FtUmtBcjhCRHc4V0JCOEZCUWh2ZFhRdGJXVnVkUjhFQWdKa1pBTEJBUThQRmdRZkJRVUliM1YwTFcxbGJuVWZCQUlDWkdRQ0J3OWtGZ0lDQVE5a0ZnSm1EMlFXQkFJQkR3OFdBaDhDQlFwRGFHa2dkR25odXI5MFpHUUNBdzlrRmdSbUQyUVdBbVlQRHhZQ0h3SUZnQUU4YzNSeWIyNW5QbFJvdzdSdVp5QjBhVzRneEpIRG9HOGdkT0c2b1c4Z1k4T2hZeUJzNGJ1YmNDQk1hY09xYmlCMGFNTzBibWNnS0dOb3c2MXVhQ0J4ZFhrc0lIYmh1NnRoSUd6RG9HMGdkdUc3cTJFZ2FPRzdqV01wTENCV3hJTnVJR0xodXJGdVp5QXlJQ2hqYU1PdGJtZ2djWFY1S1R3dmMzUnliMjVuUG1Sa0FnRVBaQllDWmc4UEZnSWZBZ1d5Tnp4emRISnZibWNnYzNSNWJHVTlJbVp2Ym5RdGMybDZaVG9nTVRKd2REc2dabTl1ZEMxbVlXMXBiSGs2SUZSaGFHOXRZVHNpUGtQRG9XTWdiT0c3bTNBZ2FPRzdoeUIyNGJ1cllTQnN3NkJ0SUhiaHU2dGhJR2podTQxakxDQm80YnVOWXlCamFIVnVaeUIwYWVHNnYyNGd4SkhodTVrZ2R1RzdtMmtnVTFZZ1kyakRyVzVvSUhGMWVTWnVZbk53T3p4aWNpQXZQand2YzNSeWIyNW5Qanh6Y0dGdUlITjBlV3hsUFNKbWIyNTBMWE5wZW1VNklERXljSFE3SUdadmJuUXRabUZ0YVd4NU9pQlVZV2h2YldFN0lqNTRaVzBnZEdqRHRHNW5JR0xEb1c4Z1kyaDFibWNnZHVHN20ya2dhT0c3aHlCamFNT3RibWdnY1hWNVBDOXpjR0Z1UGp4aWNpQXZQanh6ZEhKdmJtY2djM1I1YkdVOUltWnZiblF0YzJsNlpUb2dNVEp3ZERzZ1ptOXVkQzFtWVcxcGJIazZJRlJoYUc5dFlUc2lQaTBnU09HN2hpQk1TY09LVGlCVVNNT1VUa2NnTFNCSXc0eE9TQ0JVU09HN3FFTWdRMGpEalU1SUlGRlZXVHhpY2lBdlBpc2dTMmpEczJFZ01UY2dLR3podTV0d0lFUkJUalF4TnpFcFBDOXpkSEp2Ym1jK1BHSnlJSE4wZVd4bFBTSm1iMjUwTFhOcGVtVTZJREV5Y0hRN0lHWnZiblF0Wm1GdGFXeDVPaUJVWVdodmJXRTdJaUF2UGp4emNHRnVJSE4wZVd4bFBTSm1iMjUwTFhOcGVtVTZJREV5Y0hRN0lHWnZiblF0Wm1GdGFXeDVPaUJVWVdodmJXRTdJajRtYm1KemNEc2dKbTVpYzNBN3hKREdzT0c3bzJNZ2VNT3BkQ0IwNGJ1UmRDQnVaMmhwNGJ1SGNDREVrY082Ym1jZ2RHbmh1cjl1SU1TUjRidVpJSGJEb0c4Z3hKRGh1Nk4wSURJc0lFN0VnMjBnTWpBeE9TQW9Namd2TURZdk1qQXhPU2s4TDNOd1lXNCtQR0p5SUhOMGVXeGxQU0ptYjI1MExYTnBlbVU2SURFeWNIUTdJR1p2Ym5RdFptRnRhV3g1T2lCVVlXaHZiV0U3SWlBdlBqeHpkSEp2Ym1jZ2MzUjViR1U5SW1admJuUXRjMmw2WlRvZ01USndkRHNnWm05dWRDMW1ZVzFwYkhrNklGUmhhRzl0WVRzaVBpc2dTMmpEczJFZ01UZ2dLR1BEb1dNZ2JPRzdtM0FnUkZOQk5ERTRNU3dnUkVkVU5ERTRNU3dnUkVkTk5ERTRNU2s4TDNOMGNtOXVaejQ4WW5JZ2MzUjViR1U5SW1admJuUXRjMmw2WlRvZ01USndkRHNnWm05dWRDMW1ZVzFwYkhrNklGUmhhRzl0WVRzaUlDOCtQSE53WVc0Z2MzUjViR1U5SW1admJuUXRjMmw2WlRvZ01USndkRHNnWm05dWRDMW1ZVzFwYkhrNklGUmhhRzl0WVRzaVBpWnVZbk53T3lBbWJtSnpjRHZFa01hdzRidWpZeUI0dzZsMElIVGh1NUYwSUc1bmFHbmh1NGR3SU1TUnc3cHVaeUIwYWVHNnYyNGd4SkhodTVrZ2RzT2dieURFa09HN28zUWdOQ3dnVHNTRGJTQXlNREU1SUNneE1DOHdPUzh5TURFNUtUd3ZjM0JoYmo0OFluSWdMejQ4YzNSeWIyNW5JSE4wZVd4bFBTSm1iMjUwTFhOcGVtVTZJREV5Y0hRN0lHWnZiblF0Wm1GdGFXeDVPaUJVWVdodmJXRTdJajR0SUVqaHU0WWdURW5EaWs0Z1ZFakRsRTVISUMwZ1NNT01Ua2dnVkVqaHU2aERJRmJodTZwQklFekRnRTBnVnVHN3FrRWdTT0c3akVNOFluSWdMejQ4TDNOMGNtOXVaejQ4YzNSeWIyNW5JSE4wZVd4bFBTSm1iMjUwTFhOcGVtVTZJREV5Y0hRN0lHWnZiblF0Wm1GdGFXeDVPaUJVWVdodmJXRTdJajRySUV0b3c3TmhJREUzSUNoanc2RmpJR3podTV0d0lFUkhWQ3dnUkVkTkxDQkVWRThzSUVSTVNTd2dSRWhQTENCRVUwa3NJRVJXUVN3Z1JFUkpMQ0JFVTBFc0lFUkhSQ3dnUkUxSk16RTNlQ2s4TDNOMGNtOXVaejQ4WW5JZ2MzUjViR1U5SW1admJuUXRjMmw2WlRvZ01USndkRHNnWm05dWRDMW1ZVzFwYkhrNklGUmhhRzl0WVRzaUlDOCtQSE53WVc0Z2MzUjViR1U5SW1admJuUXRjMmw2WlRvZ01USndkRHNnWm05dWRDMW1ZVzFwYkhrNklGUmhhRzl0WVRzaVBpWnVZbk53T3lBbWJtSnpjRHZFa01hdzRidWpZeUI0dzZsMElIVGh1NUYwSUc1bmFHbmh1NGR3SU1TUnc3cHVaeUIwYWVHNnYyNGd4SkhodTVrZ2RzT2dieURFa09HN28zUWdNU3dnVHNTRGJTQXlNREU1SUNneU5pOHdNaTh5TURFNUtTWnVZbk53T3p3dmMzQmhiajQ4WlcwZ2MzUjViR1U5SW1admJuUXRjMmw2WlRvZ01USndkRHNnWm05dWRDMW1ZVzFwYkhrNklGUmhhRzl0WVRzaVBqeGljaUF2UGp3dlpXMCtQSE4wY205dVp5QnpkSGxzWlQwaVptOXVkQzF6YVhwbE9pQXhNbkIwT3lCbWIyNTBMV1poYldsc2VUb2dWR0ZvYjIxaE95SStLeUJMYU1PellTQXhOeUFvUTJGdklNU1I0YnF6Ym1jZ2JHbkRxbTRnZEdqRHRHNW5MQ0JzNGJ1YmNDQkRSMDB6TVRjeEtUd3ZjM1J5YjI1blBqeGljaUJ6ZEhsc1pUMGlabTl1ZEMxemFYcGxPaUF4TW5CME95Qm1iMjUwTFdaaGJXbHNlVG9nVkdGb2IyMWhPeUlnTHo0OGMzQmhiaUJ6ZEhsc1pUMGlabTl1ZEMxemFYcGxPaUF4TW5CME95Qm1iMjUwTFdaaGJXbHNlVG9nVkdGb2IyMWhPeUkrSm01aWMzQTdJQ1p1WW5Od084U1F4ckRodTZOaklIakRxWFFnZE9HN2tYUWdibWRvYWVHN2gzQWdkc09nYnlERWtPRzdvM1FnTXl3Z1RzU0RiU0F5TURFNUlDZ3hOaTh3Tnk4eU1ERTVLVHd2YzNCaGJqNDhZbklnYzNSNWJHVTlJbVp2Ym5RdGMybDZaVG9nTVRKd2REc2dabTl1ZEMxbVlXMXBiSGs2SUZSaGFHOXRZVHNpSUM4K1BITjBjbTl1WnlCemRIbHNaVDBpWm05dWRDMXphWHBsT2lBeE1uQjBPeUJtYjI1MExXWmhiV2xzZVRvZ1ZHRm9iMjFoT3lJK0t5QkxhTU96WVNBeE9DQW9ZOE9oWXlCczRidWJjQ0JFVTBFek1UZ3hMQ0JFUjFRek1UZ3hMQ0JFUjAwek1UZ3hMQ0JFUjAwek1UZ3lLVHd2YzNSeWIyNW5QanhpY2lCemRIbHNaVDBpWm05dWRDMXphWHBsT2lBeE1uQjBPeUJtYjI1MExXWmhiV2xzZVRvZ1ZHRm9iMjFoT3lJZ0x6NDhjM0JoYmlCemRIbHNaVDBpWm05dWRDMXphWHBsT2lBeE1uQjBPeUJtYjI1MExXWmhiV2xzZVRvZ1ZHRm9iMjFoT3lJK0ptNWljM0E3SUNadVluTndPMGpodTQxaklHdkRyQ0IwYU9HN3FTQXhJR1BodTZkaElHdG93N05oSU1TUnc2QnZJSFRodXFGdklDaDA0YnVySURFMUx6RXdMekl3TVRncElDMG1ibUp6Y0R0RHc3TWdhK0c2djNRZ2NYWGh1cU1nYU9HN2pXTWdkT0c2clhBZ2RPRzdxeUF4TkM4d05TOHlNREU1UEM5emNHRnVQanhpY2lCemRIbHNaVDBpWm05dWRDMXphWHBsT2lBeE1uQjBPeUJtYjI1MExXWmhiV2xzZVRvZ1ZHRm9iMjFoT3lJZ0x6NDhjM0JoYmlCemRIbHNaVDBpWm05dWRDMXphWHBsT2lBeE1uQjBPeUJtYjI1MExXWmhiV2xzZVRvZ1ZHRm9iMjFoT3lJK0ptNWljM0E3SUNadVluTndPMGpodTQxaklHdkRyQ0IwYU9HN3FTQXlJR1BodTZkaElHdG93N05oSU1TUnc2QnZJSFRodXFGdklDaDA0YnVySURJMUx6QXpMekl3TVRrcEptNWljM0E3UEM5emNHRnVQanhpY2lCemRIbHNaVDBpWm05dWRDMXphWHBsT2lBeE1uQjBPeUJtYjI1MExXWmhiV2xzZVRvZ1ZHRm9iMjFoT3lJZ0x6NDhjM0JoYmlCemRIbHNaVDBpWm05dWRDMXphWHBsT2lBeE1uQjBPeUJtYjI1MExXWmhiV2xzZVRvZ1ZHRm9iMjFoT3lJK0ptNWljM0E3SUNadVluTndPMGpodTQxaklHdkRyQ0IwYU9HN3FTQXpJR1BodTZkaElHdG93N05oSU1TUnc2QnZJSFRodXFGdklDaDA0YnVySURJMkx6QTRMekl3TVRrcElDMG1ibUp6Y0R2RWtNT2pJR1BEc3lCcjRicS9kQ0J4ZGVHNm95Qm80YnVOWXlCMDRicXRjQ0JvNGJ1Tll5QnJ3Nnc4TDNOd1lXNCtQR0p5SUhOMGVXeGxQU0ptYjI1MExYTnBlbVU2SURFeWNIUTdJR1p2Ym5RdFptRnRhV3g1T2lCVVlXaHZiV0U3SWlBdlBqeHpjR0Z1SUhOMGVXeGxQU0ptYjI1MExYTnBlbVU2SURFeWNIUTdJR1p2Ym5RdFptRnRhV3g1T2lCVVlXaHZiV0U3SWo0bWJtSnpjRHNnSm01aWMzQTdQQzl6Y0dGdVBqeHpjR0Z1SUhOMGVXeGxQU0ptYjI1MExYTnBlbVU2SURFeWNIUTdJR1p2Ym5RdFptRnRhV3g1T2lCVVlXaHZiV0U3SWo1WXc2bDBJSFRodTVGMElHNW5hR25odTRkd0lNU1J3N3B1WnlCMGFlRzZ2MjRneEpIaHU1a21ibUp6Y0RzOEwzTndZVzQrUEhOd1lXNGdjM1I1YkdVOUltWnZiblF0YzJsNlpUb2dNVEp3ZERzZ1ptOXVkQzFtWVcxcGJIazZJRlJoYUc5dFlUc2lQbmJEb0c4Z3hKRGh1Nk4wSURFc0lFN0VnMjBnTWpBeU1DQW9NalV2TURJdk1qQXlNQ2t1UEM5emNHRnVQanhsYlNCemRIbHNaVDBpWm05dWRDMXphWHBsT2lBeE1uQjBPeUJtYjI1MExXWmhiV2xzZVRvZ1ZHRm9iMjFoT3lCamIyeHZjam9nSTJabU1EQXdNRHNpUGp4aWNpQXZQand2WlcwK1BITjBjbTl1WnlCemRIbHNaVDBpWm05dWRDMXphWHBsT2lBeE1uQjBPeUJtYjI1MExXWmhiV2xzZVRvZ1ZHRm9iMjFoT3lCamIyeHZjam9nSTJabU1EQXdNRHNpUGlzZ1MyakRzMkVnTVRrZ0tHUERvV01nYk9HN20zQWdSRk5CTXpFNU1Td2dSRWRVTXpFNU1Td2dSRWRVTXpFNU1pazhMM04wY205dVp6NDhZbklnYzNSNWJHVTlJbVp2Ym5RdGMybDZaVG9nTVRKd2REc2dabTl1ZEMxbVlXMXBiSGs2SUZSaGFHOXRZVHNpSUM4K1BITndZVzRnYzNSNWJHVTlJbVp2Ym5RdGMybDZaVG9nTVRKd2REc2dabTl1ZEMxbVlXMXBiSGs2SUZSaGFHOXRZVHNpUGladVluTndPeUFtYm1KemNEc2dTT0c3aldNZ2E4T3NJSFJvNGJ1cElERWdZK0c3cDJFZ2EyakRzMkVneEpIRG9HOGdkT0c2b1c4Z0tIVGh1NnNnTURRdk1URXZNakF4T1NrOFluSWdMejRtYm1KemNEc2dKbTVpYzNBN0lFUERvV01nYU9HN2pXTWdjR2podXFkdUlHUGh1NmRoSUVoTElIUm80YnVwSURFZ1krRzdwMkVnYTJqRHMyRWd4SkhEb0c4Z2RPRzZvVzhnYytHNnZTREVrY2F3NGJ1all5QjA0YnVWSUdObzRidXBZeUIwYUdrZ1k4TzVibWNnZHVHN20ya2dTRXNnZEdqaHU2a2dNaUJqNGJ1bllTQnJhTU96WVNERWtjT2dieUIwNGJxaGJ5NDhZbklnTHo0OEwzTndZVzQrUEhOd1lXNGdjM1I1YkdVOUltWnZiblF0YzJsNlpUb2dNVEp3ZERzZ1ptOXVkQzFtWVcxcGJIazZJRlJoYUc5dFlUc2lQaVp1WW5Od095QW1ibUp6Y0RzZ1NPRzdqV01nYThPc0lIUm80YnVwSURJZ1krRzdwMkVnYTJqRHMyRWd4SkhEb0c4Z2RPRzZvVzhnS09HN3FXNW5JSGJodTV0cElFaExNaXdnTWpBeE9TQXRJREl3TWpBcFBHSnlJQzgrUEM5emNHRnVQanh6ZEhKdmJtY2djM1I1YkdVOUltWnZiblF0Wm1GdGFXeDVPaUJVWVdodmJXRTdJR1p2Ym5RdGMybDZaVG9nTVRad2VEc2lQaVp1WW5Od095QW1ibUp6Y0RzbWJtSnpjRHM4TDNOMGNtOXVaejQ4YzNCaGJpQnpkSGxzWlQwaVptOXVkQzF6YVhwbE9pQXhObkI0T3lCbWIyNTBMV1poYldsc2VUb2dWR0ZvYjIxaE95SStXTU9wZENCMDRidVJkQ0J1WjJocDRidUhjQ0RFa2NPNmJtY2dkR25odXI5dUlNU1I0YnVaSUhiRG9HOGd4SkRodTZOMElERXNJRzdFZzIwZ01qQXlNU0FvZHNPZ2J5QnVaOE9nZVNBd01pOHdNeTh5TURJeEtUd3ZjM0JoYmo0OFluSWdMejQ4YzNSeWIyNW5JSE4wZVd4bFBTSm1iMjUwTFhOcGVtVTZJREV5Y0hRN0lHWnZiblF0Wm1GdGFXeDVPaUJVWVdodmJXRTdJajR0SUVqaHU0WWd4SkRodXFCSklFamh1NHhESUVMaHVyQk9SeUJVU09HN3FDQXlJQzBnU01PTVRrZ2dWRWpodTZoRElFTkl3NDFPU0NCUlZWazhZbklnTHo0OEwzTjBjbTl1Wno0OGMzUnliMjVuSUhOMGVXeGxQU0ptYjI1MExYTnBlbVU2SURFeWNIUTdJR1p2Ym5RdFptRnRhV3g1T2lCVVlXaHZiV0U3SWo0cklFdG93N05oSURFMklDaHM0YnViY0NCRVFVNDFNVFl4S1R3dmMzUnliMjVuUGp4aWNpQnpkSGxzWlQwaVptOXVkQzF6YVhwbE9pQXhNbkIwT3lCbWIyNTBMV1poYldsc2VUb2dWR0ZvYjIxaE95SWdMejQ4YzNCaGJpQnpkSGxzWlQwaVptOXVkQzF6YVhwbE9pQXhNbkIwT3lCbWIyNTBMV1poYldsc2VUb2dWR0ZvYjIxaE95SStKbTVpYzNBN0lDWnVZbk53TzBqaHU0MWpJR3ZEckNCMGFPRzdxU0EwSUdQaHU2ZGhJR3RvdzdOaElNU1J3NkJ2SUhUaHVxRnZJQ2gwNGJ1cklESXpMekEzTHpJd01UZ3BJQ2hJU3lCamRlRzdrV2twSm01aWMzQTdQQzl6Y0dGdVBqeGljaUJ6ZEhsc1pUMGlabTl1ZEMxemFYcGxPaUF4TW5CME95Qm1iMjUwTFdaaGJXbHNlVG9nVkdGb2IyMWhPeUlnTHo0OGMzQmhiaUJ6ZEhsc1pUMGlabTl1ZEMxemFYcGxPaUF4TW5CME95Qm1iMjUwTFdaaGJXbHNlVG9nVkdGb2IyMWhPeUkrSm01aWMzQTdJQ1p1WW5Od084U1F4ckRodTZOaklIakRxWFFnZE9HN2tYUWdibWRvYWVHN2gzQWd4SkhEdW01bklIUnA0YnEvYmlERWtlRzdtU0IydzZCdklNU1E0YnVqZENBeExDQk94SU50SURJd01Ua3NJRzVudzZCNUlESTJMekF5THpJd01Ua3BQQzl6Y0dGdVBqeGljaUJ6ZEhsc1pUMGlabTl1ZEMxemFYcGxPaUF4TW5CME95Qm1iMjUwTFdaaGJXbHNlVG9nVkdGb2IyMWhPeUlnTHo0OGMzUnliMjVuSUhOMGVXeGxQU0ptYjI1MExYTnBlbVU2SURFeWNIUTdJR1p2Ym5RdFptRnRhV3g1T2lCVVlXaHZiV0U3SUdOdmJHOXlPaUFqWm1Zd01EQXdPeUkrS3lCTGFNT3pZU0F4TnlBb2JPRzdtM0FnUkVGT05URTNNU0FwUEdKeUlDOCtQQzl6ZEhKdmJtYytQSE53WVc0Z2MzUjViR1U5SW1admJuUXRjMmw2WlRvZ01USndkRHNnWm05dWRDMW1ZVzFwYkhrNklGUmhhRzl0WVRzaVBpWnVZbk53T3lBbWJtSnpjRHRJNGJ1Tll5QnJ3NndnZEdqaHU2a2dNeUJqNGJ1bllTQnJhTU96WVNERWtjT2dieUIwNGJxaGJ5QW9kT0c3cXlBeU9TOHhNQzh5TURFNEtUd3ZjM0JoYmo0OFluSWdjM1I1YkdVOUltWnZiblF0YzJsNlpUb2dNVEp3ZERzZ1ptOXVkQzFtWVcxcGJIazZJRlJoYUc5dFlUc2lJQzgrUEhOd1lXNGdjM1I1YkdVOUltWnZiblF0YzJsNlpUb2dNVEp3ZERzZ1ptOXVkQzFtWVcxcGJIazZJRlJoYUc5dFlUc2lQaVp1WW5Od095QW1ibUp6Y0R0STRidU5ZeUJydzZ3Z2RHamh1NmtnTkNCajRidW5ZU0JyYU1PellTREVrY09nYnlCMDRicWhieUFvZE9HN3F5QXhOUzh3Tnk4eU1ERTVLU0F0Sm01aWMzQTd4SkREb3lCanc3TWdhK0c2djNRZ2NYWGh1cU1nYU9HN2pXTWdkT0c2clhBZ2FPRzdqV01nYThPc1BDOXpjR0Z1UGp4aWNpQnpkSGxzWlQwaVptOXVkQzF6YVhwbE9pQXhNbkIwT3lCbWIyNTBMV1poYldsc2VUb2dWR0ZvYjIxaE95SWdMejQ4YzNCaGJpQnpkSGxzWlQwaVptOXVkQzF6YVhwbE9pQXhNbkIwT3lCbWIyNTBMV1poYldsc2VUb2dWR0ZvYjIxaE95SStKbTVpYzNBN0lDWnVZbk53T3p3dmMzQmhiajQ4YzNCaGJpQnpkSGxzWlQwaVptOXVkQzF6YVhwbE9pQXhNbkIwT3lCbWIyNTBMV1poYldsc2VUb2dWR0ZvYjIxaE95SStXTU9wZENCMDRidVJkQ0J1WjJocDRidUhjQ0RFa2NPNmJtY2dkR25odXI5dUlNU1I0YnVaUEM5emNHRnVQanh6Y0dGdUlITjBlV3hsUFNKbWIyNTBMWE5wZW1VNklERXljSFE3SUdadmJuUXRabUZ0YVd4NU9pQlVZV2h2YldFN0lqNG1ibUp6Y0R0Mnc2QnZJTVNRNGJ1amRDQXhMQ0JPeElOdElESXdNakFnS0RJMUx6QXlMekl3TWpBcExpQlRWaUIwYUdWdklHVER0V2tnYStHNnYzUWdjWFhodXFNZ2VNT3BkQ0FvYytHNnZTQmphSFY1NGJ1RGJpQnI0YnEvZENCeGRlRzZveUJrNGJ1eElHdHA0YnEvYmlCamFHOGdhMmh2WVM4Z2JtZkRvRzVvSUhOaGRTQnVaOE9nZVNCbzRidU5jQ0I0dzZsMEtUd3ZjM0JoYmo0OFluSWdjM1I1YkdVOUltWnZiblF0YzJsNlpUb2dNVEp3ZERzZ1ptOXVkQzFtWVcxcGJIazZJRlJoYUc5dFlUc2lJQzgrUEhOMGNtOXVaeUJ6ZEhsc1pUMGlabTl1ZEMxemFYcGxPaUF4TW5CME95Qm1iMjUwTFdaaGJXbHNlVG9nVkdGb2IyMWhPeUJqYjJ4dmNqb2dJMlptTURBd01Ec2lQaXNnUzJqRHMyRWdNVGdnS0d6aHU1dHdJRVJCVGpVeE9ERXBQQzl6ZEhKdmJtYytQR0p5SUhOMGVXeGxQU0ptYjI1MExYTnBlbVU2SURFeWNIUTdJR1p2Ym5RdFptRnRhV3g1T2lCVVlXaHZiV0U3SWlBdlBqeHpjR0Z1SUhOMGVXeGxQU0ptYjI1MExYTnBlbVU2SURFeWNIUTdJR1p2Ym5RdFptRnRhV3g1T2lCVVlXaHZiV0U3SWo0bWJtSnpjRHNnSm01aWMzQTdTT0c3aldNZ2E4T3NJSFJvNGJ1cElESWdZK0c3cDJFZ2EyakRzMkVneEpIRG9HOGdkT0c2b1c4Z0tIVGh1NnNnTWpjdk1EVXZNakF4T1NrOEwzTndZVzQrUEdKeUlITjBlV3hsUFNKbWIyNTBMWE5wZW1VNklERXljSFE3SUdadmJuUXRabUZ0YVd4NU9pQlVZV2h2YldFN0lpQXZQanh6Y0dGdUlITjBlV3hsUFNKbWIyNTBMWE5wZW1VNklERXljSFE3SUdadmJuUXRabUZ0YVd4NU9pQlVZV2h2YldFN0lqNG1ibUp6Y0RzZ0ptNWljM0E3U09HN2pXTWdhOE9zSUhSbzRidXBJRE1nWStHN3AyRWdhMmpEczJFZ3hKSERvRzhnZE9HNm9XOGdLSFRodTZzZ01USXZNRGN2TWpBeE9Ta21ibUp6Y0R2RWtNT2pJR1BEc3lCcjRicS9kQ0J4ZGVHNm95Qm80YnVOWXlCMDRicXRjQ0JvNGJ1Tll5QnJ3Nnc4TDNOd1lXNCtQR0p5SUhOMGVXeGxQU0ptYjI1MExYTnBlbVU2SURFeWNIUTdJR1p2Ym5RdFptRnRhV3g1T2lCVVlXaHZiV0U3SWlBdlBqeHpjR0Z1SUhOMGVXeGxQU0ptYjI1MExYTnBlbVU2SURFeWNIUTdJR1p2Ym5RdFptRnRhV3g1T2lCVVlXaHZiV0U3SWo0bWJtSnpjRHNnSm01aWMzQTdTT0c3aldNZ2E4T3NJSFJvNGJ1cElEUWdZK0c3cDJFZ2EyakRzMkVneEpIRG9HOGdkT0c2b1c4Z0tPRzdxVzVuSUhiaHU1dHBJRWhMTWl3Z01qQXlNVGtnTFNBeU1ESXdLU0FtYm1KemNEc29ZdUc2cjNRZ3hKSGh1cWQxSUhUaHU2c2dNamN2TURRdk1qQXlNQ2s4WW5JZ0x6NDhMM053WVc0K1BITndZVzRnYzNSNWJHVTlJbVp2Ym5RdGMybDZaVG9nTVRKd2REc2dabTl1ZEMxbVlXMXBiSGs2SUZSaGFHOXRZVHNpUGladVluTndPeUFtYm1KemNEdFl3NmwwSUhUaHU1RjBJRzVuYUduaHU0ZHdJTVNSdzdwdVp5QjBhZUc2djI0Z3hKSGh1NWtnZHNPZ2J5REVrT0c3bzNRZ01Td2dic1NEYlNBeU1ESXhJQ2gydzZCdklHNW53NkI1SURBeUx6QXpMekl3TWpFcFBDOXpjR0Z1UGp4aWNpQnpkSGxzWlQwaVptOXVkQzF6YVhwbE9pQXhNbkIwT3lCbWIyNTBMV1poYldsc2VUb2dWR0ZvYjIxaE95SWdMejQ4YzNSeWIyNW5JSE4wZVd4bFBTSm1iMjUwTFhOcGVtVTZJREV5Y0hRN0lHWnZiblF0Wm1GdGFXeDVPaUJVWVdodmJXRTdJR052Ykc5eU9pQWpabVl3TURBd095SStLeUJMYU1PellTQXlNQ0FvYk9HN20zQWdSRUZPTlRJd01Ta21ibUp6Y0RzOEwzTjBjbTl1Wno0OFluSWdjM1I1YkdVOUltWnZiblF0YzJsNlpUb2dNVEp3ZERzZ1ptOXVkQzFtWVcxcGJIazZJRlJoYUc5dFlUc2lJQzgrUEhOd1lXNGdjM1I1YkdVOUltWnZiblF0YzJsNlpUb2dNVEp3ZERzZ1ptOXVkQzFtWVcxcGJIazZJRlJoYUc5dFlUc2lQaVp1WW5Od095QW1ibUp6Y0R2RWtHRnVaeUJzdzZCdElIUm80YnVuSUhUaHU2VmpJRzVvNGJxdGNDQm80YnVOWXk0bWJtSnpjRHNtYm1KemNEdEw0YnEvZENCMGFNTzZZeUIwYU9HN25Xa2daMmxoYmlCdWFPRzZyWEFnYU9HN2pXTWdLREEyTHpBekx6SXdNakFwUEM5emNHRnVQanhpY2lCemRIbHNaVDBpWm05dWRDMXphWHBsT2lBeE1uQjBPeUJtYjI1MExXWmhiV2xzZVRvZ1ZHRm9iMjFoT3lJZ0x6NDhjM0JoYmlCemRIbHNaVDBpWm05dWRDMXphWHBsT2lBeE1uQjBPeUJtYjI1MExXWmhiV2xzZVRvZ1ZHRm9iMjFoT3lCamIyeHZjam9nSTJabU1EQXdNRHNpUGladVluTndPeUFtYm1KemNEdEk0YnVOWXlCcnc2d2dkR2podTZrZ01TQmo0YnVuWVNCcmFNT3pZU0RFa2NPZ2J5QjA0YnFoYnlBb2RPRzdxeUF3Tmk4d05DOHlNREl3S1R3dmMzQmhiajVrWkFJSkQyUVdDQUlCRHc4V0FoOENCWGxEYjNCNWNtbG5hSFFnd3FreU1EQTVJRlJ5eHJEaHU1MXVaeURFa0VnZ1U4T2dhU0JIdzdKdUxjU1E0YnFoYVNCbzRidU5ZeUJqYU1PdGJtZ2djWFY1TGlCUmRlRzZvMjRnYk1POUlHTGh1NTlwSU9HN3Bua2dZbUZ1SUc1b3c2SnVJR1REb200Z1ZGQXVJRWpodTVNZ1EyakRyU0JOYVc1b1pHUUNBdzhQRmdJZkFnVUxWSEpoYm1jZ1Eyamh1NmRrWkFJRkR3OFdBaDhDQlMxVWFHbmh1cjkwSUd2aHVyOGdZdUc3bjJrZ1kzUjVJRkJvNGJxbmJpQnQ0YnVCYlNCQmJtZ2dVWFhEb201a1pBSUhEdzhXQWg4Q0JRekVrT0c2cDNVZ1ZISmhibWRrWkdSRFpaa3RaOXpXTzVkY0ljdXhXeUppTlgxTkV3PT0iIENvcnJlbGF0aW9uQmluZGluZz0iIiBVcmxFbmNvZGU9IlRydWUiIC8+DQogICAgICAgIDxGb3JtUG9zdFBhcmFtZXRlciBOYW1lPSJfX1ZJRVdTVEFURUdFTkVSQVRPUiIgVmFsdWU9Int7JEhJRERFTjEuX19WSUVXU1RBVEVHRU5FUkFUT1J9fSIgUmVjb3JkZWRWYWx1ZT0iQ0EwQjAzMzQiIENvcnJlbGF0aW9uQmluZGluZz0iIiBVcmxFbmNvZGU9IlRydWUiIC8+DQogICAgICA8L0Zvcm1Qb3N0SHR0cEJvZHk+DQogICAgPC9SZXF1ZXN0Pg0KICA8L0l0ZW1zPg0KICA8VmFsaWRhdGlvblJ1bGVzPg0KICAgIDxWYWxpZGF0aW9uUnVsZSBDbGFzc25hbWU9Ik1pY3Jvc29mdC5WaXN1YWxTdHVkaW8uVGVzdFRvb2xzLldlYlRlc3RpbmcuUnVsZXMuVmFsaWRhdGVSZXNwb25zZVVybCwgTWljcm9zb2Z0LlZpc3VhbFN0dWRpby5RdWFsaXR5VG9vbHMuV2ViVGVzdEZyYW1ld29yaywgVmVyc2lvbj0xMC4wLjAuMCwgQ3VsdHVyZT1uZXV0cmFsLCBQdWJsaWNLZXlUb2tlbj1iMDNmNWY3ZjExZDUwYTNhIiBEaXNwbGF5TmFtZT0iUmVzcG9uc2UgVVJMIiBEZXNjcmlwdGlvbj0iVmFsaWRhdGVzIHRoYXQgdGhlIHJlc3BvbnNlIFVSTCBhZnRlciByZWRpcmVjdHMgYXJlIGZvbGxvd2VkIGlzIHRoZSBzYW1lIGFzIHRoZSByZWNvcmRlZCByZXNwb25zZSBVUkwuICBRdWVyeVN0cmluZyBwYXJhbWV0ZXJzIGFyZSBpZ25vcmVkLiIgTGV2ZWw9IkxvdyIgRXhlY3R1aW9uT3JkZXI9IkJlZm9yZURlcGVuZGVudHMiIC8+DQogICAgPFZhbGlkYXRpb25SdWxlIENsYXNzbmFtZT0iTWljcm9zb2Z0LlZpc3VhbFN0dWRpby5UZXN0VG9vbHMuV2ViVGVzdGluZy5SdWxlcy5WYWxpZGF0aW9uUnVsZVJlc3BvbnNlVGltZUdvYWwsIE1pY3Jvc29mdC5WaXN1YWxTdHVkaW8uUXVhbGl0eVRvb2xzLldlYlRlc3RGcmFtZXdvcmssIFZlcnNpb249MTAuMC4wLjAsIEN1bHR1cmU9bmV1dHJhbCwgUHVibGljS2V5VG9rZW49YjAzZjVmN2YxMWQ1MGEzYSIgRGlzcGxheU5hbWU9IlJlc3BvbnNlIFRpbWUgR29hbCIgRGVzY3JpcHRpb249IlZhbGlkYXRlcyB0aGF0IHRoZSByZXNwb25zZSB0aW1lIGZvciB0aGUgcmVxdWVzdCBpcyBsZXNzIHRoYW4gb3IgZXF1YWwgdG8gdGhlIHJlc3BvbnNlIHRpbWUgZ29hbCBhcyBzcGVjaWZpZWQgb24gdGhlIHJlcXVlc3QuICBSZXNwb25zZSB0aW1lIGdvYWxzIG9mIHplcm8gd2lsbCBiZSBpZ25vcmVkLiIgTGV2ZWw9IkxvdyIgRXhlY3R1aW9uT3JkZXI9IkFmdGVyRGVwZW5kZW50cyI+DQogICAgICA8UnVsZVBhcmFtZXRlcnM+DQogICAgICAgIDxSdWxlUGFyYW1ldGVyIE5hbWU9IlRvbGVyYW5jZSIgVmFsdWU9IjAiIC8+DQogICAgICA8L1J1bGVQYXJhbWV0ZXJzPg0KICAgIDwvVmFsaWRhdGlvblJ1bGU+DQogIDwvVmFsaWRhdGlvblJ1bGVzPg0KPC9XZWJUZXN0Pg==">
      <Execution id="d941a8d2-0da6-4594-9314-9bd9e0cf658e" />
    </WebTest>
  </TestDefinitions>
  <TestLists>
    <TestList name="Results Not in a List" id="8c84fa94-04c1-424b-9868-57a2d4851a1d" />
    <TestList name="All Loaded Results" id="19431567-8539-422a-85d7-44ee4e166bda" />
  </TestLists>
  <TestEntries>
    <TestEntry isTransparent="false" testId="9e71bc35-ef76-4a1e-ab7a-3e36fe3a2897" executionId="d941a8d2-0da6-4594-9314-9bd9e0cf658e" testListId="8c84fa94-04c1-424b-9868-57a2d4851a1d" />
  </TestEntries>
  <Results>
    <WebTestResult executionId="d941a8d2-0da6-4594-9314-9bd9e0cf658e" testId="9e71bc35-ef76-4a1e-ab7a-3e36fe3a2897" testName="WebTest1" computerName="LAPTOP-A3HHO4HD" duration="00:00:03.5438183" startTime="2022-04-12T14:04:06.4488595+07:00" endTime="2022-04-12T14:04:20.6409191+07:00" testType="4e7599fa-5ecb-43e9-a887-cd63cf72d207" outcome="Failed" testListId="8c84fa94-04c1-424b-9868-57a2d4851a1d" relativeResultsDirectory="d941a8d2-0da6-4594-9314-9bd9e0cf658e">
      <Output>
        <ErrorInfo>
          <Message>2 primary requests, 0 dependant requests and 0 conditional rules failed</Message>
        </ErrorInfo>
      </Output>
      <ResultFiles>
        <ResultFile path="WebTest1.webtestResult" />
      </ResultFiles>
      <TestSettings name="Local" id="a8e0cb6a-baa9-45ff-8db4-a9edfcb72e0f">
        <Description>These are default test settings for a local test run.</Description>
        <Execution hostProcessPlatform="MSIL">
          <TestTypeSpecific>
            <WebTestRunConfiguration testTypeId="4e7599fa-5ecb-43e9-a887-cd63cf72d207">
              <Browser name="Internet Explorer 9.0" MaxConnections="6">
                <Headers>
                  <Header name="User-Agent" value="Mozilla/5.0 (compatible; MSIE 9.0; Windows NT 6.1; Trident/5.0)" />
                  <Header name="Accept" value="*/*" />
                  <Header name="Accept-Language" value="{{$IEAcceptLanguage}}" />
                  <Header name="Accept-Encoding" value="GZIP" />
                </Headers>
              </Browser>
            </WebTestRunConfiguration>
          </TestTypeSpecific>
          <AgentRule name="Execution Agents">
          </AgentRule>
        </Execution>
        <Deployment runDeploymentRoot="Nghia_LAPTOP-A3HHO4HD 2022-04-12 14_04_05" />
        <Properties>
          <Property name="TestSettingsUIType" value="LoadTest" />
        </Properties>
      </TestSettings>
      <WebTestResultFilePath>Nghia_LAPTOP-A3HHO4HD 2022-04-12 14_04_05\In\d941a8d2-0da6-4594-9314-9bd9e0cf658e\WebTest1.webtestResult</WebTestResultFilePath>
    </WebTestResult>
  </Results>
</TestRun>