<?xml version="1.0" encoding="UTF-8"?>
<TestRun id="35a3b086-8e8e-454c-8239-e5b00f168ab8" name="Nghia@LAPTOP-A3HHO4HD 2022-04-12 13:36:00" runUser="LAPTOP-A3HHO4HD\Nghia" xmlns="http://microsoft.com/schemas/VisualStudio/TeamTest/2010">
  <TestSettings name="Local" id="a8e0cb6a-baa9-45ff-8db4-a9edfcb72e0f">
    <Description>These are default test settings for a local test run.</Description>
    <Execution hostProcessPlatform="MSIL">
      <TestTypeSpecific />
      <AgentRule name="Execution Agents">
      </AgentRule>
    </Execution>
    <Deployment runDeploymentRoot="Nghia_LAPTOP-A3HHO4HD 2022-04-12 13_36_00" />
    <Properties>
      <Property name="TestSettingsUIType" value="LoadTest" />
    </Properties>
  </TestSettings>
  <Times creation="2022-04-12T13:36:00.2719212+07:00" queuing="2022-04-12T13:36:00.5530918+07:00" start="2022-04-12T13:36:00.6298880+07:00" finish="2022-04-12T13:36:12.3912198+07:00" />
  <ResultSummary outcome="Completed">
    <Counters total="1" executed="1" passed="1" error="0" failed="0" timeout="0" aborted="0" inconclusive="0" passedButRunAborted="0" notRunnable="0" notExecuted="0" disconnected="0" warning="0" completed="0" inProgress="0" pending="0" />
  </ResultSummary>
  <TestDefinitions>
    <WebTest name="WebTest1" storage="c:\users\nghia\source\repos\webandloadtestproject2\webandloadtestproject2\webtest1.webtest" id="2f0d84a9-71bf-46ea-b4bf-bb7c1da5efc7" persistedWebTest="77u/PD94bWwgdmVyc2lvbj0iMS4wIiBlbmNvZGluZz0iVVRGLTgiIHN0YW5kYWxvbmU9InllcyI/Pg0KPFdlYlRlc3QgTmFtZT0iV2ViVGVzdDEiIElkPSIyZjBkODRhOS03MWJmLTQ2ZWEtYjRiZi1iYjdjMWRhNWVmYzciIE93bmVyPSIiIFByaW9yaXR5PSIyMTQ3NDgzNjQ3IiBFbmFibGVkPSJUcnVlIiBDc3NQcm9qZWN0U3RydWN0dXJlPSIiIENzc0l0ZXJhdGlvbj0iIiBUaW1lb3V0PSIwIiBXb3JrSXRlbUlkcz0iIiB4bWxucz0iaHR0cDovL21pY3Jvc29mdC5jb20vc2NoZW1hcy9WaXN1YWxTdHVkaW8vVGVhbVRlc3QvMjAxMCIgRGVzY3JpcHRpb249IiIgQ3JlZGVudGlhbFVzZXJOYW1lPSIiIENyZWRlbnRpYWxQYXNzd29yZD0iIiBQcmVBdXRoZW50aWNhdGU9IlRydWUiIFByb3h5PSJkZWZhdWx0IiBTdG9wT25FcnJvcj0iRmFsc2UiIFJlY29yZGVkUmVzdWx0RmlsZT0iV2ViVGVzdDEuODdkYTI5MjAtNzFlOC00NmU0LTliMmYtZjQ0YzM3MjFlYmZhLnJlYy53ZWJ0ZXN0cmVzdWx0IiBSZXN1bHRzTG9jYWxlPSIiPg0KICA8SXRlbXM+DQogICAgPFJlcXVlc3QgTWV0aG9kPSJHRVQiIEd1aWQ9ImE1NjYwMjQ1LTk0YTYtNGNhYS1iZGZlLWE4Y2IzZmY3ZTkwMiIgVmVyc2lvbj0iMS4xIiBVcmw9Imh0dHA6Ly90aG9uZ3RpbmRhb3Rhby5zZ3UuZWR1LnZuLyIgVGhpbmtUaW1lPSIwIiBUaW1lb3V0PSIzMDAiIFBhcnNlRGVwZW5kZW50UmVxdWVzdHM9IlRydWUiIEZvbGxvd1JlZGlyZWN0cz0iVHJ1ZSIgUmVjb3JkUmVzdWx0PSJUcnVlIiBDYWNoZT0iRmFsc2UiIFJlc3BvbnNlVGltZUdvYWw9IjAiIEVuY29kaW5nPSJ1dGYtOCIgRXhwZWN0ZWRIdHRwU3RhdHVzQ29kZT0iMCIgRXhwZWN0ZWRSZXNwb25zZVVybD0iIiBSZXBvcnRpbmdOYW1lPSIiIElnbm9yZUh0dHBTdGF0dXNDb2RlPSJGYWxzZSI+DQogICAgICA8Q29ycmVsYXRpb25FeHRyYWN0aW9uUnVsZXM+DQogICAgICAgIDxFeHRyYWN0aW9uUnVsZSBDbGFzc25hbWU9Ik1pY3Jvc29mdC5WaXN1YWxTdHVkaW8uVGVzdFRvb2xzLldlYlRlc3RpbmcuUnVsZXMuRXh0cmFjdFRleHQsIE1pY3Jvc29mdC5WaXN1YWxTdHVkaW8uUXVhbGl0eVRvb2xzLldlYlRlc3RGcmFtZXdvcmssIFZlcnNpb249MTAuMC4wLjAsIEN1bHR1cmU9bmV1dHJhbCwgUHVibGljS2V5VG9rZW49YjAzZjVmN2YxMWQ1MGEzYSIgVmFyaWFibGVOYW1lPSJRdWVyeVN0cmluZ1BhcmFtMi5wYWdlIiBEaXNwbGF5TmFtZT0iIiBEZXNjcmlwdGlvbj0iIj4NCiAgICAgICAgICA8UnVsZVBhcmFtZXRlcnM+DQogICAgICAgICAgICA8UnVsZVBhcmFtZXRlciBOYW1lPSJTdGFydHNXaXRoIiBWYWx1ZT0iP3BhZ2U9IiAvPg0KICAgICAgICAgICAgPFJ1bGVQYXJhbWV0ZXIgTmFtZT0iRW5kc1dpdGgiIFZhbHVlPSImcXVvdDsiIC8+DQogICAgICAgICAgICA8UnVsZVBhcmFtZXRlciBOYW1lPSJJbmRleCIgVmFsdWU9IjEiIC8+DQogICAgICAgICAgICA8UnVsZVBhcmFtZXRlciBOYW1lPSJJZ25vcmVDYXNlIiBWYWx1ZT0iRmFsc2UiIC8+DQogICAgICAgICAgICA8UnVsZVBhcmFtZXRlciBOYW1lPSJVc2VSZWd1bGFyRXhwcmVzc2lvbiIgVmFsdWU9IkZhbHNlIiAvPg0KICAgICAgICAgICAgPFJ1bGVQYXJhbWV0ZXIgTmFtZT0iSHRtbERlY29kZSIgVmFsdWU9IlRydWUiIC8+DQogICAgICAgICAgICA8UnVsZVBhcmFtZXRlciBOYW1lPSJSZXF1aXJlZCIgVmFsdWU9IkZhbHNlIiAvPg0KICAgICAgICAgIDwvUnVsZVBhcmFtZXRlcnM+DQogICAgICAgIDwvRXh0cmFjdGlvblJ1bGU+DQogICAgICA8L0NvcnJlbGF0aW9uRXh0cmFjdGlvblJ1bGVzPg0KICAgIDwvUmVxdWVzdD4NCiAgICA8UmVxdWVzdCBNZXRob2Q9IlBPU1QiIEd1aWQ9IjZiM2ZiOTQwLTBmMmUtNGM5Yi05MmQ1LWRmZTIxM2U1OGYyNyIgVmVyc2lvbj0iMS4xIiBVcmw9Imh0dHBzOi8vemEuemFsby5tZS92My93L3QiIFRoaW5rVGltZT0iNCIgVGltZW91dD0iMzAwIiBQYXJzZURlcGVuZGVudFJlcXVlc3RzPSJUcnVlIiBGb2xsb3dSZWRpcmVjdHM9IlRydWUiIFJlY29yZFJlc3VsdD0iVHJ1ZSIgQ2FjaGU9IkZhbHNlIiBSZXNwb25zZVRpbWVHb2FsPSIwIiBFbmNvZGluZz0idXRmLTgiIEV4cGVjdGVkSHR0cFN0YXR1c0NvZGU9IjAiIEV4cGVjdGVkUmVzcG9uc2VVcmw9IiIgUmVwb3J0aW5nTmFtZT0iIiBJZ25vcmVIdHRwU3RhdHVzQ29kZT0iRmFsc2UiPg0KICAgICAgPEhlYWRlcnM+DQogICAgICAgIDxIZWFkZXIgTmFtZT0iUmVmZXJlciIgVmFsdWU9Imh0dHA6Ly90aG9uZ3RpbmRhb3Rhby5zZ3UuZWR1LnZuLyIgLz4NCiAgICAgIDwvSGVhZGVycz4NCiAgICAgIDxGb3JtUG9zdEh0dHBCb2R5Pg0KICAgICAgICA8Rm9ybVBvc3RQYXJhbWV0ZXIgTmFtZT0iemwiIFZhbHVlPSJodHRwOi8vdGhvbmd0aW5kYW90YW8uc2d1LmVkdS52bi8iIFJlY29yZGVkVmFsdWU9Imh0dHA6Ly90aG9uZ3RpbmRhb3Rhby5zZ3UuZWR1LnZuLyIgQ29ycmVsYXRpb25CaW5kaW5nPSIiIFVybEVuY29kZT0iVHJ1ZSIgLz4NCiAgICAgICAgPEZvcm1Qb3N0UGFyYW1ldGVyIE5hbWU9InpyZiIgVmFsdWU9IiIgUmVjb3JkZWRWYWx1ZT0iIiBDb3JyZWxhdGlvbkJpbmRpbmc9IiIgVXJsRW5jb2RlPSJUcnVlIiAvPg0KICAgICAgICA8Rm9ybVBvc3RQYXJhbWV0ZXIgTmFtZT0iemNoIiBWYWx1ZT0idXRmLTgiIFJlY29yZGVkVmFsdWU9InV0Zi04IiBDb3JyZWxhdGlvbkJpbmRpbmc9IiIgVXJsRW5jb2RlPSJUcnVlIiAvPg0KICAgICAgICA8Rm9ybVBvc3RQYXJhbWV0ZXIgTmFtZT0ienRzIiBWYWx1ZT0iMTY0OTc0NTMyMzAzNSIgUmVjb3JkZWRWYWx1ZT0iMTY0OTc0NTMyMzAzNSIgQ29ycmVsYXRpb25CaW5kaW5nPSIiIFVybEVuY29kZT0iVHJ1ZSIgLz4NCiAgICAgICAgPEZvcm1Qb3N0UGFyYW1ldGVyIE5hbWU9InpvcyIgVmFsdWU9IldpbmRvd3MiIFJlY29yZGVkVmFsdWU9IldpbmRvd3MiIENvcnJlbGF0aW9uQmluZGluZz0iIiBVcmxFbmNvZGU9IlRydWUiIC8+DQogICAgICAgIDxGb3JtUG9zdFBhcmFtZXRlciBOYW1lPSJ6bGEiIFZhbHVlPSJlbi1VUywiIFJlY29yZGVkVmFsdWU9ImVuLVVTLCIgQ29ycmVsYXRpb25CaW5kaW5nPSIiIFVybEVuY29kZT0iVHJ1ZSIgLz4NCiAgICAgICAgPEZvcm1Qb3N0UGFyYW1ldGVyIE5hbWU9Il9femkiIFZhbHVlPSIyMDAwLlNTWnplanlEMnphLW5Fa1h0bXFPcXNkNmx4LUgwbTJIRFRJcmVPRDE0ZVNkcy1rZ1ltSFNaWVZNeEFVMDBYTUE4ajZmZU84MjU4dVhyQWNXLjEiIFJlY29yZGVkVmFsdWU9IjIwMDAuU1NaemVqeUQyemEtbkVrWHRtcU9xc2Q2bHgtSDBtMkhEVElyZU9EMTRlU2RzLWtnWW1IU1pZVk14QVUwMFhNQThqNmZlTzgyNTh1WHJBY1cuMSIgQ29ycmVsYXRpb25CaW5kaW5nPSIiIFVybEVuY29kZT0iVHJ1ZSIgLz4NCiAgICAgICAgPEZvcm1Qb3N0UGFyYW1ldGVyIE5hbWU9InYiIFZhbHVlPSIyMjAxMTAxNjAzIiBSZWNvcmRlZFZhbHVlPSIyMjAxMTAxNjAzIiBDb3JyZWxhdGlvbkJpbmRpbmc9IiIgVXJsRW5jb2RlPSJUcnVlIiAvPg0KICAgICAgICA8Rm9ybVBvc3RQYXJhbWV0ZXIgTmFtZT0iaW5jb2ciIFZhbHVlPSJmYWxzZSIgUmVjb3JkZWRWYWx1ZT0iZmFsc2UiIENvcnJlbGF0aW9uQmluZGluZz0iIiBVcmxFbmNvZGU9IlRydWUiIC8+DQogICAgICAgIDxGb3JtUG9zdFBhcmFtZXRlciBOYW1lPSJ6YWN0IiBWYWx1ZT0icHYiIFJlY29yZGVkVmFsdWU9InB2IiBDb3JyZWxhdGlvbkJpbmRpbmc9IiIgVXJsRW5jb2RlPSJUcnVlIiAvPg0KICAgICAgICA8Rm9ybVBvc3RQYXJhbWV0ZXIgTmFtZT0iX3phcHAiIFZhbHVlPSJudWxsIiBSZWNvcmRlZFZhbHVlPSJudWxsIiBDb3JyZWxhdGlvbkJpbmRpbmc9IiIgVXJsRW5jb2RlPSJUcnVlIiAvPg0KICAgICAgICA8Rm9ybVBvc3RQYXJhbWV0ZXIgTmFtZT0iX3ppZG5iYWlkIiBWYWx1ZT0ibnVsbCIgUmVjb3JkZWRWYWx1ZT0ibnVsbCIgQ29ycmVsYXRpb25CaW5kaW5nPSIiIFVybEVuY29kZT0iVHJ1ZSIgLz4NCiAgICAgIDwvRm9ybVBvc3RIdHRwQm9keT4NCiAgICA8L1JlcXVlc3Q+DQogICAgPFJlcXVlc3QgTWV0aG9kPSJHRVQiIEd1aWQ9IjIyYTU4ZmUzLTYzM2QtNDlhMS1hODQ0LTliNzYyNjg2Yjg0OCIgVmVyc2lvbj0iMS4xIiBVcmw9Imh0dHA6Ly90aG9uZ3RpbmRhb3Rhby5zZ3UuZWR1LnZuL0RlZmF1bHQuYXNweCIgVGhpbmtUaW1lPSIwIiBUaW1lb3V0PSIzMDAiIFBhcnNlRGVwZW5kZW50UmVxdWVzdHM9IlRydWUiIEZvbGxvd1JlZGlyZWN0cz0iVHJ1ZSIgUmVjb3JkUmVzdWx0PSJUcnVlIiBDYWNoZT0iRmFsc2UiIFJlc3BvbnNlVGltZUdvYWw9IjAiIEVuY29kaW5nPSJ1dGYtOCIgRXhwZWN0ZWRIdHRwU3RhdHVzQ29kZT0iMCIgRXhwZWN0ZWRSZXNwb25zZVVybD0iIiBSZXBvcnRpbmdOYW1lPSIiIElnbm9yZUh0dHBTdGF0dXNDb2RlPSJGYWxzZSI+DQogICAgICA8RGVwZW5kZW50UmVxdWVzdHM+DQogICAgICAgIDxSZXF1ZXN0IE1ldGhvZD0iUE9TVCIgR3VpZD0iNjQxMzVhOTMtYzQyOS00OGFiLWE1YzQtMTM0NTFjMjlkNjIyIiBWZXJzaW9uPSIxLjEiIFVybD0iaHR0cHM6Ly96YS56YWxvLm1lL3YzL3cvdCIgVGhpbmtUaW1lPSI5IiBUaW1lb3V0PSIzMDAiIFBhcnNlRGVwZW5kZW50UmVxdWVzdHM9IlRydWUiIEZvbGxvd1JlZGlyZWN0cz0iVHJ1ZSIgUmVjb3JkUmVzdWx0PSJUcnVlIiBDYWNoZT0iRmFsc2UiIFJlc3BvbnNlVGltZUdvYWw9IjAiIEVuY29kaW5nPSJ1dGYtOCIgRXhwZWN0ZWRIdHRwU3RhdHVzQ29kZT0iMCIgRXhwZWN0ZWRSZXNwb25zZVVybD0iIiBSZXBvcnRpbmdOYW1lPSIiIElnbm9yZUh0dHBTdGF0dXNDb2RlPSJGYWxzZSI+DQogICAgICAgICAgPEhlYWRlcnM+DQogICAgICAgICAgICA8SGVhZGVyIE5hbWU9IlJlZmVyZXIiIFZhbHVlPSJodHRwOi8vdGhvbmd0aW5kYW90YW8uc2d1LmVkdS52bi9EZWZhdWx0LmFzcHg/cGFnZT1naW9pdGhpZXUiIC8+DQogICAgICAgICAgPC9IZWFkZXJzPg0KICAgICAgICAgIDxGb3JtUG9zdEh0dHBCb2R5Pg0KICAgICAgICAgICAgPEZvcm1Qb3N0UGFyYW1ldGVyIE5hbWU9InpsIiBWYWx1ZT0iaHR0cDovL3Rob25ndGluZGFvdGFvLnNndS5lZHUudm4vRGVmYXVsdC5hc3B4P3BhZ2U9Z2lvaXRoaWV1IiBSZWNvcmRlZFZhbHVlPSJodHRwOi8vdGhvbmd0aW5kYW90YW8uc2d1LmVkdS52bi9EZWZhdWx0LmFzcHg/cGFnZT1naW9pdGhpZXUiIENvcnJlbGF0aW9uQmluZGluZz0iIiBVcmxFbmNvZGU9IlRydWUiIC8+DQogICAgICAgICAgICA8Rm9ybVBvc3RQYXJhbWV0ZXIgTmFtZT0ienJmIiBWYWx1ZT0iaHR0cDovL3Rob25ndGluZGFvdGFvLnNndS5lZHUudm4vIiBSZWNvcmRlZFZhbHVlPSJodHRwOi8vdGhvbmd0aW5kYW90YW8uc2d1LmVkdS52bi8iIENvcnJlbGF0aW9uQmluZGluZz0iIiBVcmxFbmNvZGU9IlRydWUiIC8+DQogICAgICAgICAgICA8Rm9ybVBvc3RQYXJhbWV0ZXIgTmFtZT0iemNoIiBWYWx1ZT0idXRmLTgiIFJlY29yZGVkVmFsdWU9InV0Zi04IiBDb3JyZWxhdGlvbkJpbmRpbmc9IiIgVXJsRW5jb2RlPSJUcnVlIiAvPg0KICAgICAgICAgICAgPEZvcm1Qb3N0UGFyYW1ldGVyIE5hbWU9Inp0cyIgVmFsdWU9IjE2NDk3NDUzMjc1NjEiIFJlY29yZGVkVmFsdWU9IjE2NDk3NDUzMjc1NjEiIENvcnJlbGF0aW9uQmluZGluZz0iIiBVcmxFbmNvZGU9IlRydWUiIC8+DQogICAgICAgICAgICA8Rm9ybVBvc3RQYXJhbWV0ZXIgTmFtZT0iem9zIiBWYWx1ZT0iV2luZG93cyIgUmVjb3JkZWRWYWx1ZT0iV2luZG93cyIgQ29ycmVsYXRpb25CaW5kaW5nPSIiIFVybEVuY29kZT0iVHJ1ZSIgLz4NCiAgICAgICAgICAgIDxGb3JtUG9zdFBhcmFtZXRlciBOYW1lPSJ6bGEiIFZhbHVlPSJlbi1VUywiIFJlY29yZGVkVmFsdWU9ImVuLVVTLCIgQ29ycmVsYXRpb25CaW5kaW5nPSIiIFVybEVuY29kZT0iVHJ1ZSIgLz4NCiAgICAgICAgICAgIDxGb3JtUG9zdFBhcmFtZXRlciBOYW1lPSJfX3ppIiBWYWx1ZT0iMjAwMC5TU1p6ZWp5RDJ6YS1uRWtYdG1xT3FzZDZseC1IMG0ySERUSXJlT0QxNGVTZHMta2dZbUhTWllWTXhBVTAwWE1BOGo2ZmVPODI1OHVYckFjVy4xIiBSZWNvcmRlZFZhbHVlPSIyMDAwLlNTWnplanlEMnphLW5Fa1h0bXFPcXNkNmx4LUgwbTJIRFRJcmVPRDE0ZVNkcy1rZ1ltSFNaWVZNeEFVMDBYTUE4ajZmZU84MjU4dVhyQWNXLjEiIENvcnJlbGF0aW9uQmluZGluZz0iIiBVcmxFbmNvZGU9IlRydWUiIC8+DQogICAgICAgICAgICA8Rm9ybVBvc3RQYXJhbWV0ZXIgTmFtZT0idiIgVmFsdWU9IjIyMDExMDE2MDMiIFJlY29yZGVkVmFsdWU9IjIyMDExMDE2MDMiIENvcnJlbGF0aW9uQmluZGluZz0iIiBVcmxFbmNvZGU9IlRydWUiIC8+DQogICAgICAgICAgICA8Rm9ybVBvc3RQYXJhbWV0ZXIgTmFtZT0iaW5jb2ciIFZhbHVlPSJmYWxzZSIgUmVjb3JkZWRWYWx1ZT0iZmFsc2UiIENvcnJlbGF0aW9uQmluZGluZz0iIiBVcmxFbmNvZGU9IlRydWUiIC8+DQogICAgICAgICAgICA8Rm9ybVBvc3RQYXJhbWV0ZXIgTmFtZT0iemFjdCIgVmFsdWU9InB2IiBSZWNvcmRlZFZhbHVlPSJwdiIgQ29ycmVsYXRpb25CaW5kaW5nPSIiIFVybEVuY29kZT0iVHJ1ZSIgLz4NCiAgICAgICAgICAgIDxGb3JtUG9zdFBhcmFtZXRlciBOYW1lPSJfemFwcCIgVmFsdWU9Im51bGwiIFJlY29yZGVkVmFsdWU9Im51bGwiIENvcnJlbGF0aW9uQmluZGluZz0iIiBVcmxFbmNvZGU9IlRydWUiIC8+DQogICAgICAgICAgICA8Rm9ybVBvc3RQYXJhbWV0ZXIgTmFtZT0iX3ppZG5iYWlkIiBWYWx1ZT0ibnVsbCIgUmVjb3JkZWRWYWx1ZT0ibnVsbCIgQ29ycmVsYXRpb25CaW5kaW5nPSIiIFVybEVuY29kZT0iVHJ1ZSIgLz4NCiAgICAgICAgICA8L0Zvcm1Qb3N0SHR0cEJvZHk+DQogICAgICAgIDwvUmVxdWVzdD4NCiAgICAgIDwvRGVwZW5kZW50UmVxdWVzdHM+DQogICAgICA8SGVhZGVycz4NCiAgICAgICAgPEhlYWRlciBOYW1lPSJSZWZlcmVyIiBWYWx1ZT0iaHR0cDovL3Rob25ndGluZGFvdGFvLnNndS5lZHUudm4vIiAvPg0KICAgICAgPC9IZWFkZXJzPg0KICAgICAgPENvcnJlbGF0aW9uRXh0cmFjdGlvblJ1bGVzPg0KICAgICAgICA8RXh0cmFjdGlvblJ1bGUgQ2xhc3NuYW1lPSJNaWNyb3NvZnQuVmlzdWFsU3R1ZGlvLlRlc3RUb29scy5XZWJUZXN0aW5nLlJ1bGVzLkV4dHJhY3RUZXh0LCBNaWNyb3NvZnQuVmlzdWFsU3R1ZGlvLlF1YWxpdHlUb29scy5XZWJUZXN0RnJhbWV3b3JrLCBWZXJzaW9uPTEwLjAuMC4wLCBDdWx0dXJlPW5ldXRyYWwsIFB1YmxpY0tleVRva2VuPWIwM2Y1ZjdmMTFkNTBhM2EiIFZhcmlhYmxlTmFtZT0iUXVlcnlTdHJpbmdQYXJhbTEucGFnZSIgRGlzcGxheU5hbWU9IiIgRGVzY3JpcHRpb249IiI+DQogICAgICAgICAgPFJ1bGVQYXJhbWV0ZXJzPg0KICAgICAgICAgICAgPFJ1bGVQYXJhbWV0ZXIgTmFtZT0iU3RhcnRzV2l0aCIgVmFsdWU9Ij9wYWdlPSIgLz4NCiAgICAgICAgICAgIDxSdWxlUGFyYW1ldGVyIE5hbWU9IkVuZHNXaXRoIiBWYWx1ZT0iJnF1b3Q7IiAvPg0KICAgICAgICAgICAgPFJ1bGVQYXJhbWV0ZXIgTmFtZT0iSW5kZXgiIFZhbHVlPSIzIiAvPg0KICAgICAgICAgICAgPFJ1bGVQYXJhbWV0ZXIgTmFtZT0iSWdub3JlQ2FzZSIgVmFsdWU9IkZhbHNlIiAvPg0KICAgICAgICAgICAgPFJ1bGVQYXJhbWV0ZXIgTmFtZT0iVXNlUmVndWxhckV4cHJlc3Npb24iIFZhbHVlPSJGYWxzZSIgLz4NCiAgICAgICAgICAgIDxSdWxlUGFyYW1ldGVyIE5hbWU9Ikh0bWxEZWNvZGUiIFZhbHVlPSJUcnVlIiAvPg0KICAgICAgICAgICAgPFJ1bGVQYXJhbWV0ZXIgTmFtZT0iUmVxdWlyZWQiIFZhbHVlPSJGYWxzZSIgLz4NCiAgICAgICAgICA8L1J1bGVQYXJhbWV0ZXJzPg0KICAgICAgICA8L0V4dHJhY3Rpb25SdWxlPg0KICAgICAgPC9Db3JyZWxhdGlvbkV4dHJhY3Rpb25SdWxlcz4NCiAgICAgIDxRdWVyeVN0cmluZ1BhcmFtZXRlcnM+DQogICAgICAgIDxRdWVyeVN0cmluZ1BhcmFtZXRlciBOYW1lPSJwYWdlIiBWYWx1ZT0iZ2lvaXRoaWV1IiBSZWNvcmRlZFZhbHVlPSJnaW9pdGhpZXUiIENvcnJlbGF0aW9uQmluZGluZz0ie3tRdWVyeVN0cmluZ1BhcmFtMi5wYWdlfX0iIFVybEVuY29kZT0iRmFsc2UiIFVzZVRvR3JvdXBSZXN1bHRzPSJGYWxzZSIgLz4NCiAgICAgIDwvUXVlcnlTdHJpbmdQYXJhbWV0ZXJzPg0KICAgIDwvUmVxdWVzdD4NCiAgICA8UmVxdWVzdCBNZXRob2Q9IkdFVCIgR3VpZD0iNDRiMDU3OGEtZDYyNy00OTJlLWI3OGUtMWQ4MWQ0M2UwYTAzIiBWZXJzaW9uPSIxLjEiIFVybD0iaHR0cDovL3Rob25ndGluZGFvdGFvLnNndS5lZHUudm4vRGVmYXVsdC5hc3B4IiBUaGlua1RpbWU9IjAiIFRpbWVvdXQ9IjMwMCIgUGFyc2VEZXBlbmRlbnRSZXF1ZXN0cz0iVHJ1ZSIgRm9sbG93UmVkaXJlY3RzPSJUcnVlIiBSZWNvcmRSZXN1bHQ9IlRydWUiIENhY2hlPSJGYWxzZSIgUmVzcG9uc2VUaW1lR29hbD0iMCIgRW5jb2Rpbmc9InV0Zi04IiBFeHBlY3RlZEh0dHBTdGF0dXNDb2RlPSIwIiBFeHBlY3RlZFJlc3BvbnNlVXJsPSJodHRwOi8vdGhvbmd0aW5kYW90YW8uc2d1LmVkdS52bi9kZWZhdWx0LmFzcHg/cGFnZT1uaGFwbWFzdiZhbXA7ZmxhZz1UaG9pS2hvYUJpZXUiIFJlcG9ydGluZ05hbWU9IiIgSWdub3JlSHR0cFN0YXR1c0NvZGU9IkZhbHNlIj4NCiAgICAgIDxIZWFkZXJzPg0KICAgICAgICA8SGVhZGVyIE5hbWU9IlJlZmVyZXIiIFZhbHVlPSJodHRwOi8vdGhvbmd0aW5kYW90YW8uc2d1LmVkdS52bi9kZWZhdWx0LmFzcHg/cGFnZT1uaGFwbWFzdiZhbXA7ZmxhZz1UaG9pS2hvYUJpZXUiIC8+DQogICAgICA8L0hlYWRlcnM+DQogICAgICA8UXVlcnlTdHJpbmdQYXJhbWV0ZXJzPg0KICAgICAgICA8UXVlcnlTdHJpbmdQYXJhbWV0ZXIgTmFtZT0icGFnZSIgVmFsdWU9InRob2lraG9hYmlldSIgUmVjb3JkZWRWYWx1ZT0idGhvaWtob2FiaWV1IiBDb3JyZWxhdGlvbkJpbmRpbmc9Int7UXVlcnlTdHJpbmdQYXJhbTEucGFnZX19IiBVcmxFbmNvZGU9IkZhbHNlIiBVc2VUb0dyb3VwUmVzdWx0cz0iRmFsc2UiIC8+DQogICAgICA8L1F1ZXJ5U3RyaW5nUGFyYW1ldGVycz4NCiAgICA8L1JlcXVlc3Q+DQogIDwvSXRlbXM+DQogIDxWYWxpZGF0aW9uUnVsZXM+DQogICAgPFZhbGlkYXRpb25SdWxlIENsYXNzbmFtZT0iTWljcm9zb2Z0LlZpc3VhbFN0dWRpby5UZXN0VG9vbHMuV2ViVGVzdGluZy5SdWxlcy5WYWxpZGF0ZVJlc3BvbnNlVXJsLCBNaWNyb3NvZnQuVmlzdWFsU3R1ZGlvLlF1YWxpdHlUb29scy5XZWJUZXN0RnJhbWV3b3JrLCBWZXJzaW9uPTEwLjAuMC4wLCBDdWx0dXJlPW5ldXRyYWwsIFB1YmxpY0tleVRva2VuPWIwM2Y1ZjdmMTFkNTBhM2EiIERpc3BsYXlOYW1lPSJSZXNwb25zZSBVUkwiIERlc2NyaXB0aW9uPSJWYWxpZGF0ZXMgdGhhdCB0aGUgcmVzcG9uc2UgVVJMIGFmdGVyIHJlZGlyZWN0cyBhcmUgZm9sbG93ZWQgaXMgdGhlIHNhbWUgYXMgdGhlIHJlY29yZGVkIHJlc3BvbnNlIFVSTC4gIFF1ZXJ5U3RyaW5nIHBhcmFtZXRlcnMgYXJlIGlnbm9yZWQuIiBMZXZlbD0iTG93IiBFeGVjdHVpb25PcmRlcj0iQmVmb3JlRGVwZW5kZW50cyIgLz4NCiAgICA8VmFsaWRhdGlvblJ1bGUgQ2xhc3NuYW1lPSJNaWNyb3NvZnQuVmlzdWFsU3R1ZGlvLlRlc3RUb29scy5XZWJUZXN0aW5nLlJ1bGVzLlZhbGlkYXRpb25SdWxlUmVzcG9uc2VUaW1lR29hbCwgTWljcm9zb2Z0LlZpc3VhbFN0dWRpby5RdWFsaXR5VG9vbHMuV2ViVGVzdEZyYW1ld29yaywgVmVyc2lvbj0xMC4wLjAuMCwgQ3VsdHVyZT1uZXV0cmFsLCBQdWJsaWNLZXlUb2tlbj1iMDNmNWY3ZjExZDUwYTNhIiBEaXNwbGF5TmFtZT0iUmVzcG9uc2UgVGltZSBHb2FsIiBEZXNjcmlwdGlvbj0iVmFsaWRhdGVzIHRoYXQgdGhlIHJlc3BvbnNlIHRpbWUgZm9yIHRoZSByZXF1ZXN0IGlzIGxlc3MgdGhhbiBvciBlcXVhbCB0byB0aGUgcmVzcG9uc2UgdGltZSBnb2FsIGFzIHNwZWNpZmllZCBvbiB0aGUgcmVxdWVzdC4gIFJlc3BvbnNlIHRpbWUgZ29hbHMgb2YgemVybyB3aWxsIGJlIGlnbm9yZWQuIiBMZXZlbD0iTG93IiBFeGVjdHVpb25PcmRlcj0iQWZ0ZXJEZXBlbmRlbnRzIj4NCiAgICAgIDxSdWxlUGFyYW1ldGVycz4NCiAgICAgICAgPFJ1bGVQYXJhbWV0ZXIgTmFtZT0iVG9sZXJhbmNlIiBWYWx1ZT0iMCIgLz4NCiAgICAgIDwvUnVsZVBhcmFtZXRlcnM+DQogICAgPC9WYWxpZGF0aW9uUnVsZT4NCiAgPC9WYWxpZGF0aW9uUnVsZXM+DQo8L1dlYlRlc3Q+">
      <Execution id="379a471b-a43f-42bc-9692-c9affa3e92ac" />
    </WebTest>
  </TestDefinitions>
  <TestLists>
    <TestList name="Results Not in a List" id="8c84fa94-04c1-424b-9868-57a2d4851a1d" />
    <TestList name="All Loaded Results" id="19431567-8539-422a-85d7-44ee4e166bda" />
  </TestLists>
  <TestEntries>
    <TestEntry isTransparent="false" testId="2f0d84a9-71bf-46ea-b4bf-bb7c1da5efc7" executionId="379a471b-a43f-42bc-9692-c9affa3e92ac" testListId="8c84fa94-04c1-424b-9868-57a2d4851a1d" />
  </TestEntries>
  <Results>
    <WebTestResult executionId="379a471b-a43f-42bc-9692-c9affa3e92ac" testId="2f0d84a9-71bf-46ea-b4bf-bb7c1da5efc7" testName="WebTest1" computerName="LAPTOP-A3HHO4HD" duration="00:00:00.9336805" startTime="2022-04-12T13:36:00.7864974+07:00" endTime="2022-04-12T13:36:12.3693156+07:00" testType="4e7599fa-5ecb-43e9-a887-cd63cf72d207" outcome="Passed" testListId="8c84fa94-04c1-424b-9868-57a2d4851a1d" relativeResultsDirectory="379a471b-a43f-42bc-9692-c9affa3e92ac">
      <ResultFiles>
        <ResultFile path="WebTest1.webtestResult" />
      </ResultFiles>
      <TestSettings name="Local" id="a8e0cb6a-baa9-45ff-8db4-a9edfcb72e0f">
        <Description>These are default test settings for a local test run.</Description>
        <Execution hostProcessPlatform="MSIL">
          <TestTypeSpecific>
            <WebTestRunConfiguration testTypeId="4e7599fa-5ecb-43e9-a887-cd63cf72d207">
              <Browser name="Internet Explorer 9.0" MaxConnections="6">
                <Headers>
                  <Header name="User-Agent" value="Mozilla/5.0 (compatible; MSIE 9.0; Windows NT 6.1; Trident/5.0)" />
                  <Header name="Accept" value="*/*" />
                  <Header name="Accept-Language" value="{{$IEAcceptLanguage}}" />
                  <Header name="Accept-Encoding" value="GZIP" />
                </Headers>
              </Browser>
            </WebTestRunConfiguration>
          </TestTypeSpecific>
          <AgentRule name="Execution Agents">
          </AgentRule>
        </Execution>
        <Deployment runDeploymentRoot="Nghia_LAPTOP-A3HHO4HD 2022-04-12 13_36_00" />
        <Properties>
          <Property name="TestSettingsUIType" value="LoadTest" />
        </Properties>
      </TestSettings>
      <WebTestResultFilePath>Nghia_LAPTOP-A3HHO4HD 2022-04-12 13_36_00\In\379a471b-a43f-42bc-9692-c9affa3e92ac\WebTest1.webtestResult</WebTestResultFilePath>
    </WebTestResult>
  </Results>
</TestRun>