<?xml version="1.0" encoding="UTF-8"?>
<TestRun id="68f1a204-83f2-4f2f-831c-b56513f7a37a" name="Nghia@LAPTOP-A3HHO4HD 2022-04-12 13:36:54" runUser="LAPTOP-A3HHO4HD\Nghia" xmlns="http://microsoft.com/schemas/VisualStudio/TeamTest/2010">
  <TestSettings name="Local" id="a8e0cb6a-baa9-45ff-8db4-a9edfcb72e0f">
    <Description>These are default test settings for a local test run.</Description>
    <Execution hostProcessPlatform="MSIL">
      <TestTypeSpecific />
      <AgentRule name="Execution Agents">
      </AgentRule>
    </Execution>
    <Deployment runDeploymentRoot="Nghia_LAPTOP-A3HHO4HD 2022-04-12 13_36_54" />
    <Properties>
      <Property name="TestSettingsUIType" value="LoadTest" />
    </Properties>
  </TestSettings>
  <Times creation="2022-04-12T13:36:54.2399276+07:00" queuing="2022-04-12T13:36:54.4755501+07:00" start="2022-04-12T13:36:54.5383689+07:00" finish="2022-04-12T13:37:14.5211082+07:00" />
  <ResultSummary outcome="Completed">
    <Counters total="1" executed="1" passed="1" error="0" failed="0" timeout="0" aborted="0" inconclusive="0" passedButRunAborted="0" notRunnable="0" notExecuted="0" disconnected="0" warning="0" completed="0" inProgress="0" pending="0" />
  </ResultSummary>
  <TestDefinitions>
    <WebTest name="WebTest1" storage="c:\users\nghia\source\repos\webandloadtestproject2\webandloadtestproject2\webtest1.webtest" id="ff9a78a0-db97-4fba-b4b1-66a4bda361e2" persistedWebTest="77u/PD94bWwgdmVyc2lvbj0iMS4wIiBlbmNvZGluZz0iVVRGLTgiIHN0YW5kYWxvbmU9InllcyI/Pg0KPFdlYlRlc3QgTmFtZT0iV2ViVGVzdDEiIElkPSJmZjlhNzhhMC1kYjk3LTRmYmEtYjRiMS02NmE0YmRhMzYxZTIiIE93bmVyPSIiIFByaW9yaXR5PSIyMTQ3NDgzNjQ3IiBFbmFibGVkPSJUcnVlIiBDc3NQcm9qZWN0U3RydWN0dXJlPSIiIENzc0l0ZXJhdGlvbj0iIiBUaW1lb3V0PSIwIiBXb3JrSXRlbUlkcz0iIiB4bWxucz0iaHR0cDovL21pY3Jvc29mdC5jb20vc2NoZW1hcy9WaXN1YWxTdHVkaW8vVGVhbVRlc3QvMjAxMCIgRGVzY3JpcHRpb249IiIgQ3JlZGVudGlhbFVzZXJOYW1lPSIiIENyZWRlbnRpYWxQYXNzd29yZD0iIiBQcmVBdXRoZW50aWNhdGU9IlRydWUiIFByb3h5PSJkZWZhdWx0IiBTdG9wT25FcnJvcj0iRmFsc2UiIFJlY29yZGVkUmVzdWx0RmlsZT0iV2ViVGVzdDEuZTg0ZDQ4MzItYTQ5ZC00OTFhLTllMGQtMjkwNGQ4MDBiZWFmLnJlYy53ZWJ0ZXN0cmVzdWx0IiBSZXN1bHRzTG9jYWxlPSIiPg0KICA8SXRlbXM+DQogICAgPFJlcXVlc3QgTWV0aG9kPSJHRVQiIEd1aWQ9IjhjY2FhYmJmLTYxNzgtNGI0OS1hNThkLTNkMTAwNTE4ZTdmZiIgVmVyc2lvbj0iMS4xIiBVcmw9Imh0dHBzOi8vYXBpLmJpbmcuY29tL3FzbWwuYXNweCIgVGhpbmtUaW1lPSIyIiBUaW1lb3V0PSIzMDAiIFBhcnNlRGVwZW5kZW50UmVxdWVzdHM9IlRydWUiIEZvbGxvd1JlZGlyZWN0cz0iVHJ1ZSIgUmVjb3JkUmVzdWx0PSJUcnVlIiBDYWNoZT0iRmFsc2UiIFJlc3BvbnNlVGltZUdvYWw9IjAiIEVuY29kaW5nPSJ1dGYtOCIgRXhwZWN0ZWRIdHRwU3RhdHVzQ29kZT0iMCIgRXhwZWN0ZWRSZXNwb25zZVVybD0iIiBSZXBvcnRpbmdOYW1lPSIiIElnbm9yZUh0dHBTdGF0dXNDb2RlPSJGYWxzZSI+DQogICAgICA8Q29ycmVsYXRpb25FeHRyYWN0aW9uUnVsZXM+DQogICAgICAgIDxFeHRyYWN0aW9uUnVsZSBDbGFzc25hbWU9Ik1pY3Jvc29mdC5WaXN1YWxTdHVkaW8uVGVzdFRvb2xzLldlYlRlc3RpbmcuUnVsZXMuRXh0cmFjdFRleHQsIE1pY3Jvc29mdC5WaXN1YWxTdHVkaW8uUXVhbGl0eVRvb2xzLldlYlRlc3RGcmFtZXdvcmssIFZlcnNpb249MTAuMC4wLjAsIEN1bHR1cmU9bmV1dHJhbCwgUHVibGljS2V5VG9rZW49YjAzZjVmN2YxMWQ1MGEzYSIgVmFyaWFibGVOYW1lPSJGb3JtUG9zdFBhcmFtMS56Y2giIERpc3BsYXlOYW1lPSIiIERlc2NyaXB0aW9uPSIiPg0KICAgICAgICAgIDxSdWxlUGFyYW1ldGVycz4NCiAgICAgICAgICAgIDxSdWxlUGFyYW1ldGVyIE5hbWU9IlN0YXJ0c1dpdGgiIFZhbHVlPSJpbmc9JnF1b3Q7IiAvPg0KICAgICAgICAgICAgPFJ1bGVQYXJhbWV0ZXIgTmFtZT0iRW5kc1dpdGgiIFZhbHVlPSImcXVvdDsgPyZndDsmbHQ7IiAvPg0KICAgICAgICAgICAgPFJ1bGVQYXJhbWV0ZXIgTmFtZT0iSW5kZXgiIFZhbHVlPSIwIiAvPg0KICAgICAgICAgICAgPFJ1bGVQYXJhbWV0ZXIgTmFtZT0iSWdub3JlQ2FzZSIgVmFsdWU9IkZhbHNlIiAvPg0KICAgICAgICAgICAgPFJ1bGVQYXJhbWV0ZXIgTmFtZT0iVXNlUmVndWxhckV4cHJlc3Npb24iIFZhbHVlPSJGYWxzZSIgLz4NCiAgICAgICAgICAgIDxSdWxlUGFyYW1ldGVyIE5hbWU9Ikh0bWxEZWNvZGUiIFZhbHVlPSJUcnVlIiAvPg0KICAgICAgICAgICAgPFJ1bGVQYXJhbWV0ZXIgTmFtZT0iUmVxdWlyZWQiIFZhbHVlPSJGYWxzZSIgLz4NCiAgICAgICAgICA8L1J1bGVQYXJhbWV0ZXJzPg0KICAgICAgICA8L0V4dHJhY3Rpb25SdWxlPg0KICAgICAgPC9Db3JyZWxhdGlvbkV4dHJhY3Rpb25SdWxlcz4NCiAgICA8L1JlcXVlc3Q+DQogICAgPFJlcXVlc3QgTWV0aG9kPSJQT1NUIiBHdWlkPSJjMDRiYjJiYi1iNmUzLTQ5NzAtYjNiZC1jMmJjZWMzYWEzNzQiIFZlcnNpb249IjEuMSIgVXJsPSJodHRwOi8vd3d3Lm1pY3Jvc29mdHRyYW5zbGF0b3IuY29tL0JWUHJldi5hc3B4IiBUaGlua1RpbWU9IjMiIFRpbWVvdXQ9IjMwMCIgUGFyc2VEZXBlbmRlbnRSZXF1ZXN0cz0iVHJ1ZSIgRm9sbG93UmVkaXJlY3RzPSJUcnVlIiBSZWNvcmRSZXN1bHQ9IlRydWUiIENhY2hlPSJGYWxzZSIgUmVzcG9uc2VUaW1lR29hbD0iMCIgRW5jb2Rpbmc9InV0Zi04IiBFeHBlY3RlZEh0dHBTdGF0dXNDb2RlPSIwIiBFeHBlY3RlZFJlc3BvbnNlVXJsPSIiIFJlcG9ydGluZ05hbWU9IiIgSWdub3JlSHR0cFN0YXR1c0NvZGU9IkZhbHNlIj4NCiAgICAgIDxRdWVyeVN0cmluZ1BhcmFtZXRlcnM+DQogICAgICAgIDxRdWVyeVN0cmluZ1BhcmFtZXRlciBOYW1lPSJyZWYiIFZhbHVlPSJJRThBY3Rpdml0eSIgUmVjb3JkZWRWYWx1ZT0iSUU4QWN0aXZpdHkiIENvcnJlbGF0aW9uQmluZGluZz0iIiBVcmxFbmNvZGU9IkZhbHNlIiBVc2VUb0dyb3VwUmVzdWx0cz0iRmFsc2UiIC8+DQogICAgICA8L1F1ZXJ5U3RyaW5nUGFyYW1ldGVycz4NCiAgICAgIDxGb3JtUG9zdEh0dHBCb2R5Pg0KICAgICAgICA8Rm9ybVBvc3RQYXJhbWV0ZXIgTmFtZT0iU291cmNlVVJMIiBWYWx1ZT0iYWJvdXQ6YmxhbmsiIFJlY29yZGVkVmFsdWU9ImFib3V0OmJsYW5rIiBDb3JyZWxhdGlvbkJpbmRpbmc9IiIgVXJsRW5jb2RlPSJUcnVlIiAvPg0KICAgICAgPC9Gb3JtUG9zdEh0dHBCb2R5Pg0KICAgIDwvUmVxdWVzdD4NCiAgICA8UmVxdWVzdCBNZXRob2Q9IkdFVCIgR3VpZD0iMThmNDJkNzUtNWM3My00OWM3LTk2MTctYzk3YmIzYzNhZjg3IiBWZXJzaW9uPSIxLjEiIFVybD0iaHR0cDovL3Rob25ndGluZGFvdGFvLnNndS5lZHUudm4vIiBUaGlua1RpbWU9IjEiIFRpbWVvdXQ9IjMwMCIgUGFyc2VEZXBlbmRlbnRSZXF1ZXN0cz0iVHJ1ZSIgRm9sbG93UmVkaXJlY3RzPSJUcnVlIiBSZWNvcmRSZXN1bHQ9IlRydWUiIENhY2hlPSJGYWxzZSIgUmVzcG9uc2VUaW1lR29hbD0iMCIgRW5jb2Rpbmc9InV0Zi04IiBFeHBlY3RlZEh0dHBTdGF0dXNDb2RlPSIwIiBFeHBlY3RlZFJlc3BvbnNlVXJsPSIiIFJlcG9ydGluZ05hbWU9IiIgSWdub3JlSHR0cFN0YXR1c0NvZGU9IkZhbHNlIj4NCiAgICAgIDxEZXBlbmRlbnRSZXF1ZXN0cz4NCiAgICAgICAgPFJlcXVlc3QgTWV0aG9kPSJQT1NUIiBHdWlkPSIzZjE2YzI5MC03OGI4LTQ0N2YtYmZjZS1iOTI0Y2QyOWFlM2MiIFZlcnNpb249IjEuMSIgVXJsPSJodHRwczovL3phLnphbG8ubWUvdjMvdy90IiBUaGlua1RpbWU9IjAiIFRpbWVvdXQ9IjMwMCIgUGFyc2VEZXBlbmRlbnRSZXF1ZXN0cz0iVHJ1ZSIgRm9sbG93UmVkaXJlY3RzPSJUcnVlIiBSZWNvcmRSZXN1bHQ9IlRydWUiIENhY2hlPSJGYWxzZSIgUmVzcG9uc2VUaW1lR29hbD0iMCIgRW5jb2Rpbmc9InV0Zi04IiBFeHBlY3RlZEh0dHBTdGF0dXNDb2RlPSIwIiBFeHBlY3RlZFJlc3BvbnNlVXJsPSIiIFJlcG9ydGluZ05hbWU9IiIgSWdub3JlSHR0cFN0YXR1c0NvZGU9IkZhbHNlIj4NCiAgICAgICAgICA8SGVhZGVycz4NCiAgICAgICAgICAgIDxIZWFkZXIgTmFtZT0iUmVmZXJlciIgVmFsdWU9Imh0dHA6Ly90aG9uZ3RpbmRhb3Rhby5zZ3UuZWR1LnZuLyIgLz4NCiAgICAgICAgICA8L0hlYWRlcnM+DQogICAgICAgICAgPEZvcm1Qb3N0SHR0cEJvZHk+DQogICAgICAgICAgICA8Rm9ybVBvc3RQYXJhbWV0ZXIgTmFtZT0iemwiIFZhbHVlPSJodHRwOi8vdGhvbmd0aW5kYW90YW8uc2d1LmVkdS52bi8iIFJlY29yZGVkVmFsdWU9Imh0dHA6Ly90aG9uZ3RpbmRhb3Rhby5zZ3UuZWR1LnZuLyIgQ29ycmVsYXRpb25CaW5kaW5nPSIiIFVybEVuY29kZT0iVHJ1ZSIgLz4NCiAgICAgICAgICAgIDxGb3JtUG9zdFBhcmFtZXRlciBOYW1lPSJ6cmYiIFZhbHVlPSIiIFJlY29yZGVkVmFsdWU9IiIgQ29ycmVsYXRpb25CaW5kaW5nPSIiIFVybEVuY29kZT0iVHJ1ZSIgLz4NCiAgICAgICAgICAgIDxGb3JtUG9zdFBhcmFtZXRlciBOYW1lPSJ6Y2giIFZhbHVlPSJ1dGYtOCIgUmVjb3JkZWRWYWx1ZT0idXRmLTgiIENvcnJlbGF0aW9uQmluZGluZz0ie3tGb3JtUG9zdFBhcmFtMS56Y2h9fSIgVXJsRW5jb2RlPSJUcnVlIiAvPg0KICAgICAgICAgICAgPEZvcm1Qb3N0UGFyYW1ldGVyIE5hbWU9Inp0cyIgVmFsdWU9IjE2NDk3NDU0MDA5NTEiIFJlY29yZGVkVmFsdWU9IjE2NDk3NDU0MDA5NTEiIENvcnJlbGF0aW9uQmluZGluZz0iIiBVcmxFbmNvZGU9IlRydWUiIC8+DQogICAgICAgICAgICA8Rm9ybVBvc3RQYXJhbWV0ZXIgTmFtZT0iem9zIiBWYWx1ZT0iV2luZG93cyIgUmVjb3JkZWRWYWx1ZT0iV2luZG93cyIgQ29ycmVsYXRpb25CaW5kaW5nPSIiIFVybEVuY29kZT0iVHJ1ZSIgLz4NCiAgICAgICAgICAgIDxGb3JtUG9zdFBhcmFtZXRlciBOYW1lPSJ6bGEiIFZhbHVlPSJlbi1VUywiIFJlY29yZGVkVmFsdWU9ImVuLVVTLCIgQ29ycmVsYXRpb25CaW5kaW5nPSIiIFVybEVuY29kZT0iVHJ1ZSIgLz4NCiAgICAgICAgICAgIDxGb3JtUG9zdFBhcmFtZXRlciBOYW1lPSJfX3ppIiBWYWx1ZT0iMjAwMC5TU1p6ZWp5RDJ6YS1uRWtYdG1xT3FzZDZseC1IMG0ySERUSXJlT0QxNGVTZHMta2dZbUhTWllWTXhBVTAwWE1BOGo2ZmVPODI1OHVYckFjVy4xIiBSZWNvcmRlZFZhbHVlPSIyMDAwLlNTWnplanlEMnphLW5Fa1h0bXFPcXNkNmx4LUgwbTJIRFRJcmVPRDE0ZVNkcy1rZ1ltSFNaWVZNeEFVMDBYTUE4ajZmZU84MjU4dVhyQWNXLjEiIENvcnJlbGF0aW9uQmluZGluZz0iIiBVcmxFbmNvZGU9IlRydWUiIC8+DQogICAgICAgICAgICA8Rm9ybVBvc3RQYXJhbWV0ZXIgTmFtZT0idiIgVmFsdWU9IjIyMDExMDE2MDMiIFJlY29yZGVkVmFsdWU9IjIyMDExMDE2MDMiIENvcnJlbGF0aW9uQmluZGluZz0iIiBVcmxFbmNvZGU9IlRydWUiIC8+DQogICAgICAgICAgICA8Rm9ybVBvc3RQYXJhbWV0ZXIgTmFtZT0iaW5jb2ciIFZhbHVlPSJmYWxzZSIgUmVjb3JkZWRWYWx1ZT0iZmFsc2UiIENvcnJlbGF0aW9uQmluZGluZz0iIiBVcmxFbmNvZGU9IlRydWUiIC8+DQogICAgICAgICAgICA8Rm9ybVBvc3RQYXJhbWV0ZXIgTmFtZT0iemFjdCIgVmFsdWU9InB2IiBSZWNvcmRlZFZhbHVlPSJwdiIgQ29ycmVsYXRpb25CaW5kaW5nPSIiIFVybEVuY29kZT0iVHJ1ZSIgLz4NCiAgICAgICAgICAgIDxGb3JtUG9zdFBhcmFtZXRlciBOYW1lPSJfemFwcCIgVmFsdWU9Im51bGwiIFJlY29yZGVkVmFsdWU9Im51bGwiIENvcnJlbGF0aW9uQmluZGluZz0iIiBVcmxFbmNvZGU9IlRydWUiIC8+DQogICAgICAgICAgICA8Rm9ybVBvc3RQYXJhbWV0ZXIgTmFtZT0iX3ppZG5iYWlkIiBWYWx1ZT0ibnVsbCIgUmVjb3JkZWRWYWx1ZT0ibnVsbCIgQ29ycmVsYXRpb25CaW5kaW5nPSIiIFVybEVuY29kZT0iVHJ1ZSIgLz4NCiAgICAgICAgICA8L0Zvcm1Qb3N0SHR0cEJvZHk+DQogICAgICAgIDwvUmVxdWVzdD4NCiAgICAgIDwvRGVwZW5kZW50UmVxdWVzdHM+DQogICAgPC9SZXF1ZXN0Pg0KICA8L0l0ZW1zPg0KICA8VmFsaWRhdGlvblJ1bGVzPg0KICAgIDxWYWxpZGF0aW9uUnVsZSBDbGFzc25hbWU9Ik1pY3Jvc29mdC5WaXN1YWxTdHVkaW8uVGVzdFRvb2xzLldlYlRlc3RpbmcuUnVsZXMuVmFsaWRhdGVSZXNwb25zZVVybCwgTWljcm9zb2Z0LlZpc3VhbFN0dWRpby5RdWFsaXR5VG9vbHMuV2ViVGVzdEZyYW1ld29yaywgVmVyc2lvbj0xMC4wLjAuMCwgQ3VsdHVyZT1uZXV0cmFsLCBQdWJsaWNLZXlUb2tlbj1iMDNmNWY3ZjExZDUwYTNhIiBEaXNwbGF5TmFtZT0iUmVzcG9uc2UgVVJMIiBEZXNjcmlwdGlvbj0iVmFsaWRhdGVzIHRoYXQgdGhlIHJlc3BvbnNlIFVSTCBhZnRlciByZWRpcmVjdHMgYXJlIGZvbGxvd2VkIGlzIHRoZSBzYW1lIGFzIHRoZSByZWNvcmRlZCByZXNwb25zZSBVUkwuICBRdWVyeVN0cmluZyBwYXJhbWV0ZXJzIGFyZSBpZ25vcmVkLiIgTGV2ZWw9IkxvdyIgRXhlY3R1aW9uT3JkZXI9IkJlZm9yZURlcGVuZGVudHMiIC8+DQogICAgPFZhbGlkYXRpb25SdWxlIENsYXNzbmFtZT0iTWljcm9zb2Z0LlZpc3VhbFN0dWRpby5UZXN0VG9vbHMuV2ViVGVzdGluZy5SdWxlcy5WYWxpZGF0aW9uUnVsZVJlc3BvbnNlVGltZUdvYWwsIE1pY3Jvc29mdC5WaXN1YWxTdHVkaW8uUXVhbGl0eVRvb2xzLldlYlRlc3RGcmFtZXdvcmssIFZlcnNpb249MTAuMC4wLjAsIEN1bHR1cmU9bmV1dHJhbCwgUHVibGljS2V5VG9rZW49YjAzZjVmN2YxMWQ1MGEzYSIgRGlzcGxheU5hbWU9IlJlc3BvbnNlIFRpbWUgR29hbCIgRGVzY3JpcHRpb249IlZhbGlkYXRlcyB0aGF0IHRoZSByZXNwb25zZSB0aW1lIGZvciB0aGUgcmVxdWVzdCBpcyBsZXNzIHRoYW4gb3IgZXF1YWwgdG8gdGhlIHJlc3BvbnNlIHRpbWUgZ29hbCBhcyBzcGVjaWZpZWQgb24gdGhlIHJlcXVlc3QuICBSZXNwb25zZSB0aW1lIGdvYWxzIG9mIHplcm8gd2lsbCBiZSBpZ25vcmVkLiIgTGV2ZWw9IkxvdyIgRXhlY3R1aW9uT3JkZXI9IkFmdGVyRGVwZW5kZW50cyI+DQogICAgICA8UnVsZVBhcmFtZXRlcnM+DQogICAgICAgIDxSdWxlUGFyYW1ldGVyIE5hbWU9IlRvbGVyYW5jZSIgVmFsdWU9IjAiIC8+DQogICAgICA8L1J1bGVQYXJhbWV0ZXJzPg0KICAgIDwvVmFsaWRhdGlvblJ1bGU+DQogIDwvVmFsaWRhdGlvblJ1bGVzPg0KPC9XZWJUZXN0Pg==">
      <Execution id="c1c99f16-1bb2-4b5d-b743-830c5a7ac242" />
    </WebTest>
  </TestDefinitions>
  <TestLists>
    <TestList name="Results Not in a List" id="8c84fa94-04c1-424b-9868-57a2d4851a1d" />
    <TestList name="All Loaded Results" id="19431567-8539-422a-85d7-44ee4e166bda" />
  </TestLists>
  <TestEntries>
    <TestEntry isTransparent="false" testId="ff9a78a0-db97-4fba-b4b1-66a4bda361e2" executionId="c1c99f16-1bb2-4b5d-b743-830c5a7ac242" testListId="8c84fa94-04c1-424b-9868-57a2d4851a1d" />
  </TestEntries>
  <Results>
    <WebTestResult executionId="c1c99f16-1bb2-4b5d-b743-830c5a7ac242" testId="ff9a78a0-db97-4fba-b4b1-66a4bda361e2" testName="WebTest1" computerName="LAPTOP-A3HHO4HD" duration="00:00:09.2502008" startTime="2022-04-12T13:36:54.6440881+07:00" endTime="2022-04-12T13:37:14.4971709+07:00" testType="4e7599fa-5ecb-43e9-a887-cd63cf72d207" outcome="Passed" testListId="8c84fa94-04c1-424b-9868-57a2d4851a1d" relativeResultsDirectory="c1c99f16-1bb2-4b5d-b743-830c5a7ac242">
      <ResultFiles>
        <ResultFile path="WebTest1.webtestResult" />
      </ResultFiles>
      <TestSettings name="Local" id="a8e0cb6a-baa9-45ff-8db4-a9edfcb72e0f">
        <Description>These are default test settings for a local test run.</Description>
        <Execution hostProcessPlatform="MSIL">
          <TestTypeSpecific>
            <WebTestRunConfiguration testTypeId="4e7599fa-5ecb-43e9-a887-cd63cf72d207">
              <Browser name="Internet Explorer 9.0" MaxConnections="6">
                <Headers>
                  <Header name="User-Agent" value="Mozilla/5.0 (compatible; MSIE 9.0; Windows NT 6.1; Trident/5.0)" />
                  <Header name="Accept" value="*/*" />
                  <Header name="Accept-Language" value="{{$IEAcceptLanguage}}" />
                  <Header name="Accept-Encoding" value="GZIP" />
                </Headers>
              </Browser>
            </WebTestRunConfiguration>
          </TestTypeSpecific>
          <AgentRule name="Execution Agents">
          </AgentRule>
        </Execution>
        <Deployment runDeploymentRoot="Nghia_LAPTOP-A3HHO4HD 2022-04-12 13_36_54" />
        <Properties>
          <Property name="TestSettingsUIType" value="LoadTest" />
        </Properties>
      </TestSettings>
      <WebTestResultFilePath>Nghia_LAPTOP-A3HHO4HD 2022-04-12 13_36_54\In\c1c99f16-1bb2-4b5d-b743-830c5a7ac242\WebTest1.webtestResult</WebTestResultFilePath>
    </WebTestResult>
  </Results>
</TestRun>